[2023-09-21T09:47:09.018+0000] {taskinstance.py:1157} INFO - Dependencies all met for dep_context=non-requeueable deps ti=<TaskInstance: main_dag.run_dbt manual__2023-09-21T09:45:11.206051+00:00 [queued]>
[2023-09-21T09:47:09.034+0000] {taskinstance.py:1157} INFO - Dependencies all met for dep_context=requeueable deps ti=<TaskInstance: main_dag.run_dbt manual__2023-09-21T09:45:11.206051+00:00 [queued]>
[2023-09-21T09:47:09.034+0000] {taskinstance.py:1359} INFO - Starting attempt 1 of 1
[2023-09-21T09:47:09.068+0000] {taskinstance.py:1380} INFO - Executing <Task(BashOperator): run_dbt> on 2023-09-21 09:45:11.206051+00:00
[2023-09-21T09:47:09.078+0000] {standard_task_runner.py:57} INFO - Started process 277 to run task
[2023-09-21T09:47:09.082+0000] {standard_task_runner.py:84} INFO - Running: ['***', 'tasks', 'run', 'main_dag', 'run_dbt', 'manual__2023-09-21T09:45:11.206051+00:00', '--job-id', '70', '--raw', '--subdir', 'DAGS_FOLDER/main_dag.py', '--cfg-path', '/tmp/tmpo41vd5n6']
[2023-09-21T09:47:09.086+0000] {standard_task_runner.py:85} INFO - Job 70: Subtask run_dbt
[2023-09-21T09:47:09.170+0000] {task_command.py:415} INFO - Running <TaskInstance: main_dag.run_dbt manual__2023-09-21T09:45:11.206051+00:00 [running]> on host 2cbbdff68ad8
[2023-09-21T09:47:09.306+0000] {taskinstance.py:1660} INFO - Exporting env vars: AIRFLOW_CTX_DAG_OWNER='***' AIRFLOW_CTX_DAG_ID='main_dag' AIRFLOW_CTX_TASK_ID='run_dbt' AIRFLOW_CTX_EXECUTION_DATE='2023-09-21T09:45:11.206051+00:00' AIRFLOW_CTX_TRY_NUMBER='1' AIRFLOW_CTX_DAG_RUN_ID='manual__2023-09-21T09:45:11.206051+00:00'
[2023-09-21T09:47:09.310+0000] {subprocess.py:63} INFO - Tmp dir root location: /tmp
[2023-09-21T09:47:09.311+0000] {subprocess.py:75} INFO - Running command: ['/bin/bash', '-c', 'dbt run --profiles-dir /.dbt --project-dir /dbt_project']
[2023-09-21T09:47:09.330+0000] {subprocess.py:86} INFO - Output:
[2023-09-21T09:47:14.546+0000] {subprocess.py:93} INFO - [0m09:47:14  Running with dbt=1.5.3
[2023-09-21T09:47:14.834+0000] {subprocess.py:93} INFO - [0m09:47:14  Registered adapter: postgres=1.5.3
[2023-09-21T09:47:15.154+0000] {subprocess.py:93} INFO - [0m09:47:15  [[33mWARNING[0m]: Configuration paths exist in your dbt_project.yml file which do not apply to any resources.
[2023-09-21T09:47:15.154+0000] {subprocess.py:93} INFO - There are 1 unused configuration paths:
[2023-09-21T09:47:15.155+0000] {subprocess.py:93} INFO - - models.dbt_supermarket_data_engineering.example
[2023-09-21T09:47:15.214+0000] {subprocess.py:93} INFO - [0m09:47:15  Found 5 models, 0 tests, 1 snapshot, 0 analyses, 718 macros, 0 operations, 0 seed files, 1 source, 0 exposures, 0 metrics, 0 groups
[2023-09-21T09:47:15.219+0000] {subprocess.py:93} INFO - [0m09:47:15
[2023-09-21T09:47:15.442+0000] {subprocess.py:93} INFO - [0m09:47:15  Concurrency: 1 threads (target='dev')
[2023-09-21T09:47:15.443+0000] {subprocess.py:93} INFO - [0m09:47:15
[2023-09-21T09:47:15.453+0000] {subprocess.py:93} INFO - [0m09:47:15  1 of 5 START sql incremental model public.dim_product_descriptions ............. [RUN]
[2023-09-21T09:47:16.083+0000] {subprocess.py:93} INFO - [0m09:47:16  1 of 5 OK created sql incremental model public.dim_product_descriptions ........ [[32mINSERT 0 637[0m in 0.63s]
[2023-09-21T09:47:16.086+0000] {subprocess.py:93} INFO - [0m09:47:16  2 of 5 START sql incremental model public.fct_product_prices ................... [RUN]
[2023-09-21T09:47:16.319+0000] {subprocess.py:93} INFO - [0m09:47:16  2 of 5 OK created sql incremental model public.fct_product_prices .............. [[32mINSERT 0 637[0m in 0.23s]
[2023-09-21T09:47:16.325+0000] {subprocess.py:93} INFO - [0m09:47:16  3 of 5 START sql incremental model public.fct_product_specials ................. [RUN]
[2023-09-21T09:47:16.527+0000] {subprocess.py:93} INFO - [0m09:47:16  3 of 5 OK created sql incremental model public.fct_product_specials ............ [[32mINSERT 0 199[0m in 0.20s]
[2023-09-21T09:47:16.532+0000] {subprocess.py:93} INFO - [0m09:47:16  4 of 5 START sql incremental model public.mart_pricing_over_time ............... [RUN]
[2023-09-21T09:47:16.699+0000] {subprocess.py:93} INFO - [0m09:47:16  4 of 5 OK created sql incremental model public.mart_pricing_over_time .......... [[32mINSERT 0 637[0m in 0.16s]
[2023-09-21T09:47:16.704+0000] {subprocess.py:93} INFO - [0m09:47:16  5 of 5 START sql incremental model public.mart_specials_over_time .............. [RUN]
[2023-09-21T09:47:16.904+0000] {subprocess.py:93} INFO - [0m09:47:16  5 of 5 OK created sql incremental model public.mart_specials_over_time ......... [[32mINSERT 0 199[0m in 0.20s]
[2023-09-21T09:47:16.944+0000] {subprocess.py:93} INFO - [0m09:47:16
[2023-09-21T09:47:16.946+0000] {subprocess.py:93} INFO - [0m09:47:16  Finished running 5 incremental models in 0 hours 0 minutes and 1.72 seconds (1.72s).
[2023-09-21T09:47:16.998+0000] {subprocess.py:93} INFO - [0m09:47:16
[2023-09-21T09:47:17.001+0000] {subprocess.py:93} INFO - [0m09:47:17  [32mCompleted successfully[0m
[2023-09-21T09:47:17.003+0000] {subprocess.py:93} INFO - [0m09:47:17
[2023-09-21T09:47:17.004+0000] {subprocess.py:93} INFO - [0m09:47:17  Done. PASS=5 WARN=0 ERROR=0 SKIP=0 TOTAL=5
[2023-09-21T09:47:20.596+0000] {subprocess.py:97} INFO - Command exited with return code 0
[2023-09-21T09:47:20.740+0000] {taskinstance.py:1398} INFO - Marking task as SUCCESS. dag_id=main_dag, task_id=run_dbt, execution_date=20230921T094511, start_date=20230921T094709, end_date=20230921T094720
[2023-09-21T09:47:20.852+0000] {local_task_job_runner.py:228} INFO - Task exited with return code 0
[2023-09-21T09:47:20.911+0000] {taskinstance.py:2776} INFO - 1 downstream tasks scheduled from follow-on schedule check
