[2023-09-21T09:46:46.644+0000] {taskinstance.py:1157} INFO - Dependencies all met for dep_context=non-requeueable deps ti=<TaskInstance: main_dag.install_dbt_deps manual__2023-09-21T09:45:11.206051+00:00 [queued]>
[2023-09-21T09:46:46.661+0000] {taskinstance.py:1157} INFO - Dependencies all met for dep_context=requeueable deps ti=<TaskInstance: main_dag.install_dbt_deps manual__2023-09-21T09:45:11.206051+00:00 [queued]>
[2023-09-21T09:46:46.662+0000] {taskinstance.py:1359} INFO - Starting attempt 1 of 1
[2023-09-21T09:46:46.768+0000] {taskinstance.py:1380} INFO - Executing <Task(BashOperator): install_dbt_deps> on 2023-09-21 09:45:11.206051+00:00
[2023-09-21T09:46:46.781+0000] {standard_task_runner.py:57} INFO - Started process 264 to run task
[2023-09-21T09:46:46.790+0000] {standard_task_runner.py:84} INFO - Running: ['***', 'tasks', 'run', 'main_dag', 'install_dbt_deps', 'manual__2023-09-21T09:45:11.206051+00:00', '--job-id', '69', '--raw', '--subdir', 'DAGS_FOLDER/main_dag.py', '--cfg-path', '/tmp/tmp6puuga8k']
[2023-09-21T09:46:46.795+0000] {standard_task_runner.py:85} INFO - Job 69: Subtask install_dbt_deps
[2023-09-21T09:46:46.947+0000] {task_command.py:415} INFO - Running <TaskInstance: main_dag.install_dbt_deps manual__2023-09-21T09:45:11.206051+00:00 [running]> on host 2cbbdff68ad8
[2023-09-21T09:46:47.273+0000] {taskinstance.py:1660} INFO - Exporting env vars: AIRFLOW_CTX_DAG_OWNER='***' AIRFLOW_CTX_DAG_ID='main_dag' AIRFLOW_CTX_TASK_ID='install_dbt_deps' AIRFLOW_CTX_EXECUTION_DATE='2023-09-21T09:45:11.206051+00:00' AIRFLOW_CTX_TRY_NUMBER='1' AIRFLOW_CTX_DAG_RUN_ID='manual__2023-09-21T09:45:11.206051+00:00'
[2023-09-21T09:46:47.276+0000] {subprocess.py:63} INFO - Tmp dir root location: /tmp
[2023-09-21T09:46:47.278+0000] {subprocess.py:75} INFO - Running command: ['/bin/bash', '-c', 'dbt deps --profiles-dir /.dbt --project-dir /dbt_project']
[2023-09-21T09:46:47.311+0000] {subprocess.py:86} INFO - Output:
[2023-09-21T09:46:53.749+0000] {subprocess.py:93} INFO - [0m09:46:53  Running with dbt=1.5.3
[2023-09-21T09:46:55.908+0000] {subprocess.py:93} INFO - [0m09:46:55  Installing dbt-labs/dbt_utils
[2023-09-21T09:46:57.601+0000] {subprocess.py:93} INFO - [0m09:46:57  Installed from version 0.8.0
[2023-09-21T09:46:57.604+0000] {subprocess.py:93} INFO - [0m09:46:57  Updated version available: 1.1.1
[2023-09-21T09:46:57.607+0000] {subprocess.py:93} INFO - [0m09:46:57  Installing calogica/dbt_expectations
[2023-09-21T09:47:02.954+0000] {subprocess.py:93} INFO - [0m09:47:02  Installed from version 0.8.5
[2023-09-21T09:47:02.955+0000] {subprocess.py:93} INFO - [0m09:47:02  Updated version available: 0.10.0
[2023-09-21T09:47:02.957+0000] {subprocess.py:93} INFO - [0m09:47:02  Installing calogica/dbt_date
[2023-09-21T09:47:03.652+0000] {subprocess.py:93} INFO - [0m09:47:03  Installed from version 0.7.2
[2023-09-21T09:47:03.654+0000] {subprocess.py:93} INFO - [0m09:47:03  Updated version available: 0.9.1
[2023-09-21T09:47:03.656+0000] {subprocess.py:93} INFO - [0m09:47:03
[2023-09-21T09:47:03.658+0000] {subprocess.py:93} INFO - [0m09:47:03  Updates available for packages: ['dbt-labs/dbt_utils', 'calogica/dbt_expectations', 'calogica/dbt_date']
[2023-09-21T09:47:03.658+0000] {subprocess.py:93} INFO - Update your versions in packages.yml, then run dbt deps
[2023-09-21T09:47:06.410+0000] {subprocess.py:97} INFO - Command exited with return code 0
[2023-09-21T09:47:06.463+0000] {taskinstance.py:1398} INFO - Marking task as SUCCESS. dag_id=main_dag, task_id=install_dbt_deps, execution_date=20230921T094511, start_date=20230921T094646, end_date=20230921T094706
[2023-09-21T09:47:06.513+0000] {local_task_job_runner.py:228} INFO - Task exited with return code 0
[2023-09-21T09:47:06.563+0000] {taskinstance.py:2776} INFO - 1 downstream tasks scheduled from follow-on schedule check
