[2023-09-17T12:40:27.039+0000] {processor.py:157} INFO - Started process (PID=30) to work on /opt/airflow/dags/main_dag.py
[2023-09-17T12:40:27.040+0000] {processor.py:829} INFO - Processing file /opt/airflow/dags/main_dag.py for tasks to queue
[2023-09-17T12:40:27.043+0000] {logging_mixin.py:151} INFO - [2023-09-17T12:40:27.043+0000] {dagbag.py:539} INFO - Filling up the DagBag from /opt/airflow/dags/main_dag.py
[2023-09-17T12:40:27.200+0000] {logging_mixin.py:151} INFO - [2023-09-17T12:40:27.198+0000] {dagbag.py:347} ERROR - Failed to import: /opt/airflow/dags/main_dag.py
Traceback (most recent call last):
  File "/home/airflow/.local/lib/python3.8/site-packages/airflow/models/dagbag.py", line 343, in parse
    loader.exec_module(new_module)
  File "<frozen importlib._bootstrap_external>", line 843, in exec_module
  File "<frozen importlib._bootstrap>", line 219, in _call_with_frames_removed
  File "/opt/airflow/dags/main_dag.py", line 20, in <module>
    @task(task_id="clear_mongodb_staging")
NameError: name 'task' is not defined
[2023-09-17T12:40:27.201+0000] {processor.py:841} WARNING - No viable dags retrieved from /opt/airflow/dags/main_dag.py
[2023-09-17T12:40:27.319+0000] {processor.py:179} INFO - Processing /opt/airflow/dags/main_dag.py took 0.284 seconds
[2023-09-17T12:40:58.093+0000] {processor.py:157} INFO - Started process (PID=86) to work on /opt/airflow/dags/main_dag.py
[2023-09-17T12:40:58.108+0000] {processor.py:829} INFO - Processing file /opt/airflow/dags/main_dag.py for tasks to queue
[2023-09-17T12:40:58.112+0000] {logging_mixin.py:151} INFO - [2023-09-17T12:40:58.112+0000] {dagbag.py:539} INFO - Filling up the DagBag from /opt/airflow/dags/main_dag.py
[2023-09-17T12:40:58.124+0000] {logging_mixin.py:151} INFO - [2023-09-17T12:40:58.122+0000] {dagbag.py:347} ERROR - Failed to import: /opt/airflow/dags/main_dag.py
Traceback (most recent call last):
  File "/home/airflow/.local/lib/python3.8/site-packages/airflow/models/dagbag.py", line 343, in parse
    loader.exec_module(new_module)
  File "<frozen importlib._bootstrap_external>", line 843, in exec_module
  File "<frozen importlib._bootstrap>", line 219, in _call_with_frames_removed
  File "/opt/airflow/dags/main_dag.py", line 20, in <module>
    @task(task_id="clear_mongodb_staging")
NameError: name 'task' is not defined
[2023-09-17T12:40:58.125+0000] {processor.py:841} WARNING - No viable dags retrieved from /opt/airflow/dags/main_dag.py
[2023-09-17T12:40:58.217+0000] {processor.py:179} INFO - Processing /opt/airflow/dags/main_dag.py took 0.131 seconds
[2023-09-17T12:41:28.624+0000] {processor.py:157} INFO - Started process (PID=139) to work on /opt/airflow/dags/main_dag.py
[2023-09-17T12:41:28.649+0000] {processor.py:829} INFO - Processing file /opt/airflow/dags/main_dag.py for tasks to queue
[2023-09-17T12:41:28.652+0000] {logging_mixin.py:151} INFO - [2023-09-17T12:41:28.651+0000] {dagbag.py:539} INFO - Filling up the DagBag from /opt/airflow/dags/main_dag.py
[2023-09-17T12:41:28.656+0000] {logging_mixin.py:151} INFO - [2023-09-17T12:41:28.655+0000] {dagbag.py:347} ERROR - Failed to import: /opt/airflow/dags/main_dag.py
Traceback (most recent call last):
  File "/home/airflow/.local/lib/python3.8/site-packages/airflow/models/dagbag.py", line 343, in parse
    loader.exec_module(new_module)
  File "<frozen importlib._bootstrap_external>", line 843, in exec_module
  File "<frozen importlib._bootstrap>", line 219, in _call_with_frames_removed
  File "/opt/airflow/dags/main_dag.py", line 20, in <module>
    @task(task_id="clear_mongodb_staging")
NameError: name 'task' is not defined
[2023-09-17T12:41:28.657+0000] {processor.py:841} WARNING - No viable dags retrieved from /opt/airflow/dags/main_dag.py
[2023-09-17T12:41:28.687+0000] {processor.py:179} INFO - Processing /opt/airflow/dags/main_dag.py took 0.067 seconds
[2023-09-17T12:41:59.155+0000] {processor.py:157} INFO - Started process (PID=194) to work on /opt/airflow/dags/main_dag.py
[2023-09-17T12:41:59.179+0000] {processor.py:829} INFO - Processing file /opt/airflow/dags/main_dag.py for tasks to queue
[2023-09-17T12:41:59.193+0000] {logging_mixin.py:151} INFO - [2023-09-17T12:41:59.191+0000] {dagbag.py:539} INFO - Filling up the DagBag from /opt/airflow/dags/main_dag.py
[2023-09-17T12:41:59.206+0000] {logging_mixin.py:151} INFO - [2023-09-17T12:41:59.202+0000] {dagbag.py:347} ERROR - Failed to import: /opt/airflow/dags/main_dag.py
Traceback (most recent call last):
  File "/home/airflow/.local/lib/python3.8/site-packages/airflow/models/dagbag.py", line 343, in parse
    loader.exec_module(new_module)
  File "<frozen importlib._bootstrap_external>", line 843, in exec_module
  File "<frozen importlib._bootstrap>", line 219, in _call_with_frames_removed
  File "/opt/airflow/dags/main_dag.py", line 20, in <module>
    @task(task_id="clear_mongodb_staging")
NameError: name 'task' is not defined
[2023-09-17T12:41:59.207+0000] {processor.py:841} WARNING - No viable dags retrieved from /opt/airflow/dags/main_dag.py
[2023-09-17T12:41:59.276+0000] {processor.py:179} INFO - Processing /opt/airflow/dags/main_dag.py took 0.136 seconds
[2023-09-17T12:42:29.826+0000] {processor.py:157} INFO - Started process (PID=249) to work on /opt/airflow/dags/main_dag.py
[2023-09-17T12:42:29.828+0000] {processor.py:829} INFO - Processing file /opt/airflow/dags/main_dag.py for tasks to queue
[2023-09-17T12:42:29.834+0000] {logging_mixin.py:151} INFO - [2023-09-17T12:42:29.833+0000] {dagbag.py:539} INFO - Filling up the DagBag from /opt/airflow/dags/main_dag.py
[2023-09-17T12:42:29.853+0000] {logging_mixin.py:151} INFO - [2023-09-17T12:42:29.841+0000] {dagbag.py:347} ERROR - Failed to import: /opt/airflow/dags/main_dag.py
Traceback (most recent call last):
  File "/home/airflow/.local/lib/python3.8/site-packages/airflow/models/dagbag.py", line 343, in parse
    loader.exec_module(new_module)
  File "<frozen importlib._bootstrap_external>", line 843, in exec_module
  File "<frozen importlib._bootstrap>", line 219, in _call_with_frames_removed
  File "/opt/airflow/dags/main_dag.py", line 20, in <module>
    @task(task_id="clear_mongodb_staging")
NameError: name 'task' is not defined
[2023-09-17T12:42:29.855+0000] {processor.py:841} WARNING - No viable dags retrieved from /opt/airflow/dags/main_dag.py
[2023-09-17T12:42:29.949+0000] {processor.py:179} INFO - Processing /opt/airflow/dags/main_dag.py took 0.129 seconds
[2023-09-17T12:43:00.974+0000] {processor.py:157} INFO - Started process (PID=304) to work on /opt/airflow/dags/main_dag.py
[2023-09-17T12:43:00.979+0000] {processor.py:829} INFO - Processing file /opt/airflow/dags/main_dag.py for tasks to queue
[2023-09-17T12:43:00.985+0000] {logging_mixin.py:151} INFO - [2023-09-17T12:43:00.984+0000] {dagbag.py:539} INFO - Filling up the DagBag from /opt/airflow/dags/main_dag.py
[2023-09-17T12:43:00.994+0000] {logging_mixin.py:151} INFO - [2023-09-17T12:43:00.992+0000] {dagbag.py:347} ERROR - Failed to import: /opt/airflow/dags/main_dag.py
Traceback (most recent call last):
  File "/home/airflow/.local/lib/python3.8/site-packages/airflow/models/dagbag.py", line 343, in parse
    loader.exec_module(new_module)
  File "<frozen importlib._bootstrap_external>", line 843, in exec_module
  File "<frozen importlib._bootstrap>", line 219, in _call_with_frames_removed
  File "/opt/airflow/dags/main_dag.py", line 20, in <module>
    @task(task_id="clear_mongodb_staging")
NameError: name 'task' is not defined
[2023-09-17T12:43:00.995+0000] {processor.py:841} WARNING - No viable dags retrieved from /opt/airflow/dags/main_dag.py
[2023-09-17T12:43:01.032+0000] {processor.py:179} INFO - Processing /opt/airflow/dags/main_dag.py took 0.063 seconds
[2023-09-17T12:43:31.164+0000] {processor.py:157} INFO - Started process (PID=359) to work on /opt/airflow/dags/main_dag.py
[2023-09-17T12:43:31.196+0000] {processor.py:829} INFO - Processing file /opt/airflow/dags/main_dag.py for tasks to queue
[2023-09-17T12:43:31.203+0000] {logging_mixin.py:151} INFO - [2023-09-17T12:43:31.202+0000] {dagbag.py:539} INFO - Filling up the DagBag from /opt/airflow/dags/main_dag.py
[2023-09-17T12:43:31.209+0000] {logging_mixin.py:151} INFO - [2023-09-17T12:43:31.208+0000] {dagbag.py:347} ERROR - Failed to import: /opt/airflow/dags/main_dag.py
Traceback (most recent call last):
  File "/home/airflow/.local/lib/python3.8/site-packages/airflow/models/dagbag.py", line 343, in parse
    loader.exec_module(new_module)
  File "<frozen importlib._bootstrap_external>", line 843, in exec_module
  File "<frozen importlib._bootstrap>", line 219, in _call_with_frames_removed
  File "/opt/airflow/dags/main_dag.py", line 20, in <module>
    @task(task_id="clear_mongodb_staging")
NameError: name 'task' is not defined
[2023-09-17T12:43:31.209+0000] {processor.py:841} WARNING - No viable dags retrieved from /opt/airflow/dags/main_dag.py
[2023-09-17T12:43:31.263+0000] {processor.py:179} INFO - Processing /opt/airflow/dags/main_dag.py took 0.104 seconds
[2023-09-17T12:44:01.660+0000] {processor.py:157} INFO - Started process (PID=414) to work on /opt/airflow/dags/main_dag.py
[2023-09-17T12:44:01.661+0000] {processor.py:829} INFO - Processing file /opt/airflow/dags/main_dag.py for tasks to queue
[2023-09-17T12:44:01.663+0000] {logging_mixin.py:151} INFO - [2023-09-17T12:44:01.663+0000] {dagbag.py:539} INFO - Filling up the DagBag from /opt/airflow/dags/main_dag.py
[2023-09-17T12:44:01.668+0000] {logging_mixin.py:151} INFO - [2023-09-17T12:44:01.667+0000] {dagbag.py:347} ERROR - Failed to import: /opt/airflow/dags/main_dag.py
Traceback (most recent call last):
  File "/home/airflow/.local/lib/python3.8/site-packages/airflow/models/dagbag.py", line 343, in parse
    loader.exec_module(new_module)
  File "<frozen importlib._bootstrap_external>", line 843, in exec_module
  File "<frozen importlib._bootstrap>", line 219, in _call_with_frames_removed
  File "/opt/airflow/dags/main_dag.py", line 20, in <module>
    @task(task_id="clear_mongodb_staging")
NameError: name 'task' is not defined
[2023-09-17T12:44:01.668+0000] {processor.py:841} WARNING - No viable dags retrieved from /opt/airflow/dags/main_dag.py
[2023-09-17T12:44:01.704+0000] {processor.py:179} INFO - Processing /opt/airflow/dags/main_dag.py took 0.048 seconds
[2023-09-17T12:44:31.918+0000] {processor.py:157} INFO - Started process (PID=470) to work on /opt/airflow/dags/main_dag.py
[2023-09-17T12:44:31.919+0000] {processor.py:829} INFO - Processing file /opt/airflow/dags/main_dag.py for tasks to queue
[2023-09-17T12:44:31.923+0000] {logging_mixin.py:151} INFO - [2023-09-17T12:44:31.922+0000] {dagbag.py:539} INFO - Filling up the DagBag from /opt/airflow/dags/main_dag.py
[2023-09-17T12:44:31.935+0000] {logging_mixin.py:151} INFO - [2023-09-17T12:44:31.932+0000] {dagbag.py:347} ERROR - Failed to import: /opt/airflow/dags/main_dag.py
Traceback (most recent call last):
  File "/home/airflow/.local/lib/python3.8/site-packages/airflow/models/dagbag.py", line 343, in parse
    loader.exec_module(new_module)
  File "<frozen importlib._bootstrap_external>", line 843, in exec_module
  File "<frozen importlib._bootstrap>", line 219, in _call_with_frames_removed
  File "/opt/airflow/dags/main_dag.py", line 20, in <module>
    @task(task_id="clear_mongodb_staging")
NameError: name 'task' is not defined
[2023-09-17T12:44:31.936+0000] {processor.py:841} WARNING - No viable dags retrieved from /opt/airflow/dags/main_dag.py
[2023-09-17T12:44:31.981+0000] {processor.py:179} INFO - Processing /opt/airflow/dags/main_dag.py took 0.070 seconds
[2023-09-17T12:45:02.496+0000] {processor.py:157} INFO - Started process (PID=525) to work on /opt/airflow/dags/main_dag.py
[2023-09-17T12:45:02.497+0000] {processor.py:829} INFO - Processing file /opt/airflow/dags/main_dag.py for tasks to queue
[2023-09-17T12:45:02.499+0000] {logging_mixin.py:151} INFO - [2023-09-17T12:45:02.499+0000] {dagbag.py:539} INFO - Filling up the DagBag from /opt/airflow/dags/main_dag.py
[2023-09-17T12:45:02.504+0000] {logging_mixin.py:151} INFO - [2023-09-17T12:45:02.503+0000] {dagbag.py:347} ERROR - Failed to import: /opt/airflow/dags/main_dag.py
Traceback (most recent call last):
  File "/home/airflow/.local/lib/python3.8/site-packages/airflow/models/dagbag.py", line 343, in parse
    loader.exec_module(new_module)
  File "<frozen importlib._bootstrap_external>", line 843, in exec_module
  File "<frozen importlib._bootstrap>", line 219, in _call_with_frames_removed
  File "/opt/airflow/dags/main_dag.py", line 20, in <module>
    @task(task_id="clear_mongodb_staging")
NameError: name 'task' is not defined
[2023-09-17T12:45:02.505+0000] {processor.py:841} WARNING - No viable dags retrieved from /opt/airflow/dags/main_dag.py
[2023-09-17T12:45:02.556+0000] {processor.py:179} INFO - Processing /opt/airflow/dags/main_dag.py took 0.064 seconds
[2023-09-17T12:45:08.439+0000] {processor.py:157} INFO - Started process (PID=542) to work on /opt/airflow/dags/main_dag.py
[2023-09-17T12:45:08.440+0000] {processor.py:829} INFO - Processing file /opt/airflow/dags/main_dag.py for tasks to queue
[2023-09-17T12:45:08.443+0000] {logging_mixin.py:151} INFO - [2023-09-17T12:45:08.442+0000] {dagbag.py:539} INFO - Filling up the DagBag from /opt/airflow/dags/main_dag.py
[2023-09-17T12:45:08.446+0000] {logging_mixin.py:151} INFO - [2023-09-17T12:45:08.445+0000] {dagbag.py:347} ERROR - Failed to import: /opt/airflow/dags/main_dag.py
Traceback (most recent call last):
  File "/home/airflow/.local/lib/python3.8/site-packages/airflow/models/dagbag.py", line 343, in parse
    loader.exec_module(new_module)
  File "<frozen importlib._bootstrap_external>", line 839, in exec_module
  File "<frozen importlib._bootstrap_external>", line 976, in get_code
  File "<frozen importlib._bootstrap_external>", line 906, in source_to_code
  File "<frozen importlib._bootstrap>", line 219, in _call_with_frames_removed
  File "/opt/airflow/dags/main_dag.py", line 20
    def clear_mongodb():
    ^
SyntaxError: invalid syntax
[2023-09-17T12:45:08.447+0000] {processor.py:841} WARNING - No viable dags retrieved from /opt/airflow/dags/main_dag.py
[2023-09-17T12:45:08.502+0000] {processor.py:179} INFO - Processing /opt/airflow/dags/main_dag.py took 0.070 seconds
[2023-09-17T12:45:38.705+0000] {processor.py:157} INFO - Started process (PID=597) to work on /opt/airflow/dags/main_dag.py
[2023-09-17T12:45:38.706+0000] {processor.py:829} INFO - Processing file /opt/airflow/dags/main_dag.py for tasks to queue
[2023-09-17T12:45:38.710+0000] {logging_mixin.py:151} INFO - [2023-09-17T12:45:38.710+0000] {dagbag.py:539} INFO - Filling up the DagBag from /opt/airflow/dags/main_dag.py
[2023-09-17T12:45:38.715+0000] {logging_mixin.py:151} INFO - [2023-09-17T12:45:38.713+0000] {dagbag.py:347} ERROR - Failed to import: /opt/airflow/dags/main_dag.py
Traceback (most recent call last):
  File "/home/airflow/.local/lib/python3.8/site-packages/airflow/models/dagbag.py", line 343, in parse
    loader.exec_module(new_module)
  File "<frozen importlib._bootstrap_external>", line 839, in exec_module
  File "<frozen importlib._bootstrap_external>", line 976, in get_code
  File "<frozen importlib._bootstrap_external>", line 906, in source_to_code
  File "<frozen importlib._bootstrap>", line 219, in _call_with_frames_removed
  File "/opt/airflow/dags/main_dag.py", line 20
    def clear_mongodb():
    ^
SyntaxError: invalid syntax
[2023-09-17T12:45:38.716+0000] {processor.py:841} WARNING - No viable dags retrieved from /opt/airflow/dags/main_dag.py
[2023-09-17T12:45:38.754+0000] {processor.py:179} INFO - Processing /opt/airflow/dags/main_dag.py took 0.054 seconds
[2023-09-17T12:46:08.914+0000] {processor.py:157} INFO - Started process (PID=652) to work on /opt/airflow/dags/main_dag.py
[2023-09-17T12:46:08.917+0000] {processor.py:829} INFO - Processing file /opt/airflow/dags/main_dag.py for tasks to queue
[2023-09-17T12:46:08.919+0000] {logging_mixin.py:151} INFO - [2023-09-17T12:46:08.919+0000] {dagbag.py:539} INFO - Filling up the DagBag from /opt/airflow/dags/main_dag.py
[2023-09-17T12:46:08.924+0000] {logging_mixin.py:151} INFO - [2023-09-17T12:46:08.922+0000] {dagbag.py:347} ERROR - Failed to import: /opt/airflow/dags/main_dag.py
Traceback (most recent call last):
  File "/home/airflow/.local/lib/python3.8/site-packages/airflow/models/dagbag.py", line 343, in parse
    loader.exec_module(new_module)
  File "<frozen importlib._bootstrap_external>", line 839, in exec_module
  File "<frozen importlib._bootstrap_external>", line 976, in get_code
  File "<frozen importlib._bootstrap_external>", line 906, in source_to_code
  File "<frozen importlib._bootstrap>", line 219, in _call_with_frames_removed
  File "/opt/airflow/dags/main_dag.py", line 20
    def clear_mongodb():
    ^
SyntaxError: invalid syntax
[2023-09-17T12:46:08.925+0000] {processor.py:841} WARNING - No viable dags retrieved from /opt/airflow/dags/main_dag.py
[2023-09-17T12:46:08.986+0000] {processor.py:179} INFO - Processing /opt/airflow/dags/main_dag.py took 0.077 seconds
[2023-09-17T12:46:39.415+0000] {processor.py:157} INFO - Started process (PID=707) to work on /opt/airflow/dags/main_dag.py
[2023-09-17T12:46:39.417+0000] {processor.py:829} INFO - Processing file /opt/airflow/dags/main_dag.py for tasks to queue
[2023-09-17T12:46:39.420+0000] {logging_mixin.py:151} INFO - [2023-09-17T12:46:39.420+0000] {dagbag.py:539} INFO - Filling up the DagBag from /opt/airflow/dags/main_dag.py
[2023-09-17T12:46:39.425+0000] {logging_mixin.py:151} INFO - [2023-09-17T12:46:39.423+0000] {dagbag.py:347} ERROR - Failed to import: /opt/airflow/dags/main_dag.py
Traceback (most recent call last):
  File "/home/airflow/.local/lib/python3.8/site-packages/airflow/models/dagbag.py", line 343, in parse
    loader.exec_module(new_module)
  File "<frozen importlib._bootstrap_external>", line 839, in exec_module
  File "<frozen importlib._bootstrap_external>", line 976, in get_code
  File "<frozen importlib._bootstrap_external>", line 906, in source_to_code
  File "<frozen importlib._bootstrap>", line 219, in _call_with_frames_removed
  File "/opt/airflow/dags/main_dag.py", line 20
    def clear_mongodb():
    ^
SyntaxError: invalid syntax
[2023-09-17T12:46:39.425+0000] {processor.py:841} WARNING - No viable dags retrieved from /opt/airflow/dags/main_dag.py
[2023-09-17T12:46:39.482+0000] {processor.py:179} INFO - Processing /opt/airflow/dags/main_dag.py took 0.073 seconds
[2023-09-17T12:46:40.799+0000] {processor.py:157} INFO - Started process (PID=710) to work on /opt/airflow/dags/main_dag.py
[2023-09-17T12:46:40.818+0000] {processor.py:829} INFO - Processing file /opt/airflow/dags/main_dag.py for tasks to queue
[2023-09-17T12:46:40.821+0000] {logging_mixin.py:151} INFO - [2023-09-17T12:46:40.821+0000] {dagbag.py:539} INFO - Filling up the DagBag from /opt/airflow/dags/main_dag.py
[2023-09-17T12:46:40.864+0000] {logging_mixin.py:151} INFO - [2023-09-17T12:46:40.834+0000] {dagbag.py:347} ERROR - Failed to import: /opt/airflow/dags/main_dag.py
Traceback (most recent call last):
  File "/home/airflow/.local/lib/python3.8/site-packages/airflow/models/dagbag.py", line 343, in parse
    loader.exec_module(new_module)
  File "<frozen importlib._bootstrap_external>", line 843, in exec_module
  File "<frozen importlib._bootstrap>", line 219, in _call_with_frames_removed
  File "/opt/airflow/dags/main_dag.py", line 47, in <module>
    run_dbt()>> \
  File "/home/airflow/.local/lib/python3.8/site-packages/airflow/decorators/base.py", line 346, in __call__
    op = self.operator_class(
  File "/home/airflow/.local/lib/python3.8/site-packages/airflow/models/baseoperator.py", line 437, in apply_defaults
    result = func(self, **kwargs, default_args=default_args)
  File "/home/airflow/.local/lib/python3.8/site-packages/airflow/decorators/python.py", line 49, in __init__
    super().__init__(
  File "/home/airflow/.local/lib/python3.8/site-packages/airflow/models/baseoperator.py", line 437, in apply_defaults
    result = func(self, **kwargs, default_args=default_args)
  File "/home/airflow/.local/lib/python3.8/site-packages/airflow/decorators/base.py", line 208, in __init__
    inspect.signature(python_callable).bind(*op_args, **op_kwargs)
  File "/usr/local/lib/python3.8/inspect.py", line 3037, in bind
    return self._bind(args, kwargs)
  File "/usr/local/lib/python3.8/inspect.py", line 2952, in _bind
    raise TypeError(msg) from None
TypeError: missing a required argument: 'profile_dir'
[2023-09-17T12:46:40.865+0000] {processor.py:841} WARNING - No viable dags retrieved from /opt/airflow/dags/main_dag.py
[2023-09-17T12:46:40.910+0000] {processor.py:179} INFO - Processing /opt/airflow/dags/main_dag.py took 0.115 seconds
[2023-09-17T12:47:11.738+0000] {processor.py:157} INFO - Started process (PID=766) to work on /opt/airflow/dags/main_dag.py
[2023-09-17T12:47:11.739+0000] {processor.py:829} INFO - Processing file /opt/airflow/dags/main_dag.py for tasks to queue
[2023-09-17T12:47:11.742+0000] {logging_mixin.py:151} INFO - [2023-09-17T12:47:11.741+0000] {dagbag.py:539} INFO - Filling up the DagBag from /opt/airflow/dags/main_dag.py
[2023-09-17T12:47:11.759+0000] {logging_mixin.py:151} INFO - [2023-09-17T12:47:11.756+0000] {dagbag.py:347} ERROR - Failed to import: /opt/airflow/dags/main_dag.py
Traceback (most recent call last):
  File "/home/airflow/.local/lib/python3.8/site-packages/airflow/models/dagbag.py", line 343, in parse
    loader.exec_module(new_module)
  File "<frozen importlib._bootstrap_external>", line 843, in exec_module
  File "<frozen importlib._bootstrap>", line 219, in _call_with_frames_removed
  File "/opt/airflow/dags/main_dag.py", line 47, in <module>
    run_dbt()>> \
  File "/home/airflow/.local/lib/python3.8/site-packages/airflow/decorators/base.py", line 346, in __call__
    op = self.operator_class(
  File "/home/airflow/.local/lib/python3.8/site-packages/airflow/models/baseoperator.py", line 437, in apply_defaults
    result = func(self, **kwargs, default_args=default_args)
  File "/home/airflow/.local/lib/python3.8/site-packages/airflow/decorators/python.py", line 49, in __init__
    super().__init__(
  File "/home/airflow/.local/lib/python3.8/site-packages/airflow/models/baseoperator.py", line 437, in apply_defaults
    result = func(self, **kwargs, default_args=default_args)
  File "/home/airflow/.local/lib/python3.8/site-packages/airflow/decorators/base.py", line 208, in __init__
    inspect.signature(python_callable).bind(*op_args, **op_kwargs)
  File "/usr/local/lib/python3.8/inspect.py", line 3037, in bind
    return self._bind(args, kwargs)
  File "/usr/local/lib/python3.8/inspect.py", line 2952, in _bind
    raise TypeError(msg) from None
TypeError: missing a required argument: 'profile_dir'
[2023-09-17T12:47:11.760+0000] {processor.py:841} WARNING - No viable dags retrieved from /opt/airflow/dags/main_dag.py
[2023-09-17T12:47:11.795+0000] {processor.py:179} INFO - Processing /opt/airflow/dags/main_dag.py took 0.061 seconds
[2023-09-17T12:47:42.201+0000] {processor.py:157} INFO - Started process (PID=821) to work on /opt/airflow/dags/main_dag.py
[2023-09-17T12:47:42.223+0000] {processor.py:829} INFO - Processing file /opt/airflow/dags/main_dag.py for tasks to queue
[2023-09-17T12:47:42.227+0000] {logging_mixin.py:151} INFO - [2023-09-17T12:47:42.226+0000] {dagbag.py:539} INFO - Filling up the DagBag from /opt/airflow/dags/main_dag.py
[2023-09-17T12:47:42.244+0000] {logging_mixin.py:151} INFO - [2023-09-17T12:47:42.240+0000] {dagbag.py:347} ERROR - Failed to import: /opt/airflow/dags/main_dag.py
Traceback (most recent call last):
  File "/home/airflow/.local/lib/python3.8/site-packages/airflow/models/dagbag.py", line 343, in parse
    loader.exec_module(new_module)
  File "<frozen importlib._bootstrap_external>", line 843, in exec_module
  File "<frozen importlib._bootstrap>", line 219, in _call_with_frames_removed
  File "/opt/airflow/dags/main_dag.py", line 47, in <module>
    run_dbt()>> \
  File "/home/airflow/.local/lib/python3.8/site-packages/airflow/decorators/base.py", line 346, in __call__
    op = self.operator_class(
  File "/home/airflow/.local/lib/python3.8/site-packages/airflow/models/baseoperator.py", line 437, in apply_defaults
    result = func(self, **kwargs, default_args=default_args)
  File "/home/airflow/.local/lib/python3.8/site-packages/airflow/decorators/python.py", line 49, in __init__
    super().__init__(
  File "/home/airflow/.local/lib/python3.8/site-packages/airflow/models/baseoperator.py", line 437, in apply_defaults
    result = func(self, **kwargs, default_args=default_args)
  File "/home/airflow/.local/lib/python3.8/site-packages/airflow/decorators/base.py", line 208, in __init__
    inspect.signature(python_callable).bind(*op_args, **op_kwargs)
  File "/usr/local/lib/python3.8/inspect.py", line 3037, in bind
    return self._bind(args, kwargs)
  File "/usr/local/lib/python3.8/inspect.py", line 2952, in _bind
    raise TypeError(msg) from None
TypeError: missing a required argument: 'profile_dir'
[2023-09-17T12:47:42.246+0000] {processor.py:841} WARNING - No viable dags retrieved from /opt/airflow/dags/main_dag.py
[2023-09-17T12:47:42.314+0000] {processor.py:179} INFO - Processing /opt/airflow/dags/main_dag.py took 0.123 seconds
[2023-09-17T12:48:12.724+0000] {processor.py:157} INFO - Started process (PID=876) to work on /opt/airflow/dags/main_dag.py
[2023-09-17T12:48:12.730+0000] {processor.py:829} INFO - Processing file /opt/airflow/dags/main_dag.py for tasks to queue
[2023-09-17T12:48:12.748+0000] {logging_mixin.py:151} INFO - [2023-09-17T12:48:12.747+0000] {dagbag.py:539} INFO - Filling up the DagBag from /opt/airflow/dags/main_dag.py
[2023-09-17T12:48:12.830+0000] {logging_mixin.py:151} INFO - [2023-09-17T12:48:12.824+0000] {dagbag.py:347} ERROR - Failed to import: /opt/airflow/dags/main_dag.py
Traceback (most recent call last):
  File "/home/airflow/.local/lib/python3.8/site-packages/airflow/models/dagbag.py", line 343, in parse
    loader.exec_module(new_module)
  File "<frozen importlib._bootstrap_external>", line 843, in exec_module
  File "<frozen importlib._bootstrap>", line 219, in _call_with_frames_removed
  File "/opt/airflow/dags/main_dag.py", line 47, in <module>
    run_dbt()>> \
  File "/home/airflow/.local/lib/python3.8/site-packages/airflow/decorators/base.py", line 346, in __call__
    op = self.operator_class(
  File "/home/airflow/.local/lib/python3.8/site-packages/airflow/models/baseoperator.py", line 437, in apply_defaults
    result = func(self, **kwargs, default_args=default_args)
  File "/home/airflow/.local/lib/python3.8/site-packages/airflow/decorators/python.py", line 49, in __init__
    super().__init__(
  File "/home/airflow/.local/lib/python3.8/site-packages/airflow/models/baseoperator.py", line 437, in apply_defaults
    result = func(self, **kwargs, default_args=default_args)
  File "/home/airflow/.local/lib/python3.8/site-packages/airflow/decorators/base.py", line 208, in __init__
    inspect.signature(python_callable).bind(*op_args, **op_kwargs)
  File "/usr/local/lib/python3.8/inspect.py", line 3037, in bind
    return self._bind(args, kwargs)
  File "/usr/local/lib/python3.8/inspect.py", line 2952, in _bind
    raise TypeError(msg) from None
TypeError: missing a required argument: 'profile_dir'
[2023-09-17T12:48:12.840+0000] {processor.py:841} WARNING - No viable dags retrieved from /opt/airflow/dags/main_dag.py
[2023-09-17T12:48:12.999+0000] {processor.py:179} INFO - Processing /opt/airflow/dags/main_dag.py took 0.336 seconds
[2023-09-17T12:48:44.008+0000] {processor.py:157} INFO - Started process (PID=931) to work on /opt/airflow/dags/main_dag.py
[2023-09-17T12:48:44.024+0000] {processor.py:829} INFO - Processing file /opt/airflow/dags/main_dag.py for tasks to queue
[2023-09-17T12:48:44.028+0000] {logging_mixin.py:151} INFO - [2023-09-17T12:48:44.027+0000] {dagbag.py:539} INFO - Filling up the DagBag from /opt/airflow/dags/main_dag.py
[2023-09-17T12:48:44.043+0000] {logging_mixin.py:151} INFO - [2023-09-17T12:48:44.039+0000] {dagbag.py:347} ERROR - Failed to import: /opt/airflow/dags/main_dag.py
Traceback (most recent call last):
  File "/home/airflow/.local/lib/python3.8/site-packages/airflow/models/dagbag.py", line 343, in parse
    loader.exec_module(new_module)
  File "<frozen importlib._bootstrap_external>", line 843, in exec_module
  File "<frozen importlib._bootstrap>", line 219, in _call_with_frames_removed
  File "/opt/airflow/dags/main_dag.py", line 47, in <module>
    run_dbt()>> \
  File "/home/airflow/.local/lib/python3.8/site-packages/airflow/decorators/base.py", line 346, in __call__
    op = self.operator_class(
  File "/home/airflow/.local/lib/python3.8/site-packages/airflow/models/baseoperator.py", line 437, in apply_defaults
    result = func(self, **kwargs, default_args=default_args)
  File "/home/airflow/.local/lib/python3.8/site-packages/airflow/decorators/python.py", line 49, in __init__
    super().__init__(
  File "/home/airflow/.local/lib/python3.8/site-packages/airflow/models/baseoperator.py", line 437, in apply_defaults
    result = func(self, **kwargs, default_args=default_args)
  File "/home/airflow/.local/lib/python3.8/site-packages/airflow/decorators/base.py", line 208, in __init__
    inspect.signature(python_callable).bind(*op_args, **op_kwargs)
  File "/usr/local/lib/python3.8/inspect.py", line 3037, in bind
    return self._bind(args, kwargs)
  File "/usr/local/lib/python3.8/inspect.py", line 2952, in _bind
    raise TypeError(msg) from None
TypeError: missing a required argument: 'profile_dir'
[2023-09-17T12:48:44.045+0000] {processor.py:841} WARNING - No viable dags retrieved from /opt/airflow/dags/main_dag.py
[2023-09-17T12:48:44.082+0000] {processor.py:179} INFO - Processing /opt/airflow/dags/main_dag.py took 0.080 seconds
[2023-09-17T12:48:48.859+0000] {processor.py:157} INFO - Started process (PID=944) to work on /opt/airflow/dags/main_dag.py
[2023-09-17T12:48:48.860+0000] {processor.py:829} INFO - Processing file /opt/airflow/dags/main_dag.py for tasks to queue
[2023-09-17T12:48:48.864+0000] {logging_mixin.py:151} INFO - [2023-09-17T12:48:48.863+0000] {dagbag.py:539} INFO - Filling up the DagBag from /opt/airflow/dags/main_dag.py
[2023-09-17T12:48:48.882+0000] {logging_mixin.py:151} INFO - [2023-09-17T12:48:48.878+0000] {dagbag.py:347} ERROR - Failed to import: /opt/airflow/dags/main_dag.py
Traceback (most recent call last):
  File "/home/airflow/.local/lib/python3.8/site-packages/airflow/models/dagbag.py", line 343, in parse
    loader.exec_module(new_module)
  File "<frozen importlib._bootstrap_external>", line 843, in exec_module
  File "<frozen importlib._bootstrap>", line 219, in _call_with_frames_removed
  File "/opt/airflow/dags/main_dag.py", line 47, in <module>
    run_dbt()>> \
  File "/home/airflow/.local/lib/python3.8/site-packages/airflow/decorators/base.py", line 346, in __call__
    op = self.operator_class(
  File "/home/airflow/.local/lib/python3.8/site-packages/airflow/models/baseoperator.py", line 437, in apply_defaults
    result = func(self, **kwargs, default_args=default_args)
  File "/home/airflow/.local/lib/python3.8/site-packages/airflow/decorators/python.py", line 49, in __init__
    super().__init__(
  File "/home/airflow/.local/lib/python3.8/site-packages/airflow/models/baseoperator.py", line 437, in apply_defaults
    result = func(self, **kwargs, default_args=default_args)
  File "/home/airflow/.local/lib/python3.8/site-packages/airflow/decorators/base.py", line 208, in __init__
    inspect.signature(python_callable).bind(*op_args, **op_kwargs)
  File "/usr/local/lib/python3.8/inspect.py", line 3037, in bind
    return self._bind(args, kwargs)
  File "/usr/local/lib/python3.8/inspect.py", line 2952, in _bind
    raise TypeError(msg) from None
TypeError: missing a required argument: 'profile_dir'
[2023-09-17T12:48:48.883+0000] {processor.py:841} WARNING - No viable dags retrieved from /opt/airflow/dags/main_dag.py
[2023-09-17T12:48:48.931+0000] {processor.py:179} INFO - Processing /opt/airflow/dags/main_dag.py took 0.078 seconds
[2023-09-17T12:49:19.330+0000] {processor.py:157} INFO - Started process (PID=996) to work on /opt/airflow/dags/main_dag.py
[2023-09-17T12:49:19.332+0000] {processor.py:829} INFO - Processing file /opt/airflow/dags/main_dag.py for tasks to queue
[2023-09-17T12:49:19.334+0000] {logging_mixin.py:151} INFO - [2023-09-17T12:49:19.334+0000] {dagbag.py:539} INFO - Filling up the DagBag from /opt/airflow/dags/main_dag.py
[2023-09-17T12:49:19.346+0000] {logging_mixin.py:151} INFO - [2023-09-17T12:49:19.343+0000] {dagbag.py:347} ERROR - Failed to import: /opt/airflow/dags/main_dag.py
Traceback (most recent call last):
  File "/home/airflow/.local/lib/python3.8/site-packages/airflow/models/dagbag.py", line 343, in parse
    loader.exec_module(new_module)
  File "<frozen importlib._bootstrap_external>", line 843, in exec_module
  File "<frozen importlib._bootstrap>", line 219, in _call_with_frames_removed
  File "/opt/airflow/dags/main_dag.py", line 47, in <module>
    run_dbt()>> \
  File "/home/airflow/.local/lib/python3.8/site-packages/airflow/decorators/base.py", line 346, in __call__
    op = self.operator_class(
  File "/home/airflow/.local/lib/python3.8/site-packages/airflow/models/baseoperator.py", line 437, in apply_defaults
    result = func(self, **kwargs, default_args=default_args)
  File "/home/airflow/.local/lib/python3.8/site-packages/airflow/decorators/python.py", line 49, in __init__
    super().__init__(
  File "/home/airflow/.local/lib/python3.8/site-packages/airflow/models/baseoperator.py", line 437, in apply_defaults
    result = func(self, **kwargs, default_args=default_args)
  File "/home/airflow/.local/lib/python3.8/site-packages/airflow/decorators/base.py", line 208, in __init__
    inspect.signature(python_callable).bind(*op_args, **op_kwargs)
  File "/usr/local/lib/python3.8/inspect.py", line 3037, in bind
    return self._bind(args, kwargs)
  File "/usr/local/lib/python3.8/inspect.py", line 2952, in _bind
    raise TypeError(msg) from None
TypeError: missing a required argument: 'profile_dir'
[2023-09-17T12:49:19.346+0000] {processor.py:841} WARNING - No viable dags retrieved from /opt/airflow/dags/main_dag.py
[2023-09-17T12:49:19.384+0000] {processor.py:179} INFO - Processing /opt/airflow/dags/main_dag.py took 0.058 seconds
[2023-09-17T12:49:23.717+0000] {processor.py:157} INFO - Started process (PID=1005) to work on /opt/airflow/dags/main_dag.py
[2023-09-17T12:49:23.718+0000] {processor.py:829} INFO - Processing file /opt/airflow/dags/main_dag.py for tasks to queue
[2023-09-17T12:49:23.721+0000] {logging_mixin.py:151} INFO - [2023-09-17T12:49:23.720+0000] {dagbag.py:539} INFO - Filling up the DagBag from /opt/airflow/dags/main_dag.py
[2023-09-17T12:49:23.730+0000] {processor.py:839} INFO - DAG(s) dict_keys(['main_dag']) retrieved from /opt/airflow/dags/main_dag.py
[2023-09-17T12:49:23.957+0000] {logging_mixin.py:151} INFO - [2023-09-17T12:49:23.956+0000] {manager.py:499} INFO - Created Permission View: %s
[2023-09-17T12:49:23.979+0000] {logging_mixin.py:151} INFO - [2023-09-17T12:49:23.979+0000] {manager.py:499} INFO - Created Permission View: %s
[2023-09-17T12:49:24.001+0000] {logging_mixin.py:151} INFO - [2023-09-17T12:49:24.001+0000] {manager.py:499} INFO - Created Permission View: %s
[2023-09-17T12:49:24.002+0000] {logging_mixin.py:151} INFO - [2023-09-17T12:49:24.001+0000] {security.py:708} INFO - Not syncing DAG-level permissions for DAG 'DAG:main_dag' as access control is unset.
[2023-09-17T12:49:24.002+0000] {logging_mixin.py:151} INFO - [2023-09-17T12:49:24.002+0000] {dag.py:2915} INFO - Sync 1 DAGs
[2023-09-17T12:49:24.017+0000] {logging_mixin.py:151} INFO - [2023-09-17T12:49:24.017+0000] {dag.py:2937} INFO - Creating ORM DAG for main_dag
[2023-09-17T12:49:24.018+0000] {logging_mixin.py:151} INFO - [2023-09-17T12:49:24.018+0000] {dag.py:3696} INFO - Setting next_dagrun for main_dag to None, run_after=None
[2023-09-17T12:49:24.051+0000] {processor.py:179} INFO - Processing /opt/airflow/dags/main_dag.py took 0.339 seconds
[2023-09-17T12:49:55.056+0000] {processor.py:157} INFO - Started process (PID=1059) to work on /opt/airflow/dags/main_dag.py
[2023-09-17T12:49:55.058+0000] {processor.py:829} INFO - Processing file /opt/airflow/dags/main_dag.py for tasks to queue
[2023-09-17T12:49:55.061+0000] {logging_mixin.py:151} INFO - [2023-09-17T12:49:55.061+0000] {dagbag.py:539} INFO - Filling up the DagBag from /opt/airflow/dags/main_dag.py
[2023-09-17T12:49:55.071+0000] {processor.py:839} INFO - DAG(s) dict_keys(['main_dag']) retrieved from /opt/airflow/dags/main_dag.py
[2023-09-17T12:49:55.101+0000] {logging_mixin.py:151} INFO - [2023-09-17T12:49:55.101+0000] {dag.py:2915} INFO - Sync 1 DAGs
[2023-09-17T12:49:55.120+0000] {logging_mixin.py:151} INFO - [2023-09-17T12:49:55.119+0000] {dag.py:3696} INFO - Setting next_dagrun for main_dag to None, run_after=None
[2023-09-17T12:49:55.167+0000] {processor.py:179} INFO - Processing /opt/airflow/dags/main_dag.py took 0.115 seconds
[2023-09-17T12:50:25.590+0000] {processor.py:157} INFO - Started process (PID=1114) to work on /opt/airflow/dags/main_dag.py
[2023-09-17T12:50:25.592+0000] {processor.py:829} INFO - Processing file /opt/airflow/dags/main_dag.py for tasks to queue
[2023-09-17T12:50:25.596+0000] {logging_mixin.py:151} INFO - [2023-09-17T12:50:25.596+0000] {dagbag.py:539} INFO - Filling up the DagBag from /opt/airflow/dags/main_dag.py
[2023-09-17T12:50:25.605+0000] {processor.py:839} INFO - DAG(s) dict_keys(['main_dag']) retrieved from /opt/airflow/dags/main_dag.py
[2023-09-17T12:50:25.645+0000] {logging_mixin.py:151} INFO - [2023-09-17T12:50:25.645+0000] {dag.py:2915} INFO - Sync 1 DAGs
[2023-09-17T12:50:25.669+0000] {logging_mixin.py:151} INFO - [2023-09-17T12:50:25.669+0000] {dag.py:3696} INFO - Setting next_dagrun for main_dag to None, run_after=None
[2023-09-17T12:50:25.714+0000] {processor.py:179} INFO - Processing /opt/airflow/dags/main_dag.py took 0.129 seconds
[2023-09-17T12:50:56.155+0000] {processor.py:157} INFO - Started process (PID=1169) to work on /opt/airflow/dags/main_dag.py
[2023-09-17T12:50:56.180+0000] {processor.py:829} INFO - Processing file /opt/airflow/dags/main_dag.py for tasks to queue
[2023-09-17T12:50:56.186+0000] {logging_mixin.py:151} INFO - [2023-09-17T12:50:56.186+0000] {dagbag.py:539} INFO - Filling up the DagBag from /opt/airflow/dags/main_dag.py
[2023-09-17T12:50:56.198+0000] {processor.py:839} INFO - DAG(s) dict_keys(['main_dag']) retrieved from /opt/airflow/dags/main_dag.py
[2023-09-17T12:50:56.280+0000] {logging_mixin.py:151} INFO - [2023-09-17T12:50:56.280+0000] {dag.py:2915} INFO - Sync 1 DAGs
[2023-09-17T12:50:56.327+0000] {logging_mixin.py:151} INFO - [2023-09-17T12:50:56.326+0000] {dag.py:3696} INFO - Setting next_dagrun for main_dag to None, run_after=None
[2023-09-17T12:50:56.410+0000] {processor.py:179} INFO - Processing /opt/airflow/dags/main_dag.py took 0.265 seconds
[2023-09-17T12:51:26.766+0000] {processor.py:157} INFO - Started process (PID=1223) to work on /opt/airflow/dags/main_dag.py
[2023-09-17T12:51:26.768+0000] {processor.py:829} INFO - Processing file /opt/airflow/dags/main_dag.py for tasks to queue
[2023-09-17T12:51:26.771+0000] {logging_mixin.py:151} INFO - [2023-09-17T12:51:26.770+0000] {dagbag.py:539} INFO - Filling up the DagBag from /opt/airflow/dags/main_dag.py
[2023-09-17T12:51:26.787+0000] {processor.py:839} INFO - DAG(s) dict_keys(['main_dag']) retrieved from /opt/airflow/dags/main_dag.py
[2023-09-17T12:51:26.835+0000] {logging_mixin.py:151} INFO - [2023-09-17T12:51:26.834+0000] {dag.py:2915} INFO - Sync 1 DAGs
[2023-09-17T12:51:26.863+0000] {logging_mixin.py:151} INFO - [2023-09-17T12:51:26.863+0000] {dag.py:3696} INFO - Setting next_dagrun for main_dag to None, run_after=None
[2023-09-17T12:51:26.920+0000] {processor.py:179} INFO - Processing /opt/airflow/dags/main_dag.py took 0.164 seconds
[2023-09-17T12:51:57.525+0000] {processor.py:157} INFO - Started process (PID=1277) to work on /opt/airflow/dags/main_dag.py
[2023-09-17T12:51:57.527+0000] {processor.py:829} INFO - Processing file /opt/airflow/dags/main_dag.py for tasks to queue
[2023-09-17T12:51:57.530+0000] {logging_mixin.py:151} INFO - [2023-09-17T12:51:57.530+0000] {dagbag.py:539} INFO - Filling up the DagBag from /opt/airflow/dags/main_dag.py
[2023-09-17T12:51:57.547+0000] {processor.py:839} INFO - DAG(s) dict_keys(['main_dag']) retrieved from /opt/airflow/dags/main_dag.py
[2023-09-17T12:51:57.596+0000] {logging_mixin.py:151} INFO - [2023-09-17T12:51:57.596+0000] {dag.py:2915} INFO - Sync 1 DAGs
[2023-09-17T12:51:57.629+0000] {logging_mixin.py:151} INFO - [2023-09-17T12:51:57.629+0000] {dag.py:3696} INFO - Setting next_dagrun for main_dag to None, run_after=None
[2023-09-17T12:51:57.690+0000] {processor.py:179} INFO - Processing /opt/airflow/dags/main_dag.py took 0.171 seconds
[2023-09-17T12:52:28.591+0000] {processor.py:157} INFO - Started process (PID=1333) to work on /opt/airflow/dags/main_dag.py
[2023-09-17T12:52:28.593+0000] {processor.py:829} INFO - Processing file /opt/airflow/dags/main_dag.py for tasks to queue
[2023-09-17T12:52:28.605+0000] {logging_mixin.py:151} INFO - [2023-09-17T12:52:28.604+0000] {dagbag.py:539} INFO - Filling up the DagBag from /opt/airflow/dags/main_dag.py
[2023-09-17T12:52:28.632+0000] {processor.py:839} INFO - DAG(s) dict_keys(['main_dag']) retrieved from /opt/airflow/dags/main_dag.py
[2023-09-17T12:52:28.690+0000] {logging_mixin.py:151} INFO - [2023-09-17T12:52:28.690+0000] {dag.py:2915} INFO - Sync 1 DAGs
[2023-09-17T12:52:28.728+0000] {logging_mixin.py:151} INFO - [2023-09-17T12:52:28.727+0000] {dag.py:3696} INFO - Setting next_dagrun for main_dag to None, run_after=None
[2023-09-17T12:52:28.792+0000] {processor.py:179} INFO - Processing /opt/airflow/dags/main_dag.py took 0.213 seconds
[2023-09-17T12:52:59.541+0000] {processor.py:157} INFO - Started process (PID=1388) to work on /opt/airflow/dags/main_dag.py
[2023-09-17T12:52:59.602+0000] {processor.py:829} INFO - Processing file /opt/airflow/dags/main_dag.py for tasks to queue
[2023-09-17T12:52:59.607+0000] {logging_mixin.py:151} INFO - [2023-09-17T12:52:59.606+0000] {dagbag.py:539} INFO - Filling up the DagBag from /opt/airflow/dags/main_dag.py
[2023-09-17T12:52:59.677+0000] {processor.py:839} INFO - DAG(s) dict_keys(['main_dag']) retrieved from /opt/airflow/dags/main_dag.py
[2023-09-17T12:52:59.804+0000] {logging_mixin.py:151} INFO - [2023-09-17T12:52:59.799+0000] {dag.py:2915} INFO - Sync 1 DAGs
[2023-09-17T12:52:59.911+0000] {logging_mixin.py:151} INFO - [2023-09-17T12:52:59.910+0000] {dag.py:3696} INFO - Setting next_dagrun for main_dag to None, run_after=None
[2023-09-17T12:53:00.232+0000] {processor.py:179} INFO - Processing /opt/airflow/dags/main_dag.py took 0.698 seconds
[2023-09-17T12:55:48.387+0000] {processor.py:157} INFO - Started process (PID=37) to work on /opt/airflow/dags/main_dag.py
[2023-09-17T12:55:48.413+0000] {processor.py:829} INFO - Processing file /opt/airflow/dags/main_dag.py for tasks to queue
[2023-09-17T12:55:48.421+0000] {logging_mixin.py:151} INFO - [2023-09-17T12:55:48.419+0000] {dagbag.py:539} INFO - Filling up the DagBag from /opt/airflow/dags/main_dag.py
[2023-09-17T12:55:48.509+0000] {processor.py:839} INFO - DAG(s) dict_keys(['main_dag']) retrieved from /opt/airflow/dags/main_dag.py
[2023-09-17T12:55:49.370+0000] {logging_mixin.py:151} INFO - [2023-09-17T12:55:49.370+0000] {security.py:708} INFO - Not syncing DAG-level permissions for DAG 'DAG:main_dag' as access control is unset.
[2023-09-17T12:55:49.371+0000] {logging_mixin.py:151} INFO - [2023-09-17T12:55:49.371+0000] {dag.py:2915} INFO - Sync 1 DAGs
[2023-09-17T12:55:49.423+0000] {logging_mixin.py:151} INFO - [2023-09-17T12:55:49.423+0000] {dag.py:3696} INFO - Setting next_dagrun for main_dag to None, run_after=None
[2023-09-17T12:55:49.731+0000] {processor.py:179} INFO - Processing /opt/airflow/dags/main_dag.py took 1.371 seconds
[2023-09-17T12:56:19.903+0000] {processor.py:157} INFO - Started process (PID=45) to work on /opt/airflow/dags/main_dag.py
[2023-09-17T12:56:19.920+0000] {processor.py:829} INFO - Processing file /opt/airflow/dags/main_dag.py for tasks to queue
[2023-09-17T12:56:19.923+0000] {logging_mixin.py:151} INFO - [2023-09-17T12:56:19.923+0000] {dagbag.py:539} INFO - Filling up the DagBag from /opt/airflow/dags/main_dag.py
[2023-09-17T12:56:19.954+0000] {processor.py:839} INFO - DAG(s) dict_keys(['main_dag']) retrieved from /opt/airflow/dags/main_dag.py
[2023-09-17T12:56:20.052+0000] {logging_mixin.py:151} INFO - [2023-09-17T12:56:20.051+0000] {dag.py:2915} INFO - Sync 1 DAGs
[2023-09-17T12:56:20.088+0000] {logging_mixin.py:151} INFO - [2023-09-17T12:56:20.088+0000] {dag.py:3696} INFO - Setting next_dagrun for main_dag to None, run_after=None
[2023-09-17T12:56:20.141+0000] {processor.py:179} INFO - Processing /opt/airflow/dags/main_dag.py took 0.246 seconds
[2023-09-17T12:56:50.309+0000] {processor.py:157} INFO - Started process (PID=53) to work on /opt/airflow/dags/main_dag.py
[2023-09-17T12:56:50.310+0000] {processor.py:829} INFO - Processing file /opt/airflow/dags/main_dag.py for tasks to queue
[2023-09-17T12:56:50.313+0000] {logging_mixin.py:151} INFO - [2023-09-17T12:56:50.313+0000] {dagbag.py:539} INFO - Filling up the DagBag from /opt/airflow/dags/main_dag.py
[2023-09-17T12:56:50.337+0000] {processor.py:839} INFO - DAG(s) dict_keys(['main_dag']) retrieved from /opt/airflow/dags/main_dag.py
[2023-09-17T12:56:50.409+0000] {logging_mixin.py:151} INFO - [2023-09-17T12:56:50.409+0000] {dag.py:2915} INFO - Sync 1 DAGs
[2023-09-17T12:56:50.450+0000] {logging_mixin.py:151} INFO - [2023-09-17T12:56:50.449+0000] {dag.py:3696} INFO - Setting next_dagrun for main_dag to None, run_after=None
[2023-09-17T12:56:50.531+0000] {processor.py:179} INFO - Processing /opt/airflow/dags/main_dag.py took 0.230 seconds
[2023-09-17T12:57:20.644+0000] {processor.py:157} INFO - Started process (PID=61) to work on /opt/airflow/dags/main_dag.py
[2023-09-17T12:57:20.659+0000] {processor.py:829} INFO - Processing file /opt/airflow/dags/main_dag.py for tasks to queue
[2023-09-17T12:57:20.661+0000] {logging_mixin.py:151} INFO - [2023-09-17T12:57:20.661+0000] {dagbag.py:539} INFO - Filling up the DagBag from /opt/airflow/dags/main_dag.py
[2023-09-17T12:57:20.689+0000] {processor.py:839} INFO - DAG(s) dict_keys(['main_dag']) retrieved from /opt/airflow/dags/main_dag.py
[2023-09-17T12:57:20.768+0000] {logging_mixin.py:151} INFO - [2023-09-17T12:57:20.768+0000] {dag.py:2915} INFO - Sync 1 DAGs
[2023-09-17T12:57:20.826+0000] {logging_mixin.py:151} INFO - [2023-09-17T12:57:20.826+0000] {dag.py:3696} INFO - Setting next_dagrun for main_dag to None, run_after=None
[2023-09-17T12:57:20.908+0000] {processor.py:179} INFO - Processing /opt/airflow/dags/main_dag.py took 0.269 seconds
[2023-09-17T12:57:51.051+0000] {processor.py:157} INFO - Started process (PID=70) to work on /opt/airflow/dags/main_dag.py
[2023-09-17T12:57:51.053+0000] {processor.py:829} INFO - Processing file /opt/airflow/dags/main_dag.py for tasks to queue
[2023-09-17T12:57:51.055+0000] {logging_mixin.py:151} INFO - [2023-09-17T12:57:51.055+0000] {dagbag.py:539} INFO - Filling up the DagBag from /opt/airflow/dags/main_dag.py
[2023-09-17T12:57:51.088+0000] {processor.py:839} INFO - DAG(s) dict_keys(['main_dag']) retrieved from /opt/airflow/dags/main_dag.py
[2023-09-17T12:57:51.166+0000] {logging_mixin.py:151} INFO - [2023-09-17T12:57:51.165+0000] {dag.py:2915} INFO - Sync 1 DAGs
[2023-09-17T12:57:51.198+0000] {logging_mixin.py:151} INFO - [2023-09-17T12:57:51.196+0000] {dag.py:3696} INFO - Setting next_dagrun for main_dag to None, run_after=None
[2023-09-17T12:57:51.254+0000] {processor.py:179} INFO - Processing /opt/airflow/dags/main_dag.py took 0.213 seconds
[2023-09-17T12:58:21.349+0000] {processor.py:157} INFO - Started process (PID=77) to work on /opt/airflow/dags/main_dag.py
[2023-09-17T12:58:21.362+0000] {processor.py:829} INFO - Processing file /opt/airflow/dags/main_dag.py for tasks to queue
[2023-09-17T12:58:21.365+0000] {logging_mixin.py:151} INFO - [2023-09-17T12:58:21.365+0000] {dagbag.py:539} INFO - Filling up the DagBag from /opt/airflow/dags/main_dag.py
[2023-09-17T12:58:21.383+0000] {processor.py:839} INFO - DAG(s) dict_keys(['main_dag']) retrieved from /opt/airflow/dags/main_dag.py
[2023-09-17T12:58:21.447+0000] {logging_mixin.py:151} INFO - [2023-09-17T12:58:21.447+0000] {dag.py:2915} INFO - Sync 1 DAGs
[2023-09-17T12:58:21.478+0000] {logging_mixin.py:151} INFO - [2023-09-17T12:58:21.478+0000] {dag.py:3696} INFO - Setting next_dagrun for main_dag to None, run_after=None
[2023-09-17T12:58:21.522+0000] {processor.py:179} INFO - Processing /opt/airflow/dags/main_dag.py took 0.179 seconds
[2023-09-17T12:58:51.759+0000] {processor.py:157} INFO - Started process (PID=85) to work on /opt/airflow/dags/main_dag.py
[2023-09-17T12:58:51.760+0000] {processor.py:829} INFO - Processing file /opt/airflow/dags/main_dag.py for tasks to queue
[2023-09-17T12:58:51.766+0000] {logging_mixin.py:151} INFO - [2023-09-17T12:58:51.764+0000] {dagbag.py:539} INFO - Filling up the DagBag from /opt/airflow/dags/main_dag.py
[2023-09-17T12:58:51.790+0000] {processor.py:839} INFO - DAG(s) dict_keys(['main_dag']) retrieved from /opt/airflow/dags/main_dag.py
[2023-09-17T12:58:51.859+0000] {logging_mixin.py:151} INFO - [2023-09-17T12:58:51.859+0000] {dag.py:2915} INFO - Sync 1 DAGs
[2023-09-17T12:58:51.888+0000] {logging_mixin.py:151} INFO - [2023-09-17T12:58:51.888+0000] {dag.py:3696} INFO - Setting next_dagrun for main_dag to None, run_after=None
[2023-09-17T12:58:51.940+0000] {processor.py:179} INFO - Processing /opt/airflow/dags/main_dag.py took 0.193 seconds
[2023-09-17T12:59:21.989+0000] {processor.py:157} INFO - Started process (PID=93) to work on /opt/airflow/dags/main_dag.py
[2023-09-17T12:59:21.990+0000] {processor.py:829} INFO - Processing file /opt/airflow/dags/main_dag.py for tasks to queue
[2023-09-17T12:59:21.993+0000] {logging_mixin.py:151} INFO - [2023-09-17T12:59:21.992+0000] {dagbag.py:539} INFO - Filling up the DagBag from /opt/airflow/dags/main_dag.py
[2023-09-17T12:59:22.012+0000] {processor.py:839} INFO - DAG(s) dict_keys(['main_dag']) retrieved from /opt/airflow/dags/main_dag.py
[2023-09-17T12:59:22.074+0000] {logging_mixin.py:151} INFO - [2023-09-17T12:59:22.073+0000] {dag.py:2915} INFO - Sync 1 DAGs
[2023-09-17T12:59:22.097+0000] {logging_mixin.py:151} INFO - [2023-09-17T12:59:22.096+0000] {dag.py:3696} INFO - Setting next_dagrun for main_dag to None, run_after=None
[2023-09-17T12:59:22.159+0000] {processor.py:179} INFO - Processing /opt/airflow/dags/main_dag.py took 0.177 seconds
[2023-09-17T12:59:52.391+0000] {processor.py:157} INFO - Started process (PID=100) to work on /opt/airflow/dags/main_dag.py
[2023-09-17T12:59:52.407+0000] {processor.py:829} INFO - Processing file /opt/airflow/dags/main_dag.py for tasks to queue
[2023-09-17T12:59:52.410+0000] {logging_mixin.py:151} INFO - [2023-09-17T12:59:52.409+0000] {dagbag.py:539} INFO - Filling up the DagBag from /opt/airflow/dags/main_dag.py
[2023-09-17T12:59:52.426+0000] {processor.py:839} INFO - DAG(s) dict_keys(['main_dag']) retrieved from /opt/airflow/dags/main_dag.py
[2023-09-17T12:59:52.478+0000] {logging_mixin.py:151} INFO - [2023-09-17T12:59:52.478+0000] {dag.py:2915} INFO - Sync 1 DAGs
[2023-09-17T12:59:52.508+0000] {logging_mixin.py:151} INFO - [2023-09-17T12:59:52.508+0000] {dag.py:3696} INFO - Setting next_dagrun for main_dag to None, run_after=None
[2023-09-17T12:59:52.556+0000] {processor.py:179} INFO - Processing /opt/airflow/dags/main_dag.py took 0.174 seconds
[2023-09-17T13:00:22.639+0000] {processor.py:157} INFO - Started process (PID=108) to work on /opt/airflow/dags/main_dag.py
[2023-09-17T13:00:22.659+0000] {processor.py:829} INFO - Processing file /opt/airflow/dags/main_dag.py for tasks to queue
[2023-09-17T13:00:22.662+0000] {logging_mixin.py:151} INFO - [2023-09-17T13:00:22.662+0000] {dagbag.py:539} INFO - Filling up the DagBag from /opt/airflow/dags/main_dag.py
[2023-09-17T13:00:22.680+0000] {processor.py:839} INFO - DAG(s) dict_keys(['main_dag']) retrieved from /opt/airflow/dags/main_dag.py
[2023-09-17T13:00:22.743+0000] {logging_mixin.py:151} INFO - [2023-09-17T13:00:22.743+0000] {dag.py:2915} INFO - Sync 1 DAGs
[2023-09-17T13:00:22.764+0000] {logging_mixin.py:151} INFO - [2023-09-17T13:00:22.764+0000] {dag.py:3696} INFO - Setting next_dagrun for main_dag to None, run_after=None
[2023-09-17T13:00:22.823+0000] {processor.py:179} INFO - Processing /opt/airflow/dags/main_dag.py took 0.192 seconds
[2023-09-17T13:00:53.070+0000] {processor.py:157} INFO - Started process (PID=116) to work on /opt/airflow/dags/main_dag.py
[2023-09-17T13:00:53.071+0000] {processor.py:829} INFO - Processing file /opt/airflow/dags/main_dag.py for tasks to queue
[2023-09-17T13:00:53.075+0000] {logging_mixin.py:151} INFO - [2023-09-17T13:00:53.075+0000] {dagbag.py:539} INFO - Filling up the DagBag from /opt/airflow/dags/main_dag.py
[2023-09-17T13:00:53.098+0000] {processor.py:839} INFO - DAG(s) dict_keys(['main_dag']) retrieved from /opt/airflow/dags/main_dag.py
[2023-09-17T13:00:53.186+0000] {logging_mixin.py:151} INFO - [2023-09-17T13:00:53.186+0000] {dag.py:2915} INFO - Sync 1 DAGs
[2023-09-17T13:00:53.223+0000] {logging_mixin.py:151} INFO - [2023-09-17T13:00:53.223+0000] {dag.py:3696} INFO - Setting next_dagrun for main_dag to None, run_after=None
[2023-09-17T13:00:53.290+0000] {processor.py:179} INFO - Processing /opt/airflow/dags/main_dag.py took 0.228 seconds
[2023-09-17T13:01:23.541+0000] {processor.py:157} INFO - Started process (PID=124) to work on /opt/airflow/dags/main_dag.py
[2023-09-17T13:01:23.572+0000] {processor.py:829} INFO - Processing file /opt/airflow/dags/main_dag.py for tasks to queue
[2023-09-17T13:01:23.575+0000] {logging_mixin.py:151} INFO - [2023-09-17T13:01:23.575+0000] {dagbag.py:539} INFO - Filling up the DagBag from /opt/airflow/dags/main_dag.py
[2023-09-17T13:01:23.592+0000] {processor.py:839} INFO - DAG(s) dict_keys(['main_dag']) retrieved from /opt/airflow/dags/main_dag.py
[2023-09-17T13:01:23.655+0000] {logging_mixin.py:151} INFO - [2023-09-17T13:01:23.654+0000] {dag.py:2915} INFO - Sync 1 DAGs
[2023-09-17T13:01:23.695+0000] {logging_mixin.py:151} INFO - [2023-09-17T13:01:23.694+0000] {dag.py:3696} INFO - Setting next_dagrun for main_dag to None, run_after=None
[2023-09-17T13:01:23.761+0000] {processor.py:179} INFO - Processing /opt/airflow/dags/main_dag.py took 0.228 seconds
[2023-09-17T13:01:54.011+0000] {processor.py:157} INFO - Started process (PID=132) to work on /opt/airflow/dags/main_dag.py
[2023-09-17T13:01:54.012+0000] {processor.py:829} INFO - Processing file /opt/airflow/dags/main_dag.py for tasks to queue
[2023-09-17T13:01:54.018+0000] {logging_mixin.py:151} INFO - [2023-09-17T13:01:54.017+0000] {dagbag.py:539} INFO - Filling up the DagBag from /opt/airflow/dags/main_dag.py
[2023-09-17T13:01:54.035+0000] {processor.py:839} INFO - DAG(s) dict_keys(['main_dag']) retrieved from /opt/airflow/dags/main_dag.py
[2023-09-17T13:01:54.093+0000] {logging_mixin.py:151} INFO - [2023-09-17T13:01:54.093+0000] {dag.py:2915} INFO - Sync 1 DAGs
[2023-09-17T13:01:54.116+0000] {logging_mixin.py:151} INFO - [2023-09-17T13:01:54.116+0000] {dag.py:3696} INFO - Setting next_dagrun for main_dag to None, run_after=None
[2023-09-17T13:01:54.233+0000] {processor.py:179} INFO - Processing /opt/airflow/dags/main_dag.py took 0.226 seconds
[2023-09-17T13:02:24.442+0000] {processor.py:157} INFO - Started process (PID=140) to work on /opt/airflow/dags/main_dag.py
[2023-09-17T13:02:24.443+0000] {processor.py:829} INFO - Processing file /opt/airflow/dags/main_dag.py for tasks to queue
[2023-09-17T13:02:24.450+0000] {logging_mixin.py:151} INFO - [2023-09-17T13:02:24.449+0000] {dagbag.py:539} INFO - Filling up the DagBag from /opt/airflow/dags/main_dag.py
[2023-09-17T13:02:24.469+0000] {processor.py:839} INFO - DAG(s) dict_keys(['main_dag']) retrieved from /opt/airflow/dags/main_dag.py
[2023-09-17T13:02:24.512+0000] {logging_mixin.py:151} INFO - [2023-09-17T13:02:24.511+0000] {dag.py:2915} INFO - Sync 1 DAGs
[2023-09-17T13:02:24.534+0000] {logging_mixin.py:151} INFO - [2023-09-17T13:02:24.533+0000] {dag.py:3696} INFO - Setting next_dagrun for main_dag to None, run_after=None
[2023-09-17T13:02:24.586+0000] {processor.py:179} INFO - Processing /opt/airflow/dags/main_dag.py took 0.150 seconds
[2023-09-17T13:02:54.640+0000] {processor.py:157} INFO - Started process (PID=148) to work on /opt/airflow/dags/main_dag.py
[2023-09-17T13:02:54.651+0000] {processor.py:829} INFO - Processing file /opt/airflow/dags/main_dag.py for tasks to queue
[2023-09-17T13:02:54.654+0000] {logging_mixin.py:151} INFO - [2023-09-17T13:02:54.654+0000] {dagbag.py:539} INFO - Filling up the DagBag from /opt/airflow/dags/main_dag.py
[2023-09-17T13:02:54.668+0000] {processor.py:839} INFO - DAG(s) dict_keys(['main_dag']) retrieved from /opt/airflow/dags/main_dag.py
[2023-09-17T13:02:54.716+0000] {logging_mixin.py:151} INFO - [2023-09-17T13:02:54.716+0000] {dag.py:2915} INFO - Sync 1 DAGs
[2023-09-17T13:02:54.743+0000] {logging_mixin.py:151} INFO - [2023-09-17T13:02:54.743+0000] {dag.py:3696} INFO - Setting next_dagrun for main_dag to None, run_after=None
[2023-09-17T13:02:54.797+0000] {processor.py:179} INFO - Processing /opt/airflow/dags/main_dag.py took 0.160 seconds
[2023-09-17T13:03:25.033+0000] {processor.py:157} INFO - Started process (PID=156) to work on /opt/airflow/dags/main_dag.py
[2023-09-17T13:03:25.033+0000] {processor.py:829} INFO - Processing file /opt/airflow/dags/main_dag.py for tasks to queue
[2023-09-17T13:03:25.036+0000] {logging_mixin.py:151} INFO - [2023-09-17T13:03:25.036+0000] {dagbag.py:539} INFO - Filling up the DagBag from /opt/airflow/dags/main_dag.py
[2023-09-17T13:03:25.050+0000] {processor.py:839} INFO - DAG(s) dict_keys(['main_dag']) retrieved from /opt/airflow/dags/main_dag.py
[2023-09-17T13:03:25.090+0000] {logging_mixin.py:151} INFO - [2023-09-17T13:03:25.089+0000] {dag.py:2915} INFO - Sync 1 DAGs
[2023-09-17T13:03:25.116+0000] {logging_mixin.py:151} INFO - [2023-09-17T13:03:25.116+0000] {dag.py:3696} INFO - Setting next_dagrun for main_dag to None, run_after=None
[2023-09-17T13:03:25.171+0000] {processor.py:179} INFO - Processing /opt/airflow/dags/main_dag.py took 0.143 seconds
[2023-09-17T13:03:55.262+0000] {processor.py:157} INFO - Started process (PID=164) to work on /opt/airflow/dags/main_dag.py
[2023-09-17T13:03:55.289+0000] {processor.py:829} INFO - Processing file /opt/airflow/dags/main_dag.py for tasks to queue
[2023-09-17T13:03:55.294+0000] {logging_mixin.py:151} INFO - [2023-09-17T13:03:55.293+0000] {dagbag.py:539} INFO - Filling up the DagBag from /opt/airflow/dags/main_dag.py
[2023-09-17T13:03:55.310+0000] {processor.py:839} INFO - DAG(s) dict_keys(['main_dag']) retrieved from /opt/airflow/dags/main_dag.py
[2023-09-17T13:03:55.351+0000] {logging_mixin.py:151} INFO - [2023-09-17T13:03:55.351+0000] {dag.py:2915} INFO - Sync 1 DAGs
[2023-09-17T13:03:55.375+0000] {logging_mixin.py:151} INFO - [2023-09-17T13:03:55.374+0000] {dag.py:3696} INFO - Setting next_dagrun for main_dag to None, run_after=None
[2023-09-17T13:03:55.413+0000] {processor.py:179} INFO - Processing /opt/airflow/dags/main_dag.py took 0.157 seconds
[2023-09-17T13:03:56.381+0000] {processor.py:157} INFO - Started process (PID=165) to work on /opt/airflow/dags/main_dag.py
[2023-09-17T13:03:56.385+0000] {processor.py:829} INFO - Processing file /opt/airflow/dags/main_dag.py for tasks to queue
[2023-09-17T13:03:56.395+0000] {logging_mixin.py:151} INFO - [2023-09-17T13:03:56.393+0000] {dagbag.py:539} INFO - Filling up the DagBag from /opt/airflow/dags/main_dag.py
[2023-09-17T13:03:56.420+0000] {processor.py:839} INFO - DAG(s) dict_keys(['main_dag']) retrieved from /opt/airflow/dags/main_dag.py
[2023-09-17T13:03:56.652+0000] {logging_mixin.py:151} INFO - [2023-09-17T13:03:56.651+0000] {security.py:708} INFO - Not syncing DAG-level permissions for DAG 'DAG:main_dag' as access control is unset.
[2023-09-17T13:03:56.652+0000] {logging_mixin.py:151} INFO - [2023-09-17T13:03:56.652+0000] {dag.py:2915} INFO - Sync 1 DAGs
[2023-09-17T13:03:56.683+0000] {logging_mixin.py:151} INFO - [2023-09-17T13:03:56.683+0000] {dag.py:3696} INFO - Setting next_dagrun for main_dag to None, run_after=None
[2023-09-17T13:03:56.856+0000] {processor.py:179} INFO - Processing /opt/airflow/dags/main_dag.py took 0.485 seconds
[2023-09-17T13:04:27.152+0000] {processor.py:157} INFO - Started process (PID=172) to work on /opt/airflow/dags/main_dag.py
[2023-09-17T13:04:27.154+0000] {processor.py:829} INFO - Processing file /opt/airflow/dags/main_dag.py for tasks to queue
[2023-09-17T13:04:27.162+0000] {logging_mixin.py:151} INFO - [2023-09-17T13:04:27.161+0000] {dagbag.py:539} INFO - Filling up the DagBag from /opt/airflow/dags/main_dag.py
[2023-09-17T13:04:27.192+0000] {processor.py:839} INFO - DAG(s) dict_keys(['main_dag']) retrieved from /opt/airflow/dags/main_dag.py
[2023-09-17T13:04:27.353+0000] {logging_mixin.py:151} INFO - [2023-09-17T13:04:27.353+0000] {dag.py:2915} INFO - Sync 1 DAGs
[2023-09-17T13:04:27.421+0000] {logging_mixin.py:151} INFO - [2023-09-17T13:04:27.420+0000] {dag.py:3696} INFO - Setting next_dagrun for main_dag to None, run_after=None
[2023-09-17T13:04:27.535+0000] {processor.py:179} INFO - Processing /opt/airflow/dags/main_dag.py took 0.398 seconds
[2023-09-17T13:04:57.810+0000] {processor.py:157} INFO - Started process (PID=180) to work on /opt/airflow/dags/main_dag.py
[2023-09-17T13:04:57.832+0000] {processor.py:829} INFO - Processing file /opt/airflow/dags/main_dag.py for tasks to queue
[2023-09-17T13:04:57.835+0000] {logging_mixin.py:151} INFO - [2023-09-17T13:04:57.835+0000] {dagbag.py:539} INFO - Filling up the DagBag from /opt/airflow/dags/main_dag.py
[2023-09-17T13:04:57.854+0000] {processor.py:839} INFO - DAG(s) dict_keys(['main_dag']) retrieved from /opt/airflow/dags/main_dag.py
[2023-09-17T13:04:57.936+0000] {logging_mixin.py:151} INFO - [2023-09-17T13:04:57.936+0000] {dag.py:2915} INFO - Sync 1 DAGs
[2023-09-17T13:04:57.966+0000] {logging_mixin.py:151} INFO - [2023-09-17T13:04:57.965+0000] {dag.py:3696} INFO - Setting next_dagrun for main_dag to None, run_after=None
[2023-09-17T13:04:58.021+0000] {processor.py:179} INFO - Processing /opt/airflow/dags/main_dag.py took 0.217 seconds
[2023-09-17T13:05:28.278+0000] {processor.py:157} INFO - Started process (PID=188) to work on /opt/airflow/dags/main_dag.py
[2023-09-17T13:05:28.280+0000] {processor.py:829} INFO - Processing file /opt/airflow/dags/main_dag.py for tasks to queue
[2023-09-17T13:05:28.283+0000] {logging_mixin.py:151} INFO - [2023-09-17T13:05:28.282+0000] {dagbag.py:539} INFO - Filling up the DagBag from /opt/airflow/dags/main_dag.py
[2023-09-17T13:05:28.301+0000] {processor.py:839} INFO - DAG(s) dict_keys(['main_dag']) retrieved from /opt/airflow/dags/main_dag.py
[2023-09-17T13:05:28.370+0000] {logging_mixin.py:151} INFO - [2023-09-17T13:05:28.369+0000] {dag.py:2915} INFO - Sync 1 DAGs
[2023-09-17T13:05:28.397+0000] {logging_mixin.py:151} INFO - [2023-09-17T13:05:28.397+0000] {dag.py:3696} INFO - Setting next_dagrun for main_dag to None, run_after=None
[2023-09-17T13:05:28.446+0000] {processor.py:179} INFO - Processing /opt/airflow/dags/main_dag.py took 0.176 seconds
[2023-09-17T13:05:58.590+0000] {processor.py:157} INFO - Started process (PID=196) to work on /opt/airflow/dags/main_dag.py
[2023-09-17T13:05:58.599+0000] {processor.py:829} INFO - Processing file /opt/airflow/dags/main_dag.py for tasks to queue
[2023-09-17T13:05:58.603+0000] {logging_mixin.py:151} INFO - [2023-09-17T13:05:58.603+0000] {dagbag.py:539} INFO - Filling up the DagBag from /opt/airflow/dags/main_dag.py
[2023-09-17T13:05:58.622+0000] {processor.py:839} INFO - DAG(s) dict_keys(['main_dag']) retrieved from /opt/airflow/dags/main_dag.py
[2023-09-17T13:05:58.683+0000] {logging_mixin.py:151} INFO - [2023-09-17T13:05:58.683+0000] {dag.py:2915} INFO - Sync 1 DAGs
[2023-09-17T13:05:58.705+0000] {logging_mixin.py:151} INFO - [2023-09-17T13:05:58.705+0000] {dag.py:3696} INFO - Setting next_dagrun for main_dag to None, run_after=None
[2023-09-17T13:05:58.773+0000] {processor.py:179} INFO - Processing /opt/airflow/dags/main_dag.py took 0.189 seconds
[2023-09-17T13:06:28.921+0000] {processor.py:157} INFO - Started process (PID=203) to work on /opt/airflow/dags/main_dag.py
[2023-09-17T13:06:28.922+0000] {processor.py:829} INFO - Processing file /opt/airflow/dags/main_dag.py for tasks to queue
[2023-09-17T13:06:28.924+0000] {logging_mixin.py:151} INFO - [2023-09-17T13:06:28.924+0000] {dagbag.py:539} INFO - Filling up the DagBag from /opt/airflow/dags/main_dag.py
[2023-09-17T13:06:28.941+0000] {processor.py:839} INFO - DAG(s) dict_keys(['main_dag']) retrieved from /opt/airflow/dags/main_dag.py
[2023-09-17T13:06:28.998+0000] {logging_mixin.py:151} INFO - [2023-09-17T13:06:28.997+0000] {dag.py:2915} INFO - Sync 1 DAGs
[2023-09-17T13:06:29.023+0000] {logging_mixin.py:151} INFO - [2023-09-17T13:06:29.023+0000] {dag.py:3696} INFO - Setting next_dagrun for main_dag to None, run_after=None
[2023-09-17T13:06:29.067+0000] {processor.py:179} INFO - Processing /opt/airflow/dags/main_dag.py took 0.151 seconds
[2023-09-17T13:06:59.240+0000] {processor.py:157} INFO - Started process (PID=210) to work on /opt/airflow/dags/main_dag.py
[2023-09-17T13:06:59.246+0000] {processor.py:829} INFO - Processing file /opt/airflow/dags/main_dag.py for tasks to queue
[2023-09-17T13:06:59.249+0000] {logging_mixin.py:151} INFO - [2023-09-17T13:06:59.248+0000] {dagbag.py:539} INFO - Filling up the DagBag from /opt/airflow/dags/main_dag.py
[2023-09-17T13:06:59.269+0000] {processor.py:839} INFO - DAG(s) dict_keys(['main_dag']) retrieved from /opt/airflow/dags/main_dag.py
[2023-09-17T13:06:59.330+0000] {logging_mixin.py:151} INFO - [2023-09-17T13:06:59.330+0000] {dag.py:2915} INFO - Sync 1 DAGs
[2023-09-17T13:06:59.359+0000] {logging_mixin.py:151} INFO - [2023-09-17T13:06:59.359+0000] {dag.py:3696} INFO - Setting next_dagrun for main_dag to None, run_after=None
[2023-09-17T13:06:59.409+0000] {processor.py:179} INFO - Processing /opt/airflow/dags/main_dag.py took 0.179 seconds
[2023-09-17T13:07:29.514+0000] {processor.py:157} INFO - Started process (PID=218) to work on /opt/airflow/dags/main_dag.py
[2023-09-17T13:07:29.515+0000] {processor.py:829} INFO - Processing file /opt/airflow/dags/main_dag.py for tasks to queue
[2023-09-17T13:07:29.518+0000] {logging_mixin.py:151} INFO - [2023-09-17T13:07:29.517+0000] {dagbag.py:539} INFO - Filling up the DagBag from /opt/airflow/dags/main_dag.py
[2023-09-17T13:07:29.540+0000] {processor.py:839} INFO - DAG(s) dict_keys(['main_dag']) retrieved from /opt/airflow/dags/main_dag.py
[2023-09-17T13:07:29.611+0000] {logging_mixin.py:151} INFO - [2023-09-17T13:07:29.610+0000] {dag.py:2915} INFO - Sync 1 DAGs
[2023-09-17T13:07:29.629+0000] {logging_mixin.py:151} INFO - [2023-09-17T13:07:29.629+0000] {dag.py:3696} INFO - Setting next_dagrun for main_dag to None, run_after=None
[2023-09-17T13:07:29.672+0000] {processor.py:179} INFO - Processing /opt/airflow/dags/main_dag.py took 0.162 seconds
[2023-09-17T13:07:37.693+0000] {processor.py:157} INFO - Started process (PID=219) to work on /opt/airflow/dags/main_dag.py
[2023-09-17T13:07:37.714+0000] {processor.py:829} INFO - Processing file /opt/airflow/dags/main_dag.py for tasks to queue
[2023-09-17T13:07:37.723+0000] {logging_mixin.py:151} INFO - [2023-09-17T13:07:37.722+0000] {dagbag.py:539} INFO - Filling up the DagBag from /opt/airflow/dags/main_dag.py
[2023-09-17T13:07:37.762+0000] {processor.py:839} INFO - DAG(s) dict_keys(['main_dag']) retrieved from /opt/airflow/dags/main_dag.py
[2023-09-17T13:07:38.242+0000] {logging_mixin.py:151} INFO - [2023-09-17T13:07:38.241+0000] {security.py:708} INFO - Not syncing DAG-level permissions for DAG 'DAG:main_dag' as access control is unset.
[2023-09-17T13:07:38.242+0000] {logging_mixin.py:151} INFO - [2023-09-17T13:07:38.242+0000] {dag.py:2915} INFO - Sync 1 DAGs
[2023-09-17T13:07:38.285+0000] {logging_mixin.py:151} INFO - [2023-09-17T13:07:38.284+0000] {dag.py:3696} INFO - Setting next_dagrun for main_dag to None, run_after=None
[2023-09-17T13:07:38.403+0000] {processor.py:179} INFO - Processing /opt/airflow/dags/main_dag.py took 0.719 seconds
[2023-09-17T13:08:08.665+0000] {processor.py:157} INFO - Started process (PID=228) to work on /opt/airflow/dags/main_dag.py
[2023-09-17T13:08:08.666+0000] {processor.py:829} INFO - Processing file /opt/airflow/dags/main_dag.py for tasks to queue
[2023-09-17T13:08:08.669+0000] {logging_mixin.py:151} INFO - [2023-09-17T13:08:08.668+0000] {dagbag.py:539} INFO - Filling up the DagBag from /opt/airflow/dags/main_dag.py
[2023-09-17T13:08:08.683+0000] {processor.py:839} INFO - DAG(s) dict_keys(['main_dag']) retrieved from /opt/airflow/dags/main_dag.py
[2023-09-17T13:08:08.728+0000] {logging_mixin.py:151} INFO - [2023-09-17T13:08:08.727+0000] {dag.py:2915} INFO - Sync 1 DAGs
[2023-09-17T13:08:08.750+0000] {logging_mixin.py:151} INFO - [2023-09-17T13:08:08.750+0000] {dag.py:3696} INFO - Setting next_dagrun for main_dag to None, run_after=None
[2023-09-17T13:08:08.796+0000] {processor.py:179} INFO - Processing /opt/airflow/dags/main_dag.py took 0.135 seconds
[2023-09-17T13:08:38.894+0000] {processor.py:157} INFO - Started process (PID=236) to work on /opt/airflow/dags/main_dag.py
[2023-09-17T13:08:38.897+0000] {processor.py:829} INFO - Processing file /opt/airflow/dags/main_dag.py for tasks to queue
[2023-09-17T13:08:38.902+0000] {logging_mixin.py:151} INFO - [2023-09-17T13:08:38.901+0000] {dagbag.py:539} INFO - Filling up the DagBag from /opt/airflow/dags/main_dag.py
[2023-09-17T13:08:38.927+0000] {processor.py:839} INFO - DAG(s) dict_keys(['main_dag']) retrieved from /opt/airflow/dags/main_dag.py
[2023-09-17T13:08:38.999+0000] {logging_mixin.py:151} INFO - [2023-09-17T13:08:38.999+0000] {dag.py:2915} INFO - Sync 1 DAGs
[2023-09-17T13:08:39.029+0000] {logging_mixin.py:151} INFO - [2023-09-17T13:08:39.029+0000] {dag.py:3696} INFO - Setting next_dagrun for main_dag to None, run_after=None
[2023-09-17T13:08:39.074+0000] {processor.py:179} INFO - Processing /opt/airflow/dags/main_dag.py took 0.186 seconds
[2023-09-17T13:09:09.247+0000] {processor.py:157} INFO - Started process (PID=243) to work on /opt/airflow/dags/main_dag.py
[2023-09-17T13:09:09.258+0000] {processor.py:829} INFO - Processing file /opt/airflow/dags/main_dag.py for tasks to queue
[2023-09-17T13:09:09.261+0000] {logging_mixin.py:151} INFO - [2023-09-17T13:09:09.261+0000] {dagbag.py:539} INFO - Filling up the DagBag from /opt/airflow/dags/main_dag.py
[2023-09-17T13:09:09.275+0000] {processor.py:839} INFO - DAG(s) dict_keys(['main_dag']) retrieved from /opt/airflow/dags/main_dag.py
[2023-09-17T13:09:09.330+0000] {logging_mixin.py:151} INFO - [2023-09-17T13:09:09.330+0000] {dag.py:2915} INFO - Sync 1 DAGs
[2023-09-17T13:09:09.373+0000] {logging_mixin.py:151} INFO - [2023-09-17T13:09:09.373+0000] {dag.py:3696} INFO - Setting next_dagrun for main_dag to None, run_after=None
[2023-09-17T13:09:09.424+0000] {processor.py:179} INFO - Processing /opt/airflow/dags/main_dag.py took 0.181 seconds
[2023-09-17T13:09:39.507+0000] {processor.py:157} INFO - Started process (PID=251) to work on /opt/airflow/dags/main_dag.py
[2023-09-17T13:09:39.509+0000] {processor.py:829} INFO - Processing file /opt/airflow/dags/main_dag.py for tasks to queue
[2023-09-17T13:09:39.512+0000] {logging_mixin.py:151} INFO - [2023-09-17T13:09:39.512+0000] {dagbag.py:539} INFO - Filling up the DagBag from /opt/airflow/dags/main_dag.py
[2023-09-17T13:09:39.532+0000] {processor.py:839} INFO - DAG(s) dict_keys(['main_dag']) retrieved from /opt/airflow/dags/main_dag.py
[2023-09-17T13:09:39.596+0000] {logging_mixin.py:151} INFO - [2023-09-17T13:09:39.595+0000] {dag.py:2915} INFO - Sync 1 DAGs
[2023-09-17T13:09:39.632+0000] {logging_mixin.py:151} INFO - [2023-09-17T13:09:39.631+0000] {dag.py:3696} INFO - Setting next_dagrun for main_dag to None, run_after=None
[2023-09-17T13:09:39.701+0000] {processor.py:179} INFO - Processing /opt/airflow/dags/main_dag.py took 0.202 seconds
[2023-09-17T13:10:09.887+0000] {processor.py:157} INFO - Started process (PID=260) to work on /opt/airflow/dags/main_dag.py
[2023-09-17T13:10:09.918+0000] {processor.py:829} INFO - Processing file /opt/airflow/dags/main_dag.py for tasks to queue
[2023-09-17T13:10:09.924+0000] {logging_mixin.py:151} INFO - [2023-09-17T13:10:09.923+0000] {dagbag.py:539} INFO - Filling up the DagBag from /opt/airflow/dags/main_dag.py
[2023-09-17T13:10:09.963+0000] {processor.py:839} INFO - DAG(s) dict_keys(['main_dag']) retrieved from /opt/airflow/dags/main_dag.py
[2023-09-17T13:10:10.056+0000] {logging_mixin.py:151} INFO - [2023-09-17T13:10:10.055+0000] {dag.py:2915} INFO - Sync 1 DAGs
[2023-09-17T13:10:10.093+0000] {logging_mixin.py:151} INFO - [2023-09-17T13:10:10.092+0000] {dag.py:3696} INFO - Setting next_dagrun for main_dag to None, run_after=None
[2023-09-17T13:10:10.206+0000] {processor.py:179} INFO - Processing /opt/airflow/dags/main_dag.py took 0.328 seconds
[2023-09-17T13:10:40.484+0000] {processor.py:157} INFO - Started process (PID=268) to work on /opt/airflow/dags/main_dag.py
[2023-09-17T13:10:40.485+0000] {processor.py:829} INFO - Processing file /opt/airflow/dags/main_dag.py for tasks to queue
[2023-09-17T13:10:40.487+0000] {logging_mixin.py:151} INFO - [2023-09-17T13:10:40.487+0000] {dagbag.py:539} INFO - Filling up the DagBag from /opt/airflow/dags/main_dag.py
[2023-09-17T13:10:40.501+0000] {processor.py:839} INFO - DAG(s) dict_keys(['main_dag']) retrieved from /opt/airflow/dags/main_dag.py
[2023-09-17T13:10:40.539+0000] {logging_mixin.py:151} INFO - [2023-09-17T13:10:40.539+0000] {dag.py:2915} INFO - Sync 1 DAGs
[2023-09-17T13:10:40.560+0000] {logging_mixin.py:151} INFO - [2023-09-17T13:10:40.559+0000] {dag.py:3696} INFO - Setting next_dagrun for main_dag to None, run_after=None
[2023-09-17T13:10:40.592+0000] {processor.py:179} INFO - Processing /opt/airflow/dags/main_dag.py took 0.113 seconds
[2023-09-17T13:11:10.747+0000] {processor.py:157} INFO - Started process (PID=276) to work on /opt/airflow/dags/main_dag.py
[2023-09-17T13:11:10.748+0000] {processor.py:829} INFO - Processing file /opt/airflow/dags/main_dag.py for tasks to queue
[2023-09-17T13:11:10.750+0000] {logging_mixin.py:151} INFO - [2023-09-17T13:11:10.750+0000] {dagbag.py:539} INFO - Filling up the DagBag from /opt/airflow/dags/main_dag.py
[2023-09-17T13:11:10.764+0000] {processor.py:839} INFO - DAG(s) dict_keys(['main_dag']) retrieved from /opt/airflow/dags/main_dag.py
[2023-09-17T13:11:10.805+0000] {logging_mixin.py:151} INFO - [2023-09-17T13:11:10.804+0000] {dag.py:2915} INFO - Sync 1 DAGs
[2023-09-17T13:11:10.835+0000] {logging_mixin.py:151} INFO - [2023-09-17T13:11:10.834+0000] {dag.py:3696} INFO - Setting next_dagrun for main_dag to None, run_after=None
[2023-09-17T13:11:10.909+0000] {processor.py:179} INFO - Processing /opt/airflow/dags/main_dag.py took 0.166 seconds
[2023-09-17T13:11:41.016+0000] {processor.py:157} INFO - Started process (PID=284) to work on /opt/airflow/dags/main_dag.py
[2023-09-17T13:11:41.017+0000] {processor.py:829} INFO - Processing file /opt/airflow/dags/main_dag.py for tasks to queue
[2023-09-17T13:11:41.020+0000] {logging_mixin.py:151} INFO - [2023-09-17T13:11:41.020+0000] {dagbag.py:539} INFO - Filling up the DagBag from /opt/airflow/dags/main_dag.py
[2023-09-17T13:11:41.033+0000] {processor.py:839} INFO - DAG(s) dict_keys(['main_dag']) retrieved from /opt/airflow/dags/main_dag.py
[2023-09-17T13:11:41.073+0000] {logging_mixin.py:151} INFO - [2023-09-17T13:11:41.073+0000] {dag.py:2915} INFO - Sync 1 DAGs
[2023-09-17T13:11:41.092+0000] {logging_mixin.py:151} INFO - [2023-09-17T13:11:41.092+0000] {dag.py:3696} INFO - Setting next_dagrun for main_dag to None, run_after=None
[2023-09-17T13:11:41.136+0000] {processor.py:179} INFO - Processing /opt/airflow/dags/main_dag.py took 0.125 seconds
[2023-09-17T13:12:11.331+0000] {processor.py:157} INFO - Started process (PID=292) to work on /opt/airflow/dags/main_dag.py
[2023-09-17T13:12:11.344+0000] {processor.py:829} INFO - Processing file /opt/airflow/dags/main_dag.py for tasks to queue
[2023-09-17T13:12:11.347+0000] {logging_mixin.py:151} INFO - [2023-09-17T13:12:11.347+0000] {dagbag.py:539} INFO - Filling up the DagBag from /opt/airflow/dags/main_dag.py
[2023-09-17T13:12:11.363+0000] {processor.py:839} INFO - DAG(s) dict_keys(['main_dag']) retrieved from /opt/airflow/dags/main_dag.py
[2023-09-17T13:12:11.409+0000] {logging_mixin.py:151} INFO - [2023-09-17T13:12:11.408+0000] {dag.py:2915} INFO - Sync 1 DAGs
[2023-09-17T13:12:11.432+0000] {logging_mixin.py:151} INFO - [2023-09-17T13:12:11.432+0000] {dag.py:3696} INFO - Setting next_dagrun for main_dag to None, run_after=None
[2023-09-17T13:12:11.500+0000] {processor.py:179} INFO - Processing /opt/airflow/dags/main_dag.py took 0.173 seconds
[2023-09-17T13:12:39.705+0000] {processor.py:157} INFO - Started process (PID=301) to work on /opt/airflow/dags/main_dag.py
[2023-09-17T13:12:39.706+0000] {processor.py:829} INFO - Processing file /opt/airflow/dags/main_dag.py for tasks to queue
[2023-09-17T13:12:39.711+0000] {logging_mixin.py:151} INFO - [2023-09-17T13:12:39.711+0000] {dagbag.py:539} INFO - Filling up the DagBag from /opt/airflow/dags/main_dag.py
[2023-09-17T13:12:39.740+0000] {processor.py:839} INFO - DAG(s) dict_keys(['main_dag']) retrieved from /opt/airflow/dags/main_dag.py
[2023-09-17T13:12:39.811+0000] {logging_mixin.py:151} INFO - [2023-09-17T13:12:39.811+0000] {dag.py:2915} INFO - Sync 1 DAGs
[2023-09-17T13:12:39.833+0000] {logging_mixin.py:151} INFO - [2023-09-17T13:12:39.833+0000] {dag.py:3696} INFO - Setting next_dagrun for main_dag to None, run_after=None
[2023-09-17T13:12:39.876+0000] {processor.py:179} INFO - Processing /opt/airflow/dags/main_dag.py took 0.179 seconds
[2023-09-17T13:13:09.936+0000] {processor.py:157} INFO - Started process (PID=309) to work on /opt/airflow/dags/main_dag.py
[2023-09-17T13:13:09.956+0000] {processor.py:829} INFO - Processing file /opt/airflow/dags/main_dag.py for tasks to queue
[2023-09-17T13:13:09.962+0000] {logging_mixin.py:151} INFO - [2023-09-17T13:13:09.961+0000] {dagbag.py:539} INFO - Filling up the DagBag from /opt/airflow/dags/main_dag.py
[2023-09-17T13:13:09.980+0000] {processor.py:839} INFO - DAG(s) dict_keys(['main_dag']) retrieved from /opt/airflow/dags/main_dag.py
[2023-09-17T13:13:10.029+0000] {logging_mixin.py:151} INFO - [2023-09-17T13:13:10.027+0000] {dag.py:2915} INFO - Sync 1 DAGs
[2023-09-17T13:13:10.079+0000] {logging_mixin.py:151} INFO - [2023-09-17T13:13:10.078+0000] {dag.py:3696} INFO - Setting next_dagrun for main_dag to None, run_after=None
[2023-09-17T13:13:10.172+0000] {processor.py:179} INFO - Processing /opt/airflow/dags/main_dag.py took 0.240 seconds
[2023-09-17T13:13:40.348+0000] {processor.py:157} INFO - Started process (PID=316) to work on /opt/airflow/dags/main_dag.py
[2023-09-17T13:13:40.349+0000] {processor.py:829} INFO - Processing file /opt/airflow/dags/main_dag.py for tasks to queue
[2023-09-17T13:13:40.355+0000] {logging_mixin.py:151} INFO - [2023-09-17T13:13:40.354+0000] {dagbag.py:539} INFO - Filling up the DagBag from /opt/airflow/dags/main_dag.py
[2023-09-17T13:13:40.382+0000] {processor.py:839} INFO - DAG(s) dict_keys(['main_dag']) retrieved from /opt/airflow/dags/main_dag.py
[2023-09-17T13:13:40.462+0000] {logging_mixin.py:151} INFO - [2023-09-17T13:13:40.462+0000] {dag.py:2915} INFO - Sync 1 DAGs
[2023-09-17T13:13:40.499+0000] {logging_mixin.py:151} INFO - [2023-09-17T13:13:40.498+0000] {dag.py:3696} INFO - Setting next_dagrun for main_dag to None, run_after=None
[2023-09-17T13:13:40.560+0000] {processor.py:179} INFO - Processing /opt/airflow/dags/main_dag.py took 0.218 seconds
[2023-09-17T13:14:10.674+0000] {processor.py:157} INFO - Started process (PID=324) to work on /opt/airflow/dags/main_dag.py
[2023-09-17T13:14:10.677+0000] {processor.py:829} INFO - Processing file /opt/airflow/dags/main_dag.py for tasks to queue
[2023-09-17T13:14:10.681+0000] {logging_mixin.py:151} INFO - [2023-09-17T13:14:10.680+0000] {dagbag.py:539} INFO - Filling up the DagBag from /opt/airflow/dags/main_dag.py
[2023-09-17T13:14:10.706+0000] {processor.py:839} INFO - DAG(s) dict_keys(['main_dag']) retrieved from /opt/airflow/dags/main_dag.py
[2023-09-17T13:14:10.809+0000] {logging_mixin.py:151} INFO - [2023-09-17T13:14:10.808+0000] {dag.py:2915} INFO - Sync 1 DAGs
[2023-09-17T13:14:10.855+0000] {logging_mixin.py:151} INFO - [2023-09-17T13:14:10.855+0000] {dag.py:3696} INFO - Setting next_dagrun for main_dag to None, run_after=None
[2023-09-17T13:14:10.946+0000] {processor.py:179} INFO - Processing /opt/airflow/dags/main_dag.py took 0.281 seconds
[2023-09-17T13:14:41.057+0000] {processor.py:157} INFO - Started process (PID=331) to work on /opt/airflow/dags/main_dag.py
[2023-09-17T13:14:41.059+0000] {processor.py:829} INFO - Processing file /opt/airflow/dags/main_dag.py for tasks to queue
[2023-09-17T13:14:41.062+0000] {logging_mixin.py:151} INFO - [2023-09-17T13:14:41.062+0000] {dagbag.py:539} INFO - Filling up the DagBag from /opt/airflow/dags/main_dag.py
[2023-09-17T13:14:41.078+0000] {processor.py:839} INFO - DAG(s) dict_keys(['main_dag']) retrieved from /opt/airflow/dags/main_dag.py
[2023-09-17T13:14:41.132+0000] {logging_mixin.py:151} INFO - [2023-09-17T13:14:41.132+0000] {dag.py:2915} INFO - Sync 1 DAGs
[2023-09-17T13:14:41.154+0000] {logging_mixin.py:151} INFO - [2023-09-17T13:14:41.154+0000] {dag.py:3696} INFO - Setting next_dagrun for main_dag to None, run_after=None
[2023-09-17T13:14:41.207+0000] {processor.py:179} INFO - Processing /opt/airflow/dags/main_dag.py took 0.158 seconds
[2023-09-17T13:15:11.431+0000] {processor.py:157} INFO - Started process (PID=339) to work on /opt/airflow/dags/main_dag.py
[2023-09-17T13:15:11.447+0000] {processor.py:829} INFO - Processing file /opt/airflow/dags/main_dag.py for tasks to queue
[2023-09-17T13:15:11.449+0000] {logging_mixin.py:151} INFO - [2023-09-17T13:15:11.449+0000] {dagbag.py:539} INFO - Filling up the DagBag from /opt/airflow/dags/main_dag.py
[2023-09-17T13:15:11.467+0000] {processor.py:839} INFO - DAG(s) dict_keys(['main_dag']) retrieved from /opt/airflow/dags/main_dag.py
[2023-09-17T13:15:11.527+0000] {logging_mixin.py:151} INFO - [2023-09-17T13:15:11.527+0000] {dag.py:2915} INFO - Sync 1 DAGs
[2023-09-17T13:15:11.556+0000] {logging_mixin.py:151} INFO - [2023-09-17T13:15:11.556+0000] {dag.py:3696} INFO - Setting next_dagrun for main_dag to None, run_after=None
[2023-09-17T13:15:11.614+0000] {processor.py:179} INFO - Processing /opt/airflow/dags/main_dag.py took 0.190 seconds
[2023-09-17T13:15:41.689+0000] {processor.py:157} INFO - Started process (PID=348) to work on /opt/airflow/dags/main_dag.py
[2023-09-17T13:15:41.692+0000] {processor.py:829} INFO - Processing file /opt/airflow/dags/main_dag.py for tasks to queue
[2023-09-17T13:15:41.697+0000] {logging_mixin.py:151} INFO - [2023-09-17T13:15:41.696+0000] {dagbag.py:539} INFO - Filling up the DagBag from /opt/airflow/dags/main_dag.py
[2023-09-17T13:15:41.714+0000] {processor.py:839} INFO - DAG(s) dict_keys(['main_dag']) retrieved from /opt/airflow/dags/main_dag.py
[2023-09-17T13:15:41.766+0000] {logging_mixin.py:151} INFO - [2023-09-17T13:15:41.765+0000] {dag.py:2915} INFO - Sync 1 DAGs
[2023-09-17T13:15:41.796+0000] {logging_mixin.py:151} INFO - [2023-09-17T13:15:41.796+0000] {dag.py:3696} INFO - Setting next_dagrun for main_dag to None, run_after=None
[2023-09-17T13:15:41.849+0000] {processor.py:179} INFO - Processing /opt/airflow/dags/main_dag.py took 0.165 seconds
[2023-09-17T13:16:12.131+0000] {processor.py:157} INFO - Started process (PID=356) to work on /opt/airflow/dags/main_dag.py
[2023-09-17T13:16:12.146+0000] {processor.py:829} INFO - Processing file /opt/airflow/dags/main_dag.py for tasks to queue
[2023-09-17T13:16:12.150+0000] {logging_mixin.py:151} INFO - [2023-09-17T13:16:12.150+0000] {dagbag.py:539} INFO - Filling up the DagBag from /opt/airflow/dags/main_dag.py
[2023-09-17T13:16:12.167+0000] {processor.py:839} INFO - DAG(s) dict_keys(['main_dag']) retrieved from /opt/airflow/dags/main_dag.py
[2023-09-17T13:16:12.219+0000] {logging_mixin.py:151} INFO - [2023-09-17T13:16:12.218+0000] {dag.py:2915} INFO - Sync 1 DAGs
[2023-09-17T13:16:12.249+0000] {logging_mixin.py:151} INFO - [2023-09-17T13:16:12.249+0000] {dag.py:3696} INFO - Setting next_dagrun for main_dag to None, run_after=None
[2023-09-17T13:16:12.306+0000] {processor.py:179} INFO - Processing /opt/airflow/dags/main_dag.py took 0.185 seconds
[2023-09-17T13:16:42.356+0000] {processor.py:157} INFO - Started process (PID=364) to work on /opt/airflow/dags/main_dag.py
[2023-09-17T13:16:42.357+0000] {processor.py:829} INFO - Processing file /opt/airflow/dags/main_dag.py for tasks to queue
[2023-09-17T13:16:42.360+0000] {logging_mixin.py:151} INFO - [2023-09-17T13:16:42.360+0000] {dagbag.py:539} INFO - Filling up the DagBag from /opt/airflow/dags/main_dag.py
[2023-09-17T13:16:42.378+0000] {processor.py:839} INFO - DAG(s) dict_keys(['main_dag']) retrieved from /opt/airflow/dags/main_dag.py
[2023-09-17T13:16:42.449+0000] {logging_mixin.py:151} INFO - [2023-09-17T13:16:42.448+0000] {dag.py:2915} INFO - Sync 1 DAGs
[2023-09-17T13:16:42.476+0000] {logging_mixin.py:151} INFO - [2023-09-17T13:16:42.476+0000] {dag.py:3696} INFO - Setting next_dagrun for main_dag to None, run_after=None
[2023-09-17T13:16:42.525+0000] {processor.py:179} INFO - Processing /opt/airflow/dags/main_dag.py took 0.175 seconds
