[2023-09-21T09:01:25.282+0000] {taskinstance.py:1157} INFO - Dependencies all met for dep_context=non-requeueable deps ti=<TaskInstance: main_dag.install_dbt_deps manual__2023-09-21T09:00:07.395410+00:00 [queued]>
[2023-09-21T09:01:25.297+0000] {taskinstance.py:1157} INFO - Dependencies all met for dep_context=requeueable deps ti=<TaskInstance: main_dag.install_dbt_deps manual__2023-09-21T09:00:07.395410+00:00 [queued]>
[2023-09-21T09:01:25.298+0000] {taskinstance.py:1359} INFO - Starting attempt 1 of 1
[2023-09-21T09:01:25.329+0000] {taskinstance.py:1380} INFO - Executing <Task(BashOperator): install_dbt_deps> on 2023-09-21 09:00:07.395410+00:00
[2023-09-21T09:01:25.338+0000] {standard_task_runner.py:57} INFO - Started process 914 to run task
[2023-09-21T09:01:25.342+0000] {standard_task_runner.py:84} INFO - Running: ['***', 'tasks', 'run', 'main_dag', 'install_dbt_deps', 'manual__2023-09-21T09:00:07.395410+00:00', '--job-id', '36', '--raw', '--subdir', 'DAGS_FOLDER/main_dag.py', '--cfg-path', '/tmp/tmpxeaaldse']
[2023-09-21T09:01:25.348+0000] {standard_task_runner.py:85} INFO - Job 36: Subtask install_dbt_deps
[2023-09-21T09:01:25.433+0000] {task_command.py:415} INFO - Running <TaskInstance: main_dag.install_dbt_deps manual__2023-09-21T09:00:07.395410+00:00 [running]> on host efc7e3a30856
[2023-09-21T09:01:25.568+0000] {taskinstance.py:1660} INFO - Exporting env vars: AIRFLOW_CTX_DAG_OWNER='***' AIRFLOW_CTX_DAG_ID='main_dag' AIRFLOW_CTX_TASK_ID='install_dbt_deps' AIRFLOW_CTX_EXECUTION_DATE='2023-09-21T09:00:07.395410+00:00' AIRFLOW_CTX_TRY_NUMBER='1' AIRFLOW_CTX_DAG_RUN_ID='manual__2023-09-21T09:00:07.395410+00:00'
[2023-09-21T09:01:25.571+0000] {subprocess.py:63} INFO - Tmp dir root location: /tmp
[2023-09-21T09:01:25.571+0000] {subprocess.py:75} INFO - Running command: ['/bin/bash', '-c', 'dbt deps --profiles-dir /.dbt --project-dir /dbt_project']
[2023-09-21T09:01:25.590+0000] {subprocess.py:86} INFO - Output:
[2023-09-21T09:01:30.067+0000] {subprocess.py:93} INFO - [0m09:01:30  Running with dbt=1.5.3
[2023-09-21T09:01:31.872+0000] {subprocess.py:93} INFO - [0m09:01:31  Installing dbt-labs/dbt_utils
[2023-09-21T09:01:32.953+0000] {subprocess.py:93} INFO - [0m09:01:32  Installed from version 0.8.0
[2023-09-21T09:01:32.954+0000] {subprocess.py:93} INFO - [0m09:01:32  Updated version available: 1.1.1
[2023-09-21T09:01:32.957+0000] {subprocess.py:93} INFO - [0m09:01:32  Installing calogica/dbt_expectations
[2023-09-21T09:01:36.896+0000] {subprocess.py:93} INFO - [0m09:01:36  Installed from version 0.8.5
[2023-09-21T09:01:36.897+0000] {subprocess.py:93} INFO - [0m09:01:36  Updated version available: 0.10.0
[2023-09-21T09:01:36.899+0000] {subprocess.py:93} INFO - [0m09:01:36  Installing calogica/dbt_date
[2023-09-21T09:01:37.580+0000] {subprocess.py:93} INFO - [0m09:01:37  Installed from version 0.7.2
[2023-09-21T09:01:37.582+0000] {subprocess.py:93} INFO - [0m09:01:37  Updated version available: 0.9.1
[2023-09-21T09:01:37.584+0000] {subprocess.py:93} INFO - [0m09:01:37
[2023-09-21T09:01:37.585+0000] {subprocess.py:93} INFO - [0m09:01:37  Updates available for packages: ['dbt-labs/dbt_utils', 'calogica/dbt_expectations', 'calogica/dbt_date']
[2023-09-21T09:01:37.585+0000] {subprocess.py:93} INFO - Update your versions in packages.yml, then run dbt deps
[2023-09-21T09:01:39.130+0000] {subprocess.py:97} INFO - Command exited with return code 0
[2023-09-21T09:01:39.181+0000] {taskinstance.py:1398} INFO - Marking task as SUCCESS. dag_id=main_dag, task_id=install_dbt_deps, execution_date=20230921T090007, start_date=20230921T090125, end_date=20230921T090139
[2023-09-21T09:01:39.232+0000] {local_task_job_runner.py:228} INFO - Task exited with return code 0
[2023-09-21T09:01:39.276+0000] {taskinstance.py:2776} INFO - 1 downstream tasks scheduled from follow-on schedule check
