[2023-09-21T09:41:40.360+0000] {taskinstance.py:1157} INFO - Dependencies all met for dep_context=non-requeueable deps ti=<TaskInstance: main_dag.install_dbt_deps manual__2023-09-21T09:40:20.985880+00:00 [queued]>
[2023-09-21T09:41:40.377+0000] {taskinstance.py:1157} INFO - Dependencies all met for dep_context=requeueable deps ti=<TaskInstance: main_dag.install_dbt_deps manual__2023-09-21T09:40:20.985880+00:00 [queued]>
[2023-09-21T09:41:40.378+0000] {taskinstance.py:1359} INFO - Starting attempt 1 of 1
[2023-09-21T09:41:40.403+0000] {taskinstance.py:1380} INFO - Executing <Task(BashOperator): install_dbt_deps> on 2023-09-21 09:40:20.985880+00:00
[2023-09-21T09:41:40.414+0000] {standard_task_runner.py:57} INFO - Started process 143 to run task
[2023-09-21T09:41:40.418+0000] {standard_task_runner.py:84} INFO - Running: ['***', 'tasks', 'run', 'main_dag', 'install_dbt_deps', 'manual__2023-09-21T09:40:20.985880+00:00', '--job-id', '62', '--raw', '--subdir', 'DAGS_FOLDER/main_dag.py', '--cfg-path', '/tmp/tmpsvlr37jd']
[2023-09-21T09:41:40.423+0000] {standard_task_runner.py:85} INFO - Job 62: Subtask install_dbt_deps
[2023-09-21T09:41:40.517+0000] {task_command.py:415} INFO - Running <TaskInstance: main_dag.install_dbt_deps manual__2023-09-21T09:40:20.985880+00:00 [running]> on host 2cbbdff68ad8
[2023-09-21T09:41:40.656+0000] {taskinstance.py:1660} INFO - Exporting env vars: AIRFLOW_CTX_DAG_OWNER='***' AIRFLOW_CTX_DAG_ID='main_dag' AIRFLOW_CTX_TASK_ID='install_dbt_deps' AIRFLOW_CTX_EXECUTION_DATE='2023-09-21T09:40:20.985880+00:00' AIRFLOW_CTX_TRY_NUMBER='1' AIRFLOW_CTX_DAG_RUN_ID='manual__2023-09-21T09:40:20.985880+00:00'
[2023-09-21T09:41:40.660+0000] {subprocess.py:63} INFO - Tmp dir root location: /tmp
[2023-09-21T09:41:40.661+0000] {subprocess.py:75} INFO - Running command: ['/bin/bash', '-c', 'dbt deps --profiles-dir /.dbt --project-dir /dbt_project']
[2023-09-21T09:41:40.678+0000] {subprocess.py:86} INFO - Output:
[2023-09-21T09:41:45.613+0000] {subprocess.py:93} INFO - [0m09:41:45  Running with dbt=1.5.3
[2023-09-21T09:41:47.748+0000] {subprocess.py:93} INFO - [0m09:41:47  Installing dbt-labs/dbt_utils
[2023-09-21T09:41:48.626+0000] {subprocess.py:93} INFO - [0m09:41:48  Installed from version 0.8.0
[2023-09-21T09:41:48.627+0000] {subprocess.py:93} INFO - [0m09:41:48  Updated version available: 1.1.1
[2023-09-21T09:41:48.629+0000] {subprocess.py:93} INFO - [0m09:41:48  Installing calogica/dbt_expectations
[2023-09-21T09:41:52.042+0000] {subprocess.py:93} INFO - [0m09:41:52  Installed from version 0.8.5
[2023-09-21T09:41:52.044+0000] {subprocess.py:93} INFO - [0m09:41:52  Updated version available: 0.10.0
[2023-09-21T09:41:52.048+0000] {subprocess.py:93} INFO - [0m09:41:52  Installing calogica/dbt_date
[2023-09-21T09:41:52.865+0000] {subprocess.py:93} INFO - [0m09:41:52  Installed from version 0.7.2
[2023-09-21T09:41:52.867+0000] {subprocess.py:93} INFO - [0m09:41:52  Updated version available: 0.9.1
[2023-09-21T09:41:52.872+0000] {subprocess.py:93} INFO - [0m09:41:52
[2023-09-21T09:41:52.875+0000] {subprocess.py:93} INFO - [0m09:41:52  Updates available for packages: ['dbt-labs/dbt_utils', 'calogica/dbt_expectations', 'calogica/dbt_date']
[2023-09-21T09:41:52.876+0000] {subprocess.py:93} INFO - Update your versions in packages.yml, then run dbt deps
[2023-09-21T09:41:54.699+0000] {subprocess.py:97} INFO - Command exited with return code 0
[2023-09-21T09:41:54.742+0000] {taskinstance.py:1398} INFO - Marking task as SUCCESS. dag_id=main_dag, task_id=install_dbt_deps, execution_date=20230921T094020, start_date=20230921T094140, end_date=20230921T094154
[2023-09-21T09:41:54.796+0000] {local_task_job_runner.py:228} INFO - Task exited with return code 0
[2023-09-21T09:41:54.839+0000] {taskinstance.py:2776} INFO - 1 downstream tasks scheduled from follow-on schedule check
