[2023-09-21T06:06:08.766+0000] {taskinstance.py:1157} INFO - Dependencies all met for dep_context=non-requeueable deps ti=<TaskInstance: main_dag.install_dbt_deps manual__2023-09-21T06:05:42.294188+00:00 [queued]>
[2023-09-21T06:06:08.783+0000] {taskinstance.py:1157} INFO - Dependencies all met for dep_context=requeueable deps ti=<TaskInstance: main_dag.install_dbt_deps manual__2023-09-21T06:05:42.294188+00:00 [queued]>
[2023-09-21T06:06:08.783+0000] {taskinstance.py:1359} INFO - Starting attempt 1 of 1
[2023-09-21T06:06:08.816+0000] {taskinstance.py:1380} INFO - Executing <Task(BashOperator): install_dbt_deps> on 2023-09-21 06:05:42.294188+00:00
[2023-09-21T06:06:08.827+0000] {standard_task_runner.py:57} INFO - Started process 109 to run task
[2023-09-21T06:06:08.834+0000] {standard_task_runner.py:84} INFO - Running: ['***', 'tasks', 'run', 'main_dag', 'install_dbt_deps', 'manual__2023-09-21T06:05:42.294188+00:00', '--job-id', '12', '--raw', '--subdir', 'DAGS_FOLDER/main_dag.py', '--cfg-path', '/tmp/tmpkpew41vu']
[2023-09-21T06:06:08.838+0000] {standard_task_runner.py:85} INFO - Job 12: Subtask install_dbt_deps
[2023-09-21T06:06:09.138+0000] {task_command.py:415} INFO - Running <TaskInstance: main_dag.install_dbt_deps manual__2023-09-21T06:05:42.294188+00:00 [running]> on host dc1517514205
[2023-09-21T06:06:09.252+0000] {taskinstance.py:1660} INFO - Exporting env vars: AIRFLOW_CTX_DAG_OWNER='***' AIRFLOW_CTX_DAG_ID='main_dag' AIRFLOW_CTX_TASK_ID='install_dbt_deps' AIRFLOW_CTX_EXECUTION_DATE='2023-09-21T06:05:42.294188+00:00' AIRFLOW_CTX_TRY_NUMBER='1' AIRFLOW_CTX_DAG_RUN_ID='manual__2023-09-21T06:05:42.294188+00:00'
[2023-09-21T06:06:09.254+0000] {subprocess.py:63} INFO - Tmp dir root location: /tmp
[2023-09-21T06:06:09.255+0000] {subprocess.py:75} INFO - Running command: ['/bin/bash', '-c', 'dbt deps --profiles-dir /.dbt --project-dir /dbt_project']
[2023-09-21T06:06:09.271+0000] {subprocess.py:86} INFO - Output:
[2023-09-21T06:06:15.675+0000] {subprocess.py:93} INFO - Usage: dbt deps [OPTIONS]
[2023-09-21T06:06:15.676+0000] {subprocess.py:93} INFO - Try 'dbt deps -h' for help.
[2023-09-21T06:06:15.677+0000] {subprocess.py:93} INFO - 
[2023-09-21T06:06:15.678+0000] {subprocess.py:93} INFO - Error: Invalid value for '--project-dir': Path '/dbt_project' does not exist.
[2023-09-21T06:06:15.896+0000] {subprocess.py:97} INFO - Command exited with return code 2
[2023-09-21T06:06:15.911+0000] {taskinstance.py:1935} ERROR - Task failed with exception
Traceback (most recent call last):
  File "/home/airflow/.local/lib/python3.8/site-packages/airflow/operators/bash.py", line 210, in execute
    raise AirflowException(
airflow.exceptions.AirflowException: Bash command failed. The command returned a non-zero exit code 2.
[2023-09-21T06:06:15.916+0000] {taskinstance.py:1398} INFO - Marking task as FAILED. dag_id=main_dag, task_id=install_dbt_deps, execution_date=20230921T060542, start_date=20230921T060608, end_date=20230921T060615
[2023-09-21T06:06:15.947+0000] {standard_task_runner.py:104} ERROR - Failed to execute job 12 for task install_dbt_deps (Bash command failed. The command returned a non-zero exit code 2.; 109)
[2023-09-21T06:06:16.002+0000] {local_task_job_runner.py:228} INFO - Task exited with return code 1
[2023-09-21T06:06:16.040+0000] {taskinstance.py:2776} INFO - 0 downstream tasks scheduled from follow-on schedule check
