[2023-09-21T08:24:45.466+0000] {taskinstance.py:1157} INFO - Dependencies all met for dep_context=non-requeueable deps ti=<TaskInstance: main_dag.install_dbt_deps manual__2023-09-21T08:23:28.102533+00:00 [queued]>
[2023-09-21T08:24:45.478+0000] {taskinstance.py:1157} INFO - Dependencies all met for dep_context=requeueable deps ti=<TaskInstance: main_dag.install_dbt_deps manual__2023-09-21T08:23:28.102533+00:00 [queued]>
[2023-09-21T08:24:45.478+0000] {taskinstance.py:1359} INFO - Starting attempt 1 of 1
[2023-09-21T08:24:45.505+0000] {taskinstance.py:1380} INFO - Executing <Task(BashOperator): install_dbt_deps> on 2023-09-21 08:23:28.102533+00:00
[2023-09-21T08:24:45.514+0000] {standard_task_runner.py:57} INFO - Started process 135 to run task
[2023-09-21T08:24:45.517+0000] {standard_task_runner.py:84} INFO - Running: ['***', 'tasks', 'run', 'main_dag', 'install_dbt_deps', 'manual__2023-09-21T08:23:28.102533+00:00', '--job-id', '6', '--raw', '--subdir', 'DAGS_FOLDER/main_dag.py', '--cfg-path', '/tmp/tmpgho34oy7']
[2023-09-21T08:24:45.520+0000] {standard_task_runner.py:85} INFO - Job 6: Subtask install_dbt_deps
[2023-09-21T08:24:45.588+0000] {task_command.py:415} INFO - Running <TaskInstance: main_dag.install_dbt_deps manual__2023-09-21T08:23:28.102533+00:00 [running]> on host efc7e3a30856
[2023-09-21T08:24:45.697+0000] {taskinstance.py:1660} INFO - Exporting env vars: AIRFLOW_CTX_DAG_OWNER='***' AIRFLOW_CTX_DAG_ID='main_dag' AIRFLOW_CTX_TASK_ID='install_dbt_deps' AIRFLOW_CTX_EXECUTION_DATE='2023-09-21T08:23:28.102533+00:00' AIRFLOW_CTX_TRY_NUMBER='1' AIRFLOW_CTX_DAG_RUN_ID='manual__2023-09-21T08:23:28.102533+00:00'
[2023-09-21T08:24:45.699+0000] {subprocess.py:63} INFO - Tmp dir root location: /tmp
[2023-09-21T08:24:45.700+0000] {subprocess.py:75} INFO - Running command: ['/bin/bash', '-c', 'dbt deps --profiles-dir /.dbt --project-dir /dbt_project']
[2023-09-21T08:24:45.720+0000] {subprocess.py:86} INFO - Output:
[2023-09-21T08:24:52.189+0000] {subprocess.py:93} INFO - [0m08:24:52  Running with dbt=1.5.3
[2023-09-21T08:24:54.186+0000] {subprocess.py:93} INFO - [0m08:24:54  Installing dbt-labs/dbt_utils
[2023-09-21T08:24:55.197+0000] {subprocess.py:93} INFO - [0m08:24:55  Installed from version 0.8.0
[2023-09-21T08:24:55.198+0000] {subprocess.py:93} INFO - [0m08:24:55  Updated version available: 1.1.1
[2023-09-21T08:24:55.202+0000] {subprocess.py:93} INFO - [0m08:24:55  Installing calogica/dbt_expectations
[2023-09-21T08:24:57.681+0000] {subprocess.py:93} INFO - [0m08:24:57  Installed from version 0.8.5
[2023-09-21T08:24:57.683+0000] {subprocess.py:93} INFO - [0m08:24:57  Updated version available: 0.10.0
[2023-09-21T08:24:57.685+0000] {subprocess.py:93} INFO - [0m08:24:57  Installing calogica/dbt_date
[2023-09-21T08:24:58.412+0000] {subprocess.py:93} INFO - [0m08:24:58  Installed from version 0.7.2
[2023-09-21T08:24:58.413+0000] {subprocess.py:93} INFO - [0m08:24:58  Updated version available: 0.9.1
[2023-09-21T08:24:58.415+0000] {subprocess.py:93} INFO - [0m08:24:58
[2023-09-21T08:24:58.416+0000] {subprocess.py:93} INFO - [0m08:24:58  Updates available for packages: ['dbt-labs/dbt_utils', 'calogica/dbt_expectations', 'calogica/dbt_date']
[2023-09-21T08:24:58.416+0000] {subprocess.py:93} INFO - Update your versions in packages.yml, then run dbt deps
[2023-09-21T08:25:01.643+0000] {subprocess.py:97} INFO - Command exited with return code 0
[2023-09-21T08:25:01.795+0000] {taskinstance.py:1398} INFO - Marking task as SUCCESS. dag_id=main_dag, task_id=install_dbt_deps, execution_date=20230921T082328, start_date=20230921T082445, end_date=20230921T082501
[2023-09-21T08:25:01.837+0000] {local_task_job_runner.py:228} INFO - Task exited with return code 0
[2023-09-21T08:25:01.874+0000] {taskinstance.py:2776} INFO - 1 downstream tasks scheduled from follow-on schedule check
