[2023-09-21T05:41:36.266+0000] {taskinstance.py:1157} INFO - Dependencies all met for dep_context=non-requeueable deps ti=<TaskInstance: main_dag.run_dbt manual__2023-09-21T05:40:57.944647+00:00 [queued]>
[2023-09-21T05:41:36.280+0000] {taskinstance.py:1157} INFO - Dependencies all met for dep_context=requeueable deps ti=<TaskInstance: main_dag.run_dbt manual__2023-09-21T05:40:57.944647+00:00 [queued]>
[2023-09-21T05:41:36.280+0000] {taskinstance.py:1359} INFO - Starting attempt 1 of 1
[2023-09-21T05:41:36.303+0000] {taskinstance.py:1380} INFO - Executing <Task(BashOperator): run_dbt> on 2023-09-21 05:40:57.944647+00:00
[2023-09-21T05:41:36.310+0000] {standard_task_runner.py:57} INFO - Started process 215 to run task
[2023-09-21T05:41:36.314+0000] {standard_task_runner.py:84} INFO - Running: ['***', 'tasks', 'run', 'main_dag', 'run_dbt', 'manual__2023-09-21T05:40:57.944647+00:00', '--job-id', '53', '--raw', '--subdir', 'DAGS_FOLDER/main_dag.py', '--cfg-path', '/tmp/tmpd55ew_l5']
[2023-09-21T05:41:36.317+0000] {standard_task_runner.py:85} INFO - Job 53: Subtask run_dbt
[2023-09-21T05:41:36.382+0000] {task_command.py:415} INFO - Running <TaskInstance: main_dag.run_dbt manual__2023-09-21T05:40:57.944647+00:00 [running]> on host eef66ec952df
[2023-09-21T05:41:36.532+0000] {taskinstance.py:1660} INFO - Exporting env vars: AIRFLOW_CTX_DAG_OWNER='***' AIRFLOW_CTX_DAG_ID='main_dag' AIRFLOW_CTX_TASK_ID='run_dbt' AIRFLOW_CTX_EXECUTION_DATE='2023-09-21T05:40:57.944647+00:00' AIRFLOW_CTX_TRY_NUMBER='1' AIRFLOW_CTX_DAG_RUN_ID='manual__2023-09-21T05:40:57.944647+00:00'
[2023-09-21T05:41:36.535+0000] {subprocess.py:63} INFO - Tmp dir root location: /tmp
[2023-09-21T05:41:36.536+0000] {subprocess.py:75} INFO - Running command: ['/bin/bash', '-c', 'dbt run --profiles-dir /.dbt --project-dir /opt/***/dbt_project']
[2023-09-21T05:41:36.554+0000] {subprocess.py:86} INFO - Output:
[2023-09-21T05:41:41.072+0000] {subprocess.py:93} INFO - [0m05:41:41  Running with dbt=1.5.3
[2023-09-21T05:41:41.398+0000] {subprocess.py:93} INFO - [0m05:41:41  Registered adapter: postgres=1.5.3
[2023-09-21T05:41:41.678+0000] {subprocess.py:93} INFO - [0m05:41:41  [[33mWARNING[0m]: Configuration paths exist in your dbt_project.yml file which do not apply to any resources.
[2023-09-21T05:41:41.679+0000] {subprocess.py:93} INFO - There are 1 unused configuration paths:
[2023-09-21T05:41:41.679+0000] {subprocess.py:93} INFO - - models.dbt_supermarket_data_engineering.example
[2023-09-21T05:41:41.725+0000] {subprocess.py:93} INFO - [0m05:41:41  Found 5 models, 0 tests, 1 snapshot, 0 analyses, 718 macros, 0 operations, 0 seed files, 1 source, 0 exposures, 0 metrics, 0 groups
[2023-09-21T05:41:41.730+0000] {subprocess.py:93} INFO - [0m05:41:41
[2023-09-21T05:41:41.915+0000] {subprocess.py:93} INFO - [0m05:41:41  Concurrency: 1 threads (target='dev')
[2023-09-21T05:41:41.916+0000] {subprocess.py:93} INFO - [0m05:41:41
[2023-09-21T05:41:41.925+0000] {subprocess.py:93} INFO - [0m05:41:41  1 of 5 START sql incremental model public.dim_product_descriptions ............. [RUN]
[2023-09-21T05:41:42.422+0000] {subprocess.py:93} INFO - [0m05:41:42  1 of 5 OK created sql incremental model public.dim_product_descriptions ........ [[32mINSERT 0 96[0m in 0.49s]
[2023-09-21T05:41:42.429+0000] {subprocess.py:93} INFO - [0m05:41:42  2 of 5 START sql incremental model public.fct_product_prices ................... [RUN]
[2023-09-21T05:41:42.618+0000] {subprocess.py:93} INFO - [0m05:41:42  2 of 5 OK created sql incremental model public.fct_product_prices .............. [[32mINSERT 0 96[0m in 0.19s]
[2023-09-21T05:41:42.625+0000] {subprocess.py:93} INFO - [0m05:41:42  3 of 5 START sql incremental model public.fct_product_specials ................. [RUN]
[2023-09-21T05:41:42.784+0000] {subprocess.py:93} INFO - [0m05:41:42  3 of 5 OK created sql incremental model public.fct_product_specials ............ [[32mINSERT 0 47[0m in 0.16s]
[2023-09-21T05:41:42.789+0000] {subprocess.py:93} INFO - [0m05:41:42  4 of 5 START sql incremental model public.mart_pricing_over_time ............... [RUN]
[2023-09-21T05:41:42.956+0000] {subprocess.py:93} INFO - [0m05:41:42  4 of 5 OK created sql incremental model public.mart_pricing_over_time .......... [[32mINSERT 0 96[0m in 0.16s]
[2023-09-21T05:41:42.961+0000] {subprocess.py:93} INFO - [0m05:41:42  5 of 5 START sql incremental model public.mart_specials_over_time .............. [RUN]
[2023-09-21T05:41:43.121+0000] {subprocess.py:93} INFO - [0m05:41:43  5 of 5 OK created sql incremental model public.mart_specials_over_time ......... [[32mINSERT 0 47[0m in 0.16s]
[2023-09-21T05:41:43.147+0000] {subprocess.py:93} INFO - [0m05:41:43
[2023-09-21T05:41:43.148+0000] {subprocess.py:93} INFO - [0m05:41:43  Finished running 5 incremental models in 0 hours 0 minutes and 1.42 seconds (1.42s).
[2023-09-21T05:41:43.177+0000] {subprocess.py:93} INFO - [0m05:41:43
[2023-09-21T05:41:43.179+0000] {subprocess.py:93} INFO - [0m05:41:43  [32mCompleted successfully[0m
[2023-09-21T05:41:43.180+0000] {subprocess.py:93} INFO - [0m05:41:43
[2023-09-21T05:41:43.182+0000] {subprocess.py:93} INFO - [0m05:41:43  Done. PASS=5 WARN=0 ERROR=0 SKIP=0 TOTAL=5
[2023-09-21T05:41:46.058+0000] {subprocess.py:97} INFO - Command exited with return code 0
[2023-09-21T05:41:46.118+0000] {taskinstance.py:1398} INFO - Marking task as SUCCESS. dag_id=main_dag, task_id=run_dbt, execution_date=20230921T054057, start_date=20230921T054136, end_date=20230921T054146
[2023-09-21T05:41:46.192+0000] {local_task_job_runner.py:228} INFO - Task exited with return code 0
[2023-09-21T05:41:46.230+0000] {taskinstance.py:2776} INFO - 1 downstream tasks scheduled from follow-on schedule check
