[2023-09-21T09:31:03.374+0000] {taskinstance.py:1157} INFO - Dependencies all met for dep_context=non-requeueable deps ti=<TaskInstance: main_dag.install_dbt_deps manual__2023-09-21T09:29:49.574429+00:00 [queued]>
[2023-09-21T09:31:03.394+0000] {taskinstance.py:1157} INFO - Dependencies all met for dep_context=requeueable deps ti=<TaskInstance: main_dag.install_dbt_deps manual__2023-09-21T09:29:49.574429+00:00 [queued]>
[2023-09-21T09:31:03.394+0000] {taskinstance.py:1359} INFO - Starting attempt 1 of 1
[2023-09-21T09:31:03.419+0000] {taskinstance.py:1380} INFO - Executing <Task(BashOperator): install_dbt_deps> on 2023-09-21 09:29:49.574429+00:00
[2023-09-21T09:31:03.430+0000] {standard_task_runner.py:57} INFO - Started process 217 to run task
[2023-09-21T09:31:03.434+0000] {standard_task_runner.py:84} INFO - Running: ['***', 'tasks', 'run', 'main_dag', 'install_dbt_deps', 'manual__2023-09-21T09:29:49.574429+00:00', '--job-id', '55', '--raw', '--subdir', 'DAGS_FOLDER/main_dag.py', '--cfg-path', '/tmp/tmpo8lbqmud']
[2023-09-21T09:31:03.437+0000] {standard_task_runner.py:85} INFO - Job 55: Subtask install_dbt_deps
[2023-09-21T09:31:03.518+0000] {task_command.py:415} INFO - Running <TaskInstance: main_dag.install_dbt_deps manual__2023-09-21T09:29:49.574429+00:00 [running]> on host 657a599f4719
[2023-09-21T09:31:03.645+0000] {taskinstance.py:1660} INFO - Exporting env vars: AIRFLOW_CTX_DAG_OWNER='***' AIRFLOW_CTX_DAG_ID='main_dag' AIRFLOW_CTX_TASK_ID='install_dbt_deps' AIRFLOW_CTX_EXECUTION_DATE='2023-09-21T09:29:49.574429+00:00' AIRFLOW_CTX_TRY_NUMBER='1' AIRFLOW_CTX_DAG_RUN_ID='manual__2023-09-21T09:29:49.574429+00:00'
[2023-09-21T09:31:03.648+0000] {subprocess.py:63} INFO - Tmp dir root location: /tmp
[2023-09-21T09:31:03.649+0000] {subprocess.py:75} INFO - Running command: ['/bin/bash', '-c', 'dbt deps --profiles-dir /.dbt --project-dir /dbt_project']
[2023-09-21T09:31:03.663+0000] {subprocess.py:86} INFO - Output:
[2023-09-21T09:31:08.252+0000] {subprocess.py:93} INFO - [0m09:31:08  Running with dbt=1.5.3
[2023-09-21T09:31:09.937+0000] {subprocess.py:93} INFO - [0m09:31:09  Installing dbt-labs/dbt_utils
[2023-09-21T09:31:10.978+0000] {subprocess.py:93} INFO - [0m09:31:10  Installed from version 0.8.0
[2023-09-21T09:31:10.979+0000] {subprocess.py:93} INFO - [0m09:31:10  Updated version available: 1.1.1
[2023-09-21T09:31:10.981+0000] {subprocess.py:93} INFO - [0m09:31:10  Installing calogica/dbt_expectations
[2023-09-21T09:31:15.584+0000] {subprocess.py:93} INFO - [0m09:31:15  Installed from version 0.8.5
[2023-09-21T09:31:15.586+0000] {subprocess.py:93} INFO - [0m09:31:15  Updated version available: 0.10.0
[2023-09-21T09:31:15.590+0000] {subprocess.py:93} INFO - [0m09:31:15  Installing calogica/dbt_date
[2023-09-21T09:31:16.254+0000] {subprocess.py:93} INFO - [0m09:31:16  Installed from version 0.7.2
[2023-09-21T09:31:16.256+0000] {subprocess.py:93} INFO - [0m09:31:16  Updated version available: 0.9.1
[2023-09-21T09:31:16.258+0000] {subprocess.py:93} INFO - [0m09:31:16
[2023-09-21T09:31:16.259+0000] {subprocess.py:93} INFO - [0m09:31:16  Updates available for packages: ['dbt-labs/dbt_utils', 'calogica/dbt_expectations', 'calogica/dbt_date']
[2023-09-21T09:31:16.259+0000] {subprocess.py:93} INFO - Update your versions in packages.yml, then run dbt deps
[2023-09-21T09:31:18.233+0000] {subprocess.py:97} INFO - Command exited with return code 0
[2023-09-21T09:31:18.355+0000] {taskinstance.py:1398} INFO - Marking task as SUCCESS. dag_id=main_dag, task_id=install_dbt_deps, execution_date=20230921T092949, start_date=20230921T093103, end_date=20230921T093118
[2023-09-21T09:31:18.440+0000] {local_task_job_runner.py:228} INFO - Task exited with return code 0
[2023-09-21T09:31:18.490+0000] {taskinstance.py:2776} INFO - 1 downstream tasks scheduled from follow-on schedule check
