[2023-09-21T09:18:48.562+0000] {taskinstance.py:1157} INFO - Dependencies all met for dep_context=non-requeueable deps ti=<TaskInstance: main_dag.install_dbt_deps manual__2023-09-21T09:17:11.211968+00:00 [queued]>
[2023-09-21T09:18:48.580+0000] {taskinstance.py:1157} INFO - Dependencies all met for dep_context=requeueable deps ti=<TaskInstance: main_dag.install_dbt_deps manual__2023-09-21T09:17:11.211968+00:00 [queued]>
[2023-09-21T09:18:48.580+0000] {taskinstance.py:1359} INFO - Starting attempt 1 of 1
[2023-09-21T09:18:48.605+0000] {taskinstance.py:1380} INFO - Executing <Task(BashOperator): install_dbt_deps> on 2023-09-21 09:17:11.211968+00:00
[2023-09-21T09:18:48.613+0000] {standard_task_runner.py:57} INFO - Started process 143 to run task
[2023-09-21T09:18:48.618+0000] {standard_task_runner.py:84} INFO - Running: ['***', 'tasks', 'run', 'main_dag', 'install_dbt_deps', 'manual__2023-09-21T09:17:11.211968+00:00', '--job-id', '43', '--raw', '--subdir', 'DAGS_FOLDER/main_dag.py', '--cfg-path', '/tmp/tmpoo0jcg3n']
[2023-09-21T09:18:48.623+0000] {standard_task_runner.py:85} INFO - Job 43: Subtask install_dbt_deps
[2023-09-21T09:18:48.712+0000] {task_command.py:415} INFO - Running <TaskInstance: main_dag.install_dbt_deps manual__2023-09-21T09:17:11.211968+00:00 [running]> on host 96fb4b3e4632
[2023-09-21T09:18:48.856+0000] {taskinstance.py:1660} INFO - Exporting env vars: AIRFLOW_CTX_DAG_OWNER='***' AIRFLOW_CTX_DAG_ID='main_dag' AIRFLOW_CTX_TASK_ID='install_dbt_deps' AIRFLOW_CTX_EXECUTION_DATE='2023-09-21T09:17:11.211968+00:00' AIRFLOW_CTX_TRY_NUMBER='1' AIRFLOW_CTX_DAG_RUN_ID='manual__2023-09-21T09:17:11.211968+00:00'
[2023-09-21T09:18:48.859+0000] {subprocess.py:63} INFO - Tmp dir root location: /tmp
[2023-09-21T09:18:48.860+0000] {subprocess.py:75} INFO - Running command: ['/bin/bash', '-c', 'dbt deps --profiles-dir /.dbt --project-dir /dbt_project']
[2023-09-21T09:18:48.878+0000] {subprocess.py:86} INFO - Output:
[2023-09-21T09:18:53.977+0000] {subprocess.py:93} INFO - [0m09:18:53  Running with dbt=1.5.3
[2023-09-21T09:18:55.774+0000] {subprocess.py:93} INFO - [0m09:18:55  Installing dbt-labs/dbt_utils
[2023-09-21T09:18:56.776+0000] {subprocess.py:93} INFO - [0m09:18:56  Installed from version 0.8.0
[2023-09-21T09:18:56.777+0000] {subprocess.py:93} INFO - [0m09:18:56  Updated version available: 1.1.1
[2023-09-21T09:18:56.780+0000] {subprocess.py:93} INFO - [0m09:18:56  Installing calogica/dbt_expectations
[2023-09-21T09:19:00.437+0000] {subprocess.py:93} INFO - [0m09:19:00  Installed from version 0.8.5
[2023-09-21T09:19:00.438+0000] {subprocess.py:93} INFO - [0m09:19:00  Updated version available: 0.10.0
[2023-09-21T09:19:00.440+0000] {subprocess.py:93} INFO - [0m09:19:00  Installing calogica/dbt_date
[2023-09-21T09:19:01.146+0000] {subprocess.py:93} INFO - [0m09:19:01  Installed from version 0.7.2
[2023-09-21T09:19:01.148+0000] {subprocess.py:93} INFO - [0m09:19:01  Updated version available: 0.9.1
[2023-09-21T09:19:01.151+0000] {subprocess.py:93} INFO - [0m09:19:01
[2023-09-21T09:19:01.153+0000] {subprocess.py:93} INFO - [0m09:19:01  Updates available for packages: ['dbt-labs/dbt_utils', 'calogica/dbt_expectations', 'calogica/dbt_date']
[2023-09-21T09:19:01.153+0000] {subprocess.py:93} INFO - Update your versions in packages.yml, then run dbt deps
[2023-09-21T09:19:03.192+0000] {subprocess.py:97} INFO - Command exited with return code 0
[2023-09-21T09:19:03.255+0000] {taskinstance.py:1398} INFO - Marking task as SUCCESS. dag_id=main_dag, task_id=install_dbt_deps, execution_date=20230921T091711, start_date=20230921T091848, end_date=20230921T091903
[2023-09-21T09:19:03.310+0000] {local_task_job_runner.py:228} INFO - Task exited with return code 0
[2023-09-21T09:19:03.363+0000] {taskinstance.py:2776} INFO - 1 downstream tasks scheduled from follow-on schedule check
