[2023-09-21T09:28:46.095+0000] {taskinstance.py:1157} INFO - Dependencies all met for dep_context=non-requeueable deps ti=<TaskInstance: main_dag.install_dbt_deps manual__2023-09-21T09:27:26.111868+00:00 [queued]>
[2023-09-21T09:28:46.134+0000] {taskinstance.py:1157} INFO - Dependencies all met for dep_context=requeueable deps ti=<TaskInstance: main_dag.install_dbt_deps manual__2023-09-21T09:27:26.111868+00:00 [queued]>
[2023-09-21T09:28:46.135+0000] {taskinstance.py:1359} INFO - Starting attempt 1 of 1
[2023-09-21T09:28:46.191+0000] {taskinstance.py:1380} INFO - Executing <Task(BashOperator): install_dbt_deps> on 2023-09-21 09:27:26.111868+00:00
[2023-09-21T09:28:46.201+0000] {standard_task_runner.py:57} INFO - Started process 144 to run task
[2023-09-21T09:28:46.211+0000] {standard_task_runner.py:84} INFO - Running: ['***', 'tasks', 'run', 'main_dag', 'install_dbt_deps', 'manual__2023-09-21T09:27:26.111868+00:00', '--job-id', '50', '--raw', '--subdir', 'DAGS_FOLDER/main_dag.py', '--cfg-path', '/tmp/tmpp_vk1ocq']
[2023-09-21T09:28:46.215+0000] {standard_task_runner.py:85} INFO - Job 50: Subtask install_dbt_deps
[2023-09-21T09:28:46.299+0000] {task_command.py:415} INFO - Running <TaskInstance: main_dag.install_dbt_deps manual__2023-09-21T09:27:26.111868+00:00 [running]> on host 657a599f4719
[2023-09-21T09:28:46.445+0000] {taskinstance.py:1660} INFO - Exporting env vars: AIRFLOW_CTX_DAG_OWNER='***' AIRFLOW_CTX_DAG_ID='main_dag' AIRFLOW_CTX_TASK_ID='install_dbt_deps' AIRFLOW_CTX_EXECUTION_DATE='2023-09-21T09:27:26.111868+00:00' AIRFLOW_CTX_TRY_NUMBER='1' AIRFLOW_CTX_DAG_RUN_ID='manual__2023-09-21T09:27:26.111868+00:00'
[2023-09-21T09:28:46.447+0000] {subprocess.py:63} INFO - Tmp dir root location: /tmp
[2023-09-21T09:28:46.448+0000] {subprocess.py:75} INFO - Running command: ['/bin/bash', '-c', 'dbt deps --profiles-dir /.dbt --project-dir /dbt_project']
[2023-09-21T09:28:46.470+0000] {subprocess.py:86} INFO - Output:
[2023-09-21T09:28:52.944+0000] {subprocess.py:93} INFO - [0m09:28:52  Running with dbt=1.5.3
[2023-09-21T09:28:54.688+0000] {subprocess.py:93} INFO - [0m09:28:54  Installing dbt-labs/dbt_utils
[2023-09-21T09:28:55.634+0000] {subprocess.py:93} INFO - [0m09:28:55  Installed from version 0.8.0
[2023-09-21T09:28:55.638+0000] {subprocess.py:93} INFO - [0m09:28:55  Updated version available: 1.1.1
[2023-09-21T09:28:55.640+0000] {subprocess.py:93} INFO - [0m09:28:55  Installing calogica/dbt_expectations
[2023-09-21T09:28:58.095+0000] {subprocess.py:93} INFO - [0m09:28:58  Installed from version 0.8.5
[2023-09-21T09:28:58.098+0000] {subprocess.py:93} INFO - [0m09:28:58  Updated version available: 0.10.0
[2023-09-21T09:28:58.101+0000] {subprocess.py:93} INFO - [0m09:28:58  Installing calogica/dbt_date
[2023-09-21T09:28:58.863+0000] {subprocess.py:93} INFO - [0m09:28:58  Installed from version 0.7.2
[2023-09-21T09:28:58.867+0000] {subprocess.py:93} INFO - [0m09:28:58  Updated version available: 0.9.1
[2023-09-21T09:28:58.870+0000] {subprocess.py:93} INFO - [0m09:28:58
[2023-09-21T09:28:58.874+0000] {subprocess.py:93} INFO - [0m09:28:58  Updates available for packages: ['dbt-labs/dbt_utils', 'calogica/dbt_expectations', 'calogica/dbt_date']
[2023-09-21T09:28:58.874+0000] {subprocess.py:93} INFO - Update your versions in packages.yml, then run dbt deps
[2023-09-21T09:29:01.538+0000] {subprocess.py:97} INFO - Command exited with return code 0
[2023-09-21T09:29:01.602+0000] {taskinstance.py:1398} INFO - Marking task as SUCCESS. dag_id=main_dag, task_id=install_dbt_deps, execution_date=20230921T092726, start_date=20230921T092846, end_date=20230921T092901
[2023-09-21T09:29:01.683+0000] {local_task_job_runner.py:228} INFO - Task exited with return code 0
[2023-09-21T09:29:01.735+0000] {taskinstance.py:2776} INFO - 1 downstream tasks scheduled from follow-on schedule check
