[2023-09-23T13:43:09.601+0000] {taskinstance.py:1157} INFO - Dependencies all met for dep_context=non-requeueable deps ti=<TaskInstance: main_dag.run_dbt manual__2023-09-23T13:41:31.559891+00:00 [queued]>
[2023-09-23T13:43:09.618+0000] {taskinstance.py:1157} INFO - Dependencies all met for dep_context=requeueable deps ti=<TaskInstance: main_dag.run_dbt manual__2023-09-23T13:41:31.559891+00:00 [queued]>
[2023-09-23T13:43:09.618+0000] {taskinstance.py:1359} INFO - Starting attempt 1 of 1
[2023-09-23T13:43:09.675+0000] {taskinstance.py:1380} INFO - Executing <Task(BashOperator): run_dbt> on 2023-09-23 13:41:31.559891+00:00
[2023-09-23T13:43:09.687+0000] {standard_task_runner.py:57} INFO - Started process 420 to run task
[2023-09-23T13:43:09.690+0000] {standard_task_runner.py:84} INFO - Running: ['***', 'tasks', 'run', 'main_dag', 'run_dbt', 'manual__2023-09-23T13:41:31.559891+00:00', '--job-id', '11', '--raw', '--subdir', 'DAGS_FOLDER/main_dag.py', '--cfg-path', '/tmp/tmp5b0apcnr']
[2023-09-23T13:43:09.694+0000] {standard_task_runner.py:85} INFO - Job 11: Subtask run_dbt
[2023-09-23T13:43:09.786+0000] {task_command.py:415} INFO - Running <TaskInstance: main_dag.run_dbt manual__2023-09-23T13:41:31.559891+00:00 [running]> on host 4ef300bfa8d2
[2023-09-23T13:43:09.951+0000] {taskinstance.py:1660} INFO - Exporting env vars: AIRFLOW_CTX_DAG_OWNER='***' AIRFLOW_CTX_DAG_ID='main_dag' AIRFLOW_CTX_TASK_ID='run_dbt' AIRFLOW_CTX_EXECUTION_DATE='2023-09-23T13:41:31.559891+00:00' AIRFLOW_CTX_TRY_NUMBER='1' AIRFLOW_CTX_DAG_RUN_ID='manual__2023-09-23T13:41:31.559891+00:00'
[2023-09-23T13:43:09.954+0000] {subprocess.py:63} INFO - Tmp dir root location: /tmp
[2023-09-23T13:43:09.954+0000] {subprocess.py:75} INFO - Running command: ['/bin/bash', '-c', 'dbt run --profiles-dir /.dbt --project-dir /dbt_project']
[2023-09-23T13:43:09.977+0000] {subprocess.py:86} INFO - Output:
[2023-09-23T13:43:14.392+0000] {subprocess.py:93} INFO - [0m13:43:14  Running with dbt=1.5.3
[2023-09-23T13:43:14.936+0000] {subprocess.py:93} INFO - [0m13:43:14  Registered adapter: postgres=1.5.3
[2023-09-23T13:43:16.139+0000] {subprocess.py:93} INFO - [0m13:43:16  [[33mWARNING[0m]: Configuration paths exist in your dbt_project.yml file which do not apply to any resources.
[2023-09-23T13:43:16.140+0000] {subprocess.py:93} INFO - There are 1 unused configuration paths:
[2023-09-23T13:43:16.140+0000] {subprocess.py:93} INFO - - models.dbt_supermarket_data_engineering.example
[2023-09-23T13:43:16.260+0000] {subprocess.py:93} INFO - [0m13:43:16  Found 5 models, 0 tests, 1 snapshot, 0 analyses, 718 macros, 0 operations, 0 seed files, 1 source, 0 exposures, 0 metrics, 0 groups
[2023-09-23T13:43:16.275+0000] {subprocess.py:93} INFO - [0m13:43:16
[2023-09-23T13:43:16.783+0000] {subprocess.py:93} INFO - [0m13:43:16  Concurrency: 1 threads (target='dev')
[2023-09-23T13:43:16.788+0000] {subprocess.py:93} INFO - [0m13:43:16
[2023-09-23T13:43:16.819+0000] {subprocess.py:93} INFO - [0m13:43:16  1 of 5 START sql incremental model public.dim_product_descriptions ............. [RUN]
[2023-09-23T13:43:17.472+0000] {subprocess.py:93} INFO - [0m13:43:17  1 of 5 OK created sql incremental model public.dim_product_descriptions ........ [[32mSELECT 639[0m in 0.64s]
[2023-09-23T13:43:17.488+0000] {subprocess.py:93} INFO - [0m13:43:17  2 of 5 START sql incremental model public.fct_product_prices ................... [RUN]
[2023-09-23T13:43:17.841+0000] {subprocess.py:93} INFO - [0m13:43:17  2 of 5 OK created sql incremental model public.fct_product_prices .............. [[32mSELECT 639[0m in 0.35s]
[2023-09-23T13:43:17.856+0000] {subprocess.py:93} INFO - [0m13:43:17  3 of 5 START sql incremental model public.fct_product_specials ................. [RUN]
[2023-09-23T13:43:18.190+0000] {subprocess.py:93} INFO - [0m13:43:18  3 of 5 OK created sql incremental model public.fct_product_specials ............ [[32mSELECT 192[0m in 0.31s]
[2023-09-23T13:43:18.225+0000] {subprocess.py:93} INFO - [0m13:43:18  4 of 5 START sql incremental model public.mart_pricing_over_time ............... [RUN]
[2023-09-23T13:43:18.460+0000] {subprocess.py:93} INFO - [0m13:43:18  4 of 5 OK created sql incremental model public.mart_pricing_over_time .......... [[32mSELECT 639[0m in 0.23s]
[2023-09-23T13:43:18.469+0000] {subprocess.py:93} INFO - [0m13:43:18  5 of 5 START sql incremental model public.mart_specials_over_time .............. [RUN]
[2023-09-23T13:43:18.629+0000] {subprocess.py:93} INFO - [0m13:43:18  5 of 5 OK created sql incremental model public.mart_specials_over_time ......... [[32mSELECT 192[0m in 0.15s]
[2023-09-23T13:43:18.661+0000] {subprocess.py:93} INFO - [0m13:43:18
[2023-09-23T13:43:18.664+0000] {subprocess.py:93} INFO - [0m13:43:18  Finished running 5 incremental models in 0 hours 0 minutes and 2.38 seconds (2.38s).
[2023-09-23T13:43:18.711+0000] {subprocess.py:93} INFO - [0m13:43:18
[2023-09-23T13:43:18.715+0000] {subprocess.py:93} INFO - [0m13:43:18  [32mCompleted successfully[0m
[2023-09-23T13:43:18.720+0000] {subprocess.py:93} INFO - [0m13:43:18
[2023-09-23T13:43:18.722+0000] {subprocess.py:93} INFO - [0m13:43:18  Done. PASS=5 WARN=0 ERROR=0 SKIP=0 TOTAL=5
[2023-09-23T13:43:21.927+0000] {subprocess.py:97} INFO - Command exited with return code 0
[2023-09-23T13:43:22.045+0000] {taskinstance.py:1398} INFO - Marking task as SUCCESS. dag_id=main_dag, task_id=run_dbt, execution_date=20230923T134131, start_date=20230923T134309, end_date=20230923T134322
[2023-09-23T13:43:22.148+0000] {local_task_job_runner.py:228} INFO - Task exited with return code 0
[2023-09-23T13:43:22.235+0000] {taskinstance.py:2776} INFO - 1 downstream tasks scheduled from follow-on schedule check
