[2023-09-17T12:40:44.678+0000] {processor.py:157} INFO - Started process (PID=69) to work on /home/airflow/.local/lib/python3.8/site-packages/airflow/example_dags/example_dag_decorator.py
[2023-09-17T12:40:44.681+0000] {processor.py:829} INFO - Processing file /home/airflow/.local/lib/python3.8/site-packages/airflow/example_dags/example_dag_decorator.py for tasks to queue
[2023-09-17T12:40:44.684+0000] {logging_mixin.py:151} INFO - [2023-09-17T12:40:44.684+0000] {dagbag.py:539} INFO - Filling up the DagBag from /home/airflow/.local/lib/python3.8/site-packages/airflow/example_dags/example_dag_decorator.py
[2023-09-17T12:40:46.181+0000] {processor.py:839} INFO - DAG(s) dict_keys(['example_dag_decorator']) retrieved from /home/airflow/.local/lib/python3.8/site-packages/airflow/example_dags/example_dag_decorator.py
[2023-09-17T12:40:46.519+0000] {logging_mixin.py:151} INFO - [2023-09-17T12:40:46.518+0000] {manager.py:499} INFO - Created Permission View: %s
[2023-09-17T12:40:46.859+0000] {logging_mixin.py:151} INFO - [2023-09-17T12:40:46.858+0000] {manager.py:499} INFO - Created Permission View: %s
[2023-09-17T12:40:47.144+0000] {logging_mixin.py:151} INFO - [2023-09-17T12:40:47.144+0000] {manager.py:499} INFO - Created Permission View: %s
[2023-09-17T12:40:47.145+0000] {logging_mixin.py:151} INFO - [2023-09-17T12:40:47.145+0000] {security.py:708} INFO - Not syncing DAG-level permissions for DAG 'DAG:example_dag_decorator' as access control is unset.
[2023-09-17T12:40:47.146+0000] {logging_mixin.py:151} INFO - [2023-09-17T12:40:47.145+0000] {dag.py:2915} INFO - Sync 1 DAGs
[2023-09-17T12:40:47.168+0000] {logging_mixin.py:151} INFO - [2023-09-17T12:40:47.167+0000] {dag.py:2937} INFO - Creating ORM DAG for example_dag_decorator
[2023-09-17T12:40:47.168+0000] {logging_mixin.py:151} INFO - [2023-09-17T12:40:47.168+0000] {dag.py:3696} INFO - Setting next_dagrun for example_dag_decorator to None, run_after=None
[2023-09-17T12:40:47.308+0000] {processor.py:179} INFO - Processing /home/airflow/.local/lib/python3.8/site-packages/airflow/example_dags/example_dag_decorator.py took 2.643 seconds
[2023-09-17T12:41:17.343+0000] {processor.py:157} INFO - Started process (PID=124) to work on /home/airflow/.local/lib/python3.8/site-packages/airflow/example_dags/example_dag_decorator.py
[2023-09-17T12:41:18.262+0000] {processor.py:829} INFO - Processing file /home/airflow/.local/lib/python3.8/site-packages/airflow/example_dags/example_dag_decorator.py for tasks to queue
[2023-09-17T12:41:18.265+0000] {logging_mixin.py:151} INFO - [2023-09-17T12:41:18.265+0000] {dagbag.py:539} INFO - Filling up the DagBag from /home/airflow/.local/lib/python3.8/site-packages/airflow/example_dags/example_dag_decorator.py
[2023-09-17T12:41:20.563+0000] {processor.py:839} INFO - DAG(s) dict_keys(['example_dag_decorator']) retrieved from /home/airflow/.local/lib/python3.8/site-packages/airflow/example_dags/example_dag_decorator.py
[2023-09-17T12:41:20.725+0000] {logging_mixin.py:151} INFO - [2023-09-17T12:41:20.724+0000] {security.py:708} INFO - Not syncing DAG-level permissions for DAG 'DAG:example_dag_decorator' as access control is unset.
[2023-09-17T12:41:20.725+0000] {logging_mixin.py:151} INFO - [2023-09-17T12:41:20.725+0000] {dag.py:2915} INFO - Sync 1 DAGs
[2023-09-17T12:41:20.740+0000] {logging_mixin.py:151} INFO - [2023-09-17T12:41:20.739+0000] {dag.py:3696} INFO - Setting next_dagrun for example_dag_decorator to None, run_after=None
[2023-09-17T12:41:20.823+0000] {processor.py:179} INFO - Processing /home/airflow/.local/lib/python3.8/site-packages/airflow/example_dags/example_dag_decorator.py took 3.484 seconds
[2023-09-17T12:41:51.067+0000] {processor.py:157} INFO - Started process (PID=180) to work on /home/airflow/.local/lib/python3.8/site-packages/airflow/example_dags/example_dag_decorator.py
[2023-09-17T12:41:51.084+0000] {processor.py:829} INFO - Processing file /home/airflow/.local/lib/python3.8/site-packages/airflow/example_dags/example_dag_decorator.py for tasks to queue
[2023-09-17T12:41:51.088+0000] {logging_mixin.py:151} INFO - [2023-09-17T12:41:51.088+0000] {dagbag.py:539} INFO - Filling up the DagBag from /home/airflow/.local/lib/python3.8/site-packages/airflow/example_dags/example_dag_decorator.py
[2023-09-17T12:41:51.340+0000] {processor.py:839} INFO - DAG(s) dict_keys(['example_dag_decorator']) retrieved from /home/airflow/.local/lib/python3.8/site-packages/airflow/example_dags/example_dag_decorator.py
[2023-09-17T12:41:51.567+0000] {logging_mixin.py:151} INFO - [2023-09-17T12:41:51.567+0000] {security.py:708} INFO - Not syncing DAG-level permissions for DAG 'DAG:example_dag_decorator' as access control is unset.
[2023-09-17T12:41:51.568+0000] {logging_mixin.py:151} INFO - [2023-09-17T12:41:51.568+0000] {dag.py:2915} INFO - Sync 1 DAGs
[2023-09-17T12:41:51.585+0000] {logging_mixin.py:151} INFO - [2023-09-17T12:41:51.584+0000] {dag.py:3696} INFO - Setting next_dagrun for example_dag_decorator to None, run_after=None
[2023-09-17T12:41:51.757+0000] {processor.py:179} INFO - Processing /home/airflow/.local/lib/python3.8/site-packages/airflow/example_dags/example_dag_decorator.py took 0.698 seconds
[2023-09-17T12:42:21.947+0000] {processor.py:157} INFO - Started process (PID=235) to work on /home/airflow/.local/lib/python3.8/site-packages/airflow/example_dags/example_dag_decorator.py
[2023-09-17T12:42:21.948+0000] {processor.py:829} INFO - Processing file /home/airflow/.local/lib/python3.8/site-packages/airflow/example_dags/example_dag_decorator.py for tasks to queue
[2023-09-17T12:42:21.951+0000] {logging_mixin.py:151} INFO - [2023-09-17T12:42:21.950+0000] {dagbag.py:539} INFO - Filling up the DagBag from /home/airflow/.local/lib/python3.8/site-packages/airflow/example_dags/example_dag_decorator.py
[2023-09-17T12:42:22.101+0000] {processor.py:839} INFO - DAG(s) dict_keys(['example_dag_decorator']) retrieved from /home/airflow/.local/lib/python3.8/site-packages/airflow/example_dags/example_dag_decorator.py
[2023-09-17T12:42:22.256+0000] {logging_mixin.py:151} INFO - [2023-09-17T12:42:22.256+0000] {security.py:708} INFO - Not syncing DAG-level permissions for DAG 'DAG:example_dag_decorator' as access control is unset.
[2023-09-17T12:42:22.257+0000] {logging_mixin.py:151} INFO - [2023-09-17T12:42:22.257+0000] {dag.py:2915} INFO - Sync 1 DAGs
[2023-09-17T12:42:22.274+0000] {logging_mixin.py:151} INFO - [2023-09-17T12:42:22.273+0000] {dag.py:3696} INFO - Setting next_dagrun for example_dag_decorator to None, run_after=None
[2023-09-17T12:42:22.310+0000] {processor.py:179} INFO - Processing /home/airflow/.local/lib/python3.8/site-packages/airflow/example_dags/example_dag_decorator.py took 0.366 seconds
[2023-09-17T12:42:52.523+0000] {processor.py:157} INFO - Started process (PID=290) to work on /home/airflow/.local/lib/python3.8/site-packages/airflow/example_dags/example_dag_decorator.py
[2023-09-17T12:42:52.524+0000] {processor.py:829} INFO - Processing file /home/airflow/.local/lib/python3.8/site-packages/airflow/example_dags/example_dag_decorator.py for tasks to queue
[2023-09-17T12:42:52.527+0000] {logging_mixin.py:151} INFO - [2023-09-17T12:42:52.526+0000] {dagbag.py:539} INFO - Filling up the DagBag from /home/airflow/.local/lib/python3.8/site-packages/airflow/example_dags/example_dag_decorator.py
[2023-09-17T12:42:52.640+0000] {processor.py:839} INFO - DAG(s) dict_keys(['example_dag_decorator']) retrieved from /home/airflow/.local/lib/python3.8/site-packages/airflow/example_dags/example_dag_decorator.py
[2023-09-17T12:42:52.675+0000] {logging_mixin.py:151} INFO - [2023-09-17T12:42:52.675+0000] {dag.py:2915} INFO - Sync 1 DAGs
[2023-09-17T12:42:52.692+0000] {logging_mixin.py:151} INFO - [2023-09-17T12:42:52.692+0000] {dag.py:3696} INFO - Setting next_dagrun for example_dag_decorator to None, run_after=None
[2023-09-17T12:42:52.728+0000] {processor.py:179} INFO - Processing /home/airflow/.local/lib/python3.8/site-packages/airflow/example_dags/example_dag_decorator.py took 0.209 seconds
[2023-09-17T12:43:23.286+0000] {processor.py:157} INFO - Started process (PID=345) to work on /home/airflow/.local/lib/python3.8/site-packages/airflow/example_dags/example_dag_decorator.py
[2023-09-17T12:43:23.299+0000] {processor.py:829} INFO - Processing file /home/airflow/.local/lib/python3.8/site-packages/airflow/example_dags/example_dag_decorator.py for tasks to queue
[2023-09-17T12:43:23.303+0000] {logging_mixin.py:151} INFO - [2023-09-17T12:43:23.302+0000] {dagbag.py:539} INFO - Filling up the DagBag from /home/airflow/.local/lib/python3.8/site-packages/airflow/example_dags/example_dag_decorator.py
[2023-09-17T12:43:23.518+0000] {processor.py:839} INFO - DAG(s) dict_keys(['example_dag_decorator']) retrieved from /home/airflow/.local/lib/python3.8/site-packages/airflow/example_dags/example_dag_decorator.py
[2023-09-17T12:43:23.690+0000] {logging_mixin.py:151} INFO - [2023-09-17T12:43:23.690+0000] {security.py:708} INFO - Not syncing DAG-level permissions for DAG 'DAG:example_dag_decorator' as access control is unset.
[2023-09-17T12:43:23.691+0000] {logging_mixin.py:151} INFO - [2023-09-17T12:43:23.690+0000] {dag.py:2915} INFO - Sync 1 DAGs
[2023-09-17T12:43:23.711+0000] {logging_mixin.py:151} INFO - [2023-09-17T12:43:23.711+0000] {dag.py:3696} INFO - Setting next_dagrun for example_dag_decorator to None, run_after=None
[2023-09-17T12:43:23.760+0000] {processor.py:179} INFO - Processing /home/airflow/.local/lib/python3.8/site-packages/airflow/example_dags/example_dag_decorator.py took 0.481 seconds
[2023-09-17T12:43:54.006+0000] {processor.py:157} INFO - Started process (PID=400) to work on /home/airflow/.local/lib/python3.8/site-packages/airflow/example_dags/example_dag_decorator.py
[2023-09-17T12:43:54.008+0000] {processor.py:829} INFO - Processing file /home/airflow/.local/lib/python3.8/site-packages/airflow/example_dags/example_dag_decorator.py for tasks to queue
[2023-09-17T12:43:54.013+0000] {logging_mixin.py:151} INFO - [2023-09-17T12:43:54.012+0000] {dagbag.py:539} INFO - Filling up the DagBag from /home/airflow/.local/lib/python3.8/site-packages/airflow/example_dags/example_dag_decorator.py
[2023-09-17T12:43:54.255+0000] {processor.py:839} INFO - DAG(s) dict_keys(['example_dag_decorator']) retrieved from /home/airflow/.local/lib/python3.8/site-packages/airflow/example_dags/example_dag_decorator.py
[2023-09-17T12:43:54.638+0000] {logging_mixin.py:151} INFO - [2023-09-17T12:43:54.637+0000] {security.py:708} INFO - Not syncing DAG-level permissions for DAG 'DAG:example_dag_decorator' as access control is unset.
[2023-09-17T12:43:54.638+0000] {logging_mixin.py:151} INFO - [2023-09-17T12:43:54.638+0000] {dag.py:2915} INFO - Sync 1 DAGs
[2023-09-17T12:43:54.712+0000] {logging_mixin.py:151} INFO - [2023-09-17T12:43:54.712+0000] {dag.py:3696} INFO - Setting next_dagrun for example_dag_decorator to None, run_after=None
[2023-09-17T12:43:54.820+0000] {processor.py:179} INFO - Processing /home/airflow/.local/lib/python3.8/site-packages/airflow/example_dags/example_dag_decorator.py took 0.829 seconds
[2023-09-17T12:44:25.421+0000] {processor.py:157} INFO - Started process (PID=457) to work on /home/airflow/.local/lib/python3.8/site-packages/airflow/example_dags/example_dag_decorator.py
[2023-09-17T12:44:25.422+0000] {processor.py:829} INFO - Processing file /home/airflow/.local/lib/python3.8/site-packages/airflow/example_dags/example_dag_decorator.py for tasks to queue
[2023-09-17T12:44:25.426+0000] {logging_mixin.py:151} INFO - [2023-09-17T12:44:25.425+0000] {dagbag.py:539} INFO - Filling up the DagBag from /home/airflow/.local/lib/python3.8/site-packages/airflow/example_dags/example_dag_decorator.py
[2023-09-17T12:44:25.547+0000] {processor.py:839} INFO - DAG(s) dict_keys(['example_dag_decorator']) retrieved from /home/airflow/.local/lib/python3.8/site-packages/airflow/example_dags/example_dag_decorator.py
[2023-09-17T12:44:25.727+0000] {logging_mixin.py:151} INFO - [2023-09-17T12:44:25.727+0000] {security.py:708} INFO - Not syncing DAG-level permissions for DAG 'DAG:example_dag_decorator' as access control is unset.
[2023-09-17T12:44:25.728+0000] {logging_mixin.py:151} INFO - [2023-09-17T12:44:25.728+0000] {dag.py:2915} INFO - Sync 1 DAGs
[2023-09-17T12:44:25.747+0000] {logging_mixin.py:151} INFO - [2023-09-17T12:44:25.746+0000] {dag.py:3696} INFO - Setting next_dagrun for example_dag_decorator to None, run_after=None
[2023-09-17T12:44:25.785+0000] {processor.py:179} INFO - Processing /home/airflow/.local/lib/python3.8/site-packages/airflow/example_dags/example_dag_decorator.py took 0.368 seconds
[2023-09-17T12:44:55.882+0000] {processor.py:157} INFO - Started process (PID=512) to work on /home/airflow/.local/lib/python3.8/site-packages/airflow/example_dags/example_dag_decorator.py
[2023-09-17T12:44:55.883+0000] {processor.py:829} INFO - Processing file /home/airflow/.local/lib/python3.8/site-packages/airflow/example_dags/example_dag_decorator.py for tasks to queue
[2023-09-17T12:44:55.886+0000] {logging_mixin.py:151} INFO - [2023-09-17T12:44:55.886+0000] {dagbag.py:539} INFO - Filling up the DagBag from /home/airflow/.local/lib/python3.8/site-packages/airflow/example_dags/example_dag_decorator.py
[2023-09-17T12:44:56.035+0000] {processor.py:839} INFO - DAG(s) dict_keys(['example_dag_decorator']) retrieved from /home/airflow/.local/lib/python3.8/site-packages/airflow/example_dags/example_dag_decorator.py
[2023-09-17T12:44:56.428+0000] {logging_mixin.py:151} INFO - [2023-09-17T12:44:56.427+0000] {security.py:708} INFO - Not syncing DAG-level permissions for DAG 'DAG:example_dag_decorator' as access control is unset.
[2023-09-17T12:44:56.429+0000] {logging_mixin.py:151} INFO - [2023-09-17T12:44:56.429+0000] {dag.py:2915} INFO - Sync 1 DAGs
[2023-09-17T12:44:56.476+0000] {logging_mixin.py:151} INFO - [2023-09-17T12:44:56.474+0000] {dag.py:3696} INFO - Setting next_dagrun for example_dag_decorator to None, run_after=None
[2023-09-17T12:44:56.544+0000] {processor.py:179} INFO - Processing /home/airflow/.local/lib/python3.8/site-packages/airflow/example_dags/example_dag_decorator.py took 0.666 seconds
[2023-09-17T12:45:26.742+0000] {processor.py:157} INFO - Started process (PID=570) to work on /home/airflow/.local/lib/python3.8/site-packages/airflow/example_dags/example_dag_decorator.py
[2023-09-17T12:45:26.750+0000] {processor.py:829} INFO - Processing file /home/airflow/.local/lib/python3.8/site-packages/airflow/example_dags/example_dag_decorator.py for tasks to queue
[2023-09-17T12:45:26.753+0000] {logging_mixin.py:151} INFO - [2023-09-17T12:45:26.752+0000] {dagbag.py:539} INFO - Filling up the DagBag from /home/airflow/.local/lib/python3.8/site-packages/airflow/example_dags/example_dag_decorator.py
[2023-09-17T12:45:26.933+0000] {processor.py:839} INFO - DAG(s) dict_keys(['example_dag_decorator']) retrieved from /home/airflow/.local/lib/python3.8/site-packages/airflow/example_dags/example_dag_decorator.py
[2023-09-17T12:45:27.161+0000] {logging_mixin.py:151} INFO - [2023-09-17T12:45:27.160+0000] {security.py:708} INFO - Not syncing DAG-level permissions for DAG 'DAG:example_dag_decorator' as access control is unset.
[2023-09-17T12:45:27.162+0000] {logging_mixin.py:151} INFO - [2023-09-17T12:45:27.161+0000] {dag.py:2915} INFO - Sync 1 DAGs
[2023-09-17T12:45:27.183+0000] {logging_mixin.py:151} INFO - [2023-09-17T12:45:27.182+0000] {dag.py:3696} INFO - Setting next_dagrun for example_dag_decorator to None, run_after=None
[2023-09-17T12:45:27.243+0000] {processor.py:179} INFO - Processing /home/airflow/.local/lib/python3.8/site-packages/airflow/example_dags/example_dag_decorator.py took 0.507 seconds
[2023-09-17T12:45:57.584+0000] {processor.py:157} INFO - Started process (PID=626) to work on /home/airflow/.local/lib/python3.8/site-packages/airflow/example_dags/example_dag_decorator.py
[2023-09-17T12:45:57.587+0000] {processor.py:829} INFO - Processing file /home/airflow/.local/lib/python3.8/site-packages/airflow/example_dags/example_dag_decorator.py for tasks to queue
[2023-09-17T12:45:57.593+0000] {logging_mixin.py:151} INFO - [2023-09-17T12:45:57.592+0000] {dagbag.py:539} INFO - Filling up the DagBag from /home/airflow/.local/lib/python3.8/site-packages/airflow/example_dags/example_dag_decorator.py
[2023-09-17T12:45:57.884+0000] {processor.py:839} INFO - DAG(s) dict_keys(['example_dag_decorator']) retrieved from /home/airflow/.local/lib/python3.8/site-packages/airflow/example_dags/example_dag_decorator.py
[2023-09-17T12:45:58.336+0000] {logging_mixin.py:151} INFO - [2023-09-17T12:45:58.335+0000] {security.py:708} INFO - Not syncing DAG-level permissions for DAG 'DAG:example_dag_decorator' as access control is unset.
[2023-09-17T12:45:58.336+0000] {logging_mixin.py:151} INFO - [2023-09-17T12:45:58.336+0000] {dag.py:2915} INFO - Sync 1 DAGs
[2023-09-17T12:45:58.363+0000] {logging_mixin.py:151} INFO - [2023-09-17T12:45:58.363+0000] {dag.py:3696} INFO - Setting next_dagrun for example_dag_decorator to None, run_after=None
[2023-09-17T12:45:58.420+0000] {processor.py:179} INFO - Processing /home/airflow/.local/lib/python3.8/site-packages/airflow/example_dags/example_dag_decorator.py took 0.842 seconds
[2023-09-17T12:46:28.773+0000] {processor.py:157} INFO - Started process (PID=682) to work on /home/airflow/.local/lib/python3.8/site-packages/airflow/example_dags/example_dag_decorator.py
[2023-09-17T12:46:28.774+0000] {processor.py:829} INFO - Processing file /home/airflow/.local/lib/python3.8/site-packages/airflow/example_dags/example_dag_decorator.py for tasks to queue
[2023-09-17T12:46:28.777+0000] {logging_mixin.py:151} INFO - [2023-09-17T12:46:28.777+0000] {dagbag.py:539} INFO - Filling up the DagBag from /home/airflow/.local/lib/python3.8/site-packages/airflow/example_dags/example_dag_decorator.py
[2023-09-17T12:46:28.895+0000] {processor.py:839} INFO - DAG(s) dict_keys(['example_dag_decorator']) retrieved from /home/airflow/.local/lib/python3.8/site-packages/airflow/example_dags/example_dag_decorator.py
[2023-09-17T12:46:29.080+0000] {logging_mixin.py:151} INFO - [2023-09-17T12:46:29.079+0000] {security.py:708} INFO - Not syncing DAG-level permissions for DAG 'DAG:example_dag_decorator' as access control is unset.
[2023-09-17T12:46:29.080+0000] {logging_mixin.py:151} INFO - [2023-09-17T12:46:29.080+0000] {dag.py:2915} INFO - Sync 1 DAGs
[2023-09-17T12:46:29.097+0000] {logging_mixin.py:151} INFO - [2023-09-17T12:46:29.097+0000] {dag.py:3696} INFO - Setting next_dagrun for example_dag_decorator to None, run_after=None
[2023-09-17T12:46:29.137+0000] {processor.py:179} INFO - Processing /home/airflow/.local/lib/python3.8/site-packages/airflow/example_dags/example_dag_decorator.py took 0.368 seconds
[2023-09-17T12:46:59.251+0000] {processor.py:157} INFO - Started process (PID=738) to work on /home/airflow/.local/lib/python3.8/site-packages/airflow/example_dags/example_dag_decorator.py
[2023-09-17T12:46:59.253+0000] {processor.py:829} INFO - Processing file /home/airflow/.local/lib/python3.8/site-packages/airflow/example_dags/example_dag_decorator.py for tasks to queue
[2023-09-17T12:46:59.257+0000] {logging_mixin.py:151} INFO - [2023-09-17T12:46:59.256+0000] {dagbag.py:539} INFO - Filling up the DagBag from /home/airflow/.local/lib/python3.8/site-packages/airflow/example_dags/example_dag_decorator.py
[2023-09-17T12:46:59.429+0000] {processor.py:839} INFO - DAG(s) dict_keys(['example_dag_decorator']) retrieved from /home/airflow/.local/lib/python3.8/site-packages/airflow/example_dags/example_dag_decorator.py
[2023-09-17T12:46:59.617+0000] {logging_mixin.py:151} INFO - [2023-09-17T12:46:59.617+0000] {security.py:708} INFO - Not syncing DAG-level permissions for DAG 'DAG:example_dag_decorator' as access control is unset.
[2023-09-17T12:46:59.618+0000] {logging_mixin.py:151} INFO - [2023-09-17T12:46:59.618+0000] {dag.py:2915} INFO - Sync 1 DAGs
[2023-09-17T12:46:59.640+0000] {logging_mixin.py:151} INFO - [2023-09-17T12:46:59.640+0000] {dag.py:3696} INFO - Setting next_dagrun for example_dag_decorator to None, run_after=None
[2023-09-17T12:46:59.677+0000] {processor.py:179} INFO - Processing /home/airflow/.local/lib/python3.8/site-packages/airflow/example_dags/example_dag_decorator.py took 0.432 seconds
[2023-09-17T12:47:30.078+0000] {processor.py:157} INFO - Started process (PID=795) to work on /home/airflow/.local/lib/python3.8/site-packages/airflow/example_dags/example_dag_decorator.py
[2023-09-17T12:47:30.085+0000] {processor.py:829} INFO - Processing file /home/airflow/.local/lib/python3.8/site-packages/airflow/example_dags/example_dag_decorator.py for tasks to queue
[2023-09-17T12:47:30.087+0000] {logging_mixin.py:151} INFO - [2023-09-17T12:47:30.087+0000] {dagbag.py:539} INFO - Filling up the DagBag from /home/airflow/.local/lib/python3.8/site-packages/airflow/example_dags/example_dag_decorator.py
[2023-09-17T12:47:30.280+0000] {processor.py:839} INFO - DAG(s) dict_keys(['example_dag_decorator']) retrieved from /home/airflow/.local/lib/python3.8/site-packages/airflow/example_dags/example_dag_decorator.py
[2023-09-17T12:47:30.499+0000] {logging_mixin.py:151} INFO - [2023-09-17T12:47:30.499+0000] {security.py:708} INFO - Not syncing DAG-level permissions for DAG 'DAG:example_dag_decorator' as access control is unset.
[2023-09-17T12:47:30.499+0000] {logging_mixin.py:151} INFO - [2023-09-17T12:47:30.499+0000] {dag.py:2915} INFO - Sync 1 DAGs
[2023-09-17T12:47:30.521+0000] {logging_mixin.py:151} INFO - [2023-09-17T12:47:30.520+0000] {dag.py:3696} INFO - Setting next_dagrun for example_dag_decorator to None, run_after=None
[2023-09-17T12:47:30.563+0000] {processor.py:179} INFO - Processing /home/airflow/.local/lib/python3.8/site-packages/airflow/example_dags/example_dag_decorator.py took 0.489 seconds
[2023-09-17T12:48:00.702+0000] {processor.py:157} INFO - Started process (PID=851) to work on /home/airflow/.local/lib/python3.8/site-packages/airflow/example_dags/example_dag_decorator.py
[2023-09-17T12:48:00.704+0000] {processor.py:829} INFO - Processing file /home/airflow/.local/lib/python3.8/site-packages/airflow/example_dags/example_dag_decorator.py for tasks to queue
[2023-09-17T12:48:00.709+0000] {logging_mixin.py:151} INFO - [2023-09-17T12:48:00.708+0000] {dagbag.py:539} INFO - Filling up the DagBag from /home/airflow/.local/lib/python3.8/site-packages/airflow/example_dags/example_dag_decorator.py
[2023-09-17T12:48:00.882+0000] {processor.py:839} INFO - DAG(s) dict_keys(['example_dag_decorator']) retrieved from /home/airflow/.local/lib/python3.8/site-packages/airflow/example_dags/example_dag_decorator.py
[2023-09-17T12:48:01.187+0000] {logging_mixin.py:151} INFO - [2023-09-17T12:48:01.186+0000] {security.py:708} INFO - Not syncing DAG-level permissions for DAG 'DAG:example_dag_decorator' as access control is unset.
[2023-09-17T12:48:01.187+0000] {logging_mixin.py:151} INFO - [2023-09-17T12:48:01.187+0000] {dag.py:2915} INFO - Sync 1 DAGs
[2023-09-17T12:48:01.220+0000] {logging_mixin.py:151} INFO - [2023-09-17T12:48:01.219+0000] {dag.py:3696} INFO - Setting next_dagrun for example_dag_decorator to None, run_after=None
[2023-09-17T12:48:01.269+0000] {processor.py:179} INFO - Processing /home/airflow/.local/lib/python3.8/site-packages/airflow/example_dags/example_dag_decorator.py took 0.573 seconds
[2023-09-17T12:48:31.817+0000] {processor.py:157} INFO - Started process (PID=904) to work on /home/airflow/.local/lib/python3.8/site-packages/airflow/example_dags/example_dag_decorator.py
[2023-09-17T12:48:31.818+0000] {processor.py:829} INFO - Processing file /home/airflow/.local/lib/python3.8/site-packages/airflow/example_dags/example_dag_decorator.py for tasks to queue
[2023-09-17T12:48:31.822+0000] {logging_mixin.py:151} INFO - [2023-09-17T12:48:31.821+0000] {dagbag.py:539} INFO - Filling up the DagBag from /home/airflow/.local/lib/python3.8/site-packages/airflow/example_dags/example_dag_decorator.py
[2023-09-17T12:48:31.989+0000] {processor.py:839} INFO - DAG(s) dict_keys(['example_dag_decorator']) retrieved from /home/airflow/.local/lib/python3.8/site-packages/airflow/example_dags/example_dag_decorator.py
[2023-09-17T12:48:32.242+0000] {logging_mixin.py:151} INFO - [2023-09-17T12:48:32.242+0000] {security.py:708} INFO - Not syncing DAG-level permissions for DAG 'DAG:example_dag_decorator' as access control is unset.
[2023-09-17T12:48:32.242+0000] {logging_mixin.py:151} INFO - [2023-09-17T12:48:32.242+0000] {dag.py:2915} INFO - Sync 1 DAGs
[2023-09-17T12:48:32.264+0000] {logging_mixin.py:151} INFO - [2023-09-17T12:48:32.263+0000] {dag.py:3696} INFO - Setting next_dagrun for example_dag_decorator to None, run_after=None
[2023-09-17T12:48:32.390+0000] {processor.py:179} INFO - Processing /home/airflow/.local/lib/python3.8/site-packages/airflow/example_dags/example_dag_decorator.py took 0.578 seconds
[2023-09-17T12:49:02.472+0000] {processor.py:157} INFO - Started process (PID=961) to work on /home/airflow/.local/lib/python3.8/site-packages/airflow/example_dags/example_dag_decorator.py
[2023-09-17T12:49:02.474+0000] {processor.py:829} INFO - Processing file /home/airflow/.local/lib/python3.8/site-packages/airflow/example_dags/example_dag_decorator.py for tasks to queue
[2023-09-17T12:49:02.477+0000] {logging_mixin.py:151} INFO - [2023-09-17T12:49:02.477+0000] {dagbag.py:539} INFO - Filling up the DagBag from /home/airflow/.local/lib/python3.8/site-packages/airflow/example_dags/example_dag_decorator.py
[2023-09-17T12:49:02.658+0000] {processor.py:839} INFO - DAG(s) dict_keys(['example_dag_decorator']) retrieved from /home/airflow/.local/lib/python3.8/site-packages/airflow/example_dags/example_dag_decorator.py
[2023-09-17T12:49:02.926+0000] {logging_mixin.py:151} INFO - [2023-09-17T12:49:02.926+0000] {security.py:708} INFO - Not syncing DAG-level permissions for DAG 'DAG:example_dag_decorator' as access control is unset.
[2023-09-17T12:49:02.927+0000] {logging_mixin.py:151} INFO - [2023-09-17T12:49:02.927+0000] {dag.py:2915} INFO - Sync 1 DAGs
[2023-09-17T12:49:02.955+0000] {logging_mixin.py:151} INFO - [2023-09-17T12:49:02.954+0000] {dag.py:3696} INFO - Setting next_dagrun for example_dag_decorator to None, run_after=None
[2023-09-17T12:49:03.026+0000] {processor.py:179} INFO - Processing /home/airflow/.local/lib/python3.8/site-packages/airflow/example_dags/example_dag_decorator.py took 0.561 seconds
[2023-09-17T12:49:33.196+0000] {processor.py:157} INFO - Started process (PID=1017) to work on /home/airflow/.local/lib/python3.8/site-packages/airflow/example_dags/example_dag_decorator.py
[2023-09-17T12:49:33.197+0000] {processor.py:829} INFO - Processing file /home/airflow/.local/lib/python3.8/site-packages/airflow/example_dags/example_dag_decorator.py for tasks to queue
[2023-09-17T12:49:33.199+0000] {logging_mixin.py:151} INFO - [2023-09-17T12:49:33.199+0000] {dagbag.py:539} INFO - Filling up the DagBag from /home/airflow/.local/lib/python3.8/site-packages/airflow/example_dags/example_dag_decorator.py
[2023-09-17T12:49:33.315+0000] {processor.py:839} INFO - DAG(s) dict_keys(['example_dag_decorator']) retrieved from /home/airflow/.local/lib/python3.8/site-packages/airflow/example_dags/example_dag_decorator.py
[2023-09-17T12:49:33.492+0000] {logging_mixin.py:151} INFO - [2023-09-17T12:49:33.492+0000] {security.py:708} INFO - Not syncing DAG-level permissions for DAG 'DAG:example_dag_decorator' as access control is unset.
[2023-09-17T12:49:33.493+0000] {logging_mixin.py:151} INFO - [2023-09-17T12:49:33.493+0000] {dag.py:2915} INFO - Sync 1 DAGs
[2023-09-17T12:49:33.510+0000] {logging_mixin.py:151} INFO - [2023-09-17T12:49:33.510+0000] {dag.py:3696} INFO - Setting next_dagrun for example_dag_decorator to None, run_after=None
[2023-09-17T12:49:33.561+0000] {processor.py:179} INFO - Processing /home/airflow/.local/lib/python3.8/site-packages/airflow/example_dags/example_dag_decorator.py took 0.370 seconds
[2023-09-17T12:50:03.773+0000] {processor.py:157} INFO - Started process (PID=1071) to work on /home/airflow/.local/lib/python3.8/site-packages/airflow/example_dags/example_dag_decorator.py
[2023-09-17T12:50:03.787+0000] {processor.py:829} INFO - Processing file /home/airflow/.local/lib/python3.8/site-packages/airflow/example_dags/example_dag_decorator.py for tasks to queue
[2023-09-17T12:50:03.791+0000] {logging_mixin.py:151} INFO - [2023-09-17T12:50:03.790+0000] {dagbag.py:539} INFO - Filling up the DagBag from /home/airflow/.local/lib/python3.8/site-packages/airflow/example_dags/example_dag_decorator.py
[2023-09-17T12:50:03.966+0000] {processor.py:839} INFO - DAG(s) dict_keys(['example_dag_decorator']) retrieved from /home/airflow/.local/lib/python3.8/site-packages/airflow/example_dags/example_dag_decorator.py
[2023-09-17T12:50:04.236+0000] {logging_mixin.py:151} INFO - [2023-09-17T12:50:04.235+0000] {security.py:708} INFO - Not syncing DAG-level permissions for DAG 'DAG:example_dag_decorator' as access control is unset.
[2023-09-17T12:50:04.237+0000] {logging_mixin.py:151} INFO - [2023-09-17T12:50:04.236+0000] {dag.py:2915} INFO - Sync 1 DAGs
[2023-09-17T12:50:04.262+0000] {logging_mixin.py:151} INFO - [2023-09-17T12:50:04.262+0000] {dag.py:3696} INFO - Setting next_dagrun for example_dag_decorator to None, run_after=None
[2023-09-17T12:50:04.314+0000] {processor.py:179} INFO - Processing /home/airflow/.local/lib/python3.8/site-packages/airflow/example_dags/example_dag_decorator.py took 0.547 seconds
[2023-09-17T12:50:34.571+0000] {processor.py:157} INFO - Started process (PID=1125) to work on /home/airflow/.local/lib/python3.8/site-packages/airflow/example_dags/example_dag_decorator.py
[2023-09-17T12:50:34.577+0000] {processor.py:829} INFO - Processing file /home/airflow/.local/lib/python3.8/site-packages/airflow/example_dags/example_dag_decorator.py for tasks to queue
[2023-09-17T12:50:34.580+0000] {logging_mixin.py:151} INFO - [2023-09-17T12:50:34.579+0000] {dagbag.py:539} INFO - Filling up the DagBag from /home/airflow/.local/lib/python3.8/site-packages/airflow/example_dags/example_dag_decorator.py
[2023-09-17T12:50:35.065+0000] {processor.py:839} INFO - DAG(s) dict_keys(['example_dag_decorator']) retrieved from /home/airflow/.local/lib/python3.8/site-packages/airflow/example_dags/example_dag_decorator.py
[2023-09-17T12:50:35.333+0000] {logging_mixin.py:151} INFO - [2023-09-17T12:50:35.333+0000] {security.py:708} INFO - Not syncing DAG-level permissions for DAG 'DAG:example_dag_decorator' as access control is unset.
[2023-09-17T12:50:35.334+0000] {logging_mixin.py:151} INFO - [2023-09-17T12:50:35.333+0000] {dag.py:2915} INFO - Sync 1 DAGs
[2023-09-17T12:50:35.371+0000] {logging_mixin.py:151} INFO - [2023-09-17T12:50:35.370+0000] {dag.py:3696} INFO - Setting next_dagrun for example_dag_decorator to None, run_after=None
[2023-09-17T12:50:35.532+0000] {processor.py:179} INFO - Processing /home/airflow/.local/lib/python3.8/site-packages/airflow/example_dags/example_dag_decorator.py took 0.988 seconds
[2023-09-17T12:51:06.077+0000] {processor.py:157} INFO - Started process (PID=1179) to work on /home/airflow/.local/lib/python3.8/site-packages/airflow/example_dags/example_dag_decorator.py
[2023-09-17T12:51:06.078+0000] {processor.py:829} INFO - Processing file /home/airflow/.local/lib/python3.8/site-packages/airflow/example_dags/example_dag_decorator.py for tasks to queue
[2023-09-17T12:51:06.081+0000] {logging_mixin.py:151} INFO - [2023-09-17T12:51:06.080+0000] {dagbag.py:539} INFO - Filling up the DagBag from /home/airflow/.local/lib/python3.8/site-packages/airflow/example_dags/example_dag_decorator.py
[2023-09-17T12:51:06.210+0000] {processor.py:839} INFO - DAG(s) dict_keys(['example_dag_decorator']) retrieved from /home/airflow/.local/lib/python3.8/site-packages/airflow/example_dags/example_dag_decorator.py
[2023-09-17T12:51:06.435+0000] {logging_mixin.py:151} INFO - [2023-09-17T12:51:06.434+0000] {security.py:708} INFO - Not syncing DAG-level permissions for DAG 'DAG:example_dag_decorator' as access control is unset.
[2023-09-17T12:51:06.435+0000] {logging_mixin.py:151} INFO - [2023-09-17T12:51:06.435+0000] {dag.py:2915} INFO - Sync 1 DAGs
[2023-09-17T12:51:06.452+0000] {logging_mixin.py:151} INFO - [2023-09-17T12:51:06.452+0000] {dag.py:3696} INFO - Setting next_dagrun for example_dag_decorator to None, run_after=None
[2023-09-17T12:51:06.628+0000] {processor.py:179} INFO - Processing /home/airflow/.local/lib/python3.8/site-packages/airflow/example_dags/example_dag_decorator.py took 0.555 seconds
[2023-09-17T12:51:36.835+0000] {processor.py:157} INFO - Started process (PID=1233) to work on /home/airflow/.local/lib/python3.8/site-packages/airflow/example_dags/example_dag_decorator.py
[2023-09-17T12:51:36.842+0000] {processor.py:829} INFO - Processing file /home/airflow/.local/lib/python3.8/site-packages/airflow/example_dags/example_dag_decorator.py for tasks to queue
[2023-09-17T12:51:36.846+0000] {logging_mixin.py:151} INFO - [2023-09-17T12:51:36.845+0000] {dagbag.py:539} INFO - Filling up the DagBag from /home/airflow/.local/lib/python3.8/site-packages/airflow/example_dags/example_dag_decorator.py
[2023-09-17T12:51:37.027+0000] {processor.py:839} INFO - DAG(s) dict_keys(['example_dag_decorator']) retrieved from /home/airflow/.local/lib/python3.8/site-packages/airflow/example_dags/example_dag_decorator.py
[2023-09-17T12:51:37.375+0000] {logging_mixin.py:151} INFO - [2023-09-17T12:51:37.373+0000] {security.py:708} INFO - Not syncing DAG-level permissions for DAG 'DAG:example_dag_decorator' as access control is unset.
[2023-09-17T12:51:37.377+0000] {logging_mixin.py:151} INFO - [2023-09-17T12:51:37.376+0000] {dag.py:2915} INFO - Sync 1 DAGs
[2023-09-17T12:51:37.422+0000] {logging_mixin.py:151} INFO - [2023-09-17T12:51:37.422+0000] {dag.py:3696} INFO - Setting next_dagrun for example_dag_decorator to None, run_after=None
[2023-09-17T12:51:37.498+0000] {processor.py:179} INFO - Processing /home/airflow/.local/lib/python3.8/site-packages/airflow/example_dags/example_dag_decorator.py took 0.671 seconds
[2023-09-17T12:52:07.697+0000] {processor.py:157} INFO - Started process (PID=1288) to work on /home/airflow/.local/lib/python3.8/site-packages/airflow/example_dags/example_dag_decorator.py
[2023-09-17T12:52:07.711+0000] {processor.py:829} INFO - Processing file /home/airflow/.local/lib/python3.8/site-packages/airflow/example_dags/example_dag_decorator.py for tasks to queue
[2023-09-17T12:52:07.714+0000] {logging_mixin.py:151} INFO - [2023-09-17T12:52:07.713+0000] {dagbag.py:539} INFO - Filling up the DagBag from /home/airflow/.local/lib/python3.8/site-packages/airflow/example_dags/example_dag_decorator.py
[2023-09-17T12:52:07.954+0000] {processor.py:839} INFO - DAG(s) dict_keys(['example_dag_decorator']) retrieved from /home/airflow/.local/lib/python3.8/site-packages/airflow/example_dags/example_dag_decorator.py
[2023-09-17T12:52:08.156+0000] {logging_mixin.py:151} INFO - [2023-09-17T12:52:08.156+0000] {security.py:708} INFO - Not syncing DAG-level permissions for DAG 'DAG:example_dag_decorator' as access control is unset.
[2023-09-17T12:52:08.157+0000] {logging_mixin.py:151} INFO - [2023-09-17T12:52:08.157+0000] {dag.py:2915} INFO - Sync 1 DAGs
[2023-09-17T12:52:08.175+0000] {logging_mixin.py:151} INFO - [2023-09-17T12:52:08.175+0000] {dag.py:3696} INFO - Setting next_dagrun for example_dag_decorator to None, run_after=None
[2023-09-17T12:52:08.219+0000] {processor.py:179} INFO - Processing /home/airflow/.local/lib/python3.8/site-packages/airflow/example_dags/example_dag_decorator.py took 0.527 seconds
[2023-09-17T12:52:38.737+0000] {processor.py:157} INFO - Started process (PID=1344) to work on /home/airflow/.local/lib/python3.8/site-packages/airflow/example_dags/example_dag_decorator.py
[2023-09-17T12:52:38.738+0000] {processor.py:829} INFO - Processing file /home/airflow/.local/lib/python3.8/site-packages/airflow/example_dags/example_dag_decorator.py for tasks to queue
[2023-09-17T12:52:38.740+0000] {logging_mixin.py:151} INFO - [2023-09-17T12:52:38.740+0000] {dagbag.py:539} INFO - Filling up the DagBag from /home/airflow/.local/lib/python3.8/site-packages/airflow/example_dags/example_dag_decorator.py
[2023-09-17T12:52:38.917+0000] {processor.py:839} INFO - DAG(s) dict_keys(['example_dag_decorator']) retrieved from /home/airflow/.local/lib/python3.8/site-packages/airflow/example_dags/example_dag_decorator.py
[2023-09-17T12:52:39.154+0000] {logging_mixin.py:151} INFO - [2023-09-17T12:52:39.154+0000] {security.py:708} INFO - Not syncing DAG-level permissions for DAG 'DAG:example_dag_decorator' as access control is unset.
[2023-09-17T12:52:39.155+0000] {logging_mixin.py:151} INFO - [2023-09-17T12:52:39.155+0000] {dag.py:2915} INFO - Sync 1 DAGs
[2023-09-17T12:52:39.178+0000] {logging_mixin.py:151} INFO - [2023-09-17T12:52:39.177+0000] {dag.py:3696} INFO - Setting next_dagrun for example_dag_decorator to None, run_after=None
[2023-09-17T12:52:39.242+0000] {processor.py:179} INFO - Processing /home/airflow/.local/lib/python3.8/site-packages/airflow/example_dags/example_dag_decorator.py took 0.512 seconds
