[2023-09-17T12:40:34.704+0000] {processor.py:157} INFO - Started process (PID=52) to work on /home/airflow/.local/lib/python3.8/site-packages/airflow/example_dags/example_trigger_target_dag.py
[2023-09-17T12:40:34.705+0000] {processor.py:829} INFO - Processing file /home/airflow/.local/lib/python3.8/site-packages/airflow/example_dags/example_trigger_target_dag.py for tasks to queue
[2023-09-17T12:40:34.709+0000] {logging_mixin.py:151} INFO - [2023-09-17T12:40:34.708+0000] {dagbag.py:539} INFO - Filling up the DagBag from /home/airflow/.local/lib/python3.8/site-packages/airflow/example_dags/example_trigger_target_dag.py
[2023-09-17T12:40:34.721+0000] {processor.py:839} INFO - DAG(s) dict_keys(['example_trigger_target_dag']) retrieved from /home/airflow/.local/lib/python3.8/site-packages/airflow/example_dags/example_trigger_target_dag.py
[2023-09-17T12:40:35.061+0000] {logging_mixin.py:151} INFO - [2023-09-17T12:40:35.061+0000] {manager.py:499} INFO - Created Permission View: %s
[2023-09-17T12:40:35.154+0000] {logging_mixin.py:151} INFO - [2023-09-17T12:40:35.153+0000] {manager.py:499} INFO - Created Permission View: %s
[2023-09-17T12:40:35.213+0000] {logging_mixin.py:151} INFO - [2023-09-17T12:40:35.212+0000] {manager.py:499} INFO - Created Permission View: %s
[2023-09-17T12:40:35.215+0000] {logging_mixin.py:151} INFO - [2023-09-17T12:40:35.214+0000] {security.py:708} INFO - Not syncing DAG-level permissions for DAG 'DAG:example_trigger_target_dag' as access control is unset.
[2023-09-17T12:40:35.216+0000] {logging_mixin.py:151} INFO - [2023-09-17T12:40:35.215+0000] {dag.py:2915} INFO - Sync 1 DAGs
[2023-09-17T12:40:35.273+0000] {logging_mixin.py:151} INFO - [2023-09-17T12:40:35.273+0000] {dag.py:2937} INFO - Creating ORM DAG for example_trigger_target_dag
[2023-09-17T12:40:35.274+0000] {logging_mixin.py:151} INFO - [2023-09-17T12:40:35.274+0000] {dag.py:3696} INFO - Setting next_dagrun for example_trigger_target_dag to None, run_after=None
[2023-09-17T12:40:35.316+0000] {processor.py:179} INFO - Processing /home/airflow/.local/lib/python3.8/site-packages/airflow/example_dags/example_trigger_target_dag.py took 0.616 seconds
[2023-09-17T12:41:05.686+0000] {processor.py:157} INFO - Started process (PID=107) to work on /home/airflow/.local/lib/python3.8/site-packages/airflow/example_dags/example_trigger_target_dag.py
[2023-09-17T12:41:05.710+0000] {processor.py:829} INFO - Processing file /home/airflow/.local/lib/python3.8/site-packages/airflow/example_dags/example_trigger_target_dag.py for tasks to queue
[2023-09-17T12:41:05.713+0000] {logging_mixin.py:151} INFO - [2023-09-17T12:41:05.712+0000] {dagbag.py:539} INFO - Filling up the DagBag from /home/airflow/.local/lib/python3.8/site-packages/airflow/example_dags/example_trigger_target_dag.py
[2023-09-17T12:41:05.719+0000] {processor.py:839} INFO - DAG(s) dict_keys(['example_trigger_target_dag']) retrieved from /home/airflow/.local/lib/python3.8/site-packages/airflow/example_dags/example_trigger_target_dag.py
[2023-09-17T12:41:05.745+0000] {logging_mixin.py:151} INFO - [2023-09-17T12:41:05.745+0000] {dag.py:2915} INFO - Sync 1 DAGs
[2023-09-17T12:41:05.764+0000] {logging_mixin.py:151} INFO - [2023-09-17T12:41:05.763+0000] {dag.py:3696} INFO - Setting next_dagrun for example_trigger_target_dag to None, run_after=None
[2023-09-17T12:41:05.817+0000] {processor.py:179} INFO - Processing /home/airflow/.local/lib/python3.8/site-packages/airflow/example_dags/example_trigger_target_dag.py took 0.135 seconds
[2023-09-17T12:41:35.854+0000] {processor.py:157} INFO - Started process (PID=162) to work on /home/airflow/.local/lib/python3.8/site-packages/airflow/example_dags/example_trigger_target_dag.py
[2023-09-17T12:41:35.875+0000] {processor.py:829} INFO - Processing file /home/airflow/.local/lib/python3.8/site-packages/airflow/example_dags/example_trigger_target_dag.py for tasks to queue
[2023-09-17T12:41:35.879+0000] {logging_mixin.py:151} INFO - [2023-09-17T12:41:35.879+0000] {dagbag.py:539} INFO - Filling up the DagBag from /home/airflow/.local/lib/python3.8/site-packages/airflow/example_dags/example_trigger_target_dag.py
[2023-09-17T12:41:35.890+0000] {processor.py:839} INFO - DAG(s) dict_keys(['example_trigger_target_dag']) retrieved from /home/airflow/.local/lib/python3.8/site-packages/airflow/example_dags/example_trigger_target_dag.py
[2023-09-17T12:41:35.915+0000] {logging_mixin.py:151} INFO - [2023-09-17T12:41:35.915+0000] {dag.py:2915} INFO - Sync 1 DAGs
[2023-09-17T12:41:35.932+0000] {logging_mixin.py:151} INFO - [2023-09-17T12:41:35.932+0000] {dag.py:3696} INFO - Setting next_dagrun for example_trigger_target_dag to None, run_after=None
[2023-09-17T12:41:36.016+0000] {processor.py:179} INFO - Processing /home/airflow/.local/lib/python3.8/site-packages/airflow/example_dags/example_trigger_target_dag.py took 0.167 seconds
[2023-09-17T12:42:06.312+0000] {processor.py:157} INFO - Started process (PID=217) to work on /home/airflow/.local/lib/python3.8/site-packages/airflow/example_dags/example_trigger_target_dag.py
[2023-09-17T12:42:06.331+0000] {processor.py:829} INFO - Processing file /home/airflow/.local/lib/python3.8/site-packages/airflow/example_dags/example_trigger_target_dag.py for tasks to queue
[2023-09-17T12:42:06.334+0000] {logging_mixin.py:151} INFO - [2023-09-17T12:42:06.334+0000] {dagbag.py:539} INFO - Filling up the DagBag from /home/airflow/.local/lib/python3.8/site-packages/airflow/example_dags/example_trigger_target_dag.py
[2023-09-17T12:42:06.342+0000] {processor.py:839} INFO - DAG(s) dict_keys(['example_trigger_target_dag']) retrieved from /home/airflow/.local/lib/python3.8/site-packages/airflow/example_dags/example_trigger_target_dag.py
[2023-09-17T12:42:06.385+0000] {logging_mixin.py:151} INFO - [2023-09-17T12:42:06.385+0000] {dag.py:2915} INFO - Sync 1 DAGs
[2023-09-17T12:42:06.414+0000] {logging_mixin.py:151} INFO - [2023-09-17T12:42:06.414+0000] {dag.py:3696} INFO - Setting next_dagrun for example_trigger_target_dag to None, run_after=None
[2023-09-17T12:42:06.463+0000] {processor.py:179} INFO - Processing /home/airflow/.local/lib/python3.8/site-packages/airflow/example_dags/example_trigger_target_dag.py took 0.157 seconds
[2023-09-17T12:42:36.996+0000] {processor.py:157} INFO - Started process (PID=272) to work on /home/airflow/.local/lib/python3.8/site-packages/airflow/example_dags/example_trigger_target_dag.py
[2023-09-17T12:42:36.997+0000] {processor.py:829} INFO - Processing file /home/airflow/.local/lib/python3.8/site-packages/airflow/example_dags/example_trigger_target_dag.py for tasks to queue
[2023-09-17T12:42:37.000+0000] {logging_mixin.py:151} INFO - [2023-09-17T12:42:37.000+0000] {dagbag.py:539} INFO - Filling up the DagBag from /home/airflow/.local/lib/python3.8/site-packages/airflow/example_dags/example_trigger_target_dag.py
[2023-09-17T12:42:37.010+0000] {processor.py:839} INFO - DAG(s) dict_keys(['example_trigger_target_dag']) retrieved from /home/airflow/.local/lib/python3.8/site-packages/airflow/example_dags/example_trigger_target_dag.py
[2023-09-17T12:42:37.041+0000] {logging_mixin.py:151} INFO - [2023-09-17T12:42:37.041+0000] {dag.py:2915} INFO - Sync 1 DAGs
[2023-09-17T12:42:37.061+0000] {logging_mixin.py:151} INFO - [2023-09-17T12:42:37.061+0000] {dag.py:3696} INFO - Setting next_dagrun for example_trigger_target_dag to None, run_after=None
[2023-09-17T12:42:37.114+0000] {processor.py:179} INFO - Processing /home/airflow/.local/lib/python3.8/site-packages/airflow/example_dags/example_trigger_target_dag.py took 0.123 seconds
[2023-09-17T12:43:07.772+0000] {processor.py:157} INFO - Started process (PID=327) to work on /home/airflow/.local/lib/python3.8/site-packages/airflow/example_dags/example_trigger_target_dag.py
[2023-09-17T12:43:07.788+0000] {processor.py:829} INFO - Processing file /home/airflow/.local/lib/python3.8/site-packages/airflow/example_dags/example_trigger_target_dag.py for tasks to queue
[2023-09-17T12:43:07.791+0000] {logging_mixin.py:151} INFO - [2023-09-17T12:43:07.790+0000] {dagbag.py:539} INFO - Filling up the DagBag from /home/airflow/.local/lib/python3.8/site-packages/airflow/example_dags/example_trigger_target_dag.py
[2023-09-17T12:43:07.800+0000] {processor.py:839} INFO - DAG(s) dict_keys(['example_trigger_target_dag']) retrieved from /home/airflow/.local/lib/python3.8/site-packages/airflow/example_dags/example_trigger_target_dag.py
[2023-09-17T12:43:07.827+0000] {logging_mixin.py:151} INFO - [2023-09-17T12:43:07.826+0000] {dag.py:2915} INFO - Sync 1 DAGs
[2023-09-17T12:43:07.846+0000] {logging_mixin.py:151} INFO - [2023-09-17T12:43:07.846+0000] {dag.py:3696} INFO - Setting next_dagrun for example_trigger_target_dag to None, run_after=None
[2023-09-17T12:43:07.886+0000] {processor.py:179} INFO - Processing /home/airflow/.local/lib/python3.8/site-packages/airflow/example_dags/example_trigger_target_dag.py took 0.119 seconds
[2023-09-17T12:43:38.396+0000] {processor.py:157} INFO - Started process (PID=382) to work on /home/airflow/.local/lib/python3.8/site-packages/airflow/example_dags/example_trigger_target_dag.py
[2023-09-17T12:43:38.397+0000] {processor.py:829} INFO - Processing file /home/airflow/.local/lib/python3.8/site-packages/airflow/example_dags/example_trigger_target_dag.py for tasks to queue
[2023-09-17T12:43:38.401+0000] {logging_mixin.py:151} INFO - [2023-09-17T12:43:38.400+0000] {dagbag.py:539} INFO - Filling up the DagBag from /home/airflow/.local/lib/python3.8/site-packages/airflow/example_dags/example_trigger_target_dag.py
[2023-09-17T12:43:38.411+0000] {processor.py:839} INFO - DAG(s) dict_keys(['example_trigger_target_dag']) retrieved from /home/airflow/.local/lib/python3.8/site-packages/airflow/example_dags/example_trigger_target_dag.py
[2023-09-17T12:43:38.447+0000] {logging_mixin.py:151} INFO - [2023-09-17T12:43:38.446+0000] {dag.py:2915} INFO - Sync 1 DAGs
[2023-09-17T12:43:38.474+0000] {logging_mixin.py:151} INFO - [2023-09-17T12:43:38.473+0000] {dag.py:3696} INFO - Setting next_dagrun for example_trigger_target_dag to None, run_after=None
[2023-09-17T12:43:38.518+0000] {processor.py:179} INFO - Processing /home/airflow/.local/lib/python3.8/site-packages/airflow/example_dags/example_trigger_target_dag.py took 0.129 seconds
[2023-09-17T12:44:09.018+0000] {processor.py:157} INFO - Started process (PID=438) to work on /home/airflow/.local/lib/python3.8/site-packages/airflow/example_dags/example_trigger_target_dag.py
[2023-09-17T12:44:09.030+0000] {processor.py:829} INFO - Processing file /home/airflow/.local/lib/python3.8/site-packages/airflow/example_dags/example_trigger_target_dag.py for tasks to queue
[2023-09-17T12:44:09.035+0000] {logging_mixin.py:151} INFO - [2023-09-17T12:44:09.034+0000] {dagbag.py:539} INFO - Filling up the DagBag from /home/airflow/.local/lib/python3.8/site-packages/airflow/example_dags/example_trigger_target_dag.py
[2023-09-17T12:44:09.050+0000] {processor.py:839} INFO - DAG(s) dict_keys(['example_trigger_target_dag']) retrieved from /home/airflow/.local/lib/python3.8/site-packages/airflow/example_dags/example_trigger_target_dag.py
[2023-09-17T12:44:09.092+0000] {logging_mixin.py:151} INFO - [2023-09-17T12:44:09.092+0000] {dag.py:2915} INFO - Sync 1 DAGs
[2023-09-17T12:44:09.119+0000] {logging_mixin.py:151} INFO - [2023-09-17T12:44:09.118+0000] {dag.py:3696} INFO - Setting next_dagrun for example_trigger_target_dag to None, run_after=None
[2023-09-17T12:44:09.196+0000] {processor.py:179} INFO - Processing /home/airflow/.local/lib/python3.8/site-packages/airflow/example_dags/example_trigger_target_dag.py took 0.185 seconds
[2023-09-17T12:44:39.252+0000] {processor.py:157} INFO - Started process (PID=493) to work on /home/airflow/.local/lib/python3.8/site-packages/airflow/example_dags/example_trigger_target_dag.py
[2023-09-17T12:44:39.252+0000] {processor.py:829} INFO - Processing file /home/airflow/.local/lib/python3.8/site-packages/airflow/example_dags/example_trigger_target_dag.py for tasks to queue
[2023-09-17T12:44:39.255+0000] {logging_mixin.py:151} INFO - [2023-09-17T12:44:39.254+0000] {dagbag.py:539} INFO - Filling up the DagBag from /home/airflow/.local/lib/python3.8/site-packages/airflow/example_dags/example_trigger_target_dag.py
[2023-09-17T12:44:39.261+0000] {processor.py:839} INFO - DAG(s) dict_keys(['example_trigger_target_dag']) retrieved from /home/airflow/.local/lib/python3.8/site-packages/airflow/example_dags/example_trigger_target_dag.py
[2023-09-17T12:44:39.288+0000] {logging_mixin.py:151} INFO - [2023-09-17T12:44:39.287+0000] {dag.py:2915} INFO - Sync 1 DAGs
[2023-09-17T12:44:39.308+0000] {logging_mixin.py:151} INFO - [2023-09-17T12:44:39.308+0000] {dag.py:3696} INFO - Setting next_dagrun for example_trigger_target_dag to None, run_after=None
[2023-09-17T12:44:39.449+0000] {processor.py:179} INFO - Processing /home/airflow/.local/lib/python3.8/site-packages/airflow/example_dags/example_trigger_target_dag.py took 0.201 seconds
[2023-09-17T12:45:09.830+0000] {processor.py:157} INFO - Started process (PID=549) to work on /home/airflow/.local/lib/python3.8/site-packages/airflow/example_dags/example_trigger_target_dag.py
[2023-09-17T12:45:09.836+0000] {processor.py:829} INFO - Processing file /home/airflow/.local/lib/python3.8/site-packages/airflow/example_dags/example_trigger_target_dag.py for tasks to queue
[2023-09-17T12:45:09.839+0000] {logging_mixin.py:151} INFO - [2023-09-17T12:45:09.838+0000] {dagbag.py:539} INFO - Filling up the DagBag from /home/airflow/.local/lib/python3.8/site-packages/airflow/example_dags/example_trigger_target_dag.py
[2023-09-17T12:45:09.845+0000] {processor.py:839} INFO - DAG(s) dict_keys(['example_trigger_target_dag']) retrieved from /home/airflow/.local/lib/python3.8/site-packages/airflow/example_dags/example_trigger_target_dag.py
[2023-09-17T12:45:09.874+0000] {logging_mixin.py:151} INFO - [2023-09-17T12:45:09.874+0000] {dag.py:2915} INFO - Sync 1 DAGs
[2023-09-17T12:45:09.891+0000] {logging_mixin.py:151} INFO - [2023-09-17T12:45:09.891+0000] {dag.py:3696} INFO - Setting next_dagrun for example_trigger_target_dag to None, run_after=None
[2023-09-17T12:45:09.928+0000] {processor.py:179} INFO - Processing /home/airflow/.local/lib/python3.8/site-packages/airflow/example_dags/example_trigger_target_dag.py took 0.102 seconds
[2023-09-17T12:45:40.730+0000] {processor.py:157} INFO - Started process (PID=604) to work on /home/airflow/.local/lib/python3.8/site-packages/airflow/example_dags/example_trigger_target_dag.py
[2023-09-17T12:45:40.754+0000] {processor.py:829} INFO - Processing file /home/airflow/.local/lib/python3.8/site-packages/airflow/example_dags/example_trigger_target_dag.py for tasks to queue
[2023-09-17T12:45:40.758+0000] {logging_mixin.py:151} INFO - [2023-09-17T12:45:40.757+0000] {dagbag.py:539} INFO - Filling up the DagBag from /home/airflow/.local/lib/python3.8/site-packages/airflow/example_dags/example_trigger_target_dag.py
[2023-09-17T12:45:40.768+0000] {processor.py:839} INFO - DAG(s) dict_keys(['example_trigger_target_dag']) retrieved from /home/airflow/.local/lib/python3.8/site-packages/airflow/example_dags/example_trigger_target_dag.py
[2023-09-17T12:45:40.791+0000] {logging_mixin.py:151} INFO - [2023-09-17T12:45:40.791+0000] {dag.py:2915} INFO - Sync 1 DAGs
[2023-09-17T12:45:40.807+0000] {logging_mixin.py:151} INFO - [2023-09-17T12:45:40.807+0000] {dag.py:3696} INFO - Setting next_dagrun for example_trigger_target_dag to None, run_after=None
[2023-09-17T12:45:40.835+0000] {processor.py:179} INFO - Processing /home/airflow/.local/lib/python3.8/site-packages/airflow/example_dags/example_trigger_target_dag.py took 0.109 seconds
[2023-09-17T12:46:11.477+0000] {processor.py:157} INFO - Started process (PID=657) to work on /home/airflow/.local/lib/python3.8/site-packages/airflow/example_dags/example_trigger_target_dag.py
[2023-09-17T12:46:11.478+0000] {processor.py:829} INFO - Processing file /home/airflow/.local/lib/python3.8/site-packages/airflow/example_dags/example_trigger_target_dag.py for tasks to queue
[2023-09-17T12:46:11.481+0000] {logging_mixin.py:151} INFO - [2023-09-17T12:46:11.480+0000] {dagbag.py:539} INFO - Filling up the DagBag from /home/airflow/.local/lib/python3.8/site-packages/airflow/example_dags/example_trigger_target_dag.py
[2023-09-17T12:46:11.487+0000] {processor.py:839} INFO - DAG(s) dict_keys(['example_trigger_target_dag']) retrieved from /home/airflow/.local/lib/python3.8/site-packages/airflow/example_dags/example_trigger_target_dag.py
[2023-09-17T12:46:11.524+0000] {logging_mixin.py:151} INFO - [2023-09-17T12:46:11.524+0000] {dag.py:2915} INFO - Sync 1 DAGs
[2023-09-17T12:46:11.544+0000] {logging_mixin.py:151} INFO - [2023-09-17T12:46:11.544+0000] {dag.py:3696} INFO - Setting next_dagrun for example_trigger_target_dag to None, run_after=None
[2023-09-17T12:46:11.576+0000] {processor.py:179} INFO - Processing /home/airflow/.local/lib/python3.8/site-packages/airflow/example_dags/example_trigger_target_dag.py took 0.103 seconds
[2023-09-17T12:46:42.038+0000] {processor.py:157} INFO - Started process (PID=713) to work on /home/airflow/.local/lib/python3.8/site-packages/airflow/example_dags/example_trigger_target_dag.py
[2023-09-17T12:46:42.052+0000] {processor.py:829} INFO - Processing file /home/airflow/.local/lib/python3.8/site-packages/airflow/example_dags/example_trigger_target_dag.py for tasks to queue
[2023-09-17T12:46:42.055+0000] {logging_mixin.py:151} INFO - [2023-09-17T12:46:42.055+0000] {dagbag.py:539} INFO - Filling up the DagBag from /home/airflow/.local/lib/python3.8/site-packages/airflow/example_dags/example_trigger_target_dag.py
[2023-09-17T12:46:42.062+0000] {processor.py:839} INFO - DAG(s) dict_keys(['example_trigger_target_dag']) retrieved from /home/airflow/.local/lib/python3.8/site-packages/airflow/example_dags/example_trigger_target_dag.py
[2023-09-17T12:46:42.093+0000] {logging_mixin.py:151} INFO - [2023-09-17T12:46:42.092+0000] {dag.py:2915} INFO - Sync 1 DAGs
[2023-09-17T12:46:42.124+0000] {logging_mixin.py:151} INFO - [2023-09-17T12:46:42.123+0000] {dag.py:3696} INFO - Setting next_dagrun for example_trigger_target_dag to None, run_after=None
[2023-09-17T12:46:42.164+0000] {processor.py:179} INFO - Processing /home/airflow/.local/lib/python3.8/site-packages/airflow/example_dags/example_trigger_target_dag.py took 0.130 seconds
[2023-09-17T12:47:12.952+0000] {processor.py:157} INFO - Started process (PID=769) to work on /home/airflow/.local/lib/python3.8/site-packages/airflow/example_dags/example_trigger_target_dag.py
[2023-09-17T12:47:12.953+0000] {processor.py:829} INFO - Processing file /home/airflow/.local/lib/python3.8/site-packages/airflow/example_dags/example_trigger_target_dag.py for tasks to queue
[2023-09-17T12:47:12.961+0000] {logging_mixin.py:151} INFO - [2023-09-17T12:47:12.961+0000] {dagbag.py:539} INFO - Filling up the DagBag from /home/airflow/.local/lib/python3.8/site-packages/airflow/example_dags/example_trigger_target_dag.py
[2023-09-17T12:47:12.972+0000] {processor.py:839} INFO - DAG(s) dict_keys(['example_trigger_target_dag']) retrieved from /home/airflow/.local/lib/python3.8/site-packages/airflow/example_dags/example_trigger_target_dag.py
[2023-09-17T12:47:13.017+0000] {logging_mixin.py:151} INFO - [2023-09-17T12:47:13.016+0000] {dag.py:2915} INFO - Sync 1 DAGs
[2023-09-17T12:47:13.051+0000] {logging_mixin.py:151} INFO - [2023-09-17T12:47:13.051+0000] {dag.py:3696} INFO - Setting next_dagrun for example_trigger_target_dag to None, run_after=None
[2023-09-17T12:47:13.093+0000] {processor.py:179} INFO - Processing /home/airflow/.local/lib/python3.8/site-packages/airflow/example_dags/example_trigger_target_dag.py took 0.147 seconds
[2023-09-17T12:47:43.526+0000] {processor.py:157} INFO - Started process (PID=824) to work on /home/airflow/.local/lib/python3.8/site-packages/airflow/example_dags/example_trigger_target_dag.py
[2023-09-17T12:47:43.533+0000] {processor.py:829} INFO - Processing file /home/airflow/.local/lib/python3.8/site-packages/airflow/example_dags/example_trigger_target_dag.py for tasks to queue
[2023-09-17T12:47:43.540+0000] {logging_mixin.py:151} INFO - [2023-09-17T12:47:43.539+0000] {dagbag.py:539} INFO - Filling up the DagBag from /home/airflow/.local/lib/python3.8/site-packages/airflow/example_dags/example_trigger_target_dag.py
[2023-09-17T12:47:43.549+0000] {processor.py:839} INFO - DAG(s) dict_keys(['example_trigger_target_dag']) retrieved from /home/airflow/.local/lib/python3.8/site-packages/airflow/example_dags/example_trigger_target_dag.py
[2023-09-17T12:47:43.593+0000] {logging_mixin.py:151} INFO - [2023-09-17T12:47:43.593+0000] {dag.py:2915} INFO - Sync 1 DAGs
[2023-09-17T12:47:43.636+0000] {logging_mixin.py:151} INFO - [2023-09-17T12:47:43.636+0000] {dag.py:3696} INFO - Setting next_dagrun for example_trigger_target_dag to None, run_after=None
[2023-09-17T12:47:43.695+0000] {processor.py:179} INFO - Processing /home/airflow/.local/lib/python3.8/site-packages/airflow/example_dags/example_trigger_target_dag.py took 0.176 seconds
[2023-09-17T12:48:14.442+0000] {processor.py:157} INFO - Started process (PID=879) to work on /home/airflow/.local/lib/python3.8/site-packages/airflow/example_dags/example_trigger_target_dag.py
[2023-09-17T12:48:14.444+0000] {processor.py:829} INFO - Processing file /home/airflow/.local/lib/python3.8/site-packages/airflow/example_dags/example_trigger_target_dag.py for tasks to queue
[2023-09-17T12:48:14.450+0000] {logging_mixin.py:151} INFO - [2023-09-17T12:48:14.449+0000] {dagbag.py:539} INFO - Filling up the DagBag from /home/airflow/.local/lib/python3.8/site-packages/airflow/example_dags/example_trigger_target_dag.py
[2023-09-17T12:48:14.475+0000] {processor.py:839} INFO - DAG(s) dict_keys(['example_trigger_target_dag']) retrieved from /home/airflow/.local/lib/python3.8/site-packages/airflow/example_dags/example_trigger_target_dag.py
[2023-09-17T12:48:14.540+0000] {logging_mixin.py:151} INFO - [2023-09-17T12:48:14.540+0000] {dag.py:2915} INFO - Sync 1 DAGs
[2023-09-17T12:48:14.587+0000] {logging_mixin.py:151} INFO - [2023-09-17T12:48:14.585+0000] {dag.py:3696} INFO - Setting next_dagrun for example_trigger_target_dag to None, run_after=None
[2023-09-17T12:48:14.657+0000] {processor.py:179} INFO - Processing /home/airflow/.local/lib/python3.8/site-packages/airflow/example_dags/example_trigger_target_dag.py took 0.226 seconds
[2023-09-17T12:48:45.238+0000] {processor.py:157} INFO - Started process (PID=934) to work on /home/airflow/.local/lib/python3.8/site-packages/airflow/example_dags/example_trigger_target_dag.py
[2023-09-17T12:48:45.239+0000] {processor.py:829} INFO - Processing file /home/airflow/.local/lib/python3.8/site-packages/airflow/example_dags/example_trigger_target_dag.py for tasks to queue
[2023-09-17T12:48:45.241+0000] {logging_mixin.py:151} INFO - [2023-09-17T12:48:45.241+0000] {dagbag.py:539} INFO - Filling up the DagBag from /home/airflow/.local/lib/python3.8/site-packages/airflow/example_dags/example_trigger_target_dag.py
[2023-09-17T12:48:45.248+0000] {processor.py:839} INFO - DAG(s) dict_keys(['example_trigger_target_dag']) retrieved from /home/airflow/.local/lib/python3.8/site-packages/airflow/example_dags/example_trigger_target_dag.py
[2023-09-17T12:48:45.277+0000] {logging_mixin.py:151} INFO - [2023-09-17T12:48:45.276+0000] {dag.py:2915} INFO - Sync 1 DAGs
[2023-09-17T12:48:45.296+0000] {logging_mixin.py:151} INFO - [2023-09-17T12:48:45.296+0000] {dag.py:3696} INFO - Setting next_dagrun for example_trigger_target_dag to None, run_after=None
[2023-09-17T12:48:45.332+0000] {processor.py:179} INFO - Processing /home/airflow/.local/lib/python3.8/site-packages/airflow/example_dags/example_trigger_target_dag.py took 0.098 seconds
[2023-09-17T12:49:15.817+0000] {processor.py:157} INFO - Started process (PID=989) to work on /home/airflow/.local/lib/python3.8/site-packages/airflow/example_dags/example_trigger_target_dag.py
[2023-09-17T12:49:15.818+0000] {processor.py:829} INFO - Processing file /home/airflow/.local/lib/python3.8/site-packages/airflow/example_dags/example_trigger_target_dag.py for tasks to queue
[2023-09-17T12:49:15.821+0000] {logging_mixin.py:151} INFO - [2023-09-17T12:49:15.821+0000] {dagbag.py:539} INFO - Filling up the DagBag from /home/airflow/.local/lib/python3.8/site-packages/airflow/example_dags/example_trigger_target_dag.py
[2023-09-17T12:49:15.831+0000] {processor.py:839} INFO - DAG(s) dict_keys(['example_trigger_target_dag']) retrieved from /home/airflow/.local/lib/python3.8/site-packages/airflow/example_dags/example_trigger_target_dag.py
[2023-09-17T12:49:15.858+0000] {logging_mixin.py:151} INFO - [2023-09-17T12:49:15.858+0000] {dag.py:2915} INFO - Sync 1 DAGs
[2023-09-17T12:49:15.880+0000] {logging_mixin.py:151} INFO - [2023-09-17T12:49:15.879+0000] {dag.py:3696} INFO - Setting next_dagrun for example_trigger_target_dag to None, run_after=None
[2023-09-17T12:49:15.919+0000] {processor.py:179} INFO - Processing /home/airflow/.local/lib/python3.8/site-packages/airflow/example_dags/example_trigger_target_dag.py took 0.107 seconds
[2023-09-17T12:49:46.122+0000] {processor.py:157} INFO - Started process (PID=1044) to work on /home/airflow/.local/lib/python3.8/site-packages/airflow/example_dags/example_trigger_target_dag.py
[2023-09-17T12:49:46.130+0000] {processor.py:829} INFO - Processing file /home/airflow/.local/lib/python3.8/site-packages/airflow/example_dags/example_trigger_target_dag.py for tasks to queue
[2023-09-17T12:49:46.136+0000] {logging_mixin.py:151} INFO - [2023-09-17T12:49:46.135+0000] {dagbag.py:539} INFO - Filling up the DagBag from /home/airflow/.local/lib/python3.8/site-packages/airflow/example_dags/example_trigger_target_dag.py
[2023-09-17T12:49:46.145+0000] {processor.py:839} INFO - DAG(s) dict_keys(['example_trigger_target_dag']) retrieved from /home/airflow/.local/lib/python3.8/site-packages/airflow/example_dags/example_trigger_target_dag.py
[2023-09-17T12:49:46.175+0000] {logging_mixin.py:151} INFO - [2023-09-17T12:49:46.175+0000] {dag.py:2915} INFO - Sync 1 DAGs
[2023-09-17T12:49:46.198+0000] {logging_mixin.py:151} INFO - [2023-09-17T12:49:46.198+0000] {dag.py:3696} INFO - Setting next_dagrun for example_trigger_target_dag to None, run_after=None
[2023-09-17T12:49:46.232+0000] {processor.py:179} INFO - Processing /home/airflow/.local/lib/python3.8/site-packages/airflow/example_dags/example_trigger_target_dag.py took 0.116 seconds
[2023-09-17T12:50:16.947+0000] {processor.py:157} INFO - Started process (PID=1099) to work on /home/airflow/.local/lib/python3.8/site-packages/airflow/example_dags/example_trigger_target_dag.py
[2023-09-17T12:50:16.949+0000] {processor.py:829} INFO - Processing file /home/airflow/.local/lib/python3.8/site-packages/airflow/example_dags/example_trigger_target_dag.py for tasks to queue
[2023-09-17T12:50:16.952+0000] {logging_mixin.py:151} INFO - [2023-09-17T12:50:16.952+0000] {dagbag.py:539} INFO - Filling up the DagBag from /home/airflow/.local/lib/python3.8/site-packages/airflow/example_dags/example_trigger_target_dag.py
[2023-09-17T12:50:16.963+0000] {processor.py:839} INFO - DAG(s) dict_keys(['example_trigger_target_dag']) retrieved from /home/airflow/.local/lib/python3.8/site-packages/airflow/example_dags/example_trigger_target_dag.py
[2023-09-17T12:50:17.007+0000] {logging_mixin.py:151} INFO - [2023-09-17T12:50:17.007+0000] {dag.py:2915} INFO - Sync 1 DAGs
[2023-09-17T12:50:17.040+0000] {logging_mixin.py:151} INFO - [2023-09-17T12:50:17.040+0000] {dag.py:3696} INFO - Setting next_dagrun for example_trigger_target_dag to None, run_after=None
[2023-09-17T12:50:17.085+0000] {processor.py:179} INFO - Processing /home/airflow/.local/lib/python3.8/site-packages/airflow/example_dags/example_trigger_target_dag.py took 0.144 seconds
[2023-09-17T12:50:47.496+0000] {processor.py:157} INFO - Started process (PID=1154) to work on /home/airflow/.local/lib/python3.8/site-packages/airflow/example_dags/example_trigger_target_dag.py
[2023-09-17T12:50:47.497+0000] {processor.py:829} INFO - Processing file /home/airflow/.local/lib/python3.8/site-packages/airflow/example_dags/example_trigger_target_dag.py for tasks to queue
[2023-09-17T12:50:47.500+0000] {logging_mixin.py:151} INFO - [2023-09-17T12:50:47.499+0000] {dagbag.py:539} INFO - Filling up the DagBag from /home/airflow/.local/lib/python3.8/site-packages/airflow/example_dags/example_trigger_target_dag.py
[2023-09-17T12:50:47.514+0000] {processor.py:839} INFO - DAG(s) dict_keys(['example_trigger_target_dag']) retrieved from /home/airflow/.local/lib/python3.8/site-packages/airflow/example_dags/example_trigger_target_dag.py
[2023-09-17T12:50:47.559+0000] {logging_mixin.py:151} INFO - [2023-09-17T12:50:47.559+0000] {dag.py:2915} INFO - Sync 1 DAGs
[2023-09-17T12:50:47.594+0000] {logging_mixin.py:151} INFO - [2023-09-17T12:50:47.594+0000] {dag.py:3696} INFO - Setting next_dagrun for example_trigger_target_dag to None, run_after=None
[2023-09-17T12:50:47.662+0000] {processor.py:179} INFO - Processing /home/airflow/.local/lib/python3.8/site-packages/airflow/example_dags/example_trigger_target_dag.py took 0.175 seconds
[2023-09-17T12:51:18.398+0000] {processor.py:157} INFO - Started process (PID=1208) to work on /home/airflow/.local/lib/python3.8/site-packages/airflow/example_dags/example_trigger_target_dag.py
[2023-09-17T12:51:18.400+0000] {processor.py:829} INFO - Processing file /home/airflow/.local/lib/python3.8/site-packages/airflow/example_dags/example_trigger_target_dag.py for tasks to queue
[2023-09-17T12:51:18.408+0000] {logging_mixin.py:151} INFO - [2023-09-17T12:51:18.407+0000] {dagbag.py:539} INFO - Filling up the DagBag from /home/airflow/.local/lib/python3.8/site-packages/airflow/example_dags/example_trigger_target_dag.py
[2023-09-17T12:51:18.429+0000] {processor.py:839} INFO - DAG(s) dict_keys(['example_trigger_target_dag']) retrieved from /home/airflow/.local/lib/python3.8/site-packages/airflow/example_dags/example_trigger_target_dag.py
[2023-09-17T12:51:18.560+0000] {logging_mixin.py:151} INFO - [2023-09-17T12:51:18.560+0000] {dag.py:2915} INFO - Sync 1 DAGs
[2023-09-17T12:51:18.659+0000] {logging_mixin.py:151} INFO - [2023-09-17T12:51:18.659+0000] {dag.py:3696} INFO - Setting next_dagrun for example_trigger_target_dag to None, run_after=None
[2023-09-17T12:51:18.801+0000] {processor.py:179} INFO - Processing /home/airflow/.local/lib/python3.8/site-packages/airflow/example_dags/example_trigger_target_dag.py took 0.412 seconds
[2023-09-17T12:51:49.761+0000] {processor.py:157} INFO - Started process (PID=1262) to work on /home/airflow/.local/lib/python3.8/site-packages/airflow/example_dags/example_trigger_target_dag.py
[2023-09-17T12:51:49.865+0000] {processor.py:829} INFO - Processing file /home/airflow/.local/lib/python3.8/site-packages/airflow/example_dags/example_trigger_target_dag.py for tasks to queue
[2023-09-17T12:51:49.872+0000] {logging_mixin.py:151} INFO - [2023-09-17T12:51:49.870+0000] {dagbag.py:539} INFO - Filling up the DagBag from /home/airflow/.local/lib/python3.8/site-packages/airflow/example_dags/example_trigger_target_dag.py
[2023-09-17T12:51:49.892+0000] {processor.py:839} INFO - DAG(s) dict_keys(['example_trigger_target_dag']) retrieved from /home/airflow/.local/lib/python3.8/site-packages/airflow/example_dags/example_trigger_target_dag.py
[2023-09-17T12:51:49.970+0000] {logging_mixin.py:151} INFO - [2023-09-17T12:51:49.969+0000] {dag.py:2915} INFO - Sync 1 DAGs
[2023-09-17T12:51:50.026+0000] {logging_mixin.py:151} INFO - [2023-09-17T12:51:50.026+0000] {dag.py:3696} INFO - Setting next_dagrun for example_trigger_target_dag to None, run_after=None
[2023-09-17T12:51:50.098+0000] {processor.py:179} INFO - Processing /home/airflow/.local/lib/python3.8/site-packages/airflow/example_dags/example_trigger_target_dag.py took 0.342 seconds
[2023-09-17T12:52:20.172+0000] {processor.py:157} INFO - Started process (PID=1318) to work on /home/airflow/.local/lib/python3.8/site-packages/airflow/example_dags/example_trigger_target_dag.py
[2023-09-17T12:52:20.173+0000] {processor.py:829} INFO - Processing file /home/airflow/.local/lib/python3.8/site-packages/airflow/example_dags/example_trigger_target_dag.py for tasks to queue
[2023-09-17T12:52:20.177+0000] {logging_mixin.py:151} INFO - [2023-09-17T12:52:20.176+0000] {dagbag.py:539} INFO - Filling up the DagBag from /home/airflow/.local/lib/python3.8/site-packages/airflow/example_dags/example_trigger_target_dag.py
[2023-09-17T12:52:20.185+0000] {processor.py:839} INFO - DAG(s) dict_keys(['example_trigger_target_dag']) retrieved from /home/airflow/.local/lib/python3.8/site-packages/airflow/example_dags/example_trigger_target_dag.py
[2023-09-17T12:52:20.223+0000] {logging_mixin.py:151} INFO - [2023-09-17T12:52:20.223+0000] {dag.py:2915} INFO - Sync 1 DAGs
[2023-09-17T12:52:20.248+0000] {logging_mixin.py:151} INFO - [2023-09-17T12:52:20.248+0000] {dag.py:3696} INFO - Setting next_dagrun for example_trigger_target_dag to None, run_after=None
[2023-09-17T12:52:20.452+0000] {processor.py:179} INFO - Processing /home/airflow/.local/lib/python3.8/site-packages/airflow/example_dags/example_trigger_target_dag.py took 0.286 seconds
[2023-09-17T12:52:50.658+0000] {processor.py:157} INFO - Started process (PID=1373) to work on /home/airflow/.local/lib/python3.8/site-packages/airflow/example_dags/example_trigger_target_dag.py
[2023-09-17T12:52:50.668+0000] {processor.py:829} INFO - Processing file /home/airflow/.local/lib/python3.8/site-packages/airflow/example_dags/example_trigger_target_dag.py for tasks to queue
[2023-09-17T12:52:50.675+0000] {logging_mixin.py:151} INFO - [2023-09-17T12:52:50.675+0000] {dagbag.py:539} INFO - Filling up the DagBag from /home/airflow/.local/lib/python3.8/site-packages/airflow/example_dags/example_trigger_target_dag.py
[2023-09-17T12:52:50.686+0000] {processor.py:839} INFO - DAG(s) dict_keys(['example_trigger_target_dag']) retrieved from /home/airflow/.local/lib/python3.8/site-packages/airflow/example_dags/example_trigger_target_dag.py
[2023-09-17T12:52:50.737+0000] {logging_mixin.py:151} INFO - [2023-09-17T12:52:50.736+0000] {dag.py:2915} INFO - Sync 1 DAGs
[2023-09-17T12:52:50.767+0000] {logging_mixin.py:151} INFO - [2023-09-17T12:52:50.767+0000] {dag.py:3696} INFO - Setting next_dagrun for example_trigger_target_dag to None, run_after=None
[2023-09-17T12:52:50.834+0000] {processor.py:179} INFO - Processing /home/airflow/.local/lib/python3.8/site-packages/airflow/example_dags/example_trigger_target_dag.py took 0.184 seconds
