[2023-09-17T12:40:36.189+0000] {processor.py:157} INFO - Started process (PID=56) to work on /home/airflow/.local/lib/python3.8/site-packages/airflow/example_dags/example_xcomargs.py
[2023-09-17T12:40:36.191+0000] {processor.py:829} INFO - Processing file /home/airflow/.local/lib/python3.8/site-packages/airflow/example_dags/example_xcomargs.py for tasks to queue
[2023-09-17T12:40:36.197+0000] {logging_mixin.py:151} INFO - [2023-09-17T12:40:36.196+0000] {dagbag.py:539} INFO - Filling up the DagBag from /home/airflow/.local/lib/python3.8/site-packages/airflow/example_dags/example_xcomargs.py
[2023-09-17T12:40:36.264+0000] {processor.py:839} INFO - DAG(s) dict_keys(['example_xcom_args', 'example_xcom_args_with_operators']) retrieved from /home/airflow/.local/lib/python3.8/site-packages/airflow/example_dags/example_xcomargs.py
[2023-09-17T12:40:36.753+0000] {logging_mixin.py:151} INFO - [2023-09-17T12:40:36.752+0000] {manager.py:499} INFO - Created Permission View: %s
[2023-09-17T12:40:36.830+0000] {logging_mixin.py:151} INFO - [2023-09-17T12:40:36.830+0000] {manager.py:499} INFO - Created Permission View: %s
[2023-09-17T12:40:36.886+0000] {logging_mixin.py:151} INFO - [2023-09-17T12:40:36.885+0000] {manager.py:499} INFO - Created Permission View: %s
[2023-09-17T12:40:36.886+0000] {logging_mixin.py:151} INFO - [2023-09-17T12:40:36.886+0000] {security.py:708} INFO - Not syncing DAG-level permissions for DAG 'DAG:example_xcom_args' as access control is unset.
[2023-09-17T12:40:37.007+0000] {logging_mixin.py:151} INFO - [2023-09-17T12:40:37.007+0000] {manager.py:499} INFO - Created Permission View: %s
[2023-09-17T12:40:37.085+0000] {logging_mixin.py:151} INFO - [2023-09-17T12:40:37.085+0000] {manager.py:499} INFO - Created Permission View: %s
[2023-09-17T12:40:37.129+0000] {logging_mixin.py:151} INFO - [2023-09-17T12:40:37.129+0000] {manager.py:499} INFO - Created Permission View: %s
[2023-09-17T12:40:37.130+0000] {logging_mixin.py:151} INFO - [2023-09-17T12:40:37.129+0000] {security.py:708} INFO - Not syncing DAG-level permissions for DAG 'DAG:example_xcom_args_with_operators' as access control is unset.
[2023-09-17T12:40:37.130+0000] {logging_mixin.py:151} INFO - [2023-09-17T12:40:37.130+0000] {dag.py:2915} INFO - Sync 2 DAGs
[2023-09-17T12:40:37.170+0000] {logging_mixin.py:151} INFO - [2023-09-17T12:40:37.169+0000] {dag.py:2937} INFO - Creating ORM DAG for example_xcom_args
[2023-09-17T12:40:37.171+0000] {logging_mixin.py:151} INFO - [2023-09-17T12:40:37.171+0000] {dag.py:2937} INFO - Creating ORM DAG for example_xcom_args_with_operators
[2023-09-17T12:40:37.174+0000] {logging_mixin.py:151} INFO - [2023-09-17T12:40:37.174+0000] {dag.py:3696} INFO - Setting next_dagrun for example_xcom_args to None, run_after=None
[2023-09-17T12:40:37.176+0000] {logging_mixin.py:151} INFO - [2023-09-17T12:40:37.175+0000] {dag.py:3696} INFO - Setting next_dagrun for example_xcom_args_with_operators to None, run_after=None
[2023-09-17T12:40:37.268+0000] {processor.py:179} INFO - Processing /home/airflow/.local/lib/python3.8/site-packages/airflow/example_dags/example_xcomargs.py took 1.087 seconds
[2023-09-17T12:41:08.034+0000] {processor.py:157} INFO - Started process (PID=111) to work on /home/airflow/.local/lib/python3.8/site-packages/airflow/example_dags/example_xcomargs.py
[2023-09-17T12:41:08.103+0000] {processor.py:829} INFO - Processing file /home/airflow/.local/lib/python3.8/site-packages/airflow/example_dags/example_xcomargs.py for tasks to queue
[2023-09-17T12:41:08.106+0000] {logging_mixin.py:151} INFO - [2023-09-17T12:41:08.106+0000] {dagbag.py:539} INFO - Filling up the DagBag from /home/airflow/.local/lib/python3.8/site-packages/airflow/example_dags/example_xcomargs.py
[2023-09-17T12:41:08.119+0000] {processor.py:839} INFO - DAG(s) dict_keys(['example_xcom_args', 'example_xcom_args_with_operators']) retrieved from /home/airflow/.local/lib/python3.8/site-packages/airflow/example_dags/example_xcomargs.py
[2023-09-17T12:41:08.155+0000] {logging_mixin.py:151} INFO - [2023-09-17T12:41:08.155+0000] {dag.py:2915} INFO - Sync 2 DAGs
[2023-09-17T12:41:08.175+0000] {logging_mixin.py:151} INFO - [2023-09-17T12:41:08.175+0000] {dag.py:3696} INFO - Setting next_dagrun for example_xcom_args to None, run_after=None
[2023-09-17T12:41:08.181+0000] {logging_mixin.py:151} INFO - [2023-09-17T12:41:08.180+0000] {dag.py:3696} INFO - Setting next_dagrun for example_xcom_args_with_operators to None, run_after=None
[2023-09-17T12:41:08.216+0000] {processor.py:179} INFO - Processing /home/airflow/.local/lib/python3.8/site-packages/airflow/example_dags/example_xcomargs.py took 0.187 seconds
[2023-09-17T12:41:38.241+0000] {processor.py:157} INFO - Started process (PID=166) to work on /home/airflow/.local/lib/python3.8/site-packages/airflow/example_dags/example_xcomargs.py
[2023-09-17T12:41:38.258+0000] {processor.py:829} INFO - Processing file /home/airflow/.local/lib/python3.8/site-packages/airflow/example_dags/example_xcomargs.py for tasks to queue
[2023-09-17T12:41:38.263+0000] {logging_mixin.py:151} INFO - [2023-09-17T12:41:38.262+0000] {dagbag.py:539} INFO - Filling up the DagBag from /home/airflow/.local/lib/python3.8/site-packages/airflow/example_dags/example_xcomargs.py
[2023-09-17T12:41:38.296+0000] {processor.py:839} INFO - DAG(s) dict_keys(['example_xcom_args', 'example_xcom_args_with_operators']) retrieved from /home/airflow/.local/lib/python3.8/site-packages/airflow/example_dags/example_xcomargs.py
[2023-09-17T12:41:38.330+0000] {logging_mixin.py:151} INFO - [2023-09-17T12:41:38.330+0000] {dag.py:2915} INFO - Sync 2 DAGs
[2023-09-17T12:41:38.348+0000] {logging_mixin.py:151} INFO - [2023-09-17T12:41:38.347+0000] {dag.py:3696} INFO - Setting next_dagrun for example_xcom_args to None, run_after=None
[2023-09-17T12:41:38.352+0000] {logging_mixin.py:151} INFO - [2023-09-17T12:41:38.352+0000] {dag.py:3696} INFO - Setting next_dagrun for example_xcom_args_with_operators to None, run_after=None
[2023-09-17T12:41:38.389+0000] {processor.py:179} INFO - Processing /home/airflow/.local/lib/python3.8/site-packages/airflow/example_dags/example_xcomargs.py took 0.152 seconds
[2023-09-17T12:42:08.569+0000] {processor.py:157} INFO - Started process (PID=221) to work on /home/airflow/.local/lib/python3.8/site-packages/airflow/example_dags/example_xcomargs.py
[2023-09-17T12:42:08.588+0000] {processor.py:829} INFO - Processing file /home/airflow/.local/lib/python3.8/site-packages/airflow/example_dags/example_xcomargs.py for tasks to queue
[2023-09-17T12:42:08.591+0000] {logging_mixin.py:151} INFO - [2023-09-17T12:42:08.591+0000] {dagbag.py:539} INFO - Filling up the DagBag from /home/airflow/.local/lib/python3.8/site-packages/airflow/example_dags/example_xcomargs.py
[2023-09-17T12:42:08.600+0000] {processor.py:839} INFO - DAG(s) dict_keys(['example_xcom_args', 'example_xcom_args_with_operators']) retrieved from /home/airflow/.local/lib/python3.8/site-packages/airflow/example_dags/example_xcomargs.py
[2023-09-17T12:42:08.638+0000] {logging_mixin.py:151} INFO - [2023-09-17T12:42:08.638+0000] {dag.py:2915} INFO - Sync 2 DAGs
[2023-09-17T12:42:08.656+0000] {logging_mixin.py:151} INFO - [2023-09-17T12:42:08.656+0000] {dag.py:3696} INFO - Setting next_dagrun for example_xcom_args to None, run_after=None
[2023-09-17T12:42:08.661+0000] {logging_mixin.py:151} INFO - [2023-09-17T12:42:08.661+0000] {dag.py:3696} INFO - Setting next_dagrun for example_xcom_args_with_operators to None, run_after=None
[2023-09-17T12:42:08.764+0000] {processor.py:179} INFO - Processing /home/airflow/.local/lib/python3.8/site-packages/airflow/example_dags/example_xcomargs.py took 0.199 seconds
[2023-09-17T12:42:39.370+0000] {processor.py:157} INFO - Started process (PID=276) to work on /home/airflow/.local/lib/python3.8/site-packages/airflow/example_dags/example_xcomargs.py
[2023-09-17T12:42:39.371+0000] {processor.py:829} INFO - Processing file /home/airflow/.local/lib/python3.8/site-packages/airflow/example_dags/example_xcomargs.py for tasks to queue
[2023-09-17T12:42:39.375+0000] {logging_mixin.py:151} INFO - [2023-09-17T12:42:39.375+0000] {dagbag.py:539} INFO - Filling up the DagBag from /home/airflow/.local/lib/python3.8/site-packages/airflow/example_dags/example_xcomargs.py
[2023-09-17T12:42:39.390+0000] {processor.py:839} INFO - DAG(s) dict_keys(['example_xcom_args', 'example_xcom_args_with_operators']) retrieved from /home/airflow/.local/lib/python3.8/site-packages/airflow/example_dags/example_xcomargs.py
[2023-09-17T12:42:39.443+0000] {logging_mixin.py:151} INFO - [2023-09-17T12:42:39.442+0000] {dag.py:2915} INFO - Sync 2 DAGs
[2023-09-17T12:42:39.466+0000] {logging_mixin.py:151} INFO - [2023-09-17T12:42:39.465+0000] {dag.py:3696} INFO - Setting next_dagrun for example_xcom_args to None, run_after=None
[2023-09-17T12:42:39.471+0000] {logging_mixin.py:151} INFO - [2023-09-17T12:42:39.470+0000] {dag.py:3696} INFO - Setting next_dagrun for example_xcom_args_with_operators to None, run_after=None
[2023-09-17T12:42:39.526+0000] {processor.py:179} INFO - Processing /home/airflow/.local/lib/python3.8/site-packages/airflow/example_dags/example_xcomargs.py took 0.163 seconds
[2023-09-17T12:43:09.983+0000] {processor.py:157} INFO - Started process (PID=331) to work on /home/airflow/.local/lib/python3.8/site-packages/airflow/example_dags/example_xcomargs.py
[2023-09-17T12:43:09.984+0000] {processor.py:829} INFO - Processing file /home/airflow/.local/lib/python3.8/site-packages/airflow/example_dags/example_xcomargs.py for tasks to queue
[2023-09-17T12:43:09.987+0000] {logging_mixin.py:151} INFO - [2023-09-17T12:43:09.986+0000] {dagbag.py:539} INFO - Filling up the DagBag from /home/airflow/.local/lib/python3.8/site-packages/airflow/example_dags/example_xcomargs.py
[2023-09-17T12:43:09.996+0000] {processor.py:839} INFO - DAG(s) dict_keys(['example_xcom_args', 'example_xcom_args_with_operators']) retrieved from /home/airflow/.local/lib/python3.8/site-packages/airflow/example_dags/example_xcomargs.py
[2023-09-17T12:43:10.031+0000] {logging_mixin.py:151} INFO - [2023-09-17T12:43:10.031+0000] {dag.py:2915} INFO - Sync 2 DAGs
[2023-09-17T12:43:10.051+0000] {logging_mixin.py:151} INFO - [2023-09-17T12:43:10.051+0000] {dag.py:3696} INFO - Setting next_dagrun for example_xcom_args to None, run_after=None
[2023-09-17T12:43:10.056+0000] {logging_mixin.py:151} INFO - [2023-09-17T12:43:10.055+0000] {dag.py:3696} INFO - Setting next_dagrun for example_xcom_args_with_operators to None, run_after=None
[2023-09-17T12:43:10.098+0000] {processor.py:179} INFO - Processing /home/airflow/.local/lib/python3.8/site-packages/airflow/example_dags/example_xcomargs.py took 0.120 seconds
[2023-09-17T12:43:40.727+0000] {processor.py:157} INFO - Started process (PID=386) to work on /home/airflow/.local/lib/python3.8/site-packages/airflow/example_dags/example_xcomargs.py
[2023-09-17T12:43:40.728+0000] {processor.py:829} INFO - Processing file /home/airflow/.local/lib/python3.8/site-packages/airflow/example_dags/example_xcomargs.py for tasks to queue
[2023-09-17T12:43:40.731+0000] {logging_mixin.py:151} INFO - [2023-09-17T12:43:40.731+0000] {dagbag.py:539} INFO - Filling up the DagBag from /home/airflow/.local/lib/python3.8/site-packages/airflow/example_dags/example_xcomargs.py
[2023-09-17T12:43:40.741+0000] {processor.py:839} INFO - DAG(s) dict_keys(['example_xcom_args', 'example_xcom_args_with_operators']) retrieved from /home/airflow/.local/lib/python3.8/site-packages/airflow/example_dags/example_xcomargs.py
[2023-09-17T12:43:40.781+0000] {logging_mixin.py:151} INFO - [2023-09-17T12:43:40.781+0000] {dag.py:2915} INFO - Sync 2 DAGs
[2023-09-17T12:43:40.804+0000] {logging_mixin.py:151} INFO - [2023-09-17T12:43:40.803+0000] {dag.py:3696} INFO - Setting next_dagrun for example_xcom_args to None, run_after=None
[2023-09-17T12:43:40.810+0000] {logging_mixin.py:151} INFO - [2023-09-17T12:43:40.810+0000] {dag.py:3696} INFO - Setting next_dagrun for example_xcom_args_with_operators to None, run_after=None
[2023-09-17T12:43:40.863+0000] {processor.py:179} INFO - Processing /home/airflow/.local/lib/python3.8/site-packages/airflow/example_dags/example_xcomargs.py took 0.140 seconds
[2023-09-17T12:44:11.264+0000] {processor.py:157} INFO - Started process (PID=442) to work on /home/airflow/.local/lib/python3.8/site-packages/airflow/example_dags/example_xcomargs.py
[2023-09-17T12:44:11.265+0000] {processor.py:829} INFO - Processing file /home/airflow/.local/lib/python3.8/site-packages/airflow/example_dags/example_xcomargs.py for tasks to queue
[2023-09-17T12:44:11.269+0000] {logging_mixin.py:151} INFO - [2023-09-17T12:44:11.269+0000] {dagbag.py:539} INFO - Filling up the DagBag from /home/airflow/.local/lib/python3.8/site-packages/airflow/example_dags/example_xcomargs.py
[2023-09-17T12:44:11.290+0000] {processor.py:839} INFO - DAG(s) dict_keys(['example_xcom_args', 'example_xcom_args_with_operators']) retrieved from /home/airflow/.local/lib/python3.8/site-packages/airflow/example_dags/example_xcomargs.py
[2023-09-17T12:44:11.346+0000] {logging_mixin.py:151} INFO - [2023-09-17T12:44:11.345+0000] {dag.py:2915} INFO - Sync 2 DAGs
[2023-09-17T12:44:11.373+0000] {logging_mixin.py:151} INFO - [2023-09-17T12:44:11.373+0000] {dag.py:3696} INFO - Setting next_dagrun for example_xcom_args to None, run_after=None
[2023-09-17T12:44:11.381+0000] {logging_mixin.py:151} INFO - [2023-09-17T12:44:11.380+0000] {dag.py:3696} INFO - Setting next_dagrun for example_xcom_args_with_operators to None, run_after=None
[2023-09-17T12:44:11.614+0000] {processor.py:179} INFO - Processing /home/airflow/.local/lib/python3.8/site-packages/airflow/example_dags/example_xcomargs.py took 0.356 seconds
[2023-09-17T12:44:41.732+0000] {processor.py:157} INFO - Started process (PID=497) to work on /home/airflow/.local/lib/python3.8/site-packages/airflow/example_dags/example_xcomargs.py
[2023-09-17T12:44:41.735+0000] {processor.py:829} INFO - Processing file /home/airflow/.local/lib/python3.8/site-packages/airflow/example_dags/example_xcomargs.py for tasks to queue
[2023-09-17T12:44:41.746+0000] {logging_mixin.py:151} INFO - [2023-09-17T12:44:41.744+0000] {dagbag.py:539} INFO - Filling up the DagBag from /home/airflow/.local/lib/python3.8/site-packages/airflow/example_dags/example_xcomargs.py
[2023-09-17T12:44:41.764+0000] {processor.py:839} INFO - DAG(s) dict_keys(['example_xcom_args_with_operators', 'example_xcom_args']) retrieved from /home/airflow/.local/lib/python3.8/site-packages/airflow/example_dags/example_xcomargs.py
[2023-09-17T12:44:41.817+0000] {logging_mixin.py:151} INFO - [2023-09-17T12:44:41.816+0000] {dag.py:2915} INFO - Sync 2 DAGs
[2023-09-17T12:44:41.848+0000] {logging_mixin.py:151} INFO - [2023-09-17T12:44:41.847+0000] {dag.py:3696} INFO - Setting next_dagrun for example_xcom_args to None, run_after=None
[2023-09-17T12:44:41.855+0000] {logging_mixin.py:151} INFO - [2023-09-17T12:44:41.854+0000] {dag.py:3696} INFO - Setting next_dagrun for example_xcom_args_with_operators to None, run_after=None
[2023-09-17T12:44:42.223+0000] {processor.py:179} INFO - Processing /home/airflow/.local/lib/python3.8/site-packages/airflow/example_dags/example_xcomargs.py took 0.498 seconds
[2023-09-17T12:45:12.328+0000] {processor.py:157} INFO - Started process (PID=554) to work on /home/airflow/.local/lib/python3.8/site-packages/airflow/example_dags/example_xcomargs.py
[2023-09-17T12:45:12.329+0000] {processor.py:829} INFO - Processing file /home/airflow/.local/lib/python3.8/site-packages/airflow/example_dags/example_xcomargs.py for tasks to queue
[2023-09-17T12:45:12.334+0000] {logging_mixin.py:151} INFO - [2023-09-17T12:45:12.334+0000] {dagbag.py:539} INFO - Filling up the DagBag from /home/airflow/.local/lib/python3.8/site-packages/airflow/example_dags/example_xcomargs.py
[2023-09-17T12:45:12.344+0000] {processor.py:839} INFO - DAG(s) dict_keys(['example_xcom_args', 'example_xcom_args_with_operators']) retrieved from /home/airflow/.local/lib/python3.8/site-packages/airflow/example_dags/example_xcomargs.py
[2023-09-17T12:45:12.377+0000] {logging_mixin.py:151} INFO - [2023-09-17T12:45:12.377+0000] {dag.py:2915} INFO - Sync 2 DAGs
[2023-09-17T12:45:12.400+0000] {logging_mixin.py:151} INFO - [2023-09-17T12:45:12.399+0000] {dag.py:3696} INFO - Setting next_dagrun for example_xcom_args to None, run_after=None
[2023-09-17T12:45:12.406+0000] {logging_mixin.py:151} INFO - [2023-09-17T12:45:12.405+0000] {dag.py:3696} INFO - Setting next_dagrun for example_xcom_args_with_operators to None, run_after=None
[2023-09-17T12:45:12.443+0000] {processor.py:179} INFO - Processing /home/airflow/.local/lib/python3.8/site-packages/airflow/example_dags/example_xcomargs.py took 0.119 seconds
[2023-09-17T12:45:42.879+0000] {processor.py:157} INFO - Started process (PID=608) to work on /home/airflow/.local/lib/python3.8/site-packages/airflow/example_dags/example_xcomargs.py
[2023-09-17T12:45:42.880+0000] {processor.py:829} INFO - Processing file /home/airflow/.local/lib/python3.8/site-packages/airflow/example_dags/example_xcomargs.py for tasks to queue
[2023-09-17T12:45:42.882+0000] {logging_mixin.py:151} INFO - [2023-09-17T12:45:42.882+0000] {dagbag.py:539} INFO - Filling up the DagBag from /home/airflow/.local/lib/python3.8/site-packages/airflow/example_dags/example_xcomargs.py
[2023-09-17T12:45:42.893+0000] {processor.py:839} INFO - DAG(s) dict_keys(['example_xcom_args', 'example_xcom_args_with_operators']) retrieved from /home/airflow/.local/lib/python3.8/site-packages/airflow/example_dags/example_xcomargs.py
[2023-09-17T12:45:42.928+0000] {logging_mixin.py:151} INFO - [2023-09-17T12:45:42.928+0000] {dag.py:2915} INFO - Sync 2 DAGs
[2023-09-17T12:45:42.948+0000] {logging_mixin.py:151} INFO - [2023-09-17T12:45:42.948+0000] {dag.py:3696} INFO - Setting next_dagrun for example_xcom_args to None, run_after=None
[2023-09-17T12:45:42.953+0000] {logging_mixin.py:151} INFO - [2023-09-17T12:45:42.953+0000] {dag.py:3696} INFO - Setting next_dagrun for example_xcom_args_with_operators to None, run_after=None
[2023-09-17T12:45:42.984+0000] {processor.py:179} INFO - Processing /home/airflow/.local/lib/python3.8/site-packages/airflow/example_dags/example_xcomargs.py took 0.109 seconds
[2023-09-17T12:46:13.137+0000] {processor.py:157} INFO - Started process (PID=663) to work on /home/airflow/.local/lib/python3.8/site-packages/airflow/example_dags/example_xcomargs.py
[2023-09-17T12:46:13.137+0000] {processor.py:829} INFO - Processing file /home/airflow/.local/lib/python3.8/site-packages/airflow/example_dags/example_xcomargs.py for tasks to queue
[2023-09-17T12:46:13.140+0000] {logging_mixin.py:151} INFO - [2023-09-17T12:46:13.139+0000] {dagbag.py:539} INFO - Filling up the DagBag from /home/airflow/.local/lib/python3.8/site-packages/airflow/example_dags/example_xcomargs.py
[2023-09-17T12:46:13.153+0000] {processor.py:839} INFO - DAG(s) dict_keys(['example_xcom_args_with_operators', 'example_xcom_args']) retrieved from /home/airflow/.local/lib/python3.8/site-packages/airflow/example_dags/example_xcomargs.py
[2023-09-17T12:46:13.189+0000] {logging_mixin.py:151} INFO - [2023-09-17T12:46:13.189+0000] {dag.py:2915} INFO - Sync 2 DAGs
[2023-09-17T12:46:13.213+0000] {logging_mixin.py:151} INFO - [2023-09-17T12:46:13.213+0000] {dag.py:3696} INFO - Setting next_dagrun for example_xcom_args to None, run_after=None
[2023-09-17T12:46:13.219+0000] {logging_mixin.py:151} INFO - [2023-09-17T12:46:13.219+0000] {dag.py:3696} INFO - Setting next_dagrun for example_xcom_args_with_operators to None, run_after=None
[2023-09-17T12:46:13.246+0000] {processor.py:179} INFO - Processing /home/airflow/.local/lib/python3.8/site-packages/airflow/example_dags/example_xcomargs.py took 0.113 seconds
[2023-09-17T12:46:43.496+0000] {processor.py:157} INFO - Started process (PID=719) to work on /home/airflow/.local/lib/python3.8/site-packages/airflow/example_dags/example_xcomargs.py
[2023-09-17T12:46:43.497+0000] {processor.py:829} INFO - Processing file /home/airflow/.local/lib/python3.8/site-packages/airflow/example_dags/example_xcomargs.py for tasks to queue
[2023-09-17T12:46:43.504+0000] {logging_mixin.py:151} INFO - [2023-09-17T12:46:43.503+0000] {dagbag.py:539} INFO - Filling up the DagBag from /home/airflow/.local/lib/python3.8/site-packages/airflow/example_dags/example_xcomargs.py
[2023-09-17T12:46:43.544+0000] {processor.py:839} INFO - DAG(s) dict_keys(['example_xcom_args_with_operators', 'example_xcom_args']) retrieved from /home/airflow/.local/lib/python3.8/site-packages/airflow/example_dags/example_xcomargs.py
[2023-09-17T12:46:43.612+0000] {logging_mixin.py:151} INFO - [2023-09-17T12:46:43.612+0000] {dag.py:2915} INFO - Sync 2 DAGs
[2023-09-17T12:46:43.654+0000] {logging_mixin.py:151} INFO - [2023-09-17T12:46:43.654+0000] {dag.py:3696} INFO - Setting next_dagrun for example_xcom_args to None, run_after=None
[2023-09-17T12:46:43.679+0000] {logging_mixin.py:151} INFO - [2023-09-17T12:46:43.678+0000] {dag.py:3696} INFO - Setting next_dagrun for example_xcom_args_with_operators to None, run_after=None
[2023-09-17T12:46:43.760+0000] {processor.py:179} INFO - Processing /home/airflow/.local/lib/python3.8/site-packages/airflow/example_dags/example_xcomargs.py took 0.272 seconds
[2023-09-17T12:47:14.050+0000] {processor.py:157} INFO - Started process (PID=775) to work on /home/airflow/.local/lib/python3.8/site-packages/airflow/example_dags/example_xcomargs.py
[2023-09-17T12:47:14.051+0000] {processor.py:829} INFO - Processing file /home/airflow/.local/lib/python3.8/site-packages/airflow/example_dags/example_xcomargs.py for tasks to queue
[2023-09-17T12:47:14.053+0000] {logging_mixin.py:151} INFO - [2023-09-17T12:47:14.053+0000] {dagbag.py:539} INFO - Filling up the DagBag from /home/airflow/.local/lib/python3.8/site-packages/airflow/example_dags/example_xcomargs.py
[2023-09-17T12:47:14.067+0000] {processor.py:839} INFO - DAG(s) dict_keys(['example_xcom_args', 'example_xcom_args_with_operators']) retrieved from /home/airflow/.local/lib/python3.8/site-packages/airflow/example_dags/example_xcomargs.py
[2023-09-17T12:47:14.106+0000] {logging_mixin.py:151} INFO - [2023-09-17T12:47:14.106+0000] {dag.py:2915} INFO - Sync 2 DAGs
[2023-09-17T12:47:14.132+0000] {logging_mixin.py:151} INFO - [2023-09-17T12:47:14.132+0000] {dag.py:3696} INFO - Setting next_dagrun for example_xcom_args to None, run_after=None
[2023-09-17T12:47:14.139+0000] {logging_mixin.py:151} INFO - [2023-09-17T12:47:14.138+0000] {dag.py:3696} INFO - Setting next_dagrun for example_xcom_args_with_operators to None, run_after=None
[2023-09-17T12:47:14.174+0000] {processor.py:179} INFO - Processing /home/airflow/.local/lib/python3.8/site-packages/airflow/example_dags/example_xcomargs.py took 0.129 seconds
[2023-09-17T12:47:44.799+0000] {processor.py:157} INFO - Started process (PID=828) to work on /home/airflow/.local/lib/python3.8/site-packages/airflow/example_dags/example_xcomargs.py
[2023-09-17T12:47:44.814+0000] {processor.py:829} INFO - Processing file /home/airflow/.local/lib/python3.8/site-packages/airflow/example_dags/example_xcomargs.py for tasks to queue
[2023-09-17T12:47:44.818+0000] {logging_mixin.py:151} INFO - [2023-09-17T12:47:44.818+0000] {dagbag.py:539} INFO - Filling up the DagBag from /home/airflow/.local/lib/python3.8/site-packages/airflow/example_dags/example_xcomargs.py
[2023-09-17T12:47:44.831+0000] {processor.py:839} INFO - DAG(s) dict_keys(['example_xcom_args', 'example_xcom_args_with_operators']) retrieved from /home/airflow/.local/lib/python3.8/site-packages/airflow/example_dags/example_xcomargs.py
[2023-09-17T12:47:44.871+0000] {logging_mixin.py:151} INFO - [2023-09-17T12:47:44.871+0000] {dag.py:2915} INFO - Sync 2 DAGs
[2023-09-17T12:47:44.890+0000] {logging_mixin.py:151} INFO - [2023-09-17T12:47:44.890+0000] {dag.py:3696} INFO - Setting next_dagrun for example_xcom_args to None, run_after=None
[2023-09-17T12:47:44.895+0000] {logging_mixin.py:151} INFO - [2023-09-17T12:47:44.895+0000] {dag.py:3696} INFO - Setting next_dagrun for example_xcom_args_with_operators to None, run_after=None
[2023-09-17T12:47:44.928+0000] {processor.py:179} INFO - Processing /home/airflow/.local/lib/python3.8/site-packages/airflow/example_dags/example_xcomargs.py took 0.133 seconds
[2023-09-17T12:48:15.024+0000] {processor.py:157} INFO - Started process (PID=883) to work on /home/airflow/.local/lib/python3.8/site-packages/airflow/example_dags/example_xcomargs.py
[2023-09-17T12:48:15.025+0000] {processor.py:829} INFO - Processing file /home/airflow/.local/lib/python3.8/site-packages/airflow/example_dags/example_xcomargs.py for tasks to queue
[2023-09-17T12:48:15.029+0000] {logging_mixin.py:151} INFO - [2023-09-17T12:48:15.029+0000] {dagbag.py:539} INFO - Filling up the DagBag from /home/airflow/.local/lib/python3.8/site-packages/airflow/example_dags/example_xcomargs.py
[2023-09-17T12:48:15.044+0000] {processor.py:839} INFO - DAG(s) dict_keys(['example_xcom_args_with_operators', 'example_xcom_args']) retrieved from /home/airflow/.local/lib/python3.8/site-packages/airflow/example_dags/example_xcomargs.py
[2023-09-17T12:48:15.094+0000] {logging_mixin.py:151} INFO - [2023-09-17T12:48:15.094+0000] {dag.py:2915} INFO - Sync 2 DAGs
[2023-09-17T12:48:15.126+0000] {logging_mixin.py:151} INFO - [2023-09-17T12:48:15.126+0000] {dag.py:3696} INFO - Setting next_dagrun for example_xcom_args to None, run_after=None
[2023-09-17T12:48:15.134+0000] {logging_mixin.py:151} INFO - [2023-09-17T12:48:15.133+0000] {dag.py:3696} INFO - Setting next_dagrun for example_xcom_args_with_operators to None, run_after=None
[2023-09-17T12:48:15.179+0000] {processor.py:179} INFO - Processing /home/airflow/.local/lib/python3.8/site-packages/airflow/example_dags/example_xcomargs.py took 0.165 seconds
[2023-09-17T12:48:45.490+0000] {processor.py:157} INFO - Started process (PID=938) to work on /home/airflow/.local/lib/python3.8/site-packages/airflow/example_dags/example_xcomargs.py
[2023-09-17T12:48:45.500+0000] {processor.py:829} INFO - Processing file /home/airflow/.local/lib/python3.8/site-packages/airflow/example_dags/example_xcomargs.py for tasks to queue
[2023-09-17T12:48:45.505+0000] {logging_mixin.py:151} INFO - [2023-09-17T12:48:45.504+0000] {dagbag.py:539} INFO - Filling up the DagBag from /home/airflow/.local/lib/python3.8/site-packages/airflow/example_dags/example_xcomargs.py
[2023-09-17T12:48:45.516+0000] {processor.py:839} INFO - DAG(s) dict_keys(['example_xcom_args_with_operators', 'example_xcom_args']) retrieved from /home/airflow/.local/lib/python3.8/site-packages/airflow/example_dags/example_xcomargs.py
[2023-09-17T12:48:45.551+0000] {logging_mixin.py:151} INFO - [2023-09-17T12:48:45.551+0000] {dag.py:2915} INFO - Sync 2 DAGs
[2023-09-17T12:48:45.571+0000] {logging_mixin.py:151} INFO - [2023-09-17T12:48:45.571+0000] {dag.py:3696} INFO - Setting next_dagrun for example_xcom_args to None, run_after=None
[2023-09-17T12:48:45.577+0000] {logging_mixin.py:151} INFO - [2023-09-17T12:48:45.576+0000] {dag.py:3696} INFO - Setting next_dagrun for example_xcom_args_with_operators to None, run_after=None
[2023-09-17T12:48:45.623+0000] {processor.py:179} INFO - Processing /home/airflow/.local/lib/python3.8/site-packages/airflow/example_dags/example_xcomargs.py took 0.137 seconds
[2023-09-17T12:49:16.101+0000] {processor.py:157} INFO - Started process (PID=993) to work on /home/airflow/.local/lib/python3.8/site-packages/airflow/example_dags/example_xcomargs.py
[2023-09-17T12:49:16.102+0000] {processor.py:829} INFO - Processing file /home/airflow/.local/lib/python3.8/site-packages/airflow/example_dags/example_xcomargs.py for tasks to queue
[2023-09-17T12:49:16.105+0000] {logging_mixin.py:151} INFO - [2023-09-17T12:49:16.105+0000] {dagbag.py:539} INFO - Filling up the DagBag from /home/airflow/.local/lib/python3.8/site-packages/airflow/example_dags/example_xcomargs.py
[2023-09-17T12:49:16.116+0000] {processor.py:839} INFO - DAG(s) dict_keys(['example_xcom_args_with_operators', 'example_xcom_args']) retrieved from /home/airflow/.local/lib/python3.8/site-packages/airflow/example_dags/example_xcomargs.py
[2023-09-17T12:49:16.151+0000] {logging_mixin.py:151} INFO - [2023-09-17T12:49:16.150+0000] {dag.py:2915} INFO - Sync 2 DAGs
[2023-09-17T12:49:16.170+0000] {logging_mixin.py:151} INFO - [2023-09-17T12:49:16.170+0000] {dag.py:3696} INFO - Setting next_dagrun for example_xcom_args to None, run_after=None
[2023-09-17T12:49:16.175+0000] {logging_mixin.py:151} INFO - [2023-09-17T12:49:16.175+0000] {dag.py:3696} INFO - Setting next_dagrun for example_xcom_args_with_operators to None, run_after=None
[2023-09-17T12:49:16.276+0000] {processor.py:179} INFO - Processing /home/airflow/.local/lib/python3.8/site-packages/airflow/example_dags/example_xcomargs.py took 0.179 seconds
[2023-09-17T12:49:46.422+0000] {processor.py:157} INFO - Started process (PID=1048) to work on /home/airflow/.local/lib/python3.8/site-packages/airflow/example_dags/example_xcomargs.py
[2023-09-17T12:49:46.423+0000] {processor.py:829} INFO - Processing file /home/airflow/.local/lib/python3.8/site-packages/airflow/example_dags/example_xcomargs.py for tasks to queue
[2023-09-17T12:49:46.426+0000] {logging_mixin.py:151} INFO - [2023-09-17T12:49:46.425+0000] {dagbag.py:539} INFO - Filling up the DagBag from /home/airflow/.local/lib/python3.8/site-packages/airflow/example_dags/example_xcomargs.py
[2023-09-17T12:49:46.436+0000] {processor.py:839} INFO - DAG(s) dict_keys(['example_xcom_args', 'example_xcom_args_with_operators']) retrieved from /home/airflow/.local/lib/python3.8/site-packages/airflow/example_dags/example_xcomargs.py
[2023-09-17T12:49:46.474+0000] {logging_mixin.py:151} INFO - [2023-09-17T12:49:46.474+0000] {dag.py:2915} INFO - Sync 2 DAGs
[2023-09-17T12:49:46.497+0000] {logging_mixin.py:151} INFO - [2023-09-17T12:49:46.497+0000] {dag.py:3696} INFO - Setting next_dagrun for example_xcom_args to None, run_after=None
[2023-09-17T12:49:46.504+0000] {logging_mixin.py:151} INFO - [2023-09-17T12:49:46.504+0000] {dag.py:3696} INFO - Setting next_dagrun for example_xcom_args_with_operators to None, run_after=None
[2023-09-17T12:49:46.542+0000] {processor.py:179} INFO - Processing /home/airflow/.local/lib/python3.8/site-packages/airflow/example_dags/example_xcomargs.py took 0.123 seconds
[2023-09-17T12:50:17.328+0000] {processor.py:157} INFO - Started process (PID=1103) to work on /home/airflow/.local/lib/python3.8/site-packages/airflow/example_dags/example_xcomargs.py
[2023-09-17T12:50:17.329+0000] {processor.py:829} INFO - Processing file /home/airflow/.local/lib/python3.8/site-packages/airflow/example_dags/example_xcomargs.py for tasks to queue
[2023-09-17T12:50:17.338+0000] {logging_mixin.py:151} INFO - [2023-09-17T12:50:17.337+0000] {dagbag.py:539} INFO - Filling up the DagBag from /home/airflow/.local/lib/python3.8/site-packages/airflow/example_dags/example_xcomargs.py
[2023-09-17T12:50:17.356+0000] {processor.py:839} INFO - DAG(s) dict_keys(['example_xcom_args', 'example_xcom_args_with_operators']) retrieved from /home/airflow/.local/lib/python3.8/site-packages/airflow/example_dags/example_xcomargs.py
[2023-09-17T12:50:17.406+0000] {logging_mixin.py:151} INFO - [2023-09-17T12:50:17.406+0000] {dag.py:2915} INFO - Sync 2 DAGs
[2023-09-17T12:50:17.429+0000] {logging_mixin.py:151} INFO - [2023-09-17T12:50:17.429+0000] {dag.py:3696} INFO - Setting next_dagrun for example_xcom_args to None, run_after=None
[2023-09-17T12:50:17.435+0000] {logging_mixin.py:151} INFO - [2023-09-17T12:50:17.435+0000] {dag.py:3696} INFO - Setting next_dagrun for example_xcom_args_with_operators to None, run_after=None
[2023-09-17T12:50:17.473+0000] {processor.py:179} INFO - Processing /home/airflow/.local/lib/python3.8/site-packages/airflow/example_dags/example_xcomargs.py took 0.150 seconds
[2023-09-17T12:50:48.224+0000] {processor.py:157} INFO - Started process (PID=1158) to work on /home/airflow/.local/lib/python3.8/site-packages/airflow/example_dags/example_xcomargs.py
[2023-09-17T12:50:48.227+0000] {processor.py:829} INFO - Processing file /home/airflow/.local/lib/python3.8/site-packages/airflow/example_dags/example_xcomargs.py for tasks to queue
[2023-09-17T12:50:48.233+0000] {logging_mixin.py:151} INFO - [2023-09-17T12:50:48.232+0000] {dagbag.py:539} INFO - Filling up the DagBag from /home/airflow/.local/lib/python3.8/site-packages/airflow/example_dags/example_xcomargs.py
[2023-09-17T12:50:48.255+0000] {processor.py:839} INFO - DAG(s) dict_keys(['example_xcom_args', 'example_xcom_args_with_operators']) retrieved from /home/airflow/.local/lib/python3.8/site-packages/airflow/example_dags/example_xcomargs.py
[2023-09-17T12:50:48.306+0000] {logging_mixin.py:151} INFO - [2023-09-17T12:50:48.305+0000] {dag.py:2915} INFO - Sync 2 DAGs
[2023-09-17T12:50:48.339+0000] {logging_mixin.py:151} INFO - [2023-09-17T12:50:48.338+0000] {dag.py:3696} INFO - Setting next_dagrun for example_xcom_args to None, run_after=None
[2023-09-17T12:50:48.346+0000] {logging_mixin.py:151} INFO - [2023-09-17T12:50:48.346+0000] {dag.py:3696} INFO - Setting next_dagrun for example_xcom_args_with_operators to None, run_after=None
[2023-09-17T12:50:48.427+0000] {processor.py:179} INFO - Processing /home/airflow/.local/lib/python3.8/site-packages/airflow/example_dags/example_xcomargs.py took 0.212 seconds
[2023-09-17T12:51:19.790+0000] {processor.py:157} INFO - Started process (PID=1212) to work on /home/airflow/.local/lib/python3.8/site-packages/airflow/example_dags/example_xcomargs.py
[2023-09-17T12:51:19.805+0000] {processor.py:829} INFO - Processing file /home/airflow/.local/lib/python3.8/site-packages/airflow/example_dags/example_xcomargs.py for tasks to queue
[2023-09-17T12:51:19.825+0000] {logging_mixin.py:151} INFO - [2023-09-17T12:51:19.824+0000] {dagbag.py:539} INFO - Filling up the DagBag from /home/airflow/.local/lib/python3.8/site-packages/airflow/example_dags/example_xcomargs.py
[2023-09-17T12:51:19.871+0000] {processor.py:839} INFO - DAG(s) dict_keys(['example_xcom_args_with_operators', 'example_xcom_args']) retrieved from /home/airflow/.local/lib/python3.8/site-packages/airflow/example_dags/example_xcomargs.py
[2023-09-17T12:51:19.965+0000] {logging_mixin.py:151} INFO - [2023-09-17T12:51:19.965+0000] {dag.py:2915} INFO - Sync 2 DAGs
[2023-09-17T12:51:20.021+0000] {logging_mixin.py:151} INFO - [2023-09-17T12:51:20.021+0000] {dag.py:3696} INFO - Setting next_dagrun for example_xcom_args to None, run_after=None
[2023-09-17T12:51:20.039+0000] {logging_mixin.py:151} INFO - [2023-09-17T12:51:20.037+0000] {dag.py:3696} INFO - Setting next_dagrun for example_xcom_args_with_operators to None, run_after=None
[2023-09-17T12:51:20.277+0000] {processor.py:179} INFO - Processing /home/airflow/.local/lib/python3.8/site-packages/airflow/example_dags/example_xcomargs.py took 0.506 seconds
[2023-09-17T12:51:50.624+0000] {processor.py:157} INFO - Started process (PID=1266) to work on /home/airflow/.local/lib/python3.8/site-packages/airflow/example_dags/example_xcomargs.py
[2023-09-17T12:51:50.639+0000] {processor.py:829} INFO - Processing file /home/airflow/.local/lib/python3.8/site-packages/airflow/example_dags/example_xcomargs.py for tasks to queue
[2023-09-17T12:51:50.643+0000] {logging_mixin.py:151} INFO - [2023-09-17T12:51:50.643+0000] {dagbag.py:539} INFO - Filling up the DagBag from /home/airflow/.local/lib/python3.8/site-packages/airflow/example_dags/example_xcomargs.py
[2023-09-17T12:51:50.661+0000] {processor.py:839} INFO - DAG(s) dict_keys(['example_xcom_args_with_operators', 'example_xcom_args']) retrieved from /home/airflow/.local/lib/python3.8/site-packages/airflow/example_dags/example_xcomargs.py
[2023-09-17T12:51:50.726+0000] {logging_mixin.py:151} INFO - [2023-09-17T12:51:50.726+0000] {dag.py:2915} INFO - Sync 2 DAGs
[2023-09-17T12:51:50.768+0000] {logging_mixin.py:151} INFO - [2023-09-17T12:51:50.768+0000] {dag.py:3696} INFO - Setting next_dagrun for example_xcom_args to None, run_after=None
[2023-09-17T12:51:50.783+0000] {logging_mixin.py:151} INFO - [2023-09-17T12:51:50.782+0000] {dag.py:3696} INFO - Setting next_dagrun for example_xcom_args_with_operators to None, run_after=None
[2023-09-17T12:51:50.851+0000] {processor.py:179} INFO - Processing /home/airflow/.local/lib/python3.8/site-packages/airflow/example_dags/example_xcomargs.py took 0.237 seconds
[2023-09-17T12:52:21.043+0000] {processor.py:157} INFO - Started process (PID=1322) to work on /home/airflow/.local/lib/python3.8/site-packages/airflow/example_dags/example_xcomargs.py
[2023-09-17T12:52:21.044+0000] {processor.py:829} INFO - Processing file /home/airflow/.local/lib/python3.8/site-packages/airflow/example_dags/example_xcomargs.py for tasks to queue
[2023-09-17T12:52:21.051+0000] {logging_mixin.py:151} INFO - [2023-09-17T12:52:21.049+0000] {dagbag.py:539} INFO - Filling up the DagBag from /home/airflow/.local/lib/python3.8/site-packages/airflow/example_dags/example_xcomargs.py
[2023-09-17T12:52:21.074+0000] {processor.py:839} INFO - DAG(s) dict_keys(['example_xcom_args', 'example_xcom_args_with_operators']) retrieved from /home/airflow/.local/lib/python3.8/site-packages/airflow/example_dags/example_xcomargs.py
[2023-09-17T12:52:21.143+0000] {logging_mixin.py:151} INFO - [2023-09-17T12:52:21.142+0000] {dag.py:2915} INFO - Sync 2 DAGs
[2023-09-17T12:52:21.177+0000] {logging_mixin.py:151} INFO - [2023-09-17T12:52:21.176+0000] {dag.py:3696} INFO - Setting next_dagrun for example_xcom_args to None, run_after=None
[2023-09-17T12:52:21.187+0000] {logging_mixin.py:151} INFO - [2023-09-17T12:52:21.186+0000] {dag.py:3696} INFO - Setting next_dagrun for example_xcom_args_with_operators to None, run_after=None
[2023-09-17T12:52:21.246+0000] {processor.py:179} INFO - Processing /home/airflow/.local/lib/python3.8/site-packages/airflow/example_dags/example_xcomargs.py took 0.216 seconds
[2023-09-17T12:52:51.857+0000] {processor.py:157} INFO - Started process (PID=1377) to work on /home/airflow/.local/lib/python3.8/site-packages/airflow/example_dags/example_xcomargs.py
[2023-09-17T12:52:51.901+0000] {processor.py:829} INFO - Processing file /home/airflow/.local/lib/python3.8/site-packages/airflow/example_dags/example_xcomargs.py for tasks to queue
[2023-09-17T12:52:51.912+0000] {logging_mixin.py:151} INFO - [2023-09-17T12:52:51.911+0000] {dagbag.py:539} INFO - Filling up the DagBag from /home/airflow/.local/lib/python3.8/site-packages/airflow/example_dags/example_xcomargs.py
[2023-09-17T12:52:51.930+0000] {processor.py:839} INFO - DAG(s) dict_keys(['example_xcom_args_with_operators', 'example_xcom_args']) retrieved from /home/airflow/.local/lib/python3.8/site-packages/airflow/example_dags/example_xcomargs.py
[2023-09-17T12:52:52.024+0000] {logging_mixin.py:151} INFO - [2023-09-17T12:52:52.023+0000] {dag.py:2915} INFO - Sync 2 DAGs
[2023-09-17T12:52:52.074+0000] {logging_mixin.py:151} INFO - [2023-09-17T12:52:52.073+0000] {dag.py:3696} INFO - Setting next_dagrun for example_xcom_args to None, run_after=None
[2023-09-17T12:52:52.087+0000] {logging_mixin.py:151} INFO - [2023-09-17T12:52:52.087+0000] {dag.py:3696} INFO - Setting next_dagrun for example_xcom_args_with_operators to None, run_after=None
[2023-09-17T12:52:52.170+0000] {processor.py:179} INFO - Processing /home/airflow/.local/lib/python3.8/site-packages/airflow/example_dags/example_xcomargs.py took 0.327 seconds
