[2023-09-17T12:40:39.315+0000] {processor.py:157} INFO - Started process (PID=60) to work on /home/airflow/.local/lib/python3.8/site-packages/airflow/example_dags/example_external_task_marker_dag.py
[2023-09-17T12:40:39.316+0000] {processor.py:829} INFO - Processing file /home/airflow/.local/lib/python3.8/site-packages/airflow/example_dags/example_external_task_marker_dag.py for tasks to queue
[2023-09-17T12:40:39.320+0000] {logging_mixin.py:151} INFO - [2023-09-17T12:40:39.319+0000] {dagbag.py:539} INFO - Filling up the DagBag from /home/airflow/.local/lib/python3.8/site-packages/airflow/example_dags/example_external_task_marker_dag.py
[2023-09-17T12:40:39.426+0000] {processor.py:839} INFO - DAG(s) dict_keys(['example_external_task_marker_parent', 'example_external_task_marker_child']) retrieved from /home/airflow/.local/lib/python3.8/site-packages/airflow/example_dags/example_external_task_marker_dag.py
[2023-09-17T12:40:39.954+0000] {logging_mixin.py:151} INFO - [2023-09-17T12:40:39.953+0000] {manager.py:499} INFO - Created Permission View: %s
[2023-09-17T12:40:39.997+0000] {logging_mixin.py:151} INFO - [2023-09-17T12:40:39.996+0000] {manager.py:499} INFO - Created Permission View: %s
[2023-09-17T12:40:40.018+0000] {logging_mixin.py:151} INFO - [2023-09-17T12:40:40.018+0000] {manager.py:499} INFO - Created Permission View: %s
[2023-09-17T12:40:40.019+0000] {logging_mixin.py:151} INFO - [2023-09-17T12:40:40.019+0000] {security.py:708} INFO - Not syncing DAG-level permissions for DAG 'DAG:example_external_task_marker_parent' as access control is unset.
[2023-09-17T12:40:40.075+0000] {logging_mixin.py:151} INFO - [2023-09-17T12:40:40.074+0000] {manager.py:499} INFO - Created Permission View: %s
[2023-09-17T12:40:40.129+0000] {logging_mixin.py:151} INFO - [2023-09-17T12:40:40.129+0000] {manager.py:499} INFO - Created Permission View: %s
[2023-09-17T12:40:40.196+0000] {logging_mixin.py:151} INFO - [2023-09-17T12:40:40.195+0000] {manager.py:499} INFO - Created Permission View: %s
[2023-09-17T12:40:40.196+0000] {logging_mixin.py:151} INFO - [2023-09-17T12:40:40.196+0000] {security.py:708} INFO - Not syncing DAG-level permissions for DAG 'DAG:example_external_task_marker_child' as access control is unset.
[2023-09-17T12:40:40.197+0000] {logging_mixin.py:151} INFO - [2023-09-17T12:40:40.196+0000] {dag.py:2915} INFO - Sync 2 DAGs
[2023-09-17T12:40:40.250+0000] {logging_mixin.py:151} INFO - [2023-09-17T12:40:40.250+0000] {dag.py:2937} INFO - Creating ORM DAG for example_external_task_marker_child
[2023-09-17T12:40:40.251+0000] {logging_mixin.py:151} INFO - [2023-09-17T12:40:40.251+0000] {dag.py:2937} INFO - Creating ORM DAG for example_external_task_marker_parent
[2023-09-17T12:40:40.265+0000] {logging_mixin.py:151} INFO - [2023-09-17T12:40:40.252+0000] {dag.py:3696} INFO - Setting next_dagrun for example_external_task_marker_child to None, run_after=None
[2023-09-17T12:40:40.266+0000] {logging_mixin.py:151} INFO - [2023-09-17T12:40:40.266+0000] {dag.py:3696} INFO - Setting next_dagrun for example_external_task_marker_parent to None, run_after=None
[2023-09-17T12:40:40.371+0000] {processor.py:179} INFO - Processing /home/airflow/.local/lib/python3.8/site-packages/airflow/example_dags/example_external_task_marker_dag.py took 1.075 seconds
[2023-09-17T12:41:10.463+0000] {processor.py:157} INFO - Started process (PID=114) to work on /home/airflow/.local/lib/python3.8/site-packages/airflow/example_dags/example_external_task_marker_dag.py
[2023-09-17T12:41:10.483+0000] {processor.py:829} INFO - Processing file /home/airflow/.local/lib/python3.8/site-packages/airflow/example_dags/example_external_task_marker_dag.py for tasks to queue
[2023-09-17T12:41:10.485+0000] {logging_mixin.py:151} INFO - [2023-09-17T12:41:10.485+0000] {dagbag.py:539} INFO - Filling up the DagBag from /home/airflow/.local/lib/python3.8/site-packages/airflow/example_dags/example_external_task_marker_dag.py
[2023-09-17T12:41:10.493+0000] {processor.py:839} INFO - DAG(s) dict_keys(['example_external_task_marker_child', 'example_external_task_marker_parent']) retrieved from /home/airflow/.local/lib/python3.8/site-packages/airflow/example_dags/example_external_task_marker_dag.py
[2023-09-17T12:41:10.532+0000] {logging_mixin.py:151} INFO - [2023-09-17T12:41:10.532+0000] {dag.py:2915} INFO - Sync 2 DAGs
[2023-09-17T12:41:10.559+0000] {logging_mixin.py:151} INFO - [2023-09-17T12:41:10.558+0000] {dag.py:3696} INFO - Setting next_dagrun for example_external_task_marker_child to None, run_after=None
[2023-09-17T12:41:10.565+0000] {logging_mixin.py:151} INFO - [2023-09-17T12:41:10.565+0000] {dag.py:3696} INFO - Setting next_dagrun for example_external_task_marker_parent to None, run_after=None
[2023-09-17T12:41:10.664+0000] {processor.py:179} INFO - Processing /home/airflow/.local/lib/python3.8/site-packages/airflow/example_dags/example_external_task_marker_dag.py took 0.205 seconds
[2023-09-17T12:41:40.704+0000] {processor.py:157} INFO - Started process (PID=169) to work on /home/airflow/.local/lib/python3.8/site-packages/airflow/example_dags/example_external_task_marker_dag.py
[2023-09-17T12:41:40.705+0000] {processor.py:829} INFO - Processing file /home/airflow/.local/lib/python3.8/site-packages/airflow/example_dags/example_external_task_marker_dag.py for tasks to queue
[2023-09-17T12:41:40.707+0000] {logging_mixin.py:151} INFO - [2023-09-17T12:41:40.706+0000] {dagbag.py:539} INFO - Filling up the DagBag from /home/airflow/.local/lib/python3.8/site-packages/airflow/example_dags/example_external_task_marker_dag.py
[2023-09-17T12:41:40.721+0000] {processor.py:839} INFO - DAG(s) dict_keys(['example_external_task_marker_parent', 'example_external_task_marker_child']) retrieved from /home/airflow/.local/lib/python3.8/site-packages/airflow/example_dags/example_external_task_marker_dag.py
[2023-09-17T12:41:40.752+0000] {logging_mixin.py:151} INFO - [2023-09-17T12:41:40.752+0000] {dag.py:2915} INFO - Sync 2 DAGs
[2023-09-17T12:41:40.769+0000] {logging_mixin.py:151} INFO - [2023-09-17T12:41:40.769+0000] {dag.py:3696} INFO - Setting next_dagrun for example_external_task_marker_child to None, run_after=None
[2023-09-17T12:41:40.773+0000] {logging_mixin.py:151} INFO - [2023-09-17T12:41:40.773+0000] {dag.py:3696} INFO - Setting next_dagrun for example_external_task_marker_parent to None, run_after=None
[2023-09-17T12:41:40.814+0000] {processor.py:179} INFO - Processing /home/airflow/.local/lib/python3.8/site-packages/airflow/example_dags/example_external_task_marker_dag.py took 0.114 seconds
[2023-09-17T12:42:10.945+0000] {processor.py:157} INFO - Started process (PID=224) to work on /home/airflow/.local/lib/python3.8/site-packages/airflow/example_dags/example_external_task_marker_dag.py
[2023-09-17T12:42:10.946+0000] {processor.py:829} INFO - Processing file /home/airflow/.local/lib/python3.8/site-packages/airflow/example_dags/example_external_task_marker_dag.py for tasks to queue
[2023-09-17T12:42:10.948+0000] {logging_mixin.py:151} INFO - [2023-09-17T12:42:10.948+0000] {dagbag.py:539} INFO - Filling up the DagBag from /home/airflow/.local/lib/python3.8/site-packages/airflow/example_dags/example_external_task_marker_dag.py
[2023-09-17T12:42:10.955+0000] {processor.py:839} INFO - DAG(s) dict_keys(['example_external_task_marker_parent', 'example_external_task_marker_child']) retrieved from /home/airflow/.local/lib/python3.8/site-packages/airflow/example_dags/example_external_task_marker_dag.py
[2023-09-17T12:42:10.996+0000] {logging_mixin.py:151} INFO - [2023-09-17T12:42:10.995+0000] {dag.py:2915} INFO - Sync 2 DAGs
[2023-09-17T12:42:11.013+0000] {logging_mixin.py:151} INFO - [2023-09-17T12:42:11.013+0000] {dag.py:3696} INFO - Setting next_dagrun for example_external_task_marker_child to None, run_after=None
[2023-09-17T12:42:11.018+0000] {logging_mixin.py:151} INFO - [2023-09-17T12:42:11.018+0000] {dag.py:3696} INFO - Setting next_dagrun for example_external_task_marker_parent to None, run_after=None
[2023-09-17T12:42:11.055+0000] {processor.py:179} INFO - Processing /home/airflow/.local/lib/python3.8/site-packages/airflow/example_dags/example_external_task_marker_dag.py took 0.114 seconds
[2023-09-17T12:42:41.587+0000] {processor.py:157} INFO - Started process (PID=279) to work on /home/airflow/.local/lib/python3.8/site-packages/airflow/example_dags/example_external_task_marker_dag.py
[2023-09-17T12:42:41.588+0000] {processor.py:829} INFO - Processing file /home/airflow/.local/lib/python3.8/site-packages/airflow/example_dags/example_external_task_marker_dag.py for tasks to queue
[2023-09-17T12:42:41.591+0000] {logging_mixin.py:151} INFO - [2023-09-17T12:42:41.591+0000] {dagbag.py:539} INFO - Filling up the DagBag from /home/airflow/.local/lib/python3.8/site-packages/airflow/example_dags/example_external_task_marker_dag.py
[2023-09-17T12:42:41.603+0000] {processor.py:839} INFO - DAG(s) dict_keys(['example_external_task_marker_parent', 'example_external_task_marker_child']) retrieved from /home/airflow/.local/lib/python3.8/site-packages/airflow/example_dags/example_external_task_marker_dag.py
[2023-09-17T12:42:41.636+0000] {logging_mixin.py:151} INFO - [2023-09-17T12:42:41.636+0000] {dag.py:2915} INFO - Sync 2 DAGs
[2023-09-17T12:42:41.663+0000] {logging_mixin.py:151} INFO - [2023-09-17T12:42:41.662+0000] {dag.py:3696} INFO - Setting next_dagrun for example_external_task_marker_child to None, run_after=None
[2023-09-17T12:42:41.667+0000] {logging_mixin.py:151} INFO - [2023-09-17T12:42:41.667+0000] {dag.py:3696} INFO - Setting next_dagrun for example_external_task_marker_parent to None, run_after=None
[2023-09-17T12:42:41.703+0000] {processor.py:179} INFO - Processing /home/airflow/.local/lib/python3.8/site-packages/airflow/example_dags/example_external_task_marker_dag.py took 0.121 seconds
[2023-09-17T12:43:12.142+0000] {processor.py:157} INFO - Started process (PID=334) to work on /home/airflow/.local/lib/python3.8/site-packages/airflow/example_dags/example_external_task_marker_dag.py
[2023-09-17T12:43:12.157+0000] {processor.py:829} INFO - Processing file /home/airflow/.local/lib/python3.8/site-packages/airflow/example_dags/example_external_task_marker_dag.py for tasks to queue
[2023-09-17T12:43:12.160+0000] {logging_mixin.py:151} INFO - [2023-09-17T12:43:12.160+0000] {dagbag.py:539} INFO - Filling up the DagBag from /home/airflow/.local/lib/python3.8/site-packages/airflow/example_dags/example_external_task_marker_dag.py
[2023-09-17T12:43:12.169+0000] {processor.py:839} INFO - DAG(s) dict_keys(['example_external_task_marker_child', 'example_external_task_marker_parent']) retrieved from /home/airflow/.local/lib/python3.8/site-packages/airflow/example_dags/example_external_task_marker_dag.py
[2023-09-17T12:43:12.207+0000] {logging_mixin.py:151} INFO - [2023-09-17T12:43:12.207+0000] {dag.py:2915} INFO - Sync 2 DAGs
[2023-09-17T12:43:12.230+0000] {logging_mixin.py:151} INFO - [2023-09-17T12:43:12.230+0000] {dag.py:3696} INFO - Setting next_dagrun for example_external_task_marker_child to None, run_after=None
[2023-09-17T12:43:12.236+0000] {logging_mixin.py:151} INFO - [2023-09-17T12:43:12.235+0000] {dag.py:3696} INFO - Setting next_dagrun for example_external_task_marker_parent to None, run_after=None
[2023-09-17T12:43:12.281+0000] {processor.py:179} INFO - Processing /home/airflow/.local/lib/python3.8/site-packages/airflow/example_dags/example_external_task_marker_dag.py took 0.145 seconds
[2023-09-17T12:43:42.942+0000] {processor.py:157} INFO - Started process (PID=389) to work on /home/airflow/.local/lib/python3.8/site-packages/airflow/example_dags/example_external_task_marker_dag.py
[2023-09-17T12:43:42.943+0000] {processor.py:829} INFO - Processing file /home/airflow/.local/lib/python3.8/site-packages/airflow/example_dags/example_external_task_marker_dag.py for tasks to queue
[2023-09-17T12:43:42.946+0000] {logging_mixin.py:151} INFO - [2023-09-17T12:43:42.945+0000] {dagbag.py:539} INFO - Filling up the DagBag from /home/airflow/.local/lib/python3.8/site-packages/airflow/example_dags/example_external_task_marker_dag.py
[2023-09-17T12:43:42.957+0000] {processor.py:839} INFO - DAG(s) dict_keys(['example_external_task_marker_child', 'example_external_task_marker_parent']) retrieved from /home/airflow/.local/lib/python3.8/site-packages/airflow/example_dags/example_external_task_marker_dag.py
[2023-09-17T12:43:43.012+0000] {logging_mixin.py:151} INFO - [2023-09-17T12:43:43.011+0000] {dag.py:2915} INFO - Sync 2 DAGs
[2023-09-17T12:43:43.041+0000] {logging_mixin.py:151} INFO - [2023-09-17T12:43:43.041+0000] {dag.py:3696} INFO - Setting next_dagrun for example_external_task_marker_child to None, run_after=None
[2023-09-17T12:43:43.050+0000] {logging_mixin.py:151} INFO - [2023-09-17T12:43:43.049+0000] {dag.py:3696} INFO - Setting next_dagrun for example_external_task_marker_parent to None, run_after=None
[2023-09-17T12:43:43.094+0000] {processor.py:179} INFO - Processing /home/airflow/.local/lib/python3.8/site-packages/airflow/example_dags/example_external_task_marker_dag.py took 0.158 seconds
[2023-09-17T12:44:13.683+0000] {processor.py:157} INFO - Started process (PID=445) to work on /home/airflow/.local/lib/python3.8/site-packages/airflow/example_dags/example_external_task_marker_dag.py
[2023-09-17T12:44:13.709+0000] {processor.py:829} INFO - Processing file /home/airflow/.local/lib/python3.8/site-packages/airflow/example_dags/example_external_task_marker_dag.py for tasks to queue
[2023-09-17T12:44:13.712+0000] {logging_mixin.py:151} INFO - [2023-09-17T12:44:13.712+0000] {dagbag.py:539} INFO - Filling up the DagBag from /home/airflow/.local/lib/python3.8/site-packages/airflow/example_dags/example_external_task_marker_dag.py
[2023-09-17T12:44:13.720+0000] {processor.py:839} INFO - DAG(s) dict_keys(['example_external_task_marker_parent', 'example_external_task_marker_child']) retrieved from /home/airflow/.local/lib/python3.8/site-packages/airflow/example_dags/example_external_task_marker_dag.py
[2023-09-17T12:44:13.760+0000] {logging_mixin.py:151} INFO - [2023-09-17T12:44:13.759+0000] {dag.py:2915} INFO - Sync 2 DAGs
[2023-09-17T12:44:13.786+0000] {logging_mixin.py:151} INFO - [2023-09-17T12:44:13.786+0000] {dag.py:3696} INFO - Setting next_dagrun for example_external_task_marker_child to None, run_after=None
[2023-09-17T12:44:13.793+0000] {logging_mixin.py:151} INFO - [2023-09-17T12:44:13.793+0000] {dag.py:3696} INFO - Setting next_dagrun for example_external_task_marker_parent to None, run_after=None
[2023-09-17T12:44:13.838+0000] {processor.py:179} INFO - Processing /home/airflow/.local/lib/python3.8/site-packages/airflow/example_dags/example_external_task_marker_dag.py took 0.160 seconds
[2023-09-17T12:44:44.294+0000] {processor.py:157} INFO - Started process (PID=500) to work on /home/airflow/.local/lib/python3.8/site-packages/airflow/example_dags/example_external_task_marker_dag.py
[2023-09-17T12:44:44.295+0000] {processor.py:829} INFO - Processing file /home/airflow/.local/lib/python3.8/site-packages/airflow/example_dags/example_external_task_marker_dag.py for tasks to queue
[2023-09-17T12:44:44.301+0000] {logging_mixin.py:151} INFO - [2023-09-17T12:44:44.300+0000] {dagbag.py:539} INFO - Filling up the DagBag from /home/airflow/.local/lib/python3.8/site-packages/airflow/example_dags/example_external_task_marker_dag.py
[2023-09-17T12:44:44.314+0000] {processor.py:839} INFO - DAG(s) dict_keys(['example_external_task_marker_parent', 'example_external_task_marker_child']) retrieved from /home/airflow/.local/lib/python3.8/site-packages/airflow/example_dags/example_external_task_marker_dag.py
[2023-09-17T12:44:44.357+0000] {logging_mixin.py:151} INFO - [2023-09-17T12:44:44.357+0000] {dag.py:2915} INFO - Sync 2 DAGs
[2023-09-17T12:44:44.383+0000] {logging_mixin.py:151} INFO - [2023-09-17T12:44:44.383+0000] {dag.py:3696} INFO - Setting next_dagrun for example_external_task_marker_child to None, run_after=None
[2023-09-17T12:44:44.388+0000] {logging_mixin.py:151} INFO - [2023-09-17T12:44:44.388+0000] {dag.py:3696} INFO - Setting next_dagrun for example_external_task_marker_parent to None, run_after=None
[2023-09-17T12:44:44.426+0000] {processor.py:179} INFO - Processing /home/airflow/.local/lib/python3.8/site-packages/airflow/example_dags/example_external_task_marker_dag.py took 0.138 seconds
[2023-09-17T12:45:14.496+0000] {processor.py:157} INFO - Started process (PID=556) to work on /home/airflow/.local/lib/python3.8/site-packages/airflow/example_dags/example_external_task_marker_dag.py
[2023-09-17T12:45:14.639+0000] {processor.py:829} INFO - Processing file /home/airflow/.local/lib/python3.8/site-packages/airflow/example_dags/example_external_task_marker_dag.py for tasks to queue
[2023-09-17T12:45:14.642+0000] {logging_mixin.py:151} INFO - [2023-09-17T12:45:14.641+0000] {dagbag.py:539} INFO - Filling up the DagBag from /home/airflow/.local/lib/python3.8/site-packages/airflow/example_dags/example_external_task_marker_dag.py
[2023-09-17T12:45:14.648+0000] {processor.py:839} INFO - DAG(s) dict_keys(['example_external_task_marker_parent', 'example_external_task_marker_child']) retrieved from /home/airflow/.local/lib/python3.8/site-packages/airflow/example_dags/example_external_task_marker_dag.py
[2023-09-17T12:45:14.678+0000] {logging_mixin.py:151} INFO - [2023-09-17T12:45:14.678+0000] {dag.py:2915} INFO - Sync 2 DAGs
[2023-09-17T12:45:14.695+0000] {logging_mixin.py:151} INFO - [2023-09-17T12:45:14.695+0000] {dag.py:3696} INFO - Setting next_dagrun for example_external_task_marker_child to None, run_after=None
[2023-09-17T12:45:14.699+0000] {logging_mixin.py:151} INFO - [2023-09-17T12:45:14.699+0000] {dag.py:3696} INFO - Setting next_dagrun for example_external_task_marker_parent to None, run_after=None
[2023-09-17T12:45:14.731+0000] {processor.py:179} INFO - Processing /home/airflow/.local/lib/python3.8/site-packages/airflow/example_dags/example_external_task_marker_dag.py took 0.239 seconds
[2023-09-17T12:45:45.140+0000] {processor.py:157} INFO - Started process (PID=611) to work on /home/airflow/.local/lib/python3.8/site-packages/airflow/example_dags/example_external_task_marker_dag.py
[2023-09-17T12:45:45.161+0000] {processor.py:829} INFO - Processing file /home/airflow/.local/lib/python3.8/site-packages/airflow/example_dags/example_external_task_marker_dag.py for tasks to queue
[2023-09-17T12:45:45.165+0000] {logging_mixin.py:151} INFO - [2023-09-17T12:45:45.165+0000] {dagbag.py:539} INFO - Filling up the DagBag from /home/airflow/.local/lib/python3.8/site-packages/airflow/example_dags/example_external_task_marker_dag.py
[2023-09-17T12:45:45.175+0000] {processor.py:839} INFO - DAG(s) dict_keys(['example_external_task_marker_child', 'example_external_task_marker_parent']) retrieved from /home/airflow/.local/lib/python3.8/site-packages/airflow/example_dags/example_external_task_marker_dag.py
[2023-09-17T12:45:45.215+0000] {logging_mixin.py:151} INFO - [2023-09-17T12:45:45.215+0000] {dag.py:2915} INFO - Sync 2 DAGs
[2023-09-17T12:45:45.238+0000] {logging_mixin.py:151} INFO - [2023-09-17T12:45:45.237+0000] {dag.py:3696} INFO - Setting next_dagrun for example_external_task_marker_child to None, run_after=None
[2023-09-17T12:45:45.244+0000] {logging_mixin.py:151} INFO - [2023-09-17T12:45:45.243+0000] {dag.py:3696} INFO - Setting next_dagrun for example_external_task_marker_parent to None, run_after=None
[2023-09-17T12:45:45.289+0000] {processor.py:179} INFO - Processing /home/airflow/.local/lib/python3.8/site-packages/airflow/example_dags/example_external_task_marker_dag.py took 0.154 seconds
[2023-09-17T12:46:15.422+0000] {processor.py:157} INFO - Started process (PID=666) to work on /home/airflow/.local/lib/python3.8/site-packages/airflow/example_dags/example_external_task_marker_dag.py
[2023-09-17T12:46:15.423+0000] {processor.py:829} INFO - Processing file /home/airflow/.local/lib/python3.8/site-packages/airflow/example_dags/example_external_task_marker_dag.py for tasks to queue
[2023-09-17T12:46:15.427+0000] {logging_mixin.py:151} INFO - [2023-09-17T12:46:15.427+0000] {dagbag.py:539} INFO - Filling up the DagBag from /home/airflow/.local/lib/python3.8/site-packages/airflow/example_dags/example_external_task_marker_dag.py
[2023-09-17T12:46:15.435+0000] {processor.py:839} INFO - DAG(s) dict_keys(['example_external_task_marker_child', 'example_external_task_marker_parent']) retrieved from /home/airflow/.local/lib/python3.8/site-packages/airflow/example_dags/example_external_task_marker_dag.py
[2023-09-17T12:46:15.470+0000] {logging_mixin.py:151} INFO - [2023-09-17T12:46:15.469+0000] {dag.py:2915} INFO - Sync 2 DAGs
[2023-09-17T12:46:15.489+0000] {logging_mixin.py:151} INFO - [2023-09-17T12:46:15.489+0000] {dag.py:3696} INFO - Setting next_dagrun for example_external_task_marker_child to None, run_after=None
[2023-09-17T12:46:15.495+0000] {logging_mixin.py:151} INFO - [2023-09-17T12:46:15.495+0000] {dag.py:3696} INFO - Setting next_dagrun for example_external_task_marker_parent to None, run_after=None
[2023-09-17T12:46:15.546+0000] {processor.py:179} INFO - Processing /home/airflow/.local/lib/python3.8/site-packages/airflow/example_dags/example_external_task_marker_dag.py took 0.131 seconds
[2023-09-17T12:46:46.061+0000] {processor.py:157} INFO - Started process (PID=722) to work on /home/airflow/.local/lib/python3.8/site-packages/airflow/example_dags/example_external_task_marker_dag.py
[2023-09-17T12:46:46.172+0000] {processor.py:829} INFO - Processing file /home/airflow/.local/lib/python3.8/site-packages/airflow/example_dags/example_external_task_marker_dag.py for tasks to queue
[2023-09-17T12:46:46.177+0000] {logging_mixin.py:151} INFO - [2023-09-17T12:46:46.176+0000] {dagbag.py:539} INFO - Filling up the DagBag from /home/airflow/.local/lib/python3.8/site-packages/airflow/example_dags/example_external_task_marker_dag.py
[2023-09-17T12:46:46.188+0000] {processor.py:839} INFO - DAG(s) dict_keys(['example_external_task_marker_parent', 'example_external_task_marker_child']) retrieved from /home/airflow/.local/lib/python3.8/site-packages/airflow/example_dags/example_external_task_marker_dag.py
[2023-09-17T12:46:46.258+0000] {logging_mixin.py:151} INFO - [2023-09-17T12:46:46.257+0000] {dag.py:2915} INFO - Sync 2 DAGs
[2023-09-17T12:46:46.302+0000] {logging_mixin.py:151} INFO - [2023-09-17T12:46:46.302+0000] {dag.py:3696} INFO - Setting next_dagrun for example_external_task_marker_child to None, run_after=None
[2023-09-17T12:46:46.319+0000] {logging_mixin.py:151} INFO - [2023-09-17T12:46:46.318+0000] {dag.py:3696} INFO - Setting next_dagrun for example_external_task_marker_parent to None, run_after=None
[2023-09-17T12:46:46.424+0000] {processor.py:179} INFO - Processing /home/airflow/.local/lib/python3.8/site-packages/airflow/example_dags/example_external_task_marker_dag.py took 0.372 seconds
[2023-09-17T12:47:17.369+0000] {processor.py:157} INFO - Started process (PID=778) to work on /home/airflow/.local/lib/python3.8/site-packages/airflow/example_dags/example_external_task_marker_dag.py
[2023-09-17T12:47:17.369+0000] {processor.py:829} INFO - Processing file /home/airflow/.local/lib/python3.8/site-packages/airflow/example_dags/example_external_task_marker_dag.py for tasks to queue
[2023-09-17T12:47:17.372+0000] {logging_mixin.py:151} INFO - [2023-09-17T12:47:17.372+0000] {dagbag.py:539} INFO - Filling up the DagBag from /home/airflow/.local/lib/python3.8/site-packages/airflow/example_dags/example_external_task_marker_dag.py
[2023-09-17T12:47:17.380+0000] {processor.py:839} INFO - DAG(s) dict_keys(['example_external_task_marker_child', 'example_external_task_marker_parent']) retrieved from /home/airflow/.local/lib/python3.8/site-packages/airflow/example_dags/example_external_task_marker_dag.py
[2023-09-17T12:47:17.416+0000] {logging_mixin.py:151} INFO - [2023-09-17T12:47:17.416+0000] {dag.py:2915} INFO - Sync 2 DAGs
[2023-09-17T12:47:17.435+0000] {logging_mixin.py:151} INFO - [2023-09-17T12:47:17.434+0000] {dag.py:3696} INFO - Setting next_dagrun for example_external_task_marker_child to None, run_after=None
[2023-09-17T12:47:17.441+0000] {logging_mixin.py:151} INFO - [2023-09-17T12:47:17.440+0000] {dag.py:3696} INFO - Setting next_dagrun for example_external_task_marker_parent to None, run_after=None
[2023-09-17T12:47:17.623+0000] {processor.py:179} INFO - Processing /home/airflow/.local/lib/python3.8/site-packages/airflow/example_dags/example_external_task_marker_dag.py took 0.258 seconds
[2023-09-17T12:47:47.665+0000] {processor.py:157} INFO - Started process (PID=833) to work on /home/airflow/.local/lib/python3.8/site-packages/airflow/example_dags/example_external_task_marker_dag.py
[2023-09-17T12:47:47.666+0000] {processor.py:829} INFO - Processing file /home/airflow/.local/lib/python3.8/site-packages/airflow/example_dags/example_external_task_marker_dag.py for tasks to queue
[2023-09-17T12:47:47.668+0000] {logging_mixin.py:151} INFO - [2023-09-17T12:47:47.668+0000] {dagbag.py:539} INFO - Filling up the DagBag from /home/airflow/.local/lib/python3.8/site-packages/airflow/example_dags/example_external_task_marker_dag.py
[2023-09-17T12:47:47.675+0000] {processor.py:839} INFO - DAG(s) dict_keys(['example_external_task_marker_child', 'example_external_task_marker_parent']) retrieved from /home/airflow/.local/lib/python3.8/site-packages/airflow/example_dags/example_external_task_marker_dag.py
[2023-09-17T12:47:47.706+0000] {logging_mixin.py:151} INFO - [2023-09-17T12:47:47.706+0000] {dag.py:2915} INFO - Sync 2 DAGs
[2023-09-17T12:47:47.724+0000] {logging_mixin.py:151} INFO - [2023-09-17T12:47:47.724+0000] {dag.py:3696} INFO - Setting next_dagrun for example_external_task_marker_child to None, run_after=None
[2023-09-17T12:47:47.729+0000] {logging_mixin.py:151} INFO - [2023-09-17T12:47:47.728+0000] {dag.py:3696} INFO - Setting next_dagrun for example_external_task_marker_parent to None, run_after=None
[2023-09-17T12:47:47.779+0000] {processor.py:179} INFO - Processing /home/airflow/.local/lib/python3.8/site-packages/airflow/example_dags/example_external_task_marker_dag.py took 0.118 seconds
[2023-09-17T12:48:18.227+0000] {processor.py:157} INFO - Started process (PID=888) to work on /home/airflow/.local/lib/python3.8/site-packages/airflow/example_dags/example_external_task_marker_dag.py
[2023-09-17T12:48:18.228+0000] {processor.py:829} INFO - Processing file /home/airflow/.local/lib/python3.8/site-packages/airflow/example_dags/example_external_task_marker_dag.py for tasks to queue
[2023-09-17T12:48:18.232+0000] {logging_mixin.py:151} INFO - [2023-09-17T12:48:18.231+0000] {dagbag.py:539} INFO - Filling up the DagBag from /home/airflow/.local/lib/python3.8/site-packages/airflow/example_dags/example_external_task_marker_dag.py
[2023-09-17T12:48:18.243+0000] {processor.py:839} INFO - DAG(s) dict_keys(['example_external_task_marker_parent', 'example_external_task_marker_child']) retrieved from /home/airflow/.local/lib/python3.8/site-packages/airflow/example_dags/example_external_task_marker_dag.py
[2023-09-17T12:48:18.296+0000] {logging_mixin.py:151} INFO - [2023-09-17T12:48:18.296+0000] {dag.py:2915} INFO - Sync 2 DAGs
[2023-09-17T12:48:18.327+0000] {logging_mixin.py:151} INFO - [2023-09-17T12:48:18.327+0000] {dag.py:3696} INFO - Setting next_dagrun for example_external_task_marker_child to None, run_after=None
[2023-09-17T12:48:18.335+0000] {logging_mixin.py:151} INFO - [2023-09-17T12:48:18.334+0000] {dag.py:3696} INFO - Setting next_dagrun for example_external_task_marker_parent to None, run_after=None
[2023-09-17T12:48:18.441+0000] {processor.py:179} INFO - Processing /home/airflow/.local/lib/python3.8/site-packages/airflow/example_dags/example_external_task_marker_dag.py took 0.220 seconds
[2023-09-17T12:48:48.640+0000] {processor.py:157} INFO - Started process (PID=943) to work on /home/airflow/.local/lib/python3.8/site-packages/airflow/example_dags/example_external_task_marker_dag.py
[2023-09-17T12:48:48.641+0000] {processor.py:829} INFO - Processing file /home/airflow/.local/lib/python3.8/site-packages/airflow/example_dags/example_external_task_marker_dag.py for tasks to queue
[2023-09-17T12:48:48.645+0000] {logging_mixin.py:151} INFO - [2023-09-17T12:48:48.645+0000] {dagbag.py:539} INFO - Filling up the DagBag from /home/airflow/.local/lib/python3.8/site-packages/airflow/example_dags/example_external_task_marker_dag.py
[2023-09-17T12:48:48.657+0000] {processor.py:839} INFO - DAG(s) dict_keys(['example_external_task_marker_parent', 'example_external_task_marker_child']) retrieved from /home/airflow/.local/lib/python3.8/site-packages/airflow/example_dags/example_external_task_marker_dag.py
[2023-09-17T12:48:48.717+0000] {logging_mixin.py:151} INFO - [2023-09-17T12:48:48.717+0000] {dag.py:2915} INFO - Sync 2 DAGs
[2023-09-17T12:48:48.746+0000] {logging_mixin.py:151} INFO - [2023-09-17T12:48:48.745+0000] {dag.py:3696} INFO - Setting next_dagrun for example_external_task_marker_child to None, run_after=None
[2023-09-17T12:48:48.752+0000] {logging_mixin.py:151} INFO - [2023-09-17T12:48:48.752+0000] {dag.py:3696} INFO - Setting next_dagrun for example_external_task_marker_parent to None, run_after=None
[2023-09-17T12:48:48.815+0000] {processor.py:179} INFO - Processing /home/airflow/.local/lib/python3.8/site-packages/airflow/example_dags/example_external_task_marker_dag.py took 0.183 seconds
[2023-09-17T12:49:19.338+0000] {processor.py:157} INFO - Started process (PID=997) to work on /home/airflow/.local/lib/python3.8/site-packages/airflow/example_dags/example_external_task_marker_dag.py
[2023-09-17T12:49:19.339+0000] {processor.py:829} INFO - Processing file /home/airflow/.local/lib/python3.8/site-packages/airflow/example_dags/example_external_task_marker_dag.py for tasks to queue
[2023-09-17T12:49:19.341+0000] {logging_mixin.py:151} INFO - [2023-09-17T12:49:19.341+0000] {dagbag.py:539} INFO - Filling up the DagBag from /home/airflow/.local/lib/python3.8/site-packages/airflow/example_dags/example_external_task_marker_dag.py
[2023-09-17T12:49:19.349+0000] {processor.py:839} INFO - DAG(s) dict_keys(['example_external_task_marker_child', 'example_external_task_marker_parent']) retrieved from /home/airflow/.local/lib/python3.8/site-packages/airflow/example_dags/example_external_task_marker_dag.py
[2023-09-17T12:49:19.384+0000] {logging_mixin.py:151} INFO - [2023-09-17T12:49:19.384+0000] {dag.py:2915} INFO - Sync 2 DAGs
[2023-09-17T12:49:19.403+0000] {logging_mixin.py:151} INFO - [2023-09-17T12:49:19.403+0000] {dag.py:3696} INFO - Setting next_dagrun for example_external_task_marker_child to None, run_after=None
[2023-09-17T12:49:19.408+0000] {logging_mixin.py:151} INFO - [2023-09-17T12:49:19.408+0000] {dag.py:3696} INFO - Setting next_dagrun for example_external_task_marker_parent to None, run_after=None
[2023-09-17T12:49:19.442+0000] {processor.py:179} INFO - Processing /home/airflow/.local/lib/python3.8/site-packages/airflow/example_dags/example_external_task_marker_dag.py took 0.108 seconds
[2023-09-17T12:49:49.717+0000] {processor.py:157} INFO - Started process (PID=1051) to work on /home/airflow/.local/lib/python3.8/site-packages/airflow/example_dags/example_external_task_marker_dag.py
[2023-09-17T12:49:49.718+0000] {processor.py:829} INFO - Processing file /home/airflow/.local/lib/python3.8/site-packages/airflow/example_dags/example_external_task_marker_dag.py for tasks to queue
[2023-09-17T12:49:49.721+0000] {logging_mixin.py:151} INFO - [2023-09-17T12:49:49.720+0000] {dagbag.py:539} INFO - Filling up the DagBag from /home/airflow/.local/lib/python3.8/site-packages/airflow/example_dags/example_external_task_marker_dag.py
[2023-09-17T12:49:49.731+0000] {processor.py:839} INFO - DAG(s) dict_keys(['example_external_task_marker_parent', 'example_external_task_marker_child']) retrieved from /home/airflow/.local/lib/python3.8/site-packages/airflow/example_dags/example_external_task_marker_dag.py
[2023-09-17T12:49:49.792+0000] {logging_mixin.py:151} INFO - [2023-09-17T12:49:49.791+0000] {dag.py:2915} INFO - Sync 2 DAGs
[2023-09-17T12:49:49.825+0000] {logging_mixin.py:151} INFO - [2023-09-17T12:49:49.824+0000] {dag.py:3696} INFO - Setting next_dagrun for example_external_task_marker_child to None, run_after=None
[2023-09-17T12:49:49.833+0000] {logging_mixin.py:151} INFO - [2023-09-17T12:49:49.832+0000] {dag.py:3696} INFO - Setting next_dagrun for example_external_task_marker_parent to None, run_after=None
[2023-09-17T12:49:49.862+0000] {processor.py:179} INFO - Processing /home/airflow/.local/lib/python3.8/site-packages/airflow/example_dags/example_external_task_marker_dag.py took 0.154 seconds
[2023-09-17T12:50:20.560+0000] {processor.py:157} INFO - Started process (PID=1106) to work on /home/airflow/.local/lib/python3.8/site-packages/airflow/example_dags/example_external_task_marker_dag.py
[2023-09-17T12:50:20.564+0000] {processor.py:829} INFO - Processing file /home/airflow/.local/lib/python3.8/site-packages/airflow/example_dags/example_external_task_marker_dag.py for tasks to queue
[2023-09-17T12:50:20.569+0000] {logging_mixin.py:151} INFO - [2023-09-17T12:50:20.569+0000] {dagbag.py:539} INFO - Filling up the DagBag from /home/airflow/.local/lib/python3.8/site-packages/airflow/example_dags/example_external_task_marker_dag.py
[2023-09-17T12:50:20.578+0000] {processor.py:839} INFO - DAG(s) dict_keys(['example_external_task_marker_parent', 'example_external_task_marker_child']) retrieved from /home/airflow/.local/lib/python3.8/site-packages/airflow/example_dags/example_external_task_marker_dag.py
[2023-09-17T12:50:20.630+0000] {logging_mixin.py:151} INFO - [2023-09-17T12:50:20.630+0000] {dag.py:2915} INFO - Sync 2 DAGs
[2023-09-17T12:50:20.654+0000] {logging_mixin.py:151} INFO - [2023-09-17T12:50:20.654+0000] {dag.py:3696} INFO - Setting next_dagrun for example_external_task_marker_child to None, run_after=None
[2023-09-17T12:50:20.659+0000] {logging_mixin.py:151} INFO - [2023-09-17T12:50:20.659+0000] {dag.py:3696} INFO - Setting next_dagrun for example_external_task_marker_parent to None, run_after=None
[2023-09-17T12:50:20.698+0000] {processor.py:179} INFO - Processing /home/airflow/.local/lib/python3.8/site-packages/airflow/example_dags/example_external_task_marker_dag.py took 0.145 seconds
[2023-09-17T12:50:51.510+0000] {processor.py:157} INFO - Started process (PID=1161) to work on /home/airflow/.local/lib/python3.8/site-packages/airflow/example_dags/example_external_task_marker_dag.py
[2023-09-17T12:50:51.511+0000] {processor.py:829} INFO - Processing file /home/airflow/.local/lib/python3.8/site-packages/airflow/example_dags/example_external_task_marker_dag.py for tasks to queue
[2023-09-17T12:50:51.515+0000] {logging_mixin.py:151} INFO - [2023-09-17T12:50:51.514+0000] {dagbag.py:539} INFO - Filling up the DagBag from /home/airflow/.local/lib/python3.8/site-packages/airflow/example_dags/example_external_task_marker_dag.py
[2023-09-17T12:50:51.527+0000] {processor.py:839} INFO - DAG(s) dict_keys(['example_external_task_marker_child', 'example_external_task_marker_parent']) retrieved from /home/airflow/.local/lib/python3.8/site-packages/airflow/example_dags/example_external_task_marker_dag.py
[2023-09-17T12:50:51.571+0000] {logging_mixin.py:151} INFO - [2023-09-17T12:50:51.570+0000] {dag.py:2915} INFO - Sync 2 DAGs
[2023-09-17T12:50:51.593+0000] {logging_mixin.py:151} INFO - [2023-09-17T12:50:51.593+0000] {dag.py:3696} INFO - Setting next_dagrun for example_external_task_marker_child to None, run_after=None
[2023-09-17T12:50:51.601+0000] {logging_mixin.py:151} INFO - [2023-09-17T12:50:51.601+0000] {dag.py:3696} INFO - Setting next_dagrun for example_external_task_marker_parent to None, run_after=None
[2023-09-17T12:50:51.670+0000] {processor.py:179} INFO - Processing /home/airflow/.local/lib/python3.8/site-packages/airflow/example_dags/example_external_task_marker_dag.py took 0.165 seconds
[2023-09-17T12:51:22.352+0000] {processor.py:157} INFO - Started process (PID=1215) to work on /home/airflow/.local/lib/python3.8/site-packages/airflow/example_dags/example_external_task_marker_dag.py
[2023-09-17T12:51:22.353+0000] {processor.py:829} INFO - Processing file /home/airflow/.local/lib/python3.8/site-packages/airflow/example_dags/example_external_task_marker_dag.py for tasks to queue
[2023-09-17T12:51:22.355+0000] {logging_mixin.py:151} INFO - [2023-09-17T12:51:22.355+0000] {dagbag.py:539} INFO - Filling up the DagBag from /home/airflow/.local/lib/python3.8/site-packages/airflow/example_dags/example_external_task_marker_dag.py
[2023-09-17T12:51:22.369+0000] {processor.py:839} INFO - DAG(s) dict_keys(['example_external_task_marker_parent', 'example_external_task_marker_child']) retrieved from /home/airflow/.local/lib/python3.8/site-packages/airflow/example_dags/example_external_task_marker_dag.py
[2023-09-17T12:51:22.413+0000] {logging_mixin.py:151} INFO - [2023-09-17T12:51:22.413+0000] {dag.py:2915} INFO - Sync 2 DAGs
[2023-09-17T12:51:22.436+0000] {logging_mixin.py:151} INFO - [2023-09-17T12:51:22.436+0000] {dag.py:3696} INFO - Setting next_dagrun for example_external_task_marker_child to None, run_after=None
[2023-09-17T12:51:22.443+0000] {logging_mixin.py:151} INFO - [2023-09-17T12:51:22.442+0000] {dag.py:3696} INFO - Setting next_dagrun for example_external_task_marker_parent to None, run_after=None
[2023-09-17T12:51:22.490+0000] {processor.py:179} INFO - Processing /home/airflow/.local/lib/python3.8/site-packages/airflow/example_dags/example_external_task_marker_dag.py took 0.143 seconds
[2023-09-17T12:51:52.943+0000] {processor.py:157} INFO - Started process (PID=1269) to work on /home/airflow/.local/lib/python3.8/site-packages/airflow/example_dags/example_external_task_marker_dag.py
[2023-09-17T12:51:52.962+0000] {processor.py:829} INFO - Processing file /home/airflow/.local/lib/python3.8/site-packages/airflow/example_dags/example_external_task_marker_dag.py for tasks to queue
[2023-09-17T12:51:52.966+0000] {logging_mixin.py:151} INFO - [2023-09-17T12:51:52.965+0000] {dagbag.py:539} INFO - Filling up the DagBag from /home/airflow/.local/lib/python3.8/site-packages/airflow/example_dags/example_external_task_marker_dag.py
[2023-09-17T12:51:52.992+0000] {processor.py:839} INFO - DAG(s) dict_keys(['example_external_task_marker_parent', 'example_external_task_marker_child']) retrieved from /home/airflow/.local/lib/python3.8/site-packages/airflow/example_dags/example_external_task_marker_dag.py
[2023-09-17T12:51:53.088+0000] {logging_mixin.py:151} INFO - [2023-09-17T12:51:53.087+0000] {dag.py:2915} INFO - Sync 2 DAGs
[2023-09-17T12:51:53.150+0000] {logging_mixin.py:151} INFO - [2023-09-17T12:51:53.149+0000] {dag.py:3696} INFO - Setting next_dagrun for example_external_task_marker_child to None, run_after=None
[2023-09-17T12:51:53.165+0000] {logging_mixin.py:151} INFO - [2023-09-17T12:51:53.163+0000] {dag.py:3696} INFO - Setting next_dagrun for example_external_task_marker_parent to None, run_after=None
[2023-09-17T12:51:53.247+0000] {processor.py:179} INFO - Processing /home/airflow/.local/lib/python3.8/site-packages/airflow/example_dags/example_external_task_marker_dag.py took 0.325 seconds
[2023-09-17T12:52:23.332+0000] {processor.py:157} INFO - Started process (PID=1325) to work on /home/airflow/.local/lib/python3.8/site-packages/airflow/example_dags/example_external_task_marker_dag.py
[2023-09-17T12:52:23.334+0000] {processor.py:829} INFO - Processing file /home/airflow/.local/lib/python3.8/site-packages/airflow/example_dags/example_external_task_marker_dag.py for tasks to queue
[2023-09-17T12:52:23.338+0000] {logging_mixin.py:151} INFO - [2023-09-17T12:52:23.338+0000] {dagbag.py:539} INFO - Filling up the DagBag from /home/airflow/.local/lib/python3.8/site-packages/airflow/example_dags/example_external_task_marker_dag.py
[2023-09-17T12:52:23.347+0000] {processor.py:839} INFO - DAG(s) dict_keys(['example_external_task_marker_child', 'example_external_task_marker_parent']) retrieved from /home/airflow/.local/lib/python3.8/site-packages/airflow/example_dags/example_external_task_marker_dag.py
[2023-09-17T12:52:23.412+0000] {logging_mixin.py:151} INFO - [2023-09-17T12:52:23.412+0000] {dag.py:2915} INFO - Sync 2 DAGs
[2023-09-17T12:52:23.443+0000] {logging_mixin.py:151} INFO - [2023-09-17T12:52:23.443+0000] {dag.py:3696} INFO - Setting next_dagrun for example_external_task_marker_child to None, run_after=None
[2023-09-17T12:52:23.452+0000] {logging_mixin.py:151} INFO - [2023-09-17T12:52:23.452+0000] {dag.py:3696} INFO - Setting next_dagrun for example_external_task_marker_parent to None, run_after=None
[2023-09-17T12:52:23.508+0000] {processor.py:179} INFO - Processing /home/airflow/.local/lib/python3.8/site-packages/airflow/example_dags/example_external_task_marker_dag.py took 0.184 seconds
[2023-09-17T12:52:53.567+0000] {processor.py:157} INFO - Started process (PID=1380) to work on /home/airflow/.local/lib/python3.8/site-packages/airflow/example_dags/example_external_task_marker_dag.py
[2023-09-17T12:52:53.585+0000] {processor.py:829} INFO - Processing file /home/airflow/.local/lib/python3.8/site-packages/airflow/example_dags/example_external_task_marker_dag.py for tasks to queue
[2023-09-17T12:52:53.589+0000] {logging_mixin.py:151} INFO - [2023-09-17T12:52:53.588+0000] {dagbag.py:539} INFO - Filling up the DagBag from /home/airflow/.local/lib/python3.8/site-packages/airflow/example_dags/example_external_task_marker_dag.py
[2023-09-17T12:52:53.602+0000] {processor.py:839} INFO - DAG(s) dict_keys(['example_external_task_marker_parent', 'example_external_task_marker_child']) retrieved from /home/airflow/.local/lib/python3.8/site-packages/airflow/example_dags/example_external_task_marker_dag.py
[2023-09-17T12:52:53.654+0000] {logging_mixin.py:151} INFO - [2023-09-17T12:52:53.654+0000] {dag.py:2915} INFO - Sync 2 DAGs
[2023-09-17T12:52:53.685+0000] {logging_mixin.py:151} INFO - [2023-09-17T12:52:53.685+0000] {dag.py:3696} INFO - Setting next_dagrun for example_external_task_marker_child to None, run_after=None
[2023-09-17T12:52:53.692+0000] {logging_mixin.py:151} INFO - [2023-09-17T12:52:53.691+0000] {dag.py:3696} INFO - Setting next_dagrun for example_external_task_marker_parent to None, run_after=None
[2023-09-17T12:52:53.742+0000] {processor.py:179} INFO - Processing /home/airflow/.local/lib/python3.8/site-packages/airflow/example_dags/example_external_task_marker_dag.py took 0.181 seconds
