[2023-09-17T12:40:29.375+0000] {processor.py:157} INFO - Started process (PID=33) to work on /home/airflow/.local/lib/python3.8/site-packages/airflow/example_dags/example_sla_dag.py
[2023-09-17T12:40:29.376+0000] {processor.py:829} INFO - Processing file /home/airflow/.local/lib/python3.8/site-packages/airflow/example_dags/example_sla_dag.py for tasks to queue
[2023-09-17T12:40:29.380+0000] {logging_mixin.py:151} INFO - [2023-09-17T12:40:29.379+0000] {dagbag.py:539} INFO - Filling up the DagBag from /home/airflow/.local/lib/python3.8/site-packages/airflow/example_dags/example_sla_dag.py
[2023-09-17T12:40:29.464+0000] {processor.py:839} INFO - DAG(s) dict_keys(['example_sla_dag']) retrieved from /home/airflow/.local/lib/python3.8/site-packages/airflow/example_dags/example_sla_dag.py
[2023-09-17T12:40:29.988+0000] {logging_mixin.py:151} INFO - [2023-09-17T12:40:29.987+0000] {manager.py:499} INFO - Created Permission View: %s
[2023-09-17T12:40:30.043+0000] {logging_mixin.py:151} INFO - [2023-09-17T12:40:30.042+0000] {manager.py:499} INFO - Created Permission View: %s
[2023-09-17T12:40:30.076+0000] {logging_mixin.py:151} INFO - [2023-09-17T12:40:30.076+0000] {manager.py:499} INFO - Created Permission View: %s
[2023-09-17T12:40:30.077+0000] {logging_mixin.py:151} INFO - [2023-09-17T12:40:30.077+0000] {security.py:708} INFO - Not syncing DAG-level permissions for DAG 'DAG:example_sla_dag' as access control is unset.
[2023-09-17T12:40:30.077+0000] {logging_mixin.py:151} INFO - [2023-09-17T12:40:30.077+0000] {dag.py:2915} INFO - Sync 1 DAGs
[2023-09-17T12:40:30.094+0000] {logging_mixin.py:151} INFO - [2023-09-17T12:40:30.093+0000] {dag.py:2937} INFO - Creating ORM DAG for example_sla_dag
[2023-09-17T12:40:30.120+0000] {logging_mixin.py:151} INFO - [2023-09-17T12:40:30.119+0000] {dag.py:3696} INFO - Setting next_dagrun for example_sla_dag to 2023-09-17T12:38:00+00:00, run_after=2023-09-17T12:40:00+00:00
[2023-09-17T12:40:30.179+0000] {processor.py:179} INFO - Processing /home/airflow/.local/lib/python3.8/site-packages/airflow/example_dags/example_sla_dag.py took 0.810 seconds
[2023-09-17T12:41:00.621+0000] {processor.py:157} INFO - Started process (PID=89) to work on /home/airflow/.local/lib/python3.8/site-packages/airflow/example_dags/example_sla_dag.py
[2023-09-17T12:41:00.643+0000] {processor.py:829} INFO - Processing file /home/airflow/.local/lib/python3.8/site-packages/airflow/example_dags/example_sla_dag.py for tasks to queue
[2023-09-17T12:41:00.646+0000] {logging_mixin.py:151} INFO - [2023-09-17T12:41:00.645+0000] {dagbag.py:539} INFO - Filling up the DagBag from /home/airflow/.local/lib/python3.8/site-packages/airflow/example_dags/example_sla_dag.py
[2023-09-17T12:41:00.659+0000] {processor.py:839} INFO - DAG(s) dict_keys(['example_sla_dag']) retrieved from /home/airflow/.local/lib/python3.8/site-packages/airflow/example_dags/example_sla_dag.py
[2023-09-17T12:41:00.683+0000] {logging_mixin.py:151} INFO - [2023-09-17T12:41:00.683+0000] {dag.py:2915} INFO - Sync 1 DAGs
[2023-09-17T12:41:00.720+0000] {logging_mixin.py:151} INFO - [2023-09-17T12:41:00.719+0000] {dag.py:3696} INFO - Setting next_dagrun for example_sla_dag to 2023-09-17T12:38:00+00:00, run_after=2023-09-17T12:40:00+00:00
[2023-09-17T12:41:00.755+0000] {processor.py:179} INFO - Processing /home/airflow/.local/lib/python3.8/site-packages/airflow/example_dags/example_sla_dag.py took 0.138 seconds
[2023-09-17T12:41:30.881+0000] {processor.py:157} INFO - Started process (PID=144) to work on /home/airflow/.local/lib/python3.8/site-packages/airflow/example_dags/example_sla_dag.py
[2023-09-17T12:41:30.882+0000] {processor.py:829} INFO - Processing file /home/airflow/.local/lib/python3.8/site-packages/airflow/example_dags/example_sla_dag.py for tasks to queue
[2023-09-17T12:41:30.884+0000] {logging_mixin.py:151} INFO - [2023-09-17T12:41:30.884+0000] {dagbag.py:539} INFO - Filling up the DagBag from /home/airflow/.local/lib/python3.8/site-packages/airflow/example_dags/example_sla_dag.py
[2023-09-17T12:41:30.902+0000] {processor.py:839} INFO - DAG(s) dict_keys(['example_sla_dag']) retrieved from /home/airflow/.local/lib/python3.8/site-packages/airflow/example_dags/example_sla_dag.py
[2023-09-17T12:41:30.926+0000] {logging_mixin.py:151} INFO - [2023-09-17T12:41:30.926+0000] {dag.py:2915} INFO - Sync 1 DAGs
[2023-09-17T12:41:30.960+0000] {logging_mixin.py:151} INFO - [2023-09-17T12:41:30.960+0000] {dag.py:3696} INFO - Setting next_dagrun for example_sla_dag to 2023-09-17T12:38:00+00:00, run_after=2023-09-17T12:40:00+00:00
[2023-09-17T12:41:30.990+0000] {processor.py:179} INFO - Processing /home/airflow/.local/lib/python3.8/site-packages/airflow/example_dags/example_sla_dag.py took 0.113 seconds
[2023-09-17T12:42:01.775+0000] {processor.py:157} INFO - Started process (PID=205) to work on /home/airflow/.local/lib/python3.8/site-packages/airflow/example_dags/example_sla_dag.py
[2023-09-17T12:42:01.876+0000] {processor.py:829} INFO - Processing file /home/airflow/.local/lib/python3.8/site-packages/airflow/example_dags/example_sla_dag.py for tasks to queue
[2023-09-17T12:42:01.882+0000] {logging_mixin.py:151} INFO - [2023-09-17T12:42:01.882+0000] {dagbag.py:539} INFO - Filling up the DagBag from /home/airflow/.local/lib/python3.8/site-packages/airflow/example_dags/example_sla_dag.py
[2023-09-17T12:42:01.908+0000] {processor.py:839} INFO - DAG(s) dict_keys(['example_sla_dag']) retrieved from /home/airflow/.local/lib/python3.8/site-packages/airflow/example_dags/example_sla_dag.py
[2023-09-17T12:42:01.953+0000] {logging_mixin.py:151} INFO - [2023-09-17T12:42:01.952+0000] {dag.py:2915} INFO - Sync 1 DAGs
[2023-09-17T12:42:02.052+0000] {logging_mixin.py:151} INFO - [2023-09-17T12:42:02.052+0000] {dag.py:3696} INFO - Setting next_dagrun for example_sla_dag to 2023-09-17T12:40:00+00:00, run_after=2023-09-17T12:42:00+00:00
[2023-09-17T12:42:02.240+0000] {processor.py:179} INFO - Processing /home/airflow/.local/lib/python3.8/site-packages/airflow/example_dags/example_sla_dag.py took 0.474 seconds
[2023-09-17T12:42:33.121+0000] {processor.py:157} INFO - Started process (PID=259) to work on /home/airflow/.local/lib/python3.8/site-packages/airflow/example_dags/example_sla_dag.py
[2023-09-17T12:42:33.122+0000] {processor.py:829} INFO - Processing file /home/airflow/.local/lib/python3.8/site-packages/airflow/example_dags/example_sla_dag.py for tasks to queue
[2023-09-17T12:42:33.126+0000] {logging_mixin.py:151} INFO - [2023-09-17T12:42:33.125+0000] {dagbag.py:539} INFO - Filling up the DagBag from /home/airflow/.local/lib/python3.8/site-packages/airflow/example_dags/example_sla_dag.py
[2023-09-17T12:42:33.139+0000] {processor.py:839} INFO - DAG(s) dict_keys(['example_sla_dag']) retrieved from /home/airflow/.local/lib/python3.8/site-packages/airflow/example_dags/example_sla_dag.py
[2023-09-17T12:42:33.171+0000] {logging_mixin.py:151} INFO - [2023-09-17T12:42:33.171+0000] {dag.py:2915} INFO - Sync 1 DAGs
[2023-09-17T12:42:33.225+0000] {logging_mixin.py:151} INFO - [2023-09-17T12:42:33.224+0000] {dag.py:3696} INFO - Setting next_dagrun for example_sla_dag to 2023-09-17T12:40:00+00:00, run_after=2023-09-17T12:42:00+00:00
[2023-09-17T12:42:33.268+0000] {processor.py:179} INFO - Processing /home/airflow/.local/lib/python3.8/site-packages/airflow/example_dags/example_sla_dag.py took 0.152 seconds
[2023-09-17T12:43:03.312+0000] {processor.py:157} INFO - Started process (PID=314) to work on /home/airflow/.local/lib/python3.8/site-packages/airflow/example_dags/example_sla_dag.py
[2023-09-17T12:43:03.313+0000] {processor.py:829} INFO - Processing file /home/airflow/.local/lib/python3.8/site-packages/airflow/example_dags/example_sla_dag.py for tasks to queue
[2023-09-17T12:43:03.317+0000] {logging_mixin.py:151} INFO - [2023-09-17T12:43:03.316+0000] {dagbag.py:539} INFO - Filling up the DagBag from /home/airflow/.local/lib/python3.8/site-packages/airflow/example_dags/example_sla_dag.py
[2023-09-17T12:43:03.332+0000] {processor.py:839} INFO - DAG(s) dict_keys(['example_sla_dag']) retrieved from /home/airflow/.local/lib/python3.8/site-packages/airflow/example_dags/example_sla_dag.py
[2023-09-17T12:43:03.368+0000] {logging_mixin.py:151} INFO - [2023-09-17T12:43:03.367+0000] {dag.py:2915} INFO - Sync 1 DAGs
[2023-09-17T12:43:03.425+0000] {logging_mixin.py:151} INFO - [2023-09-17T12:43:03.425+0000] {dag.py:3696} INFO - Setting next_dagrun for example_sla_dag to 2023-09-17T12:40:00+00:00, run_after=2023-09-17T12:42:00+00:00
[2023-09-17T12:43:03.473+0000] {processor.py:179} INFO - Processing /home/airflow/.local/lib/python3.8/site-packages/airflow/example_dags/example_sla_dag.py took 0.167 seconds
[2023-09-17T12:43:33.558+0000] {processor.py:157} INFO - Started process (PID=369) to work on /home/airflow/.local/lib/python3.8/site-packages/airflow/example_dags/example_sla_dag.py
[2023-09-17T12:43:33.559+0000] {processor.py:829} INFO - Processing file /home/airflow/.local/lib/python3.8/site-packages/airflow/example_dags/example_sla_dag.py for tasks to queue
[2023-09-17T12:43:33.562+0000] {logging_mixin.py:151} INFO - [2023-09-17T12:43:33.561+0000] {dagbag.py:539} INFO - Filling up the DagBag from /home/airflow/.local/lib/python3.8/site-packages/airflow/example_dags/example_sla_dag.py
[2023-09-17T12:43:33.571+0000] {processor.py:839} INFO - DAG(s) dict_keys(['example_sla_dag']) retrieved from /home/airflow/.local/lib/python3.8/site-packages/airflow/example_dags/example_sla_dag.py
[2023-09-17T12:43:33.593+0000] {logging_mixin.py:151} INFO - [2023-09-17T12:43:33.593+0000] {dag.py:2915} INFO - Sync 1 DAGs
[2023-09-17T12:43:33.626+0000] {logging_mixin.py:151} INFO - [2023-09-17T12:43:33.626+0000] {dag.py:3696} INFO - Setting next_dagrun for example_sla_dag to 2023-09-17T12:40:00+00:00, run_after=2023-09-17T12:42:00+00:00
[2023-09-17T12:43:33.678+0000] {processor.py:179} INFO - Processing /home/airflow/.local/lib/python3.8/site-packages/airflow/example_dags/example_sla_dag.py took 0.124 seconds
[2023-09-17T12:44:03.817+0000] {processor.py:157} INFO - Started process (PID=425) to work on /home/airflow/.local/lib/python3.8/site-packages/airflow/example_dags/example_sla_dag.py
[2023-09-17T12:44:03.818+0000] {processor.py:829} INFO - Processing file /home/airflow/.local/lib/python3.8/site-packages/airflow/example_dags/example_sla_dag.py for tasks to queue
[2023-09-17T12:44:03.821+0000] {logging_mixin.py:151} INFO - [2023-09-17T12:44:03.820+0000] {dagbag.py:539} INFO - Filling up the DagBag from /home/airflow/.local/lib/python3.8/site-packages/airflow/example_dags/example_sla_dag.py
[2023-09-17T12:44:03.830+0000] {processor.py:839} INFO - DAG(s) dict_keys(['example_sla_dag']) retrieved from /home/airflow/.local/lib/python3.8/site-packages/airflow/example_dags/example_sla_dag.py
[2023-09-17T12:44:03.851+0000] {logging_mixin.py:151} INFO - [2023-09-17T12:44:03.851+0000] {dag.py:2915} INFO - Sync 1 DAGs
[2023-09-17T12:44:03.885+0000] {logging_mixin.py:151} INFO - [2023-09-17T12:44:03.884+0000] {dag.py:3696} INFO - Setting next_dagrun for example_sla_dag to 2023-09-17T12:42:00+00:00, run_after=2023-09-17T12:44:00+00:00
[2023-09-17T12:44:03.949+0000] {processor.py:179} INFO - Processing /home/airflow/.local/lib/python3.8/site-packages/airflow/example_dags/example_sla_dag.py took 0.136 seconds
[2023-09-17T12:44:34.084+0000] {processor.py:157} INFO - Started process (PID=480) to work on /home/airflow/.local/lib/python3.8/site-packages/airflow/example_dags/example_sla_dag.py
[2023-09-17T12:44:34.085+0000] {processor.py:829} INFO - Processing file /home/airflow/.local/lib/python3.8/site-packages/airflow/example_dags/example_sla_dag.py for tasks to queue
[2023-09-17T12:44:34.087+0000] {logging_mixin.py:151} INFO - [2023-09-17T12:44:34.087+0000] {dagbag.py:539} INFO - Filling up the DagBag from /home/airflow/.local/lib/python3.8/site-packages/airflow/example_dags/example_sla_dag.py
[2023-09-17T12:44:34.097+0000] {processor.py:839} INFO - DAG(s) dict_keys(['example_sla_dag']) retrieved from /home/airflow/.local/lib/python3.8/site-packages/airflow/example_dags/example_sla_dag.py
[2023-09-17T12:44:34.121+0000] {logging_mixin.py:151} INFO - [2023-09-17T12:44:34.121+0000] {dag.py:2915} INFO - Sync 1 DAGs
[2023-09-17T12:44:34.157+0000] {logging_mixin.py:151} INFO - [2023-09-17T12:44:34.157+0000] {dag.py:3696} INFO - Setting next_dagrun for example_sla_dag to 2023-09-17T12:42:00+00:00, run_after=2023-09-17T12:44:00+00:00
[2023-09-17T12:44:34.203+0000] {processor.py:179} INFO - Processing /home/airflow/.local/lib/python3.8/site-packages/airflow/example_dags/example_sla_dag.py took 0.123 seconds
[2023-09-17T12:45:04.602+0000] {processor.py:157} INFO - Started process (PID=535) to work on /home/airflow/.local/lib/python3.8/site-packages/airflow/example_dags/example_sla_dag.py
[2023-09-17T12:45:04.603+0000] {processor.py:829} INFO - Processing file /home/airflow/.local/lib/python3.8/site-packages/airflow/example_dags/example_sla_dag.py for tasks to queue
[2023-09-17T12:45:04.606+0000] {logging_mixin.py:151} INFO - [2023-09-17T12:45:04.605+0000] {dagbag.py:539} INFO - Filling up the DagBag from /home/airflow/.local/lib/python3.8/site-packages/airflow/example_dags/example_sla_dag.py
[2023-09-17T12:45:04.615+0000] {processor.py:839} INFO - DAG(s) dict_keys(['example_sla_dag']) retrieved from /home/airflow/.local/lib/python3.8/site-packages/airflow/example_dags/example_sla_dag.py
[2023-09-17T12:45:04.639+0000] {logging_mixin.py:151} INFO - [2023-09-17T12:45:04.639+0000] {dag.py:2915} INFO - Sync 1 DAGs
[2023-09-17T12:45:04.677+0000] {logging_mixin.py:151} INFO - [2023-09-17T12:45:04.677+0000] {dag.py:3696} INFO - Setting next_dagrun for example_sla_dag to 2023-09-17T12:42:00+00:00, run_after=2023-09-17T12:44:00+00:00
[2023-09-17T12:45:04.718+0000] {processor.py:179} INFO - Processing /home/airflow/.local/lib/python3.8/site-packages/airflow/example_dags/example_sla_dag.py took 0.120 seconds
[2023-09-17T12:45:35.074+0000] {processor.py:157} INFO - Started process (PID=590) to work on /home/airflow/.local/lib/python3.8/site-packages/airflow/example_dags/example_sla_dag.py
[2023-09-17T12:45:35.098+0000] {processor.py:829} INFO - Processing file /home/airflow/.local/lib/python3.8/site-packages/airflow/example_dags/example_sla_dag.py for tasks to queue
[2023-09-17T12:45:35.103+0000] {logging_mixin.py:151} INFO - [2023-09-17T12:45:35.103+0000] {dagbag.py:539} INFO - Filling up the DagBag from /home/airflow/.local/lib/python3.8/site-packages/airflow/example_dags/example_sla_dag.py
[2023-09-17T12:45:35.115+0000] {processor.py:839} INFO - DAG(s) dict_keys(['example_sla_dag']) retrieved from /home/airflow/.local/lib/python3.8/site-packages/airflow/example_dags/example_sla_dag.py
[2023-09-17T12:45:35.143+0000] {logging_mixin.py:151} INFO - [2023-09-17T12:45:35.142+0000] {dag.py:2915} INFO - Sync 1 DAGs
[2023-09-17T12:45:35.179+0000] {logging_mixin.py:151} INFO - [2023-09-17T12:45:35.178+0000] {dag.py:3696} INFO - Setting next_dagrun for example_sla_dag to 2023-09-17T12:42:00+00:00, run_after=2023-09-17T12:44:00+00:00
[2023-09-17T12:45:35.225+0000] {processor.py:179} INFO - Processing /home/airflow/.local/lib/python3.8/site-packages/airflow/example_dags/example_sla_dag.py took 0.155 seconds
[2023-09-17T12:46:05.392+0000] {processor.py:157} INFO - Started process (PID=645) to work on /home/airflow/.local/lib/python3.8/site-packages/airflow/example_dags/example_sla_dag.py
[2023-09-17T12:46:05.393+0000] {processor.py:829} INFO - Processing file /home/airflow/.local/lib/python3.8/site-packages/airflow/example_dags/example_sla_dag.py for tasks to queue
[2023-09-17T12:46:05.396+0000] {logging_mixin.py:151} INFO - [2023-09-17T12:46:05.395+0000] {dagbag.py:539} INFO - Filling up the DagBag from /home/airflow/.local/lib/python3.8/site-packages/airflow/example_dags/example_sla_dag.py
[2023-09-17T12:46:05.405+0000] {processor.py:839} INFO - DAG(s) dict_keys(['example_sla_dag']) retrieved from /home/airflow/.local/lib/python3.8/site-packages/airflow/example_dags/example_sla_dag.py
[2023-09-17T12:46:05.440+0000] {logging_mixin.py:151} INFO - [2023-09-17T12:46:05.440+0000] {dag.py:2915} INFO - Sync 1 DAGs
[2023-09-17T12:46:05.479+0000] {logging_mixin.py:151} INFO - [2023-09-17T12:46:05.479+0000] {dag.py:3696} INFO - Setting next_dagrun for example_sla_dag to 2023-09-17T12:44:00+00:00, run_after=2023-09-17T12:46:00+00:00
[2023-09-17T12:46:05.511+0000] {processor.py:179} INFO - Processing /home/airflow/.local/lib/python3.8/site-packages/airflow/example_dags/example_sla_dag.py took 0.123 seconds
[2023-09-17T12:46:35.983+0000] {processor.py:157} INFO - Started process (PID=700) to work on /home/airflow/.local/lib/python3.8/site-packages/airflow/example_dags/example_sla_dag.py
[2023-09-17T12:46:36.003+0000] {processor.py:829} INFO - Processing file /home/airflow/.local/lib/python3.8/site-packages/airflow/example_dags/example_sla_dag.py for tasks to queue
[2023-09-17T12:46:36.008+0000] {logging_mixin.py:151} INFO - [2023-09-17T12:46:36.007+0000] {dagbag.py:539} INFO - Filling up the DagBag from /home/airflow/.local/lib/python3.8/site-packages/airflow/example_dags/example_sla_dag.py
[2023-09-17T12:46:36.019+0000] {processor.py:839} INFO - DAG(s) dict_keys(['example_sla_dag']) retrieved from /home/airflow/.local/lib/python3.8/site-packages/airflow/example_dags/example_sla_dag.py
[2023-09-17T12:46:36.045+0000] {logging_mixin.py:151} INFO - [2023-09-17T12:46:36.044+0000] {dag.py:2915} INFO - Sync 1 DAGs
[2023-09-17T12:46:36.080+0000] {logging_mixin.py:151} INFO - [2023-09-17T12:46:36.080+0000] {dag.py:3696} INFO - Setting next_dagrun for example_sla_dag to 2023-09-17T12:44:00+00:00, run_after=2023-09-17T12:46:00+00:00
[2023-09-17T12:46:36.105+0000] {processor.py:179} INFO - Processing /home/airflow/.local/lib/python3.8/site-packages/airflow/example_dags/example_sla_dag.py took 0.126 seconds
[2023-09-17T12:47:06.956+0000] {processor.py:157} INFO - Started process (PID=757) to work on /home/airflow/.local/lib/python3.8/site-packages/airflow/example_dags/example_sla_dag.py
[2023-09-17T12:47:06.958+0000] {processor.py:829} INFO - Processing file /home/airflow/.local/lib/python3.8/site-packages/airflow/example_dags/example_sla_dag.py for tasks to queue
[2023-09-17T12:47:06.964+0000] {logging_mixin.py:151} INFO - [2023-09-17T12:47:06.964+0000] {dagbag.py:539} INFO - Filling up the DagBag from /home/airflow/.local/lib/python3.8/site-packages/airflow/example_dags/example_sla_dag.py
[2023-09-17T12:47:06.985+0000] {processor.py:839} INFO - DAG(s) dict_keys(['example_sla_dag']) retrieved from /home/airflow/.local/lib/python3.8/site-packages/airflow/example_dags/example_sla_dag.py
[2023-09-17T12:47:07.057+0000] {logging_mixin.py:151} INFO - [2023-09-17T12:47:07.056+0000] {dag.py:2915} INFO - Sync 1 DAGs
[2023-09-17T12:47:07.128+0000] {logging_mixin.py:151} INFO - [2023-09-17T12:47:07.127+0000] {dag.py:3696} INFO - Setting next_dagrun for example_sla_dag to 2023-09-17T12:44:00+00:00, run_after=2023-09-17T12:46:00+00:00
[2023-09-17T12:47:07.188+0000] {processor.py:179} INFO - Processing /home/airflow/.local/lib/python3.8/site-packages/airflow/example_dags/example_sla_dag.py took 0.248 seconds
[2023-09-17T12:47:37.261+0000] {processor.py:157} INFO - Started process (PID=812) to work on /home/airflow/.local/lib/python3.8/site-packages/airflow/example_dags/example_sla_dag.py
[2023-09-17T12:47:37.272+0000] {processor.py:829} INFO - Processing file /home/airflow/.local/lib/python3.8/site-packages/airflow/example_dags/example_sla_dag.py for tasks to queue
[2023-09-17T12:47:37.276+0000] {logging_mixin.py:151} INFO - [2023-09-17T12:47:37.275+0000] {dagbag.py:539} INFO - Filling up the DagBag from /home/airflow/.local/lib/python3.8/site-packages/airflow/example_dags/example_sla_dag.py
[2023-09-17T12:47:37.287+0000] {processor.py:839} INFO - DAG(s) dict_keys(['example_sla_dag']) retrieved from /home/airflow/.local/lib/python3.8/site-packages/airflow/example_dags/example_sla_dag.py
[2023-09-17T12:47:37.317+0000] {logging_mixin.py:151} INFO - [2023-09-17T12:47:37.317+0000] {dag.py:2915} INFO - Sync 1 DAGs
[2023-09-17T12:47:37.367+0000] {logging_mixin.py:151} INFO - [2023-09-17T12:47:37.367+0000] {dag.py:3696} INFO - Setting next_dagrun for example_sla_dag to 2023-09-17T12:44:00+00:00, run_after=2023-09-17T12:46:00+00:00
[2023-09-17T12:47:37.402+0000] {processor.py:179} INFO - Processing /home/airflow/.local/lib/python3.8/site-packages/airflow/example_dags/example_sla_dag.py took 0.146 seconds
[2023-09-17T12:48:07.597+0000] {processor.py:157} INFO - Started process (PID=867) to work on /home/airflow/.local/lib/python3.8/site-packages/airflow/example_dags/example_sla_dag.py
[2023-09-17T12:48:07.600+0000] {processor.py:829} INFO - Processing file /home/airflow/.local/lib/python3.8/site-packages/airflow/example_dags/example_sla_dag.py for tasks to queue
[2023-09-17T12:48:07.613+0000] {logging_mixin.py:151} INFO - [2023-09-17T12:48:07.612+0000] {dagbag.py:539} INFO - Filling up the DagBag from /home/airflow/.local/lib/python3.8/site-packages/airflow/example_dags/example_sla_dag.py
[2023-09-17T12:48:07.633+0000] {processor.py:839} INFO - DAG(s) dict_keys(['example_sla_dag']) retrieved from /home/airflow/.local/lib/python3.8/site-packages/airflow/example_dags/example_sla_dag.py
[2023-09-17T12:48:07.689+0000] {logging_mixin.py:151} INFO - [2023-09-17T12:48:07.687+0000] {dag.py:2915} INFO - Sync 1 DAGs
[2023-09-17T12:48:07.751+0000] {logging_mixin.py:151} INFO - [2023-09-17T12:48:07.751+0000] {dag.py:3696} INFO - Setting next_dagrun for example_sla_dag to 2023-09-17T12:46:00+00:00, run_after=2023-09-17T12:48:00+00:00
[2023-09-17T12:48:07.791+0000] {processor.py:179} INFO - Processing /home/airflow/.local/lib/python3.8/site-packages/airflow/example_dags/example_sla_dag.py took 0.205 seconds
[2023-09-17T12:48:38.007+0000] {processor.py:157} INFO - Started process (PID=921) to work on /home/airflow/.local/lib/python3.8/site-packages/airflow/example_dags/example_sla_dag.py
[2023-09-17T12:48:38.013+0000] {processor.py:829} INFO - Processing file /home/airflow/.local/lib/python3.8/site-packages/airflow/example_dags/example_sla_dag.py for tasks to queue
[2023-09-17T12:48:38.018+0000] {logging_mixin.py:151} INFO - [2023-09-17T12:48:38.017+0000] {dagbag.py:539} INFO - Filling up the DagBag from /home/airflow/.local/lib/python3.8/site-packages/airflow/example_dags/example_sla_dag.py
[2023-09-17T12:48:38.034+0000] {processor.py:839} INFO - DAG(s) dict_keys(['example_sla_dag']) retrieved from /home/airflow/.local/lib/python3.8/site-packages/airflow/example_dags/example_sla_dag.py
[2023-09-17T12:48:38.065+0000] {logging_mixin.py:151} INFO - [2023-09-17T12:48:38.064+0000] {dag.py:2915} INFO - Sync 1 DAGs
[2023-09-17T12:48:38.141+0000] {logging_mixin.py:151} INFO - [2023-09-17T12:48:38.141+0000] {dag.py:3696} INFO - Setting next_dagrun for example_sla_dag to 2023-09-17T12:46:00+00:00, run_after=2023-09-17T12:48:00+00:00
[2023-09-17T12:48:38.204+0000] {processor.py:179} INFO - Processing /home/airflow/.local/lib/python3.8/site-packages/airflow/example_dags/example_sla_dag.py took 0.202 seconds
[2023-09-17T12:49:08.806+0000] {processor.py:157} INFO - Started process (PID=977) to work on /home/airflow/.local/lib/python3.8/site-packages/airflow/example_dags/example_sla_dag.py
[2023-09-17T12:49:08.808+0000] {processor.py:829} INFO - Processing file /home/airflow/.local/lib/python3.8/site-packages/airflow/example_dags/example_sla_dag.py for tasks to queue
[2023-09-17T12:49:08.811+0000] {logging_mixin.py:151} INFO - [2023-09-17T12:49:08.810+0000] {dagbag.py:539} INFO - Filling up the DagBag from /home/airflow/.local/lib/python3.8/site-packages/airflow/example_dags/example_sla_dag.py
[2023-09-17T12:49:08.823+0000] {processor.py:839} INFO - DAG(s) dict_keys(['example_sla_dag']) retrieved from /home/airflow/.local/lib/python3.8/site-packages/airflow/example_dags/example_sla_dag.py
[2023-09-17T12:49:08.854+0000] {logging_mixin.py:151} INFO - [2023-09-17T12:49:08.853+0000] {dag.py:2915} INFO - Sync 1 DAGs
[2023-09-17T12:49:08.899+0000] {logging_mixin.py:151} INFO - [2023-09-17T12:49:08.898+0000] {dag.py:3696} INFO - Setting next_dagrun for example_sla_dag to 2023-09-17T12:46:00+00:00, run_after=2023-09-17T12:48:00+00:00
[2023-09-17T12:49:08.938+0000] {processor.py:179} INFO - Processing /home/airflow/.local/lib/python3.8/site-packages/airflow/example_dags/example_sla_dag.py took 0.137 seconds
[2023-09-17T12:49:39.224+0000] {processor.py:157} INFO - Started process (PID=1032) to work on /home/airflow/.local/lib/python3.8/site-packages/airflow/example_dags/example_sla_dag.py
[2023-09-17T12:49:39.239+0000] {processor.py:829} INFO - Processing file /home/airflow/.local/lib/python3.8/site-packages/airflow/example_dags/example_sla_dag.py for tasks to queue
[2023-09-17T12:49:39.241+0000] {logging_mixin.py:151} INFO - [2023-09-17T12:49:39.241+0000] {dagbag.py:539} INFO - Filling up the DagBag from /home/airflow/.local/lib/python3.8/site-packages/airflow/example_dags/example_sla_dag.py
[2023-09-17T12:49:39.253+0000] {processor.py:839} INFO - DAG(s) dict_keys(['example_sla_dag']) retrieved from /home/airflow/.local/lib/python3.8/site-packages/airflow/example_dags/example_sla_dag.py
[2023-09-17T12:49:39.292+0000] {logging_mixin.py:151} INFO - [2023-09-17T12:49:39.291+0000] {dag.py:2915} INFO - Sync 1 DAGs
[2023-09-17T12:49:39.357+0000] {logging_mixin.py:151} INFO - [2023-09-17T12:49:39.357+0000] {dag.py:3696} INFO - Setting next_dagrun for example_sla_dag to 2023-09-17T12:46:00+00:00, run_after=2023-09-17T12:48:00+00:00
[2023-09-17T12:49:39.422+0000] {processor.py:179} INFO - Processing /home/airflow/.local/lib/python3.8/site-packages/airflow/example_dags/example_sla_dag.py took 0.203 seconds
[2023-09-17T12:50:10.270+0000] {processor.py:157} INFO - Started process (PID=1087) to work on /home/airflow/.local/lib/python3.8/site-packages/airflow/example_dags/example_sla_dag.py
[2023-09-17T12:50:10.272+0000] {processor.py:829} INFO - Processing file /home/airflow/.local/lib/python3.8/site-packages/airflow/example_dags/example_sla_dag.py for tasks to queue
[2023-09-17T12:50:10.275+0000] {logging_mixin.py:151} INFO - [2023-09-17T12:50:10.275+0000] {dagbag.py:539} INFO - Filling up the DagBag from /home/airflow/.local/lib/python3.8/site-packages/airflow/example_dags/example_sla_dag.py
[2023-09-17T12:50:10.287+0000] {processor.py:839} INFO - DAG(s) dict_keys(['example_sla_dag']) retrieved from /home/airflow/.local/lib/python3.8/site-packages/airflow/example_dags/example_sla_dag.py
[2023-09-17T12:50:10.323+0000] {logging_mixin.py:151} INFO - [2023-09-17T12:50:10.323+0000] {dag.py:2915} INFO - Sync 1 DAGs
[2023-09-17T12:50:10.375+0000] {logging_mixin.py:151} INFO - [2023-09-17T12:50:10.375+0000] {dag.py:3696} INFO - Setting next_dagrun for example_sla_dag to 2023-09-17T12:48:00+00:00, run_after=2023-09-17T12:50:00+00:00
[2023-09-17T12:50:10.414+0000] {processor.py:179} INFO - Processing /home/airflow/.local/lib/python3.8/site-packages/airflow/example_dags/example_sla_dag.py took 0.152 seconds
[2023-09-17T12:50:41.544+0000] {processor.py:157} INFO - Started process (PID=1142) to work on /home/airflow/.local/lib/python3.8/site-packages/airflow/example_dags/example_sla_dag.py
[2023-09-17T12:50:41.557+0000] {processor.py:829} INFO - Processing file /home/airflow/.local/lib/python3.8/site-packages/airflow/example_dags/example_sla_dag.py for tasks to queue
[2023-09-17T12:50:41.561+0000] {logging_mixin.py:151} INFO - [2023-09-17T12:50:41.560+0000] {dagbag.py:539} INFO - Filling up the DagBag from /home/airflow/.local/lib/python3.8/site-packages/airflow/example_dags/example_sla_dag.py
[2023-09-17T12:50:41.592+0000] {processor.py:839} INFO - DAG(s) dict_keys(['example_sla_dag']) retrieved from /home/airflow/.local/lib/python3.8/site-packages/airflow/example_dags/example_sla_dag.py
[2023-09-17T12:50:41.687+0000] {logging_mixin.py:151} INFO - [2023-09-17T12:50:41.686+0000] {dag.py:2915} INFO - Sync 1 DAGs
[2023-09-17T12:50:41.790+0000] {logging_mixin.py:151} INFO - [2023-09-17T12:50:41.790+0000] {dag.py:3696} INFO - Setting next_dagrun for example_sla_dag to 2023-09-17T12:48:00+00:00, run_after=2023-09-17T12:50:00+00:00
[2023-09-17T12:50:41.848+0000] {processor.py:179} INFO - Processing /home/airflow/.local/lib/python3.8/site-packages/airflow/example_dags/example_sla_dag.py took 0.321 seconds
[2023-09-17T12:51:11.931+0000] {processor.py:157} INFO - Started process (PID=1196) to work on /home/airflow/.local/lib/python3.8/site-packages/airflow/example_dags/example_sla_dag.py
[2023-09-17T12:51:11.934+0000] {processor.py:829} INFO - Processing file /home/airflow/.local/lib/python3.8/site-packages/airflow/example_dags/example_sla_dag.py for tasks to queue
[2023-09-17T12:51:11.937+0000] {logging_mixin.py:151} INFO - [2023-09-17T12:51:11.937+0000] {dagbag.py:539} INFO - Filling up the DagBag from /home/airflow/.local/lib/python3.8/site-packages/airflow/example_dags/example_sla_dag.py
[2023-09-17T12:51:11.966+0000] {processor.py:839} INFO - DAG(s) dict_keys(['example_sla_dag']) retrieved from /home/airflow/.local/lib/python3.8/site-packages/airflow/example_dags/example_sla_dag.py
[2023-09-17T12:51:12.047+0000] {logging_mixin.py:151} INFO - [2023-09-17T12:51:12.046+0000] {dag.py:2915} INFO - Sync 1 DAGs
[2023-09-17T12:51:12.146+0000] {logging_mixin.py:151} INFO - [2023-09-17T12:51:12.145+0000] {dag.py:3696} INFO - Setting next_dagrun for example_sla_dag to 2023-09-17T12:48:00+00:00, run_after=2023-09-17T12:50:00+00:00
[2023-09-17T12:51:12.206+0000] {processor.py:179} INFO - Processing /home/airflow/.local/lib/python3.8/site-packages/airflow/example_dags/example_sla_dag.py took 0.293 seconds
[2023-09-17T12:51:42.551+0000] {processor.py:157} INFO - Started process (PID=1250) to work on /home/airflow/.local/lib/python3.8/site-packages/airflow/example_dags/example_sla_dag.py
[2023-09-17T12:51:42.553+0000] {processor.py:829} INFO - Processing file /home/airflow/.local/lib/python3.8/site-packages/airflow/example_dags/example_sla_dag.py for tasks to queue
[2023-09-17T12:51:42.557+0000] {logging_mixin.py:151} INFO - [2023-09-17T12:51:42.557+0000] {dagbag.py:539} INFO - Filling up the DagBag from /home/airflow/.local/lib/python3.8/site-packages/airflow/example_dags/example_sla_dag.py
[2023-09-17T12:51:42.572+0000] {processor.py:839} INFO - DAG(s) dict_keys(['example_sla_dag']) retrieved from /home/airflow/.local/lib/python3.8/site-packages/airflow/example_dags/example_sla_dag.py
[2023-09-17T12:51:42.606+0000] {logging_mixin.py:151} INFO - [2023-09-17T12:51:42.605+0000] {dag.py:2915} INFO - Sync 1 DAGs
[2023-09-17T12:51:42.656+0000] {logging_mixin.py:151} INFO - [2023-09-17T12:51:42.656+0000] {dag.py:3696} INFO - Setting next_dagrun for example_sla_dag to 2023-09-17T12:48:00+00:00, run_after=2023-09-17T12:50:00+00:00
[2023-09-17T12:51:42.699+0000] {processor.py:179} INFO - Processing /home/airflow/.local/lib/python3.8/site-packages/airflow/example_dags/example_sla_dag.py took 0.156 seconds
[2023-09-17T12:52:13.509+0000] {processor.py:157} INFO - Started process (PID=1306) to work on /home/airflow/.local/lib/python3.8/site-packages/airflow/example_dags/example_sla_dag.py
[2023-09-17T12:52:13.519+0000] {processor.py:829} INFO - Processing file /home/airflow/.local/lib/python3.8/site-packages/airflow/example_dags/example_sla_dag.py for tasks to queue
[2023-09-17T12:52:13.525+0000] {logging_mixin.py:151} INFO - [2023-09-17T12:52:13.524+0000] {dagbag.py:539} INFO - Filling up the DagBag from /home/airflow/.local/lib/python3.8/site-packages/airflow/example_dags/example_sla_dag.py
[2023-09-17T12:52:13.547+0000] {processor.py:839} INFO - DAG(s) dict_keys(['example_sla_dag']) retrieved from /home/airflow/.local/lib/python3.8/site-packages/airflow/example_dags/example_sla_dag.py
[2023-09-17T12:52:13.610+0000] {logging_mixin.py:151} INFO - [2023-09-17T12:52:13.610+0000] {dag.py:2915} INFO - Sync 1 DAGs
[2023-09-17T12:52:13.674+0000] {logging_mixin.py:151} INFO - [2023-09-17T12:52:13.674+0000] {dag.py:3696} INFO - Setting next_dagrun for example_sla_dag to 2023-09-17T12:50:00+00:00, run_after=2023-09-17T12:52:00+00:00
[2023-09-17T12:52:13.756+0000] {processor.py:179} INFO - Processing /home/airflow/.local/lib/python3.8/site-packages/airflow/example_dags/example_sla_dag.py took 0.253 seconds
[2023-09-17T12:52:43.805+0000] {processor.py:157} INFO - Started process (PID=1361) to work on /home/airflow/.local/lib/python3.8/site-packages/airflow/example_dags/example_sla_dag.py
[2023-09-17T12:52:43.806+0000] {processor.py:829} INFO - Processing file /home/airflow/.local/lib/python3.8/site-packages/airflow/example_dags/example_sla_dag.py for tasks to queue
[2023-09-17T12:52:43.809+0000] {logging_mixin.py:151} INFO - [2023-09-17T12:52:43.809+0000] {dagbag.py:539} INFO - Filling up the DagBag from /home/airflow/.local/lib/python3.8/site-packages/airflow/example_dags/example_sla_dag.py
[2023-09-17T12:52:43.825+0000] {processor.py:839} INFO - DAG(s) dict_keys(['example_sla_dag']) retrieved from /home/airflow/.local/lib/python3.8/site-packages/airflow/example_dags/example_sla_dag.py
[2023-09-17T12:52:43.862+0000] {logging_mixin.py:151} INFO - [2023-09-17T12:52:43.862+0000] {dag.py:2915} INFO - Sync 1 DAGs
[2023-09-17T12:52:43.914+0000] {logging_mixin.py:151} INFO - [2023-09-17T12:52:43.914+0000] {dag.py:3696} INFO - Setting next_dagrun for example_sla_dag to 2023-09-17T12:50:00+00:00, run_after=2023-09-17T12:52:00+00:00
[2023-09-17T12:52:43.955+0000] {processor.py:179} INFO - Processing /home/airflow/.local/lib/python3.8/site-packages/airflow/example_dags/example_sla_dag.py took 0.159 seconds
