[2023-09-17T12:40:44.145+0000] {processor.py:157} INFO - Started process (PID=68) to work on /home/airflow/.local/lib/python3.8/site-packages/airflow/example_dags/example_datasets.py
[2023-09-17T12:40:44.145+0000] {processor.py:829} INFO - Processing file /home/airflow/.local/lib/python3.8/site-packages/airflow/example_dags/example_datasets.py for tasks to queue
[2023-09-17T12:40:44.149+0000] {logging_mixin.py:151} INFO - [2023-09-17T12:40:44.149+0000] {dagbag.py:539} INFO - Filling up the DagBag from /home/airflow/.local/lib/python3.8/site-packages/airflow/example_dags/example_datasets.py
[2023-09-17T12:40:44.180+0000] {processor.py:839} INFO - DAG(s) dict_keys(['dataset_consumes_unknown_never_scheduled', 'dataset_consumes_1_and_2', 'dataset_produces_1', 'dataset_produces_2', 'dataset_consumes_1', 'dataset_consumes_1_never_scheduled']) retrieved from /home/airflow/.local/lib/python3.8/site-packages/airflow/example_dags/example_datasets.py
[2023-09-17T12:40:44.623+0000] {logging_mixin.py:151} INFO - [2023-09-17T12:40:44.623+0000] {manager.py:499} INFO - Created Permission View: %s
[2023-09-17T12:40:44.894+0000] {logging_mixin.py:151} INFO - [2023-09-17T12:40:44.893+0000] {manager.py:499} INFO - Created Permission View: %s
[2023-09-17T12:40:45.057+0000] {logging_mixin.py:151} INFO - [2023-09-17T12:40:45.056+0000] {manager.py:499} INFO - Created Permission View: %s
[2023-09-17T12:40:45.059+0000] {logging_mixin.py:151} INFO - [2023-09-17T12:40:45.059+0000] {security.py:708} INFO - Not syncing DAG-level permissions for DAG 'DAG:dataset_consumes_unknown_never_scheduled' as access control is unset.
[2023-09-17T12:40:45.167+0000] {logging_mixin.py:151} INFO - [2023-09-17T12:40:45.167+0000] {manager.py:499} INFO - Created Permission View: %s
[2023-09-17T12:40:45.222+0000] {logging_mixin.py:151} INFO - [2023-09-17T12:40:45.222+0000] {manager.py:499} INFO - Created Permission View: %s
[2023-09-17T12:40:45.278+0000] {logging_mixin.py:151} INFO - [2023-09-17T12:40:45.277+0000] {manager.py:499} INFO - Created Permission View: %s
[2023-09-17T12:40:45.278+0000] {logging_mixin.py:151} INFO - [2023-09-17T12:40:45.278+0000] {security.py:708} INFO - Not syncing DAG-level permissions for DAG 'DAG:dataset_consumes_1_and_2' as access control is unset.
[2023-09-17T12:40:45.333+0000] {logging_mixin.py:151} INFO - [2023-09-17T12:40:45.333+0000] {manager.py:499} INFO - Created Permission View: %s
[2023-09-17T12:40:45.355+0000] {logging_mixin.py:151} INFO - [2023-09-17T12:40:45.355+0000] {manager.py:499} INFO - Created Permission View: %s
[2023-09-17T12:40:45.377+0000] {logging_mixin.py:151} INFO - [2023-09-17T12:40:45.377+0000] {manager.py:499} INFO - Created Permission View: %s
[2023-09-17T12:40:45.378+0000] {logging_mixin.py:151} INFO - [2023-09-17T12:40:45.378+0000] {security.py:708} INFO - Not syncing DAG-level permissions for DAG 'DAG:dataset_produces_1' as access control is unset.
[2023-09-17T12:40:45.422+0000] {logging_mixin.py:151} INFO - [2023-09-17T12:40:45.421+0000] {manager.py:499} INFO - Created Permission View: %s
[2023-09-17T12:40:45.504+0000] {logging_mixin.py:151} INFO - [2023-09-17T12:40:45.504+0000] {manager.py:499} INFO - Created Permission View: %s
[2023-09-17T12:40:45.544+0000] {logging_mixin.py:151} INFO - [2023-09-17T12:40:45.543+0000] {manager.py:499} INFO - Created Permission View: %s
[2023-09-17T12:40:45.544+0000] {logging_mixin.py:151} INFO - [2023-09-17T12:40:45.544+0000] {security.py:708} INFO - Not syncing DAG-level permissions for DAG 'DAG:dataset_produces_2' as access control is unset.
[2023-09-17T12:40:45.721+0000] {logging_mixin.py:151} INFO - [2023-09-17T12:40:45.720+0000] {manager.py:499} INFO - Created Permission View: %s
[2023-09-17T12:40:45.809+0000] {logging_mixin.py:151} INFO - [2023-09-17T12:40:45.809+0000] {manager.py:499} INFO - Created Permission View: %s
[2023-09-17T12:40:45.831+0000] {logging_mixin.py:151} INFO - [2023-09-17T12:40:45.831+0000] {manager.py:499} INFO - Created Permission View: %s
[2023-09-17T12:40:45.831+0000] {logging_mixin.py:151} INFO - [2023-09-17T12:40:45.831+0000] {security.py:708} INFO - Not syncing DAG-level permissions for DAG 'DAG:dataset_consumes_1' as access control is unset.
[2023-09-17T12:40:45.889+0000] {logging_mixin.py:151} INFO - [2023-09-17T12:40:45.888+0000] {manager.py:499} INFO - Created Permission View: %s
[2023-09-17T12:40:45.976+0000] {logging_mixin.py:151} INFO - [2023-09-17T12:40:45.976+0000] {manager.py:499} INFO - Created Permission View: %s
[2023-09-17T12:40:46.011+0000] {logging_mixin.py:151} INFO - [2023-09-17T12:40:46.010+0000] {manager.py:499} INFO - Created Permission View: %s
[2023-09-17T12:40:46.015+0000] {logging_mixin.py:151} INFO - [2023-09-17T12:40:46.012+0000] {security.py:708} INFO - Not syncing DAG-level permissions for DAG 'DAG:dataset_consumes_1_never_scheduled' as access control is unset.
[2023-09-17T12:40:46.015+0000] {logging_mixin.py:151} INFO - [2023-09-17T12:40:46.015+0000] {dag.py:2915} INFO - Sync 6 DAGs
[2023-09-17T12:40:46.048+0000] {logging_mixin.py:151} INFO - [2023-09-17T12:40:46.047+0000] {dag.py:2937} INFO - Creating ORM DAG for dataset_produces_2
[2023-09-17T12:40:46.051+0000] {logging_mixin.py:151} INFO - [2023-09-17T12:40:46.050+0000] {dag.py:2937} INFO - Creating ORM DAG for dataset_consumes_1
[2023-09-17T12:40:46.053+0000] {logging_mixin.py:151} INFO - [2023-09-17T12:40:46.053+0000] {dag.py:2937} INFO - Creating ORM DAG for dataset_consumes_1_and_2
[2023-09-17T12:40:46.055+0000] {logging_mixin.py:151} INFO - [2023-09-17T12:40:46.055+0000] {dag.py:2937} INFO - Creating ORM DAG for dataset_produces_1
[2023-09-17T12:40:46.057+0000] {logging_mixin.py:151} INFO - [2023-09-17T12:40:46.056+0000] {dag.py:2937} INFO - Creating ORM DAG for dataset_consumes_1_never_scheduled
[2023-09-17T12:40:46.058+0000] {logging_mixin.py:151} INFO - [2023-09-17T12:40:46.058+0000] {dag.py:2937} INFO - Creating ORM DAG for dataset_consumes_unknown_never_scheduled
[2023-09-17T12:40:46.085+0000] {logging_mixin.py:151} INFO - [2023-09-17T12:40:46.084+0000] {dag.py:3696} INFO - Setting next_dagrun for dataset_consumes_1 to None, run_after=None
[2023-09-17T12:40:46.090+0000] {logging_mixin.py:151} INFO - [2023-09-17T12:40:46.089+0000] {dag.py:3696} INFO - Setting next_dagrun for dataset_consumes_1_and_2 to None, run_after=None
[2023-09-17T12:40:46.094+0000] {logging_mixin.py:151} INFO - [2023-09-17T12:40:46.093+0000] {dag.py:3696} INFO - Setting next_dagrun for dataset_consumes_1_never_scheduled to None, run_after=None
[2023-09-17T12:40:46.097+0000] {logging_mixin.py:151} INFO - [2023-09-17T12:40:46.096+0000] {dag.py:3696} INFO - Setting next_dagrun for dataset_consumes_unknown_never_scheduled to None, run_after=None
[2023-09-17T12:40:46.104+0000] {logging_mixin.py:151} INFO - [2023-09-17T12:40:46.103+0000] {dag.py:3696} INFO - Setting next_dagrun for dataset_produces_1 to 2023-09-16T00:00:00+00:00, run_after=2023-09-17T00:00:00+00:00
[2023-09-17T12:40:46.109+0000] {logging_mixin.py:151} INFO - [2023-09-17T12:40:46.107+0000] {dag.py:3696} INFO - Setting next_dagrun for dataset_produces_2 to None, run_after=None
[2023-09-17T12:40:46.360+0000] {processor.py:179} INFO - Processing /home/airflow/.local/lib/python3.8/site-packages/airflow/example_dags/example_datasets.py took 2.220 seconds
[2023-09-17T12:41:17.337+0000] {processor.py:157} INFO - Started process (PID=123) to work on /home/airflow/.local/lib/python3.8/site-packages/airflow/example_dags/example_datasets.py
[2023-09-17T12:41:18.254+0000] {processor.py:829} INFO - Processing file /home/airflow/.local/lib/python3.8/site-packages/airflow/example_dags/example_datasets.py for tasks to queue
[2023-09-17T12:41:18.258+0000] {logging_mixin.py:151} INFO - [2023-09-17T12:41:18.257+0000] {dagbag.py:539} INFO - Filling up the DagBag from /home/airflow/.local/lib/python3.8/site-packages/airflow/example_dags/example_datasets.py
[2023-09-17T12:41:18.317+0000] {processor.py:839} INFO - DAG(s) dict_keys(['dataset_consumes_1_and_2', 'dataset_produces_2', 'dataset_consumes_1_never_scheduled', 'dataset_consumes_1', 'dataset_produces_1', 'dataset_consumes_unknown_never_scheduled']) retrieved from /home/airflow/.local/lib/python3.8/site-packages/airflow/example_dags/example_datasets.py
[2023-09-17T12:41:18.372+0000] {logging_mixin.py:151} INFO - [2023-09-17T12:41:18.372+0000] {dag.py:2915} INFO - Sync 6 DAGs
[2023-09-17T12:41:18.403+0000] {logging_mixin.py:151} INFO - [2023-09-17T12:41:18.403+0000] {dag.py:3696} INFO - Setting next_dagrun for dataset_consumes_1 to None, run_after=None
[2023-09-17T12:41:18.408+0000] {logging_mixin.py:151} INFO - [2023-09-17T12:41:18.408+0000] {dag.py:3696} INFO - Setting next_dagrun for dataset_consumes_1_and_2 to None, run_after=None
[2023-09-17T12:41:18.410+0000] {logging_mixin.py:151} INFO - [2023-09-17T12:41:18.410+0000] {dag.py:3696} INFO - Setting next_dagrun for dataset_consumes_1_never_scheduled to None, run_after=None
[2023-09-17T12:41:18.412+0000] {logging_mixin.py:151} INFO - [2023-09-17T12:41:18.411+0000] {dag.py:3696} INFO - Setting next_dagrun for dataset_consumes_unknown_never_scheduled to None, run_after=None
[2023-09-17T12:41:18.416+0000] {logging_mixin.py:151} INFO - [2023-09-17T12:41:18.416+0000] {dag.py:3696} INFO - Setting next_dagrun for dataset_produces_1 to 2023-09-16T00:00:00+00:00, run_after=2023-09-17T00:00:00+00:00
[2023-09-17T12:41:18.418+0000] {logging_mixin.py:151} INFO - [2023-09-17T12:41:18.418+0000] {dag.py:3696} INFO - Setting next_dagrun for dataset_produces_2 to None, run_after=None
[2023-09-17T12:41:18.809+0000] {processor.py:179} INFO - Processing /home/airflow/.local/lib/python3.8/site-packages/airflow/example_dags/example_datasets.py took 1.477 seconds
[2023-09-17T12:41:49.020+0000] {processor.py:157} INFO - Started process (PID=178) to work on /home/airflow/.local/lib/python3.8/site-packages/airflow/example_dags/example_datasets.py
[2023-09-17T12:41:49.022+0000] {processor.py:829} INFO - Processing file /home/airflow/.local/lib/python3.8/site-packages/airflow/example_dags/example_datasets.py for tasks to queue
[2023-09-17T12:41:49.029+0000] {logging_mixin.py:151} INFO - [2023-09-17T12:41:49.029+0000] {dagbag.py:539} INFO - Filling up the DagBag from /home/airflow/.local/lib/python3.8/site-packages/airflow/example_dags/example_datasets.py
[2023-09-17T12:41:49.046+0000] {processor.py:839} INFO - DAG(s) dict_keys(['dataset_produces_2', 'dataset_consumes_1', 'dataset_consumes_1_and_2', 'dataset_consumes_1_never_scheduled', 'dataset_produces_1', 'dataset_consumes_unknown_never_scheduled']) retrieved from /home/airflow/.local/lib/python3.8/site-packages/airflow/example_dags/example_datasets.py
[2023-09-17T12:41:49.138+0000] {logging_mixin.py:151} INFO - [2023-09-17T12:41:49.138+0000] {dag.py:2915} INFO - Sync 6 DAGs
[2023-09-17T12:41:49.200+0000] {logging_mixin.py:151} INFO - [2023-09-17T12:41:49.199+0000] {dag.py:3696} INFO - Setting next_dagrun for dataset_consumes_1 to None, run_after=None
[2023-09-17T12:41:49.208+0000] {logging_mixin.py:151} INFO - [2023-09-17T12:41:49.208+0000] {dag.py:3696} INFO - Setting next_dagrun for dataset_consumes_1_and_2 to None, run_after=None
[2023-09-17T12:41:49.211+0000] {logging_mixin.py:151} INFO - [2023-09-17T12:41:49.211+0000] {dag.py:3696} INFO - Setting next_dagrun for dataset_consumes_1_never_scheduled to None, run_after=None
[2023-09-17T12:41:49.214+0000] {logging_mixin.py:151} INFO - [2023-09-17T12:41:49.213+0000] {dag.py:3696} INFO - Setting next_dagrun for dataset_consumes_unknown_never_scheduled to None, run_after=None
[2023-09-17T12:41:49.219+0000] {logging_mixin.py:151} INFO - [2023-09-17T12:41:49.218+0000] {dag.py:3696} INFO - Setting next_dagrun for dataset_produces_1 to 2023-09-16T00:00:00+00:00, run_after=2023-09-17T00:00:00+00:00
[2023-09-17T12:41:49.222+0000] {logging_mixin.py:151} INFO - [2023-09-17T12:41:49.222+0000] {dag.py:3696} INFO - Setting next_dagrun for dataset_produces_2 to None, run_after=None
[2023-09-17T12:41:49.348+0000] {processor.py:179} INFO - Processing /home/airflow/.local/lib/python3.8/site-packages/airflow/example_dags/example_datasets.py took 0.334 seconds
[2023-09-17T12:42:19.902+0000] {processor.py:157} INFO - Started process (PID=233) to work on /home/airflow/.local/lib/python3.8/site-packages/airflow/example_dags/example_datasets.py
[2023-09-17T12:42:19.910+0000] {processor.py:829} INFO - Processing file /home/airflow/.local/lib/python3.8/site-packages/airflow/example_dags/example_datasets.py for tasks to queue
[2023-09-17T12:42:19.913+0000] {logging_mixin.py:151} INFO - [2023-09-17T12:42:19.912+0000] {dagbag.py:539} INFO - Filling up the DagBag from /home/airflow/.local/lib/python3.8/site-packages/airflow/example_dags/example_datasets.py
[2023-09-17T12:42:19.927+0000] {processor.py:839} INFO - DAG(s) dict_keys(['dataset_consumes_1_never_scheduled', 'dataset_consumes_1', 'dataset_consumes_1_and_2', 'dataset_produces_2', 'dataset_consumes_unknown_never_scheduled', 'dataset_produces_1']) retrieved from /home/airflow/.local/lib/python3.8/site-packages/airflow/example_dags/example_datasets.py
[2023-09-17T12:42:19.980+0000] {logging_mixin.py:151} INFO - [2023-09-17T12:42:19.980+0000] {dag.py:2915} INFO - Sync 6 DAGs
[2023-09-17T12:42:20.023+0000] {logging_mixin.py:151} INFO - [2023-09-17T12:42:20.023+0000] {dag.py:3696} INFO - Setting next_dagrun for dataset_consumes_1 to None, run_after=None
[2023-09-17T12:42:20.028+0000] {logging_mixin.py:151} INFO - [2023-09-17T12:42:20.028+0000] {dag.py:3696} INFO - Setting next_dagrun for dataset_consumes_1_and_2 to None, run_after=None
[2023-09-17T12:42:20.030+0000] {logging_mixin.py:151} INFO - [2023-09-17T12:42:20.030+0000] {dag.py:3696} INFO - Setting next_dagrun for dataset_consumes_1_never_scheduled to None, run_after=None
[2023-09-17T12:42:20.032+0000] {logging_mixin.py:151} INFO - [2023-09-17T12:42:20.032+0000] {dag.py:3696} INFO - Setting next_dagrun for dataset_consumes_unknown_never_scheduled to None, run_after=None
[2023-09-17T12:42:20.036+0000] {logging_mixin.py:151} INFO - [2023-09-17T12:42:20.036+0000] {dag.py:3696} INFO - Setting next_dagrun for dataset_produces_1 to 2023-09-16T00:00:00+00:00, run_after=2023-09-17T00:00:00+00:00
[2023-09-17T12:42:20.038+0000] {logging_mixin.py:151} INFO - [2023-09-17T12:42:20.038+0000] {dag.py:3696} INFO - Setting next_dagrun for dataset_produces_2 to None, run_after=None
[2023-09-17T12:42:20.099+0000] {processor.py:179} INFO - Processing /home/airflow/.local/lib/python3.8/site-packages/airflow/example_dags/example_datasets.py took 0.202 seconds
[2023-09-17T12:42:50.481+0000] {processor.py:157} INFO - Started process (PID=288) to work on /home/airflow/.local/lib/python3.8/site-packages/airflow/example_dags/example_datasets.py
[2023-09-17T12:42:50.482+0000] {processor.py:829} INFO - Processing file /home/airflow/.local/lib/python3.8/site-packages/airflow/example_dags/example_datasets.py for tasks to queue
[2023-09-17T12:42:50.484+0000] {logging_mixin.py:151} INFO - [2023-09-17T12:42:50.484+0000] {dagbag.py:539} INFO - Filling up the DagBag from /home/airflow/.local/lib/python3.8/site-packages/airflow/example_dags/example_datasets.py
[2023-09-17T12:42:50.496+0000] {processor.py:839} INFO - DAG(s) dict_keys(['dataset_consumes_1', 'dataset_produces_2', 'dataset_consumes_unknown_never_scheduled', 'dataset_consumes_1_and_2', 'dataset_consumes_1_never_scheduled', 'dataset_produces_1']) retrieved from /home/airflow/.local/lib/python3.8/site-packages/airflow/example_dags/example_datasets.py
[2023-09-17T12:42:50.569+0000] {logging_mixin.py:151} INFO - [2023-09-17T12:42:50.569+0000] {dag.py:2915} INFO - Sync 6 DAGs
[2023-09-17T12:42:50.621+0000] {logging_mixin.py:151} INFO - [2023-09-17T12:42:50.621+0000] {dag.py:3696} INFO - Setting next_dagrun for dataset_consumes_1 to None, run_after=None
[2023-09-17T12:42:50.628+0000] {logging_mixin.py:151} INFO - [2023-09-17T12:42:50.628+0000] {dag.py:3696} INFO - Setting next_dagrun for dataset_consumes_1_and_2 to None, run_after=None
[2023-09-17T12:42:50.633+0000] {logging_mixin.py:151} INFO - [2023-09-17T12:42:50.632+0000] {dag.py:3696} INFO - Setting next_dagrun for dataset_consumes_1_never_scheduled to None, run_after=None
[2023-09-17T12:42:50.635+0000] {logging_mixin.py:151} INFO - [2023-09-17T12:42:50.635+0000] {dag.py:3696} INFO - Setting next_dagrun for dataset_consumes_unknown_never_scheduled to None, run_after=None
[2023-09-17T12:42:50.640+0000] {logging_mixin.py:151} INFO - [2023-09-17T12:42:50.640+0000] {dag.py:3696} INFO - Setting next_dagrun for dataset_produces_1 to 2023-09-16T00:00:00+00:00, run_after=2023-09-17T00:00:00+00:00
[2023-09-17T12:42:50.642+0000] {logging_mixin.py:151} INFO - [2023-09-17T12:42:50.642+0000] {dag.py:3696} INFO - Setting next_dagrun for dataset_produces_2 to None, run_after=None
[2023-09-17T12:42:50.730+0000] {processor.py:179} INFO - Processing /home/airflow/.local/lib/python3.8/site-packages/airflow/example_dags/example_datasets.py took 0.254 seconds
[2023-09-17T12:43:21.233+0000] {processor.py:157} INFO - Started process (PID=343) to work on /home/airflow/.local/lib/python3.8/site-packages/airflow/example_dags/example_datasets.py
[2023-09-17T12:43:21.250+0000] {processor.py:829} INFO - Processing file /home/airflow/.local/lib/python3.8/site-packages/airflow/example_dags/example_datasets.py for tasks to queue
[2023-09-17T12:43:21.253+0000] {logging_mixin.py:151} INFO - [2023-09-17T12:43:21.253+0000] {dagbag.py:539} INFO - Filling up the DagBag from /home/airflow/.local/lib/python3.8/site-packages/airflow/example_dags/example_datasets.py
[2023-09-17T12:43:21.273+0000] {processor.py:839} INFO - DAG(s) dict_keys(['dataset_consumes_1_never_scheduled', 'dataset_produces_2', 'dataset_consumes_1', 'dataset_produces_1', 'dataset_consumes_1_and_2', 'dataset_consumes_unknown_never_scheduled']) retrieved from /home/airflow/.local/lib/python3.8/site-packages/airflow/example_dags/example_datasets.py
[2023-09-17T12:43:21.338+0000] {logging_mixin.py:151} INFO - [2023-09-17T12:43:21.338+0000] {dag.py:2915} INFO - Sync 6 DAGs
[2023-09-17T12:43:21.386+0000] {logging_mixin.py:151} INFO - [2023-09-17T12:43:21.386+0000] {dag.py:3696} INFO - Setting next_dagrun for dataset_consumes_1 to None, run_after=None
[2023-09-17T12:43:21.393+0000] {logging_mixin.py:151} INFO - [2023-09-17T12:43:21.392+0000] {dag.py:3696} INFO - Setting next_dagrun for dataset_consumes_1_and_2 to None, run_after=None
[2023-09-17T12:43:21.395+0000] {logging_mixin.py:151} INFO - [2023-09-17T12:43:21.394+0000] {dag.py:3696} INFO - Setting next_dagrun for dataset_consumes_1_never_scheduled to None, run_after=None
[2023-09-17T12:43:21.396+0000] {logging_mixin.py:151} INFO - [2023-09-17T12:43:21.396+0000] {dag.py:3696} INFO - Setting next_dagrun for dataset_consumes_unknown_never_scheduled to None, run_after=None
[2023-09-17T12:43:21.401+0000] {logging_mixin.py:151} INFO - [2023-09-17T12:43:21.401+0000] {dag.py:3696} INFO - Setting next_dagrun for dataset_produces_1 to 2023-09-16T00:00:00+00:00, run_after=2023-09-17T00:00:00+00:00
[2023-09-17T12:43:21.403+0000] {logging_mixin.py:151} INFO - [2023-09-17T12:43:21.403+0000] {dag.py:3696} INFO - Setting next_dagrun for dataset_produces_2 to None, run_after=None
[2023-09-17T12:43:21.466+0000] {processor.py:179} INFO - Processing /home/airflow/.local/lib/python3.8/site-packages/airflow/example_dags/example_datasets.py took 0.239 seconds
[2023-09-17T12:43:51.718+0000] {processor.py:157} INFO - Started process (PID=398) to work on /home/airflow/.local/lib/python3.8/site-packages/airflow/example_dags/example_datasets.py
[2023-09-17T12:43:51.719+0000] {processor.py:829} INFO - Processing file /home/airflow/.local/lib/python3.8/site-packages/airflow/example_dags/example_datasets.py for tasks to queue
[2023-09-17T12:43:51.721+0000] {logging_mixin.py:151} INFO - [2023-09-17T12:43:51.721+0000] {dagbag.py:539} INFO - Filling up the DagBag from /home/airflow/.local/lib/python3.8/site-packages/airflow/example_dags/example_datasets.py
[2023-09-17T12:43:51.737+0000] {processor.py:839} INFO - DAG(s) dict_keys(['dataset_consumes_unknown_never_scheduled', 'dataset_produces_2', 'dataset_consumes_1', 'dataset_consumes_1_and_2', 'dataset_consumes_1_never_scheduled', 'dataset_produces_1']) retrieved from /home/airflow/.local/lib/python3.8/site-packages/airflow/example_dags/example_datasets.py
[2023-09-17T12:43:51.809+0000] {logging_mixin.py:151} INFO - [2023-09-17T12:43:51.809+0000] {dag.py:2915} INFO - Sync 6 DAGs
[2023-09-17T12:43:51.851+0000] {logging_mixin.py:151} INFO - [2023-09-17T12:43:51.851+0000] {dag.py:3696} INFO - Setting next_dagrun for dataset_consumes_1 to None, run_after=None
[2023-09-17T12:43:51.856+0000] {logging_mixin.py:151} INFO - [2023-09-17T12:43:51.856+0000] {dag.py:3696} INFO - Setting next_dagrun for dataset_consumes_1_and_2 to None, run_after=None
[2023-09-17T12:43:51.858+0000] {logging_mixin.py:151} INFO - [2023-09-17T12:43:51.858+0000] {dag.py:3696} INFO - Setting next_dagrun for dataset_consumes_1_never_scheduled to None, run_after=None
[2023-09-17T12:43:51.861+0000] {logging_mixin.py:151} INFO - [2023-09-17T12:43:51.860+0000] {dag.py:3696} INFO - Setting next_dagrun for dataset_consumes_unknown_never_scheduled to None, run_after=None
[2023-09-17T12:43:51.868+0000] {logging_mixin.py:151} INFO - [2023-09-17T12:43:51.868+0000] {dag.py:3696} INFO - Setting next_dagrun for dataset_produces_1 to 2023-09-16T00:00:00+00:00, run_after=2023-09-17T00:00:00+00:00
[2023-09-17T12:43:51.870+0000] {logging_mixin.py:151} INFO - [2023-09-17T12:43:51.870+0000] {dag.py:3696} INFO - Setting next_dagrun for dataset_produces_2 to None, run_after=None
[2023-09-17T12:43:51.954+0000] {processor.py:179} INFO - Processing /home/airflow/.local/lib/python3.8/site-packages/airflow/example_dags/example_datasets.py took 0.242 seconds
[2023-09-17T12:44:22.229+0000] {processor.py:157} INFO - Started process (PID=454) to work on /home/airflow/.local/lib/python3.8/site-packages/airflow/example_dags/example_datasets.py
[2023-09-17T12:44:22.244+0000] {processor.py:829} INFO - Processing file /home/airflow/.local/lib/python3.8/site-packages/airflow/example_dags/example_datasets.py for tasks to queue
[2023-09-17T12:44:22.246+0000] {logging_mixin.py:151} INFO - [2023-09-17T12:44:22.246+0000] {dagbag.py:539} INFO - Filling up the DagBag from /home/airflow/.local/lib/python3.8/site-packages/airflow/example_dags/example_datasets.py
[2023-09-17T12:44:22.257+0000] {processor.py:839} INFO - DAG(s) dict_keys(['dataset_consumes_1_never_scheduled', 'dataset_produces_1', 'dataset_produces_2', 'dataset_consumes_unknown_never_scheduled', 'dataset_consumes_1_and_2', 'dataset_consumes_1']) retrieved from /home/airflow/.local/lib/python3.8/site-packages/airflow/example_dags/example_datasets.py
[2023-09-17T12:44:22.309+0000] {logging_mixin.py:151} INFO - [2023-09-17T12:44:22.309+0000] {dag.py:2915} INFO - Sync 6 DAGs
[2023-09-17T12:44:22.340+0000] {logging_mixin.py:151} INFO - [2023-09-17T12:44:22.340+0000] {dag.py:3696} INFO - Setting next_dagrun for dataset_consumes_1 to None, run_after=None
[2023-09-17T12:44:22.345+0000] {logging_mixin.py:151} INFO - [2023-09-17T12:44:22.345+0000] {dag.py:3696} INFO - Setting next_dagrun for dataset_consumes_1_and_2 to None, run_after=None
[2023-09-17T12:44:22.347+0000] {logging_mixin.py:151} INFO - [2023-09-17T12:44:22.347+0000] {dag.py:3696} INFO - Setting next_dagrun for dataset_consumes_1_never_scheduled to None, run_after=None
[2023-09-17T12:44:22.349+0000] {logging_mixin.py:151} INFO - [2023-09-17T12:44:22.349+0000] {dag.py:3696} INFO - Setting next_dagrun for dataset_consumes_unknown_never_scheduled to None, run_after=None
[2023-09-17T12:44:22.353+0000] {logging_mixin.py:151} INFO - [2023-09-17T12:44:22.353+0000] {dag.py:3696} INFO - Setting next_dagrun for dataset_produces_1 to 2023-09-16T00:00:00+00:00, run_after=2023-09-17T00:00:00+00:00
[2023-09-17T12:44:22.355+0000] {logging_mixin.py:151} INFO - [2023-09-17T12:44:22.355+0000] {dag.py:3696} INFO - Setting next_dagrun for dataset_produces_2 to None, run_after=None
[2023-09-17T12:44:22.405+0000] {processor.py:179} INFO - Processing /home/airflow/.local/lib/python3.8/site-packages/airflow/example_dags/example_datasets.py took 0.180 seconds
[2023-09-17T12:44:52.595+0000] {processor.py:157} INFO - Started process (PID=509) to work on /home/airflow/.local/lib/python3.8/site-packages/airflow/example_dags/example_datasets.py
[2023-09-17T12:44:52.596+0000] {processor.py:829} INFO - Processing file /home/airflow/.local/lib/python3.8/site-packages/airflow/example_dags/example_datasets.py for tasks to queue
[2023-09-17T12:44:52.599+0000] {logging_mixin.py:151} INFO - [2023-09-17T12:44:52.598+0000] {dagbag.py:539} INFO - Filling up the DagBag from /home/airflow/.local/lib/python3.8/site-packages/airflow/example_dags/example_datasets.py
[2023-09-17T12:44:52.610+0000] {processor.py:839} INFO - DAG(s) dict_keys(['dataset_produces_2', 'dataset_consumes_unknown_never_scheduled', 'dataset_consumes_1_and_2', 'dataset_consumes_1_never_scheduled', 'dataset_produces_1', 'dataset_consumes_1']) retrieved from /home/airflow/.local/lib/python3.8/site-packages/airflow/example_dags/example_datasets.py
[2023-09-17T12:44:52.662+0000] {logging_mixin.py:151} INFO - [2023-09-17T12:44:52.662+0000] {dag.py:2915} INFO - Sync 6 DAGs
[2023-09-17T12:44:52.693+0000] {logging_mixin.py:151} INFO - [2023-09-17T12:44:52.693+0000] {dag.py:3696} INFO - Setting next_dagrun for dataset_consumes_1 to None, run_after=None
[2023-09-17T12:44:52.698+0000] {logging_mixin.py:151} INFO - [2023-09-17T12:44:52.698+0000] {dag.py:3696} INFO - Setting next_dagrun for dataset_consumes_1_and_2 to None, run_after=None
[2023-09-17T12:44:52.700+0000] {logging_mixin.py:151} INFO - [2023-09-17T12:44:52.700+0000] {dag.py:3696} INFO - Setting next_dagrun for dataset_consumes_1_never_scheduled to None, run_after=None
[2023-09-17T12:44:52.701+0000] {logging_mixin.py:151} INFO - [2023-09-17T12:44:52.701+0000] {dag.py:3696} INFO - Setting next_dagrun for dataset_consumes_unknown_never_scheduled to None, run_after=None
[2023-09-17T12:44:52.706+0000] {logging_mixin.py:151} INFO - [2023-09-17T12:44:52.706+0000] {dag.py:3696} INFO - Setting next_dagrun for dataset_produces_1 to 2023-09-16T00:00:00+00:00, run_after=2023-09-17T00:00:00+00:00
[2023-09-17T12:44:52.708+0000] {logging_mixin.py:151} INFO - [2023-09-17T12:44:52.707+0000] {dag.py:3696} INFO - Setting next_dagrun for dataset_produces_2 to None, run_after=None
[2023-09-17T12:44:52.772+0000] {processor.py:179} INFO - Processing /home/airflow/.local/lib/python3.8/site-packages/airflow/example_dags/example_datasets.py took 0.181 seconds
[2023-09-17T12:45:22.986+0000] {processor.py:157} INFO - Started process (PID=565) to work on /home/airflow/.local/lib/python3.8/site-packages/airflow/example_dags/example_datasets.py
[2023-09-17T12:45:23.163+0000] {processor.py:829} INFO - Processing file /home/airflow/.local/lib/python3.8/site-packages/airflow/example_dags/example_datasets.py for tasks to queue
[2023-09-17T12:45:23.175+0000] {logging_mixin.py:151} INFO - [2023-09-17T12:45:23.170+0000] {dagbag.py:539} INFO - Filling up the DagBag from /home/airflow/.local/lib/python3.8/site-packages/airflow/example_dags/example_datasets.py
[2023-09-17T12:45:23.217+0000] {processor.py:839} INFO - DAG(s) dict_keys(['dataset_consumes_1_never_scheduled', 'dataset_consumes_unknown_never_scheduled', 'dataset_produces_2', 'dataset_consumes_1_and_2', 'dataset_produces_1', 'dataset_consumes_1']) retrieved from /home/airflow/.local/lib/python3.8/site-packages/airflow/example_dags/example_datasets.py
[2023-09-17T12:45:23.396+0000] {logging_mixin.py:151} INFO - [2023-09-17T12:45:23.395+0000] {dag.py:2915} INFO - Sync 6 DAGs
[2023-09-17T12:45:23.484+0000] {logging_mixin.py:151} INFO - [2023-09-17T12:45:23.483+0000] {dag.py:3696} INFO - Setting next_dagrun for dataset_consumes_1 to None, run_after=None
[2023-09-17T12:45:23.492+0000] {logging_mixin.py:151} INFO - [2023-09-17T12:45:23.492+0000] {dag.py:3696} INFO - Setting next_dagrun for dataset_consumes_1_and_2 to None, run_after=None
[2023-09-17T12:45:23.496+0000] {logging_mixin.py:151} INFO - [2023-09-17T12:45:23.495+0000] {dag.py:3696} INFO - Setting next_dagrun for dataset_consumes_1_never_scheduled to None, run_after=None
[2023-09-17T12:45:23.499+0000] {logging_mixin.py:151} INFO - [2023-09-17T12:45:23.498+0000] {dag.py:3696} INFO - Setting next_dagrun for dataset_consumes_unknown_never_scheduled to None, run_after=None
[2023-09-17T12:45:23.507+0000] {logging_mixin.py:151} INFO - [2023-09-17T12:45:23.506+0000] {dag.py:3696} INFO - Setting next_dagrun for dataset_produces_1 to 2023-09-16T00:00:00+00:00, run_after=2023-09-17T00:00:00+00:00
[2023-09-17T12:45:23.511+0000] {logging_mixin.py:151} INFO - [2023-09-17T12:45:23.509+0000] {dag.py:3696} INFO - Setting next_dagrun for dataset_produces_2 to None, run_after=None
[2023-09-17T12:45:23.701+0000] {processor.py:179} INFO - Processing /home/airflow/.local/lib/python3.8/site-packages/airflow/example_dags/example_datasets.py took 0.727 seconds
[2023-09-17T12:45:53.753+0000] {processor.py:157} INFO - Started process (PID=620) to work on /home/airflow/.local/lib/python3.8/site-packages/airflow/example_dags/example_datasets.py
[2023-09-17T12:45:53.754+0000] {processor.py:829} INFO - Processing file /home/airflow/.local/lib/python3.8/site-packages/airflow/example_dags/example_datasets.py for tasks to queue
[2023-09-17T12:45:53.756+0000] {logging_mixin.py:151} INFO - [2023-09-17T12:45:53.756+0000] {dagbag.py:539} INFO - Filling up the DagBag from /home/airflow/.local/lib/python3.8/site-packages/airflow/example_dags/example_datasets.py
[2023-09-17T12:45:53.768+0000] {processor.py:839} INFO - DAG(s) dict_keys(['dataset_produces_2', 'dataset_consumes_1', 'dataset_produces_1', 'dataset_consumes_1_never_scheduled', 'dataset_consumes_1_and_2', 'dataset_consumes_unknown_never_scheduled']) retrieved from /home/airflow/.local/lib/python3.8/site-packages/airflow/example_dags/example_datasets.py
[2023-09-17T12:45:53.819+0000] {logging_mixin.py:151} INFO - [2023-09-17T12:45:53.819+0000] {dag.py:2915} INFO - Sync 6 DAGs
[2023-09-17T12:45:53.851+0000] {logging_mixin.py:151} INFO - [2023-09-17T12:45:53.851+0000] {dag.py:3696} INFO - Setting next_dagrun for dataset_consumes_1 to None, run_after=None
[2023-09-17T12:45:53.856+0000] {logging_mixin.py:151} INFO - [2023-09-17T12:45:53.856+0000] {dag.py:3696} INFO - Setting next_dagrun for dataset_consumes_1_and_2 to None, run_after=None
[2023-09-17T12:45:53.858+0000] {logging_mixin.py:151} INFO - [2023-09-17T12:45:53.858+0000] {dag.py:3696} INFO - Setting next_dagrun for dataset_consumes_1_never_scheduled to None, run_after=None
[2023-09-17T12:45:53.860+0000] {logging_mixin.py:151} INFO - [2023-09-17T12:45:53.860+0000] {dag.py:3696} INFO - Setting next_dagrun for dataset_consumes_unknown_never_scheduled to None, run_after=None
[2023-09-17T12:45:53.865+0000] {logging_mixin.py:151} INFO - [2023-09-17T12:45:53.864+0000] {dag.py:3696} INFO - Setting next_dagrun for dataset_produces_1 to 2023-09-16T00:00:00+00:00, run_after=2023-09-17T00:00:00+00:00
[2023-09-17T12:45:53.867+0000] {logging_mixin.py:151} INFO - [2023-09-17T12:45:53.866+0000] {dag.py:3696} INFO - Setting next_dagrun for dataset_produces_2 to None, run_after=None
[2023-09-17T12:45:53.931+0000] {processor.py:179} INFO - Processing /home/airflow/.local/lib/python3.8/site-packages/airflow/example_dags/example_datasets.py took 0.183 seconds
[2023-09-17T12:46:24.005+0000] {processor.py:157} INFO - Started process (PID=674) to work on /home/airflow/.local/lib/python3.8/site-packages/airflow/example_dags/example_datasets.py
[2023-09-17T12:46:24.006+0000] {processor.py:829} INFO - Processing file /home/airflow/.local/lib/python3.8/site-packages/airflow/example_dags/example_datasets.py for tasks to queue
[2023-09-17T12:46:24.008+0000] {logging_mixin.py:151} INFO - [2023-09-17T12:46:24.008+0000] {dagbag.py:539} INFO - Filling up the DagBag from /home/airflow/.local/lib/python3.8/site-packages/airflow/example_dags/example_datasets.py
[2023-09-17T12:46:24.020+0000] {processor.py:839} INFO - DAG(s) dict_keys(['dataset_consumes_1_and_2', 'dataset_consumes_1', 'dataset_consumes_1_never_scheduled', 'dataset_produces_2', 'dataset_produces_1', 'dataset_consumes_unknown_never_scheduled']) retrieved from /home/airflow/.local/lib/python3.8/site-packages/airflow/example_dags/example_datasets.py
[2023-09-17T12:46:24.067+0000] {logging_mixin.py:151} INFO - [2023-09-17T12:46:24.067+0000] {dag.py:2915} INFO - Sync 6 DAGs
[2023-09-17T12:46:24.098+0000] {logging_mixin.py:151} INFO - [2023-09-17T12:46:24.097+0000] {dag.py:3696} INFO - Setting next_dagrun for dataset_consumes_1 to None, run_after=None
[2023-09-17T12:46:24.102+0000] {logging_mixin.py:151} INFO - [2023-09-17T12:46:24.102+0000] {dag.py:3696} INFO - Setting next_dagrun for dataset_consumes_1_and_2 to None, run_after=None
[2023-09-17T12:46:24.104+0000] {logging_mixin.py:151} INFO - [2023-09-17T12:46:24.104+0000] {dag.py:3696} INFO - Setting next_dagrun for dataset_consumes_1_never_scheduled to None, run_after=None
[2023-09-17T12:46:24.106+0000] {logging_mixin.py:151} INFO - [2023-09-17T12:46:24.106+0000] {dag.py:3696} INFO - Setting next_dagrun for dataset_consumes_unknown_never_scheduled to None, run_after=None
[2023-09-17T12:46:24.110+0000] {logging_mixin.py:151} INFO - [2023-09-17T12:46:24.110+0000] {dag.py:3696} INFO - Setting next_dagrun for dataset_produces_1 to 2023-09-16T00:00:00+00:00, run_after=2023-09-17T00:00:00+00:00
[2023-09-17T12:46:24.112+0000] {logging_mixin.py:151} INFO - [2023-09-17T12:46:24.112+0000] {dag.py:3696} INFO - Setting next_dagrun for dataset_produces_2 to None, run_after=None
[2023-09-17T12:46:24.162+0000] {processor.py:179} INFO - Processing /home/airflow/.local/lib/python3.8/site-packages/airflow/example_dags/example_datasets.py took 0.161 seconds
[2023-09-17T12:46:54.664+0000] {processor.py:157} INFO - Started process (PID=730) to work on /home/airflow/.local/lib/python3.8/site-packages/airflow/example_dags/example_datasets.py
[2023-09-17T12:46:54.666+0000] {processor.py:829} INFO - Processing file /home/airflow/.local/lib/python3.8/site-packages/airflow/example_dags/example_datasets.py for tasks to queue
[2023-09-17T12:46:54.671+0000] {logging_mixin.py:151} INFO - [2023-09-17T12:46:54.670+0000] {dagbag.py:539} INFO - Filling up the DagBag from /home/airflow/.local/lib/python3.8/site-packages/airflow/example_dags/example_datasets.py
[2023-09-17T12:46:54.692+0000] {processor.py:839} INFO - DAG(s) dict_keys(['dataset_consumes_1_and_2', 'dataset_consumes_unknown_never_scheduled', 'dataset_consumes_1', 'dataset_produces_1', 'dataset_consumes_1_never_scheduled', 'dataset_produces_2']) retrieved from /home/airflow/.local/lib/python3.8/site-packages/airflow/example_dags/example_datasets.py
[2023-09-17T12:46:54.771+0000] {logging_mixin.py:151} INFO - [2023-09-17T12:46:54.770+0000] {dag.py:2915} INFO - Sync 6 DAGs
[2023-09-17T12:46:54.817+0000] {logging_mixin.py:151} INFO - [2023-09-17T12:46:54.817+0000] {dag.py:3696} INFO - Setting next_dagrun for dataset_consumes_1 to None, run_after=None
[2023-09-17T12:46:54.823+0000] {logging_mixin.py:151} INFO - [2023-09-17T12:46:54.823+0000] {dag.py:3696} INFO - Setting next_dagrun for dataset_consumes_1_and_2 to None, run_after=None
[2023-09-17T12:46:54.825+0000] {logging_mixin.py:151} INFO - [2023-09-17T12:46:54.825+0000] {dag.py:3696} INFO - Setting next_dagrun for dataset_consumes_1_never_scheduled to None, run_after=None
[2023-09-17T12:46:54.827+0000] {logging_mixin.py:151} INFO - [2023-09-17T12:46:54.827+0000] {dag.py:3696} INFO - Setting next_dagrun for dataset_consumes_unknown_never_scheduled to None, run_after=None
[2023-09-17T12:46:54.834+0000] {logging_mixin.py:151} INFO - [2023-09-17T12:46:54.834+0000] {dag.py:3696} INFO - Setting next_dagrun for dataset_produces_1 to 2023-09-16T00:00:00+00:00, run_after=2023-09-17T00:00:00+00:00
[2023-09-17T12:46:54.836+0000] {logging_mixin.py:151} INFO - [2023-09-17T12:46:54.836+0000] {dag.py:3696} INFO - Setting next_dagrun for dataset_produces_2 to None, run_after=None
[2023-09-17T12:46:54.918+0000] {processor.py:179} INFO - Processing /home/airflow/.local/lib/python3.8/site-packages/airflow/example_dags/example_datasets.py took 0.259 seconds
[2023-09-17T12:47:25.203+0000] {processor.py:157} INFO - Started process (PID=786) to work on /home/airflow/.local/lib/python3.8/site-packages/airflow/example_dags/example_datasets.py
[2023-09-17T12:47:25.205+0000] {processor.py:829} INFO - Processing file /home/airflow/.local/lib/python3.8/site-packages/airflow/example_dags/example_datasets.py for tasks to queue
[2023-09-17T12:47:25.208+0000] {logging_mixin.py:151} INFO - [2023-09-17T12:47:25.207+0000] {dagbag.py:539} INFO - Filling up the DagBag from /home/airflow/.local/lib/python3.8/site-packages/airflow/example_dags/example_datasets.py
[2023-09-17T12:47:25.223+0000] {processor.py:839} INFO - DAG(s) dict_keys(['dataset_produces_2', 'dataset_consumes_unknown_never_scheduled', 'dataset_consumes_1_never_scheduled', 'dataset_consumes_1_and_2', 'dataset_consumes_1', 'dataset_produces_1']) retrieved from /home/airflow/.local/lib/python3.8/site-packages/airflow/example_dags/example_datasets.py
[2023-09-17T12:47:25.309+0000] {logging_mixin.py:151} INFO - [2023-09-17T12:47:25.308+0000] {dag.py:2915} INFO - Sync 6 DAGs
[2023-09-17T12:47:25.350+0000] {logging_mixin.py:151} INFO - [2023-09-17T12:47:25.350+0000] {dag.py:3696} INFO - Setting next_dagrun for dataset_consumes_1 to None, run_after=None
[2023-09-17T12:47:25.358+0000] {logging_mixin.py:151} INFO - [2023-09-17T12:47:25.357+0000] {dag.py:3696} INFO - Setting next_dagrun for dataset_consumes_1_and_2 to None, run_after=None
[2023-09-17T12:47:25.360+0000] {logging_mixin.py:151} INFO - [2023-09-17T12:47:25.360+0000] {dag.py:3696} INFO - Setting next_dagrun for dataset_consumes_1_never_scheduled to None, run_after=None
[2023-09-17T12:47:25.362+0000] {logging_mixin.py:151} INFO - [2023-09-17T12:47:25.362+0000] {dag.py:3696} INFO - Setting next_dagrun for dataset_consumes_unknown_never_scheduled to None, run_after=None
[2023-09-17T12:47:25.368+0000] {logging_mixin.py:151} INFO - [2023-09-17T12:47:25.368+0000] {dag.py:3696} INFO - Setting next_dagrun for dataset_produces_1 to 2023-09-16T00:00:00+00:00, run_after=2023-09-17T00:00:00+00:00
[2023-09-17T12:47:25.371+0000] {logging_mixin.py:151} INFO - [2023-09-17T12:47:25.371+0000] {dag.py:3696} INFO - Setting next_dagrun for dataset_produces_2 to None, run_after=None
[2023-09-17T12:47:25.434+0000] {processor.py:179} INFO - Processing /home/airflow/.local/lib/python3.8/site-packages/airflow/example_dags/example_datasets.py took 0.235 seconds
[2023-09-17T12:47:55.578+0000] {processor.py:157} INFO - Started process (PID=841) to work on /home/airflow/.local/lib/python3.8/site-packages/airflow/example_dags/example_datasets.py
[2023-09-17T12:47:55.579+0000] {processor.py:829} INFO - Processing file /home/airflow/.local/lib/python3.8/site-packages/airflow/example_dags/example_datasets.py for tasks to queue
[2023-09-17T12:47:55.581+0000] {logging_mixin.py:151} INFO - [2023-09-17T12:47:55.581+0000] {dagbag.py:539} INFO - Filling up the DagBag from /home/airflow/.local/lib/python3.8/site-packages/airflow/example_dags/example_datasets.py
[2023-09-17T12:47:55.598+0000] {processor.py:839} INFO - DAG(s) dict_keys(['dataset_produces_1', 'dataset_consumes_1_and_2', 'dataset_consumes_1', 'dataset_consumes_unknown_never_scheduled', 'dataset_produces_2', 'dataset_consumes_1_never_scheduled']) retrieved from /home/airflow/.local/lib/python3.8/site-packages/airflow/example_dags/example_datasets.py
[2023-09-17T12:47:55.678+0000] {logging_mixin.py:151} INFO - [2023-09-17T12:47:55.678+0000] {dag.py:2915} INFO - Sync 6 DAGs
[2023-09-17T12:47:55.720+0000] {logging_mixin.py:151} INFO - [2023-09-17T12:47:55.720+0000] {dag.py:3696} INFO - Setting next_dagrun for dataset_consumes_1 to None, run_after=None
[2023-09-17T12:47:55.725+0000] {logging_mixin.py:151} INFO - [2023-09-17T12:47:55.725+0000] {dag.py:3696} INFO - Setting next_dagrun for dataset_consumes_1_and_2 to None, run_after=None
[2023-09-17T12:47:55.728+0000] {logging_mixin.py:151} INFO - [2023-09-17T12:47:55.727+0000] {dag.py:3696} INFO - Setting next_dagrun for dataset_consumes_1_never_scheduled to None, run_after=None
[2023-09-17T12:47:55.730+0000] {logging_mixin.py:151} INFO - [2023-09-17T12:47:55.729+0000] {dag.py:3696} INFO - Setting next_dagrun for dataset_consumes_unknown_never_scheduled to None, run_after=None
[2023-09-17T12:47:55.734+0000] {logging_mixin.py:151} INFO - [2023-09-17T12:47:55.734+0000] {dag.py:3696} INFO - Setting next_dagrun for dataset_produces_1 to 2023-09-16T00:00:00+00:00, run_after=2023-09-17T00:00:00+00:00
[2023-09-17T12:47:55.737+0000] {logging_mixin.py:151} INFO - [2023-09-17T12:47:55.736+0000] {dag.py:3696} INFO - Setting next_dagrun for dataset_produces_2 to None, run_after=None
[2023-09-17T12:47:55.798+0000] {processor.py:179} INFO - Processing /home/airflow/.local/lib/python3.8/site-packages/airflow/example_dags/example_datasets.py took 0.225 seconds
[2023-09-17T12:48:25.852+0000] {processor.py:157} INFO - Started process (PID=896) to work on /home/airflow/.local/lib/python3.8/site-packages/airflow/example_dags/example_datasets.py
[2023-09-17T12:48:25.856+0000] {processor.py:829} INFO - Processing file /home/airflow/.local/lib/python3.8/site-packages/airflow/example_dags/example_datasets.py for tasks to queue
[2023-09-17T12:48:25.861+0000] {logging_mixin.py:151} INFO - [2023-09-17T12:48:25.861+0000] {dagbag.py:539} INFO - Filling up the DagBag from /home/airflow/.local/lib/python3.8/site-packages/airflow/example_dags/example_datasets.py
[2023-09-17T12:48:25.886+0000] {processor.py:839} INFO - DAG(s) dict_keys(['dataset_consumes_1', 'dataset_produces_2', 'dataset_produces_1', 'dataset_consumes_1_never_scheduled', 'dataset_consumes_1_and_2', 'dataset_consumes_unknown_never_scheduled']) retrieved from /home/airflow/.local/lib/python3.8/site-packages/airflow/example_dags/example_datasets.py
[2023-09-17T12:48:25.961+0000] {logging_mixin.py:151} INFO - [2023-09-17T12:48:25.961+0000] {dag.py:2915} INFO - Sync 6 DAGs
[2023-09-17T12:48:25.997+0000] {logging_mixin.py:151} INFO - [2023-09-17T12:48:25.997+0000] {dag.py:3696} INFO - Setting next_dagrun for dataset_consumes_1 to None, run_after=None
[2023-09-17T12:48:26.005+0000] {logging_mixin.py:151} INFO - [2023-09-17T12:48:26.004+0000] {dag.py:3696} INFO - Setting next_dagrun for dataset_consumes_1_and_2 to None, run_after=None
[2023-09-17T12:48:26.007+0000] {logging_mixin.py:151} INFO - [2023-09-17T12:48:26.007+0000] {dag.py:3696} INFO - Setting next_dagrun for dataset_consumes_1_never_scheduled to None, run_after=None
[2023-09-17T12:48:26.009+0000] {logging_mixin.py:151} INFO - [2023-09-17T12:48:26.009+0000] {dag.py:3696} INFO - Setting next_dagrun for dataset_consumes_unknown_never_scheduled to None, run_after=None
[2023-09-17T12:48:26.016+0000] {logging_mixin.py:151} INFO - [2023-09-17T12:48:26.015+0000] {dag.py:3696} INFO - Setting next_dagrun for dataset_produces_1 to 2023-09-16T00:00:00+00:00, run_after=2023-09-17T00:00:00+00:00
[2023-09-17T12:48:26.018+0000] {logging_mixin.py:151} INFO - [2023-09-17T12:48:26.018+0000] {dag.py:3696} INFO - Setting next_dagrun for dataset_produces_2 to None, run_after=None
[2023-09-17T12:48:26.086+0000] {processor.py:179} INFO - Processing /home/airflow/.local/lib/python3.8/site-packages/airflow/example_dags/example_datasets.py took 0.245 seconds
[2023-09-17T12:48:56.172+0000] {processor.py:157} INFO - Started process (PID=952) to work on /home/airflow/.local/lib/python3.8/site-packages/airflow/example_dags/example_datasets.py
[2023-09-17T12:48:56.175+0000] {processor.py:829} INFO - Processing file /home/airflow/.local/lib/python3.8/site-packages/airflow/example_dags/example_datasets.py for tasks to queue
[2023-09-17T12:48:56.184+0000] {logging_mixin.py:151} INFO - [2023-09-17T12:48:56.182+0000] {dagbag.py:539} INFO - Filling up the DagBag from /home/airflow/.local/lib/python3.8/site-packages/airflow/example_dags/example_datasets.py
[2023-09-17T12:48:56.230+0000] {processor.py:839} INFO - DAG(s) dict_keys(['dataset_consumes_1', 'dataset_produces_1', 'dataset_produces_2', 'dataset_consumes_1_and_2', 'dataset_consumes_1_never_scheduled', 'dataset_consumes_unknown_never_scheduled']) retrieved from /home/airflow/.local/lib/python3.8/site-packages/airflow/example_dags/example_datasets.py
[2023-09-17T12:48:56.313+0000] {logging_mixin.py:151} INFO - [2023-09-17T12:48:56.313+0000] {dag.py:2915} INFO - Sync 6 DAGs
[2023-09-17T12:48:56.358+0000] {logging_mixin.py:151} INFO - [2023-09-17T12:48:56.358+0000] {dag.py:3696} INFO - Setting next_dagrun for dataset_consumes_1 to None, run_after=None
[2023-09-17T12:48:56.365+0000] {logging_mixin.py:151} INFO - [2023-09-17T12:48:56.365+0000] {dag.py:3696} INFO - Setting next_dagrun for dataset_consumes_1_and_2 to None, run_after=None
[2023-09-17T12:48:56.367+0000] {logging_mixin.py:151} INFO - [2023-09-17T12:48:56.367+0000] {dag.py:3696} INFO - Setting next_dagrun for dataset_consumes_1_never_scheduled to None, run_after=None
[2023-09-17T12:48:56.370+0000] {logging_mixin.py:151} INFO - [2023-09-17T12:48:56.369+0000] {dag.py:3696} INFO - Setting next_dagrun for dataset_consumes_unknown_never_scheduled to None, run_after=None
[2023-09-17T12:48:56.376+0000] {logging_mixin.py:151} INFO - [2023-09-17T12:48:56.376+0000] {dag.py:3696} INFO - Setting next_dagrun for dataset_produces_1 to 2023-09-16T00:00:00+00:00, run_after=2023-09-17T00:00:00+00:00
[2023-09-17T12:48:56.378+0000] {logging_mixin.py:151} INFO - [2023-09-17T12:48:56.378+0000] {dag.py:3696} INFO - Setting next_dagrun for dataset_produces_2 to None, run_after=None
[2023-09-17T12:48:56.472+0000] {processor.py:179} INFO - Processing /home/airflow/.local/lib/python3.8/site-packages/airflow/example_dags/example_datasets.py took 0.316 seconds
[2023-09-17T12:49:26.997+0000] {processor.py:157} INFO - Started process (PID=1008) to work on /home/airflow/.local/lib/python3.8/site-packages/airflow/example_dags/example_datasets.py
[2023-09-17T12:49:27.000+0000] {processor.py:829} INFO - Processing file /home/airflow/.local/lib/python3.8/site-packages/airflow/example_dags/example_datasets.py for tasks to queue
[2023-09-17T12:49:27.003+0000] {logging_mixin.py:151} INFO - [2023-09-17T12:49:27.003+0000] {dagbag.py:539} INFO - Filling up the DagBag from /home/airflow/.local/lib/python3.8/site-packages/airflow/example_dags/example_datasets.py
[2023-09-17T12:49:27.038+0000] {processor.py:839} INFO - DAG(s) dict_keys(['dataset_consumes_1_never_scheduled', 'dataset_consumes_1', 'dataset_produces_2', 'dataset_produces_1', 'dataset_consumes_1_and_2', 'dataset_consumes_unknown_never_scheduled']) retrieved from /home/airflow/.local/lib/python3.8/site-packages/airflow/example_dags/example_datasets.py
[2023-09-17T12:49:27.145+0000] {logging_mixin.py:151} INFO - [2023-09-17T12:49:27.144+0000] {dag.py:2915} INFO - Sync 6 DAGs
[2023-09-17T12:49:27.243+0000] {logging_mixin.py:151} INFO - [2023-09-17T12:49:27.243+0000] {dag.py:3696} INFO - Setting next_dagrun for dataset_consumes_1 to None, run_after=None
[2023-09-17T12:49:27.261+0000] {logging_mixin.py:151} INFO - [2023-09-17T12:49:27.259+0000] {dag.py:3696} INFO - Setting next_dagrun for dataset_consumes_1_and_2 to None, run_after=None
[2023-09-17T12:49:27.269+0000] {logging_mixin.py:151} INFO - [2023-09-17T12:49:27.268+0000] {dag.py:3696} INFO - Setting next_dagrun for dataset_consumes_1_never_scheduled to None, run_after=None
[2023-09-17T12:49:27.273+0000] {logging_mixin.py:151} INFO - [2023-09-17T12:49:27.272+0000] {dag.py:3696} INFO - Setting next_dagrun for dataset_consumes_unknown_never_scheduled to None, run_after=None
[2023-09-17T12:49:27.288+0000] {logging_mixin.py:151} INFO - [2023-09-17T12:49:27.287+0000] {dag.py:3696} INFO - Setting next_dagrun for dataset_produces_1 to 2023-09-16T00:00:00+00:00, run_after=2023-09-17T00:00:00+00:00
[2023-09-17T12:49:27.292+0000] {logging_mixin.py:151} INFO - [2023-09-17T12:49:27.291+0000] {dag.py:3696} INFO - Setting next_dagrun for dataset_produces_2 to None, run_after=None
[2023-09-17T12:49:27.433+0000] {processor.py:179} INFO - Processing /home/airflow/.local/lib/python3.8/site-packages/airflow/example_dags/example_datasets.py took 0.460 seconds
[2023-09-17T12:49:58.251+0000] {processor.py:157} INFO - Started process (PID=1062) to work on /home/airflow/.local/lib/python3.8/site-packages/airflow/example_dags/example_datasets.py
[2023-09-17T12:49:58.259+0000] {processor.py:829} INFO - Processing file /home/airflow/.local/lib/python3.8/site-packages/airflow/example_dags/example_datasets.py for tasks to queue
[2023-09-17T12:49:58.262+0000] {logging_mixin.py:151} INFO - [2023-09-17T12:49:58.262+0000] {dagbag.py:539} INFO - Filling up the DagBag from /home/airflow/.local/lib/python3.8/site-packages/airflow/example_dags/example_datasets.py
[2023-09-17T12:49:58.275+0000] {processor.py:839} INFO - DAG(s) dict_keys(['dataset_consumes_unknown_never_scheduled', 'dataset_produces_1', 'dataset_produces_2', 'dataset_consumes_1_and_2', 'dataset_consumes_1', 'dataset_consumes_1_never_scheduled']) retrieved from /home/airflow/.local/lib/python3.8/site-packages/airflow/example_dags/example_datasets.py
[2023-09-17T12:49:58.329+0000] {logging_mixin.py:151} INFO - [2023-09-17T12:49:58.329+0000] {dag.py:2915} INFO - Sync 6 DAGs
[2023-09-17T12:49:58.382+0000] {logging_mixin.py:151} INFO - [2023-09-17T12:49:58.382+0000] {dag.py:3696} INFO - Setting next_dagrun for dataset_consumes_1 to None, run_after=None
[2023-09-17T12:49:58.390+0000] {logging_mixin.py:151} INFO - [2023-09-17T12:49:58.389+0000] {dag.py:3696} INFO - Setting next_dagrun for dataset_consumes_1_and_2 to None, run_after=None
[2023-09-17T12:49:58.393+0000] {logging_mixin.py:151} INFO - [2023-09-17T12:49:58.393+0000] {dag.py:3696} INFO - Setting next_dagrun for dataset_consumes_1_never_scheduled to None, run_after=None
[2023-09-17T12:49:58.396+0000] {logging_mixin.py:151} INFO - [2023-09-17T12:49:58.396+0000] {dag.py:3696} INFO - Setting next_dagrun for dataset_consumes_unknown_never_scheduled to None, run_after=None
[2023-09-17T12:49:58.403+0000] {logging_mixin.py:151} INFO - [2023-09-17T12:49:58.403+0000] {dag.py:3696} INFO - Setting next_dagrun for dataset_produces_1 to 2023-09-16T00:00:00+00:00, run_after=2023-09-17T00:00:00+00:00
[2023-09-17T12:49:58.406+0000] {logging_mixin.py:151} INFO - [2023-09-17T12:49:58.405+0000] {dag.py:3696} INFO - Setting next_dagrun for dataset_produces_2 to None, run_after=None
[2023-09-17T12:49:58.518+0000] {processor.py:179} INFO - Processing /home/airflow/.local/lib/python3.8/site-packages/airflow/example_dags/example_datasets.py took 0.272 seconds
[2023-09-17T12:50:28.831+0000] {processor.py:157} INFO - Started process (PID=1117) to work on /home/airflow/.local/lib/python3.8/site-packages/airflow/example_dags/example_datasets.py
[2023-09-17T12:50:28.832+0000] {processor.py:829} INFO - Processing file /home/airflow/.local/lib/python3.8/site-packages/airflow/example_dags/example_datasets.py for tasks to queue
[2023-09-17T12:50:28.835+0000] {logging_mixin.py:151} INFO - [2023-09-17T12:50:28.834+0000] {dagbag.py:539} INFO - Filling up the DagBag from /home/airflow/.local/lib/python3.8/site-packages/airflow/example_dags/example_datasets.py
[2023-09-17T12:50:28.851+0000] {processor.py:839} INFO - DAG(s) dict_keys(['dataset_consumes_1_never_scheduled', 'dataset_consumes_unknown_never_scheduled', 'dataset_consumes_1_and_2', 'dataset_consumes_1', 'dataset_produces_1', 'dataset_produces_2']) retrieved from /home/airflow/.local/lib/python3.8/site-packages/airflow/example_dags/example_datasets.py
[2023-09-17T12:50:28.935+0000] {logging_mixin.py:151} INFO - [2023-09-17T12:50:28.934+0000] {dag.py:2915} INFO - Sync 6 DAGs
[2023-09-17T12:50:28.979+0000] {logging_mixin.py:151} INFO - [2023-09-17T12:50:28.979+0000] {dag.py:3696} INFO - Setting next_dagrun for dataset_consumes_1 to None, run_after=None
[2023-09-17T12:50:28.985+0000] {logging_mixin.py:151} INFO - [2023-09-17T12:50:28.984+0000] {dag.py:3696} INFO - Setting next_dagrun for dataset_consumes_1_and_2 to None, run_after=None
[2023-09-17T12:50:28.987+0000] {logging_mixin.py:151} INFO - [2023-09-17T12:50:28.987+0000] {dag.py:3696} INFO - Setting next_dagrun for dataset_consumes_1_never_scheduled to None, run_after=None
[2023-09-17T12:50:28.990+0000] {logging_mixin.py:151} INFO - [2023-09-17T12:50:28.990+0000] {dag.py:3696} INFO - Setting next_dagrun for dataset_consumes_unknown_never_scheduled to None, run_after=None
[2023-09-17T12:50:28.997+0000] {logging_mixin.py:151} INFO - [2023-09-17T12:50:28.997+0000] {dag.py:3696} INFO - Setting next_dagrun for dataset_produces_1 to 2023-09-16T00:00:00+00:00, run_after=2023-09-17T00:00:00+00:00
[2023-09-17T12:50:28.999+0000] {logging_mixin.py:151} INFO - [2023-09-17T12:50:28.999+0000] {dag.py:3696} INFO - Setting next_dagrun for dataset_produces_2 to None, run_after=None
[2023-09-17T12:50:29.061+0000] {processor.py:179} INFO - Processing /home/airflow/.local/lib/python3.8/site-packages/airflow/example_dags/example_datasets.py took 0.238 seconds
[2023-09-17T12:50:59.606+0000] {processor.py:157} INFO - Started process (PID=1172) to work on /home/airflow/.local/lib/python3.8/site-packages/airflow/example_dags/example_datasets.py
[2023-09-17T12:50:59.611+0000] {processor.py:829} INFO - Processing file /home/airflow/.local/lib/python3.8/site-packages/airflow/example_dags/example_datasets.py for tasks to queue
[2023-09-17T12:50:59.615+0000] {logging_mixin.py:151} INFO - [2023-09-17T12:50:59.615+0000] {dagbag.py:539} INFO - Filling up the DagBag from /home/airflow/.local/lib/python3.8/site-packages/airflow/example_dags/example_datasets.py
[2023-09-17T12:50:59.644+0000] {processor.py:839} INFO - DAG(s) dict_keys(['dataset_consumes_1_and_2', 'dataset_produces_1', 'dataset_consumes_unknown_never_scheduled', 'dataset_consumes_1_never_scheduled', 'dataset_consumes_1', 'dataset_produces_2']) retrieved from /home/airflow/.local/lib/python3.8/site-packages/airflow/example_dags/example_datasets.py
[2023-09-17T12:50:59.774+0000] {logging_mixin.py:151} INFO - [2023-09-17T12:50:59.773+0000] {dag.py:2915} INFO - Sync 6 DAGs
[2023-09-17T12:50:59.842+0000] {logging_mixin.py:151} INFO - [2023-09-17T12:50:59.842+0000] {dag.py:3696} INFO - Setting next_dagrun for dataset_consumes_1 to None, run_after=None
[2023-09-17T12:50:59.852+0000] {logging_mixin.py:151} INFO - [2023-09-17T12:50:59.851+0000] {dag.py:3696} INFO - Setting next_dagrun for dataset_consumes_1_and_2 to None, run_after=None
[2023-09-17T12:50:59.855+0000] {logging_mixin.py:151} INFO - [2023-09-17T12:50:59.855+0000] {dag.py:3696} INFO - Setting next_dagrun for dataset_consumes_1_never_scheduled to None, run_after=None
[2023-09-17T12:50:59.858+0000] {logging_mixin.py:151} INFO - [2023-09-17T12:50:59.858+0000] {dag.py:3696} INFO - Setting next_dagrun for dataset_consumes_unknown_never_scheduled to None, run_after=None
[2023-09-17T12:50:59.866+0000] {logging_mixin.py:151} INFO - [2023-09-17T12:50:59.864+0000] {dag.py:3696} INFO - Setting next_dagrun for dataset_produces_1 to 2023-09-16T00:00:00+00:00, run_after=2023-09-17T00:00:00+00:00
[2023-09-17T12:50:59.874+0000] {logging_mixin.py:151} INFO - [2023-09-17T12:50:59.873+0000] {dag.py:3696} INFO - Setting next_dagrun for dataset_produces_2 to None, run_after=None
[2023-09-17T12:51:00.005+0000] {processor.py:179} INFO - Processing /home/airflow/.local/lib/python3.8/site-packages/airflow/example_dags/example_datasets.py took 0.410 seconds
[2023-09-17T12:51:30.182+0000] {processor.py:157} INFO - Started process (PID=1227) to work on /home/airflow/.local/lib/python3.8/site-packages/airflow/example_dags/example_datasets.py
[2023-09-17T12:51:30.183+0000] {processor.py:829} INFO - Processing file /home/airflow/.local/lib/python3.8/site-packages/airflow/example_dags/example_datasets.py for tasks to queue
[2023-09-17T12:51:30.186+0000] {logging_mixin.py:151} INFO - [2023-09-17T12:51:30.186+0000] {dagbag.py:539} INFO - Filling up the DagBag from /home/airflow/.local/lib/python3.8/site-packages/airflow/example_dags/example_datasets.py
[2023-09-17T12:51:30.220+0000] {processor.py:839} INFO - DAG(s) dict_keys(['dataset_consumes_1_never_scheduled', 'dataset_consumes_unknown_never_scheduled', 'dataset_consumes_1', 'dataset_produces_2', 'dataset_produces_1', 'dataset_consumes_1_and_2']) retrieved from /home/airflow/.local/lib/python3.8/site-packages/airflow/example_dags/example_datasets.py
[2023-09-17T12:51:30.320+0000] {logging_mixin.py:151} INFO - [2023-09-17T12:51:30.319+0000] {dag.py:2915} INFO - Sync 6 DAGs
[2023-09-17T12:51:30.376+0000] {logging_mixin.py:151} INFO - [2023-09-17T12:51:30.376+0000] {dag.py:3696} INFO - Setting next_dagrun for dataset_consumes_1 to None, run_after=None
[2023-09-17T12:51:30.384+0000] {logging_mixin.py:151} INFO - [2023-09-17T12:51:30.384+0000] {dag.py:3696} INFO - Setting next_dagrun for dataset_consumes_1_and_2 to None, run_after=None
[2023-09-17T12:51:30.386+0000] {logging_mixin.py:151} INFO - [2023-09-17T12:51:30.386+0000] {dag.py:3696} INFO - Setting next_dagrun for dataset_consumes_1_never_scheduled to None, run_after=None
[2023-09-17T12:51:30.389+0000] {logging_mixin.py:151} INFO - [2023-09-17T12:51:30.388+0000] {dag.py:3696} INFO - Setting next_dagrun for dataset_consumes_unknown_never_scheduled to None, run_after=None
[2023-09-17T12:51:30.401+0000] {logging_mixin.py:151} INFO - [2023-09-17T12:51:30.401+0000] {dag.py:3696} INFO - Setting next_dagrun for dataset_produces_1 to 2023-09-16T00:00:00+00:00, run_after=2023-09-17T00:00:00+00:00
[2023-09-17T12:51:30.407+0000] {logging_mixin.py:151} INFO - [2023-09-17T12:51:30.406+0000] {dag.py:3696} INFO - Setting next_dagrun for dataset_produces_2 to None, run_after=None
[2023-09-17T12:51:30.495+0000] {processor.py:179} INFO - Processing /home/airflow/.local/lib/python3.8/site-packages/airflow/example_dags/example_datasets.py took 0.324 seconds
[2023-09-17T12:52:00.621+0000] {processor.py:157} INFO - Started process (PID=1281) to work on /home/airflow/.local/lib/python3.8/site-packages/airflow/example_dags/example_datasets.py
[2023-09-17T12:52:00.631+0000] {processor.py:829} INFO - Processing file /home/airflow/.local/lib/python3.8/site-packages/airflow/example_dags/example_datasets.py for tasks to queue
[2023-09-17T12:52:00.634+0000] {logging_mixin.py:151} INFO - [2023-09-17T12:52:00.633+0000] {dagbag.py:539} INFO - Filling up the DagBag from /home/airflow/.local/lib/python3.8/site-packages/airflow/example_dags/example_datasets.py
[2023-09-17T12:52:00.658+0000] {processor.py:839} INFO - DAG(s) dict_keys(['dataset_consumes_1_never_scheduled', 'dataset_produces_2', 'dataset_consumes_unknown_never_scheduled', 'dataset_produces_1', 'dataset_consumes_1', 'dataset_consumes_1_and_2']) retrieved from /home/airflow/.local/lib/python3.8/site-packages/airflow/example_dags/example_datasets.py
[2023-09-17T12:52:00.732+0000] {logging_mixin.py:151} INFO - [2023-09-17T12:52:00.732+0000] {dag.py:2915} INFO - Sync 6 DAGs
[2023-09-17T12:52:00.785+0000] {logging_mixin.py:151} INFO - [2023-09-17T12:52:00.784+0000] {dag.py:3696} INFO - Setting next_dagrun for dataset_consumes_1 to None, run_after=None
[2023-09-17T12:52:00.794+0000] {logging_mixin.py:151} INFO - [2023-09-17T12:52:00.794+0000] {dag.py:3696} INFO - Setting next_dagrun for dataset_consumes_1_and_2 to None, run_after=None
[2023-09-17T12:52:00.796+0000] {logging_mixin.py:151} INFO - [2023-09-17T12:52:00.796+0000] {dag.py:3696} INFO - Setting next_dagrun for dataset_consumes_1_never_scheduled to None, run_after=None
[2023-09-17T12:52:00.798+0000] {logging_mixin.py:151} INFO - [2023-09-17T12:52:00.798+0000] {dag.py:3696} INFO - Setting next_dagrun for dataset_consumes_unknown_never_scheduled to None, run_after=None
[2023-09-17T12:52:00.807+0000] {logging_mixin.py:151} INFO - [2023-09-17T12:52:00.807+0000] {dag.py:3696} INFO - Setting next_dagrun for dataset_produces_1 to 2023-09-16T00:00:00+00:00, run_after=2023-09-17T00:00:00+00:00
[2023-09-17T12:52:00.810+0000] {logging_mixin.py:151} INFO - [2023-09-17T12:52:00.810+0000] {dag.py:3696} INFO - Setting next_dagrun for dataset_produces_2 to None, run_after=None
[2023-09-17T12:52:00.892+0000] {processor.py:179} INFO - Processing /home/airflow/.local/lib/python3.8/site-packages/airflow/example_dags/example_datasets.py took 0.277 seconds
[2023-09-17T12:52:30.949+0000] {processor.py:157} INFO - Started process (PID=1336) to work on /home/airflow/.local/lib/python3.8/site-packages/airflow/example_dags/example_datasets.py
[2023-09-17T12:52:30.952+0000] {processor.py:829} INFO - Processing file /home/airflow/.local/lib/python3.8/site-packages/airflow/example_dags/example_datasets.py for tasks to queue
[2023-09-17T12:52:30.956+0000] {logging_mixin.py:151} INFO - [2023-09-17T12:52:30.955+0000] {dagbag.py:539} INFO - Filling up the DagBag from /home/airflow/.local/lib/python3.8/site-packages/airflow/example_dags/example_datasets.py
[2023-09-17T12:52:30.988+0000] {processor.py:839} INFO - DAG(s) dict_keys(['dataset_consumes_unknown_never_scheduled', 'dataset_produces_2', 'dataset_consumes_1_never_scheduled', 'dataset_consumes_1_and_2', 'dataset_consumes_1', 'dataset_produces_1']) retrieved from /home/airflow/.local/lib/python3.8/site-packages/airflow/example_dags/example_datasets.py
[2023-09-17T12:52:31.124+0000] {logging_mixin.py:151} INFO - [2023-09-17T12:52:31.124+0000] {dag.py:2915} INFO - Sync 6 DAGs
[2023-09-17T12:52:31.193+0000] {logging_mixin.py:151} INFO - [2023-09-17T12:52:31.193+0000] {dag.py:3696} INFO - Setting next_dagrun for dataset_consumes_1 to None, run_after=None
[2023-09-17T12:52:31.207+0000] {logging_mixin.py:151} INFO - [2023-09-17T12:52:31.206+0000] {dag.py:3696} INFO - Setting next_dagrun for dataset_consumes_1_and_2 to None, run_after=None
[2023-09-17T12:52:31.209+0000] {logging_mixin.py:151} INFO - [2023-09-17T12:52:31.209+0000] {dag.py:3696} INFO - Setting next_dagrun for dataset_consumes_1_never_scheduled to None, run_after=None
[2023-09-17T12:52:31.216+0000] {logging_mixin.py:151} INFO - [2023-09-17T12:52:31.215+0000] {dag.py:3696} INFO - Setting next_dagrun for dataset_consumes_unknown_never_scheduled to None, run_after=None
[2023-09-17T12:52:31.229+0000] {logging_mixin.py:151} INFO - [2023-09-17T12:52:31.228+0000] {dag.py:3696} INFO - Setting next_dagrun for dataset_produces_1 to 2023-09-16T00:00:00+00:00, run_after=2023-09-17T00:00:00+00:00
[2023-09-17T12:52:31.236+0000] {logging_mixin.py:151} INFO - [2023-09-17T12:52:31.235+0000] {dag.py:3696} INFO - Setting next_dagrun for dataset_produces_2 to None, run_after=None
[2023-09-17T12:52:31.339+0000] {processor.py:179} INFO - Processing /home/airflow/.local/lib/python3.8/site-packages/airflow/example_dags/example_datasets.py took 0.401 seconds
[2023-09-17T12:53:01.888+0000] {processor.py:157} INFO - Started process (PID=1391) to work on /home/airflow/.local/lib/python3.8/site-packages/airflow/example_dags/example_datasets.py
[2023-09-17T12:53:01.927+0000] {processor.py:829} INFO - Processing file /home/airflow/.local/lib/python3.8/site-packages/airflow/example_dags/example_datasets.py for tasks to queue
[2023-09-17T12:53:01.935+0000] {logging_mixin.py:151} INFO - [2023-09-17T12:53:01.935+0000] {dagbag.py:539} INFO - Filling up the DagBag from /home/airflow/.local/lib/python3.8/site-packages/airflow/example_dags/example_datasets.py
[2023-09-17T12:53:02.060+0000] {processor.py:839} INFO - DAG(s) dict_keys(['dataset_consumes_unknown_never_scheduled', 'dataset_consumes_1_never_scheduled', 'dataset_produces_1', 'dataset_produces_2', 'dataset_consumes_1_and_2', 'dataset_consumes_1']) retrieved from /home/airflow/.local/lib/python3.8/site-packages/airflow/example_dags/example_datasets.py
[2023-09-17T12:53:02.393+0000] {logging_mixin.py:151} INFO - [2023-09-17T12:53:02.391+0000] {dag.py:2915} INFO - Sync 6 DAGs
[2023-09-17T12:53:02.551+0000] {logging_mixin.py:151} INFO - [2023-09-17T12:53:02.550+0000] {dag.py:3696} INFO - Setting next_dagrun for dataset_consumes_1 to None, run_after=None
[2023-09-17T12:53:02.562+0000] {logging_mixin.py:151} INFO - [2023-09-17T12:53:02.561+0000] {dag.py:3696} INFO - Setting next_dagrun for dataset_consumes_1_and_2 to None, run_after=None
[2023-09-17T12:53:02.567+0000] {logging_mixin.py:151} INFO - [2023-09-17T12:53:02.567+0000] {dag.py:3696} INFO - Setting next_dagrun for dataset_consumes_1_never_scheduled to None, run_after=None
[2023-09-17T12:53:02.573+0000] {logging_mixin.py:151} INFO - [2023-09-17T12:53:02.573+0000] {dag.py:3696} INFO - Setting next_dagrun for dataset_consumes_unknown_never_scheduled to None, run_after=None
[2023-09-17T12:53:02.584+0000] {logging_mixin.py:151} INFO - [2023-09-17T12:53:02.584+0000] {dag.py:3696} INFO - Setting next_dagrun for dataset_produces_1 to 2023-09-16T00:00:00+00:00, run_after=2023-09-17T00:00:00+00:00
[2023-09-17T12:53:02.589+0000] {logging_mixin.py:151} INFO - [2023-09-17T12:53:02.589+0000] {dag.py:3696} INFO - Setting next_dagrun for dataset_produces_2 to None, run_after=None
[2023-09-17T12:53:02.856+0000] {processor.py:179} INFO - Processing /home/airflow/.local/lib/python3.8/site-packages/airflow/example_dags/example_datasets.py took 0.978 seconds
