[2023-09-17T12:40:32.799+0000] {processor.py:157} INFO - Started process (PID=49) to work on /home/airflow/.local/lib/python3.8/site-packages/airflow/example_dags/example_dynamic_task_mapping_with_no_taskflow_operators.py
[2023-09-17T12:40:32.800+0000] {processor.py:829} INFO - Processing file /home/airflow/.local/lib/python3.8/site-packages/airflow/example_dags/example_dynamic_task_mapping_with_no_taskflow_operators.py for tasks to queue
[2023-09-17T12:40:32.807+0000] {logging_mixin.py:151} INFO - [2023-09-17T12:40:32.806+0000] {dagbag.py:539} INFO - Filling up the DagBag from /home/airflow/.local/lib/python3.8/site-packages/airflow/example_dags/example_dynamic_task_mapping_with_no_taskflow_operators.py
[2023-09-17T12:40:32.840+0000] {processor.py:839} INFO - DAG(s) dict_keys(['example_dynamic_task_mapping_with_no_taskflow_operators']) retrieved from /home/airflow/.local/lib/python3.8/site-packages/airflow/example_dags/example_dynamic_task_mapping_with_no_taskflow_operators.py
[2023-09-17T12:40:33.431+0000] {logging_mixin.py:151} INFO - [2023-09-17T12:40:33.431+0000] {manager.py:499} INFO - Created Permission View: %s
[2023-09-17T12:40:33.520+0000] {logging_mixin.py:151} INFO - [2023-09-17T12:40:33.519+0000] {manager.py:499} INFO - Created Permission View: %s
[2023-09-17T12:40:33.568+0000] {logging_mixin.py:151} INFO - [2023-09-17T12:40:33.567+0000] {manager.py:499} INFO - Created Permission View: %s
[2023-09-17T12:40:33.569+0000] {logging_mixin.py:151} INFO - [2023-09-17T12:40:33.568+0000] {security.py:708} INFO - Not syncing DAG-level permissions for DAG 'DAG:example_dynamic_task_mapping_with_no_taskflow_operators' as access control is unset.
[2023-09-17T12:40:33.569+0000] {logging_mixin.py:151} INFO - [2023-09-17T12:40:33.569+0000] {dag.py:2915} INFO - Sync 1 DAGs
[2023-09-17T12:40:33.628+0000] {logging_mixin.py:151} INFO - [2023-09-17T12:40:33.627+0000] {dag.py:2937} INFO - Creating ORM DAG for example_dynamic_task_mapping_with_no_taskflow_operators
[2023-09-17T12:40:33.651+0000] {logging_mixin.py:151} INFO - [2023-09-17T12:40:33.651+0000] {dag.py:3696} INFO - Setting next_dagrun for example_dynamic_task_mapping_with_no_taskflow_operators to 2023-09-16T12:40:33.650684+00:00, run_after=2023-09-17T12:40:33.650684+00:00
[2023-09-17T12:40:33.746+0000] {processor.py:179} INFO - Processing /home/airflow/.local/lib/python3.8/site-packages/airflow/example_dags/example_dynamic_task_mapping_with_no_taskflow_operators.py took 0.967 seconds
[2023-09-17T12:41:04.332+0000] {processor.py:157} INFO - Started process (PID=104) to work on /home/airflow/.local/lib/python3.8/site-packages/airflow/example_dags/example_dynamic_task_mapping_with_no_taskflow_operators.py
[2023-09-17T12:41:04.333+0000] {processor.py:829} INFO - Processing file /home/airflow/.local/lib/python3.8/site-packages/airflow/example_dags/example_dynamic_task_mapping_with_no_taskflow_operators.py for tasks to queue
[2023-09-17T12:41:04.337+0000] {logging_mixin.py:151} INFO - [2023-09-17T12:41:04.336+0000] {dagbag.py:539} INFO - Filling up the DagBag from /home/airflow/.local/lib/python3.8/site-packages/airflow/example_dags/example_dynamic_task_mapping_with_no_taskflow_operators.py
[2023-09-17T12:41:04.348+0000] {processor.py:839} INFO - DAG(s) dict_keys(['example_dynamic_task_mapping_with_no_taskflow_operators']) retrieved from /home/airflow/.local/lib/python3.8/site-packages/airflow/example_dags/example_dynamic_task_mapping_with_no_taskflow_operators.py
[2023-09-17T12:41:04.388+0000] {logging_mixin.py:151} INFO - [2023-09-17T12:41:04.388+0000] {dag.py:2915} INFO - Sync 1 DAGs
[2023-09-17T12:41:04.431+0000] {logging_mixin.py:151} INFO - [2023-09-17T12:41:04.431+0000] {dag.py:3696} INFO - Setting next_dagrun for example_dynamic_task_mapping_with_no_taskflow_operators to 2023-09-16T12:41:04.430808+00:00, run_after=2023-09-17T12:41:04.430808+00:00
[2023-09-17T12:41:04.478+0000] {processor.py:179} INFO - Processing /home/airflow/.local/lib/python3.8/site-packages/airflow/example_dags/example_dynamic_task_mapping_with_no_taskflow_operators.py took 0.152 seconds
[2023-09-17T12:41:34.566+0000] {processor.py:157} INFO - Started process (PID=159) to work on /home/airflow/.local/lib/python3.8/site-packages/airflow/example_dags/example_dynamic_task_mapping_with_no_taskflow_operators.py
[2023-09-17T12:41:34.567+0000] {processor.py:829} INFO - Processing file /home/airflow/.local/lib/python3.8/site-packages/airflow/example_dags/example_dynamic_task_mapping_with_no_taskflow_operators.py for tasks to queue
[2023-09-17T12:41:34.569+0000] {logging_mixin.py:151} INFO - [2023-09-17T12:41:34.569+0000] {dagbag.py:539} INFO - Filling up the DagBag from /home/airflow/.local/lib/python3.8/site-packages/airflow/example_dags/example_dynamic_task_mapping_with_no_taskflow_operators.py
[2023-09-17T12:41:34.605+0000] {processor.py:839} INFO - DAG(s) dict_keys(['example_dynamic_task_mapping_with_no_taskflow_operators']) retrieved from /home/airflow/.local/lib/python3.8/site-packages/airflow/example_dags/example_dynamic_task_mapping_with_no_taskflow_operators.py
[2023-09-17T12:41:34.632+0000] {logging_mixin.py:151} INFO - [2023-09-17T12:41:34.632+0000] {dag.py:2915} INFO - Sync 1 DAGs
[2023-09-17T12:41:34.665+0000] {logging_mixin.py:151} INFO - [2023-09-17T12:41:34.665+0000] {dag.py:3696} INFO - Setting next_dagrun for example_dynamic_task_mapping_with_no_taskflow_operators to 2023-09-16T12:41:34.665196+00:00, run_after=2023-09-17T12:41:34.665196+00:00
[2023-09-17T12:41:34.702+0000] {processor.py:179} INFO - Processing /home/airflow/.local/lib/python3.8/site-packages/airflow/example_dags/example_dynamic_task_mapping_with_no_taskflow_operators.py took 0.140 seconds
[2023-09-17T12:42:04.925+0000] {processor.py:157} INFO - Started process (PID=214) to work on /home/airflow/.local/lib/python3.8/site-packages/airflow/example_dags/example_dynamic_task_mapping_with_no_taskflow_operators.py
[2023-09-17T12:42:04.926+0000] {processor.py:829} INFO - Processing file /home/airflow/.local/lib/python3.8/site-packages/airflow/example_dags/example_dynamic_task_mapping_with_no_taskflow_operators.py for tasks to queue
[2023-09-17T12:42:04.928+0000] {logging_mixin.py:151} INFO - [2023-09-17T12:42:04.928+0000] {dagbag.py:539} INFO - Filling up the DagBag from /home/airflow/.local/lib/python3.8/site-packages/airflow/example_dags/example_dynamic_task_mapping_with_no_taskflow_operators.py
[2023-09-17T12:42:04.935+0000] {processor.py:839} INFO - DAG(s) dict_keys(['example_dynamic_task_mapping_with_no_taskflow_operators']) retrieved from /home/airflow/.local/lib/python3.8/site-packages/airflow/example_dags/example_dynamic_task_mapping_with_no_taskflow_operators.py
[2023-09-17T12:42:04.960+0000] {logging_mixin.py:151} INFO - [2023-09-17T12:42:04.959+0000] {dag.py:2915} INFO - Sync 1 DAGs
[2023-09-17T12:42:05.005+0000] {logging_mixin.py:151} INFO - [2023-09-17T12:42:05.005+0000] {dag.py:3696} INFO - Setting next_dagrun for example_dynamic_task_mapping_with_no_taskflow_operators to 2023-09-16T12:42:05.004742+00:00, run_after=2023-09-17T12:42:05.004742+00:00
[2023-09-17T12:42:05.054+0000] {processor.py:179} INFO - Processing /home/airflow/.local/lib/python3.8/site-packages/airflow/example_dags/example_dynamic_task_mapping_with_no_taskflow_operators.py took 0.133 seconds
[2023-09-17T12:42:35.504+0000] {processor.py:157} INFO - Started process (PID=269) to work on /home/airflow/.local/lib/python3.8/site-packages/airflow/example_dags/example_dynamic_task_mapping_with_no_taskflow_operators.py
[2023-09-17T12:42:35.507+0000] {processor.py:829} INFO - Processing file /home/airflow/.local/lib/python3.8/site-packages/airflow/example_dags/example_dynamic_task_mapping_with_no_taskflow_operators.py for tasks to queue
[2023-09-17T12:42:35.511+0000] {logging_mixin.py:151} INFO - [2023-09-17T12:42:35.511+0000] {dagbag.py:539} INFO - Filling up the DagBag from /home/airflow/.local/lib/python3.8/site-packages/airflow/example_dags/example_dynamic_task_mapping_with_no_taskflow_operators.py
[2023-09-17T12:42:35.530+0000] {processor.py:839} INFO - DAG(s) dict_keys(['example_dynamic_task_mapping_with_no_taskflow_operators']) retrieved from /home/airflow/.local/lib/python3.8/site-packages/airflow/example_dags/example_dynamic_task_mapping_with_no_taskflow_operators.py
[2023-09-17T12:42:35.600+0000] {logging_mixin.py:151} INFO - [2023-09-17T12:42:35.599+0000] {dag.py:2915} INFO - Sync 1 DAGs
[2023-09-17T12:42:35.657+0000] {logging_mixin.py:151} INFO - [2023-09-17T12:42:35.656+0000] {dag.py:3696} INFO - Setting next_dagrun for example_dynamic_task_mapping_with_no_taskflow_operators to 2023-09-16T12:42:35.656370+00:00, run_after=2023-09-17T12:42:35.656370+00:00
[2023-09-17T12:42:35.738+0000] {processor.py:179} INFO - Processing /home/airflow/.local/lib/python3.8/site-packages/airflow/example_dags/example_dynamic_task_mapping_with_no_taskflow_operators.py took 0.251 seconds
[2023-09-17T12:43:06.359+0000] {processor.py:157} INFO - Started process (PID=324) to work on /home/airflow/.local/lib/python3.8/site-packages/airflow/example_dags/example_dynamic_task_mapping_with_no_taskflow_operators.py
[2023-09-17T12:43:06.378+0000] {processor.py:829} INFO - Processing file /home/airflow/.local/lib/python3.8/site-packages/airflow/example_dags/example_dynamic_task_mapping_with_no_taskflow_operators.py for tasks to queue
[2023-09-17T12:43:06.381+0000] {logging_mixin.py:151} INFO - [2023-09-17T12:43:06.381+0000] {dagbag.py:539} INFO - Filling up the DagBag from /home/airflow/.local/lib/python3.8/site-packages/airflow/example_dags/example_dynamic_task_mapping_with_no_taskflow_operators.py
[2023-09-17T12:43:06.392+0000] {processor.py:839} INFO - DAG(s) dict_keys(['example_dynamic_task_mapping_with_no_taskflow_operators']) retrieved from /home/airflow/.local/lib/python3.8/site-packages/airflow/example_dags/example_dynamic_task_mapping_with_no_taskflow_operators.py
[2023-09-17T12:43:06.433+0000] {logging_mixin.py:151} INFO - [2023-09-17T12:43:06.433+0000] {dag.py:2915} INFO - Sync 1 DAGs
[2023-09-17T12:43:06.486+0000] {logging_mixin.py:151} INFO - [2023-09-17T12:43:06.486+0000] {dag.py:3696} INFO - Setting next_dagrun for example_dynamic_task_mapping_with_no_taskflow_operators to 2023-09-16T12:43:06.485934+00:00, run_after=2023-09-17T12:43:06.485934+00:00
[2023-09-17T12:43:06.546+0000] {processor.py:179} INFO - Processing /home/airflow/.local/lib/python3.8/site-packages/airflow/example_dags/example_dynamic_task_mapping_with_no_taskflow_operators.py took 0.192 seconds
[2023-09-17T12:43:36.851+0000] {processor.py:157} INFO - Started process (PID=379) to work on /home/airflow/.local/lib/python3.8/site-packages/airflow/example_dags/example_dynamic_task_mapping_with_no_taskflow_operators.py
[2023-09-17T12:43:36.855+0000] {processor.py:829} INFO - Processing file /home/airflow/.local/lib/python3.8/site-packages/airflow/example_dags/example_dynamic_task_mapping_with_no_taskflow_operators.py for tasks to queue
[2023-09-17T12:43:36.861+0000] {logging_mixin.py:151} INFO - [2023-09-17T12:43:36.861+0000] {dagbag.py:539} INFO - Filling up the DagBag from /home/airflow/.local/lib/python3.8/site-packages/airflow/example_dags/example_dynamic_task_mapping_with_no_taskflow_operators.py
[2023-09-17T12:43:36.894+0000] {processor.py:839} INFO - DAG(s) dict_keys(['example_dynamic_task_mapping_with_no_taskflow_operators']) retrieved from /home/airflow/.local/lib/python3.8/site-packages/airflow/example_dags/example_dynamic_task_mapping_with_no_taskflow_operators.py
[2023-09-17T12:43:36.990+0000] {logging_mixin.py:151} INFO - [2023-09-17T12:43:36.990+0000] {dag.py:2915} INFO - Sync 1 DAGs
[2023-09-17T12:43:37.040+0000] {logging_mixin.py:151} INFO - [2023-09-17T12:43:37.039+0000] {dag.py:3696} INFO - Setting next_dagrun for example_dynamic_task_mapping_with_no_taskflow_operators to 2023-09-16T12:43:37.039270+00:00, run_after=2023-09-17T12:43:37.039270+00:00
[2023-09-17T12:43:37.104+0000] {processor.py:179} INFO - Processing /home/airflow/.local/lib/python3.8/site-packages/airflow/example_dags/example_dynamic_task_mapping_with_no_taskflow_operators.py took 0.270 seconds
[2023-09-17T12:44:07.495+0000] {processor.py:157} INFO - Started process (PID=435) to work on /home/airflow/.local/lib/python3.8/site-packages/airflow/example_dags/example_dynamic_task_mapping_with_no_taskflow_operators.py
[2023-09-17T12:44:07.516+0000] {processor.py:829} INFO - Processing file /home/airflow/.local/lib/python3.8/site-packages/airflow/example_dags/example_dynamic_task_mapping_with_no_taskflow_operators.py for tasks to queue
[2023-09-17T12:44:07.520+0000] {logging_mixin.py:151} INFO - [2023-09-17T12:44:07.519+0000] {dagbag.py:539} INFO - Filling up the DagBag from /home/airflow/.local/lib/python3.8/site-packages/airflow/example_dags/example_dynamic_task_mapping_with_no_taskflow_operators.py
[2023-09-17T12:44:07.545+0000] {processor.py:839} INFO - DAG(s) dict_keys(['example_dynamic_task_mapping_with_no_taskflow_operators']) retrieved from /home/airflow/.local/lib/python3.8/site-packages/airflow/example_dags/example_dynamic_task_mapping_with_no_taskflow_operators.py
[2023-09-17T12:44:07.597+0000] {logging_mixin.py:151} INFO - [2023-09-17T12:44:07.596+0000] {dag.py:2915} INFO - Sync 1 DAGs
[2023-09-17T12:44:07.635+0000] {logging_mixin.py:151} INFO - [2023-09-17T12:44:07.634+0000] {dag.py:3696} INFO - Setting next_dagrun for example_dynamic_task_mapping_with_no_taskflow_operators to 2023-09-16T12:44:07.634452+00:00, run_after=2023-09-17T12:44:07.634452+00:00
[2023-09-17T12:44:07.674+0000] {processor.py:179} INFO - Processing /home/airflow/.local/lib/python3.8/site-packages/airflow/example_dags/example_dynamic_task_mapping_with_no_taskflow_operators.py took 0.188 seconds
[2023-09-17T12:44:37.866+0000] {processor.py:157} INFO - Started process (PID=488) to work on /home/airflow/.local/lib/python3.8/site-packages/airflow/example_dags/example_dynamic_task_mapping_with_no_taskflow_operators.py
[2023-09-17T12:44:37.867+0000] {processor.py:829} INFO - Processing file /home/airflow/.local/lib/python3.8/site-packages/airflow/example_dags/example_dynamic_task_mapping_with_no_taskflow_operators.py for tasks to queue
[2023-09-17T12:44:37.869+0000] {logging_mixin.py:151} INFO - [2023-09-17T12:44:37.869+0000] {dagbag.py:539} INFO - Filling up the DagBag from /home/airflow/.local/lib/python3.8/site-packages/airflow/example_dags/example_dynamic_task_mapping_with_no_taskflow_operators.py
[2023-09-17T12:44:37.877+0000] {processor.py:839} INFO - DAG(s) dict_keys(['example_dynamic_task_mapping_with_no_taskflow_operators']) retrieved from /home/airflow/.local/lib/python3.8/site-packages/airflow/example_dags/example_dynamic_task_mapping_with_no_taskflow_operators.py
[2023-09-17T12:44:37.904+0000] {logging_mixin.py:151} INFO - [2023-09-17T12:44:37.903+0000] {dag.py:2915} INFO - Sync 1 DAGs
[2023-09-17T12:44:37.940+0000] {logging_mixin.py:151} INFO - [2023-09-17T12:44:37.939+0000] {dag.py:3696} INFO - Setting next_dagrun for example_dynamic_task_mapping_with_no_taskflow_operators to 2023-09-16T12:44:37.939511+00:00, run_after=2023-09-17T12:44:37.939511+00:00
[2023-09-17T12:44:38.037+0000] {processor.py:179} INFO - Processing /home/airflow/.local/lib/python3.8/site-packages/airflow/example_dags/example_dynamic_task_mapping_with_no_taskflow_operators.py took 0.175 seconds
[2023-09-17T12:45:08.530+0000] {processor.py:157} INFO - Started process (PID=544) to work on /home/airflow/.local/lib/python3.8/site-packages/airflow/example_dags/example_dynamic_task_mapping_with_no_taskflow_operators.py
[2023-09-17T12:45:08.541+0000] {processor.py:829} INFO - Processing file /home/airflow/.local/lib/python3.8/site-packages/airflow/example_dags/example_dynamic_task_mapping_with_no_taskflow_operators.py for tasks to queue
[2023-09-17T12:45:08.544+0000] {logging_mixin.py:151} INFO - [2023-09-17T12:45:08.544+0000] {dagbag.py:539} INFO - Filling up the DagBag from /home/airflow/.local/lib/python3.8/site-packages/airflow/example_dags/example_dynamic_task_mapping_with_no_taskflow_operators.py
[2023-09-17T12:45:08.551+0000] {processor.py:839} INFO - DAG(s) dict_keys(['example_dynamic_task_mapping_with_no_taskflow_operators']) retrieved from /home/airflow/.local/lib/python3.8/site-packages/airflow/example_dags/example_dynamic_task_mapping_with_no_taskflow_operators.py
[2023-09-17T12:45:08.576+0000] {logging_mixin.py:151} INFO - [2023-09-17T12:45:08.575+0000] {dag.py:2915} INFO - Sync 1 DAGs
[2023-09-17T12:45:08.606+0000] {logging_mixin.py:151} INFO - [2023-09-17T12:45:08.606+0000] {dag.py:3696} INFO - Setting next_dagrun for example_dynamic_task_mapping_with_no_taskflow_operators to 2023-09-16T12:45:08.606317+00:00, run_after=2023-09-17T12:45:08.606317+00:00
[2023-09-17T12:45:08.643+0000] {processor.py:179} INFO - Processing /home/airflow/.local/lib/python3.8/site-packages/airflow/example_dags/example_dynamic_task_mapping_with_no_taskflow_operators.py took 0.118 seconds
[2023-09-17T12:45:38.785+0000] {processor.py:157} INFO - Started process (PID=599) to work on /home/airflow/.local/lib/python3.8/site-packages/airflow/example_dags/example_dynamic_task_mapping_with_no_taskflow_operators.py
[2023-09-17T12:45:38.787+0000] {processor.py:829} INFO - Processing file /home/airflow/.local/lib/python3.8/site-packages/airflow/example_dags/example_dynamic_task_mapping_with_no_taskflow_operators.py for tasks to queue
[2023-09-17T12:45:38.792+0000] {logging_mixin.py:151} INFO - [2023-09-17T12:45:38.791+0000] {dagbag.py:539} INFO - Filling up the DagBag from /home/airflow/.local/lib/python3.8/site-packages/airflow/example_dags/example_dynamic_task_mapping_with_no_taskflow_operators.py
[2023-09-17T12:45:38.802+0000] {processor.py:839} INFO - DAG(s) dict_keys(['example_dynamic_task_mapping_with_no_taskflow_operators']) retrieved from /home/airflow/.local/lib/python3.8/site-packages/airflow/example_dags/example_dynamic_task_mapping_with_no_taskflow_operators.py
[2023-09-17T12:45:38.843+0000] {logging_mixin.py:151} INFO - [2023-09-17T12:45:38.843+0000] {dag.py:2915} INFO - Sync 1 DAGs
[2023-09-17T12:45:38.886+0000] {logging_mixin.py:151} INFO - [2023-09-17T12:45:38.886+0000] {dag.py:3696} INFO - Setting next_dagrun for example_dynamic_task_mapping_with_no_taskflow_operators to 2023-09-16T12:45:38.886222+00:00, run_after=2023-09-17T12:45:38.886222+00:00
[2023-09-17T12:45:38.920+0000] {processor.py:179} INFO - Processing /home/airflow/.local/lib/python3.8/site-packages/airflow/example_dags/example_dynamic_task_mapping_with_no_taskflow_operators.py took 0.140 seconds
[2023-09-17T12:46:09.036+0000] {processor.py:157} INFO - Started process (PID=654) to work on /home/airflow/.local/lib/python3.8/site-packages/airflow/example_dags/example_dynamic_task_mapping_with_no_taskflow_operators.py
[2023-09-17T12:46:09.038+0000] {processor.py:829} INFO - Processing file /home/airflow/.local/lib/python3.8/site-packages/airflow/example_dags/example_dynamic_task_mapping_with_no_taskflow_operators.py for tasks to queue
[2023-09-17T12:46:09.041+0000] {logging_mixin.py:151} INFO - [2023-09-17T12:46:09.041+0000] {dagbag.py:539} INFO - Filling up the DagBag from /home/airflow/.local/lib/python3.8/site-packages/airflow/example_dags/example_dynamic_task_mapping_with_no_taskflow_operators.py
[2023-09-17T12:46:09.051+0000] {processor.py:839} INFO - DAG(s) dict_keys(['example_dynamic_task_mapping_with_no_taskflow_operators']) retrieved from /home/airflow/.local/lib/python3.8/site-packages/airflow/example_dags/example_dynamic_task_mapping_with_no_taskflow_operators.py
[2023-09-17T12:46:09.100+0000] {logging_mixin.py:151} INFO - [2023-09-17T12:46:09.099+0000] {dag.py:2915} INFO - Sync 1 DAGs
[2023-09-17T12:46:09.138+0000] {logging_mixin.py:151} INFO - [2023-09-17T12:46:09.138+0000] {dag.py:3696} INFO - Setting next_dagrun for example_dynamic_task_mapping_with_no_taskflow_operators to 2023-09-16T12:46:09.138135+00:00, run_after=2023-09-17T12:46:09.138135+00:00
[2023-09-17T12:46:09.177+0000] {processor.py:179} INFO - Processing /home/airflow/.local/lib/python3.8/site-packages/airflow/example_dags/example_dynamic_task_mapping_with_no_taskflow_operators.py took 0.150 seconds
[2023-09-17T12:46:39.516+0000] {processor.py:157} INFO - Started process (PID=709) to work on /home/airflow/.local/lib/python3.8/site-packages/airflow/example_dags/example_dynamic_task_mapping_with_no_taskflow_operators.py
[2023-09-17T12:46:39.517+0000] {processor.py:829} INFO - Processing file /home/airflow/.local/lib/python3.8/site-packages/airflow/example_dags/example_dynamic_task_mapping_with_no_taskflow_operators.py for tasks to queue
[2023-09-17T12:46:39.522+0000] {logging_mixin.py:151} INFO - [2023-09-17T12:46:39.522+0000] {dagbag.py:539} INFO - Filling up the DagBag from /home/airflow/.local/lib/python3.8/site-packages/airflow/example_dags/example_dynamic_task_mapping_with_no_taskflow_operators.py
[2023-09-17T12:46:39.532+0000] {processor.py:839} INFO - DAG(s) dict_keys(['example_dynamic_task_mapping_with_no_taskflow_operators']) retrieved from /home/airflow/.local/lib/python3.8/site-packages/airflow/example_dags/example_dynamic_task_mapping_with_no_taskflow_operators.py
[2023-09-17T12:46:39.562+0000] {logging_mixin.py:151} INFO - [2023-09-17T12:46:39.562+0000] {dag.py:2915} INFO - Sync 1 DAGs
[2023-09-17T12:46:39.597+0000] {logging_mixin.py:151} INFO - [2023-09-17T12:46:39.597+0000] {dag.py:3696} INFO - Setting next_dagrun for example_dynamic_task_mapping_with_no_taskflow_operators to 2023-09-16T12:46:39.596790+00:00, run_after=2023-09-17T12:46:39.596790+00:00
[2023-09-17T12:46:39.829+0000] {processor.py:179} INFO - Processing /home/airflow/.local/lib/python3.8/site-packages/airflow/example_dags/example_dynamic_task_mapping_with_no_taskflow_operators.py took 0.319 seconds
[2023-09-17T12:47:10.597+0000] {processor.py:157} INFO - Started process (PID=765) to work on /home/airflow/.local/lib/python3.8/site-packages/airflow/example_dags/example_dynamic_task_mapping_with_no_taskflow_operators.py
[2023-09-17T12:47:10.599+0000] {processor.py:829} INFO - Processing file /home/airflow/.local/lib/python3.8/site-packages/airflow/example_dags/example_dynamic_task_mapping_with_no_taskflow_operators.py for tasks to queue
[2023-09-17T12:47:10.602+0000] {logging_mixin.py:151} INFO - [2023-09-17T12:47:10.602+0000] {dagbag.py:539} INFO - Filling up the DagBag from /home/airflow/.local/lib/python3.8/site-packages/airflow/example_dags/example_dynamic_task_mapping_with_no_taskflow_operators.py
[2023-09-17T12:47:10.609+0000] {processor.py:839} INFO - DAG(s) dict_keys(['example_dynamic_task_mapping_with_no_taskflow_operators']) retrieved from /home/airflow/.local/lib/python3.8/site-packages/airflow/example_dags/example_dynamic_task_mapping_with_no_taskflow_operators.py
[2023-09-17T12:47:10.634+0000] {logging_mixin.py:151} INFO - [2023-09-17T12:47:10.634+0000] {dag.py:2915} INFO - Sync 1 DAGs
[2023-09-17T12:47:10.666+0000] {logging_mixin.py:151} INFO - [2023-09-17T12:47:10.666+0000] {dag.py:3696} INFO - Setting next_dagrun for example_dynamic_task_mapping_with_no_taskflow_operators to 2023-09-16T12:47:10.666018+00:00, run_after=2023-09-17T12:47:10.666018+00:00
[2023-09-17T12:47:10.711+0000] {processor.py:179} INFO - Processing /home/airflow/.local/lib/python3.8/site-packages/airflow/example_dags/example_dynamic_task_mapping_with_no_taskflow_operators.py took 0.119 seconds
[2023-09-17T12:47:41.019+0000] {processor.py:157} INFO - Started process (PID=820) to work on /home/airflow/.local/lib/python3.8/site-packages/airflow/example_dags/example_dynamic_task_mapping_with_no_taskflow_operators.py
[2023-09-17T12:47:41.023+0000] {processor.py:829} INFO - Processing file /home/airflow/.local/lib/python3.8/site-packages/airflow/example_dags/example_dynamic_task_mapping_with_no_taskflow_operators.py for tasks to queue
[2023-09-17T12:47:41.026+0000] {logging_mixin.py:151} INFO - [2023-09-17T12:47:41.026+0000] {dagbag.py:539} INFO - Filling up the DagBag from /home/airflow/.local/lib/python3.8/site-packages/airflow/example_dags/example_dynamic_task_mapping_with_no_taskflow_operators.py
[2023-09-17T12:47:41.043+0000] {processor.py:839} INFO - DAG(s) dict_keys(['example_dynamic_task_mapping_with_no_taskflow_operators']) retrieved from /home/airflow/.local/lib/python3.8/site-packages/airflow/example_dags/example_dynamic_task_mapping_with_no_taskflow_operators.py
[2023-09-17T12:47:41.084+0000] {logging_mixin.py:151} INFO - [2023-09-17T12:47:41.083+0000] {dag.py:2915} INFO - Sync 1 DAGs
[2023-09-17T12:47:41.134+0000] {logging_mixin.py:151} INFO - [2023-09-17T12:47:41.133+0000] {dag.py:3696} INFO - Setting next_dagrun for example_dynamic_task_mapping_with_no_taskflow_operators to 2023-09-16T12:47:41.133222+00:00, run_after=2023-09-17T12:47:41.133222+00:00
[2023-09-17T12:47:41.178+0000] {processor.py:179} INFO - Processing /home/airflow/.local/lib/python3.8/site-packages/airflow/example_dags/example_dynamic_task_mapping_with_no_taskflow_operators.py took 0.165 seconds
[2023-09-17T12:48:11.411+0000] {processor.py:157} INFO - Started process (PID=875) to work on /home/airflow/.local/lib/python3.8/site-packages/airflow/example_dags/example_dynamic_task_mapping_with_no_taskflow_operators.py
[2023-09-17T12:48:11.415+0000] {processor.py:829} INFO - Processing file /home/airflow/.local/lib/python3.8/site-packages/airflow/example_dags/example_dynamic_task_mapping_with_no_taskflow_operators.py for tasks to queue
[2023-09-17T12:48:11.418+0000] {logging_mixin.py:151} INFO - [2023-09-17T12:48:11.418+0000] {dagbag.py:539} INFO - Filling up the DagBag from /home/airflow/.local/lib/python3.8/site-packages/airflow/example_dags/example_dynamic_task_mapping_with_no_taskflow_operators.py
[2023-09-17T12:48:11.439+0000] {processor.py:839} INFO - DAG(s) dict_keys(['example_dynamic_task_mapping_with_no_taskflow_operators']) retrieved from /home/airflow/.local/lib/python3.8/site-packages/airflow/example_dags/example_dynamic_task_mapping_with_no_taskflow_operators.py
[2023-09-17T12:48:11.509+0000] {logging_mixin.py:151} INFO - [2023-09-17T12:48:11.508+0000] {dag.py:2915} INFO - Sync 1 DAGs
[2023-09-17T12:48:11.550+0000] {logging_mixin.py:151} INFO - [2023-09-17T12:48:11.550+0000] {dag.py:3696} INFO - Setting next_dagrun for example_dynamic_task_mapping_with_no_taskflow_operators to 2023-09-16T12:48:11.549846+00:00, run_after=2023-09-17T12:48:11.549846+00:00
[2023-09-17T12:48:11.581+0000] {processor.py:179} INFO - Processing /home/airflow/.local/lib/python3.8/site-packages/airflow/example_dags/example_dynamic_task_mapping_with_no_taskflow_operators.py took 0.182 seconds
[2023-09-17T12:48:41.809+0000] {processor.py:157} INFO - Started process (PID=930) to work on /home/airflow/.local/lib/python3.8/site-packages/airflow/example_dags/example_dynamic_task_mapping_with_no_taskflow_operators.py
[2023-09-17T12:48:41.889+0000] {processor.py:829} INFO - Processing file /home/airflow/.local/lib/python3.8/site-packages/airflow/example_dags/example_dynamic_task_mapping_with_no_taskflow_operators.py for tasks to queue
[2023-09-17T12:48:41.891+0000] {logging_mixin.py:151} INFO - [2023-09-17T12:48:41.891+0000] {dagbag.py:539} INFO - Filling up the DagBag from /home/airflow/.local/lib/python3.8/site-packages/airflow/example_dags/example_dynamic_task_mapping_with_no_taskflow_operators.py
[2023-09-17T12:48:41.899+0000] {processor.py:839} INFO - DAG(s) dict_keys(['example_dynamic_task_mapping_with_no_taskflow_operators']) retrieved from /home/airflow/.local/lib/python3.8/site-packages/airflow/example_dags/example_dynamic_task_mapping_with_no_taskflow_operators.py
[2023-09-17T12:48:41.924+0000] {logging_mixin.py:151} INFO - [2023-09-17T12:48:41.923+0000] {dag.py:2915} INFO - Sync 1 DAGs
[2023-09-17T12:48:41.952+0000] {logging_mixin.py:151} INFO - [2023-09-17T12:48:41.952+0000] {dag.py:3696} INFO - Setting next_dagrun for example_dynamic_task_mapping_with_no_taskflow_operators to 2023-09-16T12:48:41.952129+00:00, run_after=2023-09-17T12:48:41.952129+00:00
[2023-09-17T12:48:42.008+0000] {processor.py:179} INFO - Processing /home/airflow/.local/lib/python3.8/site-packages/airflow/example_dags/example_dynamic_task_mapping_with_no_taskflow_operators.py took 0.202 seconds
[2023-09-17T12:49:12.340+0000] {processor.py:157} INFO - Started process (PID=986) to work on /home/airflow/.local/lib/python3.8/site-packages/airflow/example_dags/example_dynamic_task_mapping_with_no_taskflow_operators.py
[2023-09-17T12:49:12.341+0000] {processor.py:829} INFO - Processing file /home/airflow/.local/lib/python3.8/site-packages/airflow/example_dags/example_dynamic_task_mapping_with_no_taskflow_operators.py for tasks to queue
[2023-09-17T12:49:12.343+0000] {logging_mixin.py:151} INFO - [2023-09-17T12:49:12.343+0000] {dagbag.py:539} INFO - Filling up the DagBag from /home/airflow/.local/lib/python3.8/site-packages/airflow/example_dags/example_dynamic_task_mapping_with_no_taskflow_operators.py
[2023-09-17T12:49:12.351+0000] {processor.py:839} INFO - DAG(s) dict_keys(['example_dynamic_task_mapping_with_no_taskflow_operators']) retrieved from /home/airflow/.local/lib/python3.8/site-packages/airflow/example_dags/example_dynamic_task_mapping_with_no_taskflow_operators.py
[2023-09-17T12:49:12.407+0000] {logging_mixin.py:151} INFO - [2023-09-17T12:49:12.406+0000] {dag.py:2915} INFO - Sync 1 DAGs
[2023-09-17T12:49:12.468+0000] {logging_mixin.py:151} INFO - [2023-09-17T12:49:12.468+0000] {dag.py:3696} INFO - Setting next_dagrun for example_dynamic_task_mapping_with_no_taskflow_operators to 2023-09-16T12:49:12.468119+00:00, run_after=2023-09-17T12:49:12.468119+00:00
[2023-09-17T12:49:12.510+0000] {processor.py:179} INFO - Processing /home/airflow/.local/lib/python3.8/site-packages/airflow/example_dags/example_dynamic_task_mapping_with_no_taskflow_operators.py took 0.175 seconds
[2023-09-17T12:49:42.885+0000] {processor.py:157} INFO - Started process (PID=1041) to work on /home/airflow/.local/lib/python3.8/site-packages/airflow/example_dags/example_dynamic_task_mapping_with_no_taskflow_operators.py
[2023-09-17T12:49:42.910+0000] {processor.py:829} INFO - Processing file /home/airflow/.local/lib/python3.8/site-packages/airflow/example_dags/example_dynamic_task_mapping_with_no_taskflow_operators.py for tasks to queue
[2023-09-17T12:49:42.914+0000] {logging_mixin.py:151} INFO - [2023-09-17T12:49:42.913+0000] {dagbag.py:539} INFO - Filling up the DagBag from /home/airflow/.local/lib/python3.8/site-packages/airflow/example_dags/example_dynamic_task_mapping_with_no_taskflow_operators.py
[2023-09-17T12:49:42.922+0000] {processor.py:839} INFO - DAG(s) dict_keys(['example_dynamic_task_mapping_with_no_taskflow_operators']) retrieved from /home/airflow/.local/lib/python3.8/site-packages/airflow/example_dags/example_dynamic_task_mapping_with_no_taskflow_operators.py
[2023-09-17T12:49:42.947+0000] {logging_mixin.py:151} INFO - [2023-09-17T12:49:42.947+0000] {dag.py:2915} INFO - Sync 1 DAGs
[2023-09-17T12:49:42.977+0000] {logging_mixin.py:151} INFO - [2023-09-17T12:49:42.977+0000] {dag.py:3696} INFO - Setting next_dagrun for example_dynamic_task_mapping_with_no_taskflow_operators to 2023-09-16T12:49:42.976909+00:00, run_after=2023-09-17T12:49:42.976909+00:00
[2023-09-17T12:49:43.098+0000] {processor.py:179} INFO - Processing /home/airflow/.local/lib/python3.8/site-packages/airflow/example_dags/example_dynamic_task_mapping_with_no_taskflow_operators.py took 0.217 seconds
[2023-09-17T12:50:13.528+0000] {processor.py:157} INFO - Started process (PID=1096) to work on /home/airflow/.local/lib/python3.8/site-packages/airflow/example_dags/example_dynamic_task_mapping_with_no_taskflow_operators.py
[2023-09-17T12:50:13.529+0000] {processor.py:829} INFO - Processing file /home/airflow/.local/lib/python3.8/site-packages/airflow/example_dags/example_dynamic_task_mapping_with_no_taskflow_operators.py for tasks to queue
[2023-09-17T12:50:13.532+0000] {logging_mixin.py:151} INFO - [2023-09-17T12:50:13.531+0000] {dagbag.py:539} INFO - Filling up the DagBag from /home/airflow/.local/lib/python3.8/site-packages/airflow/example_dags/example_dynamic_task_mapping_with_no_taskflow_operators.py
[2023-09-17T12:50:13.539+0000] {processor.py:839} INFO - DAG(s) dict_keys(['example_dynamic_task_mapping_with_no_taskflow_operators']) retrieved from /home/airflow/.local/lib/python3.8/site-packages/airflow/example_dags/example_dynamic_task_mapping_with_no_taskflow_operators.py
[2023-09-17T12:50:13.566+0000] {logging_mixin.py:151} INFO - [2023-09-17T12:50:13.565+0000] {dag.py:2915} INFO - Sync 1 DAGs
[2023-09-17T12:50:13.602+0000] {logging_mixin.py:151} INFO - [2023-09-17T12:50:13.602+0000] {dag.py:3696} INFO - Setting next_dagrun for example_dynamic_task_mapping_with_no_taskflow_operators to 2023-09-16T12:50:13.601714+00:00, run_after=2023-09-17T12:50:13.601714+00:00
[2023-09-17T12:50:13.640+0000] {processor.py:179} INFO - Processing /home/airflow/.local/lib/python3.8/site-packages/airflow/example_dags/example_dynamic_task_mapping_with_no_taskflow_operators.py took 0.116 seconds
[2023-09-17T12:50:44.182+0000] {processor.py:157} INFO - Started process (PID=1150) to work on /home/airflow/.local/lib/python3.8/site-packages/airflow/example_dags/example_dynamic_task_mapping_with_no_taskflow_operators.py
[2023-09-17T12:50:44.184+0000] {processor.py:829} INFO - Processing file /home/airflow/.local/lib/python3.8/site-packages/airflow/example_dags/example_dynamic_task_mapping_with_no_taskflow_operators.py for tasks to queue
[2023-09-17T12:50:44.190+0000] {logging_mixin.py:151} INFO - [2023-09-17T12:50:44.189+0000] {dagbag.py:539} INFO - Filling up the DagBag from /home/airflow/.local/lib/python3.8/site-packages/airflow/example_dags/example_dynamic_task_mapping_with_no_taskflow_operators.py
[2023-09-17T12:50:44.207+0000] {processor.py:839} INFO - DAG(s) dict_keys(['example_dynamic_task_mapping_with_no_taskflow_operators']) retrieved from /home/airflow/.local/lib/python3.8/site-packages/airflow/example_dags/example_dynamic_task_mapping_with_no_taskflow_operators.py
[2023-09-17T12:50:44.261+0000] {logging_mixin.py:151} INFO - [2023-09-17T12:50:44.260+0000] {dag.py:2915} INFO - Sync 1 DAGs
[2023-09-17T12:50:44.313+0000] {logging_mixin.py:151} INFO - [2023-09-17T12:50:44.312+0000] {dag.py:3696} INFO - Setting next_dagrun for example_dynamic_task_mapping_with_no_taskflow_operators to 2023-09-16T12:50:44.312132+00:00, run_after=2023-09-17T12:50:44.312132+00:00
[2023-09-17T12:50:44.358+0000] {processor.py:179} INFO - Processing /home/airflow/.local/lib/python3.8/site-packages/airflow/example_dags/example_dynamic_task_mapping_with_no_taskflow_operators.py took 0.182 seconds
[2023-09-17T12:51:14.691+0000] {processor.py:157} INFO - Started process (PID=1204) to work on /home/airflow/.local/lib/python3.8/site-packages/airflow/example_dags/example_dynamic_task_mapping_with_no_taskflow_operators.py
[2023-09-17T12:51:14.692+0000] {processor.py:829} INFO - Processing file /home/airflow/.local/lib/python3.8/site-packages/airflow/example_dags/example_dynamic_task_mapping_with_no_taskflow_operators.py for tasks to queue
[2023-09-17T12:51:14.698+0000] {logging_mixin.py:151} INFO - [2023-09-17T12:51:14.697+0000] {dagbag.py:539} INFO - Filling up the DagBag from /home/airflow/.local/lib/python3.8/site-packages/airflow/example_dags/example_dynamic_task_mapping_with_no_taskflow_operators.py
[2023-09-17T12:51:14.710+0000] {processor.py:839} INFO - DAG(s) dict_keys(['example_dynamic_task_mapping_with_no_taskflow_operators']) retrieved from /home/airflow/.local/lib/python3.8/site-packages/airflow/example_dags/example_dynamic_task_mapping_with_no_taskflow_operators.py
[2023-09-17T12:51:14.773+0000] {logging_mixin.py:151} INFO - [2023-09-17T12:51:14.772+0000] {dag.py:2915} INFO - Sync 1 DAGs
[2023-09-17T12:51:14.857+0000] {logging_mixin.py:151} INFO - [2023-09-17T12:51:14.857+0000] {dag.py:3696} INFO - Setting next_dagrun for example_dynamic_task_mapping_with_no_taskflow_operators to 2023-09-16T12:51:14.856609+00:00, run_after=2023-09-17T12:51:14.856609+00:00
[2023-09-17T12:51:14.937+0000] {processor.py:179} INFO - Processing /home/airflow/.local/lib/python3.8/site-packages/airflow/example_dags/example_dynamic_task_mapping_with_no_taskflow_operators.py took 0.252 seconds
[2023-09-17T12:51:45.081+0000] {processor.py:157} INFO - Started process (PID=1258) to work on /home/airflow/.local/lib/python3.8/site-packages/airflow/example_dags/example_dynamic_task_mapping_with_no_taskflow_operators.py
[2023-09-17T12:51:45.100+0000] {processor.py:829} INFO - Processing file /home/airflow/.local/lib/python3.8/site-packages/airflow/example_dags/example_dynamic_task_mapping_with_no_taskflow_operators.py for tasks to queue
[2023-09-17T12:51:45.106+0000] {logging_mixin.py:151} INFO - [2023-09-17T12:51:45.106+0000] {dagbag.py:539} INFO - Filling up the DagBag from /home/airflow/.local/lib/python3.8/site-packages/airflow/example_dags/example_dynamic_task_mapping_with_no_taskflow_operators.py
[2023-09-17T12:51:45.117+0000] {processor.py:839} INFO - DAG(s) dict_keys(['example_dynamic_task_mapping_with_no_taskflow_operators']) retrieved from /home/airflow/.local/lib/python3.8/site-packages/airflow/example_dags/example_dynamic_task_mapping_with_no_taskflow_operators.py
[2023-09-17T12:51:45.217+0000] {logging_mixin.py:151} INFO - [2023-09-17T12:51:45.216+0000] {dag.py:2915} INFO - Sync 1 DAGs
[2023-09-17T12:51:45.303+0000] {logging_mixin.py:151} INFO - [2023-09-17T12:51:45.302+0000] {dag.py:3696} INFO - Setting next_dagrun for example_dynamic_task_mapping_with_no_taskflow_operators to 2023-09-16T12:51:45.301355+00:00, run_after=2023-09-17T12:51:45.301355+00:00
[2023-09-17T12:51:45.433+0000] {processor.py:179} INFO - Processing /home/airflow/.local/lib/python3.8/site-packages/airflow/example_dags/example_dynamic_task_mapping_with_no_taskflow_operators.py took 0.373 seconds
[2023-09-17T12:52:15.687+0000] {processor.py:157} INFO - Started process (PID=1314) to work on /home/airflow/.local/lib/python3.8/site-packages/airflow/example_dags/example_dynamic_task_mapping_with_no_taskflow_operators.py
[2023-09-17T12:52:15.697+0000] {processor.py:829} INFO - Processing file /home/airflow/.local/lib/python3.8/site-packages/airflow/example_dags/example_dynamic_task_mapping_with_no_taskflow_operators.py for tasks to queue
[2023-09-17T12:52:15.700+0000] {logging_mixin.py:151} INFO - [2023-09-17T12:52:15.700+0000] {dagbag.py:539} INFO - Filling up the DagBag from /home/airflow/.local/lib/python3.8/site-packages/airflow/example_dags/example_dynamic_task_mapping_with_no_taskflow_operators.py
[2023-09-17T12:52:15.710+0000] {processor.py:839} INFO - DAG(s) dict_keys(['example_dynamic_task_mapping_with_no_taskflow_operators']) retrieved from /home/airflow/.local/lib/python3.8/site-packages/airflow/example_dags/example_dynamic_task_mapping_with_no_taskflow_operators.py
[2023-09-17T12:52:15.741+0000] {logging_mixin.py:151} INFO - [2023-09-17T12:52:15.740+0000] {dag.py:2915} INFO - Sync 1 DAGs
[2023-09-17T12:52:15.826+0000] {logging_mixin.py:151} INFO - [2023-09-17T12:52:15.824+0000] {dag.py:3696} INFO - Setting next_dagrun for example_dynamic_task_mapping_with_no_taskflow_operators to 2023-09-16T12:52:15.823912+00:00, run_after=2023-09-17T12:52:15.823912+00:00
[2023-09-17T12:52:15.900+0000] {processor.py:179} INFO - Processing /home/airflow/.local/lib/python3.8/site-packages/airflow/example_dags/example_dynamic_task_mapping_with_no_taskflow_operators.py took 0.217 seconds
[2023-09-17T12:52:46.048+0000] {processor.py:157} INFO - Started process (PID=1369) to work on /home/airflow/.local/lib/python3.8/site-packages/airflow/example_dags/example_dynamic_task_mapping_with_no_taskflow_operators.py
[2023-09-17T12:52:46.050+0000] {processor.py:829} INFO - Processing file /home/airflow/.local/lib/python3.8/site-packages/airflow/example_dags/example_dynamic_task_mapping_with_no_taskflow_operators.py for tasks to queue
[2023-09-17T12:52:46.056+0000] {logging_mixin.py:151} INFO - [2023-09-17T12:52:46.055+0000] {dagbag.py:539} INFO - Filling up the DagBag from /home/airflow/.local/lib/python3.8/site-packages/airflow/example_dags/example_dynamic_task_mapping_with_no_taskflow_operators.py
[2023-09-17T12:52:46.074+0000] {processor.py:839} INFO - DAG(s) dict_keys(['example_dynamic_task_mapping_with_no_taskflow_operators']) retrieved from /home/airflow/.local/lib/python3.8/site-packages/airflow/example_dags/example_dynamic_task_mapping_with_no_taskflow_operators.py
[2023-09-17T12:52:46.119+0000] {logging_mixin.py:151} INFO - [2023-09-17T12:52:46.118+0000] {dag.py:2915} INFO - Sync 1 DAGs
[2023-09-17T12:52:46.202+0000] {logging_mixin.py:151} INFO - [2023-09-17T12:52:46.202+0000] {dag.py:3696} INFO - Setting next_dagrun for example_dynamic_task_mapping_with_no_taskflow_operators to 2023-09-16T12:52:46.201503+00:00, run_after=2023-09-17T12:52:46.201503+00:00
[2023-09-17T12:52:46.319+0000] {processor.py:179} INFO - Processing /home/airflow/.local/lib/python3.8/site-packages/airflow/example_dags/example_dynamic_task_mapping_with_no_taskflow_operators.py took 0.276 seconds
