[2023-09-17T12:40:49.760+0000] {processor.py:157} INFO - Started process (PID=77) to work on /home/airflow/.local/lib/python3.8/site-packages/airflow/example_dags/example_subdag_operator.py
[2023-09-17T12:40:49.761+0000] {processor.py:829} INFO - Processing file /home/airflow/.local/lib/python3.8/site-packages/airflow/example_dags/example_subdag_operator.py for tasks to queue
[2023-09-17T12:40:49.765+0000] {logging_mixin.py:151} INFO - [2023-09-17T12:40:49.765+0000] {dagbag.py:539} INFO - Filling up the DagBag from /home/airflow/.local/lib/python3.8/site-packages/airflow/example_dags/example_subdag_operator.py
[2023-09-17T12:40:49.802+0000] {processor.py:839} INFO - DAG(s) dict_keys(['example_subdag_operator.section-1', 'example_subdag_operator.section-2', 'example_subdag_operator']) retrieved from /home/airflow/.local/lib/python3.8/site-packages/airflow/example_dags/example_subdag_operator.py
[2023-09-17T12:40:50.061+0000] {logging_mixin.py:151} INFO - [2023-09-17T12:40:50.060+0000] {manager.py:499} INFO - Created Permission View: %s
[2023-09-17T12:40:50.094+0000] {logging_mixin.py:151} INFO - [2023-09-17T12:40:50.094+0000] {manager.py:499} INFO - Created Permission View: %s
[2023-09-17T12:40:50.116+0000] {logging_mixin.py:151} INFO - [2023-09-17T12:40:50.116+0000] {manager.py:499} INFO - Created Permission View: %s
[2023-09-17T12:40:50.116+0000] {logging_mixin.py:151} INFO - [2023-09-17T12:40:50.116+0000] {security.py:708} INFO - Not syncing DAG-level permissions for DAG 'DAG:example_subdag_operator' as access control is unset.
[2023-09-17T12:40:50.117+0000] {logging_mixin.py:151} INFO - [2023-09-17T12:40:50.117+0000] {dag.py:2915} INFO - Sync 3 DAGs
[2023-09-17T12:40:50.136+0000] {logging_mixin.py:151} INFO - [2023-09-17T12:40:50.135+0000] {dag.py:2937} INFO - Creating ORM DAG for example_subdag_operator.section-2
[2023-09-17T12:40:50.137+0000] {logging_mixin.py:151} INFO - [2023-09-17T12:40:50.136+0000] {dag.py:2937} INFO - Creating ORM DAG for example_subdag_operator.section-1
[2023-09-17T12:40:50.138+0000] {logging_mixin.py:151} INFO - [2023-09-17T12:40:50.137+0000] {dag.py:2937} INFO - Creating ORM DAG for example_subdag_operator
[2023-09-17T12:40:50.153+0000] {logging_mixin.py:151} INFO - [2023-09-17T12:40:50.153+0000] {dag.py:3696} INFO - Setting next_dagrun for example_subdag_operator to 2022-01-01T00:00:00+00:00, run_after=2022-01-01T00:00:00+00:00
[2023-09-17T12:40:50.154+0000] {logging_mixin.py:151} INFO - [2023-09-17T12:40:50.154+0000] {dag.py:3696} INFO - Setting next_dagrun for example_subdag_operator.section-1 to None, run_after=None
[2023-09-17T12:40:50.155+0000] {logging_mixin.py:151} INFO - [2023-09-17T12:40:50.154+0000] {dag.py:3696} INFO - Setting next_dagrun for example_subdag_operator.section-2 to None, run_after=None
[2023-09-17T12:40:50.168+0000] {logging_mixin.py:151} INFO - [2023-09-17T12:40:50.168+0000] {dag.py:2915} INFO - Sync 2 DAGs
[2023-09-17T12:40:50.178+0000] {logging_mixin.py:151} INFO - [2023-09-17T12:40:50.178+0000] {dag.py:3696} INFO - Setting next_dagrun for example_subdag_operator.section-1 to None, run_after=None
[2023-09-17T12:40:50.183+0000] {logging_mixin.py:151} INFO - [2023-09-17T12:40:50.182+0000] {dag.py:3696} INFO - Setting next_dagrun for example_subdag_operator.section-2 to None, run_after=None
[2023-09-17T12:40:50.216+0000] {processor.py:179} INFO - Processing /home/airflow/.local/lib/python3.8/site-packages/airflow/example_dags/example_subdag_operator.py took 0.460 seconds
[2023-09-17T12:41:21.821+0000] {processor.py:157} INFO - Started process (PID=132) to work on /home/airflow/.local/lib/python3.8/site-packages/airflow/example_dags/example_subdag_operator.py
[2023-09-17T12:41:21.863+0000] {processor.py:829} INFO - Processing file /home/airflow/.local/lib/python3.8/site-packages/airflow/example_dags/example_subdag_operator.py for tasks to queue
[2023-09-17T12:41:21.868+0000] {logging_mixin.py:151} INFO - [2023-09-17T12:41:21.867+0000] {dagbag.py:539} INFO - Filling up the DagBag from /home/airflow/.local/lib/python3.8/site-packages/airflow/example_dags/example_subdag_operator.py
[2023-09-17T12:41:21.962+0000] {processor.py:839} INFO - DAG(s) dict_keys(['example_subdag_operator.section-1', 'example_subdag_operator.section-2', 'example_subdag_operator']) retrieved from /home/airflow/.local/lib/python3.8/site-packages/airflow/example_dags/example_subdag_operator.py
[2023-09-17T12:41:21.990+0000] {logging_mixin.py:151} INFO - [2023-09-17T12:41:21.990+0000] {dag.py:2915} INFO - Sync 3 DAGs
[2023-09-17T12:41:22.018+0000] {logging_mixin.py:151} INFO - [2023-09-17T12:41:22.018+0000] {dag.py:3696} INFO - Setting next_dagrun for example_subdag_operator to 2022-01-01T00:00:00+00:00, run_after=2022-01-01T00:00:00+00:00
[2023-09-17T12:41:22.023+0000] {logging_mixin.py:151} INFO - [2023-09-17T12:41:22.022+0000] {dag.py:3696} INFO - Setting next_dagrun for example_subdag_operator.section-1 to None, run_after=None
[2023-09-17T12:41:22.024+0000] {logging_mixin.py:151} INFO - [2023-09-17T12:41:22.024+0000] {dag.py:3696} INFO - Setting next_dagrun for example_subdag_operator.section-2 to None, run_after=None
[2023-09-17T12:41:22.035+0000] {logging_mixin.py:151} INFO - [2023-09-17T12:41:22.035+0000] {dag.py:2915} INFO - Sync 2 DAGs
[2023-09-17T12:41:22.042+0000] {logging_mixin.py:151} INFO - [2023-09-17T12:41:22.042+0000] {dag.py:3696} INFO - Setting next_dagrun for example_subdag_operator.section-1 to None, run_after=None
[2023-09-17T12:41:22.042+0000] {logging_mixin.py:151} INFO - [2023-09-17T12:41:22.042+0000] {dag.py:3696} INFO - Setting next_dagrun for example_subdag_operator.section-2 to None, run_after=None
[2023-09-17T12:41:22.098+0000] {processor.py:179} INFO - Processing /home/airflow/.local/lib/python3.8/site-packages/airflow/example_dags/example_subdag_operator.py took 0.281 seconds
[2023-09-17T12:41:52.457+0000] {processor.py:157} INFO - Started process (PID=187) to work on /home/airflow/.local/lib/python3.8/site-packages/airflow/example_dags/example_subdag_operator.py
[2023-09-17T12:41:52.460+0000] {processor.py:829} INFO - Processing file /home/airflow/.local/lib/python3.8/site-packages/airflow/example_dags/example_subdag_operator.py for tasks to queue
[2023-09-17T12:41:52.464+0000] {logging_mixin.py:151} INFO - [2023-09-17T12:41:52.464+0000] {dagbag.py:539} INFO - Filling up the DagBag from /home/airflow/.local/lib/python3.8/site-packages/airflow/example_dags/example_subdag_operator.py
[2023-09-17T12:41:52.546+0000] {processor.py:839} INFO - DAG(s) dict_keys(['example_subdag_operator.section-1', 'example_subdag_operator.section-2', 'example_subdag_operator']) retrieved from /home/airflow/.local/lib/python3.8/site-packages/airflow/example_dags/example_subdag_operator.py
[2023-09-17T12:41:52.625+0000] {logging_mixin.py:151} INFO - [2023-09-17T12:41:52.625+0000] {dag.py:2915} INFO - Sync 3 DAGs
[2023-09-17T12:41:52.700+0000] {logging_mixin.py:151} INFO - [2023-09-17T12:41:52.700+0000] {dag.py:3696} INFO - Setting next_dagrun for example_subdag_operator to 2022-01-01T00:00:00+00:00, run_after=2022-01-01T00:00:00+00:00
[2023-09-17T12:41:52.714+0000] {logging_mixin.py:151} INFO - [2023-09-17T12:41:52.713+0000] {dag.py:3696} INFO - Setting next_dagrun for example_subdag_operator.section-1 to None, run_after=None
[2023-09-17T12:41:52.718+0000] {logging_mixin.py:151} INFO - [2023-09-17T12:41:52.717+0000] {dag.py:3696} INFO - Setting next_dagrun for example_subdag_operator.section-2 to None, run_after=None
[2023-09-17T12:41:52.747+0000] {logging_mixin.py:151} INFO - [2023-09-17T12:41:52.746+0000] {dag.py:2915} INFO - Sync 2 DAGs
[2023-09-17T12:41:52.762+0000] {logging_mixin.py:151} INFO - [2023-09-17T12:41:52.761+0000] {dag.py:3696} INFO - Setting next_dagrun for example_subdag_operator.section-1 to None, run_after=None
[2023-09-17T12:41:52.762+0000] {logging_mixin.py:151} INFO - [2023-09-17T12:41:52.762+0000] {dag.py:3696} INFO - Setting next_dagrun for example_subdag_operator.section-2 to None, run_after=None
[2023-09-17T12:41:52.804+0000] {processor.py:179} INFO - Processing /home/airflow/.local/lib/python3.8/site-packages/airflow/example_dags/example_subdag_operator.py took 0.359 seconds
[2023-09-17T12:42:23.480+0000] {processor.py:157} INFO - Started process (PID=241) to work on /home/airflow/.local/lib/python3.8/site-packages/airflow/example_dags/example_subdag_operator.py
[2023-09-17T12:42:23.490+0000] {processor.py:829} INFO - Processing file /home/airflow/.local/lib/python3.8/site-packages/airflow/example_dags/example_subdag_operator.py for tasks to queue
[2023-09-17T12:42:23.493+0000] {logging_mixin.py:151} INFO - [2023-09-17T12:42:23.492+0000] {dagbag.py:539} INFO - Filling up the DagBag from /home/airflow/.local/lib/python3.8/site-packages/airflow/example_dags/example_subdag_operator.py
[2023-09-17T12:42:23.526+0000] {processor.py:839} INFO - DAG(s) dict_keys(['example_subdag_operator.section-1', 'example_subdag_operator.section-2', 'example_subdag_operator']) retrieved from /home/airflow/.local/lib/python3.8/site-packages/airflow/example_dags/example_subdag_operator.py
[2023-09-17T12:42:23.548+0000] {logging_mixin.py:151} INFO - [2023-09-17T12:42:23.548+0000] {dag.py:2915} INFO - Sync 3 DAGs
[2023-09-17T12:42:23.584+0000] {logging_mixin.py:151} INFO - [2023-09-17T12:42:23.583+0000] {dag.py:3696} INFO - Setting next_dagrun for example_subdag_operator to 2022-01-01T00:00:00+00:00, run_after=2022-01-01T00:00:00+00:00
[2023-09-17T12:42:23.589+0000] {logging_mixin.py:151} INFO - [2023-09-17T12:42:23.588+0000] {dag.py:3696} INFO - Setting next_dagrun for example_subdag_operator.section-1 to None, run_after=None
[2023-09-17T12:42:23.591+0000] {logging_mixin.py:151} INFO - [2023-09-17T12:42:23.590+0000] {dag.py:3696} INFO - Setting next_dagrun for example_subdag_operator.section-2 to None, run_after=None
[2023-09-17T12:42:23.600+0000] {logging_mixin.py:151} INFO - [2023-09-17T12:42:23.600+0000] {dag.py:2915} INFO - Sync 2 DAGs
[2023-09-17T12:42:23.609+0000] {logging_mixin.py:151} INFO - [2023-09-17T12:42:23.608+0000] {dag.py:3696} INFO - Setting next_dagrun for example_subdag_operator.section-1 to None, run_after=None
[2023-09-17T12:42:23.609+0000] {logging_mixin.py:151} INFO - [2023-09-17T12:42:23.609+0000] {dag.py:3696} INFO - Setting next_dagrun for example_subdag_operator.section-2 to None, run_after=None
[2023-09-17T12:42:23.637+0000] {processor.py:179} INFO - Processing /home/airflow/.local/lib/python3.8/site-packages/airflow/example_dags/example_subdag_operator.py took 0.161 seconds
[2023-09-17T12:42:53.977+0000] {processor.py:157} INFO - Started process (PID=296) to work on /home/airflow/.local/lib/python3.8/site-packages/airflow/example_dags/example_subdag_operator.py
[2023-09-17T12:42:53.978+0000] {processor.py:829} INFO - Processing file /home/airflow/.local/lib/python3.8/site-packages/airflow/example_dags/example_subdag_operator.py for tasks to queue
[2023-09-17T12:42:53.982+0000] {logging_mixin.py:151} INFO - [2023-09-17T12:42:53.981+0000] {dagbag.py:539} INFO - Filling up the DagBag from /home/airflow/.local/lib/python3.8/site-packages/airflow/example_dags/example_subdag_operator.py
[2023-09-17T12:42:54.022+0000] {processor.py:839} INFO - DAG(s) dict_keys(['example_subdag_operator.section-1', 'example_subdag_operator.section-2', 'example_subdag_operator']) retrieved from /home/airflow/.local/lib/python3.8/site-packages/airflow/example_dags/example_subdag_operator.py
[2023-09-17T12:42:54.059+0000] {logging_mixin.py:151} INFO - [2023-09-17T12:42:54.059+0000] {dag.py:2915} INFO - Sync 3 DAGs
[2023-09-17T12:42:54.105+0000] {logging_mixin.py:151} INFO - [2023-09-17T12:42:54.105+0000] {dag.py:3696} INFO - Setting next_dagrun for example_subdag_operator to 2022-01-01T00:00:00+00:00, run_after=2022-01-01T00:00:00+00:00
[2023-09-17T12:42:54.111+0000] {logging_mixin.py:151} INFO - [2023-09-17T12:42:54.111+0000] {dag.py:3696} INFO - Setting next_dagrun for example_subdag_operator.section-1 to None, run_after=None
[2023-09-17T12:42:54.114+0000] {logging_mixin.py:151} INFO - [2023-09-17T12:42:54.114+0000] {dag.py:3696} INFO - Setting next_dagrun for example_subdag_operator.section-2 to None, run_after=None
[2023-09-17T12:42:54.127+0000] {logging_mixin.py:151} INFO - [2023-09-17T12:42:54.126+0000] {dag.py:2915} INFO - Sync 2 DAGs
[2023-09-17T12:42:54.138+0000] {logging_mixin.py:151} INFO - [2023-09-17T12:42:54.138+0000] {dag.py:3696} INFO - Setting next_dagrun for example_subdag_operator.section-1 to None, run_after=None
[2023-09-17T12:42:54.139+0000] {logging_mixin.py:151} INFO - [2023-09-17T12:42:54.139+0000] {dag.py:3696} INFO - Setting next_dagrun for example_subdag_operator.section-2 to None, run_after=None
[2023-09-17T12:42:54.173+0000] {processor.py:179} INFO - Processing /home/airflow/.local/lib/python3.8/site-packages/airflow/example_dags/example_subdag_operator.py took 0.201 seconds
[2023-09-17T12:43:24.986+0000] {processor.py:157} INFO - Started process (PID=351) to work on /home/airflow/.local/lib/python3.8/site-packages/airflow/example_dags/example_subdag_operator.py
[2023-09-17T12:43:25.001+0000] {processor.py:829} INFO - Processing file /home/airflow/.local/lib/python3.8/site-packages/airflow/example_dags/example_subdag_operator.py for tasks to queue
[2023-09-17T12:43:25.007+0000] {logging_mixin.py:151} INFO - [2023-09-17T12:43:25.006+0000] {dagbag.py:539} INFO - Filling up the DagBag from /home/airflow/.local/lib/python3.8/site-packages/airflow/example_dags/example_subdag_operator.py
[2023-09-17T12:43:25.070+0000] {processor.py:839} INFO - DAG(s) dict_keys(['example_subdag_operator.section-1', 'example_subdag_operator.section-2', 'example_subdag_operator']) retrieved from /home/airflow/.local/lib/python3.8/site-packages/airflow/example_dags/example_subdag_operator.py
[2023-09-17T12:43:25.120+0000] {logging_mixin.py:151} INFO - [2023-09-17T12:43:25.120+0000] {dag.py:2915} INFO - Sync 3 DAGs
[2023-09-17T12:43:25.163+0000] {logging_mixin.py:151} INFO - [2023-09-17T12:43:25.163+0000] {dag.py:3696} INFO - Setting next_dagrun for example_subdag_operator to 2022-01-01T00:00:00+00:00, run_after=2022-01-01T00:00:00+00:00
[2023-09-17T12:43:25.170+0000] {logging_mixin.py:151} INFO - [2023-09-17T12:43:25.169+0000] {dag.py:3696} INFO - Setting next_dagrun for example_subdag_operator.section-1 to None, run_after=None
[2023-09-17T12:43:25.174+0000] {logging_mixin.py:151} INFO - [2023-09-17T12:43:25.173+0000] {dag.py:3696} INFO - Setting next_dagrun for example_subdag_operator.section-2 to None, run_after=None
[2023-09-17T12:43:25.186+0000] {logging_mixin.py:151} INFO - [2023-09-17T12:43:25.186+0000] {dag.py:2915} INFO - Sync 2 DAGs
[2023-09-17T12:43:25.195+0000] {logging_mixin.py:151} INFO - [2023-09-17T12:43:25.195+0000] {dag.py:3696} INFO - Setting next_dagrun for example_subdag_operator.section-1 to None, run_after=None
[2023-09-17T12:43:25.196+0000] {logging_mixin.py:151} INFO - [2023-09-17T12:43:25.196+0000] {dag.py:3696} INFO - Setting next_dagrun for example_subdag_operator.section-2 to None, run_after=None
[2023-09-17T12:43:25.224+0000] {processor.py:179} INFO - Processing /home/airflow/.local/lib/python3.8/site-packages/airflow/example_dags/example_subdag_operator.py took 0.247 seconds
[2023-09-17T12:43:55.289+0000] {processor.py:157} INFO - Started process (PID=406) to work on /home/airflow/.local/lib/python3.8/site-packages/airflow/example_dags/example_subdag_operator.py
[2023-09-17T12:43:55.290+0000] {processor.py:829} INFO - Processing file /home/airflow/.local/lib/python3.8/site-packages/airflow/example_dags/example_subdag_operator.py for tasks to queue
[2023-09-17T12:43:55.295+0000] {logging_mixin.py:151} INFO - [2023-09-17T12:43:55.294+0000] {dagbag.py:539} INFO - Filling up the DagBag from /home/airflow/.local/lib/python3.8/site-packages/airflow/example_dags/example_subdag_operator.py
[2023-09-17T12:43:55.418+0000] {processor.py:839} INFO - DAG(s) dict_keys(['example_subdag_operator.section-1', 'example_subdag_operator.section-2', 'example_subdag_operator']) retrieved from /home/airflow/.local/lib/python3.8/site-packages/airflow/example_dags/example_subdag_operator.py
[2023-09-17T12:43:55.496+0000] {logging_mixin.py:151} INFO - [2023-09-17T12:43:55.494+0000] {dag.py:2915} INFO - Sync 3 DAGs
[2023-09-17T12:43:55.624+0000] {logging_mixin.py:151} INFO - [2023-09-17T12:43:55.623+0000] {dag.py:3696} INFO - Setting next_dagrun for example_subdag_operator to 2022-01-01T00:00:00+00:00, run_after=2022-01-01T00:00:00+00:00
[2023-09-17T12:43:55.640+0000] {logging_mixin.py:151} INFO - [2023-09-17T12:43:55.640+0000] {dag.py:3696} INFO - Setting next_dagrun for example_subdag_operator.section-1 to None, run_after=None
[2023-09-17T12:43:55.648+0000] {logging_mixin.py:151} INFO - [2023-09-17T12:43:55.646+0000] {dag.py:3696} INFO - Setting next_dagrun for example_subdag_operator.section-2 to None, run_after=None
[2023-09-17T12:43:55.674+0000] {logging_mixin.py:151} INFO - [2023-09-17T12:43:55.673+0000] {dag.py:2915} INFO - Sync 2 DAGs
[2023-09-17T12:43:55.706+0000] {logging_mixin.py:151} INFO - [2023-09-17T12:43:55.706+0000] {dag.py:3696} INFO - Setting next_dagrun for example_subdag_operator.section-1 to None, run_after=None
[2023-09-17T12:43:55.707+0000] {logging_mixin.py:151} INFO - [2023-09-17T12:43:55.706+0000] {dag.py:3696} INFO - Setting next_dagrun for example_subdag_operator.section-2 to None, run_after=None
[2023-09-17T12:43:55.757+0000] {processor.py:179} INFO - Processing /home/airflow/.local/lib/python3.8/site-packages/airflow/example_dags/example_subdag_operator.py took 0.474 seconds
[2023-09-17T12:44:25.890+0000] {processor.py:157} INFO - Started process (PID=462) to work on /home/airflow/.local/lib/python3.8/site-packages/airflow/example_dags/example_subdag_operator.py
[2023-09-17T12:44:25.907+0000] {processor.py:829} INFO - Processing file /home/airflow/.local/lib/python3.8/site-packages/airflow/example_dags/example_subdag_operator.py for tasks to queue
[2023-09-17T12:44:25.910+0000] {logging_mixin.py:151} INFO - [2023-09-17T12:44:25.909+0000] {dagbag.py:539} INFO - Filling up the DagBag from /home/airflow/.local/lib/python3.8/site-packages/airflow/example_dags/example_subdag_operator.py
[2023-09-17T12:44:25.943+0000] {processor.py:839} INFO - DAG(s) dict_keys(['example_subdag_operator.section-1', 'example_subdag_operator.section-2', 'example_subdag_operator']) retrieved from /home/airflow/.local/lib/python3.8/site-packages/airflow/example_dags/example_subdag_operator.py
[2023-09-17T12:44:25.968+0000] {logging_mixin.py:151} INFO - [2023-09-17T12:44:25.967+0000] {dag.py:2915} INFO - Sync 3 DAGs
[2023-09-17T12:44:26.001+0000] {logging_mixin.py:151} INFO - [2023-09-17T12:44:26.001+0000] {dag.py:3696} INFO - Setting next_dagrun for example_subdag_operator to 2022-01-01T00:00:00+00:00, run_after=2022-01-01T00:00:00+00:00
[2023-09-17T12:44:26.006+0000] {logging_mixin.py:151} INFO - [2023-09-17T12:44:26.006+0000] {dag.py:3696} INFO - Setting next_dagrun for example_subdag_operator.section-1 to None, run_after=None
[2023-09-17T12:44:26.008+0000] {logging_mixin.py:151} INFO - [2023-09-17T12:44:26.008+0000] {dag.py:3696} INFO - Setting next_dagrun for example_subdag_operator.section-2 to None, run_after=None
[2023-09-17T12:44:26.018+0000] {logging_mixin.py:151} INFO - [2023-09-17T12:44:26.018+0000] {dag.py:2915} INFO - Sync 2 DAGs
[2023-09-17T12:44:26.026+0000] {logging_mixin.py:151} INFO - [2023-09-17T12:44:26.026+0000] {dag.py:3696} INFO - Setting next_dagrun for example_subdag_operator.section-1 to None, run_after=None
[2023-09-17T12:44:26.026+0000] {logging_mixin.py:151} INFO - [2023-09-17T12:44:26.026+0000] {dag.py:3696} INFO - Setting next_dagrun for example_subdag_operator.section-2 to None, run_after=None
[2023-09-17T12:44:26.046+0000] {processor.py:179} INFO - Processing /home/airflow/.local/lib/python3.8/site-packages/airflow/example_dags/example_subdag_operator.py took 0.161 seconds
[2023-09-17T12:44:56.744+0000] {processor.py:157} INFO - Started process (PID=517) to work on /home/airflow/.local/lib/python3.8/site-packages/airflow/example_dags/example_subdag_operator.py
[2023-09-17T12:44:56.746+0000] {processor.py:829} INFO - Processing file /home/airflow/.local/lib/python3.8/site-packages/airflow/example_dags/example_subdag_operator.py for tasks to queue
[2023-09-17T12:44:56.751+0000] {logging_mixin.py:151} INFO - [2023-09-17T12:44:56.751+0000] {dagbag.py:539} INFO - Filling up the DagBag from /home/airflow/.local/lib/python3.8/site-packages/airflow/example_dags/example_subdag_operator.py
[2023-09-17T12:44:56.830+0000] {processor.py:839} INFO - DAG(s) dict_keys(['example_subdag_operator.section-1', 'example_subdag_operator.section-2', 'example_subdag_operator']) retrieved from /home/airflow/.local/lib/python3.8/site-packages/airflow/example_dags/example_subdag_operator.py
[2023-09-17T12:44:56.869+0000] {logging_mixin.py:151} INFO - [2023-09-17T12:44:56.868+0000] {dag.py:2915} INFO - Sync 3 DAGs
[2023-09-17T12:44:56.947+0000] {logging_mixin.py:151} INFO - [2023-09-17T12:44:56.946+0000] {dag.py:3696} INFO - Setting next_dagrun for example_subdag_operator to 2022-01-01T00:00:00+00:00, run_after=2022-01-01T00:00:00+00:00
[2023-09-17T12:44:56.959+0000] {logging_mixin.py:151} INFO - [2023-09-17T12:44:56.958+0000] {dag.py:3696} INFO - Setting next_dagrun for example_subdag_operator.section-1 to None, run_after=None
[2023-09-17T12:44:56.964+0000] {logging_mixin.py:151} INFO - [2023-09-17T12:44:56.964+0000] {dag.py:3696} INFO - Setting next_dagrun for example_subdag_operator.section-2 to None, run_after=None
[2023-09-17T12:44:56.993+0000] {logging_mixin.py:151} INFO - [2023-09-17T12:44:56.992+0000] {dag.py:2915} INFO - Sync 2 DAGs
[2023-09-17T12:44:57.010+0000] {logging_mixin.py:151} INFO - [2023-09-17T12:44:57.009+0000] {dag.py:3696} INFO - Setting next_dagrun for example_subdag_operator.section-1 to None, run_after=None
[2023-09-17T12:44:57.011+0000] {logging_mixin.py:151} INFO - [2023-09-17T12:44:57.010+0000] {dag.py:3696} INFO - Setting next_dagrun for example_subdag_operator.section-2 to None, run_after=None
[2023-09-17T12:44:57.051+0000] {processor.py:179} INFO - Processing /home/airflow/.local/lib/python3.8/site-packages/airflow/example_dags/example_subdag_operator.py took 0.318 seconds
[2023-09-17T12:45:27.153+0000] {processor.py:157} INFO - Started process (PID=573) to work on /home/airflow/.local/lib/python3.8/site-packages/airflow/example_dags/example_subdag_operator.py
[2023-09-17T12:45:27.169+0000] {processor.py:829} INFO - Processing file /home/airflow/.local/lib/python3.8/site-packages/airflow/example_dags/example_subdag_operator.py for tasks to queue
[2023-09-17T12:45:27.172+0000] {logging_mixin.py:151} INFO - [2023-09-17T12:45:27.172+0000] {dagbag.py:539} INFO - Filling up the DagBag from /home/airflow/.local/lib/python3.8/site-packages/airflow/example_dags/example_subdag_operator.py
[2023-09-17T12:45:27.239+0000] {processor.py:839} INFO - DAG(s) dict_keys(['example_subdag_operator.section-1', 'example_subdag_operator.section-2', 'example_subdag_operator']) retrieved from /home/airflow/.local/lib/python3.8/site-packages/airflow/example_dags/example_subdag_operator.py
[2023-09-17T12:45:27.297+0000] {logging_mixin.py:151} INFO - [2023-09-17T12:45:27.297+0000] {dag.py:2915} INFO - Sync 3 DAGs
[2023-09-17T12:45:27.343+0000] {logging_mixin.py:151} INFO - [2023-09-17T12:45:27.342+0000] {dag.py:3696} INFO - Setting next_dagrun for example_subdag_operator to 2022-01-01T00:00:00+00:00, run_after=2022-01-01T00:00:00+00:00
[2023-09-17T12:45:27.352+0000] {logging_mixin.py:151} INFO - [2023-09-17T12:45:27.352+0000] {dag.py:3696} INFO - Setting next_dagrun for example_subdag_operator.section-1 to None, run_after=None
[2023-09-17T12:45:27.355+0000] {logging_mixin.py:151} INFO - [2023-09-17T12:45:27.355+0000] {dag.py:3696} INFO - Setting next_dagrun for example_subdag_operator.section-2 to None, run_after=None
[2023-09-17T12:45:27.372+0000] {logging_mixin.py:151} INFO - [2023-09-17T12:45:27.372+0000] {dag.py:2915} INFO - Sync 2 DAGs
[2023-09-17T12:45:27.384+0000] {logging_mixin.py:151} INFO - [2023-09-17T12:45:27.383+0000] {dag.py:3696} INFO - Setting next_dagrun for example_subdag_operator.section-1 to None, run_after=None
[2023-09-17T12:45:27.384+0000] {logging_mixin.py:151} INFO - [2023-09-17T12:45:27.384+0000] {dag.py:3696} INFO - Setting next_dagrun for example_subdag_operator.section-2 to None, run_after=None
[2023-09-17T12:45:27.415+0000] {processor.py:179} INFO - Processing /home/airflow/.local/lib/python3.8/site-packages/airflow/example_dags/example_subdag_operator.py took 0.268 seconds
[2023-09-17T12:45:58.110+0000] {processor.py:157} INFO - Started process (PID=628) to work on /home/airflow/.local/lib/python3.8/site-packages/airflow/example_dags/example_subdag_operator.py
[2023-09-17T12:45:58.111+0000] {processor.py:829} INFO - Processing file /home/airflow/.local/lib/python3.8/site-packages/airflow/example_dags/example_subdag_operator.py for tasks to queue
[2023-09-17T12:45:58.115+0000] {logging_mixin.py:151} INFO - [2023-09-17T12:45:58.114+0000] {dagbag.py:539} INFO - Filling up the DagBag from /home/airflow/.local/lib/python3.8/site-packages/airflow/example_dags/example_subdag_operator.py
[2023-09-17T12:45:58.186+0000] {processor.py:839} INFO - DAG(s) dict_keys(['example_subdag_operator.section-1', 'example_subdag_operator.section-2', 'example_subdag_operator']) retrieved from /home/airflow/.local/lib/python3.8/site-packages/airflow/example_dags/example_subdag_operator.py
[2023-09-17T12:45:58.269+0000] {logging_mixin.py:151} INFO - [2023-09-17T12:45:58.269+0000] {dag.py:2915} INFO - Sync 3 DAGs
[2023-09-17T12:45:58.344+0000] {logging_mixin.py:151} INFO - [2023-09-17T12:45:58.343+0000] {dag.py:3696} INFO - Setting next_dagrun for example_subdag_operator to 2022-01-01T00:00:00+00:00, run_after=2022-01-01T00:00:00+00:00
[2023-09-17T12:45:58.351+0000] {logging_mixin.py:151} INFO - [2023-09-17T12:45:58.351+0000] {dag.py:3696} INFO - Setting next_dagrun for example_subdag_operator.section-1 to None, run_after=None
[2023-09-17T12:45:58.354+0000] {logging_mixin.py:151} INFO - [2023-09-17T12:45:58.354+0000] {dag.py:3696} INFO - Setting next_dagrun for example_subdag_operator.section-2 to None, run_after=None
[2023-09-17T12:45:58.373+0000] {logging_mixin.py:151} INFO - [2023-09-17T12:45:58.372+0000] {dag.py:2915} INFO - Sync 2 DAGs
[2023-09-17T12:45:58.386+0000] {logging_mixin.py:151} INFO - [2023-09-17T12:45:58.385+0000] {dag.py:3696} INFO - Setting next_dagrun for example_subdag_operator.section-1 to None, run_after=None
[2023-09-17T12:45:58.387+0000] {logging_mixin.py:151} INFO - [2023-09-17T12:45:58.386+0000] {dag.py:3696} INFO - Setting next_dagrun for example_subdag_operator.section-2 to None, run_after=None
[2023-09-17T12:45:58.457+0000] {processor.py:179} INFO - Processing /home/airflow/.local/lib/python3.8/site-packages/airflow/example_dags/example_subdag_operator.py took 0.355 seconds
[2023-09-17T12:46:28.782+0000] {processor.py:157} INFO - Started process (PID=683) to work on /home/airflow/.local/lib/python3.8/site-packages/airflow/example_dags/example_subdag_operator.py
[2023-09-17T12:46:28.783+0000] {processor.py:829} INFO - Processing file /home/airflow/.local/lib/python3.8/site-packages/airflow/example_dags/example_subdag_operator.py for tasks to queue
[2023-09-17T12:46:28.786+0000] {logging_mixin.py:151} INFO - [2023-09-17T12:46:28.786+0000] {dagbag.py:539} INFO - Filling up the DagBag from /home/airflow/.local/lib/python3.8/site-packages/airflow/example_dags/example_subdag_operator.py
[2023-09-17T12:46:28.817+0000] {processor.py:839} INFO - DAG(s) dict_keys(['example_subdag_operator.section-1', 'example_subdag_operator.section-2', 'example_subdag_operator']) retrieved from /home/airflow/.local/lib/python3.8/site-packages/airflow/example_dags/example_subdag_operator.py
[2023-09-17T12:46:28.840+0000] {logging_mixin.py:151} INFO - [2023-09-17T12:46:28.839+0000] {dag.py:2915} INFO - Sync 3 DAGs
[2023-09-17T12:46:28.872+0000] {logging_mixin.py:151} INFO - [2023-09-17T12:46:28.872+0000] {dag.py:3696} INFO - Setting next_dagrun for example_subdag_operator to 2022-01-01T00:00:00+00:00, run_after=2022-01-01T00:00:00+00:00
[2023-09-17T12:46:28.877+0000] {logging_mixin.py:151} INFO - [2023-09-17T12:46:28.876+0000] {dag.py:3696} INFO - Setting next_dagrun for example_subdag_operator.section-1 to None, run_after=None
[2023-09-17T12:46:28.878+0000] {logging_mixin.py:151} INFO - [2023-09-17T12:46:28.878+0000] {dag.py:3696} INFO - Setting next_dagrun for example_subdag_operator.section-2 to None, run_after=None
[2023-09-17T12:46:28.888+0000] {logging_mixin.py:151} INFO - [2023-09-17T12:46:28.888+0000] {dag.py:2915} INFO - Sync 2 DAGs
[2023-09-17T12:46:28.895+0000] {logging_mixin.py:151} INFO - [2023-09-17T12:46:28.895+0000] {dag.py:3696} INFO - Setting next_dagrun for example_subdag_operator.section-1 to None, run_after=None
[2023-09-17T12:46:28.896+0000] {logging_mixin.py:151} INFO - [2023-09-17T12:46:28.895+0000] {dag.py:3696} INFO - Setting next_dagrun for example_subdag_operator.section-2 to None, run_after=None
[2023-09-17T12:46:28.921+0000] {processor.py:179} INFO - Processing /home/airflow/.local/lib/python3.8/site-packages/airflow/example_dags/example_subdag_operator.py took 0.145 seconds
[2023-09-17T12:46:59.269+0000] {processor.py:157} INFO - Started process (PID=739) to work on /home/airflow/.local/lib/python3.8/site-packages/airflow/example_dags/example_subdag_operator.py
[2023-09-17T12:46:59.270+0000] {processor.py:829} INFO - Processing file /home/airflow/.local/lib/python3.8/site-packages/airflow/example_dags/example_subdag_operator.py for tasks to queue
[2023-09-17T12:46:59.273+0000] {logging_mixin.py:151} INFO - [2023-09-17T12:46:59.273+0000] {dagbag.py:539} INFO - Filling up the DagBag from /home/airflow/.local/lib/python3.8/site-packages/airflow/example_dags/example_subdag_operator.py
[2023-09-17T12:46:59.321+0000] {processor.py:839} INFO - DAG(s) dict_keys(['example_subdag_operator.section-1', 'example_subdag_operator.section-2', 'example_subdag_operator']) retrieved from /home/airflow/.local/lib/python3.8/site-packages/airflow/example_dags/example_subdag_operator.py
[2023-09-17T12:46:59.359+0000] {logging_mixin.py:151} INFO - [2023-09-17T12:46:59.358+0000] {dag.py:2915} INFO - Sync 3 DAGs
[2023-09-17T12:46:59.404+0000] {logging_mixin.py:151} INFO - [2023-09-17T12:46:59.404+0000] {dag.py:3696} INFO - Setting next_dagrun for example_subdag_operator to 2022-01-01T00:00:00+00:00, run_after=2022-01-01T00:00:00+00:00
[2023-09-17T12:46:59.411+0000] {logging_mixin.py:151} INFO - [2023-09-17T12:46:59.411+0000] {dag.py:3696} INFO - Setting next_dagrun for example_subdag_operator.section-1 to None, run_after=None
[2023-09-17T12:46:59.416+0000] {logging_mixin.py:151} INFO - [2023-09-17T12:46:59.416+0000] {dag.py:3696} INFO - Setting next_dagrun for example_subdag_operator.section-2 to None, run_after=None
[2023-09-17T12:46:59.432+0000] {logging_mixin.py:151} INFO - [2023-09-17T12:46:59.431+0000] {dag.py:2915} INFO - Sync 2 DAGs
[2023-09-17T12:46:59.443+0000] {logging_mixin.py:151} INFO - [2023-09-17T12:46:59.443+0000] {dag.py:3696} INFO - Setting next_dagrun for example_subdag_operator.section-1 to None, run_after=None
[2023-09-17T12:46:59.444+0000] {logging_mixin.py:151} INFO - [2023-09-17T12:46:59.444+0000] {dag.py:3696} INFO - Setting next_dagrun for example_subdag_operator.section-2 to None, run_after=None
[2023-09-17T12:46:59.485+0000] {processor.py:179} INFO - Processing /home/airflow/.local/lib/python3.8/site-packages/airflow/example_dags/example_subdag_operator.py took 0.221 seconds
[2023-09-17T12:47:29.932+0000] {processor.py:157} INFO - Started process (PID=794) to work on /home/airflow/.local/lib/python3.8/site-packages/airflow/example_dags/example_subdag_operator.py
[2023-09-17T12:47:29.952+0000] {processor.py:829} INFO - Processing file /home/airflow/.local/lib/python3.8/site-packages/airflow/example_dags/example_subdag_operator.py for tasks to queue
[2023-09-17T12:47:29.956+0000] {logging_mixin.py:151} INFO - [2023-09-17T12:47:29.955+0000] {dagbag.py:539} INFO - Filling up the DagBag from /home/airflow/.local/lib/python3.8/site-packages/airflow/example_dags/example_subdag_operator.py
[2023-09-17T12:47:29.991+0000] {processor.py:839} INFO - DAG(s) dict_keys(['example_subdag_operator.section-1', 'example_subdag_operator.section-2', 'example_subdag_operator']) retrieved from /home/airflow/.local/lib/python3.8/site-packages/airflow/example_dags/example_subdag_operator.py
[2023-09-17T12:47:30.018+0000] {logging_mixin.py:151} INFO - [2023-09-17T12:47:30.017+0000] {dag.py:2915} INFO - Sync 3 DAGs
[2023-09-17T12:47:30.056+0000] {logging_mixin.py:151} INFO - [2023-09-17T12:47:30.055+0000] {dag.py:3696} INFO - Setting next_dagrun for example_subdag_operator to 2022-01-01T00:00:00+00:00, run_after=2022-01-01T00:00:00+00:00
[2023-09-17T12:47:30.061+0000] {logging_mixin.py:151} INFO - [2023-09-17T12:47:30.061+0000] {dag.py:3696} INFO - Setting next_dagrun for example_subdag_operator.section-1 to None, run_after=None
[2023-09-17T12:47:30.063+0000] {logging_mixin.py:151} INFO - [2023-09-17T12:47:30.062+0000] {dag.py:3696} INFO - Setting next_dagrun for example_subdag_operator.section-2 to None, run_after=None
[2023-09-17T12:47:30.072+0000] {logging_mixin.py:151} INFO - [2023-09-17T12:47:30.072+0000] {dag.py:2915} INFO - Sync 2 DAGs
[2023-09-17T12:47:30.080+0000] {logging_mixin.py:151} INFO - [2023-09-17T12:47:30.080+0000] {dag.py:3696} INFO - Setting next_dagrun for example_subdag_operator.section-1 to None, run_after=None
[2023-09-17T12:47:30.080+0000] {logging_mixin.py:151} INFO - [2023-09-17T12:47:30.080+0000] {dag.py:3696} INFO - Setting next_dagrun for example_subdag_operator.section-2 to None, run_after=None
[2023-09-17T12:47:30.118+0000] {processor.py:179} INFO - Processing /home/airflow/.local/lib/python3.8/site-packages/airflow/example_dags/example_subdag_operator.py took 0.189 seconds
[2023-09-17T12:48:00.230+0000] {processor.py:157} INFO - Started process (PID=849) to work on /home/airflow/.local/lib/python3.8/site-packages/airflow/example_dags/example_subdag_operator.py
[2023-09-17T12:48:00.232+0000] {processor.py:829} INFO - Processing file /home/airflow/.local/lib/python3.8/site-packages/airflow/example_dags/example_subdag_operator.py for tasks to queue
[2023-09-17T12:48:00.237+0000] {logging_mixin.py:151} INFO - [2023-09-17T12:48:00.237+0000] {dagbag.py:539} INFO - Filling up the DagBag from /home/airflow/.local/lib/python3.8/site-packages/airflow/example_dags/example_subdag_operator.py
[2023-09-17T12:48:00.289+0000] {processor.py:839} INFO - DAG(s) dict_keys(['example_subdag_operator.section-1', 'example_subdag_operator.section-2', 'example_subdag_operator']) retrieved from /home/airflow/.local/lib/python3.8/site-packages/airflow/example_dags/example_subdag_operator.py
[2023-09-17T12:48:00.320+0000] {logging_mixin.py:151} INFO - [2023-09-17T12:48:00.320+0000] {dag.py:2915} INFO - Sync 3 DAGs
[2023-09-17T12:48:00.358+0000] {logging_mixin.py:151} INFO - [2023-09-17T12:48:00.358+0000] {dag.py:3696} INFO - Setting next_dagrun for example_subdag_operator to 2022-01-01T00:00:00+00:00, run_after=2022-01-01T00:00:00+00:00
[2023-09-17T12:48:00.365+0000] {logging_mixin.py:151} INFO - [2023-09-17T12:48:00.364+0000] {dag.py:3696} INFO - Setting next_dagrun for example_subdag_operator.section-1 to None, run_after=None
[2023-09-17T12:48:00.367+0000] {logging_mixin.py:151} INFO - [2023-09-17T12:48:00.366+0000] {dag.py:3696} INFO - Setting next_dagrun for example_subdag_operator.section-2 to None, run_after=None
[2023-09-17T12:48:00.381+0000] {logging_mixin.py:151} INFO - [2023-09-17T12:48:00.381+0000] {dag.py:2915} INFO - Sync 2 DAGs
[2023-09-17T12:48:00.391+0000] {logging_mixin.py:151} INFO - [2023-09-17T12:48:00.390+0000] {dag.py:3696} INFO - Setting next_dagrun for example_subdag_operator.section-1 to None, run_after=None
[2023-09-17T12:48:00.392+0000] {logging_mixin.py:151} INFO - [2023-09-17T12:48:00.391+0000] {dag.py:3696} INFO - Setting next_dagrun for example_subdag_operator.section-2 to None, run_after=None
[2023-09-17T12:48:00.429+0000] {processor.py:179} INFO - Processing /home/airflow/.local/lib/python3.8/site-packages/airflow/example_dags/example_subdag_operator.py took 0.207 seconds
[2023-09-17T12:48:31.887+0000] {processor.py:157} INFO - Started process (PID=905) to work on /home/airflow/.local/lib/python3.8/site-packages/airflow/example_dags/example_subdag_operator.py
[2023-09-17T12:48:31.895+0000] {processor.py:829} INFO - Processing file /home/airflow/.local/lib/python3.8/site-packages/airflow/example_dags/example_subdag_operator.py for tasks to queue
[2023-09-17T12:48:31.898+0000] {logging_mixin.py:151} INFO - [2023-09-17T12:48:31.898+0000] {dagbag.py:539} INFO - Filling up the DagBag from /home/airflow/.local/lib/python3.8/site-packages/airflow/example_dags/example_subdag_operator.py
[2023-09-17T12:48:31.944+0000] {processor.py:839} INFO - DAG(s) dict_keys(['example_subdag_operator.section-1', 'example_subdag_operator.section-2', 'example_subdag_operator']) retrieved from /home/airflow/.local/lib/python3.8/site-packages/airflow/example_dags/example_subdag_operator.py
[2023-09-17T12:48:31.978+0000] {logging_mixin.py:151} INFO - [2023-09-17T12:48:31.978+0000] {dag.py:2915} INFO - Sync 3 DAGs
[2023-09-17T12:48:32.026+0000] {logging_mixin.py:151} INFO - [2023-09-17T12:48:32.025+0000] {dag.py:3696} INFO - Setting next_dagrun for example_subdag_operator to 2022-01-01T00:00:00+00:00, run_after=2022-01-01T00:00:00+00:00
[2023-09-17T12:48:32.033+0000] {logging_mixin.py:151} INFO - [2023-09-17T12:48:32.032+0000] {dag.py:3696} INFO - Setting next_dagrun for example_subdag_operator.section-1 to None, run_after=None
[2023-09-17T12:48:32.036+0000] {logging_mixin.py:151} INFO - [2023-09-17T12:48:32.035+0000] {dag.py:3696} INFO - Setting next_dagrun for example_subdag_operator.section-2 to None, run_after=None
[2023-09-17T12:48:32.051+0000] {logging_mixin.py:151} INFO - [2023-09-17T12:48:32.051+0000] {dag.py:2915} INFO - Sync 2 DAGs
[2023-09-17T12:48:32.064+0000] {logging_mixin.py:151} INFO - [2023-09-17T12:48:32.063+0000] {dag.py:3696} INFO - Setting next_dagrun for example_subdag_operator.section-1 to None, run_after=None
[2023-09-17T12:48:32.064+0000] {logging_mixin.py:151} INFO - [2023-09-17T12:48:32.064+0000] {dag.py:3696} INFO - Setting next_dagrun for example_subdag_operator.section-2 to None, run_after=None
[2023-09-17T12:48:32.117+0000] {processor.py:179} INFO - Processing /home/airflow/.local/lib/python3.8/site-packages/airflow/example_dags/example_subdag_operator.py took 0.233 seconds
[2023-09-17T12:49:02.182+0000] {processor.py:157} INFO - Started process (PID=960) to work on /home/airflow/.local/lib/python3.8/site-packages/airflow/example_dags/example_subdag_operator.py
[2023-09-17T12:49:02.183+0000] {processor.py:829} INFO - Processing file /home/airflow/.local/lib/python3.8/site-packages/airflow/example_dags/example_subdag_operator.py for tasks to queue
[2023-09-17T12:49:02.187+0000] {logging_mixin.py:151} INFO - [2023-09-17T12:49:02.186+0000] {dagbag.py:539} INFO - Filling up the DagBag from /home/airflow/.local/lib/python3.8/site-packages/airflow/example_dags/example_subdag_operator.py
[2023-09-17T12:49:02.245+0000] {processor.py:839} INFO - DAG(s) dict_keys(['example_subdag_operator.section-1', 'example_subdag_operator.section-2', 'example_subdag_operator']) retrieved from /home/airflow/.local/lib/python3.8/site-packages/airflow/example_dags/example_subdag_operator.py
[2023-09-17T12:49:02.283+0000] {logging_mixin.py:151} INFO - [2023-09-17T12:49:02.283+0000] {dag.py:2915} INFO - Sync 3 DAGs
[2023-09-17T12:49:02.344+0000] {logging_mixin.py:151} INFO - [2023-09-17T12:49:02.343+0000] {dag.py:3696} INFO - Setting next_dagrun for example_subdag_operator to 2022-01-01T00:00:00+00:00, run_after=2022-01-01T00:00:00+00:00
[2023-09-17T12:49:02.352+0000] {logging_mixin.py:151} INFO - [2023-09-17T12:49:02.352+0000] {dag.py:3696} INFO - Setting next_dagrun for example_subdag_operator.section-1 to None, run_after=None
[2023-09-17T12:49:02.357+0000] {logging_mixin.py:151} INFO - [2023-09-17T12:49:02.356+0000] {dag.py:3696} INFO - Setting next_dagrun for example_subdag_operator.section-2 to None, run_after=None
[2023-09-17T12:49:02.378+0000] {logging_mixin.py:151} INFO - [2023-09-17T12:49:02.378+0000] {dag.py:2915} INFO - Sync 2 DAGs
[2023-09-17T12:49:02.393+0000] {logging_mixin.py:151} INFO - [2023-09-17T12:49:02.393+0000] {dag.py:3696} INFO - Setting next_dagrun for example_subdag_operator.section-1 to None, run_after=None
[2023-09-17T12:49:02.394+0000] {logging_mixin.py:151} INFO - [2023-09-17T12:49:02.394+0000] {dag.py:3696} INFO - Setting next_dagrun for example_subdag_operator.section-2 to None, run_after=None
[2023-09-17T12:49:02.430+0000] {processor.py:179} INFO - Processing /home/airflow/.local/lib/python3.8/site-packages/airflow/example_dags/example_subdag_operator.py took 0.254 seconds
[2023-09-17T12:49:32.934+0000] {processor.py:157} INFO - Started process (PID=1016) to work on /home/airflow/.local/lib/python3.8/site-packages/airflow/example_dags/example_subdag_operator.py
[2023-09-17T12:49:32.943+0000] {processor.py:829} INFO - Processing file /home/airflow/.local/lib/python3.8/site-packages/airflow/example_dags/example_subdag_operator.py for tasks to queue
[2023-09-17T12:49:32.948+0000] {logging_mixin.py:151} INFO - [2023-09-17T12:49:32.947+0000] {dagbag.py:539} INFO - Filling up the DagBag from /home/airflow/.local/lib/python3.8/site-packages/airflow/example_dags/example_subdag_operator.py
[2023-09-17T12:49:32.995+0000] {processor.py:839} INFO - DAG(s) dict_keys(['example_subdag_operator.section-1', 'example_subdag_operator.section-2', 'example_subdag_operator']) retrieved from /home/airflow/.local/lib/python3.8/site-packages/airflow/example_dags/example_subdag_operator.py
[2023-09-17T12:49:33.040+0000] {logging_mixin.py:151} INFO - [2023-09-17T12:49:33.039+0000] {dag.py:2915} INFO - Sync 3 DAGs
[2023-09-17T12:49:33.087+0000] {logging_mixin.py:151} INFO - [2023-09-17T12:49:33.087+0000] {dag.py:3696} INFO - Setting next_dagrun for example_subdag_operator to 2022-01-01T00:00:00+00:00, run_after=2022-01-01T00:00:00+00:00
[2023-09-17T12:49:33.094+0000] {logging_mixin.py:151} INFO - [2023-09-17T12:49:33.093+0000] {dag.py:3696} INFO - Setting next_dagrun for example_subdag_operator.section-1 to None, run_after=None
[2023-09-17T12:49:33.097+0000] {logging_mixin.py:151} INFO - [2023-09-17T12:49:33.097+0000] {dag.py:3696} INFO - Setting next_dagrun for example_subdag_operator.section-2 to None, run_after=None
[2023-09-17T12:49:33.119+0000] {logging_mixin.py:151} INFO - [2023-09-17T12:49:33.118+0000] {dag.py:2915} INFO - Sync 2 DAGs
[2023-09-17T12:49:33.129+0000] {logging_mixin.py:151} INFO - [2023-09-17T12:49:33.128+0000] {dag.py:3696} INFO - Setting next_dagrun for example_subdag_operator.section-1 to None, run_after=None
[2023-09-17T12:49:33.129+0000] {logging_mixin.py:151} INFO - [2023-09-17T12:49:33.129+0000] {dag.py:3696} INFO - Setting next_dagrun for example_subdag_operator.section-2 to None, run_after=None
[2023-09-17T12:49:33.166+0000] {processor.py:179} INFO - Processing /home/airflow/.local/lib/python3.8/site-packages/airflow/example_dags/example_subdag_operator.py took 0.237 seconds
[2023-09-17T12:50:03.402+0000] {processor.py:157} INFO - Started process (PID=1069) to work on /home/airflow/.local/lib/python3.8/site-packages/airflow/example_dags/example_subdag_operator.py
[2023-09-17T12:50:03.408+0000] {processor.py:829} INFO - Processing file /home/airflow/.local/lib/python3.8/site-packages/airflow/example_dags/example_subdag_operator.py for tasks to queue
[2023-09-17T12:50:03.415+0000] {logging_mixin.py:151} INFO - [2023-09-17T12:50:03.414+0000] {dagbag.py:539} INFO - Filling up the DagBag from /home/airflow/.local/lib/python3.8/site-packages/airflow/example_dags/example_subdag_operator.py
[2023-09-17T12:50:03.503+0000] {processor.py:839} INFO - DAG(s) dict_keys(['example_subdag_operator.section-1', 'example_subdag_operator.section-2', 'example_subdag_operator']) retrieved from /home/airflow/.local/lib/python3.8/site-packages/airflow/example_dags/example_subdag_operator.py
[2023-09-17T12:50:03.586+0000] {logging_mixin.py:151} INFO - [2023-09-17T12:50:03.584+0000] {dag.py:2915} INFO - Sync 3 DAGs
[2023-09-17T12:50:03.654+0000] {logging_mixin.py:151} INFO - [2023-09-17T12:50:03.653+0000] {dag.py:3696} INFO - Setting next_dagrun for example_subdag_operator to 2022-01-01T00:00:00+00:00, run_after=2022-01-01T00:00:00+00:00
[2023-09-17T12:50:03.661+0000] {logging_mixin.py:151} INFO - [2023-09-17T12:50:03.661+0000] {dag.py:3696} INFO - Setting next_dagrun for example_subdag_operator.section-1 to None, run_after=None
[2023-09-17T12:50:03.663+0000] {logging_mixin.py:151} INFO - [2023-09-17T12:50:03.663+0000] {dag.py:3696} INFO - Setting next_dagrun for example_subdag_operator.section-2 to None, run_after=None
[2023-09-17T12:50:03.673+0000] {logging_mixin.py:151} INFO - [2023-09-17T12:50:03.673+0000] {dag.py:2915} INFO - Sync 2 DAGs
[2023-09-17T12:50:03.682+0000] {logging_mixin.py:151} INFO - [2023-09-17T12:50:03.681+0000] {dag.py:3696} INFO - Setting next_dagrun for example_subdag_operator.section-1 to None, run_after=None
[2023-09-17T12:50:03.682+0000] {logging_mixin.py:151} INFO - [2023-09-17T12:50:03.682+0000] {dag.py:3696} INFO - Setting next_dagrun for example_subdag_operator.section-2 to None, run_after=None
[2023-09-17T12:50:03.720+0000] {processor.py:179} INFO - Processing /home/airflow/.local/lib/python3.8/site-packages/airflow/example_dags/example_subdag_operator.py took 0.323 seconds
[2023-09-17T12:50:34.455+0000] {processor.py:157} INFO - Started process (PID=1124) to work on /home/airflow/.local/lib/python3.8/site-packages/airflow/example_dags/example_subdag_operator.py
[2023-09-17T12:50:34.484+0000] {processor.py:829} INFO - Processing file /home/airflow/.local/lib/python3.8/site-packages/airflow/example_dags/example_subdag_operator.py for tasks to queue
[2023-09-17T12:50:34.491+0000] {logging_mixin.py:151} INFO - [2023-09-17T12:50:34.490+0000] {dagbag.py:539} INFO - Filling up the DagBag from /home/airflow/.local/lib/python3.8/site-packages/airflow/example_dags/example_subdag_operator.py
[2023-09-17T12:50:34.614+0000] {processor.py:839} INFO - DAG(s) dict_keys(['example_subdag_operator.section-1', 'example_subdag_operator.section-2', 'example_subdag_operator']) retrieved from /home/airflow/.local/lib/python3.8/site-packages/airflow/example_dags/example_subdag_operator.py
[2023-09-17T12:50:34.703+0000] {logging_mixin.py:151} INFO - [2023-09-17T12:50:34.694+0000] {dag.py:2915} INFO - Sync 3 DAGs
[2023-09-17T12:50:34.934+0000] {logging_mixin.py:151} INFO - [2023-09-17T12:50:34.934+0000] {dag.py:3696} INFO - Setting next_dagrun for example_subdag_operator to 2022-01-01T00:00:00+00:00, run_after=2022-01-01T00:00:00+00:00
[2023-09-17T12:50:34.967+0000] {logging_mixin.py:151} INFO - [2023-09-17T12:50:34.967+0000] {dag.py:3696} INFO - Setting next_dagrun for example_subdag_operator.section-1 to None, run_after=None
[2023-09-17T12:50:34.984+0000] {logging_mixin.py:151} INFO - [2023-09-17T12:50:34.984+0000] {dag.py:3696} INFO - Setting next_dagrun for example_subdag_operator.section-2 to None, run_after=None
[2023-09-17T12:50:35.016+0000] {logging_mixin.py:151} INFO - [2023-09-17T12:50:35.015+0000] {dag.py:2915} INFO - Sync 2 DAGs
[2023-09-17T12:50:35.035+0000] {logging_mixin.py:151} INFO - [2023-09-17T12:50:35.035+0000] {dag.py:3696} INFO - Setting next_dagrun for example_subdag_operator.section-1 to None, run_after=None
[2023-09-17T12:50:35.036+0000] {logging_mixin.py:151} INFO - [2023-09-17T12:50:35.035+0000] {dag.py:3696} INFO - Setting next_dagrun for example_subdag_operator.section-2 to None, run_after=None
[2023-09-17T12:50:35.388+0000] {processor.py:179} INFO - Processing /home/airflow/.local/lib/python3.8/site-packages/airflow/example_dags/example_subdag_operator.py took 0.968 seconds
[2023-09-17T12:51:06.088+0000] {processor.py:157} INFO - Started process (PID=1180) to work on /home/airflow/.local/lib/python3.8/site-packages/airflow/example_dags/example_subdag_operator.py
[2023-09-17T12:51:06.089+0000] {processor.py:829} INFO - Processing file /home/airflow/.local/lib/python3.8/site-packages/airflow/example_dags/example_subdag_operator.py for tasks to queue
[2023-09-17T12:51:06.091+0000] {logging_mixin.py:151} INFO - [2023-09-17T12:51:06.091+0000] {dagbag.py:539} INFO - Filling up the DagBag from /home/airflow/.local/lib/python3.8/site-packages/airflow/example_dags/example_subdag_operator.py
[2023-09-17T12:51:06.130+0000] {processor.py:839} INFO - DAG(s) dict_keys(['example_subdag_operator.section-1', 'example_subdag_operator.section-2', 'example_subdag_operator']) retrieved from /home/airflow/.local/lib/python3.8/site-packages/airflow/example_dags/example_subdag_operator.py
[2023-09-17T12:51:06.158+0000] {logging_mixin.py:151} INFO - [2023-09-17T12:51:06.157+0000] {dag.py:2915} INFO - Sync 3 DAGs
[2023-09-17T12:51:06.195+0000] {logging_mixin.py:151} INFO - [2023-09-17T12:51:06.195+0000] {dag.py:3696} INFO - Setting next_dagrun for example_subdag_operator to 2022-01-01T00:00:00+00:00, run_after=2022-01-01T00:00:00+00:00
[2023-09-17T12:51:06.203+0000] {logging_mixin.py:151} INFO - [2023-09-17T12:51:06.202+0000] {dag.py:3696} INFO - Setting next_dagrun for example_subdag_operator.section-1 to None, run_after=None
[2023-09-17T12:51:06.205+0000] {logging_mixin.py:151} INFO - [2023-09-17T12:51:06.204+0000] {dag.py:3696} INFO - Setting next_dagrun for example_subdag_operator.section-2 to None, run_after=None
[2023-09-17T12:51:06.220+0000] {logging_mixin.py:151} INFO - [2023-09-17T12:51:06.219+0000] {dag.py:2915} INFO - Sync 2 DAGs
[2023-09-17T12:51:06.228+0000] {logging_mixin.py:151} INFO - [2023-09-17T12:51:06.228+0000] {dag.py:3696} INFO - Setting next_dagrun for example_subdag_operator.section-1 to None, run_after=None
[2023-09-17T12:51:06.229+0000] {logging_mixin.py:151} INFO - [2023-09-17T12:51:06.229+0000] {dag.py:3696} INFO - Setting next_dagrun for example_subdag_operator.section-2 to None, run_after=None
[2023-09-17T12:51:06.262+0000] {processor.py:179} INFO - Processing /home/airflow/.local/lib/python3.8/site-packages/airflow/example_dags/example_subdag_operator.py took 0.181 seconds
[2023-09-17T12:51:36.851+0000] {processor.py:157} INFO - Started process (PID=1234) to work on /home/airflow/.local/lib/python3.8/site-packages/airflow/example_dags/example_subdag_operator.py
[2023-09-17T12:51:36.853+0000] {processor.py:829} INFO - Processing file /home/airflow/.local/lib/python3.8/site-packages/airflow/example_dags/example_subdag_operator.py for tasks to queue
[2023-09-17T12:51:36.859+0000] {logging_mixin.py:151} INFO - [2023-09-17T12:51:36.857+0000] {dagbag.py:539} INFO - Filling up the DagBag from /home/airflow/.local/lib/python3.8/site-packages/airflow/example_dags/example_subdag_operator.py
[2023-09-17T12:51:36.913+0000] {processor.py:839} INFO - DAG(s) dict_keys(['example_subdag_operator.section-1', 'example_subdag_operator.section-2', 'example_subdag_operator']) retrieved from /home/airflow/.local/lib/python3.8/site-packages/airflow/example_dags/example_subdag_operator.py
[2023-09-17T12:51:36.950+0000] {logging_mixin.py:151} INFO - [2023-09-17T12:51:36.949+0000] {dag.py:2915} INFO - Sync 3 DAGs
[2023-09-17T12:51:37.012+0000] {logging_mixin.py:151} INFO - [2023-09-17T12:51:37.011+0000] {dag.py:3696} INFO - Setting next_dagrun for example_subdag_operator to 2022-01-01T00:00:00+00:00, run_after=2022-01-01T00:00:00+00:00
[2023-09-17T12:51:37.024+0000] {logging_mixin.py:151} INFO - [2023-09-17T12:51:37.021+0000] {dag.py:3696} INFO - Setting next_dagrun for example_subdag_operator.section-1 to None, run_after=None
[2023-09-17T12:51:37.030+0000] {logging_mixin.py:151} INFO - [2023-09-17T12:51:37.029+0000] {dag.py:3696} INFO - Setting next_dagrun for example_subdag_operator.section-2 to None, run_after=None
[2023-09-17T12:51:37.069+0000] {logging_mixin.py:151} INFO - [2023-09-17T12:51:37.069+0000] {dag.py:2915} INFO - Sync 2 DAGs
[2023-09-17T12:51:37.094+0000] {logging_mixin.py:151} INFO - [2023-09-17T12:51:37.093+0000] {dag.py:3696} INFO - Setting next_dagrun for example_subdag_operator.section-1 to None, run_after=None
[2023-09-17T12:51:37.096+0000] {logging_mixin.py:151} INFO - [2023-09-17T12:51:37.096+0000] {dag.py:3696} INFO - Setting next_dagrun for example_subdag_operator.section-2 to None, run_after=None
[2023-09-17T12:51:37.162+0000] {processor.py:179} INFO - Processing /home/airflow/.local/lib/python3.8/site-packages/airflow/example_dags/example_subdag_operator.py took 0.319 seconds
[2023-09-17T12:52:07.441+0000] {processor.py:157} INFO - Started process (PID=1287) to work on /home/airflow/.local/lib/python3.8/site-packages/airflow/example_dags/example_subdag_operator.py
[2023-09-17T12:52:07.443+0000] {processor.py:829} INFO - Processing file /home/airflow/.local/lib/python3.8/site-packages/airflow/example_dags/example_subdag_operator.py for tasks to queue
[2023-09-17T12:52:07.446+0000] {logging_mixin.py:151} INFO - [2023-09-17T12:52:07.446+0000] {dagbag.py:539} INFO - Filling up the DagBag from /home/airflow/.local/lib/python3.8/site-packages/airflow/example_dags/example_subdag_operator.py
[2023-09-17T12:52:07.495+0000] {processor.py:839} INFO - DAG(s) dict_keys(['example_subdag_operator.section-1', 'example_subdag_operator.section-2', 'example_subdag_operator']) retrieved from /home/airflow/.local/lib/python3.8/site-packages/airflow/example_dags/example_subdag_operator.py
[2023-09-17T12:52:07.527+0000] {logging_mixin.py:151} INFO - [2023-09-17T12:52:07.527+0000] {dag.py:2915} INFO - Sync 3 DAGs
[2023-09-17T12:52:07.572+0000] {logging_mixin.py:151} INFO - [2023-09-17T12:52:07.571+0000] {dag.py:3696} INFO - Setting next_dagrun for example_subdag_operator to 2022-01-01T00:00:00+00:00, run_after=2022-01-01T00:00:00+00:00
[2023-09-17T12:52:07.577+0000] {logging_mixin.py:151} INFO - [2023-09-17T12:52:07.577+0000] {dag.py:3696} INFO - Setting next_dagrun for example_subdag_operator.section-1 to None, run_after=None
[2023-09-17T12:52:07.580+0000] {logging_mixin.py:151} INFO - [2023-09-17T12:52:07.580+0000] {dag.py:3696} INFO - Setting next_dagrun for example_subdag_operator.section-2 to None, run_after=None
[2023-09-17T12:52:07.595+0000] {logging_mixin.py:151} INFO - [2023-09-17T12:52:07.595+0000] {dag.py:2915} INFO - Sync 2 DAGs
[2023-09-17T12:52:07.607+0000] {logging_mixin.py:151} INFO - [2023-09-17T12:52:07.607+0000] {dag.py:3696} INFO - Setting next_dagrun for example_subdag_operator.section-1 to None, run_after=None
[2023-09-17T12:52:07.607+0000] {logging_mixin.py:151} INFO - [2023-09-17T12:52:07.607+0000] {dag.py:3696} INFO - Setting next_dagrun for example_subdag_operator.section-2 to None, run_after=None
[2023-09-17T12:52:07.661+0000] {processor.py:179} INFO - Processing /home/airflow/.local/lib/python3.8/site-packages/airflow/example_dags/example_subdag_operator.py took 0.228 seconds
[2023-09-17T12:52:37.707+0000] {processor.py:157} INFO - Started process (PID=1343) to work on /home/airflow/.local/lib/python3.8/site-packages/airflow/example_dags/example_subdag_operator.py
[2023-09-17T12:52:37.708+0000] {processor.py:829} INFO - Processing file /home/airflow/.local/lib/python3.8/site-packages/airflow/example_dags/example_subdag_operator.py for tasks to queue
[2023-09-17T12:52:37.715+0000] {logging_mixin.py:151} INFO - [2023-09-17T12:52:37.714+0000] {dagbag.py:539} INFO - Filling up the DagBag from /home/airflow/.local/lib/python3.8/site-packages/airflow/example_dags/example_subdag_operator.py
[2023-09-17T12:52:37.760+0000] {processor.py:839} INFO - DAG(s) dict_keys(['example_subdag_operator.section-1', 'example_subdag_operator.section-2', 'example_subdag_operator']) retrieved from /home/airflow/.local/lib/python3.8/site-packages/airflow/example_dags/example_subdag_operator.py
[2023-09-17T12:52:37.793+0000] {logging_mixin.py:151} INFO - [2023-09-17T12:52:37.792+0000] {dag.py:2915} INFO - Sync 3 DAGs
[2023-09-17T12:52:37.837+0000] {logging_mixin.py:151} INFO - [2023-09-17T12:52:37.836+0000] {dag.py:3696} INFO - Setting next_dagrun for example_subdag_operator to 2022-01-01T00:00:00+00:00, run_after=2022-01-01T00:00:00+00:00
[2023-09-17T12:52:37.842+0000] {logging_mixin.py:151} INFO - [2023-09-17T12:52:37.841+0000] {dag.py:3696} INFO - Setting next_dagrun for example_subdag_operator.section-1 to None, run_after=None
[2023-09-17T12:52:37.847+0000] {logging_mixin.py:151} INFO - [2023-09-17T12:52:37.846+0000] {dag.py:3696} INFO - Setting next_dagrun for example_subdag_operator.section-2 to None, run_after=None
[2023-09-17T12:52:37.863+0000] {logging_mixin.py:151} INFO - [2023-09-17T12:52:37.862+0000] {dag.py:2915} INFO - Sync 2 DAGs
[2023-09-17T12:52:37.873+0000] {logging_mixin.py:151} INFO - [2023-09-17T12:52:37.873+0000] {dag.py:3696} INFO - Setting next_dagrun for example_subdag_operator.section-1 to None, run_after=None
[2023-09-17T12:52:37.873+0000] {logging_mixin.py:151} INFO - [2023-09-17T12:52:37.873+0000] {dag.py:3696} INFO - Setting next_dagrun for example_subdag_operator.section-2 to None, run_after=None
[2023-09-17T12:52:37.912+0000] {processor.py:179} INFO - Processing /home/airflow/.local/lib/python3.8/site-packages/airflow/example_dags/example_subdag_operator.py took 0.208 seconds
