[2023-09-17T12:40:47.628+0000] {processor.py:157} INFO - Started process (PID=72) to work on /home/airflow/.local/lib/python3.8/site-packages/airflow/example_dags/example_complex.py
[2023-09-17T12:40:47.629+0000] {processor.py:829} INFO - Processing file /home/airflow/.local/lib/python3.8/site-packages/airflow/example_dags/example_complex.py for tasks to queue
[2023-09-17T12:40:47.632+0000] {logging_mixin.py:151} INFO - [2023-09-17T12:40:47.631+0000] {dagbag.py:539} INFO - Filling up the DagBag from /home/airflow/.local/lib/python3.8/site-packages/airflow/example_dags/example_complex.py
[2023-09-17T12:40:47.653+0000] {processor.py:839} INFO - DAG(s) dict_keys(['example_complex']) retrieved from /home/airflow/.local/lib/python3.8/site-packages/airflow/example_dags/example_complex.py
[2023-09-17T12:40:48.031+0000] {logging_mixin.py:151} INFO - [2023-09-17T12:40:48.031+0000] {manager.py:499} INFO - Created Permission View: %s
[2023-09-17T12:40:48.112+0000] {logging_mixin.py:151} INFO - [2023-09-17T12:40:48.111+0000] {manager.py:499} INFO - Created Permission View: %s
[2023-09-17T12:40:48.213+0000] {logging_mixin.py:151} INFO - [2023-09-17T12:40:48.213+0000] {manager.py:499} INFO - Created Permission View: %s
[2023-09-17T12:40:48.214+0000] {logging_mixin.py:151} INFO - [2023-09-17T12:40:48.213+0000] {security.py:708} INFO - Not syncing DAG-level permissions for DAG 'DAG:example_complex' as access control is unset.
[2023-09-17T12:40:48.214+0000] {logging_mixin.py:151} INFO - [2023-09-17T12:40:48.214+0000] {dag.py:2915} INFO - Sync 1 DAGs
[2023-09-17T12:40:48.242+0000] {logging_mixin.py:151} INFO - [2023-09-17T12:40:48.242+0000] {dag.py:2937} INFO - Creating ORM DAG for example_complex
[2023-09-17T12:40:48.244+0000] {logging_mixin.py:151} INFO - [2023-09-17T12:40:48.243+0000] {dag.py:3696} INFO - Setting next_dagrun for example_complex to None, run_after=None
[2023-09-17T12:40:48.373+0000] {processor.py:179} INFO - Processing /home/airflow/.local/lib/python3.8/site-packages/airflow/example_dags/example_complex.py took 0.750 seconds
[2023-09-17T12:41:20.424+0000] {processor.py:157} INFO - Started process (PID=127) to work on /home/airflow/.local/lib/python3.8/site-packages/airflow/example_dags/example_complex.py
[2023-09-17T12:41:20.446+0000] {processor.py:829} INFO - Processing file /home/airflow/.local/lib/python3.8/site-packages/airflow/example_dags/example_complex.py for tasks to queue
[2023-09-17T12:41:20.448+0000] {logging_mixin.py:151} INFO - [2023-09-17T12:41:20.448+0000] {dagbag.py:539} INFO - Filling up the DagBag from /home/airflow/.local/lib/python3.8/site-packages/airflow/example_dags/example_complex.py
[2023-09-17T12:41:20.485+0000] {processor.py:839} INFO - DAG(s) dict_keys(['example_complex']) retrieved from /home/airflow/.local/lib/python3.8/site-packages/airflow/example_dags/example_complex.py
[2023-09-17T12:41:20.537+0000] {logging_mixin.py:151} INFO - [2023-09-17T12:41:20.537+0000] {dag.py:2915} INFO - Sync 1 DAGs
[2023-09-17T12:41:20.556+0000] {logging_mixin.py:151} INFO - [2023-09-17T12:41:20.556+0000] {dag.py:3696} INFO - Setting next_dagrun for example_complex to None, run_after=None
[2023-09-17T12:41:20.642+0000] {processor.py:179} INFO - Processing /home/airflow/.local/lib/python3.8/site-packages/airflow/example_dags/example_complex.py took 0.224 seconds
[2023-09-17T12:41:51.377+0000] {processor.py:157} INFO - Started process (PID=182) to work on /home/airflow/.local/lib/python3.8/site-packages/airflow/example_dags/example_complex.py
[2023-09-17T12:41:51.378+0000] {processor.py:829} INFO - Processing file /home/airflow/.local/lib/python3.8/site-packages/airflow/example_dags/example_complex.py for tasks to queue
[2023-09-17T12:41:51.381+0000] {logging_mixin.py:151} INFO - [2023-09-17T12:41:51.381+0000] {dagbag.py:539} INFO - Filling up the DagBag from /home/airflow/.local/lib/python3.8/site-packages/airflow/example_dags/example_complex.py
[2023-09-17T12:41:51.401+0000] {processor.py:839} INFO - DAG(s) dict_keys(['example_complex']) retrieved from /home/airflow/.local/lib/python3.8/site-packages/airflow/example_dags/example_complex.py
[2023-09-17T12:41:51.471+0000] {logging_mixin.py:151} INFO - [2023-09-17T12:41:51.470+0000] {dag.py:2915} INFO - Sync 1 DAGs
[2023-09-17T12:41:51.503+0000] {logging_mixin.py:151} INFO - [2023-09-17T12:41:51.503+0000] {dag.py:3696} INFO - Setting next_dagrun for example_complex to None, run_after=None
[2023-09-17T12:41:51.708+0000] {processor.py:179} INFO - Processing /home/airflow/.local/lib/python3.8/site-packages/airflow/example_dags/example_complex.py took 0.334 seconds
[2023-09-17T12:42:22.119+0000] {processor.py:157} INFO - Started process (PID=237) to work on /home/airflow/.local/lib/python3.8/site-packages/airflow/example_dags/example_complex.py
[2023-09-17T12:42:22.133+0000] {processor.py:829} INFO - Processing file /home/airflow/.local/lib/python3.8/site-packages/airflow/example_dags/example_complex.py for tasks to queue
[2023-09-17T12:42:22.135+0000] {logging_mixin.py:151} INFO - [2023-09-17T12:42:22.135+0000] {dagbag.py:539} INFO - Filling up the DagBag from /home/airflow/.local/lib/python3.8/site-packages/airflow/example_dags/example_complex.py
[2023-09-17T12:42:22.153+0000] {processor.py:839} INFO - DAG(s) dict_keys(['example_complex']) retrieved from /home/airflow/.local/lib/python3.8/site-packages/airflow/example_dags/example_complex.py
[2023-09-17T12:42:22.200+0000] {logging_mixin.py:151} INFO - [2023-09-17T12:42:22.200+0000] {dag.py:2915} INFO - Sync 1 DAGs
[2023-09-17T12:42:22.219+0000] {logging_mixin.py:151} INFO - [2023-09-17T12:42:22.219+0000] {dag.py:3696} INFO - Setting next_dagrun for example_complex to None, run_after=None
[2023-09-17T12:42:22.265+0000] {processor.py:179} INFO - Processing /home/airflow/.local/lib/python3.8/site-packages/airflow/example_dags/example_complex.py took 0.151 seconds
[2023-09-17T12:42:52.679+0000] {processor.py:157} INFO - Started process (PID=292) to work on /home/airflow/.local/lib/python3.8/site-packages/airflow/example_dags/example_complex.py
[2023-09-17T12:42:52.680+0000] {processor.py:829} INFO - Processing file /home/airflow/.local/lib/python3.8/site-packages/airflow/example_dags/example_complex.py for tasks to queue
[2023-09-17T12:42:52.683+0000] {logging_mixin.py:151} INFO - [2023-09-17T12:42:52.682+0000] {dagbag.py:539} INFO - Filling up the DagBag from /home/airflow/.local/lib/python3.8/site-packages/airflow/example_dags/example_complex.py
[2023-09-17T12:42:52.700+0000] {processor.py:839} INFO - DAG(s) dict_keys(['example_complex']) retrieved from /home/airflow/.local/lib/python3.8/site-packages/airflow/example_dags/example_complex.py
[2023-09-17T12:42:52.751+0000] {logging_mixin.py:151} INFO - [2023-09-17T12:42:52.751+0000] {dag.py:2915} INFO - Sync 1 DAGs
[2023-09-17T12:42:52.770+0000] {logging_mixin.py:151} INFO - [2023-09-17T12:42:52.770+0000] {dag.py:3696} INFO - Setting next_dagrun for example_complex to None, run_after=None
[2023-09-17T12:42:52.820+0000] {processor.py:179} INFO - Processing /home/airflow/.local/lib/python3.8/site-packages/airflow/example_dags/example_complex.py took 0.145 seconds
[2023-09-17T12:43:23.581+0000] {processor.py:157} INFO - Started process (PID=347) to work on /home/airflow/.local/lib/python3.8/site-packages/airflow/example_dags/example_complex.py
[2023-09-17T12:43:23.602+0000] {processor.py:829} INFO - Processing file /home/airflow/.local/lib/python3.8/site-packages/airflow/example_dags/example_complex.py for tasks to queue
[2023-09-17T12:43:23.606+0000] {logging_mixin.py:151} INFO - [2023-09-17T12:43:23.605+0000] {dagbag.py:539} INFO - Filling up the DagBag from /home/airflow/.local/lib/python3.8/site-packages/airflow/example_dags/example_complex.py
[2023-09-17T12:43:23.624+0000] {processor.py:839} INFO - DAG(s) dict_keys(['example_complex']) retrieved from /home/airflow/.local/lib/python3.8/site-packages/airflow/example_dags/example_complex.py
[2023-09-17T12:43:23.677+0000] {logging_mixin.py:151} INFO - [2023-09-17T12:43:23.677+0000] {dag.py:2915} INFO - Sync 1 DAGs
[2023-09-17T12:43:23.697+0000] {logging_mixin.py:151} INFO - [2023-09-17T12:43:23.697+0000] {dag.py:3696} INFO - Setting next_dagrun for example_complex to None, run_after=None
[2023-09-17T12:43:23.748+0000] {processor.py:179} INFO - Processing /home/airflow/.local/lib/python3.8/site-packages/airflow/example_dags/example_complex.py took 0.171 seconds
[2023-09-17T12:43:54.415+0000] {processor.py:157} INFO - Started process (PID=402) to work on /home/airflow/.local/lib/python3.8/site-packages/airflow/example_dags/example_complex.py
[2023-09-17T12:43:54.419+0000] {processor.py:829} INFO - Processing file /home/airflow/.local/lib/python3.8/site-packages/airflow/example_dags/example_complex.py for tasks to queue
[2023-09-17T12:43:54.422+0000] {logging_mixin.py:151} INFO - [2023-09-17T12:43:54.421+0000] {dagbag.py:539} INFO - Filling up the DagBag from /home/airflow/.local/lib/python3.8/site-packages/airflow/example_dags/example_complex.py
[2023-09-17T12:43:54.457+0000] {processor.py:839} INFO - DAG(s) dict_keys(['example_complex']) retrieved from /home/airflow/.local/lib/python3.8/site-packages/airflow/example_dags/example_complex.py
[2023-09-17T12:43:54.566+0000] {logging_mixin.py:151} INFO - [2023-09-17T12:43:54.565+0000] {dag.py:2915} INFO - Sync 1 DAGs
[2023-09-17T12:43:54.605+0000] {logging_mixin.py:151} INFO - [2023-09-17T12:43:54.604+0000] {dag.py:3696} INFO - Setting next_dagrun for example_complex to None, run_after=None
[2023-09-17T12:43:54.704+0000] {processor.py:179} INFO - Processing /home/airflow/.local/lib/python3.8/site-packages/airflow/example_dags/example_complex.py took 0.298 seconds
[2023-09-17T12:44:25.431+0000] {processor.py:157} INFO - Started process (PID=458) to work on /home/airflow/.local/lib/python3.8/site-packages/airflow/example_dags/example_complex.py
[2023-09-17T12:44:25.432+0000] {processor.py:829} INFO - Processing file /home/airflow/.local/lib/python3.8/site-packages/airflow/example_dags/example_complex.py for tasks to queue
[2023-09-17T12:44:25.434+0000] {logging_mixin.py:151} INFO - [2023-09-17T12:44:25.434+0000] {dagbag.py:539} INFO - Filling up the DagBag from /home/airflow/.local/lib/python3.8/site-packages/airflow/example_dags/example_complex.py
[2023-09-17T12:44:25.453+0000] {processor.py:839} INFO - DAG(s) dict_keys(['example_complex']) retrieved from /home/airflow/.local/lib/python3.8/site-packages/airflow/example_dags/example_complex.py
[2023-09-17T12:44:25.506+0000] {logging_mixin.py:151} INFO - [2023-09-17T12:44:25.506+0000] {dag.py:2915} INFO - Sync 1 DAGs
[2023-09-17T12:44:25.525+0000] {logging_mixin.py:151} INFO - [2023-09-17T12:44:25.525+0000] {dag.py:3696} INFO - Setting next_dagrun for example_complex to None, run_after=None
[2023-09-17T12:44:25.573+0000] {processor.py:179} INFO - Processing /home/airflow/.local/lib/python3.8/site-packages/airflow/example_dags/example_complex.py took 0.147 seconds
[2023-09-17T12:44:55.892+0000] {processor.py:157} INFO - Started process (PID=513) to work on /home/airflow/.local/lib/python3.8/site-packages/airflow/example_dags/example_complex.py
[2023-09-17T12:44:55.893+0000] {processor.py:829} INFO - Processing file /home/airflow/.local/lib/python3.8/site-packages/airflow/example_dags/example_complex.py for tasks to queue
[2023-09-17T12:44:55.896+0000] {logging_mixin.py:151} INFO - [2023-09-17T12:44:55.896+0000] {dagbag.py:539} INFO - Filling up the DagBag from /home/airflow/.local/lib/python3.8/site-packages/airflow/example_dags/example_complex.py
[2023-09-17T12:44:55.916+0000] {processor.py:839} INFO - DAG(s) dict_keys(['example_complex']) retrieved from /home/airflow/.local/lib/python3.8/site-packages/airflow/example_dags/example_complex.py
[2023-09-17T12:44:55.973+0000] {logging_mixin.py:151} INFO - [2023-09-17T12:44:55.969+0000] {dag.py:2915} INFO - Sync 1 DAGs
[2023-09-17T12:44:56.003+0000] {logging_mixin.py:151} INFO - [2023-09-17T12:44:56.002+0000] {dag.py:3696} INFO - Setting next_dagrun for example_complex to None, run_after=None
[2023-09-17T12:44:56.069+0000] {processor.py:179} INFO - Processing /home/airflow/.local/lib/python3.8/site-packages/airflow/example_dags/example_complex.py took 0.181 seconds
[2023-09-17T12:45:26.501+0000] {processor.py:157} INFO - Started process (PID=568) to work on /home/airflow/.local/lib/python3.8/site-packages/airflow/example_dags/example_complex.py
[2023-09-17T12:45:26.517+0000] {processor.py:829} INFO - Processing file /home/airflow/.local/lib/python3.8/site-packages/airflow/example_dags/example_complex.py for tasks to queue
[2023-09-17T12:45:26.521+0000] {logging_mixin.py:151} INFO - [2023-09-17T12:45:26.520+0000] {dagbag.py:539} INFO - Filling up the DagBag from /home/airflow/.local/lib/python3.8/site-packages/airflow/example_dags/example_complex.py
[2023-09-17T12:45:26.552+0000] {processor.py:839} INFO - DAG(s) dict_keys(['example_complex']) retrieved from /home/airflow/.local/lib/python3.8/site-packages/airflow/example_dags/example_complex.py
[2023-09-17T12:45:26.629+0000] {logging_mixin.py:151} INFO - [2023-09-17T12:45:26.629+0000] {dag.py:2915} INFO - Sync 1 DAGs
[2023-09-17T12:45:26.658+0000] {logging_mixin.py:151} INFO - [2023-09-17T12:45:26.657+0000] {dag.py:3696} INFO - Setting next_dagrun for example_complex to None, run_after=None
[2023-09-17T12:45:26.706+0000] {processor.py:179} INFO - Processing /home/airflow/.local/lib/python3.8/site-packages/airflow/example_dags/example_complex.py took 0.213 seconds
[2023-09-17T12:45:57.151+0000] {processor.py:157} INFO - Started process (PID=623) to work on /home/airflow/.local/lib/python3.8/site-packages/airflow/example_dags/example_complex.py
[2023-09-17T12:45:57.152+0000] {processor.py:829} INFO - Processing file /home/airflow/.local/lib/python3.8/site-packages/airflow/example_dags/example_complex.py for tasks to queue
[2023-09-17T12:45:57.156+0000] {logging_mixin.py:151} INFO - [2023-09-17T12:45:57.155+0000] {dagbag.py:539} INFO - Filling up the DagBag from /home/airflow/.local/lib/python3.8/site-packages/airflow/example_dags/example_complex.py
[2023-09-17T12:45:57.264+0000] {processor.py:839} INFO - DAG(s) dict_keys(['example_complex']) retrieved from /home/airflow/.local/lib/python3.8/site-packages/airflow/example_dags/example_complex.py
[2023-09-17T12:45:57.361+0000] {logging_mixin.py:151} INFO - [2023-09-17T12:45:57.360+0000] {dag.py:2915} INFO - Sync 1 DAGs
[2023-09-17T12:45:57.392+0000] {logging_mixin.py:151} INFO - [2023-09-17T12:45:57.392+0000] {dag.py:3696} INFO - Setting next_dagrun for example_complex to None, run_after=None
[2023-09-17T12:45:57.467+0000] {processor.py:179} INFO - Processing /home/airflow/.local/lib/python3.8/site-packages/airflow/example_dags/example_complex.py took 0.334 seconds
[2023-09-17T12:46:28.295+0000] {processor.py:157} INFO - Started process (PID=678) to work on /home/airflow/.local/lib/python3.8/site-packages/airflow/example_dags/example_complex.py
[2023-09-17T12:46:28.297+0000] {processor.py:829} INFO - Processing file /home/airflow/.local/lib/python3.8/site-packages/airflow/example_dags/example_complex.py for tasks to queue
[2023-09-17T12:46:28.300+0000] {logging_mixin.py:151} INFO - [2023-09-17T12:46:28.300+0000] {dagbag.py:539} INFO - Filling up the DagBag from /home/airflow/.local/lib/python3.8/site-packages/airflow/example_dags/example_complex.py
[2023-09-17T12:46:28.332+0000] {processor.py:839} INFO - DAG(s) dict_keys(['example_complex']) retrieved from /home/airflow/.local/lib/python3.8/site-packages/airflow/example_dags/example_complex.py
[2023-09-17T12:46:28.406+0000] {logging_mixin.py:151} INFO - [2023-09-17T12:46:28.406+0000] {dag.py:2915} INFO - Sync 1 DAGs
[2023-09-17T12:46:28.424+0000] {logging_mixin.py:151} INFO - [2023-09-17T12:46:28.424+0000] {dag.py:3696} INFO - Setting next_dagrun for example_complex to None, run_after=None
[2023-09-17T12:46:28.485+0000] {processor.py:179} INFO - Processing /home/airflow/.local/lib/python3.8/site-packages/airflow/example_dags/example_complex.py took 0.195 seconds
[2023-09-17T12:46:58.898+0000] {processor.py:157} INFO - Started process (PID=734) to work on /home/airflow/.local/lib/python3.8/site-packages/airflow/example_dags/example_complex.py
[2023-09-17T12:46:58.899+0000] {processor.py:829} INFO - Processing file /home/airflow/.local/lib/python3.8/site-packages/airflow/example_dags/example_complex.py for tasks to queue
[2023-09-17T12:46:58.901+0000] {logging_mixin.py:151} INFO - [2023-09-17T12:46:58.901+0000] {dagbag.py:539} INFO - Filling up the DagBag from /home/airflow/.local/lib/python3.8/site-packages/airflow/example_dags/example_complex.py
[2023-09-17T12:46:58.919+0000] {processor.py:839} INFO - DAG(s) dict_keys(['example_complex']) retrieved from /home/airflow/.local/lib/python3.8/site-packages/airflow/example_dags/example_complex.py
[2023-09-17T12:46:58.970+0000] {logging_mixin.py:151} INFO - [2023-09-17T12:46:58.970+0000] {dag.py:2915} INFO - Sync 1 DAGs
[2023-09-17T12:46:58.990+0000] {logging_mixin.py:151} INFO - [2023-09-17T12:46:58.990+0000] {dag.py:3696} INFO - Setting next_dagrun for example_complex to None, run_after=None
[2023-09-17T12:46:59.043+0000] {processor.py:179} INFO - Processing /home/airflow/.local/lib/python3.8/site-packages/airflow/example_dags/example_complex.py took 0.150 seconds
[2023-09-17T12:47:29.545+0000] {processor.py:157} INFO - Started process (PID=790) to work on /home/airflow/.local/lib/python3.8/site-packages/airflow/example_dags/example_complex.py
[2023-09-17T12:47:29.546+0000] {processor.py:829} INFO - Processing file /home/airflow/.local/lib/python3.8/site-packages/airflow/example_dags/example_complex.py for tasks to queue
[2023-09-17T12:47:29.549+0000] {logging_mixin.py:151} INFO - [2023-09-17T12:47:29.548+0000] {dagbag.py:539} INFO - Filling up the DagBag from /home/airflow/.local/lib/python3.8/site-packages/airflow/example_dags/example_complex.py
[2023-09-17T12:47:29.573+0000] {processor.py:839} INFO - DAG(s) dict_keys(['example_complex']) retrieved from /home/airflow/.local/lib/python3.8/site-packages/airflow/example_dags/example_complex.py
[2023-09-17T12:47:29.625+0000] {logging_mixin.py:151} INFO - [2023-09-17T12:47:29.625+0000] {dag.py:2915} INFO - Sync 1 DAGs
[2023-09-17T12:47:29.646+0000] {logging_mixin.py:151} INFO - [2023-09-17T12:47:29.646+0000] {dag.py:3696} INFO - Setting next_dagrun for example_complex to None, run_after=None
[2023-09-17T12:47:29.688+0000] {processor.py:179} INFO - Processing /home/airflow/.local/lib/python3.8/site-packages/airflow/example_dags/example_complex.py took 0.149 seconds
[2023-09-17T12:47:59.783+0000] {processor.py:157} INFO - Started process (PID=845) to work on /home/airflow/.local/lib/python3.8/site-packages/airflow/example_dags/example_complex.py
[2023-09-17T12:47:59.784+0000] {processor.py:829} INFO - Processing file /home/airflow/.local/lib/python3.8/site-packages/airflow/example_dags/example_complex.py for tasks to queue
[2023-09-17T12:47:59.787+0000] {logging_mixin.py:151} INFO - [2023-09-17T12:47:59.787+0000] {dagbag.py:539} INFO - Filling up the DagBag from /home/airflow/.local/lib/python3.8/site-packages/airflow/example_dags/example_complex.py
[2023-09-17T12:47:59.804+0000] {processor.py:839} INFO - DAG(s) dict_keys(['example_complex']) retrieved from /home/airflow/.local/lib/python3.8/site-packages/airflow/example_dags/example_complex.py
[2023-09-17T12:47:59.851+0000] {logging_mixin.py:151} INFO - [2023-09-17T12:47:59.851+0000] {dag.py:2915} INFO - Sync 1 DAGs
[2023-09-17T12:47:59.870+0000] {logging_mixin.py:151} INFO - [2023-09-17T12:47:59.869+0000] {dag.py:3696} INFO - Setting next_dagrun for example_complex to None, run_after=None
[2023-09-17T12:47:59.922+0000] {processor.py:179} INFO - Processing /home/airflow/.local/lib/python3.8/site-packages/airflow/example_dags/example_complex.py took 0.143 seconds
[2023-09-17T12:48:30.296+0000] {processor.py:157} INFO - Started process (PID=900) to work on /home/airflow/.local/lib/python3.8/site-packages/airflow/example_dags/example_complex.py
[2023-09-17T12:48:30.342+0000] {processor.py:829} INFO - Processing file /home/airflow/.local/lib/python3.8/site-packages/airflow/example_dags/example_complex.py for tasks to queue
[2023-09-17T12:48:30.348+0000] {logging_mixin.py:151} INFO - [2023-09-17T12:48:30.346+0000] {dagbag.py:539} INFO - Filling up the DagBag from /home/airflow/.local/lib/python3.8/site-packages/airflow/example_dags/example_complex.py
[2023-09-17T12:48:30.435+0000] {processor.py:839} INFO - DAG(s) dict_keys(['example_complex']) retrieved from /home/airflow/.local/lib/python3.8/site-packages/airflow/example_dags/example_complex.py
[2023-09-17T12:48:30.650+0000] {logging_mixin.py:151} INFO - [2023-09-17T12:48:30.650+0000] {dag.py:2915} INFO - Sync 1 DAGs
[2023-09-17T12:48:30.741+0000] {logging_mixin.py:151} INFO - [2023-09-17T12:48:30.740+0000] {dag.py:3696} INFO - Setting next_dagrun for example_complex to None, run_after=None
[2023-09-17T12:48:30.906+0000] {processor.py:179} INFO - Processing /home/airflow/.local/lib/python3.8/site-packages/airflow/example_dags/example_complex.py took 0.633 seconds
[2023-09-17T12:49:01.630+0000] {processor.py:157} INFO - Started process (PID=955) to work on /home/airflow/.local/lib/python3.8/site-packages/airflow/example_dags/example_complex.py
[2023-09-17T12:49:01.631+0000] {processor.py:829} INFO - Processing file /home/airflow/.local/lib/python3.8/site-packages/airflow/example_dags/example_complex.py for tasks to queue
[2023-09-17T12:49:01.633+0000] {logging_mixin.py:151} INFO - [2023-09-17T12:49:01.633+0000] {dagbag.py:539} INFO - Filling up the DagBag from /home/airflow/.local/lib/python3.8/site-packages/airflow/example_dags/example_complex.py
[2023-09-17T12:49:01.651+0000] {processor.py:839} INFO - DAG(s) dict_keys(['example_complex']) retrieved from /home/airflow/.local/lib/python3.8/site-packages/airflow/example_dags/example_complex.py
[2023-09-17T12:49:01.702+0000] {logging_mixin.py:151} INFO - [2023-09-17T12:49:01.701+0000] {dag.py:2915} INFO - Sync 1 DAGs
[2023-09-17T12:49:01.727+0000] {logging_mixin.py:151} INFO - [2023-09-17T12:49:01.726+0000] {dag.py:3696} INFO - Setting next_dagrun for example_complex to None, run_after=None
[2023-09-17T12:49:01.786+0000] {processor.py:179} INFO - Processing /home/airflow/.local/lib/python3.8/site-packages/airflow/example_dags/example_complex.py took 0.160 seconds
[2023-09-17T12:49:32.384+0000] {processor.py:157} INFO - Started process (PID=1011) to work on /home/airflow/.local/lib/python3.8/site-packages/airflow/example_dags/example_complex.py
[2023-09-17T12:49:32.386+0000] {processor.py:829} INFO - Processing file /home/airflow/.local/lib/python3.8/site-packages/airflow/example_dags/example_complex.py for tasks to queue
[2023-09-17T12:49:32.389+0000] {logging_mixin.py:151} INFO - [2023-09-17T12:49:32.389+0000] {dagbag.py:539} INFO - Filling up the DagBag from /home/airflow/.local/lib/python3.8/site-packages/airflow/example_dags/example_complex.py
[2023-09-17T12:49:32.426+0000] {processor.py:839} INFO - DAG(s) dict_keys(['example_complex']) retrieved from /home/airflow/.local/lib/python3.8/site-packages/airflow/example_dags/example_complex.py
[2023-09-17T12:49:32.513+0000] {logging_mixin.py:151} INFO - [2023-09-17T12:49:32.512+0000] {dag.py:2915} INFO - Sync 1 DAGs
[2023-09-17T12:49:32.549+0000] {logging_mixin.py:151} INFO - [2023-09-17T12:49:32.548+0000] {dag.py:3696} INFO - Setting next_dagrun for example_complex to None, run_after=None
[2023-09-17T12:49:32.635+0000] {processor.py:179} INFO - Processing /home/airflow/.local/lib/python3.8/site-packages/airflow/example_dags/example_complex.py took 0.264 seconds
[2023-09-17T12:50:02.674+0000] {processor.py:157} INFO - Started process (PID=1065) to work on /home/airflow/.local/lib/python3.8/site-packages/airflow/example_dags/example_complex.py
[2023-09-17T12:50:02.675+0000] {processor.py:829} INFO - Processing file /home/airflow/.local/lib/python3.8/site-packages/airflow/example_dags/example_complex.py for tasks to queue
[2023-09-17T12:50:02.678+0000] {logging_mixin.py:151} INFO - [2023-09-17T12:50:02.677+0000] {dagbag.py:539} INFO - Filling up the DagBag from /home/airflow/.local/lib/python3.8/site-packages/airflow/example_dags/example_complex.py
[2023-09-17T12:50:02.706+0000] {processor.py:839} INFO - DAG(s) dict_keys(['example_complex']) retrieved from /home/airflow/.local/lib/python3.8/site-packages/airflow/example_dags/example_complex.py
[2023-09-17T12:50:02.777+0000] {logging_mixin.py:151} INFO - [2023-09-17T12:50:02.776+0000] {dag.py:2915} INFO - Sync 1 DAGs
[2023-09-17T12:50:02.802+0000] {logging_mixin.py:151} INFO - [2023-09-17T12:50:02.802+0000] {dag.py:3696} INFO - Setting next_dagrun for example_complex to None, run_after=None
[2023-09-17T12:50:02.904+0000] {processor.py:179} INFO - Processing /home/airflow/.local/lib/python3.8/site-packages/airflow/example_dags/example_complex.py took 0.236 seconds
[2023-09-17T12:50:33.132+0000] {processor.py:157} INFO - Started process (PID=1120) to work on /home/airflow/.local/lib/python3.8/site-packages/airflow/example_dags/example_complex.py
[2023-09-17T12:50:33.155+0000] {processor.py:829} INFO - Processing file /home/airflow/.local/lib/python3.8/site-packages/airflow/example_dags/example_complex.py for tasks to queue
[2023-09-17T12:50:33.160+0000] {logging_mixin.py:151} INFO - [2023-09-17T12:50:33.159+0000] {dagbag.py:539} INFO - Filling up the DagBag from /home/airflow/.local/lib/python3.8/site-packages/airflow/example_dags/example_complex.py
[2023-09-17T12:50:33.202+0000] {processor.py:839} INFO - DAG(s) dict_keys(['example_complex']) retrieved from /home/airflow/.local/lib/python3.8/site-packages/airflow/example_dags/example_complex.py
[2023-09-17T12:50:33.317+0000] {logging_mixin.py:151} INFO - [2023-09-17T12:50:33.315+0000] {dag.py:2915} INFO - Sync 1 DAGs
[2023-09-17T12:50:33.436+0000] {logging_mixin.py:151} INFO - [2023-09-17T12:50:33.435+0000] {dag.py:3696} INFO - Setting next_dagrun for example_complex to None, run_after=None
[2023-09-17T12:50:33.620+0000] {processor.py:179} INFO - Processing /home/airflow/.local/lib/python3.8/site-packages/airflow/example_dags/example_complex.py took 0.495 seconds
[2023-09-17T12:51:03.892+0000] {processor.py:157} INFO - Started process (PID=1175) to work on /home/airflow/.local/lib/python3.8/site-packages/airflow/example_dags/example_complex.py
[2023-09-17T12:51:03.894+0000] {processor.py:829} INFO - Processing file /home/airflow/.local/lib/python3.8/site-packages/airflow/example_dags/example_complex.py for tasks to queue
[2023-09-17T12:51:03.896+0000] {logging_mixin.py:151} INFO - [2023-09-17T12:51:03.896+0000] {dagbag.py:539} INFO - Filling up the DagBag from /home/airflow/.local/lib/python3.8/site-packages/airflow/example_dags/example_complex.py
[2023-09-17T12:51:03.927+0000] {processor.py:839} INFO - DAG(s) dict_keys(['example_complex']) retrieved from /home/airflow/.local/lib/python3.8/site-packages/airflow/example_dags/example_complex.py
[2023-09-17T12:51:04.020+0000] {logging_mixin.py:151} INFO - [2023-09-17T12:51:04.019+0000] {dag.py:2915} INFO - Sync 1 DAGs
[2023-09-17T12:51:04.072+0000] {logging_mixin.py:151} INFO - [2023-09-17T12:51:04.072+0000] {dag.py:3696} INFO - Setting next_dagrun for example_complex to None, run_after=None
[2023-09-17T12:51:04.165+0000] {processor.py:179} INFO - Processing /home/airflow/.local/lib/python3.8/site-packages/airflow/example_dags/example_complex.py took 0.280 seconds
[2023-09-17T12:51:34.585+0000] {processor.py:157} INFO - Started process (PID=1229) to work on /home/airflow/.local/lib/python3.8/site-packages/airflow/example_dags/example_complex.py
[2023-09-17T12:51:34.613+0000] {processor.py:829} INFO - Processing file /home/airflow/.local/lib/python3.8/site-packages/airflow/example_dags/example_complex.py for tasks to queue
[2023-09-17T12:51:34.616+0000] {logging_mixin.py:151} INFO - [2023-09-17T12:51:34.616+0000] {dagbag.py:539} INFO - Filling up the DagBag from /home/airflow/.local/lib/python3.8/site-packages/airflow/example_dags/example_complex.py
[2023-09-17T12:51:34.645+0000] {processor.py:839} INFO - DAG(s) dict_keys(['example_complex']) retrieved from /home/airflow/.local/lib/python3.8/site-packages/airflow/example_dags/example_complex.py
[2023-09-17T12:51:34.723+0000] {logging_mixin.py:151} INFO - [2023-09-17T12:51:34.722+0000] {dag.py:2915} INFO - Sync 1 DAGs
[2023-09-17T12:51:34.752+0000] {logging_mixin.py:151} INFO - [2023-09-17T12:51:34.751+0000] {dag.py:3696} INFO - Setting next_dagrun for example_complex to None, run_after=None
[2023-09-17T12:51:34.815+0000] {processor.py:179} INFO - Processing /home/airflow/.local/lib/python3.8/site-packages/airflow/example_dags/example_complex.py took 0.237 seconds
[2023-09-17T12:52:04.979+0000] {processor.py:157} INFO - Started process (PID=1283) to work on /home/airflow/.local/lib/python3.8/site-packages/airflow/example_dags/example_complex.py
[2023-09-17T12:52:04.980+0000] {processor.py:829} INFO - Processing file /home/airflow/.local/lib/python3.8/site-packages/airflow/example_dags/example_complex.py for tasks to queue
[2023-09-17T12:52:04.983+0000] {logging_mixin.py:151} INFO - [2023-09-17T12:52:04.982+0000] {dagbag.py:539} INFO - Filling up the DagBag from /home/airflow/.local/lib/python3.8/site-packages/airflow/example_dags/example_complex.py
[2023-09-17T12:52:05.014+0000] {processor.py:839} INFO - DAG(s) dict_keys(['example_complex']) retrieved from /home/airflow/.local/lib/python3.8/site-packages/airflow/example_dags/example_complex.py
[2023-09-17T12:52:05.090+0000] {logging_mixin.py:151} INFO - [2023-09-17T12:52:05.089+0000] {dag.py:2915} INFO - Sync 1 DAGs
[2023-09-17T12:52:05.115+0000] {logging_mixin.py:151} INFO - [2023-09-17T12:52:05.114+0000] {dag.py:3696} INFO - Setting next_dagrun for example_complex to None, run_after=None
[2023-09-17T12:52:05.173+0000] {processor.py:179} INFO - Processing /home/airflow/.local/lib/python3.8/site-packages/airflow/example_dags/example_complex.py took 0.201 seconds
[2023-09-17T12:52:35.423+0000] {processor.py:157} INFO - Started process (PID=1339) to work on /home/airflow/.local/lib/python3.8/site-packages/airflow/example_dags/example_complex.py
[2023-09-17T12:52:35.424+0000] {processor.py:829} INFO - Processing file /home/airflow/.local/lib/python3.8/site-packages/airflow/example_dags/example_complex.py for tasks to queue
[2023-09-17T12:52:35.427+0000] {logging_mixin.py:151} INFO - [2023-09-17T12:52:35.426+0000] {dagbag.py:539} INFO - Filling up the DagBag from /home/airflow/.local/lib/python3.8/site-packages/airflow/example_dags/example_complex.py
[2023-09-17T12:52:35.456+0000] {processor.py:839} INFO - DAG(s) dict_keys(['example_complex']) retrieved from /home/airflow/.local/lib/python3.8/site-packages/airflow/example_dags/example_complex.py
[2023-09-17T12:52:35.535+0000] {logging_mixin.py:151} INFO - [2023-09-17T12:52:35.535+0000] {dag.py:2915} INFO - Sync 1 DAGs
[2023-09-17T12:52:35.568+0000] {logging_mixin.py:151} INFO - [2023-09-17T12:52:35.567+0000] {dag.py:3696} INFO - Setting next_dagrun for example_complex to None, run_after=None
[2023-09-17T12:52:35.632+0000] {processor.py:179} INFO - Processing /home/airflow/.local/lib/python3.8/site-packages/airflow/example_dags/example_complex.py took 0.216 seconds
[2023-09-17T12:53:06.031+0000] {processor.py:157} INFO - Started process (PID=1394) to work on /home/airflow/.local/lib/python3.8/site-packages/airflow/example_dags/example_complex.py
[2023-09-17T12:53:06.141+0000] {processor.py:829} INFO - Processing file /home/airflow/.local/lib/python3.8/site-packages/airflow/example_dags/example_complex.py for tasks to queue
[2023-09-17T12:53:06.147+0000] {logging_mixin.py:151} INFO - [2023-09-17T12:53:06.147+0000] {dagbag.py:539} INFO - Filling up the DagBag from /home/airflow/.local/lib/python3.8/site-packages/airflow/example_dags/example_complex.py
[2023-09-17T12:53:06.244+0000] {processor.py:839} INFO - DAG(s) dict_keys(['example_complex']) retrieved from /home/airflow/.local/lib/python3.8/site-packages/airflow/example_dags/example_complex.py
[2023-09-17T12:53:06.411+0000] {logging_mixin.py:151} INFO - [2023-09-17T12:53:06.410+0000] {dag.py:2915} INFO - Sync 1 DAGs
[2023-09-17T12:53:06.470+0000] {logging_mixin.py:151} INFO - [2023-09-17T12:53:06.470+0000] {dag.py:3696} INFO - Setting next_dagrun for example_complex to None, run_after=None
[2023-09-17T12:53:06.634+0000] {processor.py:179} INFO - Processing /home/airflow/.local/lib/python3.8/site-packages/airflow/example_dags/example_complex.py took 0.628 seconds
