[2023-09-17T12:40:33.811+0000] {processor.py:157} INFO - Started process (PID=51) to work on /home/airflow/.local/lib/python3.8/site-packages/airflow/example_dags/example_setup_teardown_taskflow.py
[2023-09-17T12:40:33.812+0000] {processor.py:829} INFO - Processing file /home/airflow/.local/lib/python3.8/site-packages/airflow/example_dags/example_setup_teardown_taskflow.py for tasks to queue
[2023-09-17T12:40:33.815+0000] {logging_mixin.py:151} INFO - [2023-09-17T12:40:33.815+0000] {dagbag.py:539} INFO - Filling up the DagBag from /home/airflow/.local/lib/python3.8/site-packages/airflow/example_dags/example_setup_teardown_taskflow.py
[2023-09-17T12:40:33.839+0000] {processor.py:839} INFO - DAG(s) dict_keys(['example_setup_teardown_taskflow']) retrieved from /home/airflow/.local/lib/python3.8/site-packages/airflow/example_dags/example_setup_teardown_taskflow.py
[2023-09-17T12:40:34.412+0000] {logging_mixin.py:151} INFO - [2023-09-17T12:40:34.411+0000] {manager.py:499} INFO - Created Permission View: %s
[2023-09-17T12:40:34.538+0000] {logging_mixin.py:151} INFO - [2023-09-17T12:40:34.538+0000] {manager.py:499} INFO - Created Permission View: %s
[2023-09-17T12:40:34.583+0000] {logging_mixin.py:151} INFO - [2023-09-17T12:40:34.582+0000] {manager.py:499} INFO - Created Permission View: %s
[2023-09-17T12:40:34.584+0000] {logging_mixin.py:151} INFO - [2023-09-17T12:40:34.583+0000] {security.py:708} INFO - Not syncing DAG-level permissions for DAG 'DAG:example_setup_teardown_taskflow' as access control is unset.
[2023-09-17T12:40:34.584+0000] {logging_mixin.py:151} INFO - [2023-09-17T12:40:34.584+0000] {dag.py:2915} INFO - Sync 1 DAGs
[2023-09-17T12:40:34.602+0000] {logging_mixin.py:151} INFO - [2023-09-17T12:40:34.602+0000] {dag.py:2937} INFO - Creating ORM DAG for example_setup_teardown_taskflow
[2023-09-17T12:40:34.617+0000] {logging_mixin.py:151} INFO - [2023-09-17T12:40:34.617+0000] {dag.py:3696} INFO - Setting next_dagrun for example_setup_teardown_taskflow to 2023-09-16T12:40:34.616705+00:00, run_after=2023-09-17T12:40:34.616705+00:00
[2023-09-17T12:40:34.672+0000] {processor.py:179} INFO - Processing /home/airflow/.local/lib/python3.8/site-packages/airflow/example_dags/example_setup_teardown_taskflow.py took 0.867 seconds
[2023-09-17T12:41:05.496+0000] {processor.py:157} INFO - Started process (PID=106) to work on /home/airflow/.local/lib/python3.8/site-packages/airflow/example_dags/example_setup_teardown_taskflow.py
[2023-09-17T12:41:05.516+0000] {processor.py:829} INFO - Processing file /home/airflow/.local/lib/python3.8/site-packages/airflow/example_dags/example_setup_teardown_taskflow.py for tasks to queue
[2023-09-17T12:41:05.520+0000] {logging_mixin.py:151} INFO - [2023-09-17T12:41:05.519+0000] {dagbag.py:539} INFO - Filling up the DagBag from /home/airflow/.local/lib/python3.8/site-packages/airflow/example_dags/example_setup_teardown_taskflow.py
[2023-09-17T12:41:05.540+0000] {processor.py:839} INFO - DAG(s) dict_keys(['example_setup_teardown_taskflow']) retrieved from /home/airflow/.local/lib/python3.8/site-packages/airflow/example_dags/example_setup_teardown_taskflow.py
[2023-09-17T12:41:05.574+0000] {logging_mixin.py:151} INFO - [2023-09-17T12:41:05.573+0000] {dag.py:2915} INFO - Sync 1 DAGs
[2023-09-17T12:41:05.617+0000] {logging_mixin.py:151} INFO - [2023-09-17T12:41:05.617+0000] {dag.py:3696} INFO - Setting next_dagrun for example_setup_teardown_taskflow to 2023-09-16T12:41:05.616979+00:00, run_after=2023-09-17T12:41:05.616979+00:00
[2023-09-17T12:41:05.674+0000] {processor.py:179} INFO - Processing /home/airflow/.local/lib/python3.8/site-packages/airflow/example_dags/example_setup_teardown_taskflow.py took 0.183 seconds
[2023-09-17T12:41:35.707+0000] {processor.py:157} INFO - Started process (PID=161) to work on /home/airflow/.local/lib/python3.8/site-packages/airflow/example_dags/example_setup_teardown_taskflow.py
[2023-09-17T12:41:35.708+0000] {processor.py:829} INFO - Processing file /home/airflow/.local/lib/python3.8/site-packages/airflow/example_dags/example_setup_teardown_taskflow.py for tasks to queue
[2023-09-17T12:41:35.711+0000] {logging_mixin.py:151} INFO - [2023-09-17T12:41:35.710+0000] {dagbag.py:539} INFO - Filling up the DagBag from /home/airflow/.local/lib/python3.8/site-packages/airflow/example_dags/example_setup_teardown_taskflow.py
[2023-09-17T12:41:35.727+0000] {processor.py:839} INFO - DAG(s) dict_keys(['example_setup_teardown_taskflow']) retrieved from /home/airflow/.local/lib/python3.8/site-packages/airflow/example_dags/example_setup_teardown_taskflow.py
[2023-09-17T12:41:35.758+0000] {logging_mixin.py:151} INFO - [2023-09-17T12:41:35.758+0000] {dag.py:2915} INFO - Sync 1 DAGs
[2023-09-17T12:41:35.793+0000] {logging_mixin.py:151} INFO - [2023-09-17T12:41:35.793+0000] {dag.py:3696} INFO - Setting next_dagrun for example_setup_teardown_taskflow to 2023-09-16T12:41:35.792874+00:00, run_after=2023-09-17T12:41:35.792874+00:00
[2023-09-17T12:41:35.828+0000] {processor.py:179} INFO - Processing /home/airflow/.local/lib/python3.8/site-packages/airflow/example_dags/example_setup_teardown_taskflow.py took 0.124 seconds
[2023-09-17T12:42:06.086+0000] {processor.py:157} INFO - Started process (PID=216) to work on /home/airflow/.local/lib/python3.8/site-packages/airflow/example_dags/example_setup_teardown_taskflow.py
[2023-09-17T12:42:06.089+0000] {processor.py:829} INFO - Processing file /home/airflow/.local/lib/python3.8/site-packages/airflow/example_dags/example_setup_teardown_taskflow.py for tasks to queue
[2023-09-17T12:42:06.095+0000] {logging_mixin.py:151} INFO - [2023-09-17T12:42:06.094+0000] {dagbag.py:539} INFO - Filling up the DagBag from /home/airflow/.local/lib/python3.8/site-packages/airflow/example_dags/example_setup_teardown_taskflow.py
[2023-09-17T12:42:06.116+0000] {processor.py:839} INFO - DAG(s) dict_keys(['example_setup_teardown_taskflow']) retrieved from /home/airflow/.local/lib/python3.8/site-packages/airflow/example_dags/example_setup_teardown_taskflow.py
[2023-09-17T12:42:06.162+0000] {logging_mixin.py:151} INFO - [2023-09-17T12:42:06.162+0000] {dag.py:2915} INFO - Sync 1 DAGs
[2023-09-17T12:42:06.223+0000] {logging_mixin.py:151} INFO - [2023-09-17T12:42:06.223+0000] {dag.py:3696} INFO - Setting next_dagrun for example_setup_teardown_taskflow to 2023-09-16T12:42:06.222771+00:00, run_after=2023-09-17T12:42:06.222771+00:00
[2023-09-17T12:42:06.278+0000] {processor.py:179} INFO - Processing /home/airflow/.local/lib/python3.8/site-packages/airflow/example_dags/example_setup_teardown_taskflow.py took 0.198 seconds
[2023-09-17T12:42:36.777+0000] {processor.py:157} INFO - Started process (PID=271) to work on /home/airflow/.local/lib/python3.8/site-packages/airflow/example_dags/example_setup_teardown_taskflow.py
[2023-09-17T12:42:36.778+0000] {processor.py:829} INFO - Processing file /home/airflow/.local/lib/python3.8/site-packages/airflow/example_dags/example_setup_teardown_taskflow.py for tasks to queue
[2023-09-17T12:42:36.781+0000] {logging_mixin.py:151} INFO - [2023-09-17T12:42:36.780+0000] {dagbag.py:539} INFO - Filling up the DagBag from /home/airflow/.local/lib/python3.8/site-packages/airflow/example_dags/example_setup_teardown_taskflow.py
[2023-09-17T12:42:36.800+0000] {processor.py:839} INFO - DAG(s) dict_keys(['example_setup_teardown_taskflow']) retrieved from /home/airflow/.local/lib/python3.8/site-packages/airflow/example_dags/example_setup_teardown_taskflow.py
[2023-09-17T12:42:36.848+0000] {logging_mixin.py:151} INFO - [2023-09-17T12:42:36.848+0000] {dag.py:2915} INFO - Sync 1 DAGs
[2023-09-17T12:42:36.898+0000] {logging_mixin.py:151} INFO - [2023-09-17T12:42:36.897+0000] {dag.py:3696} INFO - Setting next_dagrun for example_setup_teardown_taskflow to 2023-09-16T12:42:36.897133+00:00, run_after=2023-09-17T12:42:36.897133+00:00
[2023-09-17T12:42:36.958+0000] {processor.py:179} INFO - Processing /home/airflow/.local/lib/python3.8/site-packages/airflow/example_dags/example_setup_teardown_taskflow.py took 0.190 seconds
[2023-09-17T12:43:07.592+0000] {processor.py:157} INFO - Started process (PID=326) to work on /home/airflow/.local/lib/python3.8/site-packages/airflow/example_dags/example_setup_teardown_taskflow.py
[2023-09-17T12:43:07.595+0000] {processor.py:829} INFO - Processing file /home/airflow/.local/lib/python3.8/site-packages/airflow/example_dags/example_setup_teardown_taskflow.py for tasks to queue
[2023-09-17T12:43:07.597+0000] {logging_mixin.py:151} INFO - [2023-09-17T12:43:07.597+0000] {dagbag.py:539} INFO - Filling up the DagBag from /home/airflow/.local/lib/python3.8/site-packages/airflow/example_dags/example_setup_teardown_taskflow.py
[2023-09-17T12:43:07.613+0000] {processor.py:839} INFO - DAG(s) dict_keys(['example_setup_teardown_taskflow']) retrieved from /home/airflow/.local/lib/python3.8/site-packages/airflow/example_dags/example_setup_teardown_taskflow.py
[2023-09-17T12:43:07.656+0000] {logging_mixin.py:151} INFO - [2023-09-17T12:43:07.656+0000] {dag.py:2915} INFO - Sync 1 DAGs
[2023-09-17T12:43:07.701+0000] {logging_mixin.py:151} INFO - [2023-09-17T12:43:07.701+0000] {dag.py:3696} INFO - Setting next_dagrun for example_setup_teardown_taskflow to 2023-09-16T12:43:07.701042+00:00, run_after=2023-09-17T12:43:07.701042+00:00
[2023-09-17T12:43:07.742+0000] {processor.py:179} INFO - Processing /home/airflow/.local/lib/python3.8/site-packages/airflow/example_dags/example_setup_teardown_taskflow.py took 0.156 seconds
[2023-09-17T12:43:38.179+0000] {processor.py:157} INFO - Started process (PID=381) to work on /home/airflow/.local/lib/python3.8/site-packages/airflow/example_dags/example_setup_teardown_taskflow.py
[2023-09-17T12:43:38.183+0000] {processor.py:829} INFO - Processing file /home/airflow/.local/lib/python3.8/site-packages/airflow/example_dags/example_setup_teardown_taskflow.py for tasks to queue
[2023-09-17T12:43:38.190+0000] {logging_mixin.py:151} INFO - [2023-09-17T12:43:38.188+0000] {dagbag.py:539} INFO - Filling up the DagBag from /home/airflow/.local/lib/python3.8/site-packages/airflow/example_dags/example_setup_teardown_taskflow.py
[2023-09-17T12:43:38.227+0000] {processor.py:839} INFO - DAG(s) dict_keys(['example_setup_teardown_taskflow']) retrieved from /home/airflow/.local/lib/python3.8/site-packages/airflow/example_dags/example_setup_teardown_taskflow.py
[2023-09-17T12:43:38.307+0000] {logging_mixin.py:151} INFO - [2023-09-17T12:43:38.306+0000] {dag.py:2915} INFO - Sync 1 DAGs
[2023-09-17T12:43:38.352+0000] {logging_mixin.py:151} INFO - [2023-09-17T12:43:38.352+0000] {dag.py:3696} INFO - Setting next_dagrun for example_setup_teardown_taskflow to 2023-09-16T12:43:38.351918+00:00, run_after=2023-09-17T12:43:38.351918+00:00
[2023-09-17T12:43:38.452+0000] {processor.py:179} INFO - Processing /home/airflow/.local/lib/python3.8/site-packages/airflow/example_dags/example_setup_teardown_taskflow.py took 0.291 seconds
[2023-09-17T12:44:08.731+0000] {processor.py:157} INFO - Started process (PID=437) to work on /home/airflow/.local/lib/python3.8/site-packages/airflow/example_dags/example_setup_teardown_taskflow.py
[2023-09-17T12:44:08.742+0000] {processor.py:829} INFO - Processing file /home/airflow/.local/lib/python3.8/site-packages/airflow/example_dags/example_setup_teardown_taskflow.py for tasks to queue
[2023-09-17T12:44:08.748+0000] {logging_mixin.py:151} INFO - [2023-09-17T12:44:08.746+0000] {dagbag.py:539} INFO - Filling up the DagBag from /home/airflow/.local/lib/python3.8/site-packages/airflow/example_dags/example_setup_teardown_taskflow.py
[2023-09-17T12:44:08.786+0000] {processor.py:839} INFO - DAG(s) dict_keys(['example_setup_teardown_taskflow']) retrieved from /home/airflow/.local/lib/python3.8/site-packages/airflow/example_dags/example_setup_teardown_taskflow.py
[2023-09-17T12:44:08.851+0000] {logging_mixin.py:151} INFO - [2023-09-17T12:44:08.850+0000] {dag.py:2915} INFO - Sync 1 DAGs
[2023-09-17T12:44:08.901+0000] {logging_mixin.py:151} INFO - [2023-09-17T12:44:08.900+0000] {dag.py:3696} INFO - Setting next_dagrun for example_setup_teardown_taskflow to 2023-09-16T12:44:08.899673+00:00, run_after=2023-09-17T12:44:08.899673+00:00
[2023-09-17T12:44:08.963+0000] {processor.py:179} INFO - Processing /home/airflow/.local/lib/python3.8/site-packages/airflow/example_dags/example_setup_teardown_taskflow.py took 0.246 seconds
[2023-09-17T12:44:39.081+0000] {processor.py:157} INFO - Started process (PID=492) to work on /home/airflow/.local/lib/python3.8/site-packages/airflow/example_dags/example_setup_teardown_taskflow.py
[2023-09-17T12:44:39.082+0000] {processor.py:829} INFO - Processing file /home/airflow/.local/lib/python3.8/site-packages/airflow/example_dags/example_setup_teardown_taskflow.py for tasks to queue
[2023-09-17T12:44:39.084+0000] {logging_mixin.py:151} INFO - [2023-09-17T12:44:39.084+0000] {dagbag.py:539} INFO - Filling up the DagBag from /home/airflow/.local/lib/python3.8/site-packages/airflow/example_dags/example_setup_teardown_taskflow.py
[2023-09-17T12:44:39.097+0000] {processor.py:839} INFO - DAG(s) dict_keys(['example_setup_teardown_taskflow']) retrieved from /home/airflow/.local/lib/python3.8/site-packages/airflow/example_dags/example_setup_teardown_taskflow.py
[2023-09-17T12:44:39.133+0000] {logging_mixin.py:151} INFO - [2023-09-17T12:44:39.133+0000] {dag.py:2915} INFO - Sync 1 DAGs
[2023-09-17T12:44:39.168+0000] {logging_mixin.py:151} INFO - [2023-09-17T12:44:39.167+0000] {dag.py:3696} INFO - Setting next_dagrun for example_setup_teardown_taskflow to 2023-09-16T12:44:39.167546+00:00, run_after=2023-09-17T12:44:39.167546+00:00
[2023-09-17T12:44:39.228+0000] {processor.py:179} INFO - Processing /home/airflow/.local/lib/python3.8/site-packages/airflow/example_dags/example_setup_teardown_taskflow.py took 0.151 seconds
[2023-09-17T12:45:09.693+0000] {processor.py:157} INFO - Started process (PID=548) to work on /home/airflow/.local/lib/python3.8/site-packages/airflow/example_dags/example_setup_teardown_taskflow.py
[2023-09-17T12:45:09.694+0000] {processor.py:829} INFO - Processing file /home/airflow/.local/lib/python3.8/site-packages/airflow/example_dags/example_setup_teardown_taskflow.py for tasks to queue
[2023-09-17T12:45:09.697+0000] {logging_mixin.py:151} INFO - [2023-09-17T12:45:09.696+0000] {dagbag.py:539} INFO - Filling up the DagBag from /home/airflow/.local/lib/python3.8/site-packages/airflow/example_dags/example_setup_teardown_taskflow.py
[2023-09-17T12:45:09.708+0000] {processor.py:839} INFO - DAG(s) dict_keys(['example_setup_teardown_taskflow']) retrieved from /home/airflow/.local/lib/python3.8/site-packages/airflow/example_dags/example_setup_teardown_taskflow.py
[2023-09-17T12:45:09.742+0000] {logging_mixin.py:151} INFO - [2023-09-17T12:45:09.742+0000] {dag.py:2915} INFO - Sync 1 DAGs
[2023-09-17T12:45:09.773+0000] {logging_mixin.py:151} INFO - [2023-09-17T12:45:09.772+0000] {dag.py:3696} INFO - Setting next_dagrun for example_setup_teardown_taskflow to 2023-09-16T12:45:09.772465+00:00, run_after=2023-09-17T12:45:09.772465+00:00
[2023-09-17T12:45:09.806+0000] {processor.py:179} INFO - Processing /home/airflow/.local/lib/python3.8/site-packages/airflow/example_dags/example_setup_teardown_taskflow.py took 0.116 seconds
[2023-09-17T12:45:39.943+0000] {processor.py:157} INFO - Started process (PID=601) to work on /home/airflow/.local/lib/python3.8/site-packages/airflow/example_dags/example_setup_teardown_taskflow.py
[2023-09-17T12:45:39.945+0000] {processor.py:829} INFO - Processing file /home/airflow/.local/lib/python3.8/site-packages/airflow/example_dags/example_setup_teardown_taskflow.py for tasks to queue
[2023-09-17T12:45:39.949+0000] {logging_mixin.py:151} INFO - [2023-09-17T12:45:39.948+0000] {dagbag.py:539} INFO - Filling up the DagBag from /home/airflow/.local/lib/python3.8/site-packages/airflow/example_dags/example_setup_teardown_taskflow.py
[2023-09-17T12:45:39.972+0000] {processor.py:839} INFO - DAG(s) dict_keys(['example_setup_teardown_taskflow']) retrieved from /home/airflow/.local/lib/python3.8/site-packages/airflow/example_dags/example_setup_teardown_taskflow.py
[2023-09-17T12:45:40.025+0000] {logging_mixin.py:151} INFO - [2023-09-17T12:45:40.025+0000] {dag.py:2915} INFO - Sync 1 DAGs
[2023-09-17T12:45:40.075+0000] {logging_mixin.py:151} INFO - [2023-09-17T12:45:40.074+0000] {dag.py:3696} INFO - Setting next_dagrun for example_setup_teardown_taskflow to 2023-09-16T12:45:40.073792+00:00, run_after=2023-09-17T12:45:40.073792+00:00
[2023-09-17T12:45:40.125+0000] {processor.py:179} INFO - Processing /home/airflow/.local/lib/python3.8/site-packages/airflow/example_dags/example_setup_teardown_taskflow.py took 0.193 seconds
[2023-09-17T12:46:10.231+0000] {processor.py:157} INFO - Started process (PID=656) to work on /home/airflow/.local/lib/python3.8/site-packages/airflow/example_dags/example_setup_teardown_taskflow.py
[2023-09-17T12:46:10.233+0000] {processor.py:829} INFO - Processing file /home/airflow/.local/lib/python3.8/site-packages/airflow/example_dags/example_setup_teardown_taskflow.py for tasks to queue
[2023-09-17T12:46:10.237+0000] {logging_mixin.py:151} INFO - [2023-09-17T12:46:10.236+0000] {dagbag.py:539} INFO - Filling up the DagBag from /home/airflow/.local/lib/python3.8/site-packages/airflow/example_dags/example_setup_teardown_taskflow.py
[2023-09-17T12:46:10.264+0000] {processor.py:839} INFO - DAG(s) dict_keys(['example_setup_teardown_taskflow']) retrieved from /home/airflow/.local/lib/python3.8/site-packages/airflow/example_dags/example_setup_teardown_taskflow.py
[2023-09-17T12:46:10.348+0000] {logging_mixin.py:151} INFO - [2023-09-17T12:46:10.348+0000] {dag.py:2915} INFO - Sync 1 DAGs
[2023-09-17T12:46:10.387+0000] {logging_mixin.py:151} INFO - [2023-09-17T12:46:10.387+0000] {dag.py:3696} INFO - Setting next_dagrun for example_setup_teardown_taskflow to 2023-09-16T12:46:10.387375+00:00, run_after=2023-09-17T12:46:10.387375+00:00
[2023-09-17T12:46:10.435+0000] {processor.py:179} INFO - Processing /home/airflow/.local/lib/python3.8/site-packages/airflow/example_dags/example_setup_teardown_taskflow.py took 0.210 seconds
[2023-09-17T12:46:40.942+0000] {processor.py:157} INFO - Started process (PID=712) to work on /home/airflow/.local/lib/python3.8/site-packages/airflow/example_dags/example_setup_teardown_taskflow.py
[2023-09-17T12:46:40.952+0000] {processor.py:829} INFO - Processing file /home/airflow/.local/lib/python3.8/site-packages/airflow/example_dags/example_setup_teardown_taskflow.py for tasks to queue
[2023-09-17T12:46:40.954+0000] {logging_mixin.py:151} INFO - [2023-09-17T12:46:40.954+0000] {dagbag.py:539} INFO - Filling up the DagBag from /home/airflow/.local/lib/python3.8/site-packages/airflow/example_dags/example_setup_teardown_taskflow.py
[2023-09-17T12:46:40.966+0000] {processor.py:839} INFO - DAG(s) dict_keys(['example_setup_teardown_taskflow']) retrieved from /home/airflow/.local/lib/python3.8/site-packages/airflow/example_dags/example_setup_teardown_taskflow.py
[2023-09-17T12:46:40.994+0000] {logging_mixin.py:151} INFO - [2023-09-17T12:46:40.993+0000] {dag.py:2915} INFO - Sync 1 DAGs
[2023-09-17T12:46:41.027+0000] {logging_mixin.py:151} INFO - [2023-09-17T12:46:41.026+0000] {dag.py:3696} INFO - Setting next_dagrun for example_setup_teardown_taskflow to 2023-09-16T12:46:41.026514+00:00, run_after=2023-09-17T12:46:41.026514+00:00
[2023-09-17T12:46:41.069+0000] {processor.py:179} INFO - Processing /home/airflow/.local/lib/python3.8/site-packages/airflow/example_dags/example_setup_teardown_taskflow.py took 0.131 seconds
[2023-09-17T12:47:11.821+0000] {processor.py:157} INFO - Started process (PID=768) to work on /home/airflow/.local/lib/python3.8/site-packages/airflow/example_dags/example_setup_teardown_taskflow.py
[2023-09-17T12:47:11.822+0000] {processor.py:829} INFO - Processing file /home/airflow/.local/lib/python3.8/site-packages/airflow/example_dags/example_setup_teardown_taskflow.py for tasks to queue
[2023-09-17T12:47:11.824+0000] {logging_mixin.py:151} INFO - [2023-09-17T12:47:11.824+0000] {dagbag.py:539} INFO - Filling up the DagBag from /home/airflow/.local/lib/python3.8/site-packages/airflow/example_dags/example_setup_teardown_taskflow.py
[2023-09-17T12:47:11.838+0000] {processor.py:839} INFO - DAG(s) dict_keys(['example_setup_teardown_taskflow']) retrieved from /home/airflow/.local/lib/python3.8/site-packages/airflow/example_dags/example_setup_teardown_taskflow.py
[2023-09-17T12:47:11.872+0000] {logging_mixin.py:151} INFO - [2023-09-17T12:47:11.871+0000] {dag.py:2915} INFO - Sync 1 DAGs
[2023-09-17T12:47:11.904+0000] {logging_mixin.py:151} INFO - [2023-09-17T12:47:11.903+0000] {dag.py:3696} INFO - Setting next_dagrun for example_setup_teardown_taskflow to 2023-09-16T12:47:11.903221+00:00, run_after=2023-09-17T12:47:11.903221+00:00
[2023-09-17T12:47:11.938+0000] {processor.py:179} INFO - Processing /home/airflow/.local/lib/python3.8/site-packages/airflow/example_dags/example_setup_teardown_taskflow.py took 0.122 seconds
[2023-09-17T12:47:42.352+0000] {processor.py:157} INFO - Started process (PID=823) to work on /home/airflow/.local/lib/python3.8/site-packages/airflow/example_dags/example_setup_teardown_taskflow.py
[2023-09-17T12:47:42.355+0000] {processor.py:829} INFO - Processing file /home/airflow/.local/lib/python3.8/site-packages/airflow/example_dags/example_setup_teardown_taskflow.py for tasks to queue
[2023-09-17T12:47:42.359+0000] {logging_mixin.py:151} INFO - [2023-09-17T12:47:42.358+0000] {dagbag.py:539} INFO - Filling up the DagBag from /home/airflow/.local/lib/python3.8/site-packages/airflow/example_dags/example_setup_teardown_taskflow.py
[2023-09-17T12:47:42.387+0000] {processor.py:839} INFO - DAG(s) dict_keys(['example_setup_teardown_taskflow']) retrieved from /home/airflow/.local/lib/python3.8/site-packages/airflow/example_dags/example_setup_teardown_taskflow.py
[2023-09-17T12:47:42.450+0000] {logging_mixin.py:151} INFO - [2023-09-17T12:47:42.449+0000] {dag.py:2915} INFO - Sync 1 DAGs
[2023-09-17T12:47:42.523+0000] {logging_mixin.py:151} INFO - [2023-09-17T12:47:42.523+0000] {dag.py:3696} INFO - Setting next_dagrun for example_setup_teardown_taskflow to 2023-09-16T12:47:42.522681+00:00, run_after=2023-09-17T12:47:42.522681+00:00
[2023-09-17T12:47:42.586+0000] {processor.py:179} INFO - Processing /home/airflow/.local/lib/python3.8/site-packages/airflow/example_dags/example_setup_teardown_taskflow.py took 0.241 seconds
[2023-09-17T12:48:13.179+0000] {processor.py:157} INFO - Started process (PID=878) to work on /home/airflow/.local/lib/python3.8/site-packages/airflow/example_dags/example_setup_teardown_taskflow.py
[2023-09-17T12:48:13.182+0000] {processor.py:829} INFO - Processing file /home/airflow/.local/lib/python3.8/site-packages/airflow/example_dags/example_setup_teardown_taskflow.py for tasks to queue
[2023-09-17T12:48:13.192+0000] {logging_mixin.py:151} INFO - [2023-09-17T12:48:13.191+0000] {dagbag.py:539} INFO - Filling up the DagBag from /home/airflow/.local/lib/python3.8/site-packages/airflow/example_dags/example_setup_teardown_taskflow.py
[2023-09-17T12:48:13.251+0000] {processor.py:839} INFO - DAG(s) dict_keys(['example_setup_teardown_taskflow']) retrieved from /home/airflow/.local/lib/python3.8/site-packages/airflow/example_dags/example_setup_teardown_taskflow.py
[2023-09-17T12:48:13.326+0000] {logging_mixin.py:151} INFO - [2023-09-17T12:48:13.325+0000] {dag.py:2915} INFO - Sync 1 DAGs
[2023-09-17T12:48:13.375+0000] {logging_mixin.py:151} INFO - [2023-09-17T12:48:13.375+0000] {dag.py:3696} INFO - Setting next_dagrun for example_setup_teardown_taskflow to 2023-09-16T12:48:13.374847+00:00, run_after=2023-09-17T12:48:13.374847+00:00
[2023-09-17T12:48:13.428+0000] {processor.py:179} INFO - Processing /home/airflow/.local/lib/python3.8/site-packages/airflow/example_dags/example_setup_teardown_taskflow.py took 0.294 seconds
[2023-09-17T12:48:44.120+0000] {processor.py:157} INFO - Started process (PID=933) to work on /home/airflow/.local/lib/python3.8/site-packages/airflow/example_dags/example_setup_teardown_taskflow.py
[2023-09-17T12:48:44.127+0000] {processor.py:829} INFO - Processing file /home/airflow/.local/lib/python3.8/site-packages/airflow/example_dags/example_setup_teardown_taskflow.py for tasks to queue
[2023-09-17T12:48:44.131+0000] {logging_mixin.py:151} INFO - [2023-09-17T12:48:44.130+0000] {dagbag.py:539} INFO - Filling up the DagBag from /home/airflow/.local/lib/python3.8/site-packages/airflow/example_dags/example_setup_teardown_taskflow.py
[2023-09-17T12:48:44.147+0000] {processor.py:839} INFO - DAG(s) dict_keys(['example_setup_teardown_taskflow']) retrieved from /home/airflow/.local/lib/python3.8/site-packages/airflow/example_dags/example_setup_teardown_taskflow.py
[2023-09-17T12:48:44.184+0000] {logging_mixin.py:151} INFO - [2023-09-17T12:48:44.183+0000] {dag.py:2915} INFO - Sync 1 DAGs
[2023-09-17T12:48:44.222+0000] {logging_mixin.py:151} INFO - [2023-09-17T12:48:44.222+0000] {dag.py:3696} INFO - Setting next_dagrun for example_setup_teardown_taskflow to 2023-09-16T12:48:44.222054+00:00, run_after=2023-09-17T12:48:44.222054+00:00
[2023-09-17T12:48:44.260+0000] {processor.py:179} INFO - Processing /home/airflow/.local/lib/python3.8/site-packages/airflow/example_dags/example_setup_teardown_taskflow.py took 0.145 seconds
[2023-09-17T12:49:14.610+0000] {processor.py:157} INFO - Started process (PID=988) to work on /home/airflow/.local/lib/python3.8/site-packages/airflow/example_dags/example_setup_teardown_taskflow.py
[2023-09-17T12:49:14.613+0000] {processor.py:829} INFO - Processing file /home/airflow/.local/lib/python3.8/site-packages/airflow/example_dags/example_setup_teardown_taskflow.py for tasks to queue
[2023-09-17T12:49:14.620+0000] {logging_mixin.py:151} INFO - [2023-09-17T12:49:14.619+0000] {dagbag.py:539} INFO - Filling up the DagBag from /home/airflow/.local/lib/python3.8/site-packages/airflow/example_dags/example_setup_teardown_taskflow.py
[2023-09-17T12:49:14.653+0000] {processor.py:839} INFO - DAG(s) dict_keys(['example_setup_teardown_taskflow']) retrieved from /home/airflow/.local/lib/python3.8/site-packages/airflow/example_dags/example_setup_teardown_taskflow.py
[2023-09-17T12:49:14.699+0000] {logging_mixin.py:151} INFO - [2023-09-17T12:49:14.698+0000] {dag.py:2915} INFO - Sync 1 DAGs
[2023-09-17T12:49:14.739+0000] {logging_mixin.py:151} INFO - [2023-09-17T12:49:14.739+0000] {dag.py:3696} INFO - Setting next_dagrun for example_setup_teardown_taskflow to 2023-09-16T12:49:14.739022+00:00, run_after=2023-09-17T12:49:14.739022+00:00
[2023-09-17T12:49:14.780+0000] {processor.py:179} INFO - Processing /home/airflow/.local/lib/python3.8/site-packages/airflow/example_dags/example_setup_teardown_taskflow.py took 0.188 seconds
[2023-09-17T12:49:44.922+0000] {processor.py:157} INFO - Started process (PID=1043) to work on /home/airflow/.local/lib/python3.8/site-packages/airflow/example_dags/example_setup_teardown_taskflow.py
[2023-09-17T12:49:44.949+0000] {processor.py:829} INFO - Processing file /home/airflow/.local/lib/python3.8/site-packages/airflow/example_dags/example_setup_teardown_taskflow.py for tasks to queue
[2023-09-17T12:49:44.953+0000] {logging_mixin.py:151} INFO - [2023-09-17T12:49:44.953+0000] {dagbag.py:539} INFO - Filling up the DagBag from /home/airflow/.local/lib/python3.8/site-packages/airflow/example_dags/example_setup_teardown_taskflow.py
[2023-09-17T12:49:44.966+0000] {processor.py:839} INFO - DAG(s) dict_keys(['example_setup_teardown_taskflow']) retrieved from /home/airflow/.local/lib/python3.8/site-packages/airflow/example_dags/example_setup_teardown_taskflow.py
[2023-09-17T12:49:45.004+0000] {logging_mixin.py:151} INFO - [2023-09-17T12:49:45.003+0000] {dag.py:2915} INFO - Sync 1 DAGs
[2023-09-17T12:49:45.044+0000] {logging_mixin.py:151} INFO - [2023-09-17T12:49:45.044+0000] {dag.py:3696} INFO - Setting next_dagrun for example_setup_teardown_taskflow to 2023-09-16T12:49:45.043774+00:00, run_after=2023-09-17T12:49:45.043774+00:00
[2023-09-17T12:49:45.081+0000] {processor.py:179} INFO - Processing /home/airflow/.local/lib/python3.8/site-packages/airflow/example_dags/example_setup_teardown_taskflow.py took 0.163 seconds
[2023-09-17T12:50:15.694+0000] {processor.py:157} INFO - Started process (PID=1098) to work on /home/airflow/.local/lib/python3.8/site-packages/airflow/example_dags/example_setup_teardown_taskflow.py
[2023-09-17T12:50:15.696+0000] {processor.py:829} INFO - Processing file /home/airflow/.local/lib/python3.8/site-packages/airflow/example_dags/example_setup_teardown_taskflow.py for tasks to queue
[2023-09-17T12:50:15.700+0000] {logging_mixin.py:151} INFO - [2023-09-17T12:50:15.699+0000] {dagbag.py:539} INFO - Filling up the DagBag from /home/airflow/.local/lib/python3.8/site-packages/airflow/example_dags/example_setup_teardown_taskflow.py
[2023-09-17T12:50:15.726+0000] {processor.py:839} INFO - DAG(s) dict_keys(['example_setup_teardown_taskflow']) retrieved from /home/airflow/.local/lib/python3.8/site-packages/airflow/example_dags/example_setup_teardown_taskflow.py
[2023-09-17T12:50:15.790+0000] {logging_mixin.py:151} INFO - [2023-09-17T12:50:15.790+0000] {dag.py:2915} INFO - Sync 1 DAGs
[2023-09-17T12:50:15.851+0000] {logging_mixin.py:151} INFO - [2023-09-17T12:50:15.851+0000] {dag.py:3696} INFO - Setting next_dagrun for example_setup_teardown_taskflow to 2023-09-16T12:50:15.850637+00:00, run_after=2023-09-17T12:50:15.850637+00:00
[2023-09-17T12:50:15.926+0000] {processor.py:179} INFO - Processing /home/airflow/.local/lib/python3.8/site-packages/airflow/example_dags/example_setup_teardown_taskflow.py took 0.237 seconds
[2023-09-17T12:50:46.246+0000] {processor.py:157} INFO - Started process (PID=1153) to work on /home/airflow/.local/lib/python3.8/site-packages/airflow/example_dags/example_setup_teardown_taskflow.py
[2023-09-17T12:50:46.247+0000] {processor.py:829} INFO - Processing file /home/airflow/.local/lib/python3.8/site-packages/airflow/example_dags/example_setup_teardown_taskflow.py for tasks to queue
[2023-09-17T12:50:46.251+0000] {logging_mixin.py:151} INFO - [2023-09-17T12:50:46.250+0000] {dagbag.py:539} INFO - Filling up the DagBag from /home/airflow/.local/lib/python3.8/site-packages/airflow/example_dags/example_setup_teardown_taskflow.py
[2023-09-17T12:50:46.281+0000] {processor.py:839} INFO - DAG(s) dict_keys(['example_setup_teardown_taskflow']) retrieved from /home/airflow/.local/lib/python3.8/site-packages/airflow/example_dags/example_setup_teardown_taskflow.py
[2023-09-17T12:50:46.328+0000] {logging_mixin.py:151} INFO - [2023-09-17T12:50:46.328+0000] {dag.py:2915} INFO - Sync 1 DAGs
[2023-09-17T12:50:46.378+0000] {logging_mixin.py:151} INFO - [2023-09-17T12:50:46.378+0000] {dag.py:3696} INFO - Setting next_dagrun for example_setup_teardown_taskflow to 2023-09-16T12:50:46.377627+00:00, run_after=2023-09-17T12:50:46.377627+00:00
[2023-09-17T12:50:46.441+0000] {processor.py:179} INFO - Processing /home/airflow/.local/lib/python3.8/site-packages/airflow/example_dags/example_setup_teardown_taskflow.py took 0.203 seconds
[2023-09-17T12:51:17.234+0000] {processor.py:157} INFO - Started process (PID=1207) to work on /home/airflow/.local/lib/python3.8/site-packages/airflow/example_dags/example_setup_teardown_taskflow.py
[2023-09-17T12:51:17.258+0000] {processor.py:829} INFO - Processing file /home/airflow/.local/lib/python3.8/site-packages/airflow/example_dags/example_setup_teardown_taskflow.py for tasks to queue
[2023-09-17T12:51:17.263+0000] {logging_mixin.py:151} INFO - [2023-09-17T12:51:17.263+0000] {dagbag.py:539} INFO - Filling up the DagBag from /home/airflow/.local/lib/python3.8/site-packages/airflow/example_dags/example_setup_teardown_taskflow.py
[2023-09-17T12:51:17.329+0000] {processor.py:839} INFO - DAG(s) dict_keys(['example_setup_teardown_taskflow']) retrieved from /home/airflow/.local/lib/python3.8/site-packages/airflow/example_dags/example_setup_teardown_taskflow.py
[2023-09-17T12:51:17.476+0000] {logging_mixin.py:151} INFO - [2023-09-17T12:51:17.476+0000] {dag.py:2915} INFO - Sync 1 DAGs
[2023-09-17T12:51:17.525+0000] {logging_mixin.py:151} INFO - [2023-09-17T12:51:17.524+0000] {dag.py:3696} INFO - Setting next_dagrun for example_setup_teardown_taskflow to 2023-09-16T12:51:17.524529+00:00, run_after=2023-09-17T12:51:17.524529+00:00
[2023-09-17T12:51:17.641+0000] {processor.py:179} INFO - Processing /home/airflow/.local/lib/python3.8/site-packages/airflow/example_dags/example_setup_teardown_taskflow.py took 0.416 seconds
[2023-09-17T12:51:48.211+0000] {processor.py:157} INFO - Started process (PID=1261) to work on /home/airflow/.local/lib/python3.8/site-packages/airflow/example_dags/example_setup_teardown_taskflow.py
[2023-09-17T12:51:48.276+0000] {processor.py:829} INFO - Processing file /home/airflow/.local/lib/python3.8/site-packages/airflow/example_dags/example_setup_teardown_taskflow.py for tasks to queue
[2023-09-17T12:51:48.282+0000] {logging_mixin.py:151} INFO - [2023-09-17T12:51:48.281+0000] {dagbag.py:539} INFO - Filling up the DagBag from /home/airflow/.local/lib/python3.8/site-packages/airflow/example_dags/example_setup_teardown_taskflow.py
[2023-09-17T12:51:48.338+0000] {processor.py:839} INFO - DAG(s) dict_keys(['example_setup_teardown_taskflow']) retrieved from /home/airflow/.local/lib/python3.8/site-packages/airflow/example_dags/example_setup_teardown_taskflow.py
[2023-09-17T12:51:48.495+0000] {logging_mixin.py:151} INFO - [2023-09-17T12:51:48.495+0000] {dag.py:2915} INFO - Sync 1 DAGs
[2023-09-17T12:51:48.593+0000] {logging_mixin.py:151} INFO - [2023-09-17T12:51:48.592+0000] {dag.py:3696} INFO - Setting next_dagrun for example_setup_teardown_taskflow to 2023-09-16T12:51:48.591867+00:00, run_after=2023-09-17T12:51:48.591867+00:00
[2023-09-17T12:51:48.757+0000] {processor.py:179} INFO - Processing /home/airflow/.local/lib/python3.8/site-packages/airflow/example_dags/example_setup_teardown_taskflow.py took 0.555 seconds
[2023-09-17T12:52:19.595+0000] {processor.py:157} INFO - Started process (PID=1317) to work on /home/airflow/.local/lib/python3.8/site-packages/airflow/example_dags/example_setup_teardown_taskflow.py
[2023-09-17T12:52:19.670+0000] {processor.py:829} INFO - Processing file /home/airflow/.local/lib/python3.8/site-packages/airflow/example_dags/example_setup_teardown_taskflow.py for tasks to queue
[2023-09-17T12:52:19.674+0000] {logging_mixin.py:151} INFO - [2023-09-17T12:52:19.673+0000] {dagbag.py:539} INFO - Filling up the DagBag from /home/airflow/.local/lib/python3.8/site-packages/airflow/example_dags/example_setup_teardown_taskflow.py
[2023-09-17T12:52:19.705+0000] {processor.py:839} INFO - DAG(s) dict_keys(['example_setup_teardown_taskflow']) retrieved from /home/airflow/.local/lib/python3.8/site-packages/airflow/example_dags/example_setup_teardown_taskflow.py
[2023-09-17T12:52:19.765+0000] {logging_mixin.py:151} INFO - [2023-09-17T12:52:19.764+0000] {dag.py:2915} INFO - Sync 1 DAGs
[2023-09-17T12:52:19.875+0000] {logging_mixin.py:151} INFO - [2023-09-17T12:52:19.875+0000] {dag.py:3696} INFO - Setting next_dagrun for example_setup_teardown_taskflow to 2023-09-16T12:52:19.874119+00:00, run_after=2023-09-17T12:52:19.874119+00:00
[2023-09-17T12:52:20.124+0000] {processor.py:179} INFO - Processing /home/airflow/.local/lib/python3.8/site-packages/airflow/example_dags/example_setup_teardown_taskflow.py took 0.539 seconds
[2023-09-17T12:52:50.296+0000] {processor.py:157} INFO - Started process (PID=1371) to work on /home/airflow/.local/lib/python3.8/site-packages/airflow/example_dags/example_setup_teardown_taskflow.py
[2023-09-17T12:52:50.298+0000] {processor.py:829} INFO - Processing file /home/airflow/.local/lib/python3.8/site-packages/airflow/example_dags/example_setup_teardown_taskflow.py for tasks to queue
[2023-09-17T12:52:50.301+0000] {logging_mixin.py:151} INFO - [2023-09-17T12:52:50.301+0000] {dagbag.py:539} INFO - Filling up the DagBag from /home/airflow/.local/lib/python3.8/site-packages/airflow/example_dags/example_setup_teardown_taskflow.py
[2023-09-17T12:52:50.330+0000] {processor.py:839} INFO - DAG(s) dict_keys(['example_setup_teardown_taskflow']) retrieved from /home/airflow/.local/lib/python3.8/site-packages/airflow/example_dags/example_setup_teardown_taskflow.py
[2023-09-17T12:52:50.397+0000] {logging_mixin.py:151} INFO - [2023-09-17T12:52:50.397+0000] {dag.py:2915} INFO - Sync 1 DAGs
[2023-09-17T12:52:50.454+0000] {logging_mixin.py:151} INFO - [2023-09-17T12:52:50.453+0000] {dag.py:3696} INFO - Setting next_dagrun for example_setup_teardown_taskflow to 2023-09-16T12:52:50.453264+00:00, run_after=2023-09-17T12:52:50.453264+00:00
[2023-09-17T12:52:50.518+0000] {processor.py:179} INFO - Processing /home/airflow/.local/lib/python3.8/site-packages/airflow/example_dags/example_setup_teardown_taskflow.py took 0.232 seconds
