[2023-09-17T12:40:40.432+0000] {processor.py:157} INFO - Started process (PID=61) to work on /home/airflow/.local/lib/python3.8/site-packages/airflow/example_dags/example_branch_labels.py
[2023-09-17T12:40:40.433+0000] {processor.py:829} INFO - Processing file /home/airflow/.local/lib/python3.8/site-packages/airflow/example_dags/example_branch_labels.py for tasks to queue
[2023-09-17T12:40:40.439+0000] {logging_mixin.py:151} INFO - [2023-09-17T12:40:40.438+0000] {dagbag.py:539} INFO - Filling up the DagBag from /home/airflow/.local/lib/python3.8/site-packages/airflow/example_dags/example_branch_labels.py
[2023-09-17T12:40:40.467+0000] {processor.py:839} INFO - DAG(s) dict_keys(['example_branch_labels']) retrieved from /home/airflow/.local/lib/python3.8/site-packages/airflow/example_dags/example_branch_labels.py
[2023-09-17T12:40:40.904+0000] {logging_mixin.py:151} INFO - [2023-09-17T12:40:40.904+0000] {manager.py:499} INFO - Created Permission View: %s
[2023-09-17T12:40:40.961+0000] {logging_mixin.py:151} INFO - [2023-09-17T12:40:40.960+0000] {manager.py:499} INFO - Created Permission View: %s
[2023-09-17T12:40:41.018+0000] {logging_mixin.py:151} INFO - [2023-09-17T12:40:41.018+0000] {manager.py:499} INFO - Created Permission View: %s
[2023-09-17T12:40:41.019+0000] {logging_mixin.py:151} INFO - [2023-09-17T12:40:41.019+0000] {security.py:708} INFO - Not syncing DAG-level permissions for DAG 'DAG:example_branch_labels' as access control is unset.
[2023-09-17T12:40:41.020+0000] {logging_mixin.py:151} INFO - [2023-09-17T12:40:41.019+0000] {dag.py:2915} INFO - Sync 1 DAGs
[2023-09-17T12:40:41.087+0000] {logging_mixin.py:151} INFO - [2023-09-17T12:40:41.086+0000] {dag.py:2937} INFO - Creating ORM DAG for example_branch_labels
[2023-09-17T12:40:41.134+0000] {logging_mixin.py:151} INFO - [2023-09-17T12:40:41.134+0000] {dag.py:3696} INFO - Setting next_dagrun for example_branch_labels to 2023-09-16T00:00:00+00:00, run_after=2023-09-17T00:00:00+00:00
[2023-09-17T12:40:41.253+0000] {processor.py:179} INFO - Processing /home/airflow/.local/lib/python3.8/site-packages/airflow/example_dags/example_branch_labels.py took 0.828 seconds
[2023-09-17T12:41:11.475+0000] {processor.py:157} INFO - Started process (PID=115) to work on /home/airflow/.local/lib/python3.8/site-packages/airflow/example_dags/example_branch_labels.py
[2023-09-17T12:41:11.488+0000] {processor.py:829} INFO - Processing file /home/airflow/.local/lib/python3.8/site-packages/airflow/example_dags/example_branch_labels.py for tasks to queue
[2023-09-17T12:41:11.490+0000] {logging_mixin.py:151} INFO - [2023-09-17T12:41:11.490+0000] {dagbag.py:539} INFO - Filling up the DagBag from /home/airflow/.local/lib/python3.8/site-packages/airflow/example_dags/example_branch_labels.py
[2023-09-17T12:41:11.504+0000] {processor.py:839} INFO - DAG(s) dict_keys(['example_branch_labels']) retrieved from /home/airflow/.local/lib/python3.8/site-packages/airflow/example_dags/example_branch_labels.py
[2023-09-17T12:41:11.554+0000] {logging_mixin.py:151} INFO - [2023-09-17T12:41:11.554+0000] {dag.py:2915} INFO - Sync 1 DAGs
[2023-09-17T12:41:11.586+0000] {logging_mixin.py:151} INFO - [2023-09-17T12:41:11.586+0000] {dag.py:3696} INFO - Setting next_dagrun for example_branch_labels to 2023-09-16T00:00:00+00:00, run_after=2023-09-17T00:00:00+00:00
[2023-09-17T12:41:11.906+0000] {processor.py:179} INFO - Processing /home/airflow/.local/lib/python3.8/site-packages/airflow/example_dags/example_branch_labels.py took 0.435 seconds
[2023-09-17T12:41:42.732+0000] {processor.py:157} INFO - Started process (PID=170) to work on /home/airflow/.local/lib/python3.8/site-packages/airflow/example_dags/example_branch_labels.py
[2023-09-17T12:41:42.750+0000] {processor.py:829} INFO - Processing file /home/airflow/.local/lib/python3.8/site-packages/airflow/example_dags/example_branch_labels.py for tasks to queue
[2023-09-17T12:41:42.754+0000] {logging_mixin.py:151} INFO - [2023-09-17T12:41:42.754+0000] {dagbag.py:539} INFO - Filling up the DagBag from /home/airflow/.local/lib/python3.8/site-packages/airflow/example_dags/example_branch_labels.py
[2023-09-17T12:41:42.788+0000] {processor.py:839} INFO - DAG(s) dict_keys(['example_branch_labels']) retrieved from /home/airflow/.local/lib/python3.8/site-packages/airflow/example_dags/example_branch_labels.py
[2023-09-17T12:41:42.814+0000] {logging_mixin.py:151} INFO - [2023-09-17T12:41:42.814+0000] {dag.py:2915} INFO - Sync 1 DAGs
[2023-09-17T12:41:42.847+0000] {logging_mixin.py:151} INFO - [2023-09-17T12:41:42.847+0000] {dag.py:3696} INFO - Setting next_dagrun for example_branch_labels to 2023-09-16T00:00:00+00:00, run_after=2023-09-17T00:00:00+00:00
[2023-09-17T12:41:42.882+0000] {processor.py:179} INFO - Processing /home/airflow/.local/lib/python3.8/site-packages/airflow/example_dags/example_branch_labels.py took 0.154 seconds
[2023-09-17T12:42:12.965+0000] {processor.py:157} INFO - Started process (PID=225) to work on /home/airflow/.local/lib/python3.8/site-packages/airflow/example_dags/example_branch_labels.py
[2023-09-17T12:42:12.966+0000] {processor.py:829} INFO - Processing file /home/airflow/.local/lib/python3.8/site-packages/airflow/example_dags/example_branch_labels.py for tasks to queue
[2023-09-17T12:42:12.970+0000] {logging_mixin.py:151} INFO - [2023-09-17T12:42:12.969+0000] {dagbag.py:539} INFO - Filling up the DagBag from /home/airflow/.local/lib/python3.8/site-packages/airflow/example_dags/example_branch_labels.py
[2023-09-17T12:42:12.982+0000] {processor.py:839} INFO - DAG(s) dict_keys(['example_branch_labels']) retrieved from /home/airflow/.local/lib/python3.8/site-packages/airflow/example_dags/example_branch_labels.py
[2023-09-17T12:42:13.020+0000] {logging_mixin.py:151} INFO - [2023-09-17T12:42:13.020+0000] {dag.py:2915} INFO - Sync 1 DAGs
[2023-09-17T12:42:13.062+0000] {logging_mixin.py:151} INFO - [2023-09-17T12:42:13.062+0000] {dag.py:3696} INFO - Setting next_dagrun for example_branch_labels to 2023-09-16T00:00:00+00:00, run_after=2023-09-17T00:00:00+00:00
[2023-09-17T12:42:13.103+0000] {processor.py:179} INFO - Processing /home/airflow/.local/lib/python3.8/site-packages/airflow/example_dags/example_branch_labels.py took 0.144 seconds
[2023-09-17T12:42:43.742+0000] {processor.py:157} INFO - Started process (PID=280) to work on /home/airflow/.local/lib/python3.8/site-packages/airflow/example_dags/example_branch_labels.py
[2023-09-17T12:42:43.743+0000] {processor.py:829} INFO - Processing file /home/airflow/.local/lib/python3.8/site-packages/airflow/example_dags/example_branch_labels.py for tasks to queue
[2023-09-17T12:42:43.745+0000] {logging_mixin.py:151} INFO - [2023-09-17T12:42:43.745+0000] {dagbag.py:539} INFO - Filling up the DagBag from /home/airflow/.local/lib/python3.8/site-packages/airflow/example_dags/example_branch_labels.py
[2023-09-17T12:42:43.758+0000] {processor.py:839} INFO - DAG(s) dict_keys(['example_branch_labels']) retrieved from /home/airflow/.local/lib/python3.8/site-packages/airflow/example_dags/example_branch_labels.py
[2023-09-17T12:42:43.796+0000] {logging_mixin.py:151} INFO - [2023-09-17T12:42:43.796+0000] {dag.py:2915} INFO - Sync 1 DAGs
[2023-09-17T12:42:43.837+0000] {logging_mixin.py:151} INFO - [2023-09-17T12:42:43.837+0000] {dag.py:3696} INFO - Setting next_dagrun for example_branch_labels to 2023-09-16T00:00:00+00:00, run_after=2023-09-17T00:00:00+00:00
[2023-09-17T12:42:43.888+0000] {processor.py:179} INFO - Processing /home/airflow/.local/lib/python3.8/site-packages/airflow/example_dags/example_branch_labels.py took 0.151 seconds
[2023-09-17T12:43:14.332+0000] {processor.py:157} INFO - Started process (PID=335) to work on /home/airflow/.local/lib/python3.8/site-packages/airflow/example_dags/example_branch_labels.py
[2023-09-17T12:43:14.333+0000] {processor.py:829} INFO - Processing file /home/airflow/.local/lib/python3.8/site-packages/airflow/example_dags/example_branch_labels.py for tasks to queue
[2023-09-17T12:43:14.338+0000] {logging_mixin.py:151} INFO - [2023-09-17T12:43:14.337+0000] {dagbag.py:539} INFO - Filling up the DagBag from /home/airflow/.local/lib/python3.8/site-packages/airflow/example_dags/example_branch_labels.py
[2023-09-17T12:43:14.362+0000] {processor.py:839} INFO - DAG(s) dict_keys(['example_branch_labels']) retrieved from /home/airflow/.local/lib/python3.8/site-packages/airflow/example_dags/example_branch_labels.py
[2023-09-17T12:43:14.424+0000] {logging_mixin.py:151} INFO - [2023-09-17T12:43:14.421+0000] {dag.py:2915} INFO - Sync 1 DAGs
[2023-09-17T12:43:14.514+0000] {logging_mixin.py:151} INFO - [2023-09-17T12:43:14.513+0000] {dag.py:3696} INFO - Setting next_dagrun for example_branch_labels to 2023-09-16T00:00:00+00:00, run_after=2023-09-17T00:00:00+00:00
[2023-09-17T12:43:14.585+0000] {processor.py:179} INFO - Processing /home/airflow/.local/lib/python3.8/site-packages/airflow/example_dags/example_branch_labels.py took 0.261 seconds
[2023-09-17T12:43:44.963+0000] {processor.py:157} INFO - Started process (PID=390) to work on /home/airflow/.local/lib/python3.8/site-packages/airflow/example_dags/example_branch_labels.py
[2023-09-17T12:43:44.964+0000] {processor.py:829} INFO - Processing file /home/airflow/.local/lib/python3.8/site-packages/airflow/example_dags/example_branch_labels.py for tasks to queue
[2023-09-17T12:43:44.966+0000] {logging_mixin.py:151} INFO - [2023-09-17T12:43:44.966+0000] {dagbag.py:539} INFO - Filling up the DagBag from /home/airflow/.local/lib/python3.8/site-packages/airflow/example_dags/example_branch_labels.py
[2023-09-17T12:43:44.976+0000] {processor.py:839} INFO - DAG(s) dict_keys(['example_branch_labels']) retrieved from /home/airflow/.local/lib/python3.8/site-packages/airflow/example_dags/example_branch_labels.py
[2023-09-17T12:43:45.003+0000] {logging_mixin.py:151} INFO - [2023-09-17T12:43:45.003+0000] {dag.py:2915} INFO - Sync 1 DAGs
[2023-09-17T12:43:45.035+0000] {logging_mixin.py:151} INFO - [2023-09-17T12:43:45.035+0000] {dag.py:3696} INFO - Setting next_dagrun for example_branch_labels to 2023-09-16T00:00:00+00:00, run_after=2023-09-17T00:00:00+00:00
[2023-09-17T12:43:45.082+0000] {processor.py:179} INFO - Processing /home/airflow/.local/lib/python3.8/site-packages/airflow/example_dags/example_branch_labels.py took 0.123 seconds
[2023-09-17T12:44:15.703+0000] {processor.py:157} INFO - Started process (PID=446) to work on /home/airflow/.local/lib/python3.8/site-packages/airflow/example_dags/example_branch_labels.py
[2023-09-17T12:44:15.761+0000] {processor.py:829} INFO - Processing file /home/airflow/.local/lib/python3.8/site-packages/airflow/example_dags/example_branch_labels.py for tasks to queue
[2023-09-17T12:44:15.766+0000] {logging_mixin.py:151} INFO - [2023-09-17T12:44:15.766+0000] {dagbag.py:539} INFO - Filling up the DagBag from /home/airflow/.local/lib/python3.8/site-packages/airflow/example_dags/example_branch_labels.py
[2023-09-17T12:44:15.781+0000] {processor.py:839} INFO - DAG(s) dict_keys(['example_branch_labels']) retrieved from /home/airflow/.local/lib/python3.8/site-packages/airflow/example_dags/example_branch_labels.py
[2023-09-17T12:44:15.808+0000] {logging_mixin.py:151} INFO - [2023-09-17T12:44:15.807+0000] {dag.py:2915} INFO - Sync 1 DAGs
[2023-09-17T12:44:15.839+0000] {logging_mixin.py:151} INFO - [2023-09-17T12:44:15.838+0000] {dag.py:3696} INFO - Setting next_dagrun for example_branch_labels to 2023-09-16T00:00:00+00:00, run_after=2023-09-17T00:00:00+00:00
[2023-09-17T12:44:15.876+0000] {processor.py:179} INFO - Processing /home/airflow/.local/lib/python3.8/site-packages/airflow/example_dags/example_branch_labels.py took 0.177 seconds
[2023-09-17T12:44:46.414+0000] {processor.py:157} INFO - Started process (PID=501) to work on /home/airflow/.local/lib/python3.8/site-packages/airflow/example_dags/example_branch_labels.py
[2023-09-17T12:44:46.415+0000] {processor.py:829} INFO - Processing file /home/airflow/.local/lib/python3.8/site-packages/airflow/example_dags/example_branch_labels.py for tasks to queue
[2023-09-17T12:44:46.417+0000] {logging_mixin.py:151} INFO - [2023-09-17T12:44:46.417+0000] {dagbag.py:539} INFO - Filling up the DagBag from /home/airflow/.local/lib/python3.8/site-packages/airflow/example_dags/example_branch_labels.py
[2023-09-17T12:44:46.429+0000] {processor.py:839} INFO - DAG(s) dict_keys(['example_branch_labels']) retrieved from /home/airflow/.local/lib/python3.8/site-packages/airflow/example_dags/example_branch_labels.py
[2023-09-17T12:44:46.460+0000] {logging_mixin.py:151} INFO - [2023-09-17T12:44:46.460+0000] {dag.py:2915} INFO - Sync 1 DAGs
[2023-09-17T12:44:46.493+0000] {logging_mixin.py:151} INFO - [2023-09-17T12:44:46.493+0000] {dag.py:3696} INFO - Setting next_dagrun for example_branch_labels to 2023-09-16T00:00:00+00:00, run_after=2023-09-17T00:00:00+00:00
[2023-09-17T12:44:46.527+0000] {processor.py:179} INFO - Processing /home/airflow/.local/lib/python3.8/site-packages/airflow/example_dags/example_branch_labels.py took 0.117 seconds
[2023-09-17T12:45:16.667+0000] {processor.py:157} INFO - Started process (PID=557) to work on /home/airflow/.local/lib/python3.8/site-packages/airflow/example_dags/example_branch_labels.py
[2023-09-17T12:45:16.678+0000] {processor.py:829} INFO - Processing file /home/airflow/.local/lib/python3.8/site-packages/airflow/example_dags/example_branch_labels.py for tasks to queue
[2023-09-17T12:45:16.680+0000] {logging_mixin.py:151} INFO - [2023-09-17T12:45:16.680+0000] {dagbag.py:539} INFO - Filling up the DagBag from /home/airflow/.local/lib/python3.8/site-packages/airflow/example_dags/example_branch_labels.py
[2023-09-17T12:45:16.695+0000] {processor.py:839} INFO - DAG(s) dict_keys(['example_branch_labels']) retrieved from /home/airflow/.local/lib/python3.8/site-packages/airflow/example_dags/example_branch_labels.py
[2023-09-17T12:45:16.723+0000] {logging_mixin.py:151} INFO - [2023-09-17T12:45:16.723+0000] {dag.py:2915} INFO - Sync 1 DAGs
[2023-09-17T12:45:16.757+0000] {logging_mixin.py:151} INFO - [2023-09-17T12:45:16.757+0000] {dag.py:3696} INFO - Setting next_dagrun for example_branch_labels to 2023-09-16T00:00:00+00:00, run_after=2023-09-17T00:00:00+00:00
[2023-09-17T12:45:16.791+0000] {processor.py:179} INFO - Processing /home/airflow/.local/lib/python3.8/site-packages/airflow/example_dags/example_branch_labels.py took 0.127 seconds
[2023-09-17T12:45:47.160+0000] {processor.py:157} INFO - Started process (PID=612) to work on /home/airflow/.local/lib/python3.8/site-packages/airflow/example_dags/example_branch_labels.py
[2023-09-17T12:45:47.174+0000] {processor.py:829} INFO - Processing file /home/airflow/.local/lib/python3.8/site-packages/airflow/example_dags/example_branch_labels.py for tasks to queue
[2023-09-17T12:45:47.179+0000] {logging_mixin.py:151} INFO - [2023-09-17T12:45:47.179+0000] {dagbag.py:539} INFO - Filling up the DagBag from /home/airflow/.local/lib/python3.8/site-packages/airflow/example_dags/example_branch_labels.py
[2023-09-17T12:45:47.193+0000] {processor.py:839} INFO - DAG(s) dict_keys(['example_branch_labels']) retrieved from /home/airflow/.local/lib/python3.8/site-packages/airflow/example_dags/example_branch_labels.py
[2023-09-17T12:45:47.221+0000] {logging_mixin.py:151} INFO - [2023-09-17T12:45:47.220+0000] {dag.py:2915} INFO - Sync 1 DAGs
[2023-09-17T12:45:47.259+0000] {logging_mixin.py:151} INFO - [2023-09-17T12:45:47.259+0000] {dag.py:3696} INFO - Setting next_dagrun for example_branch_labels to 2023-09-16T00:00:00+00:00, run_after=2023-09-17T00:00:00+00:00
[2023-09-17T12:45:47.305+0000] {processor.py:179} INFO - Processing /home/airflow/.local/lib/python3.8/site-packages/airflow/example_dags/example_branch_labels.py took 0.149 seconds
[2023-09-17T12:46:17.455+0000] {processor.py:157} INFO - Started process (PID=667) to work on /home/airflow/.local/lib/python3.8/site-packages/airflow/example_dags/example_branch_labels.py
[2023-09-17T12:46:17.456+0000] {processor.py:829} INFO - Processing file /home/airflow/.local/lib/python3.8/site-packages/airflow/example_dags/example_branch_labels.py for tasks to queue
[2023-09-17T12:46:17.461+0000] {logging_mixin.py:151} INFO - [2023-09-17T12:46:17.460+0000] {dagbag.py:539} INFO - Filling up the DagBag from /home/airflow/.local/lib/python3.8/site-packages/airflow/example_dags/example_branch_labels.py
[2023-09-17T12:46:17.473+0000] {processor.py:839} INFO - DAG(s) dict_keys(['example_branch_labels']) retrieved from /home/airflow/.local/lib/python3.8/site-packages/airflow/example_dags/example_branch_labels.py
[2023-09-17T12:46:17.502+0000] {logging_mixin.py:151} INFO - [2023-09-17T12:46:17.502+0000] {dag.py:2915} INFO - Sync 1 DAGs
[2023-09-17T12:46:17.538+0000] {logging_mixin.py:151} INFO - [2023-09-17T12:46:17.538+0000] {dag.py:3696} INFO - Setting next_dagrun for example_branch_labels to 2023-09-16T00:00:00+00:00, run_after=2023-09-17T00:00:00+00:00
[2023-09-17T12:46:17.578+0000] {processor.py:179} INFO - Processing /home/airflow/.local/lib/python3.8/site-packages/airflow/example_dags/example_branch_labels.py took 0.137 seconds
[2023-09-17T12:46:48.104+0000] {processor.py:157} INFO - Started process (PID=723) to work on /home/airflow/.local/lib/python3.8/site-packages/airflow/example_dags/example_branch_labels.py
[2023-09-17T12:46:48.107+0000] {processor.py:829} INFO - Processing file /home/airflow/.local/lib/python3.8/site-packages/airflow/example_dags/example_branch_labels.py for tasks to queue
[2023-09-17T12:46:48.111+0000] {logging_mixin.py:151} INFO - [2023-09-17T12:46:48.111+0000] {dagbag.py:539} INFO - Filling up the DagBag from /home/airflow/.local/lib/python3.8/site-packages/airflow/example_dags/example_branch_labels.py
[2023-09-17T12:46:48.134+0000] {processor.py:839} INFO - DAG(s) dict_keys(['example_branch_labels']) retrieved from /home/airflow/.local/lib/python3.8/site-packages/airflow/example_dags/example_branch_labels.py
[2023-09-17T12:46:48.207+0000] {logging_mixin.py:151} INFO - [2023-09-17T12:46:48.207+0000] {dag.py:2915} INFO - Sync 1 DAGs
[2023-09-17T12:46:48.295+0000] {logging_mixin.py:151} INFO - [2023-09-17T12:46:48.295+0000] {dag.py:3696} INFO - Setting next_dagrun for example_branch_labels to 2023-09-16T00:00:00+00:00, run_after=2023-09-17T00:00:00+00:00
[2023-09-17T12:46:48.379+0000] {processor.py:179} INFO - Processing /home/airflow/.local/lib/python3.8/site-packages/airflow/example_dags/example_branch_labels.py took 0.282 seconds
[2023-09-17T12:47:18.675+0000] {processor.py:157} INFO - Started process (PID=779) to work on /home/airflow/.local/lib/python3.8/site-packages/airflow/example_dags/example_branch_labels.py
[2023-09-17T12:47:18.677+0000] {processor.py:829} INFO - Processing file /home/airflow/.local/lib/python3.8/site-packages/airflow/example_dags/example_branch_labels.py for tasks to queue
[2023-09-17T12:47:18.690+0000] {logging_mixin.py:151} INFO - [2023-09-17T12:47:18.687+0000] {dagbag.py:539} INFO - Filling up the DagBag from /home/airflow/.local/lib/python3.8/site-packages/airflow/example_dags/example_branch_labels.py
[2023-09-17T12:47:18.708+0000] {processor.py:839} INFO - DAG(s) dict_keys(['example_branch_labels']) retrieved from /home/airflow/.local/lib/python3.8/site-packages/airflow/example_dags/example_branch_labels.py
[2023-09-17T12:47:18.778+0000] {logging_mixin.py:151} INFO - [2023-09-17T12:47:18.777+0000] {dag.py:2915} INFO - Sync 1 DAGs
[2023-09-17T12:47:18.853+0000] {logging_mixin.py:151} INFO - [2023-09-17T12:47:18.853+0000] {dag.py:3696} INFO - Setting next_dagrun for example_branch_labels to 2023-09-16T00:00:00+00:00, run_after=2023-09-17T00:00:00+00:00
[2023-09-17T12:47:18.924+0000] {processor.py:179} INFO - Processing /home/airflow/.local/lib/python3.8/site-packages/airflow/example_dags/example_branch_labels.py took 0.257 seconds
[2023-09-17T12:47:49.695+0000] {processor.py:157} INFO - Started process (PID=834) to work on /home/airflow/.local/lib/python3.8/site-packages/airflow/example_dags/example_branch_labels.py
[2023-09-17T12:47:49.704+0000] {processor.py:829} INFO - Processing file /home/airflow/.local/lib/python3.8/site-packages/airflow/example_dags/example_branch_labels.py for tasks to queue
[2023-09-17T12:47:49.708+0000] {logging_mixin.py:151} INFO - [2023-09-17T12:47:49.708+0000] {dagbag.py:539} INFO - Filling up the DagBag from /home/airflow/.local/lib/python3.8/site-packages/airflow/example_dags/example_branch_labels.py
[2023-09-17T12:47:49.734+0000] {processor.py:839} INFO - DAG(s) dict_keys(['example_branch_labels']) retrieved from /home/airflow/.local/lib/python3.8/site-packages/airflow/example_dags/example_branch_labels.py
[2023-09-17T12:47:49.798+0000] {logging_mixin.py:151} INFO - [2023-09-17T12:47:49.797+0000] {dag.py:2915} INFO - Sync 1 DAGs
[2023-09-17T12:47:49.869+0000] {logging_mixin.py:151} INFO - [2023-09-17T12:47:49.868+0000] {dag.py:3696} INFO - Setting next_dagrun for example_branch_labels to 2023-09-16T00:00:00+00:00, run_after=2023-09-17T00:00:00+00:00
[2023-09-17T12:47:49.921+0000] {processor.py:179} INFO - Processing /home/airflow/.local/lib/python3.8/site-packages/airflow/example_dags/example_branch_labels.py took 0.234 seconds
[2023-09-17T12:48:20.252+0000] {processor.py:157} INFO - Started process (PID=889) to work on /home/airflow/.local/lib/python3.8/site-packages/airflow/example_dags/example_branch_labels.py
[2023-09-17T12:48:20.253+0000] {processor.py:829} INFO - Processing file /home/airflow/.local/lib/python3.8/site-packages/airflow/example_dags/example_branch_labels.py for tasks to queue
[2023-09-17T12:48:20.256+0000] {logging_mixin.py:151} INFO - [2023-09-17T12:48:20.255+0000] {dagbag.py:539} INFO - Filling up the DagBag from /home/airflow/.local/lib/python3.8/site-packages/airflow/example_dags/example_branch_labels.py
[2023-09-17T12:48:20.266+0000] {processor.py:839} INFO - DAG(s) dict_keys(['example_branch_labels']) retrieved from /home/airflow/.local/lib/python3.8/site-packages/airflow/example_dags/example_branch_labels.py
[2023-09-17T12:48:20.299+0000] {logging_mixin.py:151} INFO - [2023-09-17T12:48:20.299+0000] {dag.py:2915} INFO - Sync 1 DAGs
[2023-09-17T12:48:20.336+0000] {logging_mixin.py:151} INFO - [2023-09-17T12:48:20.336+0000] {dag.py:3696} INFO - Setting next_dagrun for example_branch_labels to 2023-09-16T00:00:00+00:00, run_after=2023-09-17T00:00:00+00:00
[2023-09-17T12:48:20.386+0000] {processor.py:179} INFO - Processing /home/airflow/.local/lib/python3.8/site-packages/airflow/example_dags/example_branch_labels.py took 0.139 seconds
[2023-09-17T12:48:50.949+0000] {processor.py:157} INFO - Started process (PID=945) to work on /home/airflow/.local/lib/python3.8/site-packages/airflow/example_dags/example_branch_labels.py
[2023-09-17T12:48:50.967+0000] {processor.py:829} INFO - Processing file /home/airflow/.local/lib/python3.8/site-packages/airflow/example_dags/example_branch_labels.py for tasks to queue
[2023-09-17T12:48:50.972+0000] {logging_mixin.py:151} INFO - [2023-09-17T12:48:50.971+0000] {dagbag.py:539} INFO - Filling up the DagBag from /home/airflow/.local/lib/python3.8/site-packages/airflow/example_dags/example_branch_labels.py
[2023-09-17T12:48:51.030+0000] {processor.py:839} INFO - DAG(s) dict_keys(['example_branch_labels']) retrieved from /home/airflow/.local/lib/python3.8/site-packages/airflow/example_dags/example_branch_labels.py
[2023-09-17T12:48:51.138+0000] {logging_mixin.py:151} INFO - [2023-09-17T12:48:51.137+0000] {dag.py:2915} INFO - Sync 1 DAGs
[2023-09-17T12:48:51.288+0000] {logging_mixin.py:151} INFO - [2023-09-17T12:48:51.286+0000] {dag.py:3696} INFO - Setting next_dagrun for example_branch_labels to 2023-09-16T00:00:00+00:00, run_after=2023-09-17T00:00:00+00:00
[2023-09-17T12:48:51.430+0000] {processor.py:179} INFO - Processing /home/airflow/.local/lib/python3.8/site-packages/airflow/example_dags/example_branch_labels.py took 0.512 seconds
[2023-09-17T12:49:22.005+0000] {processor.py:157} INFO - Started process (PID=1000) to work on /home/airflow/.local/lib/python3.8/site-packages/airflow/example_dags/example_branch_labels.py
[2023-09-17T12:49:22.006+0000] {processor.py:829} INFO - Processing file /home/airflow/.local/lib/python3.8/site-packages/airflow/example_dags/example_branch_labels.py for tasks to queue
[2023-09-17T12:49:22.010+0000] {logging_mixin.py:151} INFO - [2023-09-17T12:49:22.009+0000] {dagbag.py:539} INFO - Filling up the DagBag from /home/airflow/.local/lib/python3.8/site-packages/airflow/example_dags/example_branch_labels.py
[2023-09-17T12:49:22.025+0000] {processor.py:839} INFO - DAG(s) dict_keys(['example_branch_labels']) retrieved from /home/airflow/.local/lib/python3.8/site-packages/airflow/example_dags/example_branch_labels.py
[2023-09-17T12:49:22.077+0000] {logging_mixin.py:151} INFO - [2023-09-17T12:49:22.077+0000] {dag.py:2915} INFO - Sync 1 DAGs
[2023-09-17T12:49:22.127+0000] {logging_mixin.py:151} INFO - [2023-09-17T12:49:22.127+0000] {dag.py:3696} INFO - Setting next_dagrun for example_branch_labels to 2023-09-16T00:00:00+00:00, run_after=2023-09-17T00:00:00+00:00
[2023-09-17T12:49:22.165+0000] {processor.py:179} INFO - Processing /home/airflow/.local/lib/python3.8/site-packages/airflow/example_dags/example_branch_labels.py took 0.166 seconds
[2023-09-17T12:49:52.308+0000] {processor.py:157} INFO - Started process (PID=1054) to work on /home/airflow/.local/lib/python3.8/site-packages/airflow/example_dags/example_branch_labels.py
[2023-09-17T12:49:52.374+0000] {processor.py:829} INFO - Processing file /home/airflow/.local/lib/python3.8/site-packages/airflow/example_dags/example_branch_labels.py for tasks to queue
[2023-09-17T12:49:52.407+0000] {logging_mixin.py:151} INFO - [2023-09-17T12:49:52.405+0000] {dagbag.py:539} INFO - Filling up the DagBag from /home/airflow/.local/lib/python3.8/site-packages/airflow/example_dags/example_branch_labels.py
[2023-09-17T12:49:52.424+0000] {processor.py:839} INFO - DAG(s) dict_keys(['example_branch_labels']) retrieved from /home/airflow/.local/lib/python3.8/site-packages/airflow/example_dags/example_branch_labels.py
[2023-09-17T12:49:52.494+0000] {logging_mixin.py:151} INFO - [2023-09-17T12:49:52.493+0000] {dag.py:2915} INFO - Sync 1 DAGs
[2023-09-17T12:49:52.543+0000] {logging_mixin.py:151} INFO - [2023-09-17T12:49:52.543+0000] {dag.py:3696} INFO - Setting next_dagrun for example_branch_labels to 2023-09-16T00:00:00+00:00, run_after=2023-09-17T00:00:00+00:00
[2023-09-17T12:49:52.653+0000] {processor.py:179} INFO - Processing /home/airflow/.local/lib/python3.8/site-packages/airflow/example_dags/example_branch_labels.py took 0.349 seconds
[2023-09-17T12:50:22.764+0000] {processor.py:157} INFO - Started process (PID=1109) to work on /home/airflow/.local/lib/python3.8/site-packages/airflow/example_dags/example_branch_labels.py
[2023-09-17T12:50:22.766+0000] {processor.py:829} INFO - Processing file /home/airflow/.local/lib/python3.8/site-packages/airflow/example_dags/example_branch_labels.py for tasks to queue
[2023-09-17T12:50:22.769+0000] {logging_mixin.py:151} INFO - [2023-09-17T12:50:22.769+0000] {dagbag.py:539} INFO - Filling up the DagBag from /home/airflow/.local/lib/python3.8/site-packages/airflow/example_dags/example_branch_labels.py
[2023-09-17T12:50:22.805+0000] {processor.py:839} INFO - DAG(s) dict_keys(['example_branch_labels']) retrieved from /home/airflow/.local/lib/python3.8/site-packages/airflow/example_dags/example_branch_labels.py
[2023-09-17T12:50:22.897+0000] {logging_mixin.py:151} INFO - [2023-09-17T12:50:22.896+0000] {dag.py:2915} INFO - Sync 1 DAGs
[2023-09-17T12:50:22.976+0000] {logging_mixin.py:151} INFO - [2023-09-17T12:50:22.976+0000] {dag.py:3696} INFO - Setting next_dagrun for example_branch_labels to 2023-09-16T00:00:00+00:00, run_after=2023-09-17T00:00:00+00:00
[2023-09-17T12:50:23.073+0000] {processor.py:179} INFO - Processing /home/airflow/.local/lib/python3.8/site-packages/airflow/example_dags/example_branch_labels.py took 0.317 seconds
[2023-09-17T12:50:53.355+0000] {processor.py:157} INFO - Started process (PID=1164) to work on /home/airflow/.local/lib/python3.8/site-packages/airflow/example_dags/example_branch_labels.py
[2023-09-17T12:50:53.379+0000] {processor.py:829} INFO - Processing file /home/airflow/.local/lib/python3.8/site-packages/airflow/example_dags/example_branch_labels.py for tasks to queue
[2023-09-17T12:50:53.383+0000] {logging_mixin.py:151} INFO - [2023-09-17T12:50:53.382+0000] {dagbag.py:539} INFO - Filling up the DagBag from /home/airflow/.local/lib/python3.8/site-packages/airflow/example_dags/example_branch_labels.py
[2023-09-17T12:50:53.406+0000] {processor.py:839} INFO - DAG(s) dict_keys(['example_branch_labels']) retrieved from /home/airflow/.local/lib/python3.8/site-packages/airflow/example_dags/example_branch_labels.py
[2023-09-17T12:50:53.478+0000] {logging_mixin.py:151} INFO - [2023-09-17T12:50:53.478+0000] {dag.py:2915} INFO - Sync 1 DAGs
[2023-09-17T12:50:53.557+0000] {logging_mixin.py:151} INFO - [2023-09-17T12:50:53.556+0000] {dag.py:3696} INFO - Setting next_dagrun for example_branch_labels to 2023-09-16T00:00:00+00:00, run_after=2023-09-17T00:00:00+00:00
[2023-09-17T12:50:53.691+0000] {processor.py:179} INFO - Processing /home/airflow/.local/lib/python3.8/site-packages/airflow/example_dags/example_branch_labels.py took 0.344 seconds
[2023-09-17T12:51:24.118+0000] {processor.py:157} INFO - Started process (PID=1218) to work on /home/airflow/.local/lib/python3.8/site-packages/airflow/example_dags/example_branch_labels.py
[2023-09-17T12:51:24.119+0000] {processor.py:829} INFO - Processing file /home/airflow/.local/lib/python3.8/site-packages/airflow/example_dags/example_branch_labels.py for tasks to queue
[2023-09-17T12:51:24.122+0000] {logging_mixin.py:151} INFO - [2023-09-17T12:51:24.121+0000] {dagbag.py:539} INFO - Filling up the DagBag from /home/airflow/.local/lib/python3.8/site-packages/airflow/example_dags/example_branch_labels.py
[2023-09-17T12:51:24.138+0000] {processor.py:839} INFO - DAG(s) dict_keys(['example_branch_labels']) retrieved from /home/airflow/.local/lib/python3.8/site-packages/airflow/example_dags/example_branch_labels.py
[2023-09-17T12:51:24.189+0000] {logging_mixin.py:151} INFO - [2023-09-17T12:51:24.188+0000] {dag.py:2915} INFO - Sync 1 DAGs
[2023-09-17T12:51:24.251+0000] {logging_mixin.py:151} INFO - [2023-09-17T12:51:24.251+0000] {dag.py:3696} INFO - Setting next_dagrun for example_branch_labels to 2023-09-16T00:00:00+00:00, run_after=2023-09-17T00:00:00+00:00
[2023-09-17T12:51:24.319+0000] {processor.py:179} INFO - Processing /home/airflow/.local/lib/python3.8/site-packages/airflow/example_dags/example_branch_labels.py took 0.212 seconds
[2023-09-17T12:51:55.111+0000] {processor.py:157} INFO - Started process (PID=1272) to work on /home/airflow/.local/lib/python3.8/site-packages/airflow/example_dags/example_branch_labels.py
[2023-09-17T12:51:55.147+0000] {processor.py:829} INFO - Processing file /home/airflow/.local/lib/python3.8/site-packages/airflow/example_dags/example_branch_labels.py for tasks to queue
[2023-09-17T12:51:55.157+0000] {logging_mixin.py:151} INFO - [2023-09-17T12:51:55.156+0000] {dagbag.py:539} INFO - Filling up the DagBag from /home/airflow/.local/lib/python3.8/site-packages/airflow/example_dags/example_branch_labels.py
[2023-09-17T12:51:55.226+0000] {processor.py:839} INFO - DAG(s) dict_keys(['example_branch_labels']) retrieved from /home/airflow/.local/lib/python3.8/site-packages/airflow/example_dags/example_branch_labels.py
[2023-09-17T12:51:55.313+0000] {logging_mixin.py:151} INFO - [2023-09-17T12:51:55.312+0000] {dag.py:2915} INFO - Sync 1 DAGs
[2023-09-17T12:51:55.411+0000] {logging_mixin.py:151} INFO - [2023-09-17T12:51:55.411+0000] {dag.py:3696} INFO - Setting next_dagrun for example_branch_labels to 2023-09-16T00:00:00+00:00, run_after=2023-09-17T00:00:00+00:00
[2023-09-17T12:51:55.551+0000] {processor.py:179} INFO - Processing /home/airflow/.local/lib/python3.8/site-packages/airflow/example_dags/example_branch_labels.py took 0.452 seconds
[2023-09-17T12:52:26.084+0000] {processor.py:157} INFO - Started process (PID=1328) to work on /home/airflow/.local/lib/python3.8/site-packages/airflow/example_dags/example_branch_labels.py
[2023-09-17T12:52:26.086+0000] {processor.py:829} INFO - Processing file /home/airflow/.local/lib/python3.8/site-packages/airflow/example_dags/example_branch_labels.py for tasks to queue
[2023-09-17T12:52:26.090+0000] {logging_mixin.py:151} INFO - [2023-09-17T12:52:26.089+0000] {dagbag.py:539} INFO - Filling up the DagBag from /home/airflow/.local/lib/python3.8/site-packages/airflow/example_dags/example_branch_labels.py
[2023-09-17T12:52:26.109+0000] {processor.py:839} INFO - DAG(s) dict_keys(['example_branch_labels']) retrieved from /home/airflow/.local/lib/python3.8/site-packages/airflow/example_dags/example_branch_labels.py
[2023-09-17T12:52:26.162+0000] {logging_mixin.py:151} INFO - [2023-09-17T12:52:26.162+0000] {dag.py:2915} INFO - Sync 1 DAGs
[2023-09-17T12:52:26.227+0000] {logging_mixin.py:151} INFO - [2023-09-17T12:52:26.227+0000] {dag.py:3696} INFO - Setting next_dagrun for example_branch_labels to 2023-09-16T00:00:00+00:00, run_after=2023-09-17T00:00:00+00:00
[2023-09-17T12:52:26.289+0000] {processor.py:179} INFO - Processing /home/airflow/.local/lib/python3.8/site-packages/airflow/example_dags/example_branch_labels.py took 0.214 seconds
[2023-09-17T12:52:56.806+0000] {processor.py:157} INFO - Started process (PID=1381) to work on /home/airflow/.local/lib/python3.8/site-packages/airflow/example_dags/example_branch_labels.py
[2023-09-17T12:52:56.820+0000] {processor.py:829} INFO - Processing file /home/airflow/.local/lib/python3.8/site-packages/airflow/example_dags/example_branch_labels.py for tasks to queue
[2023-09-17T12:52:56.825+0000] {logging_mixin.py:151} INFO - [2023-09-17T12:52:56.824+0000] {dagbag.py:539} INFO - Filling up the DagBag from /home/airflow/.local/lib/python3.8/site-packages/airflow/example_dags/example_branch_labels.py
[2023-09-17T12:52:56.856+0000] {processor.py:839} INFO - DAG(s) dict_keys(['example_branch_labels']) retrieved from /home/airflow/.local/lib/python3.8/site-packages/airflow/example_dags/example_branch_labels.py
[2023-09-17T12:52:56.951+0000] {logging_mixin.py:151} INFO - [2023-09-17T12:52:56.950+0000] {dag.py:2915} INFO - Sync 1 DAGs
[2023-09-17T12:52:57.050+0000] {logging_mixin.py:151} INFO - [2023-09-17T12:52:57.049+0000] {dag.py:3696} INFO - Setting next_dagrun for example_branch_labels to 2023-09-16T00:00:00+00:00, run_after=2023-09-17T00:00:00+00:00
[2023-09-17T12:52:57.125+0000] {processor.py:179} INFO - Processing /home/airflow/.local/lib/python3.8/site-packages/airflow/example_dags/example_branch_labels.py took 0.331 seconds
