[2023-09-17T12:40:35.257+0000] {processor.py:157} INFO - Started process (PID=53) to work on /home/airflow/.local/lib/python3.8/site-packages/airflow/example_dags/example_time_delta_sensor_async.py
[2023-09-17T12:40:35.259+0000] {processor.py:829} INFO - Processing file /home/airflow/.local/lib/python3.8/site-packages/airflow/example_dags/example_time_delta_sensor_async.py for tasks to queue
[2023-09-17T12:40:35.266+0000] {logging_mixin.py:151} INFO - [2023-09-17T12:40:35.266+0000] {dagbag.py:539} INFO - Filling up the DagBag from /home/airflow/.local/lib/python3.8/site-packages/airflow/example_dags/example_time_delta_sensor_async.py
[2023-09-17T12:40:35.277+0000] {processor.py:839} INFO - DAG(s) dict_keys(['example_time_delta_sensor_async']) retrieved from /home/airflow/.local/lib/python3.8/site-packages/airflow/example_dags/example_time_delta_sensor_async.py
[2023-09-17T12:40:35.557+0000] {logging_mixin.py:151} INFO - [2023-09-17T12:40:35.557+0000] {manager.py:499} INFO - Created Permission View: %s
[2023-09-17T12:40:35.623+0000] {logging_mixin.py:151} INFO - [2023-09-17T12:40:35.623+0000] {manager.py:499} INFO - Created Permission View: %s
[2023-09-17T12:40:35.690+0000] {logging_mixin.py:151} INFO - [2023-09-17T12:40:35.690+0000] {manager.py:499} INFO - Created Permission View: %s
[2023-09-17T12:40:35.691+0000] {logging_mixin.py:151} INFO - [2023-09-17T12:40:35.690+0000] {security.py:708} INFO - Not syncing DAG-level permissions for DAG 'DAG:example_time_delta_sensor_async' as access control is unset.
[2023-09-17T12:40:35.691+0000] {logging_mixin.py:151} INFO - [2023-09-17T12:40:35.691+0000] {dag.py:2915} INFO - Sync 1 DAGs
[2023-09-17T12:40:35.715+0000] {logging_mixin.py:151} INFO - [2023-09-17T12:40:35.715+0000] {dag.py:2937} INFO - Creating ORM DAG for example_time_delta_sensor_async
[2023-09-17T12:40:35.717+0000] {logging_mixin.py:151} INFO - [2023-09-17T12:40:35.716+0000] {dag.py:3696} INFO - Setting next_dagrun for example_time_delta_sensor_async to None, run_after=None
[2023-09-17T12:40:35.778+0000] {processor.py:179} INFO - Processing /home/airflow/.local/lib/python3.8/site-packages/airflow/example_dags/example_time_delta_sensor_async.py took 0.537 seconds
[2023-09-17T12:41:05.849+0000] {processor.py:157} INFO - Started process (PID=108) to work on /home/airflow/.local/lib/python3.8/site-packages/airflow/example_dags/example_time_delta_sensor_async.py
[2023-09-17T12:41:05.866+0000] {processor.py:829} INFO - Processing file /home/airflow/.local/lib/python3.8/site-packages/airflow/example_dags/example_time_delta_sensor_async.py for tasks to queue
[2023-09-17T12:41:05.869+0000] {logging_mixin.py:151} INFO - [2023-09-17T12:41:05.869+0000] {dagbag.py:539} INFO - Filling up the DagBag from /home/airflow/.local/lib/python3.8/site-packages/airflow/example_dags/example_time_delta_sensor_async.py
[2023-09-17T12:41:05.876+0000] {processor.py:839} INFO - DAG(s) dict_keys(['example_time_delta_sensor_async']) retrieved from /home/airflow/.local/lib/python3.8/site-packages/airflow/example_dags/example_time_delta_sensor_async.py
[2023-09-17T12:41:05.911+0000] {logging_mixin.py:151} INFO - [2023-09-17T12:41:05.911+0000] {dag.py:2915} INFO - Sync 1 DAGs
[2023-09-17T12:41:05.942+0000] {logging_mixin.py:151} INFO - [2023-09-17T12:41:05.942+0000] {dag.py:3696} INFO - Setting next_dagrun for example_time_delta_sensor_async to None, run_after=None
[2023-09-17T12:41:06.037+0000] {processor.py:179} INFO - Processing /home/airflow/.local/lib/python3.8/site-packages/airflow/example_dags/example_time_delta_sensor_async.py took 0.202 seconds
[2023-09-17T12:41:36.879+0000] {processor.py:157} INFO - Started process (PID=163) to work on /home/airflow/.local/lib/python3.8/site-packages/airflow/example_dags/example_time_delta_sensor_async.py
[2023-09-17T12:41:36.913+0000] {processor.py:829} INFO - Processing file /home/airflow/.local/lib/python3.8/site-packages/airflow/example_dags/example_time_delta_sensor_async.py for tasks to queue
[2023-09-17T12:41:36.919+0000] {logging_mixin.py:151} INFO - [2023-09-17T12:41:36.918+0000] {dagbag.py:539} INFO - Filling up the DagBag from /home/airflow/.local/lib/python3.8/site-packages/airflow/example_dags/example_time_delta_sensor_async.py
[2023-09-17T12:41:36.955+0000] {processor.py:839} INFO - DAG(s) dict_keys(['example_time_delta_sensor_async']) retrieved from /home/airflow/.local/lib/python3.8/site-packages/airflow/example_dags/example_time_delta_sensor_async.py
[2023-09-17T12:41:36.982+0000] {logging_mixin.py:151} INFO - [2023-09-17T12:41:36.982+0000] {dag.py:2915} INFO - Sync 1 DAGs
[2023-09-17T12:41:36.998+0000] {logging_mixin.py:151} INFO - [2023-09-17T12:41:36.998+0000] {dag.py:3696} INFO - Setting next_dagrun for example_time_delta_sensor_async to None, run_after=None
[2023-09-17T12:41:37.083+0000] {processor.py:179} INFO - Processing /home/airflow/.local/lib/python3.8/site-packages/airflow/example_dags/example_time_delta_sensor_async.py took 0.208 seconds
[2023-09-17T12:42:07.341+0000] {processor.py:157} INFO - Started process (PID=218) to work on /home/airflow/.local/lib/python3.8/site-packages/airflow/example_dags/example_time_delta_sensor_async.py
[2023-09-17T12:42:07.343+0000] {processor.py:829} INFO - Processing file /home/airflow/.local/lib/python3.8/site-packages/airflow/example_dags/example_time_delta_sensor_async.py for tasks to queue
[2023-09-17T12:42:07.346+0000] {logging_mixin.py:151} INFO - [2023-09-17T12:42:07.345+0000] {dagbag.py:539} INFO - Filling up the DagBag from /home/airflow/.local/lib/python3.8/site-packages/airflow/example_dags/example_time_delta_sensor_async.py
[2023-09-17T12:42:07.354+0000] {processor.py:839} INFO - DAG(s) dict_keys(['example_time_delta_sensor_async']) retrieved from /home/airflow/.local/lib/python3.8/site-packages/airflow/example_dags/example_time_delta_sensor_async.py
[2023-09-17T12:42:07.391+0000] {logging_mixin.py:151} INFO - [2023-09-17T12:42:07.391+0000] {dag.py:2915} INFO - Sync 1 DAGs
[2023-09-17T12:42:07.421+0000] {logging_mixin.py:151} INFO - [2023-09-17T12:42:07.421+0000] {dag.py:3696} INFO - Setting next_dagrun for example_time_delta_sensor_async to None, run_after=None
[2023-09-17T12:42:07.481+0000] {processor.py:179} INFO - Processing /home/airflow/.local/lib/python3.8/site-packages/airflow/example_dags/example_time_delta_sensor_async.py took 0.144 seconds
[2023-09-17T12:42:38.010+0000] {processor.py:157} INFO - Started process (PID=273) to work on /home/airflow/.local/lib/python3.8/site-packages/airflow/example_dags/example_time_delta_sensor_async.py
[2023-09-17T12:42:38.011+0000] {processor.py:829} INFO - Processing file /home/airflow/.local/lib/python3.8/site-packages/airflow/example_dags/example_time_delta_sensor_async.py for tasks to queue
[2023-09-17T12:42:38.014+0000] {logging_mixin.py:151} INFO - [2023-09-17T12:42:38.013+0000] {dagbag.py:539} INFO - Filling up the DagBag from /home/airflow/.local/lib/python3.8/site-packages/airflow/example_dags/example_time_delta_sensor_async.py
[2023-09-17T12:42:38.020+0000] {processor.py:839} INFO - DAG(s) dict_keys(['example_time_delta_sensor_async']) retrieved from /home/airflow/.local/lib/python3.8/site-packages/airflow/example_dags/example_time_delta_sensor_async.py
[2023-09-17T12:42:38.059+0000] {logging_mixin.py:151} INFO - [2023-09-17T12:42:38.059+0000] {dag.py:2915} INFO - Sync 1 DAGs
[2023-09-17T12:42:38.097+0000] {logging_mixin.py:151} INFO - [2023-09-17T12:42:38.096+0000] {dag.py:3696} INFO - Setting next_dagrun for example_time_delta_sensor_async to None, run_after=None
[2023-09-17T12:42:38.226+0000] {processor.py:179} INFO - Processing /home/airflow/.local/lib/python3.8/site-packages/airflow/example_dags/example_time_delta_sensor_async.py took 0.220 seconds
[2023-09-17T12:43:08.814+0000] {processor.py:157} INFO - Started process (PID=328) to work on /home/airflow/.local/lib/python3.8/site-packages/airflow/example_dags/example_time_delta_sensor_async.py
[2023-09-17T12:43:08.815+0000] {processor.py:829} INFO - Processing file /home/airflow/.local/lib/python3.8/site-packages/airflow/example_dags/example_time_delta_sensor_async.py for tasks to queue
[2023-09-17T12:43:08.817+0000] {logging_mixin.py:151} INFO - [2023-09-17T12:43:08.817+0000] {dagbag.py:539} INFO - Filling up the DagBag from /home/airflow/.local/lib/python3.8/site-packages/airflow/example_dags/example_time_delta_sensor_async.py
[2023-09-17T12:43:08.823+0000] {processor.py:839} INFO - DAG(s) dict_keys(['example_time_delta_sensor_async']) retrieved from /home/airflow/.local/lib/python3.8/site-packages/airflow/example_dags/example_time_delta_sensor_async.py
[2023-09-17T12:43:08.852+0000] {logging_mixin.py:151} INFO - [2023-09-17T12:43:08.852+0000] {dag.py:2915} INFO - Sync 1 DAGs
[2023-09-17T12:43:08.871+0000] {logging_mixin.py:151} INFO - [2023-09-17T12:43:08.871+0000] {dag.py:3696} INFO - Setting next_dagrun for example_time_delta_sensor_async to None, run_after=None
[2023-09-17T12:43:08.915+0000] {processor.py:179} INFO - Processing /home/airflow/.local/lib/python3.8/site-packages/airflow/example_dags/example_time_delta_sensor_async.py took 0.105 seconds
[2023-09-17T12:43:39.494+0000] {processor.py:157} INFO - Started process (PID=383) to work on /home/airflow/.local/lib/python3.8/site-packages/airflow/example_dags/example_time_delta_sensor_async.py
[2023-09-17T12:43:39.495+0000] {processor.py:829} INFO - Processing file /home/airflow/.local/lib/python3.8/site-packages/airflow/example_dags/example_time_delta_sensor_async.py for tasks to queue
[2023-09-17T12:43:39.497+0000] {logging_mixin.py:151} INFO - [2023-09-17T12:43:39.497+0000] {dagbag.py:539} INFO - Filling up the DagBag from /home/airflow/.local/lib/python3.8/site-packages/airflow/example_dags/example_time_delta_sensor_async.py
[2023-09-17T12:43:39.503+0000] {processor.py:839} INFO - DAG(s) dict_keys(['example_time_delta_sensor_async']) retrieved from /home/airflow/.local/lib/python3.8/site-packages/airflow/example_dags/example_time_delta_sensor_async.py
[2023-09-17T12:43:39.531+0000] {logging_mixin.py:151} INFO - [2023-09-17T12:43:39.531+0000] {dag.py:2915} INFO - Sync 1 DAGs
[2023-09-17T12:43:39.557+0000] {logging_mixin.py:151} INFO - [2023-09-17T12:43:39.556+0000] {dag.py:3696} INFO - Setting next_dagrun for example_time_delta_sensor_async to None, run_after=None
[2023-09-17T12:43:39.616+0000] {processor.py:179} INFO - Processing /home/airflow/.local/lib/python3.8/site-packages/airflow/example_dags/example_time_delta_sensor_async.py took 0.127 seconds
[2023-09-17T12:44:10.028+0000] {processor.py:157} INFO - Started process (PID=439) to work on /home/airflow/.local/lib/python3.8/site-packages/airflow/example_dags/example_time_delta_sensor_async.py
[2023-09-17T12:44:10.029+0000] {processor.py:829} INFO - Processing file /home/airflow/.local/lib/python3.8/site-packages/airflow/example_dags/example_time_delta_sensor_async.py for tasks to queue
[2023-09-17T12:44:10.032+0000] {logging_mixin.py:151} INFO - [2023-09-17T12:44:10.031+0000] {dagbag.py:539} INFO - Filling up the DagBag from /home/airflow/.local/lib/python3.8/site-packages/airflow/example_dags/example_time_delta_sensor_async.py
[2023-09-17T12:44:10.039+0000] {processor.py:839} INFO - DAG(s) dict_keys(['example_time_delta_sensor_async']) retrieved from /home/airflow/.local/lib/python3.8/site-packages/airflow/example_dags/example_time_delta_sensor_async.py
[2023-09-17T12:44:10.071+0000] {logging_mixin.py:151} INFO - [2023-09-17T12:44:10.071+0000] {dag.py:2915} INFO - Sync 1 DAGs
[2023-09-17T12:44:10.099+0000] {logging_mixin.py:151} INFO - [2023-09-17T12:44:10.099+0000] {dag.py:3696} INFO - Setting next_dagrun for example_time_delta_sensor_async to None, run_after=None
[2023-09-17T12:44:10.146+0000] {processor.py:179} INFO - Processing /home/airflow/.local/lib/python3.8/site-packages/airflow/example_dags/example_time_delta_sensor_async.py took 0.124 seconds
[2023-09-17T12:44:40.327+0000] {processor.py:157} INFO - Started process (PID=494) to work on /home/airflow/.local/lib/python3.8/site-packages/airflow/example_dags/example_time_delta_sensor_async.py
[2023-09-17T12:44:40.328+0000] {processor.py:829} INFO - Processing file /home/airflow/.local/lib/python3.8/site-packages/airflow/example_dags/example_time_delta_sensor_async.py for tasks to queue
[2023-09-17T12:44:40.331+0000] {logging_mixin.py:151} INFO - [2023-09-17T12:44:40.330+0000] {dagbag.py:539} INFO - Filling up the DagBag from /home/airflow/.local/lib/python3.8/site-packages/airflow/example_dags/example_time_delta_sensor_async.py
[2023-09-17T12:44:40.337+0000] {processor.py:839} INFO - DAG(s) dict_keys(['example_time_delta_sensor_async']) retrieved from /home/airflow/.local/lib/python3.8/site-packages/airflow/example_dags/example_time_delta_sensor_async.py
[2023-09-17T12:44:40.366+0000] {logging_mixin.py:151} INFO - [2023-09-17T12:44:40.365+0000] {dag.py:2915} INFO - Sync 1 DAGs
[2023-09-17T12:44:40.383+0000] {logging_mixin.py:151} INFO - [2023-09-17T12:44:40.383+0000] {dag.py:3696} INFO - Setting next_dagrun for example_time_delta_sensor_async to None, run_after=None
[2023-09-17T12:44:40.416+0000] {processor.py:179} INFO - Processing /home/airflow/.local/lib/python3.8/site-packages/airflow/example_dags/example_time_delta_sensor_async.py took 0.093 seconds
[2023-09-17T12:45:10.906+0000] {processor.py:157} INFO - Started process (PID=550) to work on /home/airflow/.local/lib/python3.8/site-packages/airflow/example_dags/example_time_delta_sensor_async.py
[2023-09-17T12:45:10.908+0000] {processor.py:829} INFO - Processing file /home/airflow/.local/lib/python3.8/site-packages/airflow/example_dags/example_time_delta_sensor_async.py for tasks to queue
[2023-09-17T12:45:10.915+0000] {logging_mixin.py:151} INFO - [2023-09-17T12:45:10.913+0000] {dagbag.py:539} INFO - Filling up the DagBag from /home/airflow/.local/lib/python3.8/site-packages/airflow/example_dags/example_time_delta_sensor_async.py
[2023-09-17T12:45:10.928+0000] {processor.py:839} INFO - DAG(s) dict_keys(['example_time_delta_sensor_async']) retrieved from /home/airflow/.local/lib/python3.8/site-packages/airflow/example_dags/example_time_delta_sensor_async.py
[2023-09-17T12:45:10.997+0000] {logging_mixin.py:151} INFO - [2023-09-17T12:45:10.996+0000] {dag.py:2915} INFO - Sync 1 DAGs
[2023-09-17T12:45:11.052+0000] {logging_mixin.py:151} INFO - [2023-09-17T12:45:11.047+0000] {dag.py:3696} INFO - Setting next_dagrun for example_time_delta_sensor_async to None, run_after=None
[2023-09-17T12:45:11.137+0000] {processor.py:179} INFO - Processing /home/airflow/.local/lib/python3.8/site-packages/airflow/example_dags/example_time_delta_sensor_async.py took 0.241 seconds
[2023-09-17T12:45:41.750+0000] {processor.py:157} INFO - Started process (PID=605) to work on /home/airflow/.local/lib/python3.8/site-packages/airflow/example_dags/example_time_delta_sensor_async.py
[2023-09-17T12:45:41.751+0000] {processor.py:829} INFO - Processing file /home/airflow/.local/lib/python3.8/site-packages/airflow/example_dags/example_time_delta_sensor_async.py for tasks to queue
[2023-09-17T12:45:41.753+0000] {logging_mixin.py:151} INFO - [2023-09-17T12:45:41.753+0000] {dagbag.py:539} INFO - Filling up the DagBag from /home/airflow/.local/lib/python3.8/site-packages/airflow/example_dags/example_time_delta_sensor_async.py
[2023-09-17T12:45:41.758+0000] {processor.py:839} INFO - DAG(s) dict_keys(['example_time_delta_sensor_async']) retrieved from /home/airflow/.local/lib/python3.8/site-packages/airflow/example_dags/example_time_delta_sensor_async.py
[2023-09-17T12:45:41.781+0000] {logging_mixin.py:151} INFO - [2023-09-17T12:45:41.781+0000] {dag.py:2915} INFO - Sync 1 DAGs
[2023-09-17T12:45:41.799+0000] {logging_mixin.py:151} INFO - [2023-09-17T12:45:41.798+0000] {dag.py:3696} INFO - Setting next_dagrun for example_time_delta_sensor_async to None, run_after=None
[2023-09-17T12:45:41.834+0000] {processor.py:179} INFO - Processing /home/airflow/.local/lib/python3.8/site-packages/airflow/example_dags/example_time_delta_sensor_async.py took 0.089 seconds
[2023-09-17T12:46:11.988+0000] {processor.py:157} INFO - Started process (PID=660) to work on /home/airflow/.local/lib/python3.8/site-packages/airflow/example_dags/example_time_delta_sensor_async.py
[2023-09-17T12:46:11.989+0000] {processor.py:829} INFO - Processing file /home/airflow/.local/lib/python3.8/site-packages/airflow/example_dags/example_time_delta_sensor_async.py for tasks to queue
[2023-09-17T12:46:11.992+0000] {logging_mixin.py:151} INFO - [2023-09-17T12:46:11.991+0000] {dagbag.py:539} INFO - Filling up the DagBag from /home/airflow/.local/lib/python3.8/site-packages/airflow/example_dags/example_time_delta_sensor_async.py
[2023-09-17T12:46:11.997+0000] {processor.py:839} INFO - DAG(s) dict_keys(['example_time_delta_sensor_async']) retrieved from /home/airflow/.local/lib/python3.8/site-packages/airflow/example_dags/example_time_delta_sensor_async.py
[2023-09-17T12:46:12.025+0000] {logging_mixin.py:151} INFO - [2023-09-17T12:46:12.025+0000] {dag.py:2915} INFO - Sync 1 DAGs
[2023-09-17T12:46:12.048+0000] {logging_mixin.py:151} INFO - [2023-09-17T12:46:12.048+0000] {dag.py:3696} INFO - Setting next_dagrun for example_time_delta_sensor_async to None, run_after=None
[2023-09-17T12:46:12.087+0000] {processor.py:179} INFO - Processing /home/airflow/.local/lib/python3.8/site-packages/airflow/example_dags/example_time_delta_sensor_async.py took 0.103 seconds
[2023-09-17T12:46:42.191+0000] {processor.py:157} INFO - Started process (PID=716) to work on /home/airflow/.local/lib/python3.8/site-packages/airflow/example_dags/example_time_delta_sensor_async.py
[2023-09-17T12:46:42.192+0000] {processor.py:829} INFO - Processing file /home/airflow/.local/lib/python3.8/site-packages/airflow/example_dags/example_time_delta_sensor_async.py for tasks to queue
[2023-09-17T12:46:42.195+0000] {logging_mixin.py:151} INFO - [2023-09-17T12:46:42.195+0000] {dagbag.py:539} INFO - Filling up the DagBag from /home/airflow/.local/lib/python3.8/site-packages/airflow/example_dags/example_time_delta_sensor_async.py
[2023-09-17T12:46:42.201+0000] {processor.py:839} INFO - DAG(s) dict_keys(['example_time_delta_sensor_async']) retrieved from /home/airflow/.local/lib/python3.8/site-packages/airflow/example_dags/example_time_delta_sensor_async.py
[2023-09-17T12:46:42.236+0000] {logging_mixin.py:151} INFO - [2023-09-17T12:46:42.236+0000] {dag.py:2915} INFO - Sync 1 DAGs
[2023-09-17T12:46:42.253+0000] {logging_mixin.py:151} INFO - [2023-09-17T12:46:42.252+0000] {dag.py:3696} INFO - Setting next_dagrun for example_time_delta_sensor_async to None, run_after=None
[2023-09-17T12:46:42.286+0000] {processor.py:179} INFO - Processing /home/airflow/.local/lib/python3.8/site-packages/airflow/example_dags/example_time_delta_sensor_async.py took 0.099 seconds
[2023-09-17T12:47:12.966+0000] {processor.py:157} INFO - Started process (PID=770) to work on /home/airflow/.local/lib/python3.8/site-packages/airflow/example_dags/example_time_delta_sensor_async.py
[2023-09-17T12:47:12.967+0000] {processor.py:829} INFO - Processing file /home/airflow/.local/lib/python3.8/site-packages/airflow/example_dags/example_time_delta_sensor_async.py for tasks to queue
[2023-09-17T12:47:12.970+0000] {logging_mixin.py:151} INFO - [2023-09-17T12:47:12.970+0000] {dagbag.py:539} INFO - Filling up the DagBag from /home/airflow/.local/lib/python3.8/site-packages/airflow/example_dags/example_time_delta_sensor_async.py
[2023-09-17T12:47:12.980+0000] {processor.py:839} INFO - DAG(s) dict_keys(['example_time_delta_sensor_async']) retrieved from /home/airflow/.local/lib/python3.8/site-packages/airflow/example_dags/example_time_delta_sensor_async.py
[2023-09-17T12:47:13.036+0000] {logging_mixin.py:151} INFO - [2023-09-17T12:47:13.035+0000] {dag.py:2915} INFO - Sync 1 DAGs
[2023-09-17T12:47:13.064+0000] {logging_mixin.py:151} INFO - [2023-09-17T12:47:13.064+0000] {dag.py:3696} INFO - Setting next_dagrun for example_time_delta_sensor_async to None, run_after=None
[2023-09-17T12:47:13.115+0000] {processor.py:179} INFO - Processing /home/airflow/.local/lib/python3.8/site-packages/airflow/example_dags/example_time_delta_sensor_async.py took 0.157 seconds
[2023-09-17T12:47:43.545+0000] {processor.py:157} INFO - Started process (PID=825) to work on /home/airflow/.local/lib/python3.8/site-packages/airflow/example_dags/example_time_delta_sensor_async.py
[2023-09-17T12:47:43.549+0000] {processor.py:829} INFO - Processing file /home/airflow/.local/lib/python3.8/site-packages/airflow/example_dags/example_time_delta_sensor_async.py for tasks to queue
[2023-09-17T12:47:43.555+0000] {logging_mixin.py:151} INFO - [2023-09-17T12:47:43.555+0000] {dagbag.py:539} INFO - Filling up the DagBag from /home/airflow/.local/lib/python3.8/site-packages/airflow/example_dags/example_time_delta_sensor_async.py
[2023-09-17T12:47:43.574+0000] {processor.py:839} INFO - DAG(s) dict_keys(['example_time_delta_sensor_async']) retrieved from /home/airflow/.local/lib/python3.8/site-packages/airflow/example_dags/example_time_delta_sensor_async.py
[2023-09-17T12:47:43.625+0000] {logging_mixin.py:151} INFO - [2023-09-17T12:47:43.624+0000] {dag.py:2915} INFO - Sync 1 DAGs
[2023-09-17T12:47:43.653+0000] {logging_mixin.py:151} INFO - [2023-09-17T12:47:43.653+0000] {dag.py:3696} INFO - Setting next_dagrun for example_time_delta_sensor_async to None, run_after=None
[2023-09-17T12:47:43.738+0000] {processor.py:179} INFO - Processing /home/airflow/.local/lib/python3.8/site-packages/airflow/example_dags/example_time_delta_sensor_async.py took 0.204 seconds
[2023-09-17T12:48:14.473+0000] {processor.py:157} INFO - Started process (PID=880) to work on /home/airflow/.local/lib/python3.8/site-packages/airflow/example_dags/example_time_delta_sensor_async.py
[2023-09-17T12:48:14.475+0000] {processor.py:829} INFO - Processing file /home/airflow/.local/lib/python3.8/site-packages/airflow/example_dags/example_time_delta_sensor_async.py for tasks to queue
[2023-09-17T12:48:14.483+0000] {logging_mixin.py:151} INFO - [2023-09-17T12:48:14.482+0000] {dagbag.py:539} INFO - Filling up the DagBag from /home/airflow/.local/lib/python3.8/site-packages/airflow/example_dags/example_time_delta_sensor_async.py
[2023-09-17T12:48:14.495+0000] {processor.py:839} INFO - DAG(s) dict_keys(['example_time_delta_sensor_async']) retrieved from /home/airflow/.local/lib/python3.8/site-packages/airflow/example_dags/example_time_delta_sensor_async.py
[2023-09-17T12:48:14.578+0000] {logging_mixin.py:151} INFO - [2023-09-17T12:48:14.578+0000] {dag.py:2915} INFO - Sync 1 DAGs
[2023-09-17T12:48:14.619+0000] {logging_mixin.py:151} INFO - [2023-09-17T12:48:14.618+0000] {dag.py:3696} INFO - Setting next_dagrun for example_time_delta_sensor_async to None, run_after=None
[2023-09-17T12:48:14.667+0000] {processor.py:179} INFO - Processing /home/airflow/.local/lib/python3.8/site-packages/airflow/example_dags/example_time_delta_sensor_async.py took 0.206 seconds
[2023-09-17T12:48:45.245+0000] {processor.py:157} INFO - Started process (PID=935) to work on /home/airflow/.local/lib/python3.8/site-packages/airflow/example_dags/example_time_delta_sensor_async.py
[2023-09-17T12:48:45.246+0000] {processor.py:829} INFO - Processing file /home/airflow/.local/lib/python3.8/site-packages/airflow/example_dags/example_time_delta_sensor_async.py for tasks to queue
[2023-09-17T12:48:45.249+0000] {logging_mixin.py:151} INFO - [2023-09-17T12:48:45.248+0000] {dagbag.py:539} INFO - Filling up the DagBag from /home/airflow/.local/lib/python3.8/site-packages/airflow/example_dags/example_time_delta_sensor_async.py
[2023-09-17T12:48:45.255+0000] {processor.py:839} INFO - DAG(s) dict_keys(['example_time_delta_sensor_async']) retrieved from /home/airflow/.local/lib/python3.8/site-packages/airflow/example_dags/example_time_delta_sensor_async.py
[2023-09-17T12:48:45.281+0000] {logging_mixin.py:151} INFO - [2023-09-17T12:48:45.281+0000] {dag.py:2915} INFO - Sync 1 DAGs
[2023-09-17T12:48:45.301+0000] {logging_mixin.py:151} INFO - [2023-09-17T12:48:45.301+0000] {dag.py:3696} INFO - Setting next_dagrun for example_time_delta_sensor_async to None, run_after=None
[2023-09-17T12:48:45.348+0000] {processor.py:179} INFO - Processing /home/airflow/.local/lib/python3.8/site-packages/airflow/example_dags/example_time_delta_sensor_async.py took 0.107 seconds
[2023-09-17T12:49:15.825+0000] {processor.py:157} INFO - Started process (PID=990) to work on /home/airflow/.local/lib/python3.8/site-packages/airflow/example_dags/example_time_delta_sensor_async.py
[2023-09-17T12:49:15.826+0000] {processor.py:829} INFO - Processing file /home/airflow/.local/lib/python3.8/site-packages/airflow/example_dags/example_time_delta_sensor_async.py for tasks to queue
[2023-09-17T12:49:15.829+0000] {logging_mixin.py:151} INFO - [2023-09-17T12:49:15.829+0000] {dagbag.py:539} INFO - Filling up the DagBag from /home/airflow/.local/lib/python3.8/site-packages/airflow/example_dags/example_time_delta_sensor_async.py
[2023-09-17T12:49:15.837+0000] {processor.py:839} INFO - DAG(s) dict_keys(['example_time_delta_sensor_async']) retrieved from /home/airflow/.local/lib/python3.8/site-packages/airflow/example_dags/example_time_delta_sensor_async.py
[2023-09-17T12:49:15.862+0000] {logging_mixin.py:151} INFO - [2023-09-17T12:49:15.862+0000] {dag.py:2915} INFO - Sync 1 DAGs
[2023-09-17T12:49:15.891+0000] {logging_mixin.py:151} INFO - [2023-09-17T12:49:15.891+0000] {dag.py:3696} INFO - Setting next_dagrun for example_time_delta_sensor_async to None, run_after=None
[2023-09-17T12:49:15.938+0000] {processor.py:179} INFO - Processing /home/airflow/.local/lib/python3.8/site-packages/airflow/example_dags/example_time_delta_sensor_async.py took 0.118 seconds
[2023-09-17T12:49:46.128+0000] {processor.py:157} INFO - Started process (PID=1045) to work on /home/airflow/.local/lib/python3.8/site-packages/airflow/example_dags/example_time_delta_sensor_async.py
[2023-09-17T12:49:46.130+0000] {processor.py:829} INFO - Processing file /home/airflow/.local/lib/python3.8/site-packages/airflow/example_dags/example_time_delta_sensor_async.py for tasks to queue
[2023-09-17T12:49:46.137+0000] {logging_mixin.py:151} INFO - [2023-09-17T12:49:46.136+0000] {dagbag.py:539} INFO - Filling up the DagBag from /home/airflow/.local/lib/python3.8/site-packages/airflow/example_dags/example_time_delta_sensor_async.py
[2023-09-17T12:49:46.145+0000] {processor.py:839} INFO - DAG(s) dict_keys(['example_time_delta_sensor_async']) retrieved from /home/airflow/.local/lib/python3.8/site-packages/airflow/example_dags/example_time_delta_sensor_async.py
[2023-09-17T12:49:46.175+0000] {logging_mixin.py:151} INFO - [2023-09-17T12:49:46.175+0000] {dag.py:2915} INFO - Sync 1 DAGs
[2023-09-17T12:49:46.198+0000] {logging_mixin.py:151} INFO - [2023-09-17T12:49:46.197+0000] {dag.py:3696} INFO - Setting next_dagrun for example_time_delta_sensor_async to None, run_after=None
[2023-09-17T12:49:46.232+0000] {processor.py:179} INFO - Processing /home/airflow/.local/lib/python3.8/site-packages/airflow/example_dags/example_time_delta_sensor_async.py took 0.109 seconds
[2023-09-17T12:50:16.955+0000] {processor.py:157} INFO - Started process (PID=1100) to work on /home/airflow/.local/lib/python3.8/site-packages/airflow/example_dags/example_time_delta_sensor_async.py
[2023-09-17T12:50:16.956+0000] {processor.py:829} INFO - Processing file /home/airflow/.local/lib/python3.8/site-packages/airflow/example_dags/example_time_delta_sensor_async.py for tasks to queue
[2023-09-17T12:50:16.959+0000] {logging_mixin.py:151} INFO - [2023-09-17T12:50:16.958+0000] {dagbag.py:539} INFO - Filling up the DagBag from /home/airflow/.local/lib/python3.8/site-packages/airflow/example_dags/example_time_delta_sensor_async.py
[2023-09-17T12:50:16.973+0000] {processor.py:839} INFO - DAG(s) dict_keys(['example_time_delta_sensor_async']) retrieved from /home/airflow/.local/lib/python3.8/site-packages/airflow/example_dags/example_time_delta_sensor_async.py
[2023-09-17T12:50:17.014+0000] {logging_mixin.py:151} INFO - [2023-09-17T12:50:17.013+0000] {dag.py:2915} INFO - Sync 1 DAGs
[2023-09-17T12:50:17.048+0000] {logging_mixin.py:151} INFO - [2023-09-17T12:50:17.047+0000] {dag.py:3696} INFO - Setting next_dagrun for example_time_delta_sensor_async to None, run_after=None
[2023-09-17T12:50:17.100+0000] {processor.py:179} INFO - Processing /home/airflow/.local/lib/python3.8/site-packages/airflow/example_dags/example_time_delta_sensor_async.py took 0.149 seconds
[2023-09-17T12:50:47.511+0000] {processor.py:157} INFO - Started process (PID=1155) to work on /home/airflow/.local/lib/python3.8/site-packages/airflow/example_dags/example_time_delta_sensor_async.py
[2023-09-17T12:50:47.513+0000] {processor.py:829} INFO - Processing file /home/airflow/.local/lib/python3.8/site-packages/airflow/example_dags/example_time_delta_sensor_async.py for tasks to queue
[2023-09-17T12:50:47.515+0000] {logging_mixin.py:151} INFO - [2023-09-17T12:50:47.515+0000] {dagbag.py:539} INFO - Filling up the DagBag from /home/airflow/.local/lib/python3.8/site-packages/airflow/example_dags/example_time_delta_sensor_async.py
[2023-09-17T12:50:47.528+0000] {processor.py:839} INFO - DAG(s) dict_keys(['example_time_delta_sensor_async']) retrieved from /home/airflow/.local/lib/python3.8/site-packages/airflow/example_dags/example_time_delta_sensor_async.py
[2023-09-17T12:50:47.578+0000] {logging_mixin.py:151} INFO - [2023-09-17T12:50:47.577+0000] {dag.py:2915} INFO - Sync 1 DAGs
[2023-09-17T12:50:47.625+0000] {logging_mixin.py:151} INFO - [2023-09-17T12:50:47.624+0000] {dag.py:3696} INFO - Setting next_dagrun for example_time_delta_sensor_async to None, run_after=None
[2023-09-17T12:50:47.667+0000] {processor.py:179} INFO - Processing /home/airflow/.local/lib/python3.8/site-packages/airflow/example_dags/example_time_delta_sensor_async.py took 0.165 seconds
[2023-09-17T12:51:18.459+0000] {processor.py:157} INFO - Started process (PID=1209) to work on /home/airflow/.local/lib/python3.8/site-packages/airflow/example_dags/example_time_delta_sensor_async.py
[2023-09-17T12:51:18.460+0000] {processor.py:829} INFO - Processing file /home/airflow/.local/lib/python3.8/site-packages/airflow/example_dags/example_time_delta_sensor_async.py for tasks to queue
[2023-09-17T12:51:18.471+0000] {logging_mixin.py:151} INFO - [2023-09-17T12:51:18.470+0000] {dagbag.py:539} INFO - Filling up the DagBag from /home/airflow/.local/lib/python3.8/site-packages/airflow/example_dags/example_time_delta_sensor_async.py
[2023-09-17T12:51:18.482+0000] {processor.py:839} INFO - DAG(s) dict_keys(['example_time_delta_sensor_async']) retrieved from /home/airflow/.local/lib/python3.8/site-packages/airflow/example_dags/example_time_delta_sensor_async.py
[2023-09-17T12:51:18.623+0000] {logging_mixin.py:151} INFO - [2023-09-17T12:51:18.623+0000] {dag.py:2915} INFO - Sync 1 DAGs
[2023-09-17T12:51:18.704+0000] {logging_mixin.py:151} INFO - [2023-09-17T12:51:18.703+0000] {dag.py:3696} INFO - Setting next_dagrun for example_time_delta_sensor_async to None, run_after=None
[2023-09-17T12:51:18.839+0000] {processor.py:179} INFO - Processing /home/airflow/.local/lib/python3.8/site-packages/airflow/example_dags/example_time_delta_sensor_async.py took 0.397 seconds
[2023-09-17T12:51:49.779+0000] {processor.py:157} INFO - Started process (PID=1263) to work on /home/airflow/.local/lib/python3.8/site-packages/airflow/example_dags/example_time_delta_sensor_async.py
[2023-09-17T12:51:49.865+0000] {processor.py:829} INFO - Processing file /home/airflow/.local/lib/python3.8/site-packages/airflow/example_dags/example_time_delta_sensor_async.py for tasks to queue
[2023-09-17T12:51:49.872+0000] {logging_mixin.py:151} INFO - [2023-09-17T12:51:49.871+0000] {dagbag.py:539} INFO - Filling up the DagBag from /home/airflow/.local/lib/python3.8/site-packages/airflow/example_dags/example_time_delta_sensor_async.py
[2023-09-17T12:51:49.887+0000] {processor.py:839} INFO - DAG(s) dict_keys(['example_time_delta_sensor_async']) retrieved from /home/airflow/.local/lib/python3.8/site-packages/airflow/example_dags/example_time_delta_sensor_async.py
[2023-09-17T12:51:49.944+0000] {logging_mixin.py:151} INFO - [2023-09-17T12:51:49.943+0000] {dag.py:2915} INFO - Sync 1 DAGs
[2023-09-17T12:51:49.996+0000] {logging_mixin.py:151} INFO - [2023-09-17T12:51:49.996+0000] {dag.py:3696} INFO - Setting next_dagrun for example_time_delta_sensor_async to None, run_after=None
[2023-09-17T12:51:50.078+0000] {processor.py:179} INFO - Processing /home/airflow/.local/lib/python3.8/site-packages/airflow/example_dags/example_time_delta_sensor_async.py took 0.307 seconds
[2023-09-17T12:52:20.173+0000] {processor.py:157} INFO - Started process (PID=1319) to work on /home/airflow/.local/lib/python3.8/site-packages/airflow/example_dags/example_time_delta_sensor_async.py
[2023-09-17T12:52:20.174+0000] {processor.py:829} INFO - Processing file /home/airflow/.local/lib/python3.8/site-packages/airflow/example_dags/example_time_delta_sensor_async.py for tasks to queue
[2023-09-17T12:52:20.177+0000] {logging_mixin.py:151} INFO - [2023-09-17T12:52:20.177+0000] {dagbag.py:539} INFO - Filling up the DagBag from /home/airflow/.local/lib/python3.8/site-packages/airflow/example_dags/example_time_delta_sensor_async.py
[2023-09-17T12:52:20.185+0000] {processor.py:839} INFO - DAG(s) dict_keys(['example_time_delta_sensor_async']) retrieved from /home/airflow/.local/lib/python3.8/site-packages/airflow/example_dags/example_time_delta_sensor_async.py
[2023-09-17T12:52:20.222+0000] {logging_mixin.py:151} INFO - [2023-09-17T12:52:20.222+0000] {dag.py:2915} INFO - Sync 1 DAGs
[2023-09-17T12:52:20.246+0000] {logging_mixin.py:151} INFO - [2023-09-17T12:52:20.245+0000] {dag.py:3696} INFO - Setting next_dagrun for example_time_delta_sensor_async to None, run_after=None
[2023-09-17T12:52:20.452+0000] {processor.py:179} INFO - Processing /home/airflow/.local/lib/python3.8/site-packages/airflow/example_dags/example_time_delta_sensor_async.py took 0.285 seconds
[2023-09-17T12:52:50.879+0000] {processor.py:157} INFO - Started process (PID=1374) to work on /home/airflow/.local/lib/python3.8/site-packages/airflow/example_dags/example_time_delta_sensor_async.py
[2023-09-17T12:52:50.881+0000] {processor.py:829} INFO - Processing file /home/airflow/.local/lib/python3.8/site-packages/airflow/example_dags/example_time_delta_sensor_async.py for tasks to queue
[2023-09-17T12:52:50.886+0000] {logging_mixin.py:151} INFO - [2023-09-17T12:52:50.886+0000] {dagbag.py:539} INFO - Filling up the DagBag from /home/airflow/.local/lib/python3.8/site-packages/airflow/example_dags/example_time_delta_sensor_async.py
[2023-09-17T12:52:50.898+0000] {processor.py:839} INFO - DAG(s) dict_keys(['example_time_delta_sensor_async']) retrieved from /home/airflow/.local/lib/python3.8/site-packages/airflow/example_dags/example_time_delta_sensor_async.py
[2023-09-17T12:52:50.950+0000] {logging_mixin.py:151} INFO - [2023-09-17T12:52:50.950+0000] {dag.py:2915} INFO - Sync 1 DAGs
[2023-09-17T12:52:50.986+0000] {logging_mixin.py:151} INFO - [2023-09-17T12:52:50.986+0000] {dag.py:3696} INFO - Setting next_dagrun for example_time_delta_sensor_async to None, run_after=None
[2023-09-17T12:52:51.054+0000] {processor.py:179} INFO - Processing /home/airflow/.local/lib/python3.8/site-packages/airflow/example_dags/example_time_delta_sensor_async.py took 0.184 seconds
