[2023-09-17T12:40:35.341+0000] {processor.py:157} INFO - Started process (PID=54) to work on /home/airflow/.local/lib/python3.8/site-packages/airflow/example_dags/example_short_circuit_operator.py
[2023-09-17T12:40:35.342+0000] {processor.py:829} INFO - Processing file /home/airflow/.local/lib/python3.8/site-packages/airflow/example_dags/example_short_circuit_operator.py for tasks to queue
[2023-09-17T12:40:35.345+0000] {logging_mixin.py:151} INFO - [2023-09-17T12:40:35.345+0000] {dagbag.py:539} INFO - Filling up the DagBag from /home/airflow/.local/lib/python3.8/site-packages/airflow/example_dags/example_short_circuit_operator.py
[2023-09-17T12:40:35.364+0000] {processor.py:839} INFO - DAG(s) dict_keys(['example_short_circuit_operator']) retrieved from /home/airflow/.local/lib/python3.8/site-packages/airflow/example_dags/example_short_circuit_operator.py
[2023-09-17T12:40:35.734+0000] {logging_mixin.py:151} INFO - [2023-09-17T12:40:35.734+0000] {manager.py:499} INFO - Created Permission View: %s
[2023-09-17T12:40:35.856+0000] {logging_mixin.py:151} INFO - [2023-09-17T12:40:35.856+0000] {manager.py:499} INFO - Created Permission View: %s
[2023-09-17T12:40:35.915+0000] {logging_mixin.py:151} INFO - [2023-09-17T12:40:35.915+0000] {manager.py:499} INFO - Created Permission View: %s
[2023-09-17T12:40:35.916+0000] {logging_mixin.py:151} INFO - [2023-09-17T12:40:35.915+0000] {security.py:708} INFO - Not syncing DAG-level permissions for DAG 'DAG:example_short_circuit_operator' as access control is unset.
[2023-09-17T12:40:35.916+0000] {logging_mixin.py:151} INFO - [2023-09-17T12:40:35.916+0000] {dag.py:2915} INFO - Sync 1 DAGs
[2023-09-17T12:40:35.954+0000] {logging_mixin.py:151} INFO - [2023-09-17T12:40:35.954+0000] {dag.py:2937} INFO - Creating ORM DAG for example_short_circuit_operator
[2023-09-17T12:40:35.981+0000] {logging_mixin.py:151} INFO - [2023-09-17T12:40:35.980+0000] {dag.py:3696} INFO - Setting next_dagrun for example_short_circuit_operator to 2023-09-16T12:40:35.980371+00:00, run_after=2023-09-17T12:40:35.980371+00:00
[2023-09-17T12:40:36.139+0000] {processor.py:179} INFO - Processing /home/airflow/.local/lib/python3.8/site-packages/airflow/example_dags/example_short_circuit_operator.py took 0.802 seconds
[2023-09-17T12:41:06.852+0000] {processor.py:157} INFO - Started process (PID=109) to work on /home/airflow/.local/lib/python3.8/site-packages/airflow/example_dags/example_short_circuit_operator.py
[2023-09-17T12:41:06.853+0000] {processor.py:829} INFO - Processing file /home/airflow/.local/lib/python3.8/site-packages/airflow/example_dags/example_short_circuit_operator.py for tasks to queue
[2023-09-17T12:41:06.857+0000] {logging_mixin.py:151} INFO - [2023-09-17T12:41:06.856+0000] {dagbag.py:539} INFO - Filling up the DagBag from /home/airflow/.local/lib/python3.8/site-packages/airflow/example_dags/example_short_circuit_operator.py
[2023-09-17T12:41:06.870+0000] {processor.py:839} INFO - DAG(s) dict_keys(['example_short_circuit_operator']) retrieved from /home/airflow/.local/lib/python3.8/site-packages/airflow/example_dags/example_short_circuit_operator.py
[2023-09-17T12:41:06.914+0000] {logging_mixin.py:151} INFO - [2023-09-17T12:41:06.913+0000] {dag.py:2915} INFO - Sync 1 DAGs
[2023-09-17T12:41:06.959+0000] {logging_mixin.py:151} INFO - [2023-09-17T12:41:06.959+0000] {dag.py:3696} INFO - Setting next_dagrun for example_short_circuit_operator to 2023-09-16T12:41:06.958700+00:00, run_after=2023-09-17T12:41:06.958700+00:00
[2023-09-17T12:41:06.998+0000] {processor.py:179} INFO - Processing /home/airflow/.local/lib/python3.8/site-packages/airflow/example_dags/example_short_circuit_operator.py took 0.150 seconds
[2023-09-17T12:41:37.049+0000] {processor.py:157} INFO - Started process (PID=164) to work on /home/airflow/.local/lib/python3.8/site-packages/airflow/example_dags/example_short_circuit_operator.py
[2023-09-17T12:41:37.067+0000] {processor.py:829} INFO - Processing file /home/airflow/.local/lib/python3.8/site-packages/airflow/example_dags/example_short_circuit_operator.py for tasks to queue
[2023-09-17T12:41:37.071+0000] {logging_mixin.py:151} INFO - [2023-09-17T12:41:37.071+0000] {dagbag.py:539} INFO - Filling up the DagBag from /home/airflow/.local/lib/python3.8/site-packages/airflow/example_dags/example_short_circuit_operator.py
[2023-09-17T12:41:37.085+0000] {processor.py:839} INFO - DAG(s) dict_keys(['example_short_circuit_operator']) retrieved from /home/airflow/.local/lib/python3.8/site-packages/airflow/example_dags/example_short_circuit_operator.py
[2023-09-17T12:41:37.127+0000] {logging_mixin.py:151} INFO - [2023-09-17T12:41:37.126+0000] {dag.py:2915} INFO - Sync 1 DAGs
[2023-09-17T12:41:37.167+0000] {logging_mixin.py:151} INFO - [2023-09-17T12:41:37.166+0000] {dag.py:3696} INFO - Setting next_dagrun for example_short_circuit_operator to 2023-09-16T12:41:37.165083+00:00, run_after=2023-09-17T12:41:37.165083+00:00
[2023-09-17T12:41:37.204+0000] {processor.py:179} INFO - Processing /home/airflow/.local/lib/python3.8/site-packages/airflow/example_dags/example_short_circuit_operator.py took 0.159 seconds
[2023-09-17T12:42:07.353+0000] {processor.py:157} INFO - Started process (PID=219) to work on /home/airflow/.local/lib/python3.8/site-packages/airflow/example_dags/example_short_circuit_operator.py
[2023-09-17T12:42:07.354+0000] {processor.py:829} INFO - Processing file /home/airflow/.local/lib/python3.8/site-packages/airflow/example_dags/example_short_circuit_operator.py for tasks to queue
[2023-09-17T12:42:07.358+0000] {logging_mixin.py:151} INFO - [2023-09-17T12:42:07.358+0000] {dagbag.py:539} INFO - Filling up the DagBag from /home/airflow/.local/lib/python3.8/site-packages/airflow/example_dags/example_short_circuit_operator.py
[2023-09-17T12:42:07.375+0000] {processor.py:839} INFO - DAG(s) dict_keys(['example_short_circuit_operator']) retrieved from /home/airflow/.local/lib/python3.8/site-packages/airflow/example_dags/example_short_circuit_operator.py
[2023-09-17T12:42:07.432+0000] {logging_mixin.py:151} INFO - [2023-09-17T12:42:07.431+0000] {dag.py:2915} INFO - Sync 1 DAGs
[2023-09-17T12:42:07.476+0000] {logging_mixin.py:151} INFO - [2023-09-17T12:42:07.476+0000] {dag.py:3696} INFO - Setting next_dagrun for example_short_circuit_operator to 2023-09-16T12:42:07.475827+00:00, run_after=2023-09-17T12:42:07.475827+00:00
[2023-09-17T12:42:07.529+0000] {processor.py:179} INFO - Processing /home/airflow/.local/lib/python3.8/site-packages/airflow/example_dags/example_short_circuit_operator.py took 0.183 seconds
[2023-09-17T12:42:38.019+0000] {processor.py:157} INFO - Started process (PID=274) to work on /home/airflow/.local/lib/python3.8/site-packages/airflow/example_dags/example_short_circuit_operator.py
[2023-09-17T12:42:38.020+0000] {processor.py:829} INFO - Processing file /home/airflow/.local/lib/python3.8/site-packages/airflow/example_dags/example_short_circuit_operator.py for tasks to queue
[2023-09-17T12:42:38.023+0000] {logging_mixin.py:151} INFO - [2023-09-17T12:42:38.022+0000] {dagbag.py:539} INFO - Filling up the DagBag from /home/airflow/.local/lib/python3.8/site-packages/airflow/example_dags/example_short_circuit_operator.py
[2023-09-17T12:42:38.035+0000] {processor.py:839} INFO - DAG(s) dict_keys(['example_short_circuit_operator']) retrieved from /home/airflow/.local/lib/python3.8/site-packages/airflow/example_dags/example_short_circuit_operator.py
[2023-09-17T12:42:38.100+0000] {logging_mixin.py:151} INFO - [2023-09-17T12:42:38.099+0000] {dag.py:2915} INFO - Sync 1 DAGs
[2023-09-17T12:42:38.207+0000] {logging_mixin.py:151} INFO - [2023-09-17T12:42:38.206+0000] {dag.py:3696} INFO - Setting next_dagrun for example_short_circuit_operator to 2023-09-16T12:42:38.205963+00:00, run_after=2023-09-17T12:42:38.205963+00:00
[2023-09-17T12:42:38.296+0000] {processor.py:179} INFO - Processing /home/airflow/.local/lib/python3.8/site-packages/airflow/example_dags/example_short_circuit_operator.py took 0.282 seconds
[2023-09-17T12:43:08.821+0000] {processor.py:157} INFO - Started process (PID=329) to work on /home/airflow/.local/lib/python3.8/site-packages/airflow/example_dags/example_short_circuit_operator.py
[2023-09-17T12:43:08.822+0000] {processor.py:829} INFO - Processing file /home/airflow/.local/lib/python3.8/site-packages/airflow/example_dags/example_short_circuit_operator.py for tasks to queue
[2023-09-17T12:43:08.825+0000] {logging_mixin.py:151} INFO - [2023-09-17T12:43:08.824+0000] {dagbag.py:539} INFO - Filling up the DagBag from /home/airflow/.local/lib/python3.8/site-packages/airflow/example_dags/example_short_circuit_operator.py
[2023-09-17T12:43:08.838+0000] {processor.py:839} INFO - DAG(s) dict_keys(['example_short_circuit_operator']) retrieved from /home/airflow/.local/lib/python3.8/site-packages/airflow/example_dags/example_short_circuit_operator.py
[2023-09-17T12:43:08.875+0000] {logging_mixin.py:151} INFO - [2023-09-17T12:43:08.875+0000] {dag.py:2915} INFO - Sync 1 DAGs
[2023-09-17T12:43:08.909+0000] {logging_mixin.py:151} INFO - [2023-09-17T12:43:08.909+0000] {dag.py:3696} INFO - Setting next_dagrun for example_short_circuit_operator to 2023-09-16T12:43:08.908562+00:00, run_after=2023-09-17T12:43:08.908562+00:00
[2023-09-17T12:43:08.947+0000] {processor.py:179} INFO - Processing /home/airflow/.local/lib/python3.8/site-packages/airflow/example_dags/example_short_circuit_operator.py took 0.130 seconds
[2023-09-17T12:43:39.502+0000] {processor.py:157} INFO - Started process (PID=384) to work on /home/airflow/.local/lib/python3.8/site-packages/airflow/example_dags/example_short_circuit_operator.py
[2023-09-17T12:43:39.503+0000] {processor.py:829} INFO - Processing file /home/airflow/.local/lib/python3.8/site-packages/airflow/example_dags/example_short_circuit_operator.py for tasks to queue
[2023-09-17T12:43:39.507+0000] {logging_mixin.py:151} INFO - [2023-09-17T12:43:39.506+0000] {dagbag.py:539} INFO - Filling up the DagBag from /home/airflow/.local/lib/python3.8/site-packages/airflow/example_dags/example_short_circuit_operator.py
[2023-09-17T12:43:39.523+0000] {processor.py:839} INFO - DAG(s) dict_keys(['example_short_circuit_operator']) retrieved from /home/airflow/.local/lib/python3.8/site-packages/airflow/example_dags/example_short_circuit_operator.py
[2023-09-17T12:43:39.571+0000] {logging_mixin.py:151} INFO - [2023-09-17T12:43:39.571+0000] {dag.py:2915} INFO - Sync 1 DAGs
[2023-09-17T12:43:39.623+0000] {logging_mixin.py:151} INFO - [2023-09-17T12:43:39.622+0000] {dag.py:3696} INFO - Setting next_dagrun for example_short_circuit_operator to 2023-09-16T12:43:39.622491+00:00, run_after=2023-09-17T12:43:39.622491+00:00
[2023-09-17T12:43:39.685+0000] {processor.py:179} INFO - Processing /home/airflow/.local/lib/python3.8/site-packages/airflow/example_dags/example_short_circuit_operator.py took 0.189 seconds
[2023-09-17T12:44:10.038+0000] {processor.py:157} INFO - Started process (PID=440) to work on /home/airflow/.local/lib/python3.8/site-packages/airflow/example_dags/example_short_circuit_operator.py
[2023-09-17T12:44:10.039+0000] {processor.py:829} INFO - Processing file /home/airflow/.local/lib/python3.8/site-packages/airflow/example_dags/example_short_circuit_operator.py for tasks to queue
[2023-09-17T12:44:10.042+0000] {logging_mixin.py:151} INFO - [2023-09-17T12:44:10.042+0000] {dagbag.py:539} INFO - Filling up the DagBag from /home/airflow/.local/lib/python3.8/site-packages/airflow/example_dags/example_short_circuit_operator.py
[2023-09-17T12:44:10.058+0000] {processor.py:839} INFO - DAG(s) dict_keys(['example_short_circuit_operator']) retrieved from /home/airflow/.local/lib/python3.8/site-packages/airflow/example_dags/example_short_circuit_operator.py
[2023-09-17T12:44:10.101+0000] {logging_mixin.py:151} INFO - [2023-09-17T12:44:10.101+0000] {dag.py:2915} INFO - Sync 1 DAGs
[2023-09-17T12:44:10.149+0000] {logging_mixin.py:151} INFO - [2023-09-17T12:44:10.149+0000] {dag.py:3696} INFO - Setting next_dagrun for example_short_circuit_operator to 2023-09-16T12:44:10.148984+00:00, run_after=2023-09-17T12:44:10.148984+00:00
[2023-09-17T12:44:10.206+0000] {processor.py:179} INFO - Processing /home/airflow/.local/lib/python3.8/site-packages/airflow/example_dags/example_short_circuit_operator.py took 0.174 seconds
[2023-09-17T12:44:40.335+0000] {processor.py:157} INFO - Started process (PID=495) to work on /home/airflow/.local/lib/python3.8/site-packages/airflow/example_dags/example_short_circuit_operator.py
[2023-09-17T12:44:40.336+0000] {processor.py:829} INFO - Processing file /home/airflow/.local/lib/python3.8/site-packages/airflow/example_dags/example_short_circuit_operator.py for tasks to queue
[2023-09-17T12:44:40.339+0000] {logging_mixin.py:151} INFO - [2023-09-17T12:44:40.339+0000] {dagbag.py:539} INFO - Filling up the DagBag from /home/airflow/.local/lib/python3.8/site-packages/airflow/example_dags/example_short_circuit_operator.py
[2023-09-17T12:44:40.351+0000] {processor.py:839} INFO - DAG(s) dict_keys(['example_short_circuit_operator']) retrieved from /home/airflow/.local/lib/python3.8/site-packages/airflow/example_dags/example_short_circuit_operator.py
[2023-09-17T12:44:40.385+0000] {logging_mixin.py:151} INFO - [2023-09-17T12:44:40.385+0000] {dag.py:2915} INFO - Sync 1 DAGs
[2023-09-17T12:44:40.415+0000] {logging_mixin.py:151} INFO - [2023-09-17T12:44:40.415+0000] {dag.py:3696} INFO - Setting next_dagrun for example_short_circuit_operator to 2023-09-16T12:44:40.415344+00:00, run_after=2023-09-17T12:44:40.415344+00:00
[2023-09-17T12:44:40.452+0000] {processor.py:179} INFO - Processing /home/airflow/.local/lib/python3.8/site-packages/airflow/example_dags/example_short_circuit_operator.py took 0.121 seconds
[2023-09-17T12:45:10.923+0000] {processor.py:157} INFO - Started process (PID=551) to work on /home/airflow/.local/lib/python3.8/site-packages/airflow/example_dags/example_short_circuit_operator.py
[2023-09-17T12:45:10.930+0000] {processor.py:829} INFO - Processing file /home/airflow/.local/lib/python3.8/site-packages/airflow/example_dags/example_short_circuit_operator.py for tasks to queue
[2023-09-17T12:45:10.939+0000] {logging_mixin.py:151} INFO - [2023-09-17T12:45:10.938+0000] {dagbag.py:539} INFO - Filling up the DagBag from /home/airflow/.local/lib/python3.8/site-packages/airflow/example_dags/example_short_circuit_operator.py
[2023-09-17T12:45:10.963+0000] {processor.py:839} INFO - DAG(s) dict_keys(['example_short_circuit_operator']) retrieved from /home/airflow/.local/lib/python3.8/site-packages/airflow/example_dags/example_short_circuit_operator.py
[2023-09-17T12:45:11.043+0000] {logging_mixin.py:151} INFO - [2023-09-17T12:45:11.043+0000] {dag.py:2915} INFO - Sync 1 DAGs
[2023-09-17T12:45:11.135+0000] {logging_mixin.py:151} INFO - [2023-09-17T12:45:11.135+0000] {dag.py:3696} INFO - Setting next_dagrun for example_short_circuit_operator to 2023-09-16T12:45:11.134762+00:00, run_after=2023-09-17T12:45:11.134762+00:00
[2023-09-17T12:45:11.179+0000] {processor.py:179} INFO - Processing /home/airflow/.local/lib/python3.8/site-packages/airflow/example_dags/example_short_circuit_operator.py took 0.266 seconds
[2023-09-17T12:45:41.757+0000] {processor.py:157} INFO - Started process (PID=606) to work on /home/airflow/.local/lib/python3.8/site-packages/airflow/example_dags/example_short_circuit_operator.py
[2023-09-17T12:45:41.780+0000] {processor.py:829} INFO - Processing file /home/airflow/.local/lib/python3.8/site-packages/airflow/example_dags/example_short_circuit_operator.py for tasks to queue
[2023-09-17T12:45:41.783+0000] {logging_mixin.py:151} INFO - [2023-09-17T12:45:41.782+0000] {dagbag.py:539} INFO - Filling up the DagBag from /home/airflow/.local/lib/python3.8/site-packages/airflow/example_dags/example_short_circuit_operator.py
[2023-09-17T12:45:41.792+0000] {processor.py:839} INFO - DAG(s) dict_keys(['example_short_circuit_operator']) retrieved from /home/airflow/.local/lib/python3.8/site-packages/airflow/example_dags/example_short_circuit_operator.py
[2023-09-17T12:45:41.828+0000] {logging_mixin.py:151} INFO - [2023-09-17T12:45:41.827+0000] {dag.py:2915} INFO - Sync 1 DAGs
[2023-09-17T12:45:41.861+0000] {logging_mixin.py:151} INFO - [2023-09-17T12:45:41.861+0000] {dag.py:3696} INFO - Setting next_dagrun for example_short_circuit_operator to 2023-09-16T12:45:41.860932+00:00, run_after=2023-09-17T12:45:41.860932+00:00
[2023-09-17T12:45:41.901+0000] {processor.py:179} INFO - Processing /home/airflow/.local/lib/python3.8/site-packages/airflow/example_dags/example_short_circuit_operator.py took 0.148 seconds
[2023-09-17T12:46:11.996+0000] {processor.py:157} INFO - Started process (PID=661) to work on /home/airflow/.local/lib/python3.8/site-packages/airflow/example_dags/example_short_circuit_operator.py
[2023-09-17T12:46:11.997+0000] {processor.py:829} INFO - Processing file /home/airflow/.local/lib/python3.8/site-packages/airflow/example_dags/example_short_circuit_operator.py for tasks to queue
[2023-09-17T12:46:12.000+0000] {logging_mixin.py:151} INFO - [2023-09-17T12:46:12.000+0000] {dagbag.py:539} INFO - Filling up the DagBag from /home/airflow/.local/lib/python3.8/site-packages/airflow/example_dags/example_short_circuit_operator.py
[2023-09-17T12:46:12.013+0000] {processor.py:839} INFO - DAG(s) dict_keys(['example_short_circuit_operator']) retrieved from /home/airflow/.local/lib/python3.8/site-packages/airflow/example_dags/example_short_circuit_operator.py
[2023-09-17T12:46:12.054+0000] {logging_mixin.py:151} INFO - [2023-09-17T12:46:12.053+0000] {dag.py:2915} INFO - Sync 1 DAGs
[2023-09-17T12:46:12.092+0000] {logging_mixin.py:151} INFO - [2023-09-17T12:46:12.092+0000] {dag.py:3696} INFO - Setting next_dagrun for example_short_circuit_operator to 2023-09-16T12:46:12.091703+00:00, run_after=2023-09-17T12:46:12.091703+00:00
[2023-09-17T12:46:12.131+0000] {processor.py:179} INFO - Processing /home/airflow/.local/lib/python3.8/site-packages/airflow/example_dags/example_short_circuit_operator.py took 0.139 seconds
[2023-09-17T12:46:42.311+0000] {processor.py:157} INFO - Started process (PID=717) to work on /home/airflow/.local/lib/python3.8/site-packages/airflow/example_dags/example_short_circuit_operator.py
[2023-09-17T12:46:42.312+0000] {processor.py:829} INFO - Processing file /home/airflow/.local/lib/python3.8/site-packages/airflow/example_dags/example_short_circuit_operator.py for tasks to queue
[2023-09-17T12:46:42.314+0000] {logging_mixin.py:151} INFO - [2023-09-17T12:46:42.314+0000] {dagbag.py:539} INFO - Filling up the DagBag from /home/airflow/.local/lib/python3.8/site-packages/airflow/example_dags/example_short_circuit_operator.py
[2023-09-17T12:46:42.326+0000] {processor.py:839} INFO - DAG(s) dict_keys(['example_short_circuit_operator']) retrieved from /home/airflow/.local/lib/python3.8/site-packages/airflow/example_dags/example_short_circuit_operator.py
[2023-09-17T12:46:42.364+0000] {logging_mixin.py:151} INFO - [2023-09-17T12:46:42.364+0000] {dag.py:2915} INFO - Sync 1 DAGs
[2023-09-17T12:46:42.397+0000] {logging_mixin.py:151} INFO - [2023-09-17T12:46:42.397+0000] {dag.py:3696} INFO - Setting next_dagrun for example_short_circuit_operator to 2023-09-16T12:46:42.397098+00:00, run_after=2023-09-17T12:46:42.397098+00:00
[2023-09-17T12:46:42.428+0000] {processor.py:179} INFO - Processing /home/airflow/.local/lib/python3.8/site-packages/airflow/example_dags/example_short_circuit_operator.py took 0.121 seconds
[2023-09-17T12:47:13.122+0000] {processor.py:157} INFO - Started process (PID=771) to work on /home/airflow/.local/lib/python3.8/site-packages/airflow/example_dags/example_short_circuit_operator.py
[2023-09-17T12:47:13.123+0000] {processor.py:829} INFO - Processing file /home/airflow/.local/lib/python3.8/site-packages/airflow/example_dags/example_short_circuit_operator.py for tasks to queue
[2023-09-17T12:47:13.129+0000] {logging_mixin.py:151} INFO - [2023-09-17T12:47:13.128+0000] {dagbag.py:539} INFO - Filling up the DagBag from /home/airflow/.local/lib/python3.8/site-packages/airflow/example_dags/example_short_circuit_operator.py
[2023-09-17T12:47:13.142+0000] {processor.py:839} INFO - DAG(s) dict_keys(['example_short_circuit_operator']) retrieved from /home/airflow/.local/lib/python3.8/site-packages/airflow/example_dags/example_short_circuit_operator.py
[2023-09-17T12:47:13.187+0000] {logging_mixin.py:151} INFO - [2023-09-17T12:47:13.187+0000] {dag.py:2915} INFO - Sync 1 DAGs
[2023-09-17T12:47:13.241+0000] {logging_mixin.py:151} INFO - [2023-09-17T12:47:13.240+0000] {dag.py:3696} INFO - Setting next_dagrun for example_short_circuit_operator to 2023-09-16T12:47:13.240374+00:00, run_after=2023-09-17T12:47:13.240374+00:00
[2023-09-17T12:47:13.287+0000] {processor.py:179} INFO - Processing /home/airflow/.local/lib/python3.8/site-packages/airflow/example_dags/example_short_circuit_operator.py took 0.170 seconds
[2023-09-17T12:47:43.760+0000] {processor.py:157} INFO - Started process (PID=826) to work on /home/airflow/.local/lib/python3.8/site-packages/airflow/example_dags/example_short_circuit_operator.py
[2023-09-17T12:47:43.762+0000] {processor.py:829} INFO - Processing file /home/airflow/.local/lib/python3.8/site-packages/airflow/example_dags/example_short_circuit_operator.py for tasks to queue
[2023-09-17T12:47:43.767+0000] {logging_mixin.py:151} INFO - [2023-09-17T12:47:43.766+0000] {dagbag.py:539} INFO - Filling up the DagBag from /home/airflow/.local/lib/python3.8/site-packages/airflow/example_dags/example_short_circuit_operator.py
[2023-09-17T12:47:43.780+0000] {processor.py:839} INFO - DAG(s) dict_keys(['example_short_circuit_operator']) retrieved from /home/airflow/.local/lib/python3.8/site-packages/airflow/example_dags/example_short_circuit_operator.py
[2023-09-17T12:47:43.853+0000] {logging_mixin.py:151} INFO - [2023-09-17T12:47:43.853+0000] {dag.py:2915} INFO - Sync 1 DAGs
[2023-09-17T12:47:43.897+0000] {logging_mixin.py:151} INFO - [2023-09-17T12:47:43.895+0000] {dag.py:3696} INFO - Setting next_dagrun for example_short_circuit_operator to 2023-09-16T12:47:43.894809+00:00, run_after=2023-09-17T12:47:43.894809+00:00
[2023-09-17T12:47:43.934+0000] {processor.py:179} INFO - Processing /home/airflow/.local/lib/python3.8/site-packages/airflow/example_dags/example_short_circuit_operator.py took 0.196 seconds
[2023-09-17T12:48:14.684+0000] {processor.py:157} INFO - Started process (PID=881) to work on /home/airflow/.local/lib/python3.8/site-packages/airflow/example_dags/example_short_circuit_operator.py
[2023-09-17T12:48:14.685+0000] {processor.py:829} INFO - Processing file /home/airflow/.local/lib/python3.8/site-packages/airflow/example_dags/example_short_circuit_operator.py for tasks to queue
[2023-09-17T12:48:14.688+0000] {logging_mixin.py:151} INFO - [2023-09-17T12:48:14.688+0000] {dagbag.py:539} INFO - Filling up the DagBag from /home/airflow/.local/lib/python3.8/site-packages/airflow/example_dags/example_short_circuit_operator.py
[2023-09-17T12:48:14.699+0000] {processor.py:839} INFO - DAG(s) dict_keys(['example_short_circuit_operator']) retrieved from /home/airflow/.local/lib/python3.8/site-packages/airflow/example_dags/example_short_circuit_operator.py
[2023-09-17T12:48:14.734+0000] {logging_mixin.py:151} INFO - [2023-09-17T12:48:14.734+0000] {dag.py:2915} INFO - Sync 1 DAGs
[2023-09-17T12:48:14.780+0000] {logging_mixin.py:151} INFO - [2023-09-17T12:48:14.780+0000] {dag.py:3696} INFO - Setting next_dagrun for example_short_circuit_operator to 2023-09-16T12:48:14.779812+00:00, run_after=2023-09-17T12:48:14.779812+00:00
[2023-09-17T12:48:14.933+0000] {processor.py:179} INFO - Processing /home/airflow/.local/lib/python3.8/site-packages/airflow/example_dags/example_short_circuit_operator.py took 0.253 seconds
[2023-09-17T12:48:45.358+0000] {processor.py:157} INFO - Started process (PID=936) to work on /home/airflow/.local/lib/python3.8/site-packages/airflow/example_dags/example_short_circuit_operator.py
[2023-09-17T12:48:45.359+0000] {processor.py:829} INFO - Processing file /home/airflow/.local/lib/python3.8/site-packages/airflow/example_dags/example_short_circuit_operator.py for tasks to queue
[2023-09-17T12:48:45.362+0000] {logging_mixin.py:151} INFO - [2023-09-17T12:48:45.362+0000] {dagbag.py:539} INFO - Filling up the DagBag from /home/airflow/.local/lib/python3.8/site-packages/airflow/example_dags/example_short_circuit_operator.py
[2023-09-17T12:48:45.373+0000] {processor.py:839} INFO - DAG(s) dict_keys(['example_short_circuit_operator']) retrieved from /home/airflow/.local/lib/python3.8/site-packages/airflow/example_dags/example_short_circuit_operator.py
[2023-09-17T12:48:45.403+0000] {logging_mixin.py:151} INFO - [2023-09-17T12:48:45.403+0000] {dag.py:2915} INFO - Sync 1 DAGs
[2023-09-17T12:48:45.435+0000] {logging_mixin.py:151} INFO - [2023-09-17T12:48:45.434+0000] {dag.py:3696} INFO - Setting next_dagrun for example_short_circuit_operator to 2023-09-16T12:48:45.434693+00:00, run_after=2023-09-17T12:48:45.434693+00:00
[2023-09-17T12:48:45.466+0000] {processor.py:179} INFO - Processing /home/airflow/.local/lib/python3.8/site-packages/airflow/example_dags/example_short_circuit_operator.py took 0.111 seconds
[2023-09-17T12:49:15.947+0000] {processor.py:157} INFO - Started process (PID=991) to work on /home/airflow/.local/lib/python3.8/site-packages/airflow/example_dags/example_short_circuit_operator.py
[2023-09-17T12:49:15.949+0000] {processor.py:829} INFO - Processing file /home/airflow/.local/lib/python3.8/site-packages/airflow/example_dags/example_short_circuit_operator.py for tasks to queue
[2023-09-17T12:49:15.952+0000] {logging_mixin.py:151} INFO - [2023-09-17T12:49:15.952+0000] {dagbag.py:539} INFO - Filling up the DagBag from /home/airflow/.local/lib/python3.8/site-packages/airflow/example_dags/example_short_circuit_operator.py
[2023-09-17T12:49:15.962+0000] {processor.py:839} INFO - DAG(s) dict_keys(['example_short_circuit_operator']) retrieved from /home/airflow/.local/lib/python3.8/site-packages/airflow/example_dags/example_short_circuit_operator.py
[2023-09-17T12:49:15.997+0000] {logging_mixin.py:151} INFO - [2023-09-17T12:49:15.997+0000] {dag.py:2915} INFO - Sync 1 DAGs
[2023-09-17T12:49:16.036+0000] {logging_mixin.py:151} INFO - [2023-09-17T12:49:16.036+0000] {dag.py:3696} INFO - Setting next_dagrun for example_short_circuit_operator to 2023-09-16T12:49:16.036082+00:00, run_after=2023-09-17T12:49:16.036082+00:00
[2023-09-17T12:49:16.076+0000] {processor.py:179} INFO - Processing /home/airflow/.local/lib/python3.8/site-packages/airflow/example_dags/example_short_circuit_operator.py took 0.134 seconds
[2023-09-17T12:49:46.254+0000] {processor.py:157} INFO - Started process (PID=1046) to work on /home/airflow/.local/lib/python3.8/site-packages/airflow/example_dags/example_short_circuit_operator.py
[2023-09-17T12:49:46.261+0000] {processor.py:829} INFO - Processing file /home/airflow/.local/lib/python3.8/site-packages/airflow/example_dags/example_short_circuit_operator.py for tasks to queue
[2023-09-17T12:49:46.263+0000] {logging_mixin.py:151} INFO - [2023-09-17T12:49:46.263+0000] {dagbag.py:539} INFO - Filling up the DagBag from /home/airflow/.local/lib/python3.8/site-packages/airflow/example_dags/example_short_circuit_operator.py
[2023-09-17T12:49:46.272+0000] {processor.py:839} INFO - DAG(s) dict_keys(['example_short_circuit_operator']) retrieved from /home/airflow/.local/lib/python3.8/site-packages/airflow/example_dags/example_short_circuit_operator.py
[2023-09-17T12:49:46.303+0000] {logging_mixin.py:151} INFO - [2023-09-17T12:49:46.303+0000] {dag.py:2915} INFO - Sync 1 DAGs
[2023-09-17T12:49:46.333+0000] {logging_mixin.py:151} INFO - [2023-09-17T12:49:46.333+0000] {dag.py:3696} INFO - Setting next_dagrun for example_short_circuit_operator to 2023-09-16T12:49:46.332915+00:00, run_after=2023-09-17T12:49:46.332915+00:00
[2023-09-17T12:49:46.392+0000] {processor.py:179} INFO - Processing /home/airflow/.local/lib/python3.8/site-packages/airflow/example_dags/example_short_circuit_operator.py took 0.142 seconds
[2023-09-17T12:50:17.118+0000] {processor.py:157} INFO - Started process (PID=1101) to work on /home/airflow/.local/lib/python3.8/site-packages/airflow/example_dags/example_short_circuit_operator.py
[2023-09-17T12:50:17.119+0000] {processor.py:829} INFO - Processing file /home/airflow/.local/lib/python3.8/site-packages/airflow/example_dags/example_short_circuit_operator.py for tasks to queue
[2023-09-17T12:50:17.122+0000] {logging_mixin.py:151} INFO - [2023-09-17T12:50:17.122+0000] {dagbag.py:539} INFO - Filling up the DagBag from /home/airflow/.local/lib/python3.8/site-packages/airflow/example_dags/example_short_circuit_operator.py
[2023-09-17T12:50:17.133+0000] {processor.py:839} INFO - DAG(s) dict_keys(['example_short_circuit_operator']) retrieved from /home/airflow/.local/lib/python3.8/site-packages/airflow/example_dags/example_short_circuit_operator.py
[2023-09-17T12:50:17.172+0000] {logging_mixin.py:151} INFO - [2023-09-17T12:50:17.172+0000] {dag.py:2915} INFO - Sync 1 DAGs
[2023-09-17T12:50:17.220+0000] {logging_mixin.py:151} INFO - [2023-09-17T12:50:17.219+0000] {dag.py:3696} INFO - Setting next_dagrun for example_short_circuit_operator to 2023-09-16T12:50:17.218990+00:00, run_after=2023-09-17T12:50:17.218990+00:00
[2023-09-17T12:50:17.276+0000] {processor.py:179} INFO - Processing /home/airflow/.local/lib/python3.8/site-packages/airflow/example_dags/example_short_circuit_operator.py took 0.162 seconds
[2023-09-17T12:50:47.696+0000] {processor.py:157} INFO - Started process (PID=1156) to work on /home/airflow/.local/lib/python3.8/site-packages/airflow/example_dags/example_short_circuit_operator.py
[2023-09-17T12:50:47.708+0000] {processor.py:829} INFO - Processing file /home/airflow/.local/lib/python3.8/site-packages/airflow/example_dags/example_short_circuit_operator.py for tasks to queue
[2023-09-17T12:50:47.713+0000] {logging_mixin.py:151} INFO - [2023-09-17T12:50:47.713+0000] {dagbag.py:539} INFO - Filling up the DagBag from /home/airflow/.local/lib/python3.8/site-packages/airflow/example_dags/example_short_circuit_operator.py
[2023-09-17T12:50:47.730+0000] {processor.py:839} INFO - DAG(s) dict_keys(['example_short_circuit_operator']) retrieved from /home/airflow/.local/lib/python3.8/site-packages/airflow/example_dags/example_short_circuit_operator.py
[2023-09-17T12:50:47.780+0000] {logging_mixin.py:151} INFO - [2023-09-17T12:50:47.779+0000] {dag.py:2915} INFO - Sync 1 DAGs
[2023-09-17T12:50:47.825+0000] {logging_mixin.py:151} INFO - [2023-09-17T12:50:47.825+0000] {dag.py:3696} INFO - Setting next_dagrun for example_short_circuit_operator to 2023-09-16T12:50:47.824926+00:00, run_after=2023-09-17T12:50:47.824926+00:00
[2023-09-17T12:50:47.887+0000] {processor.py:179} INFO - Processing /home/airflow/.local/lib/python3.8/site-packages/airflow/example_dags/example_short_circuit_operator.py took 0.195 seconds
[2023-09-17T12:51:18.907+0000] {processor.py:157} INFO - Started process (PID=1210) to work on /home/airflow/.local/lib/python3.8/site-packages/airflow/example_dags/example_short_circuit_operator.py
[2023-09-17T12:51:18.914+0000] {processor.py:829} INFO - Processing file /home/airflow/.local/lib/python3.8/site-packages/airflow/example_dags/example_short_circuit_operator.py for tasks to queue
[2023-09-17T12:51:18.923+0000] {logging_mixin.py:151} INFO - [2023-09-17T12:51:18.923+0000] {dagbag.py:539} INFO - Filling up the DagBag from /home/airflow/.local/lib/python3.8/site-packages/airflow/example_dags/example_short_circuit_operator.py
[2023-09-17T12:51:18.983+0000] {processor.py:839} INFO - DAG(s) dict_keys(['example_short_circuit_operator']) retrieved from /home/airflow/.local/lib/python3.8/site-packages/airflow/example_dags/example_short_circuit_operator.py
[2023-09-17T12:51:19.106+0000] {logging_mixin.py:151} INFO - [2023-09-17T12:51:19.105+0000] {dag.py:2915} INFO - Sync 1 DAGs
[2023-09-17T12:51:19.226+0000] {logging_mixin.py:151} INFO - [2023-09-17T12:51:19.226+0000] {dag.py:3696} INFO - Setting next_dagrun for example_short_circuit_operator to 2023-09-16T12:51:19.225901+00:00, run_after=2023-09-17T12:51:19.225901+00:00
[2023-09-17T12:51:19.336+0000] {processor.py:179} INFO - Processing /home/airflow/.local/lib/python3.8/site-packages/airflow/example_dags/example_short_circuit_operator.py took 0.435 seconds
[2023-09-17T12:51:50.141+0000] {processor.py:157} INFO - Started process (PID=1264) to work on /home/airflow/.local/lib/python3.8/site-packages/airflow/example_dags/example_short_circuit_operator.py
[2023-09-17T12:51:50.146+0000] {processor.py:829} INFO - Processing file /home/airflow/.local/lib/python3.8/site-packages/airflow/example_dags/example_short_circuit_operator.py for tasks to queue
[2023-09-17T12:51:50.154+0000] {logging_mixin.py:151} INFO - [2023-09-17T12:51:50.153+0000] {dagbag.py:539} INFO - Filling up the DagBag from /home/airflow/.local/lib/python3.8/site-packages/airflow/example_dags/example_short_circuit_operator.py
[2023-09-17T12:51:50.171+0000] {processor.py:839} INFO - DAG(s) dict_keys(['example_short_circuit_operator']) retrieved from /home/airflow/.local/lib/python3.8/site-packages/airflow/example_dags/example_short_circuit_operator.py
[2023-09-17T12:51:50.227+0000] {logging_mixin.py:151} INFO - [2023-09-17T12:51:50.226+0000] {dag.py:2915} INFO - Sync 1 DAGs
[2023-09-17T12:51:50.289+0000] {logging_mixin.py:151} INFO - [2023-09-17T12:51:50.288+0000] {dag.py:3696} INFO - Setting next_dagrun for example_short_circuit_operator to 2023-09-16T12:51:50.284593+00:00, run_after=2023-09-17T12:51:50.284593+00:00
[2023-09-17T12:51:50.340+0000] {processor.py:179} INFO - Processing /home/airflow/.local/lib/python3.8/site-packages/airflow/example_dags/example_short_circuit_operator.py took 0.209 seconds
[2023-09-17T12:52:20.512+0000] {processor.py:157} INFO - Started process (PID=1320) to work on /home/airflow/.local/lib/python3.8/site-packages/airflow/example_dags/example_short_circuit_operator.py
[2023-09-17T12:52:20.513+0000] {processor.py:829} INFO - Processing file /home/airflow/.local/lib/python3.8/site-packages/airflow/example_dags/example_short_circuit_operator.py for tasks to queue
[2023-09-17T12:52:20.521+0000] {logging_mixin.py:151} INFO - [2023-09-17T12:52:20.521+0000] {dagbag.py:539} INFO - Filling up the DagBag from /home/airflow/.local/lib/python3.8/site-packages/airflow/example_dags/example_short_circuit_operator.py
[2023-09-17T12:52:20.537+0000] {processor.py:839} INFO - DAG(s) dict_keys(['example_short_circuit_operator']) retrieved from /home/airflow/.local/lib/python3.8/site-packages/airflow/example_dags/example_short_circuit_operator.py
[2023-09-17T12:52:20.613+0000] {logging_mixin.py:151} INFO - [2023-09-17T12:52:20.612+0000] {dag.py:2915} INFO - Sync 1 DAGs
[2023-09-17T12:52:20.676+0000] {logging_mixin.py:151} INFO - [2023-09-17T12:52:20.675+0000] {dag.py:3696} INFO - Setting next_dagrun for example_short_circuit_operator to 2023-09-16T12:52:20.674617+00:00, run_after=2023-09-17T12:52:20.674617+00:00
[2023-09-17T12:52:20.739+0000] {processor.py:179} INFO - Processing /home/airflow/.local/lib/python3.8/site-packages/airflow/example_dags/example_short_circuit_operator.py took 0.234 seconds
[2023-09-17T12:52:51.103+0000] {processor.py:157} INFO - Started process (PID=1375) to work on /home/airflow/.local/lib/python3.8/site-packages/airflow/example_dags/example_short_circuit_operator.py
[2023-09-17T12:52:51.111+0000] {processor.py:829} INFO - Processing file /home/airflow/.local/lib/python3.8/site-packages/airflow/example_dags/example_short_circuit_operator.py for tasks to queue
[2023-09-17T12:52:51.116+0000] {logging_mixin.py:151} INFO - [2023-09-17T12:52:51.115+0000] {dagbag.py:539} INFO - Filling up the DagBag from /home/airflow/.local/lib/python3.8/site-packages/airflow/example_dags/example_short_circuit_operator.py
[2023-09-17T12:52:51.134+0000] {processor.py:839} INFO - DAG(s) dict_keys(['example_short_circuit_operator']) retrieved from /home/airflow/.local/lib/python3.8/site-packages/airflow/example_dags/example_short_circuit_operator.py
[2023-09-17T12:52:51.250+0000] {logging_mixin.py:151} INFO - [2023-09-17T12:52:51.250+0000] {dag.py:2915} INFO - Sync 1 DAGs
[2023-09-17T12:52:51.405+0000] {logging_mixin.py:151} INFO - [2023-09-17T12:52:51.404+0000] {dag.py:3696} INFO - Setting next_dagrun for example_short_circuit_operator to 2023-09-16T12:52:51.403867+00:00, run_after=2023-09-17T12:52:51.403867+00:00
[2023-09-17T12:52:51.701+0000] {processor.py:179} INFO - Processing /home/airflow/.local/lib/python3.8/site-packages/airflow/example_dags/example_short_circuit_operator.py took 0.604 seconds
