[2023-09-17T12:40:42.801+0000] {processor.py:157} INFO - Started process (PID=65) to work on /home/airflow/.local/lib/python3.8/site-packages/airflow/example_dags/example_nested_branch_dag.py
[2023-09-17T12:40:42.802+0000] {processor.py:829} INFO - Processing file /home/airflow/.local/lib/python3.8/site-packages/airflow/example_dags/example_nested_branch_dag.py for tasks to queue
[2023-09-17T12:40:42.807+0000] {logging_mixin.py:151} INFO - [2023-09-17T12:40:42.806+0000] {dagbag.py:539} INFO - Filling up the DagBag from /home/airflow/.local/lib/python3.8/site-packages/airflow/example_dags/example_nested_branch_dag.py
[2023-09-17T12:40:42.825+0000] {processor.py:839} INFO - DAG(s) dict_keys(['example_nested_branch_dag']) retrieved from /home/airflow/.local/lib/python3.8/site-packages/airflow/example_dags/example_nested_branch_dag.py
[2023-09-17T12:40:43.144+0000] {logging_mixin.py:151} INFO - [2023-09-17T12:40:43.143+0000] {manager.py:499} INFO - Created Permission View: %s
[2023-09-17T12:40:43.263+0000] {logging_mixin.py:151} INFO - [2023-09-17T12:40:43.262+0000] {manager.py:499} INFO - Created Permission View: %s
[2023-09-17T12:40:43.333+0000] {logging_mixin.py:151} INFO - [2023-09-17T12:40:43.333+0000] {manager.py:499} INFO - Created Permission View: %s
[2023-09-17T12:40:43.333+0000] {logging_mixin.py:151} INFO - [2023-09-17T12:40:43.333+0000] {security.py:708} INFO - Not syncing DAG-level permissions for DAG 'DAG:example_nested_branch_dag' as access control is unset.
[2023-09-17T12:40:43.334+0000] {logging_mixin.py:151} INFO - [2023-09-17T12:40:43.333+0000] {dag.py:2915} INFO - Sync 1 DAGs
[2023-09-17T12:40:43.355+0000] {logging_mixin.py:151} INFO - [2023-09-17T12:40:43.354+0000] {dag.py:2937} INFO - Creating ORM DAG for example_nested_branch_dag
[2023-09-17T12:40:43.416+0000] {logging_mixin.py:151} INFO - [2023-09-17T12:40:43.416+0000] {dag.py:3696} INFO - Setting next_dagrun for example_nested_branch_dag to 2023-09-16T00:00:00+00:00, run_after=2023-09-17T00:00:00+00:00
[2023-09-17T12:40:43.501+0000] {processor.py:179} INFO - Processing /home/airflow/.local/lib/python3.8/site-packages/airflow/example_dags/example_nested_branch_dag.py took 0.704 seconds
[2023-09-17T12:41:13.677+0000] {processor.py:157} INFO - Started process (PID=120) to work on /home/airflow/.local/lib/python3.8/site-packages/airflow/example_dags/example_nested_branch_dag.py
[2023-09-17T12:41:13.702+0000] {processor.py:829} INFO - Processing file /home/airflow/.local/lib/python3.8/site-packages/airflow/example_dags/example_nested_branch_dag.py for tasks to queue
[2023-09-17T12:41:13.705+0000] {logging_mixin.py:151} INFO - [2023-09-17T12:41:13.705+0000] {dagbag.py:539} INFO - Filling up the DagBag from /home/airflow/.local/lib/python3.8/site-packages/airflow/example_dags/example_nested_branch_dag.py
[2023-09-17T12:41:13.731+0000] {processor.py:839} INFO - DAG(s) dict_keys(['example_nested_branch_dag']) retrieved from /home/airflow/.local/lib/python3.8/site-packages/airflow/example_dags/example_nested_branch_dag.py
[2023-09-17T12:41:13.807+0000] {logging_mixin.py:151} INFO - [2023-09-17T12:41:13.806+0000] {dag.py:2915} INFO - Sync 1 DAGs
[2023-09-17T12:41:13.879+0000] {logging_mixin.py:151} INFO - [2023-09-17T12:41:13.878+0000] {dag.py:3696} INFO - Setting next_dagrun for example_nested_branch_dag to 2023-09-16T00:00:00+00:00, run_after=2023-09-17T00:00:00+00:00
[2023-09-17T12:41:13.932+0000] {processor.py:179} INFO - Processing /home/airflow/.local/lib/python3.8/site-packages/airflow/example_dags/example_nested_branch_dag.py took 0.264 seconds
[2023-09-17T12:41:44.424+0000] {processor.py:157} INFO - Started process (PID=175) to work on /home/airflow/.local/lib/python3.8/site-packages/airflow/example_dags/example_nested_branch_dag.py
[2023-09-17T12:41:44.425+0000] {processor.py:829} INFO - Processing file /home/airflow/.local/lib/python3.8/site-packages/airflow/example_dags/example_nested_branch_dag.py for tasks to queue
[2023-09-17T12:41:44.428+0000] {logging_mixin.py:151} INFO - [2023-09-17T12:41:44.427+0000] {dagbag.py:539} INFO - Filling up the DagBag from /home/airflow/.local/lib/python3.8/site-packages/airflow/example_dags/example_nested_branch_dag.py
[2023-09-17T12:41:44.447+0000] {processor.py:839} INFO - DAG(s) dict_keys(['example_nested_branch_dag']) retrieved from /home/airflow/.local/lib/python3.8/site-packages/airflow/example_dags/example_nested_branch_dag.py
[2023-09-17T12:41:44.483+0000] {logging_mixin.py:151} INFO - [2023-09-17T12:41:44.482+0000] {dag.py:2915} INFO - Sync 1 DAGs
[2023-09-17T12:41:44.526+0000] {logging_mixin.py:151} INFO - [2023-09-17T12:41:44.525+0000] {dag.py:3696} INFO - Setting next_dagrun for example_nested_branch_dag to 2023-09-16T00:00:00+00:00, run_after=2023-09-17T00:00:00+00:00
[2023-09-17T12:41:44.562+0000] {processor.py:179} INFO - Processing /home/airflow/.local/lib/python3.8/site-packages/airflow/example_dags/example_nested_branch_dag.py took 0.142 seconds
[2023-09-17T12:42:15.520+0000] {processor.py:157} INFO - Started process (PID=230) to work on /home/airflow/.local/lib/python3.8/site-packages/airflow/example_dags/example_nested_branch_dag.py
[2023-09-17T12:42:15.521+0000] {processor.py:829} INFO - Processing file /home/airflow/.local/lib/python3.8/site-packages/airflow/example_dags/example_nested_branch_dag.py for tasks to queue
[2023-09-17T12:42:15.524+0000] {logging_mixin.py:151} INFO - [2023-09-17T12:42:15.523+0000] {dagbag.py:539} INFO - Filling up the DagBag from /home/airflow/.local/lib/python3.8/site-packages/airflow/example_dags/example_nested_branch_dag.py
[2023-09-17T12:42:15.537+0000] {processor.py:839} INFO - DAG(s) dict_keys(['example_nested_branch_dag']) retrieved from /home/airflow/.local/lib/python3.8/site-packages/airflow/example_dags/example_nested_branch_dag.py
[2023-09-17T12:42:15.568+0000] {logging_mixin.py:151} INFO - [2023-09-17T12:42:15.568+0000] {dag.py:2915} INFO - Sync 1 DAGs
[2023-09-17T12:42:15.603+0000] {logging_mixin.py:151} INFO - [2023-09-17T12:42:15.603+0000] {dag.py:3696} INFO - Setting next_dagrun for example_nested_branch_dag to 2023-09-16T00:00:00+00:00, run_after=2023-09-17T00:00:00+00:00
[2023-09-17T12:42:15.635+0000] {processor.py:179} INFO - Processing /home/airflow/.local/lib/python3.8/site-packages/airflow/example_dags/example_nested_branch_dag.py took 0.119 seconds
[2023-09-17T12:42:46.092+0000] {processor.py:157} INFO - Started process (PID=285) to work on /home/airflow/.local/lib/python3.8/site-packages/airflow/example_dags/example_nested_branch_dag.py
[2023-09-17T12:42:46.093+0000] {processor.py:829} INFO - Processing file /home/airflow/.local/lib/python3.8/site-packages/airflow/example_dags/example_nested_branch_dag.py for tasks to queue
[2023-09-17T12:42:46.095+0000] {logging_mixin.py:151} INFO - [2023-09-17T12:42:46.095+0000] {dagbag.py:539} INFO - Filling up the DagBag from /home/airflow/.local/lib/python3.8/site-packages/airflow/example_dags/example_nested_branch_dag.py
[2023-09-17T12:42:46.110+0000] {processor.py:839} INFO - DAG(s) dict_keys(['example_nested_branch_dag']) retrieved from /home/airflow/.local/lib/python3.8/site-packages/airflow/example_dags/example_nested_branch_dag.py
[2023-09-17T12:42:46.148+0000] {logging_mixin.py:151} INFO - [2023-09-17T12:42:46.148+0000] {dag.py:2915} INFO - Sync 1 DAGs
[2023-09-17T12:42:46.184+0000] {logging_mixin.py:151} INFO - [2023-09-17T12:42:46.184+0000] {dag.py:3696} INFO - Setting next_dagrun for example_nested_branch_dag to 2023-09-16T00:00:00+00:00, run_after=2023-09-17T00:00:00+00:00
[2023-09-17T12:42:46.255+0000] {processor.py:179} INFO - Processing /home/airflow/.local/lib/python3.8/site-packages/airflow/example_dags/example_nested_branch_dag.py took 0.167 seconds
[2023-09-17T12:43:16.856+0000] {processor.py:157} INFO - Started process (PID=340) to work on /home/airflow/.local/lib/python3.8/site-packages/airflow/example_dags/example_nested_branch_dag.py
[2023-09-17T12:43:16.859+0000] {processor.py:829} INFO - Processing file /home/airflow/.local/lib/python3.8/site-packages/airflow/example_dags/example_nested_branch_dag.py for tasks to queue
[2023-09-17T12:43:16.865+0000] {logging_mixin.py:151} INFO - [2023-09-17T12:43:16.865+0000] {dagbag.py:539} INFO - Filling up the DagBag from /home/airflow/.local/lib/python3.8/site-packages/airflow/example_dags/example_nested_branch_dag.py
[2023-09-17T12:43:16.886+0000] {processor.py:839} INFO - DAG(s) dict_keys(['example_nested_branch_dag']) retrieved from /home/airflow/.local/lib/python3.8/site-packages/airflow/example_dags/example_nested_branch_dag.py
[2023-09-17T12:43:16.945+0000] {logging_mixin.py:151} INFO - [2023-09-17T12:43:16.945+0000] {dag.py:2915} INFO - Sync 1 DAGs
[2023-09-17T12:43:16.984+0000] {logging_mixin.py:151} INFO - [2023-09-17T12:43:16.984+0000] {dag.py:3696} INFO - Setting next_dagrun for example_nested_branch_dag to 2023-09-16T00:00:00+00:00, run_after=2023-09-17T00:00:00+00:00
[2023-09-17T12:43:17.017+0000] {processor.py:179} INFO - Processing /home/airflow/.local/lib/python3.8/site-packages/airflow/example_dags/example_nested_branch_dag.py took 0.167 seconds
[2023-09-17T12:43:47.212+0000] {processor.py:157} INFO - Started process (PID=394) to work on /home/airflow/.local/lib/python3.8/site-packages/airflow/example_dags/example_nested_branch_dag.py
[2023-09-17T12:43:47.213+0000] {processor.py:829} INFO - Processing file /home/airflow/.local/lib/python3.8/site-packages/airflow/example_dags/example_nested_branch_dag.py for tasks to queue
[2023-09-17T12:43:47.220+0000] {logging_mixin.py:151} INFO - [2023-09-17T12:43:47.219+0000] {dagbag.py:539} INFO - Filling up the DagBag from /home/airflow/.local/lib/python3.8/site-packages/airflow/example_dags/example_nested_branch_dag.py
[2023-09-17T12:43:47.254+0000] {processor.py:839} INFO - DAG(s) dict_keys(['example_nested_branch_dag']) retrieved from /home/airflow/.local/lib/python3.8/site-packages/airflow/example_dags/example_nested_branch_dag.py
[2023-09-17T12:43:47.293+0000] {logging_mixin.py:151} INFO - [2023-09-17T12:43:47.293+0000] {dag.py:2915} INFO - Sync 1 DAGs
[2023-09-17T12:43:47.365+0000] {logging_mixin.py:151} INFO - [2023-09-17T12:43:47.363+0000] {dag.py:3696} INFO - Setting next_dagrun for example_nested_branch_dag to 2023-09-16T00:00:00+00:00, run_after=2023-09-17T00:00:00+00:00
[2023-09-17T12:43:47.464+0000] {processor.py:179} INFO - Processing /home/airflow/.local/lib/python3.8/site-packages/airflow/example_dags/example_nested_branch_dag.py took 0.265 seconds
[2023-09-17T12:44:18.074+0000] {processor.py:157} INFO - Started process (PID=450) to work on /home/airflow/.local/lib/python3.8/site-packages/airflow/example_dags/example_nested_branch_dag.py
[2023-09-17T12:44:18.085+0000] {processor.py:829} INFO - Processing file /home/airflow/.local/lib/python3.8/site-packages/airflow/example_dags/example_nested_branch_dag.py for tasks to queue
[2023-09-17T12:44:18.090+0000] {logging_mixin.py:151} INFO - [2023-09-17T12:44:18.090+0000] {dagbag.py:539} INFO - Filling up the DagBag from /home/airflow/.local/lib/python3.8/site-packages/airflow/example_dags/example_nested_branch_dag.py
[2023-09-17T12:44:18.114+0000] {processor.py:839} INFO - DAG(s) dict_keys(['example_nested_branch_dag']) retrieved from /home/airflow/.local/lib/python3.8/site-packages/airflow/example_dags/example_nested_branch_dag.py
[2023-09-17T12:44:18.178+0000] {logging_mixin.py:151} INFO - [2023-09-17T12:44:18.177+0000] {dag.py:2915} INFO - Sync 1 DAGs
[2023-09-17T12:44:18.230+0000] {logging_mixin.py:151} INFO - [2023-09-17T12:44:18.230+0000] {dag.py:3696} INFO - Setting next_dagrun for example_nested_branch_dag to 2023-09-16T00:00:00+00:00, run_after=2023-09-17T00:00:00+00:00
[2023-09-17T12:44:18.298+0000] {processor.py:179} INFO - Processing /home/airflow/.local/lib/python3.8/site-packages/airflow/example_dags/example_nested_branch_dag.py took 0.232 seconds
[2023-09-17T12:44:48.796+0000] {processor.py:157} INFO - Started process (PID=505) to work on /home/airflow/.local/lib/python3.8/site-packages/airflow/example_dags/example_nested_branch_dag.py
[2023-09-17T12:44:48.797+0000] {processor.py:829} INFO - Processing file /home/airflow/.local/lib/python3.8/site-packages/airflow/example_dags/example_nested_branch_dag.py for tasks to queue
[2023-09-17T12:44:48.801+0000] {logging_mixin.py:151} INFO - [2023-09-17T12:44:48.801+0000] {dagbag.py:539} INFO - Filling up the DagBag from /home/airflow/.local/lib/python3.8/site-packages/airflow/example_dags/example_nested_branch_dag.py
[2023-09-17T12:44:48.818+0000] {processor.py:839} INFO - DAG(s) dict_keys(['example_nested_branch_dag']) retrieved from /home/airflow/.local/lib/python3.8/site-packages/airflow/example_dags/example_nested_branch_dag.py
[2023-09-17T12:44:48.864+0000] {logging_mixin.py:151} INFO - [2023-09-17T12:44:48.864+0000] {dag.py:2915} INFO - Sync 1 DAGs
[2023-09-17T12:44:48.915+0000] {logging_mixin.py:151} INFO - [2023-09-17T12:44:48.915+0000] {dag.py:3696} INFO - Setting next_dagrun for example_nested_branch_dag to 2023-09-16T00:00:00+00:00, run_after=2023-09-17T00:00:00+00:00
[2023-09-17T12:44:48.961+0000] {processor.py:179} INFO - Processing /home/airflow/.local/lib/python3.8/site-packages/airflow/example_dags/example_nested_branch_dag.py took 0.170 seconds
[2023-09-17T12:45:19.114+0000] {processor.py:157} INFO - Started process (PID=561) to work on /home/airflow/.local/lib/python3.8/site-packages/airflow/example_dags/example_nested_branch_dag.py
[2023-09-17T12:45:19.123+0000] {processor.py:829} INFO - Processing file /home/airflow/.local/lib/python3.8/site-packages/airflow/example_dags/example_nested_branch_dag.py for tasks to queue
[2023-09-17T12:45:19.141+0000] {logging_mixin.py:151} INFO - [2023-09-17T12:45:19.140+0000] {dagbag.py:539} INFO - Filling up the DagBag from /home/airflow/.local/lib/python3.8/site-packages/airflow/example_dags/example_nested_branch_dag.py
[2023-09-17T12:45:19.218+0000] {processor.py:839} INFO - DAG(s) dict_keys(['example_nested_branch_dag']) retrieved from /home/airflow/.local/lib/python3.8/site-packages/airflow/example_dags/example_nested_branch_dag.py
[2023-09-17T12:45:19.378+0000] {logging_mixin.py:151} INFO - [2023-09-17T12:45:19.372+0000] {dag.py:2915} INFO - Sync 1 DAGs
[2023-09-17T12:45:19.525+0000] {logging_mixin.py:151} INFO - [2023-09-17T12:45:19.524+0000] {dag.py:3696} INFO - Setting next_dagrun for example_nested_branch_dag to 2023-09-16T00:00:00+00:00, run_after=2023-09-17T00:00:00+00:00
[2023-09-17T12:45:19.648+0000] {processor.py:179} INFO - Processing /home/airflow/.local/lib/python3.8/site-packages/airflow/example_dags/example_nested_branch_dag.py took 0.572 seconds
[2023-09-17T12:45:50.373+0000] {processor.py:157} INFO - Started process (PID=616) to work on /home/airflow/.local/lib/python3.8/site-packages/airflow/example_dags/example_nested_branch_dag.py
[2023-09-17T12:45:50.394+0000] {processor.py:829} INFO - Processing file /home/airflow/.local/lib/python3.8/site-packages/airflow/example_dags/example_nested_branch_dag.py for tasks to queue
[2023-09-17T12:45:50.398+0000] {logging_mixin.py:151} INFO - [2023-09-17T12:45:50.397+0000] {dagbag.py:539} INFO - Filling up the DagBag from /home/airflow/.local/lib/python3.8/site-packages/airflow/example_dags/example_nested_branch_dag.py
[2023-09-17T12:45:50.419+0000] {processor.py:839} INFO - DAG(s) dict_keys(['example_nested_branch_dag']) retrieved from /home/airflow/.local/lib/python3.8/site-packages/airflow/example_dags/example_nested_branch_dag.py
[2023-09-17T12:45:50.464+0000] {logging_mixin.py:151} INFO - [2023-09-17T12:45:50.464+0000] {dag.py:2915} INFO - Sync 1 DAGs
[2023-09-17T12:45:50.520+0000] {logging_mixin.py:151} INFO - [2023-09-17T12:45:50.520+0000] {dag.py:3696} INFO - Setting next_dagrun for example_nested_branch_dag to 2023-09-16T00:00:00+00:00, run_after=2023-09-17T00:00:00+00:00
[2023-09-17T12:45:50.560+0000] {processor.py:179} INFO - Processing /home/airflow/.local/lib/python3.8/site-packages/airflow/example_dags/example_nested_branch_dag.py took 0.195 seconds
[2023-09-17T12:46:20.761+0000] {processor.py:157} INFO - Started process (PID=671) to work on /home/airflow/.local/lib/python3.8/site-packages/airflow/example_dags/example_nested_branch_dag.py
[2023-09-17T12:46:20.762+0000] {processor.py:829} INFO - Processing file /home/airflow/.local/lib/python3.8/site-packages/airflow/example_dags/example_nested_branch_dag.py for tasks to queue
[2023-09-17T12:46:20.765+0000] {logging_mixin.py:151} INFO - [2023-09-17T12:46:20.765+0000] {dagbag.py:539} INFO - Filling up the DagBag from /home/airflow/.local/lib/python3.8/site-packages/airflow/example_dags/example_nested_branch_dag.py
[2023-09-17T12:46:20.783+0000] {processor.py:839} INFO - DAG(s) dict_keys(['example_nested_branch_dag']) retrieved from /home/airflow/.local/lib/python3.8/site-packages/airflow/example_dags/example_nested_branch_dag.py
[2023-09-17T12:46:20.830+0000] {logging_mixin.py:151} INFO - [2023-09-17T12:46:20.829+0000] {dag.py:2915} INFO - Sync 1 DAGs
[2023-09-17T12:46:20.880+0000] {logging_mixin.py:151} INFO - [2023-09-17T12:46:20.879+0000] {dag.py:3696} INFO - Setting next_dagrun for example_nested_branch_dag to 2023-09-16T00:00:00+00:00, run_after=2023-09-17T00:00:00+00:00
[2023-09-17T12:46:20.923+0000] {processor.py:179} INFO - Processing /home/airflow/.local/lib/python3.8/site-packages/airflow/example_dags/example_nested_branch_dag.py took 0.169 seconds
[2023-09-17T12:46:51.334+0000] {processor.py:157} INFO - Started process (PID=727) to work on /home/airflow/.local/lib/python3.8/site-packages/airflow/example_dags/example_nested_branch_dag.py
[2023-09-17T12:46:51.351+0000] {processor.py:829} INFO - Processing file /home/airflow/.local/lib/python3.8/site-packages/airflow/example_dags/example_nested_branch_dag.py for tasks to queue
[2023-09-17T12:46:51.353+0000] {logging_mixin.py:151} INFO - [2023-09-17T12:46:51.353+0000] {dagbag.py:539} INFO - Filling up the DagBag from /home/airflow/.local/lib/python3.8/site-packages/airflow/example_dags/example_nested_branch_dag.py
[2023-09-17T12:46:51.369+0000] {processor.py:839} INFO - DAG(s) dict_keys(['example_nested_branch_dag']) retrieved from /home/airflow/.local/lib/python3.8/site-packages/airflow/example_dags/example_nested_branch_dag.py
[2023-09-17T12:46:51.400+0000] {logging_mixin.py:151} INFO - [2023-09-17T12:46:51.399+0000] {dag.py:2915} INFO - Sync 1 DAGs
[2023-09-17T12:46:51.438+0000] {logging_mixin.py:151} INFO - [2023-09-17T12:46:51.438+0000] {dag.py:3696} INFO - Setting next_dagrun for example_nested_branch_dag to 2023-09-16T00:00:00+00:00, run_after=2023-09-17T00:00:00+00:00
[2023-09-17T12:46:51.473+0000] {processor.py:179} INFO - Processing /home/airflow/.local/lib/python3.8/site-packages/airflow/example_dags/example_nested_branch_dag.py took 0.143 seconds
[2023-09-17T12:47:21.872+0000] {processor.py:157} INFO - Started process (PID=783) to work on /home/airflow/.local/lib/python3.8/site-packages/airflow/example_dags/example_nested_branch_dag.py
[2023-09-17T12:47:21.873+0000] {processor.py:829} INFO - Processing file /home/airflow/.local/lib/python3.8/site-packages/airflow/example_dags/example_nested_branch_dag.py for tasks to queue
[2023-09-17T12:47:21.877+0000] {logging_mixin.py:151} INFO - [2023-09-17T12:47:21.876+0000] {dagbag.py:539} INFO - Filling up the DagBag from /home/airflow/.local/lib/python3.8/site-packages/airflow/example_dags/example_nested_branch_dag.py
[2023-09-17T12:47:21.894+0000] {processor.py:839} INFO - DAG(s) dict_keys(['example_nested_branch_dag']) retrieved from /home/airflow/.local/lib/python3.8/site-packages/airflow/example_dags/example_nested_branch_dag.py
[2023-09-17T12:47:21.940+0000] {logging_mixin.py:151} INFO - [2023-09-17T12:47:21.940+0000] {dag.py:2915} INFO - Sync 1 DAGs
[2023-09-17T12:47:21.981+0000] {logging_mixin.py:151} INFO - [2023-09-17T12:47:21.981+0000] {dag.py:3696} INFO - Setting next_dagrun for example_nested_branch_dag to 2023-09-16T00:00:00+00:00, run_after=2023-09-17T00:00:00+00:00
[2023-09-17T12:47:22.017+0000] {processor.py:179} INFO - Processing /home/airflow/.local/lib/python3.8/site-packages/airflow/example_dags/example_nested_branch_dag.py took 0.150 seconds
[2023-09-17T12:47:52.197+0000] {processor.py:157} INFO - Started process (PID=838) to work on /home/airflow/.local/lib/python3.8/site-packages/airflow/example_dags/example_nested_branch_dag.py
[2023-09-17T12:47:52.222+0000] {processor.py:829} INFO - Processing file /home/airflow/.local/lib/python3.8/site-packages/airflow/example_dags/example_nested_branch_dag.py for tasks to queue
[2023-09-17T12:47:52.227+0000] {logging_mixin.py:151} INFO - [2023-09-17T12:47:52.226+0000] {dagbag.py:539} INFO - Filling up the DagBag from /home/airflow/.local/lib/python3.8/site-packages/airflow/example_dags/example_nested_branch_dag.py
[2023-09-17T12:47:52.242+0000] {processor.py:839} INFO - DAG(s) dict_keys(['example_nested_branch_dag']) retrieved from /home/airflow/.local/lib/python3.8/site-packages/airflow/example_dags/example_nested_branch_dag.py
[2023-09-17T12:47:52.273+0000] {logging_mixin.py:151} INFO - [2023-09-17T12:47:52.273+0000] {dag.py:2915} INFO - Sync 1 DAGs
[2023-09-17T12:47:52.309+0000] {logging_mixin.py:151} INFO - [2023-09-17T12:47:52.309+0000] {dag.py:3696} INFO - Setting next_dagrun for example_nested_branch_dag to 2023-09-16T00:00:00+00:00, run_after=2023-09-17T00:00:00+00:00
[2023-09-17T12:47:52.345+0000] {processor.py:179} INFO - Processing /home/airflow/.local/lib/python3.8/site-packages/airflow/example_dags/example_nested_branch_dag.py took 0.152 seconds
[2023-09-17T12:48:22.468+0000] {processor.py:157} INFO - Started process (PID=893) to work on /home/airflow/.local/lib/python3.8/site-packages/airflow/example_dags/example_nested_branch_dag.py
[2023-09-17T12:48:22.472+0000] {processor.py:829} INFO - Processing file /home/airflow/.local/lib/python3.8/site-packages/airflow/example_dags/example_nested_branch_dag.py for tasks to queue
[2023-09-17T12:48:22.481+0000] {logging_mixin.py:151} INFO - [2023-09-17T12:48:22.481+0000] {dagbag.py:539} INFO - Filling up the DagBag from /home/airflow/.local/lib/python3.8/site-packages/airflow/example_dags/example_nested_branch_dag.py
[2023-09-17T12:48:22.514+0000] {processor.py:839} INFO - DAG(s) dict_keys(['example_nested_branch_dag']) retrieved from /home/airflow/.local/lib/python3.8/site-packages/airflow/example_dags/example_nested_branch_dag.py
[2023-09-17T12:48:22.596+0000] {logging_mixin.py:151} INFO - [2023-09-17T12:48:22.595+0000] {dag.py:2915} INFO - Sync 1 DAGs
[2023-09-17T12:48:22.664+0000] {logging_mixin.py:151} INFO - [2023-09-17T12:48:22.664+0000] {dag.py:3696} INFO - Setting next_dagrun for example_nested_branch_dag to 2023-09-16T00:00:00+00:00, run_after=2023-09-17T00:00:00+00:00
[2023-09-17T12:48:22.731+0000] {processor.py:179} INFO - Processing /home/airflow/.local/lib/python3.8/site-packages/airflow/example_dags/example_nested_branch_dag.py took 0.278 seconds
[2023-09-17T12:48:52.841+0000] {processor.py:157} INFO - Started process (PID=949) to work on /home/airflow/.local/lib/python3.8/site-packages/airflow/example_dags/example_nested_branch_dag.py
[2023-09-17T12:48:52.842+0000] {processor.py:829} INFO - Processing file /home/airflow/.local/lib/python3.8/site-packages/airflow/example_dags/example_nested_branch_dag.py for tasks to queue
[2023-09-17T12:48:52.846+0000] {logging_mixin.py:151} INFO - [2023-09-17T12:48:52.845+0000] {dagbag.py:539} INFO - Filling up the DagBag from /home/airflow/.local/lib/python3.8/site-packages/airflow/example_dags/example_nested_branch_dag.py
[2023-09-17T12:48:52.864+0000] {processor.py:839} INFO - DAG(s) dict_keys(['example_nested_branch_dag']) retrieved from /home/airflow/.local/lib/python3.8/site-packages/airflow/example_dags/example_nested_branch_dag.py
[2023-09-17T12:48:52.909+0000] {logging_mixin.py:151} INFO - [2023-09-17T12:48:52.909+0000] {dag.py:2915} INFO - Sync 1 DAGs
[2023-09-17T12:48:52.969+0000] {logging_mixin.py:151} INFO - [2023-09-17T12:48:52.969+0000] {dag.py:3696} INFO - Setting next_dagrun for example_nested_branch_dag to 2023-09-16T00:00:00+00:00, run_after=2023-09-17T00:00:00+00:00
[2023-09-17T12:48:53.036+0000] {processor.py:179} INFO - Processing /home/airflow/.local/lib/python3.8/site-packages/airflow/example_dags/example_nested_branch_dag.py took 0.199 seconds
[2023-09-17T12:49:23.270+0000] {processor.py:157} INFO - Started process (PID=1004) to work on /home/airflow/.local/lib/python3.8/site-packages/airflow/example_dags/example_nested_branch_dag.py
[2023-09-17T12:49:23.271+0000] {processor.py:829} INFO - Processing file /home/airflow/.local/lib/python3.8/site-packages/airflow/example_dags/example_nested_branch_dag.py for tasks to queue
[2023-09-17T12:49:23.283+0000] {logging_mixin.py:151} INFO - [2023-09-17T12:49:23.279+0000] {dagbag.py:539} INFO - Filling up the DagBag from /home/airflow/.local/lib/python3.8/site-packages/airflow/example_dags/example_nested_branch_dag.py
[2023-09-17T12:49:23.319+0000] {processor.py:839} INFO - DAG(s) dict_keys(['example_nested_branch_dag']) retrieved from /home/airflow/.local/lib/python3.8/site-packages/airflow/example_dags/example_nested_branch_dag.py
[2023-09-17T12:49:23.523+0000] {logging_mixin.py:151} INFO - [2023-09-17T12:49:23.522+0000] {dag.py:2915} INFO - Sync 1 DAGs
[2023-09-17T12:49:23.622+0000] {logging_mixin.py:151} INFO - [2023-09-17T12:49:23.622+0000] {dag.py:3696} INFO - Setting next_dagrun for example_nested_branch_dag to 2023-09-16T00:00:00+00:00, run_after=2023-09-17T00:00:00+00:00
[2023-09-17T12:49:23.686+0000] {processor.py:179} INFO - Processing /home/airflow/.local/lib/python3.8/site-packages/airflow/example_dags/example_nested_branch_dag.py took 0.434 seconds
[2023-09-17T12:49:53.811+0000] {processor.py:157} INFO - Started process (PID=1058) to work on /home/airflow/.local/lib/python3.8/site-packages/airflow/example_dags/example_nested_branch_dag.py
[2023-09-17T12:49:53.813+0000] {processor.py:829} INFO - Processing file /home/airflow/.local/lib/python3.8/site-packages/airflow/example_dags/example_nested_branch_dag.py for tasks to queue
[2023-09-17T12:49:53.821+0000] {logging_mixin.py:151} INFO - [2023-09-17T12:49:53.820+0000] {dagbag.py:539} INFO - Filling up the DagBag from /home/airflow/.local/lib/python3.8/site-packages/airflow/example_dags/example_nested_branch_dag.py
[2023-09-17T12:49:53.843+0000] {processor.py:839} INFO - DAG(s) dict_keys(['example_nested_branch_dag']) retrieved from /home/airflow/.local/lib/python3.8/site-packages/airflow/example_dags/example_nested_branch_dag.py
[2023-09-17T12:49:53.926+0000] {logging_mixin.py:151} INFO - [2023-09-17T12:49:53.926+0000] {dag.py:2915} INFO - Sync 1 DAGs
[2023-09-17T12:49:53.971+0000] {logging_mixin.py:151} INFO - [2023-09-17T12:49:53.971+0000] {dag.py:3696} INFO - Setting next_dagrun for example_nested_branch_dag to 2023-09-16T00:00:00+00:00, run_after=2023-09-17T00:00:00+00:00
[2023-09-17T12:49:54.028+0000] {processor.py:179} INFO - Processing /home/airflow/.local/lib/python3.8/site-packages/airflow/example_dags/example_nested_branch_dag.py took 0.226 seconds
[2023-09-17T12:50:24.245+0000] {processor.py:157} INFO - Started process (PID=1113) to work on /home/airflow/.local/lib/python3.8/site-packages/airflow/example_dags/example_nested_branch_dag.py
[2023-09-17T12:50:24.270+0000] {processor.py:829} INFO - Processing file /home/airflow/.local/lib/python3.8/site-packages/airflow/example_dags/example_nested_branch_dag.py for tasks to queue
[2023-09-17T12:50:24.279+0000] {logging_mixin.py:151} INFO - [2023-09-17T12:50:24.277+0000] {dagbag.py:539} INFO - Filling up the DagBag from /home/airflow/.local/lib/python3.8/site-packages/airflow/example_dags/example_nested_branch_dag.py
[2023-09-17T12:50:24.316+0000] {processor.py:839} INFO - DAG(s) dict_keys(['example_nested_branch_dag']) retrieved from /home/airflow/.local/lib/python3.8/site-packages/airflow/example_dags/example_nested_branch_dag.py
[2023-09-17T12:50:24.386+0000] {logging_mixin.py:151} INFO - [2023-09-17T12:50:24.385+0000] {dag.py:2915} INFO - Sync 1 DAGs
[2023-09-17T12:50:24.494+0000] {logging_mixin.py:151} INFO - [2023-09-17T12:50:24.493+0000] {dag.py:3696} INFO - Setting next_dagrun for example_nested_branch_dag to 2023-09-16T00:00:00+00:00, run_after=2023-09-17T00:00:00+00:00
[2023-09-17T12:50:24.571+0000] {processor.py:179} INFO - Processing /home/airflow/.local/lib/python3.8/site-packages/airflow/example_dags/example_nested_branch_dag.py took 0.356 seconds
[2023-09-17T12:50:54.833+0000] {processor.py:157} INFO - Started process (PID=1168) to work on /home/airflow/.local/lib/python3.8/site-packages/airflow/example_dags/example_nested_branch_dag.py
[2023-09-17T12:50:54.834+0000] {processor.py:829} INFO - Processing file /home/airflow/.local/lib/python3.8/site-packages/airflow/example_dags/example_nested_branch_dag.py for tasks to queue
[2023-09-17T12:50:54.854+0000] {logging_mixin.py:151} INFO - [2023-09-17T12:50:54.848+0000] {dagbag.py:539} INFO - Filling up the DagBag from /home/airflow/.local/lib/python3.8/site-packages/airflow/example_dags/example_nested_branch_dag.py
[2023-09-17T12:50:54.909+0000] {processor.py:839} INFO - DAG(s) dict_keys(['example_nested_branch_dag']) retrieved from /home/airflow/.local/lib/python3.8/site-packages/airflow/example_dags/example_nested_branch_dag.py
[2023-09-17T12:50:55.099+0000] {logging_mixin.py:151} INFO - [2023-09-17T12:50:55.098+0000] {dag.py:2915} INFO - Sync 1 DAGs
[2023-09-17T12:50:55.276+0000] {logging_mixin.py:151} INFO - [2023-09-17T12:50:55.276+0000] {dag.py:3696} INFO - Setting next_dagrun for example_nested_branch_dag to 2023-09-16T00:00:00+00:00, run_after=2023-09-17T00:00:00+00:00
[2023-09-17T12:50:55.432+0000] {processor.py:179} INFO - Processing /home/airflow/.local/lib/python3.8/site-packages/airflow/example_dags/example_nested_branch_dag.py took 0.608 seconds
[2023-09-17T12:51:25.544+0000] {processor.py:157} INFO - Started process (PID=1222) to work on /home/airflow/.local/lib/python3.8/site-packages/airflow/example_dags/example_nested_branch_dag.py
[2023-09-17T12:51:25.561+0000] {processor.py:829} INFO - Processing file /home/airflow/.local/lib/python3.8/site-packages/airflow/example_dags/example_nested_branch_dag.py for tasks to queue
[2023-09-17T12:51:25.566+0000] {logging_mixin.py:151} INFO - [2023-09-17T12:51:25.565+0000] {dagbag.py:539} INFO - Filling up the DagBag from /home/airflow/.local/lib/python3.8/site-packages/airflow/example_dags/example_nested_branch_dag.py
[2023-09-17T12:51:25.587+0000] {processor.py:839} INFO - DAG(s) dict_keys(['example_nested_branch_dag']) retrieved from /home/airflow/.local/lib/python3.8/site-packages/airflow/example_dags/example_nested_branch_dag.py
[2023-09-17T12:51:25.645+0000] {logging_mixin.py:151} INFO - [2023-09-17T12:51:25.645+0000] {dag.py:2915} INFO - Sync 1 DAGs
[2023-09-17T12:51:25.698+0000] {logging_mixin.py:151} INFO - [2023-09-17T12:51:25.698+0000] {dag.py:3696} INFO - Setting next_dagrun for example_nested_branch_dag to 2023-09-16T00:00:00+00:00, run_after=2023-09-17T00:00:00+00:00
[2023-09-17T12:51:25.748+0000] {processor.py:179} INFO - Processing /home/airflow/.local/lib/python3.8/site-packages/airflow/example_dags/example_nested_branch_dag.py took 0.212 seconds
[2023-09-17T12:51:55.995+0000] {processor.py:157} INFO - Started process (PID=1276) to work on /home/airflow/.local/lib/python3.8/site-packages/airflow/example_dags/example_nested_branch_dag.py
[2023-09-17T12:51:56.013+0000] {processor.py:829} INFO - Processing file /home/airflow/.local/lib/python3.8/site-packages/airflow/example_dags/example_nested_branch_dag.py for tasks to queue
[2023-09-17T12:51:56.027+0000] {logging_mixin.py:151} INFO - [2023-09-17T12:51:56.026+0000] {dagbag.py:539} INFO - Filling up the DagBag from /home/airflow/.local/lib/python3.8/site-packages/airflow/example_dags/example_nested_branch_dag.py
[2023-09-17T12:51:56.090+0000] {processor.py:839} INFO - DAG(s) dict_keys(['example_nested_branch_dag']) retrieved from /home/airflow/.local/lib/python3.8/site-packages/airflow/example_dags/example_nested_branch_dag.py
[2023-09-17T12:51:56.177+0000] {logging_mixin.py:151} INFO - [2023-09-17T12:51:56.177+0000] {dag.py:2915} INFO - Sync 1 DAGs
[2023-09-17T12:51:56.260+0000] {logging_mixin.py:151} INFO - [2023-09-17T12:51:56.260+0000] {dag.py:3696} INFO - Setting next_dagrun for example_nested_branch_dag to 2023-09-16T00:00:00+00:00, run_after=2023-09-17T00:00:00+00:00
[2023-09-17T12:51:56.495+0000] {processor.py:179} INFO - Processing /home/airflow/.local/lib/python3.8/site-packages/airflow/example_dags/example_nested_branch_dag.py took 0.525 seconds
[2023-09-17T12:52:27.353+0000] {processor.py:157} INFO - Started process (PID=1332) to work on /home/airflow/.local/lib/python3.8/site-packages/airflow/example_dags/example_nested_branch_dag.py
[2023-09-17T12:52:27.355+0000] {processor.py:829} INFO - Processing file /home/airflow/.local/lib/python3.8/site-packages/airflow/example_dags/example_nested_branch_dag.py for tasks to queue
[2023-09-17T12:52:27.358+0000] {logging_mixin.py:151} INFO - [2023-09-17T12:52:27.358+0000] {dagbag.py:539} INFO - Filling up the DagBag from /home/airflow/.local/lib/python3.8/site-packages/airflow/example_dags/example_nested_branch_dag.py
[2023-09-17T12:52:27.379+0000] {processor.py:839} INFO - DAG(s) dict_keys(['example_nested_branch_dag']) retrieved from /home/airflow/.local/lib/python3.8/site-packages/airflow/example_dags/example_nested_branch_dag.py
[2023-09-17T12:52:27.435+0000] {logging_mixin.py:151} INFO - [2023-09-17T12:52:27.435+0000] {dag.py:2915} INFO - Sync 1 DAGs
[2023-09-17T12:52:27.493+0000] {logging_mixin.py:151} INFO - [2023-09-17T12:52:27.492+0000] {dag.py:3696} INFO - Setting next_dagrun for example_nested_branch_dag to 2023-09-16T00:00:00+00:00, run_after=2023-09-17T00:00:00+00:00
[2023-09-17T12:52:27.550+0000] {processor.py:179} INFO - Processing /home/airflow/.local/lib/python3.8/site-packages/airflow/example_dags/example_nested_branch_dag.py took 0.204 seconds
[2023-09-17T12:52:58.766+0000] {processor.py:157} INFO - Started process (PID=1387) to work on /home/airflow/.local/lib/python3.8/site-packages/airflow/example_dags/example_nested_branch_dag.py
[2023-09-17T12:52:58.825+0000] {processor.py:829} INFO - Processing file /home/airflow/.local/lib/python3.8/site-packages/airflow/example_dags/example_nested_branch_dag.py for tasks to queue
[2023-09-17T12:52:58.836+0000] {logging_mixin.py:151} INFO - [2023-09-17T12:52:58.835+0000] {dagbag.py:539} INFO - Filling up the DagBag from /home/airflow/.local/lib/python3.8/site-packages/airflow/example_dags/example_nested_branch_dag.py
[2023-09-17T12:52:58.937+0000] {processor.py:839} INFO - DAG(s) dict_keys(['example_nested_branch_dag']) retrieved from /home/airflow/.local/lib/python3.8/site-packages/airflow/example_dags/example_nested_branch_dag.py
[2023-09-17T12:52:59.098+0000] {logging_mixin.py:151} INFO - [2023-09-17T12:52:59.098+0000] {dag.py:2915} INFO - Sync 1 DAGs
[2023-09-17T12:52:59.377+0000] {logging_mixin.py:151} INFO - [2023-09-17T12:52:59.377+0000] {dag.py:3696} INFO - Setting next_dagrun for example_nested_branch_dag to 2023-09-16T00:00:00+00:00, run_after=2023-09-17T00:00:00+00:00
[2023-09-17T12:52:59.738+0000] {processor.py:179} INFO - Processing /home/airflow/.local/lib/python3.8/site-packages/airflow/example_dags/example_nested_branch_dag.py took 1.025 seconds
