[2023-09-17T12:40:50.214+0000] {processor.py:157} INFO - Started process (PID=78) to work on /home/airflow/.local/lib/python3.8/site-packages/airflow/example_dags/example_skip_dag.py
[2023-09-17T12:40:50.215+0000] {processor.py:829} INFO - Processing file /home/airflow/.local/lib/python3.8/site-packages/airflow/example_dags/example_skip_dag.py for tasks to queue
[2023-09-17T12:40:50.219+0000] {logging_mixin.py:151} INFO - [2023-09-17T12:40:50.219+0000] {dagbag.py:539} INFO - Filling up the DagBag from /home/airflow/.local/lib/python3.8/site-packages/airflow/example_dags/example_skip_dag.py
[2023-09-17T12:40:50.231+0000] {processor.py:839} INFO - DAG(s) dict_keys(['example_skip_dag']) retrieved from /home/airflow/.local/lib/python3.8/site-packages/airflow/example_dags/example_skip_dag.py
[2023-09-17T12:40:50.426+0000] {logging_mixin.py:151} INFO - [2023-09-17T12:40:50.426+0000] {manager.py:499} INFO - Created Permission View: %s
[2023-09-17T12:40:50.448+0000] {logging_mixin.py:151} INFO - [2023-09-17T12:40:50.448+0000] {manager.py:499} INFO - Created Permission View: %s
[2023-09-17T12:40:50.470+0000] {logging_mixin.py:151} INFO - [2023-09-17T12:40:50.470+0000] {manager.py:499} INFO - Created Permission View: %s
[2023-09-17T12:40:50.471+0000] {logging_mixin.py:151} INFO - [2023-09-17T12:40:50.471+0000] {security.py:708} INFO - Not syncing DAG-level permissions for DAG 'DAG:example_skip_dag' as access control is unset.
[2023-09-17T12:40:50.471+0000] {logging_mixin.py:151} INFO - [2023-09-17T12:40:50.471+0000] {dag.py:2915} INFO - Sync 1 DAGs
[2023-09-17T12:40:50.487+0000] {logging_mixin.py:151} INFO - [2023-09-17T12:40:50.487+0000] {dag.py:2937} INFO - Creating ORM DAG for example_skip_dag
[2023-09-17T12:40:50.500+0000] {logging_mixin.py:151} INFO - [2023-09-17T12:40:50.500+0000] {dag.py:3696} INFO - Setting next_dagrun for example_skip_dag to 2023-09-16T12:40:50.499868+00:00, run_after=2023-09-17T12:40:50.499868+00:00
[2023-09-17T12:40:50.542+0000] {processor.py:179} INFO - Processing /home/airflow/.local/lib/python3.8/site-packages/airflow/example_dags/example_skip_dag.py took 0.333 seconds
[2023-09-17T12:41:22.125+0000] {processor.py:157} INFO - Started process (PID=133) to work on /home/airflow/.local/lib/python3.8/site-packages/airflow/example_dags/example_skip_dag.py
[2023-09-17T12:41:22.126+0000] {processor.py:829} INFO - Processing file /home/airflow/.local/lib/python3.8/site-packages/airflow/example_dags/example_skip_dag.py for tasks to queue
[2023-09-17T12:41:22.129+0000] {logging_mixin.py:151} INFO - [2023-09-17T12:41:22.129+0000] {dagbag.py:539} INFO - Filling up the DagBag from /home/airflow/.local/lib/python3.8/site-packages/airflow/example_dags/example_skip_dag.py
[2023-09-17T12:41:22.138+0000] {processor.py:839} INFO - DAG(s) dict_keys(['example_skip_dag']) retrieved from /home/airflow/.local/lib/python3.8/site-packages/airflow/example_dags/example_skip_dag.py
[2023-09-17T12:41:22.165+0000] {logging_mixin.py:151} INFO - [2023-09-17T12:41:22.165+0000] {dag.py:2915} INFO - Sync 1 DAGs
[2023-09-17T12:41:22.202+0000] {logging_mixin.py:151} INFO - [2023-09-17T12:41:22.202+0000] {dag.py:3696} INFO - Setting next_dagrun for example_skip_dag to 2023-09-16T12:41:22.202402+00:00, run_after=2023-09-17T12:41:22.202402+00:00
[2023-09-17T12:41:22.269+0000] {processor.py:179} INFO - Processing /home/airflow/.local/lib/python3.8/site-packages/airflow/example_dags/example_skip_dag.py took 0.149 seconds
[2023-09-17T12:41:52.847+0000] {processor.py:157} INFO - Started process (PID=188) to work on /home/airflow/.local/lib/python3.8/site-packages/airflow/example_dags/example_skip_dag.py
[2023-09-17T12:41:52.848+0000] {processor.py:829} INFO - Processing file /home/airflow/.local/lib/python3.8/site-packages/airflow/example_dags/example_skip_dag.py for tasks to queue
[2023-09-17T12:41:52.855+0000] {logging_mixin.py:151} INFO - [2023-09-17T12:41:52.854+0000] {dagbag.py:539} INFO - Filling up the DagBag from /home/airflow/.local/lib/python3.8/site-packages/airflow/example_dags/example_skip_dag.py
[2023-09-17T12:41:52.868+0000] {processor.py:839} INFO - DAG(s) dict_keys(['example_skip_dag']) retrieved from /home/airflow/.local/lib/python3.8/site-packages/airflow/example_dags/example_skip_dag.py
[2023-09-17T12:41:52.916+0000] {logging_mixin.py:151} INFO - [2023-09-17T12:41:52.915+0000] {dag.py:2915} INFO - Sync 1 DAGs
[2023-09-17T12:41:53.142+0000] {logging_mixin.py:151} INFO - [2023-09-17T12:41:52.976+0000] {dag.py:3696} INFO - Setting next_dagrun for example_skip_dag to 2023-09-16T12:41:52.976152+00:00, run_after=2023-09-17T12:41:52.976152+00:00
[2023-09-17T12:41:53.454+0000] {processor.py:179} INFO - Processing /home/airflow/.local/lib/python3.8/site-packages/airflow/example_dags/example_skip_dag.py took 0.613 seconds
[2023-09-17T12:42:23.590+0000] {processor.py:157} INFO - Started process (PID=242) to work on /home/airflow/.local/lib/python3.8/site-packages/airflow/example_dags/example_skip_dag.py
[2023-09-17T12:42:23.591+0000] {processor.py:829} INFO - Processing file /home/airflow/.local/lib/python3.8/site-packages/airflow/example_dags/example_skip_dag.py for tasks to queue
[2023-09-17T12:42:23.593+0000] {logging_mixin.py:151} INFO - [2023-09-17T12:42:23.593+0000] {dagbag.py:539} INFO - Filling up the DagBag from /home/airflow/.local/lib/python3.8/site-packages/airflow/example_dags/example_skip_dag.py
[2023-09-17T12:42:23.603+0000] {processor.py:839} INFO - DAG(s) dict_keys(['example_skip_dag']) retrieved from /home/airflow/.local/lib/python3.8/site-packages/airflow/example_dags/example_skip_dag.py
[2023-09-17T12:42:23.632+0000] {logging_mixin.py:151} INFO - [2023-09-17T12:42:23.632+0000] {dag.py:2915} INFO - Sync 1 DAGs
[2023-09-17T12:42:23.665+0000] {logging_mixin.py:151} INFO - [2023-09-17T12:42:23.665+0000] {dag.py:3696} INFO - Setting next_dagrun for example_skip_dag to 2023-09-16T12:42:23.665259+00:00, run_after=2023-09-17T12:42:23.665259+00:00
[2023-09-17T12:42:23.730+0000] {processor.py:179} INFO - Processing /home/airflow/.local/lib/python3.8/site-packages/airflow/example_dags/example_skip_dag.py took 0.144 seconds
[2023-09-17T12:42:53.987+0000] {processor.py:157} INFO - Started process (PID=297) to work on /home/airflow/.local/lib/python3.8/site-packages/airflow/example_dags/example_skip_dag.py
[2023-09-17T12:42:54.007+0000] {processor.py:829} INFO - Processing file /home/airflow/.local/lib/python3.8/site-packages/airflow/example_dags/example_skip_dag.py for tasks to queue
[2023-09-17T12:42:54.011+0000] {logging_mixin.py:151} INFO - [2023-09-17T12:42:54.010+0000] {dagbag.py:539} INFO - Filling up the DagBag from /home/airflow/.local/lib/python3.8/site-packages/airflow/example_dags/example_skip_dag.py
[2023-09-17T12:42:54.023+0000] {processor.py:839} INFO - DAG(s) dict_keys(['example_skip_dag']) retrieved from /home/airflow/.local/lib/python3.8/site-packages/airflow/example_dags/example_skip_dag.py
[2023-09-17T12:42:54.059+0000] {logging_mixin.py:151} INFO - [2023-09-17T12:42:54.059+0000] {dag.py:2915} INFO - Sync 1 DAGs
[2023-09-17T12:42:54.105+0000] {logging_mixin.py:151} INFO - [2023-09-17T12:42:54.104+0000] {dag.py:3696} INFO - Setting next_dagrun for example_skip_dag to 2023-09-16T12:42:54.104131+00:00, run_after=2023-09-17T12:42:54.104131+00:00
[2023-09-17T12:42:54.150+0000] {processor.py:179} INFO - Processing /home/airflow/.local/lib/python3.8/site-packages/airflow/example_dags/example_skip_dag.py took 0.168 seconds
[2023-09-17T12:43:24.998+0000] {processor.py:157} INFO - Started process (PID=352) to work on /home/airflow/.local/lib/python3.8/site-packages/airflow/example_dags/example_skip_dag.py
[2023-09-17T12:43:25.015+0000] {processor.py:829} INFO - Processing file /home/airflow/.local/lib/python3.8/site-packages/airflow/example_dags/example_skip_dag.py for tasks to queue
[2023-09-17T12:43:25.020+0000] {logging_mixin.py:151} INFO - [2023-09-17T12:43:25.019+0000] {dagbag.py:539} INFO - Filling up the DagBag from /home/airflow/.local/lib/python3.8/site-packages/airflow/example_dags/example_skip_dag.py
[2023-09-17T12:43:25.040+0000] {processor.py:839} INFO - DAG(s) dict_keys(['example_skip_dag']) retrieved from /home/airflow/.local/lib/python3.8/site-packages/airflow/example_dags/example_skip_dag.py
[2023-09-17T12:43:25.109+0000] {logging_mixin.py:151} INFO - [2023-09-17T12:43:25.108+0000] {dag.py:2915} INFO - Sync 1 DAGs
[2023-09-17T12:43:25.159+0000] {logging_mixin.py:151} INFO - [2023-09-17T12:43:25.159+0000] {dag.py:3696} INFO - Setting next_dagrun for example_skip_dag to 2023-09-16T12:43:25.159149+00:00, run_after=2023-09-17T12:43:25.159149+00:00
[2023-09-17T12:43:25.215+0000] {processor.py:179} INFO - Processing /home/airflow/.local/lib/python3.8/site-packages/airflow/example_dags/example_skip_dag.py took 0.222 seconds
[2023-09-17T12:43:55.309+0000] {processor.py:157} INFO - Started process (PID=407) to work on /home/airflow/.local/lib/python3.8/site-packages/airflow/example_dags/example_skip_dag.py
[2023-09-17T12:43:55.314+0000] {processor.py:829} INFO - Processing file /home/airflow/.local/lib/python3.8/site-packages/airflow/example_dags/example_skip_dag.py for tasks to queue
[2023-09-17T12:43:55.319+0000] {logging_mixin.py:151} INFO - [2023-09-17T12:43:55.318+0000] {dagbag.py:539} INFO - Filling up the DagBag from /home/airflow/.local/lib/python3.8/site-packages/airflow/example_dags/example_skip_dag.py
[2023-09-17T12:43:55.346+0000] {processor.py:839} INFO - DAG(s) dict_keys(['example_skip_dag']) retrieved from /home/airflow/.local/lib/python3.8/site-packages/airflow/example_dags/example_skip_dag.py
[2023-09-17T12:43:55.458+0000] {logging_mixin.py:151} INFO - [2023-09-17T12:43:55.456+0000] {dag.py:2915} INFO - Sync 1 DAGs
[2023-09-17T12:43:55.598+0000] {logging_mixin.py:151} INFO - [2023-09-17T12:43:55.597+0000] {dag.py:3696} INFO - Setting next_dagrun for example_skip_dag to 2023-09-16T12:43:55.596918+00:00, run_after=2023-09-17T12:43:55.596918+00:00
[2023-09-17T12:43:55.708+0000] {processor.py:179} INFO - Processing /home/airflow/.local/lib/python3.8/site-packages/airflow/example_dags/example_skip_dag.py took 0.409 seconds
[2023-09-17T12:44:25.952+0000] {processor.py:157} INFO - Started process (PID=463) to work on /home/airflow/.local/lib/python3.8/site-packages/airflow/example_dags/example_skip_dag.py
[2023-09-17T12:44:25.953+0000] {processor.py:829} INFO - Processing file /home/airflow/.local/lib/python3.8/site-packages/airflow/example_dags/example_skip_dag.py for tasks to queue
[2023-09-17T12:44:25.956+0000] {logging_mixin.py:151} INFO - [2023-09-17T12:44:25.955+0000] {dagbag.py:539} INFO - Filling up the DagBag from /home/airflow/.local/lib/python3.8/site-packages/airflow/example_dags/example_skip_dag.py
[2023-09-17T12:44:25.964+0000] {processor.py:839} INFO - DAG(s) dict_keys(['example_skip_dag']) retrieved from /home/airflow/.local/lib/python3.8/site-packages/airflow/example_dags/example_skip_dag.py
[2023-09-17T12:44:25.995+0000] {logging_mixin.py:151} INFO - [2023-09-17T12:44:25.995+0000] {dag.py:2915} INFO - Sync 1 DAGs
[2023-09-17T12:44:26.029+0000] {logging_mixin.py:151} INFO - [2023-09-17T12:44:26.029+0000] {dag.py:3696} INFO - Setting next_dagrun for example_skip_dag to 2023-09-16T12:44:26.029082+00:00, run_after=2023-09-17T12:44:26.029082+00:00
[2023-09-17T12:44:26.066+0000] {processor.py:179} INFO - Processing /home/airflow/.local/lib/python3.8/site-packages/airflow/example_dags/example_skip_dag.py took 0.118 seconds
[2023-09-17T12:44:56.929+0000] {processor.py:157} INFO - Started process (PID=518) to work on /home/airflow/.local/lib/python3.8/site-packages/airflow/example_dags/example_skip_dag.py
[2023-09-17T12:44:56.930+0000] {processor.py:829} INFO - Processing file /home/airflow/.local/lib/python3.8/site-packages/airflow/example_dags/example_skip_dag.py for tasks to queue
[2023-09-17T12:44:56.933+0000] {logging_mixin.py:151} INFO - [2023-09-17T12:44:56.932+0000] {dagbag.py:539} INFO - Filling up the DagBag from /home/airflow/.local/lib/python3.8/site-packages/airflow/example_dags/example_skip_dag.py
[2023-09-17T12:44:56.950+0000] {processor.py:839} INFO - DAG(s) dict_keys(['example_skip_dag']) retrieved from /home/airflow/.local/lib/python3.8/site-packages/airflow/example_dags/example_skip_dag.py
[2023-09-17T12:44:57.014+0000] {logging_mixin.py:151} INFO - [2023-09-17T12:44:57.013+0000] {dag.py:2915} INFO - Sync 1 DAGs
[2023-09-17T12:44:57.078+0000] {logging_mixin.py:151} INFO - [2023-09-17T12:44:57.077+0000] {dag.py:3696} INFO - Setting next_dagrun for example_skip_dag to 2023-09-16T12:44:57.076347+00:00, run_after=2023-09-17T12:44:57.076347+00:00
[2023-09-17T12:44:57.131+0000] {processor.py:179} INFO - Processing /home/airflow/.local/lib/python3.8/site-packages/airflow/example_dags/example_skip_dag.py took 0.208 seconds
[2023-09-17T12:45:27.294+0000] {processor.py:157} INFO - Started process (PID=574) to work on /home/airflow/.local/lib/python3.8/site-packages/airflow/example_dags/example_skip_dag.py
[2023-09-17T12:45:27.296+0000] {processor.py:829} INFO - Processing file /home/airflow/.local/lib/python3.8/site-packages/airflow/example_dags/example_skip_dag.py for tasks to queue
[2023-09-17T12:45:27.301+0000] {logging_mixin.py:151} INFO - [2023-09-17T12:45:27.300+0000] {dagbag.py:539} INFO - Filling up the DagBag from /home/airflow/.local/lib/python3.8/site-packages/airflow/example_dags/example_skip_dag.py
[2023-09-17T12:45:27.313+0000] {processor.py:839} INFO - DAG(s) dict_keys(['example_skip_dag']) retrieved from /home/airflow/.local/lib/python3.8/site-packages/airflow/example_dags/example_skip_dag.py
[2023-09-17T12:45:27.373+0000] {logging_mixin.py:151} INFO - [2023-09-17T12:45:27.373+0000] {dag.py:2915} INFO - Sync 1 DAGs
[2023-09-17T12:45:27.424+0000] {logging_mixin.py:151} INFO - [2023-09-17T12:45:27.423+0000] {dag.py:3696} INFO - Setting next_dagrun for example_skip_dag to 2023-09-16T12:45:27.423429+00:00, run_after=2023-09-17T12:45:27.423429+00:00
[2023-09-17T12:45:27.469+0000] {processor.py:179} INFO - Processing /home/airflow/.local/lib/python3.8/site-packages/airflow/example_dags/example_skip_dag.py took 0.181 seconds
[2023-09-17T12:45:58.473+0000] {processor.py:157} INFO - Started process (PID=629) to work on /home/airflow/.local/lib/python3.8/site-packages/airflow/example_dags/example_skip_dag.py
[2023-09-17T12:45:58.477+0000] {processor.py:829} INFO - Processing file /home/airflow/.local/lib/python3.8/site-packages/airflow/example_dags/example_skip_dag.py for tasks to queue
[2023-09-17T12:45:58.481+0000] {logging_mixin.py:151} INFO - [2023-09-17T12:45:58.481+0000] {dagbag.py:539} INFO - Filling up the DagBag from /home/airflow/.local/lib/python3.8/site-packages/airflow/example_dags/example_skip_dag.py
[2023-09-17T12:45:58.494+0000] {processor.py:839} INFO - DAG(s) dict_keys(['example_skip_dag']) retrieved from /home/airflow/.local/lib/python3.8/site-packages/airflow/example_dags/example_skip_dag.py
[2023-09-17T12:45:58.544+0000] {logging_mixin.py:151} INFO - [2023-09-17T12:45:58.543+0000] {dag.py:2915} INFO - Sync 1 DAGs
[2023-09-17T12:45:58.590+0000] {logging_mixin.py:151} INFO - [2023-09-17T12:45:58.590+0000] {dag.py:3696} INFO - Setting next_dagrun for example_skip_dag to 2023-09-16T12:45:58.590023+00:00, run_after=2023-09-17T12:45:58.590023+00:00
[2023-09-17T12:45:58.843+0000] {processor.py:179} INFO - Processing /home/airflow/.local/lib/python3.8/site-packages/airflow/example_dags/example_skip_dag.py took 0.376 seconds
[2023-09-17T12:46:28.948+0000] {processor.py:157} INFO - Started process (PID=684) to work on /home/airflow/.local/lib/python3.8/site-packages/airflow/example_dags/example_skip_dag.py
[2023-09-17T12:46:28.949+0000] {processor.py:829} INFO - Processing file /home/airflow/.local/lib/python3.8/site-packages/airflow/example_dags/example_skip_dag.py for tasks to queue
[2023-09-17T12:46:28.951+0000] {logging_mixin.py:151} INFO - [2023-09-17T12:46:28.951+0000] {dagbag.py:539} INFO - Filling up the DagBag from /home/airflow/.local/lib/python3.8/site-packages/airflow/example_dags/example_skip_dag.py
[2023-09-17T12:46:28.960+0000] {processor.py:839} INFO - DAG(s) dict_keys(['example_skip_dag']) retrieved from /home/airflow/.local/lib/python3.8/site-packages/airflow/example_dags/example_skip_dag.py
[2023-09-17T12:46:28.993+0000] {logging_mixin.py:151} INFO - [2023-09-17T12:46:28.993+0000] {dag.py:2915} INFO - Sync 1 DAGs
[2023-09-17T12:46:29.036+0000] {logging_mixin.py:151} INFO - [2023-09-17T12:46:29.036+0000] {dag.py:3696} INFO - Setting next_dagrun for example_skip_dag to 2023-09-16T12:46:29.035992+00:00, run_after=2023-09-17T12:46:29.035992+00:00
[2023-09-17T12:46:29.102+0000] {processor.py:179} INFO - Processing /home/airflow/.local/lib/python3.8/site-packages/airflow/example_dags/example_skip_dag.py took 0.158 seconds
[2023-09-17T12:46:59.511+0000] {processor.py:157} INFO - Started process (PID=740) to work on /home/airflow/.local/lib/python3.8/site-packages/airflow/example_dags/example_skip_dag.py
[2023-09-17T12:46:59.519+0000] {processor.py:829} INFO - Processing file /home/airflow/.local/lib/python3.8/site-packages/airflow/example_dags/example_skip_dag.py for tasks to queue
[2023-09-17T12:46:59.522+0000] {logging_mixin.py:151} INFO - [2023-09-17T12:46:59.521+0000] {dagbag.py:539} INFO - Filling up the DagBag from /home/airflow/.local/lib/python3.8/site-packages/airflow/example_dags/example_skip_dag.py
[2023-09-17T12:46:59.530+0000] {processor.py:839} INFO - DAG(s) dict_keys(['example_skip_dag']) retrieved from /home/airflow/.local/lib/python3.8/site-packages/airflow/example_dags/example_skip_dag.py
[2023-09-17T12:46:59.560+0000] {logging_mixin.py:151} INFO - [2023-09-17T12:46:59.559+0000] {dag.py:2915} INFO - Sync 1 DAGs
[2023-09-17T12:46:59.604+0000] {logging_mixin.py:151} INFO - [2023-09-17T12:46:59.604+0000] {dag.py:3696} INFO - Setting next_dagrun for example_skip_dag to 2023-09-16T12:46:59.603896+00:00, run_after=2023-09-17T12:46:59.603896+00:00
[2023-09-17T12:46:59.645+0000] {processor.py:179} INFO - Processing /home/airflow/.local/lib/python3.8/site-packages/airflow/example_dags/example_skip_dag.py took 0.138 seconds
[2023-09-17T12:47:30.171+0000] {processor.py:157} INFO - Started process (PID=796) to work on /home/airflow/.local/lib/python3.8/site-packages/airflow/example_dags/example_skip_dag.py
[2023-09-17T12:47:30.172+0000] {processor.py:829} INFO - Processing file /home/airflow/.local/lib/python3.8/site-packages/airflow/example_dags/example_skip_dag.py for tasks to queue
[2023-09-17T12:47:30.176+0000] {logging_mixin.py:151} INFO - [2023-09-17T12:47:30.176+0000] {dagbag.py:539} INFO - Filling up the DagBag from /home/airflow/.local/lib/python3.8/site-packages/airflow/example_dags/example_skip_dag.py
[2023-09-17T12:47:30.189+0000] {processor.py:839} INFO - DAG(s) dict_keys(['example_skip_dag']) retrieved from /home/airflow/.local/lib/python3.8/site-packages/airflow/example_dags/example_skip_dag.py
[2023-09-17T12:47:30.263+0000] {logging_mixin.py:151} INFO - [2023-09-17T12:47:30.263+0000] {dag.py:2915} INFO - Sync 1 DAGs
[2023-09-17T12:47:30.312+0000] {logging_mixin.py:151} INFO - [2023-09-17T12:47:30.312+0000] {dag.py:3696} INFO - Setting next_dagrun for example_skip_dag to 2023-09-16T12:47:30.312182+00:00, run_after=2023-09-17T12:47:30.312182+00:00
[2023-09-17T12:47:30.354+0000] {processor.py:179} INFO - Processing /home/airflow/.local/lib/python3.8/site-packages/airflow/example_dags/example_skip_dag.py took 0.187 seconds
[2023-09-17T12:48:00.482+0000] {processor.py:157} INFO - Started process (PID=850) to work on /home/airflow/.local/lib/python3.8/site-packages/airflow/example_dags/example_skip_dag.py
[2023-09-17T12:48:00.484+0000] {processor.py:829} INFO - Processing file /home/airflow/.local/lib/python3.8/site-packages/airflow/example_dags/example_skip_dag.py for tasks to queue
[2023-09-17T12:48:00.487+0000] {logging_mixin.py:151} INFO - [2023-09-17T12:48:00.486+0000] {dagbag.py:539} INFO - Filling up the DagBag from /home/airflow/.local/lib/python3.8/site-packages/airflow/example_dags/example_skip_dag.py
[2023-09-17T12:48:00.501+0000] {processor.py:839} INFO - DAG(s) dict_keys(['example_skip_dag']) retrieved from /home/airflow/.local/lib/python3.8/site-packages/airflow/example_dags/example_skip_dag.py
[2023-09-17T12:48:00.558+0000] {logging_mixin.py:151} INFO - [2023-09-17T12:48:00.557+0000] {dag.py:2915} INFO - Sync 1 DAGs
[2023-09-17T12:48:00.626+0000] {logging_mixin.py:151} INFO - [2023-09-17T12:48:00.626+0000] {dag.py:3696} INFO - Setting next_dagrun for example_skip_dag to 2023-09-16T12:48:00.625263+00:00, run_after=2023-09-17T12:48:00.625263+00:00
[2023-09-17T12:48:00.670+0000] {processor.py:179} INFO - Processing /home/airflow/.local/lib/python3.8/site-packages/airflow/example_dags/example_skip_dag.py took 0.196 seconds
[2023-09-17T12:48:32.195+0000] {processor.py:157} INFO - Started process (PID=906) to work on /home/airflow/.local/lib/python3.8/site-packages/airflow/example_dags/example_skip_dag.py
[2023-09-17T12:48:32.199+0000] {processor.py:829} INFO - Processing file /home/airflow/.local/lib/python3.8/site-packages/airflow/example_dags/example_skip_dag.py for tasks to queue
[2023-09-17T12:48:32.203+0000] {logging_mixin.py:151} INFO - [2023-09-17T12:48:32.202+0000] {dagbag.py:539} INFO - Filling up the DagBag from /home/airflow/.local/lib/python3.8/site-packages/airflow/example_dags/example_skip_dag.py
[2023-09-17T12:48:32.214+0000] {processor.py:839} INFO - DAG(s) dict_keys(['example_skip_dag']) retrieved from /home/airflow/.local/lib/python3.8/site-packages/airflow/example_dags/example_skip_dag.py
[2023-09-17T12:48:32.247+0000] {logging_mixin.py:151} INFO - [2023-09-17T12:48:32.246+0000] {dag.py:2915} INFO - Sync 1 DAGs
[2023-09-17T12:48:32.281+0000] {logging_mixin.py:151} INFO - [2023-09-17T12:48:32.281+0000] {dag.py:3696} INFO - Setting next_dagrun for example_skip_dag to 2023-09-16T12:48:32.281145+00:00, run_after=2023-09-17T12:48:32.281145+00:00
[2023-09-17T12:48:32.395+0000] {processor.py:179} INFO - Processing /home/airflow/.local/lib/python3.8/site-packages/airflow/example_dags/example_skip_dag.py took 0.219 seconds
[2023-09-17T12:49:02.845+0000] {processor.py:157} INFO - Started process (PID=962) to work on /home/airflow/.local/lib/python3.8/site-packages/airflow/example_dags/example_skip_dag.py
[2023-09-17T12:49:02.846+0000] {processor.py:829} INFO - Processing file /home/airflow/.local/lib/python3.8/site-packages/airflow/example_dags/example_skip_dag.py for tasks to queue
[2023-09-17T12:49:02.850+0000] {logging_mixin.py:151} INFO - [2023-09-17T12:49:02.849+0000] {dagbag.py:539} INFO - Filling up the DagBag from /home/airflow/.local/lib/python3.8/site-packages/airflow/example_dags/example_skip_dag.py
[2023-09-17T12:49:02.867+0000] {processor.py:839} INFO - DAG(s) dict_keys(['example_skip_dag']) retrieved from /home/airflow/.local/lib/python3.8/site-packages/airflow/example_dags/example_skip_dag.py
[2023-09-17T12:49:02.914+0000] {logging_mixin.py:151} INFO - [2023-09-17T12:49:02.914+0000] {dag.py:2915} INFO - Sync 1 DAGs
[2023-09-17T12:49:02.958+0000] {logging_mixin.py:151} INFO - [2023-09-17T12:49:02.958+0000] {dag.py:3696} INFO - Setting next_dagrun for example_skip_dag to 2023-09-16T12:49:02.957653+00:00, run_after=2023-09-17T12:49:02.957653+00:00
[2023-09-17T12:49:03.008+0000] {processor.py:179} INFO - Processing /home/airflow/.local/lib/python3.8/site-packages/airflow/example_dags/example_skip_dag.py took 0.169 seconds
[2023-09-17T12:49:33.589+0000] {processor.py:157} INFO - Started process (PID=1018) to work on /home/airflow/.local/lib/python3.8/site-packages/airflow/example_dags/example_skip_dag.py
[2023-09-17T12:49:33.590+0000] {processor.py:829} INFO - Processing file /home/airflow/.local/lib/python3.8/site-packages/airflow/example_dags/example_skip_dag.py for tasks to queue
[2023-09-17T12:49:33.593+0000] {logging_mixin.py:151} INFO - [2023-09-17T12:49:33.592+0000] {dagbag.py:539} INFO - Filling up the DagBag from /home/airflow/.local/lib/python3.8/site-packages/airflow/example_dags/example_skip_dag.py
[2023-09-17T12:49:33.601+0000] {processor.py:839} INFO - DAG(s) dict_keys(['example_skip_dag']) retrieved from /home/airflow/.local/lib/python3.8/site-packages/airflow/example_dags/example_skip_dag.py
[2023-09-17T12:49:33.630+0000] {logging_mixin.py:151} INFO - [2023-09-17T12:49:33.630+0000] {dag.py:2915} INFO - Sync 1 DAGs
[2023-09-17T12:49:33.659+0000] {logging_mixin.py:151} INFO - [2023-09-17T12:49:33.659+0000] {dag.py:3696} INFO - Setting next_dagrun for example_skip_dag to 2023-09-16T12:49:33.658846+00:00, run_after=2023-09-17T12:49:33.658846+00:00
[2023-09-17T12:49:33.710+0000] {processor.py:179} INFO - Processing /home/airflow/.local/lib/python3.8/site-packages/airflow/example_dags/example_skip_dag.py took 0.125 seconds
[2023-09-17T12:50:04.349+0000] {processor.py:157} INFO - Started process (PID=1072) to work on /home/airflow/.local/lib/python3.8/site-packages/airflow/example_dags/example_skip_dag.py
[2023-09-17T12:50:04.351+0000] {processor.py:829} INFO - Processing file /home/airflow/.local/lib/python3.8/site-packages/airflow/example_dags/example_skip_dag.py for tasks to queue
[2023-09-17T12:50:04.354+0000] {logging_mixin.py:151} INFO - [2023-09-17T12:50:04.353+0000] {dagbag.py:539} INFO - Filling up the DagBag from /home/airflow/.local/lib/python3.8/site-packages/airflow/example_dags/example_skip_dag.py
[2023-09-17T12:50:04.369+0000] {processor.py:839} INFO - DAG(s) dict_keys(['example_skip_dag']) retrieved from /home/airflow/.local/lib/python3.8/site-packages/airflow/example_dags/example_skip_dag.py
[2023-09-17T12:50:04.433+0000] {logging_mixin.py:151} INFO - [2023-09-17T12:50:04.432+0000] {dag.py:2915} INFO - Sync 1 DAGs
[2023-09-17T12:50:04.501+0000] {logging_mixin.py:151} INFO - [2023-09-17T12:50:04.501+0000] {dag.py:3696} INFO - Setting next_dagrun for example_skip_dag to 2023-09-16T12:50:04.500881+00:00, run_after=2023-09-17T12:50:04.500881+00:00
[2023-09-17T12:50:04.586+0000] {processor.py:179} INFO - Processing /home/airflow/.local/lib/python3.8/site-packages/airflow/example_dags/example_skip_dag.py took 0.242 seconds
[2023-09-17T12:50:35.607+0000] {processor.py:157} INFO - Started process (PID=1127) to work on /home/airflow/.local/lib/python3.8/site-packages/airflow/example_dags/example_skip_dag.py
[2023-09-17T12:50:35.616+0000] {processor.py:829} INFO - Processing file /home/airflow/.local/lib/python3.8/site-packages/airflow/example_dags/example_skip_dag.py for tasks to queue
[2023-09-17T12:50:35.621+0000] {logging_mixin.py:151} INFO - [2023-09-17T12:50:35.620+0000] {dagbag.py:539} INFO - Filling up the DagBag from /home/airflow/.local/lib/python3.8/site-packages/airflow/example_dags/example_skip_dag.py
[2023-09-17T12:50:35.636+0000] {processor.py:839} INFO - DAG(s) dict_keys(['example_skip_dag']) retrieved from /home/airflow/.local/lib/python3.8/site-packages/airflow/example_dags/example_skip_dag.py
[2023-09-17T12:50:35.738+0000] {logging_mixin.py:151} INFO - [2023-09-17T12:50:35.737+0000] {dag.py:2915} INFO - Sync 1 DAGs
[2023-09-17T12:50:35.860+0000] {logging_mixin.py:151} INFO - [2023-09-17T12:50:35.859+0000] {dag.py:3696} INFO - Setting next_dagrun for example_skip_dag to 2023-09-16T12:50:35.859296+00:00, run_after=2023-09-17T12:50:35.859296+00:00
[2023-09-17T12:50:35.966+0000] {processor.py:179} INFO - Processing /home/airflow/.local/lib/python3.8/site-packages/airflow/example_dags/example_skip_dag.py took 0.374 seconds
[2023-09-17T12:51:06.310+0000] {processor.py:157} INFO - Started process (PID=1181) to work on /home/airflow/.local/lib/python3.8/site-packages/airflow/example_dags/example_skip_dag.py
[2023-09-17T12:51:06.311+0000] {processor.py:829} INFO - Processing file /home/airflow/.local/lib/python3.8/site-packages/airflow/example_dags/example_skip_dag.py for tasks to queue
[2023-09-17T12:51:06.318+0000] {logging_mixin.py:151} INFO - [2023-09-17T12:51:06.315+0000] {dagbag.py:539} INFO - Filling up the DagBag from /home/airflow/.local/lib/python3.8/site-packages/airflow/example_dags/example_skip_dag.py
[2023-09-17T12:51:06.334+0000] {processor.py:839} INFO - DAG(s) dict_keys(['example_skip_dag']) retrieved from /home/airflow/.local/lib/python3.8/site-packages/airflow/example_dags/example_skip_dag.py
[2023-09-17T12:51:06.379+0000] {logging_mixin.py:151} INFO - [2023-09-17T12:51:06.378+0000] {dag.py:2915} INFO - Sync 1 DAGs
[2023-09-17T12:51:06.417+0000] {logging_mixin.py:151} INFO - [2023-09-17T12:51:06.417+0000] {dag.py:3696} INFO - Setting next_dagrun for example_skip_dag to 2023-09-16T12:51:06.416960+00:00, run_after=2023-09-17T12:51:06.416960+00:00
[2023-09-17T12:51:06.595+0000] {processor.py:179} INFO - Processing /home/airflow/.local/lib/python3.8/site-packages/airflow/example_dags/example_skip_dag.py took 0.289 seconds
[2023-09-17T12:51:37.204+0000] {processor.py:157} INFO - Started process (PID=1235) to work on /home/airflow/.local/lib/python3.8/site-packages/airflow/example_dags/example_skip_dag.py
[2023-09-17T12:51:37.218+0000] {processor.py:829} INFO - Processing file /home/airflow/.local/lib/python3.8/site-packages/airflow/example_dags/example_skip_dag.py for tasks to queue
[2023-09-17T12:51:37.220+0000] {logging_mixin.py:151} INFO - [2023-09-17T12:51:37.220+0000] {dagbag.py:539} INFO - Filling up the DagBag from /home/airflow/.local/lib/python3.8/site-packages/airflow/example_dags/example_skip_dag.py
[2023-09-17T12:51:37.237+0000] {processor.py:839} INFO - DAG(s) dict_keys(['example_skip_dag']) retrieved from /home/airflow/.local/lib/python3.8/site-packages/airflow/example_dags/example_skip_dag.py
[2023-09-17T12:51:37.295+0000] {logging_mixin.py:151} INFO - [2023-09-17T12:51:37.294+0000] {dag.py:2915} INFO - Sync 1 DAGs
[2023-09-17T12:51:37.361+0000] {logging_mixin.py:151} INFO - [2023-09-17T12:51:37.360+0000] {dag.py:3696} INFO - Setting next_dagrun for example_skip_dag to 2023-09-16T12:51:37.360151+00:00, run_after=2023-09-17T12:51:37.360151+00:00
[2023-09-17T12:51:37.446+0000] {processor.py:179} INFO - Processing /home/airflow/.local/lib/python3.8/site-packages/airflow/example_dags/example_skip_dag.py took 0.246 seconds
[2023-09-17T12:52:07.711+0000] {processor.py:157} INFO - Started process (PID=1289) to work on /home/airflow/.local/lib/python3.8/site-packages/airflow/example_dags/example_skip_dag.py
[2023-09-17T12:52:07.713+0000] {processor.py:829} INFO - Processing file /home/airflow/.local/lib/python3.8/site-packages/airflow/example_dags/example_skip_dag.py for tasks to queue
[2023-09-17T12:52:07.716+0000] {logging_mixin.py:151} INFO - [2023-09-17T12:52:07.715+0000] {dagbag.py:539} INFO - Filling up the DagBag from /home/airflow/.local/lib/python3.8/site-packages/airflow/example_dags/example_skip_dag.py
[2023-09-17T12:52:07.733+0000] {processor.py:839} INFO - DAG(s) dict_keys(['example_skip_dag']) retrieved from /home/airflow/.local/lib/python3.8/site-packages/airflow/example_dags/example_skip_dag.py
[2023-09-17T12:52:07.792+0000] {logging_mixin.py:151} INFO - [2023-09-17T12:52:07.792+0000] {dag.py:2915} INFO - Sync 1 DAGs
[2023-09-17T12:52:07.875+0000] {logging_mixin.py:151} INFO - [2023-09-17T12:52:07.873+0000] {dag.py:3696} INFO - Setting next_dagrun for example_skip_dag to 2023-09-16T12:52:07.872295+00:00, run_after=2023-09-17T12:52:07.872295+00:00
[2023-09-17T12:52:07.947+0000] {processor.py:179} INFO - Processing /home/airflow/.local/lib/python3.8/site-packages/airflow/example_dags/example_skip_dag.py took 0.243 seconds
[2023-09-17T12:52:38.751+0000] {processor.py:157} INFO - Started process (PID=1345) to work on /home/airflow/.local/lib/python3.8/site-packages/airflow/example_dags/example_skip_dag.py
[2023-09-17T12:52:38.752+0000] {processor.py:829} INFO - Processing file /home/airflow/.local/lib/python3.8/site-packages/airflow/example_dags/example_skip_dag.py for tasks to queue
[2023-09-17T12:52:38.755+0000] {logging_mixin.py:151} INFO - [2023-09-17T12:52:38.754+0000] {dagbag.py:539} INFO - Filling up the DagBag from /home/airflow/.local/lib/python3.8/site-packages/airflow/example_dags/example_skip_dag.py
[2023-09-17T12:52:38.770+0000] {processor.py:839} INFO - DAG(s) dict_keys(['example_skip_dag']) retrieved from /home/airflow/.local/lib/python3.8/site-packages/airflow/example_dags/example_skip_dag.py
[2023-09-17T12:52:38.820+0000] {logging_mixin.py:151} INFO - [2023-09-17T12:52:38.820+0000] {dag.py:2915} INFO - Sync 1 DAGs
[2023-09-17T12:52:38.872+0000] {logging_mixin.py:151} INFO - [2023-09-17T12:52:38.871+0000] {dag.py:3696} INFO - Setting next_dagrun for example_skip_dag to 2023-09-16T12:52:38.871463+00:00, run_after=2023-09-17T12:52:38.871463+00:00
[2023-09-17T12:52:38.950+0000] {processor.py:179} INFO - Processing /home/airflow/.local/lib/python3.8/site-packages/airflow/example_dags/example_skip_dag.py took 0.208 seconds
