[2023-09-17T12:40:48.418+0000] {processor.py:157} INFO - Started process (PID=74) to work on /home/airflow/.local/lib/python3.8/site-packages/airflow/example_dags/example_sensor_decorator.py
[2023-09-17T12:40:48.419+0000] {processor.py:829} INFO - Processing file /home/airflow/.local/lib/python3.8/site-packages/airflow/example_dags/example_sensor_decorator.py for tasks to queue
[2023-09-17T12:40:48.423+0000] {logging_mixin.py:151} INFO - [2023-09-17T12:40:48.423+0000] {dagbag.py:539} INFO - Filling up the DagBag from /home/airflow/.local/lib/python3.8/site-packages/airflow/example_dags/example_sensor_decorator.py
[2023-09-17T12:40:48.445+0000] {processor.py:839} INFO - DAG(s) dict_keys(['example_sensor_decorator']) retrieved from /home/airflow/.local/lib/python3.8/site-packages/airflow/example_dags/example_sensor_decorator.py
[2023-09-17T12:40:48.778+0000] {logging_mixin.py:151} INFO - [2023-09-17T12:40:48.778+0000] {manager.py:499} INFO - Created Permission View: %s
[2023-09-17T12:40:48.888+0000] {logging_mixin.py:151} INFO - [2023-09-17T12:40:48.888+0000] {manager.py:499} INFO - Created Permission View: %s
[2023-09-17T12:40:49.055+0000] {logging_mixin.py:151} INFO - [2023-09-17T12:40:49.055+0000] {manager.py:499} INFO - Created Permission View: %s
[2023-09-17T12:40:49.056+0000] {logging_mixin.py:151} INFO - [2023-09-17T12:40:49.056+0000] {security.py:708} INFO - Not syncing DAG-level permissions for DAG 'DAG:example_sensor_decorator' as access control is unset.
[2023-09-17T12:40:49.057+0000] {logging_mixin.py:151} INFO - [2023-09-17T12:40:49.057+0000] {dag.py:2915} INFO - Sync 1 DAGs
[2023-09-17T12:40:49.081+0000] {logging_mixin.py:151} INFO - [2023-09-17T12:40:49.081+0000] {dag.py:2937} INFO - Creating ORM DAG for example_sensor_decorator
[2023-09-17T12:40:49.082+0000] {logging_mixin.py:151} INFO - [2023-09-17T12:40:49.081+0000] {dag.py:3696} INFO - Setting next_dagrun for example_sensor_decorator to None, run_after=None
[2023-09-17T12:40:49.257+0000] {processor.py:179} INFO - Processing /home/airflow/.local/lib/python3.8/site-packages/airflow/example_dags/example_sensor_decorator.py took 0.851 seconds
[2023-09-17T12:41:20.871+0000] {processor.py:157} INFO - Started process (PID=129) to work on /home/airflow/.local/lib/python3.8/site-packages/airflow/example_dags/example_sensor_decorator.py
[2023-09-17T12:41:20.883+0000] {processor.py:829} INFO - Processing file /home/airflow/.local/lib/python3.8/site-packages/airflow/example_dags/example_sensor_decorator.py for tasks to queue
[2023-09-17T12:41:20.886+0000] {logging_mixin.py:151} INFO - [2023-09-17T12:41:20.886+0000] {dagbag.py:539} INFO - Filling up the DagBag from /home/airflow/.local/lib/python3.8/site-packages/airflow/example_dags/example_sensor_decorator.py
[2023-09-17T12:41:20.949+0000] {processor.py:839} INFO - DAG(s) dict_keys(['example_sensor_decorator']) retrieved from /home/airflow/.local/lib/python3.8/site-packages/airflow/example_dags/example_sensor_decorator.py
[2023-09-17T12:41:20.990+0000] {logging_mixin.py:151} INFO - [2023-09-17T12:41:20.989+0000] {dag.py:2915} INFO - Sync 1 DAGs
[2023-09-17T12:41:21.033+0000] {logging_mixin.py:151} INFO - [2023-09-17T12:41:21.033+0000] {dag.py:3696} INFO - Setting next_dagrun for example_sensor_decorator to None, run_after=None
[2023-09-17T12:41:21.134+0000] {processor.py:179} INFO - Processing /home/airflow/.local/lib/python3.8/site-packages/airflow/example_dags/example_sensor_decorator.py took 0.266 seconds
[2023-09-17T12:41:51.937+0000] {processor.py:157} INFO - Started process (PID=184) to work on /home/airflow/.local/lib/python3.8/site-packages/airflow/example_dags/example_sensor_decorator.py
[2023-09-17T12:41:52.046+0000] {processor.py:829} INFO - Processing file /home/airflow/.local/lib/python3.8/site-packages/airflow/example_dags/example_sensor_decorator.py for tasks to queue
[2023-09-17T12:41:52.050+0000] {logging_mixin.py:151} INFO - [2023-09-17T12:41:52.049+0000] {dagbag.py:539} INFO - Filling up the DagBag from /home/airflow/.local/lib/python3.8/site-packages/airflow/example_dags/example_sensor_decorator.py
[2023-09-17T12:41:52.062+0000] {processor.py:839} INFO - DAG(s) dict_keys(['example_sensor_decorator']) retrieved from /home/airflow/.local/lib/python3.8/site-packages/airflow/example_dags/example_sensor_decorator.py
[2023-09-17T12:41:52.099+0000] {logging_mixin.py:151} INFO - [2023-09-17T12:41:52.099+0000] {dag.py:2915} INFO - Sync 1 DAGs
[2023-09-17T12:41:52.118+0000] {logging_mixin.py:151} INFO - [2023-09-17T12:41:52.118+0000] {dag.py:3696} INFO - Setting next_dagrun for example_sensor_decorator to None, run_after=None
[2023-09-17T12:41:52.185+0000] {processor.py:179} INFO - Processing /home/airflow/.local/lib/python3.8/site-packages/airflow/example_dags/example_sensor_decorator.py took 0.259 seconds
[2023-09-17T12:42:22.339+0000] {processor.py:157} INFO - Started process (PID=239) to work on /home/airflow/.local/lib/python3.8/site-packages/airflow/example_dags/example_sensor_decorator.py
[2023-09-17T12:42:22.340+0000] {processor.py:829} INFO - Processing file /home/airflow/.local/lib/python3.8/site-packages/airflow/example_dags/example_sensor_decorator.py for tasks to queue
[2023-09-17T12:42:22.343+0000] {logging_mixin.py:151} INFO - [2023-09-17T12:42:22.343+0000] {dagbag.py:539} INFO - Filling up the DagBag from /home/airflow/.local/lib/python3.8/site-packages/airflow/example_dags/example_sensor_decorator.py
[2023-09-17T12:42:22.354+0000] {processor.py:839} INFO - DAG(s) dict_keys(['example_sensor_decorator']) retrieved from /home/airflow/.local/lib/python3.8/site-packages/airflow/example_dags/example_sensor_decorator.py
[2023-09-17T12:42:22.387+0000] {logging_mixin.py:151} INFO - [2023-09-17T12:42:22.386+0000] {dag.py:2915} INFO - Sync 1 DAGs
[2023-09-17T12:42:22.407+0000] {logging_mixin.py:151} INFO - [2023-09-17T12:42:22.406+0000] {dag.py:3696} INFO - Setting next_dagrun for example_sensor_decorator to None, run_after=None
[2023-09-17T12:42:22.444+0000] {processor.py:179} INFO - Processing /home/airflow/.local/lib/python3.8/site-packages/airflow/example_dags/example_sensor_decorator.py took 0.111 seconds
[2023-09-17T12:42:52.846+0000] {processor.py:157} INFO - Started process (PID=294) to work on /home/airflow/.local/lib/python3.8/site-packages/airflow/example_dags/example_sensor_decorator.py
[2023-09-17T12:42:52.847+0000] {processor.py:829} INFO - Processing file /home/airflow/.local/lib/python3.8/site-packages/airflow/example_dags/example_sensor_decorator.py for tasks to queue
[2023-09-17T12:42:52.849+0000] {logging_mixin.py:151} INFO - [2023-09-17T12:42:52.849+0000] {dagbag.py:539} INFO - Filling up the DagBag from /home/airflow/.local/lib/python3.8/site-packages/airflow/example_dags/example_sensor_decorator.py
[2023-09-17T12:42:52.856+0000] {processor.py:839} INFO - DAG(s) dict_keys(['example_sensor_decorator']) retrieved from /home/airflow/.local/lib/python3.8/site-packages/airflow/example_dags/example_sensor_decorator.py
[2023-09-17T12:42:52.882+0000] {logging_mixin.py:151} INFO - [2023-09-17T12:42:52.882+0000] {dag.py:2915} INFO - Sync 1 DAGs
[2023-09-17T12:42:52.900+0000] {logging_mixin.py:151} INFO - [2023-09-17T12:42:52.900+0000] {dag.py:3696} INFO - Setting next_dagrun for example_sensor_decorator to None, run_after=None
[2023-09-17T12:42:52.942+0000] {processor.py:179} INFO - Processing /home/airflow/.local/lib/python3.8/site-packages/airflow/example_dags/example_sensor_decorator.py took 0.100 seconds
[2023-09-17T12:43:23.793+0000] {processor.py:157} INFO - Started process (PID=349) to work on /home/airflow/.local/lib/python3.8/site-packages/airflow/example_dags/example_sensor_decorator.py
[2023-09-17T12:43:23.812+0000] {processor.py:829} INFO - Processing file /home/airflow/.local/lib/python3.8/site-packages/airflow/example_dags/example_sensor_decorator.py for tasks to queue
[2023-09-17T12:43:23.815+0000] {logging_mixin.py:151} INFO - [2023-09-17T12:43:23.814+0000] {dagbag.py:539} INFO - Filling up the DagBag from /home/airflow/.local/lib/python3.8/site-packages/airflow/example_dags/example_sensor_decorator.py
[2023-09-17T12:43:23.823+0000] {processor.py:839} INFO - DAG(s) dict_keys(['example_sensor_decorator']) retrieved from /home/airflow/.local/lib/python3.8/site-packages/airflow/example_dags/example_sensor_decorator.py
[2023-09-17T12:43:23.857+0000] {logging_mixin.py:151} INFO - [2023-09-17T12:43:23.857+0000] {dag.py:2915} INFO - Sync 1 DAGs
[2023-09-17T12:43:23.881+0000] {logging_mixin.py:151} INFO - [2023-09-17T12:43:23.880+0000] {dag.py:3696} INFO - Setting next_dagrun for example_sensor_decorator to None, run_after=None
[2023-09-17T12:43:23.936+0000] {processor.py:179} INFO - Processing /home/airflow/.local/lib/python3.8/site-packages/airflow/example_dags/example_sensor_decorator.py took 0.148 seconds
[2023-09-17T12:43:54.865+0000] {processor.py:157} INFO - Started process (PID=404) to work on /home/airflow/.local/lib/python3.8/site-packages/airflow/example_dags/example_sensor_decorator.py
[2023-09-17T12:43:54.866+0000] {processor.py:829} INFO - Processing file /home/airflow/.local/lib/python3.8/site-packages/airflow/example_dags/example_sensor_decorator.py for tasks to queue
[2023-09-17T12:43:54.870+0000] {logging_mixin.py:151} INFO - [2023-09-17T12:43:54.869+0000] {dagbag.py:539} INFO - Filling up the DagBag from /home/airflow/.local/lib/python3.8/site-packages/airflow/example_dags/example_sensor_decorator.py
[2023-09-17T12:43:54.890+0000] {processor.py:839} INFO - DAG(s) dict_keys(['example_sensor_decorator']) retrieved from /home/airflow/.local/lib/python3.8/site-packages/airflow/example_dags/example_sensor_decorator.py
[2023-09-17T12:43:54.939+0000] {logging_mixin.py:151} INFO - [2023-09-17T12:43:54.939+0000] {dag.py:2915} INFO - Sync 1 DAGs
[2023-09-17T12:43:54.985+0000] {logging_mixin.py:151} INFO - [2023-09-17T12:43:54.984+0000] {dag.py:3696} INFO - Setting next_dagrun for example_sensor_decorator to None, run_after=None
[2023-09-17T12:43:55.070+0000] {processor.py:179} INFO - Processing /home/airflow/.local/lib/python3.8/site-packages/airflow/example_dags/example_sensor_decorator.py took 0.212 seconds
[2023-09-17T12:44:25.743+0000] {processor.py:157} INFO - Started process (PID=460) to work on /home/airflow/.local/lib/python3.8/site-packages/airflow/example_dags/example_sensor_decorator.py
[2023-09-17T12:44:25.755+0000] {processor.py:829} INFO - Processing file /home/airflow/.local/lib/python3.8/site-packages/airflow/example_dags/example_sensor_decorator.py for tasks to queue
[2023-09-17T12:44:25.758+0000] {logging_mixin.py:151} INFO - [2023-09-17T12:44:25.758+0000] {dagbag.py:539} INFO - Filling up the DagBag from /home/airflow/.local/lib/python3.8/site-packages/airflow/example_dags/example_sensor_decorator.py
[2023-09-17T12:44:25.766+0000] {processor.py:839} INFO - DAG(s) dict_keys(['example_sensor_decorator']) retrieved from /home/airflow/.local/lib/python3.8/site-packages/airflow/example_dags/example_sensor_decorator.py
[2023-09-17T12:44:25.795+0000] {logging_mixin.py:151} INFO - [2023-09-17T12:44:25.795+0000] {dag.py:2915} INFO - Sync 1 DAGs
[2023-09-17T12:44:25.816+0000] {logging_mixin.py:151} INFO - [2023-09-17T12:44:25.815+0000] {dag.py:3696} INFO - Setting next_dagrun for example_sensor_decorator to None, run_after=None
[2023-09-17T12:44:25.856+0000] {processor.py:179} INFO - Processing /home/airflow/.local/lib/python3.8/site-packages/airflow/example_dags/example_sensor_decorator.py took 0.118 seconds
[2023-09-17T12:44:56.458+0000] {processor.py:157} INFO - Started process (PID=515) to work on /home/airflow/.local/lib/python3.8/site-packages/airflow/example_dags/example_sensor_decorator.py
[2023-09-17T12:44:56.459+0000] {processor.py:829} INFO - Processing file /home/airflow/.local/lib/python3.8/site-packages/airflow/example_dags/example_sensor_decorator.py for tasks to queue
[2023-09-17T12:44:56.465+0000] {logging_mixin.py:151} INFO - [2023-09-17T12:44:56.464+0000] {dagbag.py:539} INFO - Filling up the DagBag from /home/airflow/.local/lib/python3.8/site-packages/airflow/example_dags/example_sensor_decorator.py
[2023-09-17T12:44:56.483+0000] {processor.py:839} INFO - DAG(s) dict_keys(['example_sensor_decorator']) retrieved from /home/airflow/.local/lib/python3.8/site-packages/airflow/example_dags/example_sensor_decorator.py
[2023-09-17T12:44:56.534+0000] {logging_mixin.py:151} INFO - [2023-09-17T12:44:56.533+0000] {dag.py:2915} INFO - Sync 1 DAGs
[2023-09-17T12:44:56.583+0000] {logging_mixin.py:151} INFO - [2023-09-17T12:44:56.583+0000] {dag.py:3696} INFO - Setting next_dagrun for example_sensor_decorator to None, run_after=None
[2023-09-17T12:44:56.679+0000] {processor.py:179} INFO - Processing /home/airflow/.local/lib/python3.8/site-packages/airflow/example_dags/example_sensor_decorator.py took 0.229 seconds
[2023-09-17T12:45:26.766+0000] {processor.py:157} INFO - Started process (PID=571) to work on /home/airflow/.local/lib/python3.8/site-packages/airflow/example_dags/example_sensor_decorator.py
[2023-09-17T12:45:26.769+0000] {processor.py:829} INFO - Processing file /home/airflow/.local/lib/python3.8/site-packages/airflow/example_dags/example_sensor_decorator.py for tasks to queue
[2023-09-17T12:45:26.772+0000] {logging_mixin.py:151} INFO - [2023-09-17T12:45:26.771+0000] {dagbag.py:539} INFO - Filling up the DagBag from /home/airflow/.local/lib/python3.8/site-packages/airflow/example_dags/example_sensor_decorator.py
[2023-09-17T12:45:26.781+0000] {processor.py:839} INFO - DAG(s) dict_keys(['example_sensor_decorator']) retrieved from /home/airflow/.local/lib/python3.8/site-packages/airflow/example_dags/example_sensor_decorator.py
[2023-09-17T12:45:26.831+0000] {logging_mixin.py:151} INFO - [2023-09-17T12:45:26.831+0000] {dag.py:2915} INFO - Sync 1 DAGs
[2023-09-17T12:45:26.860+0000] {logging_mixin.py:151} INFO - [2023-09-17T12:45:26.859+0000] {dag.py:3696} INFO - Setting next_dagrun for example_sensor_decorator to None, run_after=None
[2023-09-17T12:45:26.906+0000] {processor.py:179} INFO - Processing /home/airflow/.local/lib/python3.8/site-packages/airflow/example_dags/example_sensor_decorator.py took 0.150 seconds
[2023-09-17T12:45:57.531+0000] {processor.py:157} INFO - Started process (PID=625) to work on /home/airflow/.local/lib/python3.8/site-packages/airflow/example_dags/example_sensor_decorator.py
[2023-09-17T12:45:57.533+0000] {processor.py:829} INFO - Processing file /home/airflow/.local/lib/python3.8/site-packages/airflow/example_dags/example_sensor_decorator.py for tasks to queue
[2023-09-17T12:45:57.538+0000] {logging_mixin.py:151} INFO - [2023-09-17T12:45:57.536+0000] {dagbag.py:539} INFO - Filling up the DagBag from /home/airflow/.local/lib/python3.8/site-packages/airflow/example_dags/example_sensor_decorator.py
[2023-09-17T12:45:57.552+0000] {processor.py:839} INFO - DAG(s) dict_keys(['example_sensor_decorator']) retrieved from /home/airflow/.local/lib/python3.8/site-packages/airflow/example_dags/example_sensor_decorator.py
[2023-09-17T12:45:57.621+0000] {logging_mixin.py:151} INFO - [2023-09-17T12:45:57.620+0000] {dag.py:2915} INFO - Sync 1 DAGs
[2023-09-17T12:45:57.648+0000] {logging_mixin.py:151} INFO - [2023-09-17T12:45:57.648+0000] {dag.py:3696} INFO - Setting next_dagrun for example_sensor_decorator to None, run_after=None
[2023-09-17T12:45:57.729+0000] {processor.py:179} INFO - Processing /home/airflow/.local/lib/python3.8/site-packages/airflow/example_dags/example_sensor_decorator.py took 0.219 seconds
[2023-09-17T12:46:28.522+0000] {processor.py:157} INFO - Started process (PID=680) to work on /home/airflow/.local/lib/python3.8/site-packages/airflow/example_dags/example_sensor_decorator.py
[2023-09-17T12:46:28.526+0000] {processor.py:829} INFO - Processing file /home/airflow/.local/lib/python3.8/site-packages/airflow/example_dags/example_sensor_decorator.py for tasks to queue
[2023-09-17T12:46:28.532+0000] {logging_mixin.py:151} INFO - [2023-09-17T12:46:28.531+0000] {dagbag.py:539} INFO - Filling up the DagBag from /home/airflow/.local/lib/python3.8/site-packages/airflow/example_dags/example_sensor_decorator.py
[2023-09-17T12:46:28.551+0000] {processor.py:839} INFO - DAG(s) dict_keys(['example_sensor_decorator']) retrieved from /home/airflow/.local/lib/python3.8/site-packages/airflow/example_dags/example_sensor_decorator.py
[2023-09-17T12:46:28.579+0000] {logging_mixin.py:151} INFO - [2023-09-17T12:46:28.579+0000] {dag.py:2915} INFO - Sync 1 DAGs
[2023-09-17T12:46:28.596+0000] {logging_mixin.py:151} INFO - [2023-09-17T12:46:28.596+0000] {dag.py:3696} INFO - Setting next_dagrun for example_sensor_decorator to None, run_after=None
[2023-09-17T12:46:28.625+0000] {processor.py:179} INFO - Processing /home/airflow/.local/lib/python3.8/site-packages/airflow/example_dags/example_sensor_decorator.py took 0.109 seconds
[2023-09-17T12:46:59.067+0000] {processor.py:157} INFO - Started process (PID=736) to work on /home/airflow/.local/lib/python3.8/site-packages/airflow/example_dags/example_sensor_decorator.py
[2023-09-17T12:46:59.069+0000] {processor.py:829} INFO - Processing file /home/airflow/.local/lib/python3.8/site-packages/airflow/example_dags/example_sensor_decorator.py for tasks to queue
[2023-09-17T12:46:59.073+0000] {logging_mixin.py:151} INFO - [2023-09-17T12:46:59.073+0000] {dagbag.py:539} INFO - Filling up the DagBag from /home/airflow/.local/lib/python3.8/site-packages/airflow/example_dags/example_sensor_decorator.py
[2023-09-17T12:46:59.081+0000] {processor.py:839} INFO - DAG(s) dict_keys(['example_sensor_decorator']) retrieved from /home/airflow/.local/lib/python3.8/site-packages/airflow/example_dags/example_sensor_decorator.py
[2023-09-17T12:46:59.126+0000] {logging_mixin.py:151} INFO - [2023-09-17T12:46:59.126+0000] {dag.py:2915} INFO - Sync 1 DAGs
[2023-09-17T12:46:59.153+0000] {logging_mixin.py:151} INFO - [2023-09-17T12:46:59.153+0000] {dag.py:3696} INFO - Setting next_dagrun for example_sensor_decorator to None, run_after=None
[2023-09-17T12:46:59.209+0000] {processor.py:179} INFO - Processing /home/airflow/.local/lib/python3.8/site-packages/airflow/example_dags/example_sensor_decorator.py took 0.151 seconds
[2023-09-17T12:47:29.715+0000] {processor.py:157} INFO - Started process (PID=792) to work on /home/airflow/.local/lib/python3.8/site-packages/airflow/example_dags/example_sensor_decorator.py
[2023-09-17T12:47:29.724+0000] {processor.py:829} INFO - Processing file /home/airflow/.local/lib/python3.8/site-packages/airflow/example_dags/example_sensor_decorator.py for tasks to queue
[2023-09-17T12:47:29.727+0000] {logging_mixin.py:151} INFO - [2023-09-17T12:47:29.727+0000] {dagbag.py:539} INFO - Filling up the DagBag from /home/airflow/.local/lib/python3.8/site-packages/airflow/example_dags/example_sensor_decorator.py
[2023-09-17T12:47:29.735+0000] {processor.py:839} INFO - DAG(s) dict_keys(['example_sensor_decorator']) retrieved from /home/airflow/.local/lib/python3.8/site-packages/airflow/example_dags/example_sensor_decorator.py
[2023-09-17T12:47:29.771+0000] {logging_mixin.py:151} INFO - [2023-09-17T12:47:29.771+0000] {dag.py:2915} INFO - Sync 1 DAGs
[2023-09-17T12:47:29.821+0000] {logging_mixin.py:151} INFO - [2023-09-17T12:47:29.821+0000] {dag.py:3696} INFO - Setting next_dagrun for example_sensor_decorator to None, run_after=None
[2023-09-17T12:47:29.902+0000] {processor.py:179} INFO - Processing /home/airflow/.local/lib/python3.8/site-packages/airflow/example_dags/example_sensor_decorator.py took 0.191 seconds
[2023-09-17T12:47:59.949+0000] {processor.py:157} INFO - Started process (PID=847) to work on /home/airflow/.local/lib/python3.8/site-packages/airflow/example_dags/example_sensor_decorator.py
[2023-09-17T12:47:59.950+0000] {processor.py:829} INFO - Processing file /home/airflow/.local/lib/python3.8/site-packages/airflow/example_dags/example_sensor_decorator.py for tasks to queue
[2023-09-17T12:47:59.952+0000] {logging_mixin.py:151} INFO - [2023-09-17T12:47:59.952+0000] {dagbag.py:539} INFO - Filling up the DagBag from /home/airflow/.local/lib/python3.8/site-packages/airflow/example_dags/example_sensor_decorator.py
[2023-09-17T12:47:59.959+0000] {processor.py:839} INFO - DAG(s) dict_keys(['example_sensor_decorator']) retrieved from /home/airflow/.local/lib/python3.8/site-packages/airflow/example_dags/example_sensor_decorator.py
[2023-09-17T12:47:59.983+0000] {logging_mixin.py:151} INFO - [2023-09-17T12:47:59.983+0000] {dag.py:2915} INFO - Sync 1 DAGs
[2023-09-17T12:47:59.999+0000] {logging_mixin.py:151} INFO - [2023-09-17T12:47:59.999+0000] {dag.py:3696} INFO - Setting next_dagrun for example_sensor_decorator to None, run_after=None
[2023-09-17T12:48:00.050+0000] {processor.py:179} INFO - Processing /home/airflow/.local/lib/python3.8/site-packages/airflow/example_dags/example_sensor_decorator.py took 0.104 seconds
[2023-09-17T12:48:31.435+0000] {processor.py:157} INFO - Started process (PID=902) to work on /home/airflow/.local/lib/python3.8/site-packages/airflow/example_dags/example_sensor_decorator.py
[2023-09-17T12:48:31.438+0000] {processor.py:829} INFO - Processing file /home/airflow/.local/lib/python3.8/site-packages/airflow/example_dags/example_sensor_decorator.py for tasks to queue
[2023-09-17T12:48:31.449+0000] {logging_mixin.py:151} INFO - [2023-09-17T12:48:31.445+0000] {dagbag.py:539} INFO - Filling up the DagBag from /home/airflow/.local/lib/python3.8/site-packages/airflow/example_dags/example_sensor_decorator.py
[2023-09-17T12:48:31.474+0000] {processor.py:839} INFO - DAG(s) dict_keys(['example_sensor_decorator']) retrieved from /home/airflow/.local/lib/python3.8/site-packages/airflow/example_dags/example_sensor_decorator.py
[2023-09-17T12:48:31.566+0000] {logging_mixin.py:151} INFO - [2023-09-17T12:48:31.566+0000] {dag.py:2915} INFO - Sync 1 DAGs
[2023-09-17T12:48:31.609+0000] {logging_mixin.py:151} INFO - [2023-09-17T12:48:31.608+0000] {dag.py:3696} INFO - Setting next_dagrun for example_sensor_decorator to None, run_after=None
[2023-09-17T12:48:31.658+0000] {processor.py:179} INFO - Processing /home/airflow/.local/lib/python3.8/site-packages/airflow/example_dags/example_sensor_decorator.py took 0.234 seconds
[2023-09-17T12:49:01.815+0000] {processor.py:157} INFO - Started process (PID=957) to work on /home/airflow/.local/lib/python3.8/site-packages/airflow/example_dags/example_sensor_decorator.py
[2023-09-17T12:49:01.816+0000] {processor.py:829} INFO - Processing file /home/airflow/.local/lib/python3.8/site-packages/airflow/example_dags/example_sensor_decorator.py for tasks to queue
[2023-09-17T12:49:01.820+0000] {logging_mixin.py:151} INFO - [2023-09-17T12:49:01.819+0000] {dagbag.py:539} INFO - Filling up the DagBag from /home/airflow/.local/lib/python3.8/site-packages/airflow/example_dags/example_sensor_decorator.py
[2023-09-17T12:49:01.836+0000] {processor.py:839} INFO - DAG(s) dict_keys(['example_sensor_decorator']) retrieved from /home/airflow/.local/lib/python3.8/site-packages/airflow/example_dags/example_sensor_decorator.py
[2023-09-17T12:49:01.884+0000] {logging_mixin.py:151} INFO - [2023-09-17T12:49:01.884+0000] {dag.py:2915} INFO - Sync 1 DAGs
[2023-09-17T12:49:01.913+0000] {logging_mixin.py:151} INFO - [2023-09-17T12:49:01.913+0000] {dag.py:3696} INFO - Setting next_dagrun for example_sensor_decorator to None, run_after=None
[2023-09-17T12:49:01.956+0000] {processor.py:179} INFO - Processing /home/airflow/.local/lib/python3.8/site-packages/airflow/example_dags/example_sensor_decorator.py took 0.146 seconds
[2023-09-17T12:49:32.665+0000] {processor.py:157} INFO - Started process (PID=1013) to work on /home/airflow/.local/lib/python3.8/site-packages/airflow/example_dags/example_sensor_decorator.py
[2023-09-17T12:49:32.689+0000] {processor.py:829} INFO - Processing file /home/airflow/.local/lib/python3.8/site-packages/airflow/example_dags/example_sensor_decorator.py for tasks to queue
[2023-09-17T12:49:32.693+0000] {logging_mixin.py:151} INFO - [2023-09-17T12:49:32.692+0000] {dagbag.py:539} INFO - Filling up the DagBag from /home/airflow/.local/lib/python3.8/site-packages/airflow/example_dags/example_sensor_decorator.py
[2023-09-17T12:49:32.709+0000] {processor.py:839} INFO - DAG(s) dict_keys(['example_sensor_decorator']) retrieved from /home/airflow/.local/lib/python3.8/site-packages/airflow/example_dags/example_sensor_decorator.py
[2023-09-17T12:49:32.762+0000] {logging_mixin.py:151} INFO - [2023-09-17T12:49:32.761+0000] {dag.py:2915} INFO - Sync 1 DAGs
[2023-09-17T12:49:32.793+0000] {logging_mixin.py:151} INFO - [2023-09-17T12:49:32.793+0000] {dag.py:3696} INFO - Setting next_dagrun for example_sensor_decorator to None, run_after=None
[2023-09-17T12:49:32.832+0000] {processor.py:179} INFO - Processing /home/airflow/.local/lib/python3.8/site-packages/airflow/example_dags/example_sensor_decorator.py took 0.171 seconds
[2023-09-17T12:50:02.943+0000] {processor.py:157} INFO - Started process (PID=1067) to work on /home/airflow/.local/lib/python3.8/site-packages/airflow/example_dags/example_sensor_decorator.py
[2023-09-17T12:50:02.944+0000] {processor.py:829} INFO - Processing file /home/airflow/.local/lib/python3.8/site-packages/airflow/example_dags/example_sensor_decorator.py for tasks to queue
[2023-09-17T12:50:02.947+0000] {logging_mixin.py:151} INFO - [2023-09-17T12:50:02.947+0000] {dagbag.py:539} INFO - Filling up the DagBag from /home/airflow/.local/lib/python3.8/site-packages/airflow/example_dags/example_sensor_decorator.py
[2023-09-17T12:50:02.957+0000] {processor.py:839} INFO - DAG(s) dict_keys(['example_sensor_decorator']) retrieved from /home/airflow/.local/lib/python3.8/site-packages/airflow/example_dags/example_sensor_decorator.py
[2023-09-17T12:50:02.990+0000] {logging_mixin.py:151} INFO - [2023-09-17T12:50:02.989+0000] {dag.py:2915} INFO - Sync 1 DAGs
[2023-09-17T12:50:03.014+0000] {logging_mixin.py:151} INFO - [2023-09-17T12:50:03.013+0000] {dag.py:3696} INFO - Setting next_dagrun for example_sensor_decorator to None, run_after=None
[2023-09-17T12:50:03.120+0000] {processor.py:179} INFO - Processing /home/airflow/.local/lib/python3.8/site-packages/airflow/example_dags/example_sensor_decorator.py took 0.183 seconds
[2023-09-17T12:50:33.739+0000] {processor.py:157} INFO - Started process (PID=1122) to work on /home/airflow/.local/lib/python3.8/site-packages/airflow/example_dags/example_sensor_decorator.py
[2023-09-17T12:50:33.765+0000] {processor.py:829} INFO - Processing file /home/airflow/.local/lib/python3.8/site-packages/airflow/example_dags/example_sensor_decorator.py for tasks to queue
[2023-09-17T12:50:33.772+0000] {logging_mixin.py:151} INFO - [2023-09-17T12:50:33.769+0000] {dagbag.py:539} INFO - Filling up the DagBag from /home/airflow/.local/lib/python3.8/site-packages/airflow/example_dags/example_sensor_decorator.py
[2023-09-17T12:50:33.785+0000] {processor.py:839} INFO - DAG(s) dict_keys(['example_sensor_decorator']) retrieved from /home/airflow/.local/lib/python3.8/site-packages/airflow/example_dags/example_sensor_decorator.py
[2023-09-17T12:50:33.865+0000] {logging_mixin.py:151} INFO - [2023-09-17T12:50:33.864+0000] {dag.py:2915} INFO - Sync 1 DAGs
[2023-09-17T12:50:33.970+0000] {logging_mixin.py:151} INFO - [2023-09-17T12:50:33.970+0000] {dag.py:3696} INFO - Setting next_dagrun for example_sensor_decorator to None, run_after=None
[2023-09-17T12:50:34.348+0000] {processor.py:179} INFO - Processing /home/airflow/.local/lib/python3.8/site-packages/airflow/example_dags/example_sensor_decorator.py took 0.645 seconds
[2023-09-17T12:51:04.920+0000] {processor.py:157} INFO - Started process (PID=1177) to work on /home/airflow/.local/lib/python3.8/site-packages/airflow/example_dags/example_sensor_decorator.py
[2023-09-17T12:51:04.920+0000] {processor.py:829} INFO - Processing file /home/airflow/.local/lib/python3.8/site-packages/airflow/example_dags/example_sensor_decorator.py for tasks to queue
[2023-09-17T12:51:04.923+0000] {logging_mixin.py:151} INFO - [2023-09-17T12:51:04.923+0000] {dagbag.py:539} INFO - Filling up the DagBag from /home/airflow/.local/lib/python3.8/site-packages/airflow/example_dags/example_sensor_decorator.py
[2023-09-17T12:51:04.933+0000] {processor.py:839} INFO - DAG(s) dict_keys(['example_sensor_decorator']) retrieved from /home/airflow/.local/lib/python3.8/site-packages/airflow/example_dags/example_sensor_decorator.py
[2023-09-17T12:51:04.963+0000] {logging_mixin.py:151} INFO - [2023-09-17T12:51:04.962+0000] {dag.py:2915} INFO - Sync 1 DAGs
[2023-09-17T12:51:04.986+0000] {logging_mixin.py:151} INFO - [2023-09-17T12:51:04.985+0000] {dag.py:3696} INFO - Setting next_dagrun for example_sensor_decorator to None, run_after=None
[2023-09-17T12:51:05.036+0000] {processor.py:179} INFO - Processing /home/airflow/.local/lib/python3.8/site-packages/airflow/example_dags/example_sensor_decorator.py took 0.124 seconds
[2023-09-17T12:51:35.624+0000] {processor.py:157} INFO - Started process (PID=1231) to work on /home/airflow/.local/lib/python3.8/site-packages/airflow/example_dags/example_sensor_decorator.py
[2023-09-17T12:51:35.626+0000] {processor.py:829} INFO - Processing file /home/airflow/.local/lib/python3.8/site-packages/airflow/example_dags/example_sensor_decorator.py for tasks to queue
[2023-09-17T12:51:35.631+0000] {logging_mixin.py:151} INFO - [2023-09-17T12:51:35.630+0000] {dagbag.py:539} INFO - Filling up the DagBag from /home/airflow/.local/lib/python3.8/site-packages/airflow/example_dags/example_sensor_decorator.py
[2023-09-17T12:51:35.644+0000] {processor.py:839} INFO - DAG(s) dict_keys(['example_sensor_decorator']) retrieved from /home/airflow/.local/lib/python3.8/site-packages/airflow/example_dags/example_sensor_decorator.py
[2023-09-17T12:51:35.693+0000] {logging_mixin.py:151} INFO - [2023-09-17T12:51:35.692+0000] {dag.py:2915} INFO - Sync 1 DAGs
[2023-09-17T12:51:35.725+0000] {logging_mixin.py:151} INFO - [2023-09-17T12:51:35.723+0000] {dag.py:3696} INFO - Setting next_dagrun for example_sensor_decorator to None, run_after=None
[2023-09-17T12:51:35.784+0000] {processor.py:179} INFO - Processing /home/airflow/.local/lib/python3.8/site-packages/airflow/example_dags/example_sensor_decorator.py took 0.170 seconds
[2023-09-17T12:52:06.215+0000] {processor.py:157} INFO - Started process (PID=1285) to work on /home/airflow/.local/lib/python3.8/site-packages/airflow/example_dags/example_sensor_decorator.py
[2023-09-17T12:52:06.216+0000] {processor.py:829} INFO - Processing file /home/airflow/.local/lib/python3.8/site-packages/airflow/example_dags/example_sensor_decorator.py for tasks to queue
[2023-09-17T12:52:06.225+0000] {logging_mixin.py:151} INFO - [2023-09-17T12:52:06.224+0000] {dagbag.py:539} INFO - Filling up the DagBag from /home/airflow/.local/lib/python3.8/site-packages/airflow/example_dags/example_sensor_decorator.py
[2023-09-17T12:52:06.240+0000] {processor.py:839} INFO - DAG(s) dict_keys(['example_sensor_decorator']) retrieved from /home/airflow/.local/lib/python3.8/site-packages/airflow/example_dags/example_sensor_decorator.py
[2023-09-17T12:52:06.287+0000] {logging_mixin.py:151} INFO - [2023-09-17T12:52:06.286+0000] {dag.py:2915} INFO - Sync 1 DAGs
[2023-09-17T12:52:06.328+0000] {logging_mixin.py:151} INFO - [2023-09-17T12:52:06.328+0000] {dag.py:3696} INFO - Setting next_dagrun for example_sensor_decorator to None, run_after=None
[2023-09-17T12:52:06.393+0000] {processor.py:179} INFO - Processing /home/airflow/.local/lib/python3.8/site-packages/airflow/example_dags/example_sensor_decorator.py took 0.183 seconds
[2023-09-17T12:52:36.531+0000] {processor.py:157} INFO - Started process (PID=1341) to work on /home/airflow/.local/lib/python3.8/site-packages/airflow/example_dags/example_sensor_decorator.py
[2023-09-17T12:52:36.532+0000] {processor.py:829} INFO - Processing file /home/airflow/.local/lib/python3.8/site-packages/airflow/example_dags/example_sensor_decorator.py for tasks to queue
[2023-09-17T12:52:36.535+0000] {logging_mixin.py:151} INFO - [2023-09-17T12:52:36.534+0000] {dagbag.py:539} INFO - Filling up the DagBag from /home/airflow/.local/lib/python3.8/site-packages/airflow/example_dags/example_sensor_decorator.py
[2023-09-17T12:52:36.544+0000] {processor.py:839} INFO - DAG(s) dict_keys(['example_sensor_decorator']) retrieved from /home/airflow/.local/lib/python3.8/site-packages/airflow/example_dags/example_sensor_decorator.py
[2023-09-17T12:52:36.586+0000] {logging_mixin.py:151} INFO - [2023-09-17T12:52:36.586+0000] {dag.py:2915} INFO - Sync 1 DAGs
[2023-09-17T12:52:36.611+0000] {logging_mixin.py:151} INFO - [2023-09-17T12:52:36.610+0000] {dag.py:3696} INFO - Setting next_dagrun for example_sensor_decorator to None, run_after=None
[2023-09-17T12:52:36.650+0000] {processor.py:179} INFO - Processing /home/airflow/.local/lib/python3.8/site-packages/airflow/example_dags/example_sensor_decorator.py took 0.126 seconds
[2023-09-17T12:53:06.781+0000] {processor.py:157} INFO - Started process (PID=1396) to work on /home/airflow/.local/lib/python3.8/site-packages/airflow/example_dags/example_sensor_decorator.py
[2023-09-17T12:53:06.794+0000] {processor.py:829} INFO - Processing file /home/airflow/.local/lib/python3.8/site-packages/airflow/example_dags/example_sensor_decorator.py for tasks to queue
[2023-09-17T12:53:06.805+0000] {logging_mixin.py:151} INFO - [2023-09-17T12:53:06.798+0000] {dagbag.py:539} INFO - Filling up the DagBag from /home/airflow/.local/lib/python3.8/site-packages/airflow/example_dags/example_sensor_decorator.py
[2023-09-17T12:53:06.881+0000] {processor.py:839} INFO - DAG(s) dict_keys(['example_sensor_decorator']) retrieved from /home/airflow/.local/lib/python3.8/site-packages/airflow/example_dags/example_sensor_decorator.py
[2023-09-17T12:53:06.939+0000] {logging_mixin.py:151} INFO - [2023-09-17T12:53:06.939+0000] {dag.py:2915} INFO - Sync 1 DAGs
[2023-09-17T12:53:07.039+0000] {logging_mixin.py:151} INFO - [2023-09-17T12:53:07.039+0000] {dag.py:3696} INFO - Setting next_dagrun for example_sensor_decorator to None, run_after=None
[2023-09-17T12:53:07.197+0000] {processor.py:179} INFO - Processing /home/airflow/.local/lib/python3.8/site-packages/airflow/example_dags/example_sensor_decorator.py took 0.435 seconds
