[2023-09-17T12:40:31.113+0000] {processor.py:157} INFO - Started process (PID=45) to work on /home/airflow/.local/lib/python3.8/site-packages/airflow/example_dags/example_branch_operator.py
[2023-09-17T12:40:31.114+0000] {processor.py:829} INFO - Processing file /home/airflow/.local/lib/python3.8/site-packages/airflow/example_dags/example_branch_operator.py for tasks to queue
[2023-09-17T12:40:31.118+0000] {logging_mixin.py:151} INFO - [2023-09-17T12:40:31.118+0000] {dagbag.py:539} INFO - Filling up the DagBag from /home/airflow/.local/lib/python3.8/site-packages/airflow/example_dags/example_branch_operator.py
[2023-09-17T12:40:31.143+0000] {processor.py:839} INFO - DAG(s) dict_keys(['example_branch_operator']) retrieved from /home/airflow/.local/lib/python3.8/site-packages/airflow/example_dags/example_branch_operator.py
[2023-09-17T12:40:31.582+0000] {logging_mixin.py:151} INFO - [2023-09-17T12:40:31.582+0000] {manager.py:499} INFO - Created Permission View: %s
[2023-09-17T12:40:31.760+0000] {logging_mixin.py:151} INFO - [2023-09-17T12:40:31.759+0000] {manager.py:499} INFO - Created Permission View: %s
[2023-09-17T12:40:31.863+0000] {logging_mixin.py:151} INFO - [2023-09-17T12:40:31.862+0000] {manager.py:499} INFO - Created Permission View: %s
[2023-09-17T12:40:31.863+0000] {logging_mixin.py:151} INFO - [2023-09-17T12:40:31.863+0000] {security.py:708} INFO - Not syncing DAG-level permissions for DAG 'DAG:example_branch_operator' as access control is unset.
[2023-09-17T12:40:31.864+0000] {logging_mixin.py:151} INFO - [2023-09-17T12:40:31.864+0000] {dag.py:2915} INFO - Sync 1 DAGs
[2023-09-17T12:40:31.948+0000] {logging_mixin.py:151} INFO - [2023-09-17T12:40:31.947+0000] {dag.py:2937} INFO - Creating ORM DAG for example_branch_operator
[2023-09-17T12:40:31.979+0000] {logging_mixin.py:151} INFO - [2023-09-17T12:40:31.978+0000] {dag.py:3696} INFO - Setting next_dagrun for example_branch_operator to 2023-09-16T00:00:00+00:00, run_after=2023-09-17T00:00:00+00:00
[2023-09-17T12:40:32.059+0000] {processor.py:179} INFO - Processing /home/airflow/.local/lib/python3.8/site-packages/airflow/example_dags/example_branch_operator.py took 0.954 seconds
[2023-09-17T12:41:02.921+0000] {processor.py:157} INFO - Started process (PID=100) to work on /home/airflow/.local/lib/python3.8/site-packages/airflow/example_dags/example_branch_operator.py
[2023-09-17T12:41:02.981+0000] {processor.py:829} INFO - Processing file /home/airflow/.local/lib/python3.8/site-packages/airflow/example_dags/example_branch_operator.py for tasks to queue
[2023-09-17T12:41:02.985+0000] {logging_mixin.py:151} INFO - [2023-09-17T12:41:02.984+0000] {dagbag.py:539} INFO - Filling up the DagBag from /home/airflow/.local/lib/python3.8/site-packages/airflow/example_dags/example_branch_operator.py
[2023-09-17T12:41:03.003+0000] {processor.py:839} INFO - DAG(s) dict_keys(['example_branch_operator']) retrieved from /home/airflow/.local/lib/python3.8/site-packages/airflow/example_dags/example_branch_operator.py
[2023-09-17T12:41:03.042+0000] {logging_mixin.py:151} INFO - [2023-09-17T12:41:03.042+0000] {dag.py:2915} INFO - Sync 1 DAGs
[2023-09-17T12:41:03.081+0000] {logging_mixin.py:151} INFO - [2023-09-17T12:41:03.081+0000] {dag.py:3696} INFO - Setting next_dagrun for example_branch_operator to 2023-09-16T00:00:00+00:00, run_after=2023-09-17T00:00:00+00:00
[2023-09-17T12:41:03.142+0000] {processor.py:179} INFO - Processing /home/airflow/.local/lib/python3.8/site-packages/airflow/example_dags/example_branch_operator.py took 0.225 seconds
[2023-09-17T12:41:33.270+0000] {processor.py:157} INFO - Started process (PID=155) to work on /home/airflow/.local/lib/python3.8/site-packages/airflow/example_dags/example_branch_operator.py
[2023-09-17T12:41:33.290+0000] {processor.py:829} INFO - Processing file /home/airflow/.local/lib/python3.8/site-packages/airflow/example_dags/example_branch_operator.py for tasks to queue
[2023-09-17T12:41:33.292+0000] {logging_mixin.py:151} INFO - [2023-09-17T12:41:33.292+0000] {dagbag.py:539} INFO - Filling up the DagBag from /home/airflow/.local/lib/python3.8/site-packages/airflow/example_dags/example_branch_operator.py
[2023-09-17T12:41:33.305+0000] {processor.py:839} INFO - DAG(s) dict_keys(['example_branch_operator']) retrieved from /home/airflow/.local/lib/python3.8/site-packages/airflow/example_dags/example_branch_operator.py
[2023-09-17T12:41:33.338+0000] {logging_mixin.py:151} INFO - [2023-09-17T12:41:33.337+0000] {dag.py:2915} INFO - Sync 1 DAGs
[2023-09-17T12:41:33.373+0000] {logging_mixin.py:151} INFO - [2023-09-17T12:41:33.373+0000] {dag.py:3696} INFO - Setting next_dagrun for example_branch_operator to 2023-09-16T00:00:00+00:00, run_after=2023-09-17T00:00:00+00:00
[2023-09-17T12:41:33.415+0000] {processor.py:179} INFO - Processing /home/airflow/.local/lib/python3.8/site-packages/airflow/example_dags/example_branch_operator.py took 0.150 seconds
[2023-09-17T12:42:03.612+0000] {processor.py:157} INFO - Started process (PID=210) to work on /home/airflow/.local/lib/python3.8/site-packages/airflow/example_dags/example_branch_operator.py
[2023-09-17T12:42:03.614+0000] {processor.py:829} INFO - Processing file /home/airflow/.local/lib/python3.8/site-packages/airflow/example_dags/example_branch_operator.py for tasks to queue
[2023-09-17T12:42:03.616+0000] {logging_mixin.py:151} INFO - [2023-09-17T12:42:03.616+0000] {dagbag.py:539} INFO - Filling up the DagBag from /home/airflow/.local/lib/python3.8/site-packages/airflow/example_dags/example_branch_operator.py
[2023-09-17T12:42:03.629+0000] {processor.py:839} INFO - DAG(s) dict_keys(['example_branch_operator']) retrieved from /home/airflow/.local/lib/python3.8/site-packages/airflow/example_dags/example_branch_operator.py
[2023-09-17T12:42:03.667+0000] {logging_mixin.py:151} INFO - [2023-09-17T12:42:03.666+0000] {dag.py:2915} INFO - Sync 1 DAGs
[2023-09-17T12:42:03.699+0000] {logging_mixin.py:151} INFO - [2023-09-17T12:42:03.699+0000] {dag.py:3696} INFO - Setting next_dagrun for example_branch_operator to 2023-09-16T00:00:00+00:00, run_after=2023-09-17T00:00:00+00:00
[2023-09-17T12:42:03.745+0000] {processor.py:179} INFO - Processing /home/airflow/.local/lib/python3.8/site-packages/airflow/example_dags/example_branch_operator.py took 0.138 seconds
[2023-09-17T12:42:34.030+0000] {processor.py:157} INFO - Started process (PID=265) to work on /home/airflow/.local/lib/python3.8/site-packages/airflow/example_dags/example_branch_operator.py
[2023-09-17T12:42:34.031+0000] {processor.py:829} INFO - Processing file /home/airflow/.local/lib/python3.8/site-packages/airflow/example_dags/example_branch_operator.py for tasks to queue
[2023-09-17T12:42:34.034+0000] {logging_mixin.py:151} INFO - [2023-09-17T12:42:34.033+0000] {dagbag.py:539} INFO - Filling up the DagBag from /home/airflow/.local/lib/python3.8/site-packages/airflow/example_dags/example_branch_operator.py
[2023-09-17T12:42:34.049+0000] {processor.py:839} INFO - DAG(s) dict_keys(['example_branch_operator']) retrieved from /home/airflow/.local/lib/python3.8/site-packages/airflow/example_dags/example_branch_operator.py
[2023-09-17T12:42:34.102+0000] {logging_mixin.py:151} INFO - [2023-09-17T12:42:34.102+0000] {dag.py:2915} INFO - Sync 1 DAGs
[2023-09-17T12:42:34.149+0000] {logging_mixin.py:151} INFO - [2023-09-17T12:42:34.149+0000] {dag.py:3696} INFO - Setting next_dagrun for example_branch_operator to 2023-09-16T00:00:00+00:00, run_after=2023-09-17T00:00:00+00:00
[2023-09-17T12:42:34.220+0000] {processor.py:179} INFO - Processing /home/airflow/.local/lib/python3.8/site-packages/airflow/example_dags/example_branch_operator.py took 0.194 seconds
[2023-09-17T12:43:04.829+0000] {processor.py:157} INFO - Started process (PID=320) to work on /home/airflow/.local/lib/python3.8/site-packages/airflow/example_dags/example_branch_operator.py
[2023-09-17T12:43:04.850+0000] {processor.py:829} INFO - Processing file /home/airflow/.local/lib/python3.8/site-packages/airflow/example_dags/example_branch_operator.py for tasks to queue
[2023-09-17T12:43:04.854+0000] {logging_mixin.py:151} INFO - [2023-09-17T12:43:04.853+0000] {dagbag.py:539} INFO - Filling up the DagBag from /home/airflow/.local/lib/python3.8/site-packages/airflow/example_dags/example_branch_operator.py
[2023-09-17T12:43:04.876+0000] {processor.py:839} INFO - DAG(s) dict_keys(['example_branch_operator']) retrieved from /home/airflow/.local/lib/python3.8/site-packages/airflow/example_dags/example_branch_operator.py
[2023-09-17T12:43:04.924+0000] {logging_mixin.py:151} INFO - [2023-09-17T12:43:04.924+0000] {dag.py:2915} INFO - Sync 1 DAGs
[2023-09-17T12:43:04.976+0000] {logging_mixin.py:151} INFO - [2023-09-17T12:43:04.976+0000] {dag.py:3696} INFO - Setting next_dagrun for example_branch_operator to 2023-09-16T00:00:00+00:00, run_after=2023-09-17T00:00:00+00:00
[2023-09-17T12:43:05.105+0000] {processor.py:179} INFO - Processing /home/airflow/.local/lib/python3.8/site-packages/airflow/example_dags/example_branch_operator.py took 0.282 seconds
[2023-09-17T12:43:35.318+0000] {processor.py:157} INFO - Started process (PID=375) to work on /home/airflow/.local/lib/python3.8/site-packages/airflow/example_dags/example_branch_operator.py
[2023-09-17T12:43:35.319+0000] {processor.py:829} INFO - Processing file /home/airflow/.local/lib/python3.8/site-packages/airflow/example_dags/example_branch_operator.py for tasks to queue
[2023-09-17T12:43:35.323+0000] {logging_mixin.py:151} INFO - [2023-09-17T12:43:35.322+0000] {dagbag.py:539} INFO - Filling up the DagBag from /home/airflow/.local/lib/python3.8/site-packages/airflow/example_dags/example_branch_operator.py
[2023-09-17T12:43:35.339+0000] {processor.py:839} INFO - DAG(s) dict_keys(['example_branch_operator']) retrieved from /home/airflow/.local/lib/python3.8/site-packages/airflow/example_dags/example_branch_operator.py
[2023-09-17T12:43:35.379+0000] {logging_mixin.py:151} INFO - [2023-09-17T12:43:35.378+0000] {dag.py:2915} INFO - Sync 1 DAGs
[2023-09-17T12:43:35.445+0000] {logging_mixin.py:151} INFO - [2023-09-17T12:43:35.444+0000] {dag.py:3696} INFO - Setting next_dagrun for example_branch_operator to 2023-09-16T00:00:00+00:00, run_after=2023-09-17T00:00:00+00:00
[2023-09-17T12:43:35.548+0000] {processor.py:179} INFO - Processing /home/airflow/.local/lib/python3.8/site-packages/airflow/example_dags/example_branch_operator.py took 0.236 seconds
[2023-09-17T12:44:06.032+0000] {processor.py:157} INFO - Started process (PID=429) to work on /home/airflow/.local/lib/python3.8/site-packages/airflow/example_dags/example_branch_operator.py
[2023-09-17T12:44:06.033+0000] {processor.py:829} INFO - Processing file /home/airflow/.local/lib/python3.8/site-packages/airflow/example_dags/example_branch_operator.py for tasks to queue
[2023-09-17T12:44:06.037+0000] {logging_mixin.py:151} INFO - [2023-09-17T12:44:06.036+0000] {dagbag.py:539} INFO - Filling up the DagBag from /home/airflow/.local/lib/python3.8/site-packages/airflow/example_dags/example_branch_operator.py
[2023-09-17T12:44:06.054+0000] {processor.py:839} INFO - DAG(s) dict_keys(['example_branch_operator']) retrieved from /home/airflow/.local/lib/python3.8/site-packages/airflow/example_dags/example_branch_operator.py
[2023-09-17T12:44:06.087+0000] {logging_mixin.py:151} INFO - [2023-09-17T12:44:06.086+0000] {dag.py:2915} INFO - Sync 1 DAGs
[2023-09-17T12:44:06.121+0000] {logging_mixin.py:151} INFO - [2023-09-17T12:44:06.120+0000] {dag.py:3696} INFO - Setting next_dagrun for example_branch_operator to 2023-09-16T00:00:00+00:00, run_after=2023-09-17T00:00:00+00:00
[2023-09-17T12:44:06.154+0000] {processor.py:179} INFO - Processing /home/airflow/.local/lib/python3.8/site-packages/airflow/example_dags/example_branch_operator.py took 0.127 seconds
[2023-09-17T12:44:36.501+0000] {processor.py:157} INFO - Started process (PID=484) to work on /home/airflow/.local/lib/python3.8/site-packages/airflow/example_dags/example_branch_operator.py
[2023-09-17T12:44:36.532+0000] {processor.py:829} INFO - Processing file /home/airflow/.local/lib/python3.8/site-packages/airflow/example_dags/example_branch_operator.py for tasks to queue
[2023-09-17T12:44:36.537+0000] {logging_mixin.py:151} INFO - [2023-09-17T12:44:36.536+0000] {dagbag.py:539} INFO - Filling up the DagBag from /home/airflow/.local/lib/python3.8/site-packages/airflow/example_dags/example_branch_operator.py
[2023-09-17T12:44:36.554+0000] {processor.py:839} INFO - DAG(s) dict_keys(['example_branch_operator']) retrieved from /home/airflow/.local/lib/python3.8/site-packages/airflow/example_dags/example_branch_operator.py
[2023-09-17T12:44:36.610+0000] {logging_mixin.py:151} INFO - [2023-09-17T12:44:36.609+0000] {dag.py:2915} INFO - Sync 1 DAGs
[2023-09-17T12:44:36.647+0000] {logging_mixin.py:151} INFO - [2023-09-17T12:44:36.647+0000] {dag.py:3696} INFO - Setting next_dagrun for example_branch_operator to 2023-09-16T00:00:00+00:00, run_after=2023-09-17T00:00:00+00:00
[2023-09-17T12:44:36.688+0000] {processor.py:179} INFO - Processing /home/airflow/.local/lib/python3.8/site-packages/airflow/example_dags/example_branch_operator.py took 0.190 seconds
[2023-09-17T12:45:06.868+0000] {processor.py:157} INFO - Started process (PID=539) to work on /home/airflow/.local/lib/python3.8/site-packages/airflow/example_dags/example_branch_operator.py
[2023-09-17T12:45:06.869+0000] {processor.py:829} INFO - Processing file /home/airflow/.local/lib/python3.8/site-packages/airflow/example_dags/example_branch_operator.py for tasks to queue
[2023-09-17T12:45:06.871+0000] {logging_mixin.py:151} INFO - [2023-09-17T12:45:06.871+0000] {dagbag.py:539} INFO - Filling up the DagBag from /home/airflow/.local/lib/python3.8/site-packages/airflow/example_dags/example_branch_operator.py
[2023-09-17T12:45:06.887+0000] {processor.py:839} INFO - DAG(s) dict_keys(['example_branch_operator']) retrieved from /home/airflow/.local/lib/python3.8/site-packages/airflow/example_dags/example_branch_operator.py
[2023-09-17T12:45:06.921+0000] {logging_mixin.py:151} INFO - [2023-09-17T12:45:06.920+0000] {dag.py:2915} INFO - Sync 1 DAGs
[2023-09-17T12:45:06.992+0000] {logging_mixin.py:151} INFO - [2023-09-17T12:45:06.991+0000] {dag.py:3696} INFO - Setting next_dagrun for example_branch_operator to 2023-09-16T00:00:00+00:00, run_after=2023-09-17T00:00:00+00:00
[2023-09-17T12:45:07.094+0000] {processor.py:179} INFO - Processing /home/airflow/.local/lib/python3.8/site-packages/airflow/example_dags/example_branch_operator.py took 0.230 seconds
[2023-09-17T12:45:37.427+0000] {processor.py:157} INFO - Started process (PID=594) to work on /home/airflow/.local/lib/python3.8/site-packages/airflow/example_dags/example_branch_operator.py
[2023-09-17T12:45:37.429+0000] {processor.py:829} INFO - Processing file /home/airflow/.local/lib/python3.8/site-packages/airflow/example_dags/example_branch_operator.py for tasks to queue
[2023-09-17T12:45:37.434+0000] {logging_mixin.py:151} INFO - [2023-09-17T12:45:37.433+0000] {dagbag.py:539} INFO - Filling up the DagBag from /home/airflow/.local/lib/python3.8/site-packages/airflow/example_dags/example_branch_operator.py
[2023-09-17T12:45:37.451+0000] {processor.py:839} INFO - DAG(s) dict_keys(['example_branch_operator']) retrieved from /home/airflow/.local/lib/python3.8/site-packages/airflow/example_dags/example_branch_operator.py
[2023-09-17T12:45:37.482+0000] {logging_mixin.py:151} INFO - [2023-09-17T12:45:37.482+0000] {dag.py:2915} INFO - Sync 1 DAGs
[2023-09-17T12:45:37.515+0000] {logging_mixin.py:151} INFO - [2023-09-17T12:45:37.514+0000] {dag.py:3696} INFO - Setting next_dagrun for example_branch_operator to 2023-09-16T00:00:00+00:00, run_after=2023-09-17T00:00:00+00:00
[2023-09-17T12:45:37.549+0000] {processor.py:179} INFO - Processing /home/airflow/.local/lib/python3.8/site-packages/airflow/example_dags/example_branch_operator.py took 0.129 seconds
[2023-09-17T12:46:07.637+0000] {processor.py:157} INFO - Started process (PID=649) to work on /home/airflow/.local/lib/python3.8/site-packages/airflow/example_dags/example_branch_operator.py
[2023-09-17T12:46:07.638+0000] {processor.py:829} INFO - Processing file /home/airflow/.local/lib/python3.8/site-packages/airflow/example_dags/example_branch_operator.py for tasks to queue
[2023-09-17T12:46:07.641+0000] {logging_mixin.py:151} INFO - [2023-09-17T12:46:07.640+0000] {dagbag.py:539} INFO - Filling up the DagBag from /home/airflow/.local/lib/python3.8/site-packages/airflow/example_dags/example_branch_operator.py
[2023-09-17T12:46:07.655+0000] {processor.py:839} INFO - DAG(s) dict_keys(['example_branch_operator']) retrieved from /home/airflow/.local/lib/python3.8/site-packages/airflow/example_dags/example_branch_operator.py
[2023-09-17T12:46:07.688+0000] {logging_mixin.py:151} INFO - [2023-09-17T12:46:07.688+0000] {dag.py:2915} INFO - Sync 1 DAGs
[2023-09-17T12:46:07.724+0000] {logging_mixin.py:151} INFO - [2023-09-17T12:46:07.724+0000] {dag.py:3696} INFO - Setting next_dagrun for example_branch_operator to 2023-09-16T00:00:00+00:00, run_after=2023-09-17T00:00:00+00:00
[2023-09-17T12:46:07.759+0000] {processor.py:179} INFO - Processing /home/airflow/.local/lib/python3.8/site-packages/airflow/example_dags/example_branch_operator.py took 0.125 seconds
[2023-09-17T12:46:38.200+0000] {processor.py:157} INFO - Started process (PID=704) to work on /home/airflow/.local/lib/python3.8/site-packages/airflow/example_dags/example_branch_operator.py
[2023-09-17T12:46:38.222+0000] {processor.py:829} INFO - Processing file /home/airflow/.local/lib/python3.8/site-packages/airflow/example_dags/example_branch_operator.py for tasks to queue
[2023-09-17T12:46:38.225+0000] {logging_mixin.py:151} INFO - [2023-09-17T12:46:38.224+0000] {dagbag.py:539} INFO - Filling up the DagBag from /home/airflow/.local/lib/python3.8/site-packages/airflow/example_dags/example_branch_operator.py
[2023-09-17T12:46:38.243+0000] {processor.py:839} INFO - DAG(s) dict_keys(['example_branch_operator']) retrieved from /home/airflow/.local/lib/python3.8/site-packages/airflow/example_dags/example_branch_operator.py
[2023-09-17T12:46:38.277+0000] {logging_mixin.py:151} INFO - [2023-09-17T12:46:38.276+0000] {dag.py:2915} INFO - Sync 1 DAGs
[2023-09-17T12:46:38.327+0000] {logging_mixin.py:151} INFO - [2023-09-17T12:46:38.327+0000] {dag.py:3696} INFO - Setting next_dagrun for example_branch_operator to 2023-09-16T00:00:00+00:00, run_after=2023-09-17T00:00:00+00:00
[2023-09-17T12:46:38.370+0000] {processor.py:179} INFO - Processing /home/airflow/.local/lib/python3.8/site-packages/airflow/example_dags/example_branch_operator.py took 0.174 seconds
[2023-09-17T12:47:09.254+0000] {processor.py:157} INFO - Started process (PID=761) to work on /home/airflow/.local/lib/python3.8/site-packages/airflow/example_dags/example_branch_operator.py
[2023-09-17T12:47:09.255+0000] {processor.py:829} INFO - Processing file /home/airflow/.local/lib/python3.8/site-packages/airflow/example_dags/example_branch_operator.py for tasks to queue
[2023-09-17T12:47:09.259+0000] {logging_mixin.py:151} INFO - [2023-09-17T12:47:09.258+0000] {dagbag.py:539} INFO - Filling up the DagBag from /home/airflow/.local/lib/python3.8/site-packages/airflow/example_dags/example_branch_operator.py
[2023-09-17T12:47:09.277+0000] {processor.py:839} INFO - DAG(s) dict_keys(['example_branch_operator']) retrieved from /home/airflow/.local/lib/python3.8/site-packages/airflow/example_dags/example_branch_operator.py
[2023-09-17T12:47:09.322+0000] {logging_mixin.py:151} INFO - [2023-09-17T12:47:09.322+0000] {dag.py:2915} INFO - Sync 1 DAGs
[2023-09-17T12:47:09.368+0000] {logging_mixin.py:151} INFO - [2023-09-17T12:47:09.368+0000] {dag.py:3696} INFO - Setting next_dagrun for example_branch_operator to 2023-09-16T00:00:00+00:00, run_after=2023-09-17T00:00:00+00:00
[2023-09-17T12:47:09.411+0000] {processor.py:179} INFO - Processing /home/airflow/.local/lib/python3.8/site-packages/airflow/example_dags/example_branch_operator.py took 0.163 seconds
[2023-09-17T12:47:39.597+0000] {processor.py:157} INFO - Started process (PID=816) to work on /home/airflow/.local/lib/python3.8/site-packages/airflow/example_dags/example_branch_operator.py
[2023-09-17T12:47:39.616+0000] {processor.py:829} INFO - Processing file /home/airflow/.local/lib/python3.8/site-packages/airflow/example_dags/example_branch_operator.py for tasks to queue
[2023-09-17T12:47:39.623+0000] {logging_mixin.py:151} INFO - [2023-09-17T12:47:39.622+0000] {dagbag.py:539} INFO - Filling up the DagBag from /home/airflow/.local/lib/python3.8/site-packages/airflow/example_dags/example_branch_operator.py
[2023-09-17T12:47:39.641+0000] {processor.py:839} INFO - DAG(s) dict_keys(['example_branch_operator']) retrieved from /home/airflow/.local/lib/python3.8/site-packages/airflow/example_dags/example_branch_operator.py
[2023-09-17T12:47:39.684+0000] {logging_mixin.py:151} INFO - [2023-09-17T12:47:39.684+0000] {dag.py:2915} INFO - Sync 1 DAGs
[2023-09-17T12:47:39.729+0000] {logging_mixin.py:151} INFO - [2023-09-17T12:47:39.729+0000] {dag.py:3696} INFO - Setting next_dagrun for example_branch_operator to 2023-09-16T00:00:00+00:00, run_after=2023-09-17T00:00:00+00:00
[2023-09-17T12:47:39.772+0000] {processor.py:179} INFO - Processing /home/airflow/.local/lib/python3.8/site-packages/airflow/example_dags/example_branch_operator.py took 0.181 seconds
[2023-09-17T12:48:10.050+0000] {processor.py:157} INFO - Started process (PID=871) to work on /home/airflow/.local/lib/python3.8/site-packages/airflow/example_dags/example_branch_operator.py
[2023-09-17T12:48:10.051+0000] {processor.py:829} INFO - Processing file /home/airflow/.local/lib/python3.8/site-packages/airflow/example_dags/example_branch_operator.py for tasks to queue
[2023-09-17T12:48:10.054+0000] {logging_mixin.py:151} INFO - [2023-09-17T12:48:10.053+0000] {dagbag.py:539} INFO - Filling up the DagBag from /home/airflow/.local/lib/python3.8/site-packages/airflow/example_dags/example_branch_operator.py
[2023-09-17T12:48:10.070+0000] {processor.py:839} INFO - DAG(s) dict_keys(['example_branch_operator']) retrieved from /home/airflow/.local/lib/python3.8/site-packages/airflow/example_dags/example_branch_operator.py
[2023-09-17T12:48:10.106+0000] {logging_mixin.py:151} INFO - [2023-09-17T12:48:10.105+0000] {dag.py:2915} INFO - Sync 1 DAGs
[2023-09-17T12:48:10.142+0000] {logging_mixin.py:151} INFO - [2023-09-17T12:48:10.142+0000] {dag.py:3696} INFO - Setting next_dagrun for example_branch_operator to 2023-09-16T00:00:00+00:00, run_after=2023-09-17T00:00:00+00:00
[2023-09-17T12:48:10.179+0000] {processor.py:179} INFO - Processing /home/airflow/.local/lib/python3.8/site-packages/airflow/example_dags/example_branch_operator.py took 0.133 seconds
[2023-09-17T12:48:40.398+0000] {processor.py:157} INFO - Started process (PID=926) to work on /home/airflow/.local/lib/python3.8/site-packages/airflow/example_dags/example_branch_operator.py
[2023-09-17T12:48:40.466+0000] {processor.py:829} INFO - Processing file /home/airflow/.local/lib/python3.8/site-packages/airflow/example_dags/example_branch_operator.py for tasks to queue
[2023-09-17T12:48:40.491+0000] {logging_mixin.py:151} INFO - [2023-09-17T12:48:40.490+0000] {dagbag.py:539} INFO - Filling up the DagBag from /home/airflow/.local/lib/python3.8/site-packages/airflow/example_dags/example_branch_operator.py
[2023-09-17T12:48:40.506+0000] {processor.py:839} INFO - DAG(s) dict_keys(['example_branch_operator']) retrieved from /home/airflow/.local/lib/python3.8/site-packages/airflow/example_dags/example_branch_operator.py
[2023-09-17T12:48:40.542+0000] {logging_mixin.py:151} INFO - [2023-09-17T12:48:40.542+0000] {dag.py:2915} INFO - Sync 1 DAGs
[2023-09-17T12:48:40.581+0000] {logging_mixin.py:151} INFO - [2023-09-17T12:48:40.580+0000] {dag.py:3696} INFO - Setting next_dagrun for example_branch_operator to 2023-09-16T00:00:00+00:00, run_after=2023-09-17T00:00:00+00:00
[2023-09-17T12:48:40.633+0000] {processor.py:179} INFO - Processing /home/airflow/.local/lib/python3.8/site-packages/airflow/example_dags/example_branch_operator.py took 0.239 seconds
[2023-09-17T12:49:10.924+0000] {processor.py:157} INFO - Started process (PID=982) to work on /home/airflow/.local/lib/python3.8/site-packages/airflow/example_dags/example_branch_operator.py
[2023-09-17T12:49:10.925+0000] {processor.py:829} INFO - Processing file /home/airflow/.local/lib/python3.8/site-packages/airflow/example_dags/example_branch_operator.py for tasks to queue
[2023-09-17T12:49:10.928+0000] {logging_mixin.py:151} INFO - [2023-09-17T12:49:10.927+0000] {dagbag.py:539} INFO - Filling up the DagBag from /home/airflow/.local/lib/python3.8/site-packages/airflow/example_dags/example_branch_operator.py
[2023-09-17T12:49:10.943+0000] {processor.py:839} INFO - DAG(s) dict_keys(['example_branch_operator']) retrieved from /home/airflow/.local/lib/python3.8/site-packages/airflow/example_dags/example_branch_operator.py
[2023-09-17T12:49:10.980+0000] {logging_mixin.py:151} INFO - [2023-09-17T12:49:10.979+0000] {dag.py:2915} INFO - Sync 1 DAGs
[2023-09-17T12:49:11.043+0000] {logging_mixin.py:151} INFO - [2023-09-17T12:49:11.041+0000] {dag.py:3696} INFO - Setting next_dagrun for example_branch_operator to 2023-09-16T00:00:00+00:00, run_after=2023-09-17T00:00:00+00:00
[2023-09-17T12:49:11.124+0000] {processor.py:179} INFO - Processing /home/airflow/.local/lib/python3.8/site-packages/airflow/example_dags/example_branch_operator.py took 0.203 seconds
[2023-09-17T12:49:41.522+0000] {processor.py:157} INFO - Started process (PID=1036) to work on /home/airflow/.local/lib/python3.8/site-packages/airflow/example_dags/example_branch_operator.py
[2023-09-17T12:49:41.535+0000] {processor.py:829} INFO - Processing file /home/airflow/.local/lib/python3.8/site-packages/airflow/example_dags/example_branch_operator.py for tasks to queue
[2023-09-17T12:49:41.538+0000] {logging_mixin.py:151} INFO - [2023-09-17T12:49:41.538+0000] {dagbag.py:539} INFO - Filling up the DagBag from /home/airflow/.local/lib/python3.8/site-packages/airflow/example_dags/example_branch_operator.py
[2023-09-17T12:49:41.560+0000] {processor.py:839} INFO - DAG(s) dict_keys(['example_branch_operator']) retrieved from /home/airflow/.local/lib/python3.8/site-packages/airflow/example_dags/example_branch_operator.py
[2023-09-17T12:49:41.599+0000] {logging_mixin.py:151} INFO - [2023-09-17T12:49:41.598+0000] {dag.py:2915} INFO - Sync 1 DAGs
[2023-09-17T12:49:41.650+0000] {logging_mixin.py:151} INFO - [2023-09-17T12:49:41.649+0000] {dag.py:3696} INFO - Setting next_dagrun for example_branch_operator to 2023-09-16T00:00:00+00:00, run_after=2023-09-17T00:00:00+00:00
[2023-09-17T12:49:41.686+0000] {processor.py:179} INFO - Processing /home/airflow/.local/lib/python3.8/site-packages/airflow/example_dags/example_branch_operator.py took 0.169 seconds
[2023-09-17T12:50:12.490+0000] {processor.py:157} INFO - Started process (PID=1091) to work on /home/airflow/.local/lib/python3.8/site-packages/airflow/example_dags/example_branch_operator.py
[2023-09-17T12:50:12.490+0000] {processor.py:829} INFO - Processing file /home/airflow/.local/lib/python3.8/site-packages/airflow/example_dags/example_branch_operator.py for tasks to queue
[2023-09-17T12:50:12.493+0000] {logging_mixin.py:151} INFO - [2023-09-17T12:50:12.493+0000] {dagbag.py:539} INFO - Filling up the DagBag from /home/airflow/.local/lib/python3.8/site-packages/airflow/example_dags/example_branch_operator.py
[2023-09-17T12:50:12.507+0000] {processor.py:839} INFO - DAG(s) dict_keys(['example_branch_operator']) retrieved from /home/airflow/.local/lib/python3.8/site-packages/airflow/example_dags/example_branch_operator.py
[2023-09-17T12:50:12.551+0000] {logging_mixin.py:151} INFO - [2023-09-17T12:50:12.551+0000] {dag.py:2915} INFO - Sync 1 DAGs
[2023-09-17T12:50:12.605+0000] {logging_mixin.py:151} INFO - [2023-09-17T12:50:12.605+0000] {dag.py:3696} INFO - Setting next_dagrun for example_branch_operator to 2023-09-16T00:00:00+00:00, run_after=2023-09-17T00:00:00+00:00
[2023-09-17T12:50:12.653+0000] {processor.py:179} INFO - Processing /home/airflow/.local/lib/python3.8/site-packages/airflow/example_dags/example_branch_operator.py took 0.168 seconds
[2023-09-17T12:50:43.302+0000] {processor.py:157} INFO - Started process (PID=1146) to work on /home/airflow/.local/lib/python3.8/site-packages/airflow/example_dags/example_branch_operator.py
[2023-09-17T12:50:43.316+0000] {processor.py:829} INFO - Processing file /home/airflow/.local/lib/python3.8/site-packages/airflow/example_dags/example_branch_operator.py for tasks to queue
[2023-09-17T12:50:43.336+0000] {logging_mixin.py:151} INFO - [2023-09-17T12:50:43.335+0000] {dagbag.py:539} INFO - Filling up the DagBag from /home/airflow/.local/lib/python3.8/site-packages/airflow/example_dags/example_branch_operator.py
[2023-09-17T12:50:43.410+0000] {processor.py:839} INFO - DAG(s) dict_keys(['example_branch_operator']) retrieved from /home/airflow/.local/lib/python3.8/site-packages/airflow/example_dags/example_branch_operator.py
[2023-09-17T12:50:43.618+0000] {logging_mixin.py:151} INFO - [2023-09-17T12:50:43.618+0000] {dag.py:2915} INFO - Sync 1 DAGs
[2023-09-17T12:50:43.751+0000] {logging_mixin.py:151} INFO - [2023-09-17T12:50:43.750+0000] {dag.py:3696} INFO - Setting next_dagrun for example_branch_operator to 2023-09-16T00:00:00+00:00, run_after=2023-09-17T00:00:00+00:00
[2023-09-17T12:50:43.838+0000] {processor.py:179} INFO - Processing /home/airflow/.local/lib/python3.8/site-packages/airflow/example_dags/example_branch_operator.py took 0.556 seconds
[2023-09-17T12:51:14.031+0000] {processor.py:157} INFO - Started process (PID=1200) to work on /home/airflow/.local/lib/python3.8/site-packages/airflow/example_dags/example_branch_operator.py
[2023-09-17T12:51:14.033+0000] {processor.py:829} INFO - Processing file /home/airflow/.local/lib/python3.8/site-packages/airflow/example_dags/example_branch_operator.py for tasks to queue
[2023-09-17T12:51:14.036+0000] {logging_mixin.py:151} INFO - [2023-09-17T12:51:14.036+0000] {dagbag.py:539} INFO - Filling up the DagBag from /home/airflow/.local/lib/python3.8/site-packages/airflow/example_dags/example_branch_operator.py
[2023-09-17T12:51:14.054+0000] {processor.py:839} INFO - DAG(s) dict_keys(['example_branch_operator']) retrieved from /home/airflow/.local/lib/python3.8/site-packages/airflow/example_dags/example_branch_operator.py
[2023-09-17T12:51:14.101+0000] {logging_mixin.py:151} INFO - [2023-09-17T12:51:14.100+0000] {dag.py:2915} INFO - Sync 1 DAGs
[2023-09-17T12:51:14.143+0000] {logging_mixin.py:151} INFO - [2023-09-17T12:51:14.143+0000] {dag.py:3696} INFO - Setting next_dagrun for example_branch_operator to 2023-09-16T00:00:00+00:00, run_after=2023-09-17T00:00:00+00:00
[2023-09-17T12:51:14.189+0000] {processor.py:179} INFO - Processing /home/airflow/.local/lib/python3.8/site-packages/airflow/example_dags/example_branch_operator.py took 0.165 seconds
[2023-09-17T12:51:44.371+0000] {processor.py:157} INFO - Started process (PID=1254) to work on /home/airflow/.local/lib/python3.8/site-packages/airflow/example_dags/example_branch_operator.py
[2023-09-17T12:51:44.373+0000] {processor.py:829} INFO - Processing file /home/airflow/.local/lib/python3.8/site-packages/airflow/example_dags/example_branch_operator.py for tasks to queue
[2023-09-17T12:51:44.375+0000] {logging_mixin.py:151} INFO - [2023-09-17T12:51:44.375+0000] {dagbag.py:539} INFO - Filling up the DagBag from /home/airflow/.local/lib/python3.8/site-packages/airflow/example_dags/example_branch_operator.py
[2023-09-17T12:51:44.400+0000] {processor.py:839} INFO - DAG(s) dict_keys(['example_branch_operator']) retrieved from /home/airflow/.local/lib/python3.8/site-packages/airflow/example_dags/example_branch_operator.py
[2023-09-17T12:51:44.457+0000] {logging_mixin.py:151} INFO - [2023-09-17T12:51:44.457+0000] {dag.py:2915} INFO - Sync 1 DAGs
[2023-09-17T12:51:44.536+0000] {logging_mixin.py:151} INFO - [2023-09-17T12:51:44.535+0000] {dag.py:3696} INFO - Setting next_dagrun for example_branch_operator to 2023-09-16T00:00:00+00:00, run_after=2023-09-17T00:00:00+00:00
[2023-09-17T12:51:44.594+0000] {processor.py:179} INFO - Processing /home/airflow/.local/lib/python3.8/site-packages/airflow/example_dags/example_branch_operator.py took 0.230 seconds
[2023-09-17T12:52:15.047+0000] {processor.py:157} INFO - Started process (PID=1310) to work on /home/airflow/.local/lib/python3.8/site-packages/airflow/example_dags/example_branch_operator.py
[2023-09-17T12:52:15.049+0000] {processor.py:829} INFO - Processing file /home/airflow/.local/lib/python3.8/site-packages/airflow/example_dags/example_branch_operator.py for tasks to queue
[2023-09-17T12:52:15.058+0000] {logging_mixin.py:151} INFO - [2023-09-17T12:52:15.057+0000] {dagbag.py:539} INFO - Filling up the DagBag from /home/airflow/.local/lib/python3.8/site-packages/airflow/example_dags/example_branch_operator.py
[2023-09-17T12:52:15.089+0000] {processor.py:839} INFO - DAG(s) dict_keys(['example_branch_operator']) retrieved from /home/airflow/.local/lib/python3.8/site-packages/airflow/example_dags/example_branch_operator.py
[2023-09-17T12:52:15.174+0000] {logging_mixin.py:151} INFO - [2023-09-17T12:52:15.173+0000] {dag.py:2915} INFO - Sync 1 DAGs
[2023-09-17T12:52:15.274+0000] {logging_mixin.py:151} INFO - [2023-09-17T12:52:15.273+0000] {dag.py:3696} INFO - Setting next_dagrun for example_branch_operator to 2023-09-16T00:00:00+00:00, run_after=2023-09-17T00:00:00+00:00
[2023-09-17T12:52:15.361+0000] {processor.py:179} INFO - Processing /home/airflow/.local/lib/python3.8/site-packages/airflow/example_dags/example_branch_operator.py took 0.318 seconds
[2023-09-17T12:52:45.555+0000] {processor.py:157} INFO - Started process (PID=1365) to work on /home/airflow/.local/lib/python3.8/site-packages/airflow/example_dags/example_branch_operator.py
[2023-09-17T12:52:45.558+0000] {processor.py:829} INFO - Processing file /home/airflow/.local/lib/python3.8/site-packages/airflow/example_dags/example_branch_operator.py for tasks to queue
[2023-09-17T12:52:45.567+0000] {logging_mixin.py:151} INFO - [2023-09-17T12:52:45.567+0000] {dagbag.py:539} INFO - Filling up the DagBag from /home/airflow/.local/lib/python3.8/site-packages/airflow/example_dags/example_branch_operator.py
[2023-09-17T12:52:45.595+0000] {processor.py:839} INFO - DAG(s) dict_keys(['example_branch_operator']) retrieved from /home/airflow/.local/lib/python3.8/site-packages/airflow/example_dags/example_branch_operator.py
[2023-09-17T12:52:45.657+0000] {logging_mixin.py:151} INFO - [2023-09-17T12:52:45.656+0000] {dag.py:2915} INFO - Sync 1 DAGs
[2023-09-17T12:52:45.720+0000] {logging_mixin.py:151} INFO - [2023-09-17T12:52:45.719+0000] {dag.py:3696} INFO - Setting next_dagrun for example_branch_operator to 2023-09-16T00:00:00+00:00, run_after=2023-09-17T00:00:00+00:00
[2023-09-17T12:52:45.778+0000] {processor.py:179} INFO - Processing /home/airflow/.local/lib/python3.8/site-packages/airflow/example_dags/example_branch_operator.py took 0.229 seconds
