[2023-09-17T12:40:32.756+0000] {processor.py:157} INFO - Started process (PID=48) to work on /home/airflow/.local/lib/python3.8/site-packages/airflow/example_dags/example_python_operator.py
[2023-09-17T12:40:32.758+0000] {processor.py:829} INFO - Processing file /home/airflow/.local/lib/python3.8/site-packages/airflow/example_dags/example_python_operator.py for tasks to queue
[2023-09-17T12:40:32.762+0000] {logging_mixin.py:151} INFO - [2023-09-17T12:40:32.762+0000] {dagbag.py:539} INFO - Filling up the DagBag from /home/airflow/.local/lib/python3.8/site-packages/airflow/example_dags/example_python_operator.py
[2023-09-17T12:40:32.791+0000] {processor.py:839} INFO - DAG(s) dict_keys(['example_python_operator']) retrieved from /home/airflow/.local/lib/python3.8/site-packages/airflow/example_dags/example_python_operator.py
[2023-09-17T12:40:33.431+0000] {logging_mixin.py:151} INFO - [2023-09-17T12:40:33.431+0000] {manager.py:499} INFO - Created Permission View: %s
[2023-09-17T12:40:33.464+0000] {logging_mixin.py:151} INFO - [2023-09-17T12:40:33.464+0000] {manager.py:499} INFO - Created Permission View: %s
[2023-09-17T12:40:33.542+0000] {logging_mixin.py:151} INFO - [2023-09-17T12:40:33.541+0000] {manager.py:499} INFO - Created Permission View: %s
[2023-09-17T12:40:33.543+0000] {logging_mixin.py:151} INFO - [2023-09-17T12:40:33.543+0000] {security.py:708} INFO - Not syncing DAG-level permissions for DAG 'DAG:example_python_operator' as access control is unset.
[2023-09-17T12:40:33.544+0000] {logging_mixin.py:151} INFO - [2023-09-17T12:40:33.543+0000] {dag.py:2915} INFO - Sync 1 DAGs
[2023-09-17T12:40:33.621+0000] {logging_mixin.py:151} INFO - [2023-09-17T12:40:33.621+0000] {dag.py:2937} INFO - Creating ORM DAG for example_python_operator
[2023-09-17T12:40:33.622+0000] {logging_mixin.py:151} INFO - [2023-09-17T12:40:33.622+0000] {dag.py:3696} INFO - Setting next_dagrun for example_python_operator to None, run_after=None
[2023-09-17T12:40:33.741+0000] {processor.py:179} INFO - Processing /home/airflow/.local/lib/python3.8/site-packages/airflow/example_dags/example_python_operator.py took 1.000 seconds
[2023-09-17T12:41:04.323+0000] {processor.py:157} INFO - Started process (PID=103) to work on /home/airflow/.local/lib/python3.8/site-packages/airflow/example_dags/example_python_operator.py
[2023-09-17T12:41:04.324+0000] {processor.py:829} INFO - Processing file /home/airflow/.local/lib/python3.8/site-packages/airflow/example_dags/example_python_operator.py for tasks to queue
[2023-09-17T12:41:04.326+0000] {logging_mixin.py:151} INFO - [2023-09-17T12:41:04.326+0000] {dagbag.py:539} INFO - Filling up the DagBag from /home/airflow/.local/lib/python3.8/site-packages/airflow/example_dags/example_python_operator.py
[2023-09-17T12:41:04.342+0000] {processor.py:839} INFO - DAG(s) dict_keys(['example_python_operator']) retrieved from /home/airflow/.local/lib/python3.8/site-packages/airflow/example_dags/example_python_operator.py
[2023-09-17T12:41:04.385+0000] {logging_mixin.py:151} INFO - [2023-09-17T12:41:04.385+0000] {dag.py:2915} INFO - Sync 1 DAGs
[2023-09-17T12:41:04.405+0000] {logging_mixin.py:151} INFO - [2023-09-17T12:41:04.404+0000] {dag.py:3696} INFO - Setting next_dagrun for example_python_operator to None, run_after=None
[2023-09-17T12:41:04.454+0000] {processor.py:179} INFO - Processing /home/airflow/.local/lib/python3.8/site-packages/airflow/example_dags/example_python_operator.py took 0.137 seconds
[2023-09-17T12:41:34.559+0000] {processor.py:157} INFO - Started process (PID=158) to work on /home/airflow/.local/lib/python3.8/site-packages/airflow/example_dags/example_python_operator.py
[2023-09-17T12:41:34.560+0000] {processor.py:829} INFO - Processing file /home/airflow/.local/lib/python3.8/site-packages/airflow/example_dags/example_python_operator.py for tasks to queue
[2023-09-17T12:41:34.563+0000] {logging_mixin.py:151} INFO - [2023-09-17T12:41:34.562+0000] {dagbag.py:539} INFO - Filling up the DagBag from /home/airflow/.local/lib/python3.8/site-packages/airflow/example_dags/example_python_operator.py
[2023-09-17T12:41:34.577+0000] {processor.py:839} INFO - DAG(s) dict_keys(['example_python_operator']) retrieved from /home/airflow/.local/lib/python3.8/site-packages/airflow/example_dags/example_python_operator.py
[2023-09-17T12:41:34.610+0000] {logging_mixin.py:151} INFO - [2023-09-17T12:41:34.610+0000] {dag.py:2915} INFO - Sync 1 DAGs
[2023-09-17T12:41:34.630+0000] {logging_mixin.py:151} INFO - [2023-09-17T12:41:34.630+0000] {dag.py:3696} INFO - Setting next_dagrun for example_python_operator to None, run_after=None
[2023-09-17T12:41:34.668+0000] {processor.py:179} INFO - Processing /home/airflow/.local/lib/python3.8/site-packages/airflow/example_dags/example_python_operator.py took 0.113 seconds
[2023-09-17T12:42:04.917+0000] {processor.py:157} INFO - Started process (PID=213) to work on /home/airflow/.local/lib/python3.8/site-packages/airflow/example_dags/example_python_operator.py
[2023-09-17T12:42:04.918+0000] {processor.py:829} INFO - Processing file /home/airflow/.local/lib/python3.8/site-packages/airflow/example_dags/example_python_operator.py for tasks to queue
[2023-09-17T12:42:04.920+0000] {logging_mixin.py:151} INFO - [2023-09-17T12:42:04.920+0000] {dagbag.py:539} INFO - Filling up the DagBag from /home/airflow/.local/lib/python3.8/site-packages/airflow/example_dags/example_python_operator.py
[2023-09-17T12:42:04.936+0000] {processor.py:839} INFO - DAG(s) dict_keys(['example_python_operator']) retrieved from /home/airflow/.local/lib/python3.8/site-packages/airflow/example_dags/example_python_operator.py
[2023-09-17T12:42:04.971+0000] {logging_mixin.py:151} INFO - [2023-09-17T12:42:04.970+0000] {dag.py:2915} INFO - Sync 1 DAGs
[2023-09-17T12:42:05.002+0000] {logging_mixin.py:151} INFO - [2023-09-17T12:42:05.001+0000] {dag.py:3696} INFO - Setting next_dagrun for example_python_operator to None, run_after=None
[2023-09-17T12:42:05.041+0000] {processor.py:179} INFO - Processing /home/airflow/.local/lib/python3.8/site-packages/airflow/example_dags/example_python_operator.py took 0.128 seconds
[2023-09-17T12:42:35.479+0000] {processor.py:157} INFO - Started process (PID=268) to work on /home/airflow/.local/lib/python3.8/site-packages/airflow/example_dags/example_python_operator.py
[2023-09-17T12:42:35.481+0000] {processor.py:829} INFO - Processing file /home/airflow/.local/lib/python3.8/site-packages/airflow/example_dags/example_python_operator.py for tasks to queue
[2023-09-17T12:42:35.485+0000] {logging_mixin.py:151} INFO - [2023-09-17T12:42:35.484+0000] {dagbag.py:539} INFO - Filling up the DagBag from /home/airflow/.local/lib/python3.8/site-packages/airflow/example_dags/example_python_operator.py
[2023-09-17T12:42:35.528+0000] {processor.py:839} INFO - DAG(s) dict_keys(['example_python_operator']) retrieved from /home/airflow/.local/lib/python3.8/site-packages/airflow/example_dags/example_python_operator.py
[2023-09-17T12:42:35.609+0000] {logging_mixin.py:151} INFO - [2023-09-17T12:42:35.608+0000] {dag.py:2915} INFO - Sync 1 DAGs
[2023-09-17T12:42:35.638+0000] {logging_mixin.py:151} INFO - [2023-09-17T12:42:35.638+0000] {dag.py:3696} INFO - Setting next_dagrun for example_python_operator to None, run_after=None
[2023-09-17T12:42:35.714+0000] {processor.py:179} INFO - Processing /home/airflow/.local/lib/python3.8/site-packages/airflow/example_dags/example_python_operator.py took 0.247 seconds
[2023-09-17T12:43:06.349+0000] {processor.py:157} INFO - Started process (PID=323) to work on /home/airflow/.local/lib/python3.8/site-packages/airflow/example_dags/example_python_operator.py
[2023-09-17T12:43:06.367+0000] {processor.py:829} INFO - Processing file /home/airflow/.local/lib/python3.8/site-packages/airflow/example_dags/example_python_operator.py for tasks to queue
[2023-09-17T12:43:06.369+0000] {logging_mixin.py:151} INFO - [2023-09-17T12:43:06.369+0000] {dagbag.py:539} INFO - Filling up the DagBag from /home/airflow/.local/lib/python3.8/site-packages/airflow/example_dags/example_python_operator.py
[2023-09-17T12:43:06.391+0000] {processor.py:839} INFO - DAG(s) dict_keys(['example_python_operator']) retrieved from /home/airflow/.local/lib/python3.8/site-packages/airflow/example_dags/example_python_operator.py
[2023-09-17T12:43:06.453+0000] {logging_mixin.py:151} INFO - [2023-09-17T12:43:06.452+0000] {dag.py:2915} INFO - Sync 1 DAGs
[2023-09-17T12:43:06.491+0000] {logging_mixin.py:151} INFO - [2023-09-17T12:43:06.490+0000] {dag.py:3696} INFO - Setting next_dagrun for example_python_operator to None, run_after=None
[2023-09-17T12:43:06.558+0000] {processor.py:179} INFO - Processing /home/airflow/.local/lib/python3.8/site-packages/airflow/example_dags/example_python_operator.py took 0.213 seconds
[2023-09-17T12:43:36.826+0000] {processor.py:157} INFO - Started process (PID=378) to work on /home/airflow/.local/lib/python3.8/site-packages/airflow/example_dags/example_python_operator.py
[2023-09-17T12:43:36.828+0000] {processor.py:829} INFO - Processing file /home/airflow/.local/lib/python3.8/site-packages/airflow/example_dags/example_python_operator.py for tasks to queue
[2023-09-17T12:43:36.841+0000] {logging_mixin.py:151} INFO - [2023-09-17T12:43:36.839+0000] {dagbag.py:539} INFO - Filling up the DagBag from /home/airflow/.local/lib/python3.8/site-packages/airflow/example_dags/example_python_operator.py
[2023-09-17T12:43:36.905+0000] {processor.py:839} INFO - DAG(s) dict_keys(['example_python_operator']) retrieved from /home/airflow/.local/lib/python3.8/site-packages/airflow/example_dags/example_python_operator.py
[2023-09-17T12:43:37.007+0000] {logging_mixin.py:151} INFO - [2023-09-17T12:43:37.006+0000] {dag.py:2915} INFO - Sync 1 DAGs
[2023-09-17T12:43:37.034+0000] {logging_mixin.py:151} INFO - [2023-09-17T12:43:37.034+0000] {dag.py:3696} INFO - Setting next_dagrun for example_python_operator to None, run_after=None
[2023-09-17T12:43:37.086+0000] {processor.py:179} INFO - Processing /home/airflow/.local/lib/python3.8/site-packages/airflow/example_dags/example_python_operator.py took 0.276 seconds
[2023-09-17T12:44:07.479+0000] {processor.py:157} INFO - Started process (PID=434) to work on /home/airflow/.local/lib/python3.8/site-packages/airflow/example_dags/example_python_operator.py
[2023-09-17T12:44:07.485+0000] {processor.py:829} INFO - Processing file /home/airflow/.local/lib/python3.8/site-packages/airflow/example_dags/example_python_operator.py for tasks to queue
[2023-09-17T12:44:07.488+0000] {logging_mixin.py:151} INFO - [2023-09-17T12:44:07.487+0000] {dagbag.py:539} INFO - Filling up the DagBag from /home/airflow/.local/lib/python3.8/site-packages/airflow/example_dags/example_python_operator.py
[2023-09-17T12:44:07.512+0000] {processor.py:839} INFO - DAG(s) dict_keys(['example_python_operator']) retrieved from /home/airflow/.local/lib/python3.8/site-packages/airflow/example_dags/example_python_operator.py
[2023-09-17T12:44:07.588+0000] {logging_mixin.py:151} INFO - [2023-09-17T12:44:07.587+0000] {dag.py:2915} INFO - Sync 1 DAGs
[2023-09-17T12:44:07.617+0000] {logging_mixin.py:151} INFO - [2023-09-17T12:44:07.617+0000] {dag.py:3696} INFO - Setting next_dagrun for example_python_operator to None, run_after=None
[2023-09-17T12:44:07.659+0000] {processor.py:179} INFO - Processing /home/airflow/.local/lib/python3.8/site-packages/airflow/example_dags/example_python_operator.py took 0.192 seconds
[2023-09-17T12:44:37.858+0000] {processor.py:157} INFO - Started process (PID=487) to work on /home/airflow/.local/lib/python3.8/site-packages/airflow/example_dags/example_python_operator.py
[2023-09-17T12:44:37.860+0000] {processor.py:829} INFO - Processing file /home/airflow/.local/lib/python3.8/site-packages/airflow/example_dags/example_python_operator.py for tasks to queue
[2023-09-17T12:44:37.863+0000] {logging_mixin.py:151} INFO - [2023-09-17T12:44:37.863+0000] {dagbag.py:539} INFO - Filling up the DagBag from /home/airflow/.local/lib/python3.8/site-packages/airflow/example_dags/example_python_operator.py
[2023-09-17T12:44:37.878+0000] {processor.py:839} INFO - DAG(s) dict_keys(['example_python_operator']) retrieved from /home/airflow/.local/lib/python3.8/site-packages/airflow/example_dags/example_python_operator.py
[2023-09-17T12:44:37.910+0000] {logging_mixin.py:151} INFO - [2023-09-17T12:44:37.909+0000] {dag.py:2915} INFO - Sync 1 DAGs
[2023-09-17T12:44:37.928+0000] {logging_mixin.py:151} INFO - [2023-09-17T12:44:37.928+0000] {dag.py:3696} INFO - Setting next_dagrun for example_python_operator to None, run_after=None
[2023-09-17T12:44:38.012+0000] {processor.py:179} INFO - Processing /home/airflow/.local/lib/python3.8/site-packages/airflow/example_dags/example_python_operator.py took 0.159 seconds
[2023-09-17T12:45:08.448+0000] {processor.py:157} INFO - Started process (PID=543) to work on /home/airflow/.local/lib/python3.8/site-packages/airflow/example_dags/example_python_operator.py
[2023-09-17T12:45:08.471+0000] {processor.py:829} INFO - Processing file /home/airflow/.local/lib/python3.8/site-packages/airflow/example_dags/example_python_operator.py for tasks to queue
[2023-09-17T12:45:08.474+0000] {logging_mixin.py:151} INFO - [2023-09-17T12:45:08.473+0000] {dagbag.py:539} INFO - Filling up the DagBag from /home/airflow/.local/lib/python3.8/site-packages/airflow/example_dags/example_python_operator.py
[2023-09-17T12:45:08.490+0000] {processor.py:839} INFO - DAG(s) dict_keys(['example_python_operator']) retrieved from /home/airflow/.local/lib/python3.8/site-packages/airflow/example_dags/example_python_operator.py
[2023-09-17T12:45:08.531+0000] {logging_mixin.py:151} INFO - [2023-09-17T12:45:08.531+0000] {dag.py:2915} INFO - Sync 1 DAGs
[2023-09-17T12:45:08.548+0000] {logging_mixin.py:151} INFO - [2023-09-17T12:45:08.548+0000] {dag.py:3696} INFO - Setting next_dagrun for example_python_operator to None, run_after=None
[2023-09-17T12:45:08.578+0000] {processor.py:179} INFO - Processing /home/airflow/.local/lib/python3.8/site-packages/airflow/example_dags/example_python_operator.py took 0.134 seconds
[2023-09-17T12:45:38.721+0000] {processor.py:157} INFO - Started process (PID=598) to work on /home/airflow/.local/lib/python3.8/site-packages/airflow/example_dags/example_python_operator.py
[2023-09-17T12:45:38.735+0000] {processor.py:829} INFO - Processing file /home/airflow/.local/lib/python3.8/site-packages/airflow/example_dags/example_python_operator.py for tasks to queue
[2023-09-17T12:45:38.738+0000] {logging_mixin.py:151} INFO - [2023-09-17T12:45:38.738+0000] {dagbag.py:539} INFO - Filling up the DagBag from /home/airflow/.local/lib/python3.8/site-packages/airflow/example_dags/example_python_operator.py
[2023-09-17T12:45:38.762+0000] {processor.py:839} INFO - DAG(s) dict_keys(['example_python_operator']) retrieved from /home/airflow/.local/lib/python3.8/site-packages/airflow/example_dags/example_python_operator.py
[2023-09-17T12:45:38.806+0000] {logging_mixin.py:151} INFO - [2023-09-17T12:45:38.806+0000] {dag.py:2915} INFO - Sync 1 DAGs
[2023-09-17T12:45:38.832+0000] {logging_mixin.py:151} INFO - [2023-09-17T12:45:38.831+0000] {dag.py:3696} INFO - Setting next_dagrun for example_python_operator to None, run_after=None
[2023-09-17T12:45:38.882+0000] {processor.py:179} INFO - Processing /home/airflow/.local/lib/python3.8/site-packages/airflow/example_dags/example_python_operator.py took 0.167 seconds
[2023-09-17T12:46:08.924+0000] {processor.py:157} INFO - Started process (PID=653) to work on /home/airflow/.local/lib/python3.8/site-packages/airflow/example_dags/example_python_operator.py
[2023-09-17T12:46:08.925+0000] {processor.py:829} INFO - Processing file /home/airflow/.local/lib/python3.8/site-packages/airflow/example_dags/example_python_operator.py for tasks to queue
[2023-09-17T12:46:08.928+0000] {logging_mixin.py:151} INFO - [2023-09-17T12:46:08.928+0000] {dagbag.py:539} INFO - Filling up the DagBag from /home/airflow/.local/lib/python3.8/site-packages/airflow/example_dags/example_python_operator.py
[2023-09-17T12:46:08.949+0000] {processor.py:839} INFO - DAG(s) dict_keys(['example_python_operator']) retrieved from /home/airflow/.local/lib/python3.8/site-packages/airflow/example_dags/example_python_operator.py
[2023-09-17T12:46:08.986+0000] {logging_mixin.py:151} INFO - [2023-09-17T12:46:08.985+0000] {dag.py:2915} INFO - Sync 1 DAGs
[2023-09-17T12:46:09.025+0000] {logging_mixin.py:151} INFO - [2023-09-17T12:46:09.025+0000] {dag.py:3696} INFO - Setting next_dagrun for example_python_operator to None, run_after=None
[2023-09-17T12:46:09.072+0000] {processor.py:179} INFO - Processing /home/airflow/.local/lib/python3.8/site-packages/airflow/example_dags/example_python_operator.py took 0.152 seconds
[2023-09-17T12:46:39.431+0000] {processor.py:157} INFO - Started process (PID=708) to work on /home/airflow/.local/lib/python3.8/site-packages/airflow/example_dags/example_python_operator.py
[2023-09-17T12:46:39.432+0000] {processor.py:829} INFO - Processing file /home/airflow/.local/lib/python3.8/site-packages/airflow/example_dags/example_python_operator.py for tasks to queue
[2023-09-17T12:46:39.437+0000] {logging_mixin.py:151} INFO - [2023-09-17T12:46:39.436+0000] {dagbag.py:539} INFO - Filling up the DagBag from /home/airflow/.local/lib/python3.8/site-packages/airflow/example_dags/example_python_operator.py
[2023-09-17T12:46:39.458+0000] {processor.py:839} INFO - DAG(s) dict_keys(['example_python_operator']) retrieved from /home/airflow/.local/lib/python3.8/site-packages/airflow/example_dags/example_python_operator.py
[2023-09-17T12:46:39.501+0000] {logging_mixin.py:151} INFO - [2023-09-17T12:46:39.500+0000] {dag.py:2915} INFO - Sync 1 DAGs
[2023-09-17T12:46:39.528+0000] {logging_mixin.py:151} INFO - [2023-09-17T12:46:39.527+0000] {dag.py:3696} INFO - Setting next_dagrun for example_python_operator to None, run_after=None
[2023-09-17T12:46:39.751+0000] {processor.py:179} INFO - Processing /home/airflow/.local/lib/python3.8/site-packages/airflow/example_dags/example_python_operator.py took 0.328 seconds
[2023-09-17T12:47:10.589+0000] {processor.py:157} INFO - Started process (PID=764) to work on /home/airflow/.local/lib/python3.8/site-packages/airflow/example_dags/example_python_operator.py
[2023-09-17T12:47:10.590+0000] {processor.py:829} INFO - Processing file /home/airflow/.local/lib/python3.8/site-packages/airflow/example_dags/example_python_operator.py for tasks to queue
[2023-09-17T12:47:10.593+0000] {logging_mixin.py:151} INFO - [2023-09-17T12:47:10.592+0000] {dagbag.py:539} INFO - Filling up the DagBag from /home/airflow/.local/lib/python3.8/site-packages/airflow/example_dags/example_python_operator.py
[2023-09-17T12:47:10.608+0000] {processor.py:839} INFO - DAG(s) dict_keys(['example_python_operator']) retrieved from /home/airflow/.local/lib/python3.8/site-packages/airflow/example_dags/example_python_operator.py
[2023-09-17T12:47:10.641+0000] {logging_mixin.py:151} INFO - [2023-09-17T12:47:10.640+0000] {dag.py:2915} INFO - Sync 1 DAGs
[2023-09-17T12:47:10.658+0000] {logging_mixin.py:151} INFO - [2023-09-17T12:47:10.658+0000] {dag.py:3696} INFO - Setting next_dagrun for example_python_operator to None, run_after=None
[2023-09-17T12:47:10.701+0000] {processor.py:179} INFO - Processing /home/airflow/.local/lib/python3.8/site-packages/airflow/example_dags/example_python_operator.py took 0.115 seconds
[2023-09-17T12:47:40.999+0000] {processor.py:157} INFO - Started process (PID=819) to work on /home/airflow/.local/lib/python3.8/site-packages/airflow/example_dags/example_python_operator.py
[2023-09-17T12:47:41.003+0000] {processor.py:829} INFO - Processing file /home/airflow/.local/lib/python3.8/site-packages/airflow/example_dags/example_python_operator.py for tasks to queue
[2023-09-17T12:47:41.006+0000] {logging_mixin.py:151} INFO - [2023-09-17T12:47:41.006+0000] {dagbag.py:539} INFO - Filling up the DagBag from /home/airflow/.local/lib/python3.8/site-packages/airflow/example_dags/example_python_operator.py
[2023-09-17T12:47:41.030+0000] {processor.py:839} INFO - DAG(s) dict_keys(['example_python_operator']) retrieved from /home/airflow/.local/lib/python3.8/site-packages/airflow/example_dags/example_python_operator.py
[2023-09-17T12:47:41.085+0000] {logging_mixin.py:151} INFO - [2023-09-17T12:47:41.085+0000] {dag.py:2915} INFO - Sync 1 DAGs
[2023-09-17T12:47:41.113+0000] {logging_mixin.py:151} INFO - [2023-09-17T12:47:41.112+0000] {dag.py:3696} INFO - Setting next_dagrun for example_python_operator to None, run_after=None
[2023-09-17T12:47:41.159+0000] {processor.py:179} INFO - Processing /home/airflow/.local/lib/python3.8/site-packages/airflow/example_dags/example_python_operator.py took 0.166 seconds
[2023-09-17T12:48:11.388+0000] {processor.py:157} INFO - Started process (PID=874) to work on /home/airflow/.local/lib/python3.8/site-packages/airflow/example_dags/example_python_operator.py
[2023-09-17T12:48:11.392+0000] {processor.py:829} INFO - Processing file /home/airflow/.local/lib/python3.8/site-packages/airflow/example_dags/example_python_operator.py for tasks to queue
[2023-09-17T12:48:11.399+0000] {logging_mixin.py:151} INFO - [2023-09-17T12:48:11.398+0000] {dagbag.py:539} INFO - Filling up the DagBag from /home/airflow/.local/lib/python3.8/site-packages/airflow/example_dags/example_python_operator.py
[2023-09-17T12:48:11.450+0000] {processor.py:839} INFO - DAG(s) dict_keys(['example_python_operator']) retrieved from /home/airflow/.local/lib/python3.8/site-packages/airflow/example_dags/example_python_operator.py
[2023-09-17T12:48:11.534+0000] {logging_mixin.py:151} INFO - [2023-09-17T12:48:11.533+0000] {dag.py:2915} INFO - Sync 1 DAGs
[2023-09-17T12:48:11.553+0000] {logging_mixin.py:151} INFO - [2023-09-17T12:48:11.552+0000] {dag.py:3696} INFO - Setting next_dagrun for example_python_operator to None, run_after=None
[2023-09-17T12:48:11.595+0000] {processor.py:179} INFO - Processing /home/airflow/.local/lib/python3.8/site-packages/airflow/example_dags/example_python_operator.py took 0.219 seconds
[2023-09-17T12:48:41.802+0000] {processor.py:157} INFO - Started process (PID=929) to work on /home/airflow/.local/lib/python3.8/site-packages/airflow/example_dags/example_python_operator.py
[2023-09-17T12:48:41.810+0000] {processor.py:829} INFO - Processing file /home/airflow/.local/lib/python3.8/site-packages/airflow/example_dags/example_python_operator.py for tasks to queue
[2023-09-17T12:48:41.813+0000] {logging_mixin.py:151} INFO - [2023-09-17T12:48:41.812+0000] {dagbag.py:539} INFO - Filling up the DagBag from /home/airflow/.local/lib/python3.8/site-packages/airflow/example_dags/example_python_operator.py
[2023-09-17T12:48:41.826+0000] {processor.py:839} INFO - DAG(s) dict_keys(['example_python_operator']) retrieved from /home/airflow/.local/lib/python3.8/site-packages/airflow/example_dags/example_python_operator.py
[2023-09-17T12:48:41.854+0000] {logging_mixin.py:151} INFO - [2023-09-17T12:48:41.854+0000] {dag.py:2915} INFO - Sync 1 DAGs
[2023-09-17T12:48:41.870+0000] {logging_mixin.py:151} INFO - [2023-09-17T12:48:41.870+0000] {dag.py:3696} INFO - Setting next_dagrun for example_python_operator to None, run_after=None
[2023-09-17T12:48:41.973+0000] {processor.py:179} INFO - Processing /home/airflow/.local/lib/python3.8/site-packages/airflow/example_dags/example_python_operator.py took 0.175 seconds
[2023-09-17T12:49:12.330+0000] {processor.py:157} INFO - Started process (PID=985) to work on /home/airflow/.local/lib/python3.8/site-packages/airflow/example_dags/example_python_operator.py
[2023-09-17T12:49:12.331+0000] {processor.py:829} INFO - Processing file /home/airflow/.local/lib/python3.8/site-packages/airflow/example_dags/example_python_operator.py for tasks to queue
[2023-09-17T12:49:12.334+0000] {logging_mixin.py:151} INFO - [2023-09-17T12:49:12.333+0000] {dagbag.py:539} INFO - Filling up the DagBag from /home/airflow/.local/lib/python3.8/site-packages/airflow/example_dags/example_python_operator.py
[2023-09-17T12:49:12.349+0000] {processor.py:839} INFO - DAG(s) dict_keys(['example_python_operator']) retrieved from /home/airflow/.local/lib/python3.8/site-packages/airflow/example_dags/example_python_operator.py
[2023-09-17T12:49:12.397+0000] {logging_mixin.py:151} INFO - [2023-09-17T12:49:12.397+0000] {dag.py:2915} INFO - Sync 1 DAGs
[2023-09-17T12:49:12.439+0000] {logging_mixin.py:151} INFO - [2023-09-17T12:49:12.438+0000] {dag.py:3696} INFO - Setting next_dagrun for example_python_operator to None, run_after=None
[2023-09-17T12:49:12.489+0000] {processor.py:179} INFO - Processing /home/airflow/.local/lib/python3.8/site-packages/airflow/example_dags/example_python_operator.py took 0.163 seconds
[2023-09-17T12:49:42.877+0000] {processor.py:157} INFO - Started process (PID=1040) to work on /home/airflow/.local/lib/python3.8/site-packages/airflow/example_dags/example_python_operator.py
[2023-09-17T12:49:42.908+0000] {processor.py:829} INFO - Processing file /home/airflow/.local/lib/python3.8/site-packages/airflow/example_dags/example_python_operator.py for tasks to queue
[2023-09-17T12:49:42.912+0000] {logging_mixin.py:151} INFO - [2023-09-17T12:49:42.911+0000] {dagbag.py:539} INFO - Filling up the DagBag from /home/airflow/.local/lib/python3.8/site-packages/airflow/example_dags/example_python_operator.py
[2023-09-17T12:49:42.930+0000] {processor.py:839} INFO - DAG(s) dict_keys(['example_python_operator']) retrieved from /home/airflow/.local/lib/python3.8/site-packages/airflow/example_dags/example_python_operator.py
[2023-09-17T12:49:42.963+0000] {logging_mixin.py:151} INFO - [2023-09-17T12:49:42.962+0000] {dag.py:2915} INFO - Sync 1 DAGs
[2023-09-17T12:49:42.981+0000] {logging_mixin.py:151} INFO - [2023-09-17T12:49:42.980+0000] {dag.py:3696} INFO - Setting next_dagrun for example_python_operator to None, run_after=None
[2023-09-17T12:49:43.102+0000] {processor.py:179} INFO - Processing /home/airflow/.local/lib/python3.8/site-packages/airflow/example_dags/example_python_operator.py took 0.228 seconds
[2023-09-17T12:50:13.519+0000] {processor.py:157} INFO - Started process (PID=1095) to work on /home/airflow/.local/lib/python3.8/site-packages/airflow/example_dags/example_python_operator.py
[2023-09-17T12:50:13.520+0000] {processor.py:829} INFO - Processing file /home/airflow/.local/lib/python3.8/site-packages/airflow/example_dags/example_python_operator.py for tasks to queue
[2023-09-17T12:50:13.522+0000] {logging_mixin.py:151} INFO - [2023-09-17T12:50:13.522+0000] {dagbag.py:539} INFO - Filling up the DagBag from /home/airflow/.local/lib/python3.8/site-packages/airflow/example_dags/example_python_operator.py
[2023-09-17T12:50:13.538+0000] {processor.py:839} INFO - DAG(s) dict_keys(['example_python_operator']) retrieved from /home/airflow/.local/lib/python3.8/site-packages/airflow/example_dags/example_python_operator.py
[2023-09-17T12:50:13.574+0000] {logging_mixin.py:151} INFO - [2023-09-17T12:50:13.573+0000] {dag.py:2915} INFO - Sync 1 DAGs
[2023-09-17T12:50:13.594+0000] {logging_mixin.py:151} INFO - [2023-09-17T12:50:13.594+0000] {dag.py:3696} INFO - Setting next_dagrun for example_python_operator to None, run_after=None
[2023-09-17T12:50:13.628+0000] {processor.py:179} INFO - Processing /home/airflow/.local/lib/python3.8/site-packages/airflow/example_dags/example_python_operator.py took 0.113 seconds
[2023-09-17T12:50:44.102+0000] {processor.py:157} INFO - Started process (PID=1149) to work on /home/airflow/.local/lib/python3.8/site-packages/airflow/example_dags/example_python_operator.py
[2023-09-17T12:50:44.105+0000] {processor.py:829} INFO - Processing file /home/airflow/.local/lib/python3.8/site-packages/airflow/example_dags/example_python_operator.py for tasks to queue
[2023-09-17T12:50:44.112+0000] {logging_mixin.py:151} INFO - [2023-09-17T12:50:44.111+0000] {dagbag.py:539} INFO - Filling up the DagBag from /home/airflow/.local/lib/python3.8/site-packages/airflow/example_dags/example_python_operator.py
[2023-09-17T12:50:44.133+0000] {processor.py:839} INFO - DAG(s) dict_keys(['example_python_operator']) retrieved from /home/airflow/.local/lib/python3.8/site-packages/airflow/example_dags/example_python_operator.py
[2023-09-17T12:50:44.211+0000] {logging_mixin.py:151} INFO - [2023-09-17T12:50:44.210+0000] {dag.py:2915} INFO - Sync 1 DAGs
[2023-09-17T12:50:44.247+0000] {logging_mixin.py:151} INFO - [2023-09-17T12:50:44.247+0000] {dag.py:3696} INFO - Setting next_dagrun for example_python_operator to None, run_after=None
[2023-09-17T12:50:44.303+0000] {processor.py:179} INFO - Processing /home/airflow/.local/lib/python3.8/site-packages/airflow/example_dags/example_python_operator.py took 0.210 seconds
[2023-09-17T12:51:14.474+0000] {processor.py:157} INFO - Started process (PID=1203) to work on /home/airflow/.local/lib/python3.8/site-packages/airflow/example_dags/example_python_operator.py
[2023-09-17T12:51:14.475+0000] {processor.py:829} INFO - Processing file /home/airflow/.local/lib/python3.8/site-packages/airflow/example_dags/example_python_operator.py for tasks to queue
[2023-09-17T12:51:14.479+0000] {logging_mixin.py:151} INFO - [2023-09-17T12:51:14.478+0000] {dagbag.py:539} INFO - Filling up the DagBag from /home/airflow/.local/lib/python3.8/site-packages/airflow/example_dags/example_python_operator.py
[2023-09-17T12:51:14.501+0000] {processor.py:839} INFO - DAG(s) dict_keys(['example_python_operator']) retrieved from /home/airflow/.local/lib/python3.8/site-packages/airflow/example_dags/example_python_operator.py
[2023-09-17T12:51:14.550+0000] {logging_mixin.py:151} INFO - [2023-09-17T12:51:14.549+0000] {dag.py:2915} INFO - Sync 1 DAGs
[2023-09-17T12:51:14.579+0000] {logging_mixin.py:151} INFO - [2023-09-17T12:51:14.577+0000] {dag.py:3696} INFO - Setting next_dagrun for example_python_operator to None, run_after=None
[2023-09-17T12:51:14.650+0000] {processor.py:179} INFO - Processing /home/airflow/.local/lib/python3.8/site-packages/airflow/example_dags/example_python_operator.py took 0.180 seconds
[2023-09-17T12:51:44.932+0000] {processor.py:157} INFO - Started process (PID=1257) to work on /home/airflow/.local/lib/python3.8/site-packages/airflow/example_dags/example_python_operator.py
[2023-09-17T12:51:44.982+0000] {processor.py:829} INFO - Processing file /home/airflow/.local/lib/python3.8/site-packages/airflow/example_dags/example_python_operator.py for tasks to queue
[2023-09-17T12:51:44.992+0000] {logging_mixin.py:151} INFO - [2023-09-17T12:51:44.990+0000] {dagbag.py:539} INFO - Filling up the DagBag from /home/airflow/.local/lib/python3.8/site-packages/airflow/example_dags/example_python_operator.py
[2023-09-17T12:51:45.071+0000] {processor.py:839} INFO - DAG(s) dict_keys(['example_python_operator']) retrieved from /home/airflow/.local/lib/python3.8/site-packages/airflow/example_dags/example_python_operator.py
[2023-09-17T12:51:45.191+0000] {logging_mixin.py:151} INFO - [2023-09-17T12:51:45.190+0000] {dag.py:2915} INFO - Sync 1 DAGs
[2023-09-17T12:51:45.231+0000] {logging_mixin.py:151} INFO - [2023-09-17T12:51:45.230+0000] {dag.py:3696} INFO - Setting next_dagrun for example_python_operator to None, run_after=None
[2023-09-17T12:51:45.343+0000] {processor.py:179} INFO - Processing /home/airflow/.local/lib/python3.8/site-packages/airflow/example_dags/example_python_operator.py took 0.424 seconds
[2023-09-17T12:52:15.560+0000] {processor.py:157} INFO - Started process (PID=1313) to work on /home/airflow/.local/lib/python3.8/site-packages/airflow/example_dags/example_python_operator.py
[2023-09-17T12:52:15.561+0000] {processor.py:829} INFO - Processing file /home/airflow/.local/lib/python3.8/site-packages/airflow/example_dags/example_python_operator.py for tasks to queue
[2023-09-17T12:52:15.564+0000] {logging_mixin.py:151} INFO - [2023-09-17T12:52:15.563+0000] {dagbag.py:539} INFO - Filling up the DagBag from /home/airflow/.local/lib/python3.8/site-packages/airflow/example_dags/example_python_operator.py
[2023-09-17T12:52:15.587+0000] {processor.py:839} INFO - DAG(s) dict_keys(['example_python_operator']) retrieved from /home/airflow/.local/lib/python3.8/site-packages/airflow/example_dags/example_python_operator.py
[2023-09-17T12:52:15.625+0000] {logging_mixin.py:151} INFO - [2023-09-17T12:52:15.625+0000] {dag.py:2915} INFO - Sync 1 DAGs
[2023-09-17T12:52:15.644+0000] {logging_mixin.py:151} INFO - [2023-09-17T12:52:15.644+0000] {dag.py:3696} INFO - Setting next_dagrun for example_python_operator to None, run_after=None
[2023-09-17T12:52:15.702+0000] {processor.py:179} INFO - Processing /home/airflow/.local/lib/python3.8/site-packages/airflow/example_dags/example_python_operator.py took 0.150 seconds
[2023-09-17T12:52:45.960+0000] {processor.py:157} INFO - Started process (PID=1368) to work on /home/airflow/.local/lib/python3.8/site-packages/airflow/example_dags/example_python_operator.py
[2023-09-17T12:52:45.961+0000] {processor.py:829} INFO - Processing file /home/airflow/.local/lib/python3.8/site-packages/airflow/example_dags/example_python_operator.py for tasks to queue
[2023-09-17T12:52:45.964+0000] {logging_mixin.py:151} INFO - [2023-09-17T12:52:45.964+0000] {dagbag.py:539} INFO - Filling up the DagBag from /home/airflow/.local/lib/python3.8/site-packages/airflow/example_dags/example_python_operator.py
[2023-09-17T12:52:45.991+0000] {processor.py:839} INFO - DAG(s) dict_keys(['example_python_operator']) retrieved from /home/airflow/.local/lib/python3.8/site-packages/airflow/example_dags/example_python_operator.py
[2023-09-17T12:52:46.064+0000] {logging_mixin.py:151} INFO - [2023-09-17T12:52:46.063+0000] {dag.py:2915} INFO - Sync 1 DAGs
[2023-09-17T12:52:46.105+0000] {logging_mixin.py:151} INFO - [2023-09-17T12:52:46.104+0000] {dag.py:3696} INFO - Setting next_dagrun for example_python_operator to None, run_after=None
[2023-09-17T12:52:46.183+0000] {processor.py:179} INFO - Processing /home/airflow/.local/lib/python3.8/site-packages/airflow/example_dags/example_python_operator.py took 0.229 seconds
