[2023-09-17T12:40:30.212+0000] {processor.py:157} INFO - Started process (PID=41) to work on /home/airflow/.local/lib/python3.8/site-packages/airflow/example_dags/example_params_ui_tutorial.py
[2023-09-17T12:40:30.213+0000] {processor.py:829} INFO - Processing file /home/airflow/.local/lib/python3.8/site-packages/airflow/example_dags/example_params_ui_tutorial.py for tasks to queue
[2023-09-17T12:40:30.216+0000] {logging_mixin.py:151} INFO - [2023-09-17T12:40:30.216+0000] {dagbag.py:539} INFO - Filling up the DagBag from /home/airflow/.local/lib/python3.8/site-packages/airflow/example_dags/example_params_ui_tutorial.py
[2023-09-17T12:40:30.355+0000] {processor.py:839} INFO - DAG(s) dict_keys(['example_params_ui_tutorial']) retrieved from /home/airflow/.local/lib/python3.8/site-packages/airflow/example_dags/example_params_ui_tutorial.py
[2023-09-17T12:40:30.765+0000] {logging_mixin.py:151} INFO - [2023-09-17T12:40:30.763+0000] {manager.py:499} INFO - Created Permission View: %s
[2023-09-17T12:40:30.854+0000] {logging_mixin.py:151} INFO - [2023-09-17T12:40:30.853+0000] {manager.py:499} INFO - Created Permission View: %s
[2023-09-17T12:40:30.941+0000] {logging_mixin.py:151} INFO - [2023-09-17T12:40:30.940+0000] {manager.py:499} INFO - Created Permission View: %s
[2023-09-17T12:40:30.942+0000] {logging_mixin.py:151} INFO - [2023-09-17T12:40:30.941+0000] {security.py:708} INFO - Not syncing DAG-level permissions for DAG 'DAG:example_params_ui_tutorial' as access control is unset.
[2023-09-17T12:40:30.942+0000] {logging_mixin.py:151} INFO - [2023-09-17T12:40:30.942+0000] {dag.py:2915} INFO - Sync 1 DAGs
[2023-09-17T12:40:30.970+0000] {logging_mixin.py:151} INFO - [2023-09-17T12:40:30.970+0000] {dag.py:2937} INFO - Creating ORM DAG for example_params_ui_tutorial
[2023-09-17T12:40:30.971+0000] {logging_mixin.py:151} INFO - [2023-09-17T12:40:30.971+0000] {dag.py:3696} INFO - Setting next_dagrun for example_params_ui_tutorial to None, run_after=None
[2023-09-17T12:40:31.049+0000] {processor.py:179} INFO - Processing /home/airflow/.local/lib/python3.8/site-packages/airflow/example_dags/example_params_ui_tutorial.py took 0.841 seconds
[2023-09-17T12:41:01.651+0000] {processor.py:157} INFO - Started process (PID=97) to work on /home/airflow/.local/lib/python3.8/site-packages/airflow/example_dags/example_params_ui_tutorial.py
[2023-09-17T12:41:01.695+0000] {processor.py:829} INFO - Processing file /home/airflow/.local/lib/python3.8/site-packages/airflow/example_dags/example_params_ui_tutorial.py for tasks to queue
[2023-09-17T12:41:01.700+0000] {logging_mixin.py:151} INFO - [2023-09-17T12:41:01.700+0000] {dagbag.py:539} INFO - Filling up the DagBag from /home/airflow/.local/lib/python3.8/site-packages/airflow/example_dags/example_params_ui_tutorial.py
[2023-09-17T12:41:01.765+0000] {processor.py:839} INFO - DAG(s) dict_keys(['example_params_ui_tutorial']) retrieved from /home/airflow/.local/lib/python3.8/site-packages/airflow/example_dags/example_params_ui_tutorial.py
[2023-09-17T12:41:01.866+0000] {logging_mixin.py:151} INFO - [2023-09-17T12:41:01.866+0000] {dag.py:2915} INFO - Sync 1 DAGs
[2023-09-17T12:41:01.888+0000] {logging_mixin.py:151} INFO - [2023-09-17T12:41:01.888+0000] {dag.py:3696} INFO - Setting next_dagrun for example_params_ui_tutorial to None, run_after=None
[2023-09-17T12:41:01.916+0000] {processor.py:179} INFO - Processing /home/airflow/.local/lib/python3.8/site-packages/airflow/example_dags/example_params_ui_tutorial.py took 0.269 seconds
[2023-09-17T12:41:32.022+0000] {processor.py:157} INFO - Started process (PID=152) to work on /home/airflow/.local/lib/python3.8/site-packages/airflow/example_dags/example_params_ui_tutorial.py
[2023-09-17T12:41:32.048+0000] {processor.py:829} INFO - Processing file /home/airflow/.local/lib/python3.8/site-packages/airflow/example_dags/example_params_ui_tutorial.py for tasks to queue
[2023-09-17T12:41:32.050+0000] {logging_mixin.py:151} INFO - [2023-09-17T12:41:32.050+0000] {dagbag.py:539} INFO - Filling up the DagBag from /home/airflow/.local/lib/python3.8/site-packages/airflow/example_dags/example_params_ui_tutorial.py
[2023-09-17T12:41:32.145+0000] {processor.py:839} INFO - DAG(s) dict_keys(['example_params_ui_tutorial']) retrieved from /home/airflow/.local/lib/python3.8/site-packages/airflow/example_dags/example_params_ui_tutorial.py
[2023-09-17T12:41:32.248+0000] {logging_mixin.py:151} INFO - [2023-09-17T12:41:32.247+0000] {dag.py:2915} INFO - Sync 1 DAGs
[2023-09-17T12:41:32.263+0000] {logging_mixin.py:151} INFO - [2023-09-17T12:41:32.263+0000] {dag.py:3696} INFO - Setting next_dagrun for example_params_ui_tutorial to None, run_after=None
[2023-09-17T12:41:32.295+0000] {processor.py:179} INFO - Processing /home/airflow/.local/lib/python3.8/site-packages/airflow/example_dags/example_params_ui_tutorial.py took 0.277 seconds
[2023-09-17T12:42:02.414+0000] {processor.py:157} INFO - Started process (PID=208) to work on /home/airflow/.local/lib/python3.8/site-packages/airflow/example_dags/example_params_ui_tutorial.py
[2023-09-17T12:42:02.417+0000] {processor.py:829} INFO - Processing file /home/airflow/.local/lib/python3.8/site-packages/airflow/example_dags/example_params_ui_tutorial.py for tasks to queue
[2023-09-17T12:42:02.420+0000] {logging_mixin.py:151} INFO - [2023-09-17T12:42:02.419+0000] {dagbag.py:539} INFO - Filling up the DagBag from /home/airflow/.local/lib/python3.8/site-packages/airflow/example_dags/example_params_ui_tutorial.py
[2023-09-17T12:42:02.518+0000] {processor.py:839} INFO - DAG(s) dict_keys(['example_params_ui_tutorial']) retrieved from /home/airflow/.local/lib/python3.8/site-packages/airflow/example_dags/example_params_ui_tutorial.py
[2023-09-17T12:42:02.711+0000] {logging_mixin.py:151} INFO - [2023-09-17T12:42:02.711+0000] {dag.py:2915} INFO - Sync 1 DAGs
[2023-09-17T12:42:02.749+0000] {logging_mixin.py:151} INFO - [2023-09-17T12:42:02.748+0000] {dag.py:3696} INFO - Setting next_dagrun for example_params_ui_tutorial to None, run_after=None
[2023-09-17T12:42:02.807+0000] {processor.py:179} INFO - Processing /home/airflow/.local/lib/python3.8/site-packages/airflow/example_dags/example_params_ui_tutorial.py took 0.407 seconds
[2023-09-17T12:42:33.131+0000] {processor.py:157} INFO - Started process (PID=260) to work on /home/airflow/.local/lib/python3.8/site-packages/airflow/example_dags/example_params_ui_tutorial.py
[2023-09-17T12:42:33.132+0000] {processor.py:829} INFO - Processing file /home/airflow/.local/lib/python3.8/site-packages/airflow/example_dags/example_params_ui_tutorial.py for tasks to queue
[2023-09-17T12:42:33.135+0000] {logging_mixin.py:151} INFO - [2023-09-17T12:42:33.135+0000] {dagbag.py:539} INFO - Filling up the DagBag from /home/airflow/.local/lib/python3.8/site-packages/airflow/example_dags/example_params_ui_tutorial.py
[2023-09-17T12:42:33.212+0000] {processor.py:839} INFO - DAG(s) dict_keys(['example_params_ui_tutorial']) retrieved from /home/airflow/.local/lib/python3.8/site-packages/airflow/example_dags/example_params_ui_tutorial.py
[2023-09-17T12:42:33.313+0000] {logging_mixin.py:151} INFO - [2023-09-17T12:42:33.313+0000] {dag.py:2915} INFO - Sync 1 DAGs
[2023-09-17T12:42:33.332+0000] {logging_mixin.py:151} INFO - [2023-09-17T12:42:33.332+0000] {dag.py:3696} INFO - Setting next_dagrun for example_params_ui_tutorial to None, run_after=None
[2023-09-17T12:42:33.398+0000] {processor.py:179} INFO - Processing /home/airflow/.local/lib/python3.8/site-packages/airflow/example_dags/example_params_ui_tutorial.py took 0.272 seconds
[2023-09-17T12:43:03.531+0000] {processor.py:157} INFO - Started process (PID=315) to work on /home/airflow/.local/lib/python3.8/site-packages/airflow/example_dags/example_params_ui_tutorial.py
[2023-09-17T12:43:03.583+0000] {processor.py:829} INFO - Processing file /home/airflow/.local/lib/python3.8/site-packages/airflow/example_dags/example_params_ui_tutorial.py for tasks to queue
[2023-09-17T12:43:03.588+0000] {logging_mixin.py:151} INFO - [2023-09-17T12:43:03.587+0000] {dagbag.py:539} INFO - Filling up the DagBag from /home/airflow/.local/lib/python3.8/site-packages/airflow/example_dags/example_params_ui_tutorial.py
[2023-09-17T12:43:03.788+0000] {processor.py:839} INFO - DAG(s) dict_keys(['example_params_ui_tutorial']) retrieved from /home/airflow/.local/lib/python3.8/site-packages/airflow/example_dags/example_params_ui_tutorial.py
[2023-09-17T12:43:03.890+0000] {logging_mixin.py:151} INFO - [2023-09-17T12:43:03.890+0000] {dag.py:2915} INFO - Sync 1 DAGs
[2023-09-17T12:43:03.910+0000] {logging_mixin.py:151} INFO - [2023-09-17T12:43:03.909+0000] {dag.py:3696} INFO - Setting next_dagrun for example_params_ui_tutorial to None, run_after=None
[2023-09-17T12:43:03.954+0000] {processor.py:179} INFO - Processing /home/airflow/.local/lib/python3.8/site-packages/airflow/example_dags/example_params_ui_tutorial.py took 0.433 seconds
[2023-09-17T12:43:34.577+0000] {processor.py:157} INFO - Started process (PID=370) to work on /home/airflow/.local/lib/python3.8/site-packages/airflow/example_dags/example_params_ui_tutorial.py
[2023-09-17T12:43:34.578+0000] {processor.py:829} INFO - Processing file /home/airflow/.local/lib/python3.8/site-packages/airflow/example_dags/example_params_ui_tutorial.py for tasks to queue
[2023-09-17T12:43:34.580+0000] {logging_mixin.py:151} INFO - [2023-09-17T12:43:34.580+0000] {dagbag.py:539} INFO - Filling up the DagBag from /home/airflow/.local/lib/python3.8/site-packages/airflow/example_dags/example_params_ui_tutorial.py
[2023-09-17T12:43:34.646+0000] {processor.py:839} INFO - DAG(s) dict_keys(['example_params_ui_tutorial']) retrieved from /home/airflow/.local/lib/python3.8/site-packages/airflow/example_dags/example_params_ui_tutorial.py
[2023-09-17T12:43:34.747+0000] {logging_mixin.py:151} INFO - [2023-09-17T12:43:34.746+0000] {dag.py:2915} INFO - Sync 1 DAGs
[2023-09-17T12:43:34.762+0000] {logging_mixin.py:151} INFO - [2023-09-17T12:43:34.762+0000] {dag.py:3696} INFO - Setting next_dagrun for example_params_ui_tutorial to None, run_after=None
[2023-09-17T12:43:34.793+0000] {processor.py:179} INFO - Processing /home/airflow/.local/lib/python3.8/site-packages/airflow/example_dags/example_params_ui_tutorial.py took 0.220 seconds
[2023-09-17T12:44:04.844+0000] {processor.py:157} INFO - Started process (PID=426) to work on /home/airflow/.local/lib/python3.8/site-packages/airflow/example_dags/example_params_ui_tutorial.py
[2023-09-17T12:44:04.845+0000] {processor.py:829} INFO - Processing file /home/airflow/.local/lib/python3.8/site-packages/airflow/example_dags/example_params_ui_tutorial.py for tasks to queue
[2023-09-17T12:44:04.847+0000] {logging_mixin.py:151} INFO - [2023-09-17T12:44:04.847+0000] {dagbag.py:539} INFO - Filling up the DagBag from /home/airflow/.local/lib/python3.8/site-packages/airflow/example_dags/example_params_ui_tutorial.py
[2023-09-17T12:44:04.904+0000] {processor.py:839} INFO - DAG(s) dict_keys(['example_params_ui_tutorial']) retrieved from /home/airflow/.local/lib/python3.8/site-packages/airflow/example_dags/example_params_ui_tutorial.py
[2023-09-17T12:44:05.013+0000] {logging_mixin.py:151} INFO - [2023-09-17T12:44:05.013+0000] {dag.py:2915} INFO - Sync 1 DAGs
[2023-09-17T12:44:05.030+0000] {logging_mixin.py:151} INFO - [2023-09-17T12:44:05.030+0000] {dag.py:3696} INFO - Setting next_dagrun for example_params_ui_tutorial to None, run_after=None
[2023-09-17T12:44:05.056+0000] {processor.py:179} INFO - Processing /home/airflow/.local/lib/python3.8/site-packages/airflow/example_dags/example_params_ui_tutorial.py took 0.216 seconds
[2023-09-17T12:44:35.125+0000] {processor.py:157} INFO - Started process (PID=481) to work on /home/airflow/.local/lib/python3.8/site-packages/airflow/example_dags/example_params_ui_tutorial.py
[2023-09-17T12:44:35.128+0000] {processor.py:829} INFO - Processing file /home/airflow/.local/lib/python3.8/site-packages/airflow/example_dags/example_params_ui_tutorial.py for tasks to queue
[2023-09-17T12:44:35.135+0000] {logging_mixin.py:151} INFO - [2023-09-17T12:44:35.134+0000] {dagbag.py:539} INFO - Filling up the DagBag from /home/airflow/.local/lib/python3.8/site-packages/airflow/example_dags/example_params_ui_tutorial.py
[2023-09-17T12:44:35.273+0000] {processor.py:839} INFO - DAG(s) dict_keys(['example_params_ui_tutorial']) retrieved from /home/airflow/.local/lib/python3.8/site-packages/airflow/example_dags/example_params_ui_tutorial.py
[2023-09-17T12:44:35.486+0000] {logging_mixin.py:151} INFO - [2023-09-17T12:44:35.486+0000] {dag.py:2915} INFO - Sync 1 DAGs
[2023-09-17T12:44:35.517+0000] {logging_mixin.py:151} INFO - [2023-09-17T12:44:35.516+0000] {dag.py:3696} INFO - Setting next_dagrun for example_params_ui_tutorial to None, run_after=None
[2023-09-17T12:44:35.568+0000] {processor.py:179} INFO - Processing /home/airflow/.local/lib/python3.8/site-packages/airflow/example_dags/example_params_ui_tutorial.py took 0.451 seconds
[2023-09-17T12:45:05.679+0000] {processor.py:157} INFO - Started process (PID=536) to work on /home/airflow/.local/lib/python3.8/site-packages/airflow/example_dags/example_params_ui_tutorial.py
[2023-09-17T12:45:05.680+0000] {processor.py:829} INFO - Processing file /home/airflow/.local/lib/python3.8/site-packages/airflow/example_dags/example_params_ui_tutorial.py for tasks to queue
[2023-09-17T12:45:05.683+0000] {logging_mixin.py:151} INFO - [2023-09-17T12:45:05.682+0000] {dagbag.py:539} INFO - Filling up the DagBag from /home/airflow/.local/lib/python3.8/site-packages/airflow/example_dags/example_params_ui_tutorial.py
[2023-09-17T12:45:05.740+0000] {processor.py:839} INFO - DAG(s) dict_keys(['example_params_ui_tutorial']) retrieved from /home/airflow/.local/lib/python3.8/site-packages/airflow/example_dags/example_params_ui_tutorial.py
[2023-09-17T12:45:05.835+0000] {logging_mixin.py:151} INFO - [2023-09-17T12:45:05.835+0000] {dag.py:2915} INFO - Sync 1 DAGs
[2023-09-17T12:45:05.851+0000] {logging_mixin.py:151} INFO - [2023-09-17T12:45:05.851+0000] {dag.py:3696} INFO - Setting next_dagrun for example_params_ui_tutorial to None, run_after=None
[2023-09-17T12:45:05.890+0000] {processor.py:179} INFO - Processing /home/airflow/.local/lib/python3.8/site-packages/airflow/example_dags/example_params_ui_tutorial.py took 0.214 seconds
[2023-09-17T12:45:36.155+0000] {processor.py:157} INFO - Started process (PID=591) to work on /home/airflow/.local/lib/python3.8/site-packages/airflow/example_dags/example_params_ui_tutorial.py
[2023-09-17T12:45:36.167+0000] {processor.py:829} INFO - Processing file /home/airflow/.local/lib/python3.8/site-packages/airflow/example_dags/example_params_ui_tutorial.py for tasks to queue
[2023-09-17T12:45:36.170+0000] {logging_mixin.py:151} INFO - [2023-09-17T12:45:36.170+0000] {dagbag.py:539} INFO - Filling up the DagBag from /home/airflow/.local/lib/python3.8/site-packages/airflow/example_dags/example_params_ui_tutorial.py
[2023-09-17T12:45:36.254+0000] {processor.py:839} INFO - DAG(s) dict_keys(['example_params_ui_tutorial']) retrieved from /home/airflow/.local/lib/python3.8/site-packages/airflow/example_dags/example_params_ui_tutorial.py
[2023-09-17T12:45:36.387+0000] {logging_mixin.py:151} INFO - [2023-09-17T12:45:36.386+0000] {dag.py:2915} INFO - Sync 1 DAGs
[2023-09-17T12:45:36.405+0000] {logging_mixin.py:151} INFO - [2023-09-17T12:45:36.405+0000] {dag.py:3696} INFO - Setting next_dagrun for example_params_ui_tutorial to None, run_after=None
[2023-09-17T12:45:36.443+0000] {processor.py:179} INFO - Processing /home/airflow/.local/lib/python3.8/site-packages/airflow/example_dags/example_params_ui_tutorial.py took 0.297 seconds
[2023-09-17T12:46:06.550+0000] {processor.py:157} INFO - Started process (PID=647) to work on /home/airflow/.local/lib/python3.8/site-packages/airflow/example_dags/example_params_ui_tutorial.py
[2023-09-17T12:46:06.551+0000] {processor.py:829} INFO - Processing file /home/airflow/.local/lib/python3.8/site-packages/airflow/example_dags/example_params_ui_tutorial.py for tasks to queue
[2023-09-17T12:46:06.553+0000] {logging_mixin.py:151} INFO - [2023-09-17T12:46:06.553+0000] {dagbag.py:539} INFO - Filling up the DagBag from /home/airflow/.local/lib/python3.8/site-packages/airflow/example_dags/example_params_ui_tutorial.py
[2023-09-17T12:46:06.615+0000] {processor.py:839} INFO - DAG(s) dict_keys(['example_params_ui_tutorial']) retrieved from /home/airflow/.local/lib/python3.8/site-packages/airflow/example_dags/example_params_ui_tutorial.py
[2023-09-17T12:46:06.699+0000] {logging_mixin.py:151} INFO - [2023-09-17T12:46:06.699+0000] {dag.py:2915} INFO - Sync 1 DAGs
[2023-09-17T12:46:06.715+0000] {logging_mixin.py:151} INFO - [2023-09-17T12:46:06.715+0000] {dag.py:3696} INFO - Setting next_dagrun for example_params_ui_tutorial to None, run_after=None
[2023-09-17T12:46:06.751+0000] {processor.py:179} INFO - Processing /home/airflow/.local/lib/python3.8/site-packages/airflow/example_dags/example_params_ui_tutorial.py took 0.205 seconds
[2023-09-17T12:46:37.009+0000] {processor.py:157} INFO - Started process (PID=701) to work on /home/airflow/.local/lib/python3.8/site-packages/airflow/example_dags/example_params_ui_tutorial.py
[2023-09-17T12:46:37.010+0000] {processor.py:829} INFO - Processing file /home/airflow/.local/lib/python3.8/site-packages/airflow/example_dags/example_params_ui_tutorial.py for tasks to queue
[2023-09-17T12:46:37.012+0000] {logging_mixin.py:151} INFO - [2023-09-17T12:46:37.012+0000] {dagbag.py:539} INFO - Filling up the DagBag from /home/airflow/.local/lib/python3.8/site-packages/airflow/example_dags/example_params_ui_tutorial.py
[2023-09-17T12:46:37.069+0000] {processor.py:839} INFO - DAG(s) dict_keys(['example_params_ui_tutorial']) retrieved from /home/airflow/.local/lib/python3.8/site-packages/airflow/example_dags/example_params_ui_tutorial.py
[2023-09-17T12:46:37.169+0000] {logging_mixin.py:151} INFO - [2023-09-17T12:46:37.168+0000] {dag.py:2915} INFO - Sync 1 DAGs
[2023-09-17T12:46:37.185+0000] {logging_mixin.py:151} INFO - [2023-09-17T12:46:37.185+0000] {dag.py:3696} INFO - Setting next_dagrun for example_params_ui_tutorial to None, run_after=None
[2023-09-17T12:46:37.213+0000] {processor.py:179} INFO - Processing /home/airflow/.local/lib/python3.8/site-packages/airflow/example_dags/example_params_ui_tutorial.py took 0.209 seconds
[2023-09-17T12:47:07.669+0000] {processor.py:157} INFO - Started process (PID=759) to work on /home/airflow/.local/lib/python3.8/site-packages/airflow/example_dags/example_params_ui_tutorial.py
[2023-09-17T12:47:07.671+0000] {processor.py:829} INFO - Processing file /home/airflow/.local/lib/python3.8/site-packages/airflow/example_dags/example_params_ui_tutorial.py for tasks to queue
[2023-09-17T12:47:07.675+0000] {logging_mixin.py:151} INFO - [2023-09-17T12:47:07.674+0000] {dagbag.py:539} INFO - Filling up the DagBag from /home/airflow/.local/lib/python3.8/site-packages/airflow/example_dags/example_params_ui_tutorial.py
[2023-09-17T12:47:07.823+0000] {processor.py:839} INFO - DAG(s) dict_keys(['example_params_ui_tutorial']) retrieved from /home/airflow/.local/lib/python3.8/site-packages/airflow/example_dags/example_params_ui_tutorial.py
[2023-09-17T12:47:08.158+0000] {logging_mixin.py:151} INFO - [2023-09-17T12:47:08.158+0000] {dag.py:2915} INFO - Sync 1 DAGs
[2023-09-17T12:47:08.181+0000] {logging_mixin.py:151} INFO - [2023-09-17T12:47:08.181+0000] {dag.py:3696} INFO - Setting next_dagrun for example_params_ui_tutorial to None, run_after=None
[2023-09-17T12:47:08.243+0000] {processor.py:179} INFO - Processing /home/airflow/.local/lib/python3.8/site-packages/airflow/example_dags/example_params_ui_tutorial.py took 0.581 seconds
[2023-09-17T12:47:38.278+0000] {processor.py:157} INFO - Started process (PID=813) to work on /home/airflow/.local/lib/python3.8/site-packages/airflow/example_dags/example_params_ui_tutorial.py
[2023-09-17T12:47:38.279+0000] {processor.py:829} INFO - Processing file /home/airflow/.local/lib/python3.8/site-packages/airflow/example_dags/example_params_ui_tutorial.py for tasks to queue
[2023-09-17T12:47:38.282+0000] {logging_mixin.py:151} INFO - [2023-09-17T12:47:38.282+0000] {dagbag.py:539} INFO - Filling up the DagBag from /home/airflow/.local/lib/python3.8/site-packages/airflow/example_dags/example_params_ui_tutorial.py
[2023-09-17T12:47:38.359+0000] {processor.py:839} INFO - DAG(s) dict_keys(['example_params_ui_tutorial']) retrieved from /home/airflow/.local/lib/python3.8/site-packages/airflow/example_dags/example_params_ui_tutorial.py
[2023-09-17T12:47:38.535+0000] {logging_mixin.py:151} INFO - [2023-09-17T12:47:38.535+0000] {dag.py:2915} INFO - Sync 1 DAGs
[2023-09-17T12:47:38.563+0000] {logging_mixin.py:151} INFO - [2023-09-17T12:47:38.562+0000] {dag.py:3696} INFO - Setting next_dagrun for example_params_ui_tutorial to None, run_after=None
[2023-09-17T12:47:38.734+0000] {processor.py:179} INFO - Processing /home/airflow/.local/lib/python3.8/site-packages/airflow/example_dags/example_params_ui_tutorial.py took 0.460 seconds
[2023-09-17T12:48:08.837+0000] {processor.py:157} INFO - Started process (PID=868) to work on /home/airflow/.local/lib/python3.8/site-packages/airflow/example_dags/example_params_ui_tutorial.py
[2023-09-17T12:48:08.838+0000] {processor.py:829} INFO - Processing file /home/airflow/.local/lib/python3.8/site-packages/airflow/example_dags/example_params_ui_tutorial.py for tasks to queue
[2023-09-17T12:48:08.842+0000] {logging_mixin.py:151} INFO - [2023-09-17T12:48:08.841+0000] {dagbag.py:539} INFO - Filling up the DagBag from /home/airflow/.local/lib/python3.8/site-packages/airflow/example_dags/example_params_ui_tutorial.py
[2023-09-17T12:48:08.912+0000] {processor.py:839} INFO - DAG(s) dict_keys(['example_params_ui_tutorial']) retrieved from /home/airflow/.local/lib/python3.8/site-packages/airflow/example_dags/example_params_ui_tutorial.py
[2023-09-17T12:48:09.025+0000] {logging_mixin.py:151} INFO - [2023-09-17T12:48:09.025+0000] {dag.py:2915} INFO - Sync 1 DAGs
[2023-09-17T12:48:09.041+0000] {logging_mixin.py:151} INFO - [2023-09-17T12:48:09.041+0000] {dag.py:3696} INFO - Setting next_dagrun for example_params_ui_tutorial to None, run_after=None
[2023-09-17T12:48:09.067+0000] {processor.py:179} INFO - Processing /home/airflow/.local/lib/python3.8/site-packages/airflow/example_dags/example_params_ui_tutorial.py took 0.235 seconds
[2023-09-17T12:48:39.265+0000] {processor.py:157} INFO - Started process (PID=924) to work on /home/airflow/.local/lib/python3.8/site-packages/airflow/example_dags/example_params_ui_tutorial.py
[2023-09-17T12:48:39.277+0000] {processor.py:829} INFO - Processing file /home/airflow/.local/lib/python3.8/site-packages/airflow/example_dags/example_params_ui_tutorial.py for tasks to queue
[2023-09-17T12:48:39.280+0000] {logging_mixin.py:151} INFO - [2023-09-17T12:48:39.280+0000] {dagbag.py:539} INFO - Filling up the DagBag from /home/airflow/.local/lib/python3.8/site-packages/airflow/example_dags/example_params_ui_tutorial.py
[2023-09-17T12:48:39.368+0000] {processor.py:839} INFO - DAG(s) dict_keys(['example_params_ui_tutorial']) retrieved from /home/airflow/.local/lib/python3.8/site-packages/airflow/example_dags/example_params_ui_tutorial.py
[2023-09-17T12:48:39.468+0000] {logging_mixin.py:151} INFO - [2023-09-17T12:48:39.468+0000] {dag.py:2915} INFO - Sync 1 DAGs
[2023-09-17T12:48:39.486+0000] {logging_mixin.py:151} INFO - [2023-09-17T12:48:39.486+0000] {dag.py:3696} INFO - Setting next_dagrun for example_params_ui_tutorial to None, run_after=None
[2023-09-17T12:48:39.595+0000] {processor.py:179} INFO - Processing /home/airflow/.local/lib/python3.8/site-packages/airflow/example_dags/example_params_ui_tutorial.py took 0.333 seconds
[2023-09-17T12:49:09.854+0000] {processor.py:157} INFO - Started process (PID=978) to work on /home/airflow/.local/lib/python3.8/site-packages/airflow/example_dags/example_params_ui_tutorial.py
[2023-09-17T12:49:09.855+0000] {processor.py:829} INFO - Processing file /home/airflow/.local/lib/python3.8/site-packages/airflow/example_dags/example_params_ui_tutorial.py for tasks to queue
[2023-09-17T12:49:09.857+0000] {logging_mixin.py:151} INFO - [2023-09-17T12:49:09.857+0000] {dagbag.py:539} INFO - Filling up the DagBag from /home/airflow/.local/lib/python3.8/site-packages/airflow/example_dags/example_params_ui_tutorial.py
[2023-09-17T12:49:09.919+0000] {processor.py:839} INFO - DAG(s) dict_keys(['example_params_ui_tutorial']) retrieved from /home/airflow/.local/lib/python3.8/site-packages/airflow/example_dags/example_params_ui_tutorial.py
[2023-09-17T12:49:10.036+0000] {logging_mixin.py:151} INFO - [2023-09-17T12:49:10.036+0000] {dag.py:2915} INFO - Sync 1 DAGs
[2023-09-17T12:49:10.056+0000] {logging_mixin.py:151} INFO - [2023-09-17T12:49:10.056+0000] {dag.py:3696} INFO - Setting next_dagrun for example_params_ui_tutorial to None, run_after=None
[2023-09-17T12:49:10.097+0000] {processor.py:179} INFO - Processing /home/airflow/.local/lib/python3.8/site-packages/airflow/example_dags/example_params_ui_tutorial.py took 0.249 seconds
[2023-09-17T12:49:40.265+0000] {processor.py:157} INFO - Started process (PID=1033) to work on /home/airflow/.local/lib/python3.8/site-packages/airflow/example_dags/example_params_ui_tutorial.py
[2023-09-17T12:49:40.276+0000] {processor.py:829} INFO - Processing file /home/airflow/.local/lib/python3.8/site-packages/airflow/example_dags/example_params_ui_tutorial.py for tasks to queue
[2023-09-17T12:49:40.283+0000] {logging_mixin.py:151} INFO - [2023-09-17T12:49:40.282+0000] {dagbag.py:539} INFO - Filling up the DagBag from /home/airflow/.local/lib/python3.8/site-packages/airflow/example_dags/example_params_ui_tutorial.py
[2023-09-17T12:49:40.389+0000] {processor.py:839} INFO - DAG(s) dict_keys(['example_params_ui_tutorial']) retrieved from /home/airflow/.local/lib/python3.8/site-packages/airflow/example_dags/example_params_ui_tutorial.py
[2023-09-17T12:49:40.489+0000] {logging_mixin.py:151} INFO - [2023-09-17T12:49:40.489+0000] {dag.py:2915} INFO - Sync 1 DAGs
[2023-09-17T12:49:40.507+0000] {logging_mixin.py:151} INFO - [2023-09-17T12:49:40.506+0000] {dag.py:3696} INFO - Setting next_dagrun for example_params_ui_tutorial to None, run_after=None
[2023-09-17T12:49:40.544+0000] {processor.py:179} INFO - Processing /home/airflow/.local/lib/python3.8/site-packages/airflow/example_dags/example_params_ui_tutorial.py took 0.288 seconds
[2023-09-17T12:50:11.301+0000] {processor.py:157} INFO - Started process (PID=1088) to work on /home/airflow/.local/lib/python3.8/site-packages/airflow/example_dags/example_params_ui_tutorial.py
[2023-09-17T12:50:11.301+0000] {processor.py:829} INFO - Processing file /home/airflow/.local/lib/python3.8/site-packages/airflow/example_dags/example_params_ui_tutorial.py for tasks to queue
[2023-09-17T12:50:11.304+0000] {logging_mixin.py:151} INFO - [2023-09-17T12:50:11.304+0000] {dagbag.py:539} INFO - Filling up the DagBag from /home/airflow/.local/lib/python3.8/site-packages/airflow/example_dags/example_params_ui_tutorial.py
[2023-09-17T12:50:11.369+0000] {processor.py:839} INFO - DAG(s) dict_keys(['example_params_ui_tutorial']) retrieved from /home/airflow/.local/lib/python3.8/site-packages/airflow/example_dags/example_params_ui_tutorial.py
[2023-09-17T12:50:11.473+0000] {logging_mixin.py:151} INFO - [2023-09-17T12:50:11.472+0000] {dag.py:2915} INFO - Sync 1 DAGs
[2023-09-17T12:50:11.492+0000] {logging_mixin.py:151} INFO - [2023-09-17T12:50:11.492+0000] {dag.py:3696} INFO - Setting next_dagrun for example_params_ui_tutorial to None, run_after=None
[2023-09-17T12:50:11.530+0000] {processor.py:179} INFO - Processing /home/airflow/.local/lib/python3.8/site-packages/airflow/example_dags/example_params_ui_tutorial.py took 0.234 seconds
[2023-09-17T12:50:41.609+0000] {processor.py:157} INFO - Started process (PID=1143) to work on /home/airflow/.local/lib/python3.8/site-packages/airflow/example_dags/example_params_ui_tutorial.py
[2023-09-17T12:50:41.619+0000] {processor.py:829} INFO - Processing file /home/airflow/.local/lib/python3.8/site-packages/airflow/example_dags/example_params_ui_tutorial.py for tasks to queue
[2023-09-17T12:50:41.627+0000] {logging_mixin.py:151} INFO - [2023-09-17T12:50:41.625+0000] {dagbag.py:539} INFO - Filling up the DagBag from /home/airflow/.local/lib/python3.8/site-packages/airflow/example_dags/example_params_ui_tutorial.py
[2023-09-17T12:50:41.786+0000] {processor.py:839} INFO - DAG(s) dict_keys(['example_params_ui_tutorial']) retrieved from /home/airflow/.local/lib/python3.8/site-packages/airflow/example_dags/example_params_ui_tutorial.py
[2023-09-17T12:50:42.026+0000] {logging_mixin.py:151} INFO - [2023-09-17T12:50:42.025+0000] {dag.py:2915} INFO - Sync 1 DAGs
[2023-09-17T12:50:42.068+0000] {logging_mixin.py:151} INFO - [2023-09-17T12:50:42.067+0000] {dag.py:3696} INFO - Setting next_dagrun for example_params_ui_tutorial to None, run_after=None
[2023-09-17T12:50:42.147+0000] {processor.py:179} INFO - Processing /home/airflow/.local/lib/python3.8/site-packages/airflow/example_dags/example_params_ui_tutorial.py took 0.554 seconds
[2023-09-17T12:51:12.258+0000] {processor.py:157} INFO - Started process (PID=1197) to work on /home/airflow/.local/lib/python3.8/site-packages/airflow/example_dags/example_params_ui_tutorial.py
[2023-09-17T12:51:12.259+0000] {processor.py:829} INFO - Processing file /home/airflow/.local/lib/python3.8/site-packages/airflow/example_dags/example_params_ui_tutorial.py for tasks to queue
[2023-09-17T12:51:12.264+0000] {logging_mixin.py:151} INFO - [2023-09-17T12:51:12.263+0000] {dagbag.py:539} INFO - Filling up the DagBag from /home/airflow/.local/lib/python3.8/site-packages/airflow/example_dags/example_params_ui_tutorial.py
[2023-09-17T12:51:12.395+0000] {processor.py:839} INFO - DAG(s) dict_keys(['example_params_ui_tutorial']) retrieved from /home/airflow/.local/lib/python3.8/site-packages/airflow/example_dags/example_params_ui_tutorial.py
[2023-09-17T12:51:12.605+0000] {logging_mixin.py:151} INFO - [2023-09-17T12:51:12.604+0000] {dag.py:2915} INFO - Sync 1 DAGs
[2023-09-17T12:51:12.659+0000] {logging_mixin.py:151} INFO - [2023-09-17T12:51:12.658+0000] {dag.py:3696} INFO - Setting next_dagrun for example_params_ui_tutorial to None, run_after=None
[2023-09-17T12:51:12.736+0000] {processor.py:179} INFO - Processing /home/airflow/.local/lib/python3.8/site-packages/airflow/example_dags/example_params_ui_tutorial.py took 0.492 seconds
[2023-09-17T12:51:43.575+0000] {processor.py:157} INFO - Started process (PID=1251) to work on /home/airflow/.local/lib/python3.8/site-packages/airflow/example_dags/example_params_ui_tutorial.py
[2023-09-17T12:51:43.583+0000] {processor.py:829} INFO - Processing file /home/airflow/.local/lib/python3.8/site-packages/airflow/example_dags/example_params_ui_tutorial.py for tasks to queue
[2023-09-17T12:51:43.588+0000] {logging_mixin.py:151} INFO - [2023-09-17T12:51:43.587+0000] {dagbag.py:539} INFO - Filling up the DagBag from /home/airflow/.local/lib/python3.8/site-packages/airflow/example_dags/example_params_ui_tutorial.py
[2023-09-17T12:51:43.692+0000] {processor.py:839} INFO - DAG(s) dict_keys(['example_params_ui_tutorial']) retrieved from /home/airflow/.local/lib/python3.8/site-packages/airflow/example_dags/example_params_ui_tutorial.py
[2023-09-17T12:51:43.904+0000] {logging_mixin.py:151} INFO - [2023-09-17T12:51:43.903+0000] {dag.py:2915} INFO - Sync 1 DAGs
[2023-09-17T12:51:43.957+0000] {logging_mixin.py:151} INFO - [2023-09-17T12:51:43.957+0000] {dag.py:3696} INFO - Setting next_dagrun for example_params_ui_tutorial to None, run_after=None
[2023-09-17T12:51:44.021+0000] {processor.py:179} INFO - Processing /home/airflow/.local/lib/python3.8/site-packages/airflow/example_dags/example_params_ui_tutorial.py took 0.454 seconds
[2023-09-17T12:52:14.533+0000] {processor.py:157} INFO - Started process (PID=1307) to work on /home/airflow/.local/lib/python3.8/site-packages/airflow/example_dags/example_params_ui_tutorial.py
[2023-09-17T12:52:14.547+0000] {processor.py:829} INFO - Processing file /home/airflow/.local/lib/python3.8/site-packages/airflow/example_dags/example_params_ui_tutorial.py for tasks to queue
[2023-09-17T12:52:14.553+0000] {logging_mixin.py:151} INFO - [2023-09-17T12:52:14.553+0000] {dagbag.py:539} INFO - Filling up the DagBag from /home/airflow/.local/lib/python3.8/site-packages/airflow/example_dags/example_params_ui_tutorial.py
[2023-09-17T12:52:14.661+0000] {processor.py:839} INFO - DAG(s) dict_keys(['example_params_ui_tutorial']) retrieved from /home/airflow/.local/lib/python3.8/site-packages/airflow/example_dags/example_params_ui_tutorial.py
[2023-09-17T12:52:14.879+0000] {logging_mixin.py:151} INFO - [2023-09-17T12:52:14.878+0000] {dag.py:2915} INFO - Sync 1 DAGs
[2023-09-17T12:52:14.913+0000] {logging_mixin.py:151} INFO - [2023-09-17T12:52:14.912+0000] {dag.py:3696} INFO - Setting next_dagrun for example_params_ui_tutorial to None, run_after=None
[2023-09-17T12:52:14.981+0000] {processor.py:179} INFO - Processing /home/airflow/.local/lib/python3.8/site-packages/airflow/example_dags/example_params_ui_tutorial.py took 0.460 seconds
[2023-09-17T12:52:45.246+0000] {processor.py:157} INFO - Started process (PID=1363) to work on /home/airflow/.local/lib/python3.8/site-packages/airflow/example_dags/example_params_ui_tutorial.py
[2023-09-17T12:52:45.247+0000] {processor.py:829} INFO - Processing file /home/airflow/.local/lib/python3.8/site-packages/airflow/example_dags/example_params_ui_tutorial.py for tasks to queue
[2023-09-17T12:52:45.251+0000] {logging_mixin.py:151} INFO - [2023-09-17T12:52:45.249+0000] {dagbag.py:539} INFO - Filling up the DagBag from /home/airflow/.local/lib/python3.8/site-packages/airflow/example_dags/example_params_ui_tutorial.py
[2023-09-17T12:52:45.373+0000] {processor.py:839} INFO - DAG(s) dict_keys(['example_params_ui_tutorial']) retrieved from /home/airflow/.local/lib/python3.8/site-packages/airflow/example_dags/example_params_ui_tutorial.py
[2023-09-17T12:52:45.573+0000] {logging_mixin.py:151} INFO - [2023-09-17T12:52:45.572+0000] {dag.py:2915} INFO - Sync 1 DAGs
[2023-09-17T12:52:45.608+0000] {logging_mixin.py:151} INFO - [2023-09-17T12:52:45.608+0000] {dag.py:3696} INFO - Setting next_dagrun for example_params_ui_tutorial to None, run_after=None
[2023-09-17T12:52:45.679+0000] {processor.py:179} INFO - Processing /home/airflow/.local/lib/python3.8/site-packages/airflow/example_dags/example_params_ui_tutorial.py took 0.439 seconds
