[2023-09-17T12:40:50.246+0000] {processor.py:157} INFO - Started process (PID=79) to work on /home/airflow/.local/lib/python3.8/site-packages/airflow/example_dags/example_params_trigger_ui.py
[2023-09-17T12:40:50.247+0000] {processor.py:829} INFO - Processing file /home/airflow/.local/lib/python3.8/site-packages/airflow/example_dags/example_params_trigger_ui.py for tasks to queue
[2023-09-17T12:40:50.250+0000] {logging_mixin.py:151} INFO - [2023-09-17T12:40:50.250+0000] {dagbag.py:539} INFO - Filling up the DagBag from /home/airflow/.local/lib/python3.8/site-packages/airflow/example_dags/example_params_trigger_ui.py
[2023-09-17T12:40:50.276+0000] {processor.py:839} INFO - DAG(s) dict_keys(['example_params_trigger_ui']) retrieved from /home/airflow/.local/lib/python3.8/site-packages/airflow/example_dags/example_params_trigger_ui.py
[2023-09-17T12:40:50.526+0000] {logging_mixin.py:151} INFO - [2023-09-17T12:40:50.526+0000] {manager.py:499} INFO - Created Permission View: %s
[2023-09-17T12:40:50.559+0000] {logging_mixin.py:151} INFO - [2023-09-17T12:40:50.559+0000] {manager.py:499} INFO - Created Permission View: %s
[2023-09-17T12:40:50.581+0000] {logging_mixin.py:151} INFO - [2023-09-17T12:40:50.581+0000] {manager.py:499} INFO - Created Permission View: %s
[2023-09-17T12:40:50.582+0000] {logging_mixin.py:151} INFO - [2023-09-17T12:40:50.581+0000] {security.py:708} INFO - Not syncing DAG-level permissions for DAG 'DAG:example_params_trigger_ui' as access control is unset.
[2023-09-17T12:40:50.582+0000] {logging_mixin.py:151} INFO - [2023-09-17T12:40:50.582+0000] {dag.py:2915} INFO - Sync 1 DAGs
[2023-09-17T12:40:50.600+0000] {logging_mixin.py:151} INFO - [2023-09-17T12:40:50.600+0000] {dag.py:2937} INFO - Creating ORM DAG for example_params_trigger_ui
[2023-09-17T12:40:50.601+0000] {logging_mixin.py:151} INFO - [2023-09-17T12:40:50.601+0000] {dag.py:3696} INFO - Setting next_dagrun for example_params_trigger_ui to None, run_after=None
[2023-09-17T12:40:50.638+0000] {processor.py:179} INFO - Processing /home/airflow/.local/lib/python3.8/site-packages/airflow/example_dags/example_params_trigger_ui.py took 0.396 seconds
[2023-09-17T12:41:22.135+0000] {processor.py:157} INFO - Started process (PID=134) to work on /home/airflow/.local/lib/python3.8/site-packages/airflow/example_dags/example_params_trigger_ui.py
[2023-09-17T12:41:22.162+0000] {processor.py:829} INFO - Processing file /home/airflow/.local/lib/python3.8/site-packages/airflow/example_dags/example_params_trigger_ui.py for tasks to queue
[2023-09-17T12:41:22.165+0000] {logging_mixin.py:151} INFO - [2023-09-17T12:41:22.164+0000] {dagbag.py:539} INFO - Filling up the DagBag from /home/airflow/.local/lib/python3.8/site-packages/airflow/example_dags/example_params_trigger_ui.py
[2023-09-17T12:41:22.195+0000] {processor.py:839} INFO - DAG(s) dict_keys(['example_params_trigger_ui']) retrieved from /home/airflow/.local/lib/python3.8/site-packages/airflow/example_dags/example_params_trigger_ui.py
[2023-09-17T12:41:22.289+0000] {logging_mixin.py:151} INFO - [2023-09-17T12:41:22.288+0000] {dag.py:2915} INFO - Sync 1 DAGs
[2023-09-17T12:41:22.306+0000] {logging_mixin.py:151} INFO - [2023-09-17T12:41:22.306+0000] {dag.py:3696} INFO - Setting next_dagrun for example_params_trigger_ui to None, run_after=None
[2023-09-17T12:41:22.374+0000] {processor.py:179} INFO - Processing /home/airflow/.local/lib/python3.8/site-packages/airflow/example_dags/example_params_trigger_ui.py took 0.243 seconds
[2023-09-17T12:41:53.717+0000] {processor.py:157} INFO - Started process (PID=189) to work on /home/airflow/.local/lib/python3.8/site-packages/airflow/example_dags/example_params_trigger_ui.py
[2023-09-17T12:41:53.732+0000] {processor.py:829} INFO - Processing file /home/airflow/.local/lib/python3.8/site-packages/airflow/example_dags/example_params_trigger_ui.py for tasks to queue
[2023-09-17T12:41:53.736+0000] {logging_mixin.py:151} INFO - [2023-09-17T12:41:53.735+0000] {dagbag.py:539} INFO - Filling up the DagBag from /home/airflow/.local/lib/python3.8/site-packages/airflow/example_dags/example_params_trigger_ui.py
[2023-09-17T12:41:53.775+0000] {processor.py:839} INFO - DAG(s) dict_keys(['example_params_trigger_ui']) retrieved from /home/airflow/.local/lib/python3.8/site-packages/airflow/example_dags/example_params_trigger_ui.py
[2023-09-17T12:41:53.901+0000] {logging_mixin.py:151} INFO - [2023-09-17T12:41:53.901+0000] {dag.py:2915} INFO - Sync 1 DAGs
[2023-09-17T12:41:53.929+0000] {logging_mixin.py:151} INFO - [2023-09-17T12:41:53.928+0000] {dag.py:3696} INFO - Setting next_dagrun for example_params_trigger_ui to None, run_after=None
[2023-09-17T12:41:53.975+0000] {processor.py:179} INFO - Processing /home/airflow/.local/lib/python3.8/site-packages/airflow/example_dags/example_params_trigger_ui.py took 0.490 seconds
[2023-09-17T12:42:24.383+0000] {processor.py:157} INFO - Started process (PID=244) to work on /home/airflow/.local/lib/python3.8/site-packages/airflow/example_dags/example_params_trigger_ui.py
[2023-09-17T12:42:24.384+0000] {processor.py:829} INFO - Processing file /home/airflow/.local/lib/python3.8/site-packages/airflow/example_dags/example_params_trigger_ui.py for tasks to queue
[2023-09-17T12:42:24.388+0000] {logging_mixin.py:151} INFO - [2023-09-17T12:42:24.387+0000] {dagbag.py:539} INFO - Filling up the DagBag from /home/airflow/.local/lib/python3.8/site-packages/airflow/example_dags/example_params_trigger_ui.py
[2023-09-17T12:42:24.421+0000] {processor.py:839} INFO - DAG(s) dict_keys(['example_params_trigger_ui']) retrieved from /home/airflow/.local/lib/python3.8/site-packages/airflow/example_dags/example_params_trigger_ui.py
[2023-09-17T12:42:24.554+0000] {logging_mixin.py:151} INFO - [2023-09-17T12:42:24.553+0000] {dag.py:2915} INFO - Sync 1 DAGs
[2023-09-17T12:42:24.581+0000] {logging_mixin.py:151} INFO - [2023-09-17T12:42:24.580+0000] {dag.py:3696} INFO - Setting next_dagrun for example_params_trigger_ui to None, run_after=None
[2023-09-17T12:42:24.632+0000] {processor.py:179} INFO - Processing /home/airflow/.local/lib/python3.8/site-packages/airflow/example_dags/example_params_trigger_ui.py took 0.254 seconds
[2023-09-17T12:42:55.200+0000] {processor.py:157} INFO - Started process (PID=299) to work on /home/airflow/.local/lib/python3.8/site-packages/airflow/example_dags/example_params_trigger_ui.py
[2023-09-17T12:42:55.201+0000] {processor.py:829} INFO - Processing file /home/airflow/.local/lib/python3.8/site-packages/airflow/example_dags/example_params_trigger_ui.py for tasks to queue
[2023-09-17T12:42:55.205+0000] {logging_mixin.py:151} INFO - [2023-09-17T12:42:55.205+0000] {dagbag.py:539} INFO - Filling up the DagBag from /home/airflow/.local/lib/python3.8/site-packages/airflow/example_dags/example_params_trigger_ui.py
[2023-09-17T12:42:55.240+0000] {processor.py:839} INFO - DAG(s) dict_keys(['example_params_trigger_ui']) retrieved from /home/airflow/.local/lib/python3.8/site-packages/airflow/example_dags/example_params_trigger_ui.py
[2023-09-17T12:42:55.383+0000] {logging_mixin.py:151} INFO - [2023-09-17T12:42:55.382+0000] {dag.py:2915} INFO - Sync 1 DAGs
[2023-09-17T12:42:55.414+0000] {logging_mixin.py:151} INFO - [2023-09-17T12:42:55.414+0000] {dag.py:3696} INFO - Setting next_dagrun for example_params_trigger_ui to None, run_after=None
[2023-09-17T12:42:55.472+0000] {processor.py:179} INFO - Processing /home/airflow/.local/lib/python3.8/site-packages/airflow/example_dags/example_params_trigger_ui.py took 0.277 seconds
[2023-09-17T12:43:26.288+0000] {processor.py:157} INFO - Started process (PID=354) to work on /home/airflow/.local/lib/python3.8/site-packages/airflow/example_dags/example_params_trigger_ui.py
[2023-09-17T12:43:26.304+0000] {processor.py:829} INFO - Processing file /home/airflow/.local/lib/python3.8/site-packages/airflow/example_dags/example_params_trigger_ui.py for tasks to queue
[2023-09-17T12:43:26.310+0000] {logging_mixin.py:151} INFO - [2023-09-17T12:43:26.310+0000] {dagbag.py:539} INFO - Filling up the DagBag from /home/airflow/.local/lib/python3.8/site-packages/airflow/example_dags/example_params_trigger_ui.py
[2023-09-17T12:43:26.363+0000] {processor.py:839} INFO - DAG(s) dict_keys(['example_params_trigger_ui']) retrieved from /home/airflow/.local/lib/python3.8/site-packages/airflow/example_dags/example_params_trigger_ui.py
[2023-09-17T12:43:26.546+0000] {logging_mixin.py:151} INFO - [2023-09-17T12:43:26.545+0000] {dag.py:2915} INFO - Sync 1 DAGs
[2023-09-17T12:43:26.574+0000] {logging_mixin.py:151} INFO - [2023-09-17T12:43:26.574+0000] {dag.py:3696} INFO - Setting next_dagrun for example_params_trigger_ui to None, run_after=None
[2023-09-17T12:43:26.629+0000] {processor.py:179} INFO - Processing /home/airflow/.local/lib/python3.8/site-packages/airflow/example_dags/example_params_trigger_ui.py took 0.350 seconds
[2023-09-17T12:43:56.768+0000] {processor.py:157} INFO - Started process (PID=408) to work on /home/airflow/.local/lib/python3.8/site-packages/airflow/example_dags/example_params_trigger_ui.py
[2023-09-17T12:43:56.769+0000] {processor.py:829} INFO - Processing file /home/airflow/.local/lib/python3.8/site-packages/airflow/example_dags/example_params_trigger_ui.py for tasks to queue
[2023-09-17T12:43:56.773+0000] {logging_mixin.py:151} INFO - [2023-09-17T12:43:56.772+0000] {dagbag.py:539} INFO - Filling up the DagBag from /home/airflow/.local/lib/python3.8/site-packages/airflow/example_dags/example_params_trigger_ui.py
[2023-09-17T12:43:56.815+0000] {processor.py:839} INFO - DAG(s) dict_keys(['example_params_trigger_ui']) retrieved from /home/airflow/.local/lib/python3.8/site-packages/airflow/example_dags/example_params_trigger_ui.py
[2023-09-17T12:43:56.910+0000] {logging_mixin.py:151} INFO - [2023-09-17T12:43:56.909+0000] {dag.py:2915} INFO - Sync 1 DAGs
[2023-09-17T12:43:56.930+0000] {logging_mixin.py:151} INFO - [2023-09-17T12:43:56.929+0000] {dag.py:3696} INFO - Setting next_dagrun for example_params_trigger_ui to None, run_after=None
[2023-09-17T12:43:56.982+0000] {processor.py:179} INFO - Processing /home/airflow/.local/lib/python3.8/site-packages/airflow/example_dags/example_params_trigger_ui.py took 0.219 seconds
[2023-09-17T12:44:27.091+0000] {processor.py:157} INFO - Started process (PID=464) to work on /home/airflow/.local/lib/python3.8/site-packages/airflow/example_dags/example_params_trigger_ui.py
[2023-09-17T12:44:27.092+0000] {processor.py:829} INFO - Processing file /home/airflow/.local/lib/python3.8/site-packages/airflow/example_dags/example_params_trigger_ui.py for tasks to queue
[2023-09-17T12:44:27.095+0000] {logging_mixin.py:151} INFO - [2023-09-17T12:44:27.094+0000] {dagbag.py:539} INFO - Filling up the DagBag from /home/airflow/.local/lib/python3.8/site-packages/airflow/example_dags/example_params_trigger_ui.py
[2023-09-17T12:44:27.116+0000] {processor.py:839} INFO - DAG(s) dict_keys(['example_params_trigger_ui']) retrieved from /home/airflow/.local/lib/python3.8/site-packages/airflow/example_dags/example_params_trigger_ui.py
[2023-09-17T12:44:27.194+0000] {logging_mixin.py:151} INFO - [2023-09-17T12:44:27.194+0000] {dag.py:2915} INFO - Sync 1 DAGs
[2023-09-17T12:44:27.210+0000] {logging_mixin.py:151} INFO - [2023-09-17T12:44:27.210+0000] {dag.py:3696} INFO - Setting next_dagrun for example_params_trigger_ui to None, run_after=None
[2023-09-17T12:44:27.247+0000] {processor.py:179} INFO - Processing /home/airflow/.local/lib/python3.8/site-packages/airflow/example_dags/example_params_trigger_ui.py took 0.159 seconds
[2023-09-17T12:44:58.107+0000] {processor.py:157} INFO - Started process (PID=519) to work on /home/airflow/.local/lib/python3.8/site-packages/airflow/example_dags/example_params_trigger_ui.py
[2023-09-17T12:44:58.108+0000] {processor.py:829} INFO - Processing file /home/airflow/.local/lib/python3.8/site-packages/airflow/example_dags/example_params_trigger_ui.py for tasks to queue
[2023-09-17T12:44:58.111+0000] {logging_mixin.py:151} INFO - [2023-09-17T12:44:58.110+0000] {dagbag.py:539} INFO - Filling up the DagBag from /home/airflow/.local/lib/python3.8/site-packages/airflow/example_dags/example_params_trigger_ui.py
[2023-09-17T12:44:58.133+0000] {processor.py:839} INFO - DAG(s) dict_keys(['example_params_trigger_ui']) retrieved from /home/airflow/.local/lib/python3.8/site-packages/airflow/example_dags/example_params_trigger_ui.py
[2023-09-17T12:44:58.221+0000] {logging_mixin.py:151} INFO - [2023-09-17T12:44:58.221+0000] {dag.py:2915} INFO - Sync 1 DAGs
[2023-09-17T12:44:58.238+0000] {logging_mixin.py:151} INFO - [2023-09-17T12:44:58.238+0000] {dag.py:3696} INFO - Setting next_dagrun for example_params_trigger_ui to None, run_after=None
[2023-09-17T12:44:58.287+0000] {processor.py:179} INFO - Processing /home/airflow/.local/lib/python3.8/site-packages/airflow/example_dags/example_params_trigger_ui.py took 0.183 seconds
[2023-09-17T12:45:28.463+0000] {processor.py:157} INFO - Started process (PID=575) to work on /home/airflow/.local/lib/python3.8/site-packages/airflow/example_dags/example_params_trigger_ui.py
[2023-09-17T12:45:28.479+0000] {processor.py:829} INFO - Processing file /home/airflow/.local/lib/python3.8/site-packages/airflow/example_dags/example_params_trigger_ui.py for tasks to queue
[2023-09-17T12:45:28.481+0000] {logging_mixin.py:151} INFO - [2023-09-17T12:45:28.481+0000] {dagbag.py:539} INFO - Filling up the DagBag from /home/airflow/.local/lib/python3.8/site-packages/airflow/example_dags/example_params_trigger_ui.py
[2023-09-17T12:45:28.508+0000] {processor.py:839} INFO - DAG(s) dict_keys(['example_params_trigger_ui']) retrieved from /home/airflow/.local/lib/python3.8/site-packages/airflow/example_dags/example_params_trigger_ui.py
[2023-09-17T12:45:28.594+0000] {logging_mixin.py:151} INFO - [2023-09-17T12:45:28.594+0000] {dag.py:2915} INFO - Sync 1 DAGs
[2023-09-17T12:45:28.619+0000] {logging_mixin.py:151} INFO - [2023-09-17T12:45:28.619+0000] {dag.py:3696} INFO - Setting next_dagrun for example_params_trigger_ui to None, run_after=None
[2023-09-17T12:45:28.659+0000] {processor.py:179} INFO - Processing /home/airflow/.local/lib/python3.8/site-packages/airflow/example_dags/example_params_trigger_ui.py took 0.201 seconds
[2023-09-17T12:45:58.879+0000] {processor.py:157} INFO - Started process (PID=630) to work on /home/airflow/.local/lib/python3.8/site-packages/airflow/example_dags/example_params_trigger_ui.py
[2023-09-17T12:45:58.881+0000] {processor.py:829} INFO - Processing file /home/airflow/.local/lib/python3.8/site-packages/airflow/example_dags/example_params_trigger_ui.py for tasks to queue
[2023-09-17T12:45:58.885+0000] {logging_mixin.py:151} INFO - [2023-09-17T12:45:58.884+0000] {dagbag.py:539} INFO - Filling up the DagBag from /home/airflow/.local/lib/python3.8/site-packages/airflow/example_dags/example_params_trigger_ui.py
[2023-09-17T12:45:58.932+0000] {processor.py:839} INFO - DAG(s) dict_keys(['example_params_trigger_ui']) retrieved from /home/airflow/.local/lib/python3.8/site-packages/airflow/example_dags/example_params_trigger_ui.py
[2023-09-17T12:45:59.029+0000] {logging_mixin.py:151} INFO - [2023-09-17T12:45:59.028+0000] {dag.py:2915} INFO - Sync 1 DAGs
[2023-09-17T12:45:59.046+0000] {logging_mixin.py:151} INFO - [2023-09-17T12:45:59.046+0000] {dag.py:3696} INFO - Setting next_dagrun for example_params_trigger_ui to None, run_after=None
[2023-09-17T12:45:59.095+0000] {processor.py:179} INFO - Processing /home/airflow/.local/lib/python3.8/site-packages/airflow/example_dags/example_params_trigger_ui.py took 0.221 seconds
[2023-09-17T12:46:29.183+0000] {processor.py:157} INFO - Started process (PID=686) to work on /home/airflow/.local/lib/python3.8/site-packages/airflow/example_dags/example_params_trigger_ui.py
[2023-09-17T12:46:29.184+0000] {processor.py:829} INFO - Processing file /home/airflow/.local/lib/python3.8/site-packages/airflow/example_dags/example_params_trigger_ui.py for tasks to queue
[2023-09-17T12:46:29.187+0000] {logging_mixin.py:151} INFO - [2023-09-17T12:46:29.186+0000] {dagbag.py:539} INFO - Filling up the DagBag from /home/airflow/.local/lib/python3.8/site-packages/airflow/example_dags/example_params_trigger_ui.py
[2023-09-17T12:46:29.210+0000] {processor.py:839} INFO - DAG(s) dict_keys(['example_params_trigger_ui']) retrieved from /home/airflow/.local/lib/python3.8/site-packages/airflow/example_dags/example_params_trigger_ui.py
[2023-09-17T12:46:29.333+0000] {logging_mixin.py:151} INFO - [2023-09-17T12:46:29.333+0000] {dag.py:2915} INFO - Sync 1 DAGs
[2023-09-17T12:46:29.355+0000] {logging_mixin.py:151} INFO - [2023-09-17T12:46:29.355+0000] {dag.py:3696} INFO - Setting next_dagrun for example_params_trigger_ui to None, run_after=None
[2023-09-17T12:46:29.401+0000] {processor.py:179} INFO - Processing /home/airflow/.local/lib/python3.8/site-packages/airflow/example_dags/example_params_trigger_ui.py took 0.223 seconds
[2023-09-17T12:46:59.711+0000] {processor.py:157} INFO - Started process (PID=742) to work on /home/airflow/.local/lib/python3.8/site-packages/airflow/example_dags/example_params_trigger_ui.py
[2023-09-17T12:46:59.712+0000] {processor.py:829} INFO - Processing file /home/airflow/.local/lib/python3.8/site-packages/airflow/example_dags/example_params_trigger_ui.py for tasks to queue
[2023-09-17T12:46:59.716+0000] {logging_mixin.py:151} INFO - [2023-09-17T12:46:59.715+0000] {dagbag.py:539} INFO - Filling up the DagBag from /home/airflow/.local/lib/python3.8/site-packages/airflow/example_dags/example_params_trigger_ui.py
[2023-09-17T12:46:59.742+0000] {processor.py:839} INFO - DAG(s) dict_keys(['example_params_trigger_ui']) retrieved from /home/airflow/.local/lib/python3.8/site-packages/airflow/example_dags/example_params_trigger_ui.py
[2023-09-17T12:46:59.823+0000] {logging_mixin.py:151} INFO - [2023-09-17T12:46:59.823+0000] {dag.py:2915} INFO - Sync 1 DAGs
[2023-09-17T12:46:59.839+0000] {logging_mixin.py:151} INFO - [2023-09-17T12:46:59.839+0000] {dag.py:3696} INFO - Setting next_dagrun for example_params_trigger_ui to None, run_after=None
[2023-09-17T12:46:59.884+0000] {processor.py:179} INFO - Processing /home/airflow/.local/lib/python3.8/site-packages/airflow/example_dags/example_params_trigger_ui.py took 0.177 seconds
[2023-09-17T12:47:30.384+0000] {processor.py:157} INFO - Started process (PID=797) to work on /home/airflow/.local/lib/python3.8/site-packages/airflow/example_dags/example_params_trigger_ui.py
[2023-09-17T12:47:30.389+0000] {processor.py:829} INFO - Processing file /home/airflow/.local/lib/python3.8/site-packages/airflow/example_dags/example_params_trigger_ui.py for tasks to queue
[2023-09-17T12:47:30.392+0000] {logging_mixin.py:151} INFO - [2023-09-17T12:47:30.391+0000] {dagbag.py:539} INFO - Filling up the DagBag from /home/airflow/.local/lib/python3.8/site-packages/airflow/example_dags/example_params_trigger_ui.py
[2023-09-17T12:47:30.421+0000] {processor.py:839} INFO - DAG(s) dict_keys(['example_params_trigger_ui']) retrieved from /home/airflow/.local/lib/python3.8/site-packages/airflow/example_dags/example_params_trigger_ui.py
[2023-09-17T12:47:30.539+0000] {logging_mixin.py:151} INFO - [2023-09-17T12:47:30.538+0000] {dag.py:2915} INFO - Sync 1 DAGs
[2023-09-17T12:47:30.561+0000] {logging_mixin.py:151} INFO - [2023-09-17T12:47:30.561+0000] {dag.py:3696} INFO - Setting next_dagrun for example_params_trigger_ui to None, run_after=None
[2023-09-17T12:47:30.609+0000] {processor.py:179} INFO - Processing /home/airflow/.local/lib/python3.8/site-packages/airflow/example_dags/example_params_trigger_ui.py took 0.230 seconds
[2023-09-17T12:48:00.716+0000] {processor.py:157} INFO - Started process (PID=852) to work on /home/airflow/.local/lib/python3.8/site-packages/airflow/example_dags/example_params_trigger_ui.py
[2023-09-17T12:48:00.718+0000] {processor.py:829} INFO - Processing file /home/airflow/.local/lib/python3.8/site-packages/airflow/example_dags/example_params_trigger_ui.py for tasks to queue
[2023-09-17T12:48:00.721+0000] {logging_mixin.py:151} INFO - [2023-09-17T12:48:00.720+0000] {dagbag.py:539} INFO - Filling up the DagBag from /home/airflow/.local/lib/python3.8/site-packages/airflow/example_dags/example_params_trigger_ui.py
[2023-09-17T12:48:00.756+0000] {processor.py:839} INFO - DAG(s) dict_keys(['example_params_trigger_ui']) retrieved from /home/airflow/.local/lib/python3.8/site-packages/airflow/example_dags/example_params_trigger_ui.py
[2023-09-17T12:48:00.881+0000] {logging_mixin.py:151} INFO - [2023-09-17T12:48:00.881+0000] {dag.py:2915} INFO - Sync 1 DAGs
[2023-09-17T12:48:00.919+0000] {logging_mixin.py:151} INFO - [2023-09-17T12:48:00.919+0000] {dag.py:3696} INFO - Setting next_dagrun for example_params_trigger_ui to None, run_after=None
[2023-09-17T12:48:00.971+0000] {processor.py:179} INFO - Processing /home/airflow/.local/lib/python3.8/site-packages/airflow/example_dags/example_params_trigger_ui.py took 0.261 seconds
[2023-09-17T12:48:32.418+0000] {processor.py:157} INFO - Started process (PID=907) to work on /home/airflow/.local/lib/python3.8/site-packages/airflow/example_dags/example_params_trigger_ui.py
[2023-09-17T12:48:32.427+0000] {processor.py:829} INFO - Processing file /home/airflow/.local/lib/python3.8/site-packages/airflow/example_dags/example_params_trigger_ui.py for tasks to queue
[2023-09-17T12:48:32.430+0000] {logging_mixin.py:151} INFO - [2023-09-17T12:48:32.429+0000] {dagbag.py:539} INFO - Filling up the DagBag from /home/airflow/.local/lib/python3.8/site-packages/airflow/example_dags/example_params_trigger_ui.py
[2023-09-17T12:48:32.451+0000] {processor.py:839} INFO - DAG(s) dict_keys(['example_params_trigger_ui']) retrieved from /home/airflow/.local/lib/python3.8/site-packages/airflow/example_dags/example_params_trigger_ui.py
[2023-09-17T12:48:32.533+0000] {logging_mixin.py:151} INFO - [2023-09-17T12:48:32.533+0000] {dag.py:2915} INFO - Sync 1 DAGs
[2023-09-17T12:48:32.551+0000] {logging_mixin.py:151} INFO - [2023-09-17T12:48:32.551+0000] {dag.py:3696} INFO - Setting next_dagrun for example_params_trigger_ui to None, run_after=None
[2023-09-17T12:48:32.584+0000] {processor.py:179} INFO - Processing /home/airflow/.local/lib/python3.8/site-packages/airflow/example_dags/example_params_trigger_ui.py took 0.171 seconds
[2023-09-17T12:49:03.046+0000] {processor.py:157} INFO - Started process (PID=963) to work on /home/airflow/.local/lib/python3.8/site-packages/airflow/example_dags/example_params_trigger_ui.py
[2023-09-17T12:49:03.047+0000] {processor.py:829} INFO - Processing file /home/airflow/.local/lib/python3.8/site-packages/airflow/example_dags/example_params_trigger_ui.py for tasks to queue
[2023-09-17T12:49:03.049+0000] {logging_mixin.py:151} INFO - [2023-09-17T12:49:03.049+0000] {dagbag.py:539} INFO - Filling up the DagBag from /home/airflow/.local/lib/python3.8/site-packages/airflow/example_dags/example_params_trigger_ui.py
[2023-09-17T12:49:03.082+0000] {processor.py:839} INFO - DAG(s) dict_keys(['example_params_trigger_ui']) retrieved from /home/airflow/.local/lib/python3.8/site-packages/airflow/example_dags/example_params_trigger_ui.py
[2023-09-17T12:49:03.185+0000] {logging_mixin.py:151} INFO - [2023-09-17T12:49:03.185+0000] {dag.py:2915} INFO - Sync 1 DAGs
[2023-09-17T12:49:03.209+0000] {logging_mixin.py:151} INFO - [2023-09-17T12:49:03.209+0000] {dag.py:3696} INFO - Setting next_dagrun for example_params_trigger_ui to None, run_after=None
[2023-09-17T12:49:03.251+0000] {processor.py:179} INFO - Processing /home/airflow/.local/lib/python3.8/site-packages/airflow/example_dags/example_params_trigger_ui.py took 0.209 seconds
[2023-09-17T12:49:33.737+0000] {processor.py:157} INFO - Started process (PID=1019) to work on /home/airflow/.local/lib/python3.8/site-packages/airflow/example_dags/example_params_trigger_ui.py
[2023-09-17T12:49:33.738+0000] {processor.py:829} INFO - Processing file /home/airflow/.local/lib/python3.8/site-packages/airflow/example_dags/example_params_trigger_ui.py for tasks to queue
[2023-09-17T12:49:33.741+0000] {logging_mixin.py:151} INFO - [2023-09-17T12:49:33.741+0000] {dagbag.py:539} INFO - Filling up the DagBag from /home/airflow/.local/lib/python3.8/site-packages/airflow/example_dags/example_params_trigger_ui.py
[2023-09-17T12:49:33.766+0000] {processor.py:839} INFO - DAG(s) dict_keys(['example_params_trigger_ui']) retrieved from /home/airflow/.local/lib/python3.8/site-packages/airflow/example_dags/example_params_trigger_ui.py
[2023-09-17T12:49:33.848+0000] {logging_mixin.py:151} INFO - [2023-09-17T12:49:33.848+0000] {dag.py:2915} INFO - Sync 1 DAGs
[2023-09-17T12:49:33.865+0000] {logging_mixin.py:151} INFO - [2023-09-17T12:49:33.865+0000] {dag.py:3696} INFO - Setting next_dagrun for example_params_trigger_ui to None, run_after=None
[2023-09-17T12:49:33.901+0000] {processor.py:179} INFO - Processing /home/airflow/.local/lib/python3.8/site-packages/airflow/example_dags/example_params_trigger_ui.py took 0.169 seconds
[2023-09-17T12:50:04.629+0000] {processor.py:157} INFO - Started process (PID=1073) to work on /home/airflow/.local/lib/python3.8/site-packages/airflow/example_dags/example_params_trigger_ui.py
[2023-09-17T12:50:04.632+0000] {processor.py:829} INFO - Processing file /home/airflow/.local/lib/python3.8/site-packages/airflow/example_dags/example_params_trigger_ui.py for tasks to queue
[2023-09-17T12:50:04.635+0000] {logging_mixin.py:151} INFO - [2023-09-17T12:50:04.635+0000] {dagbag.py:539} INFO - Filling up the DagBag from /home/airflow/.local/lib/python3.8/site-packages/airflow/example_dags/example_params_trigger_ui.py
[2023-09-17T12:50:04.672+0000] {processor.py:839} INFO - DAG(s) dict_keys(['example_params_trigger_ui']) retrieved from /home/airflow/.local/lib/python3.8/site-packages/airflow/example_dags/example_params_trigger_ui.py
[2023-09-17T12:50:04.793+0000] {logging_mixin.py:151} INFO - [2023-09-17T12:50:04.793+0000] {dag.py:2915} INFO - Sync 1 DAGs
[2023-09-17T12:50:04.812+0000] {logging_mixin.py:151} INFO - [2023-09-17T12:50:04.811+0000] {dag.py:3696} INFO - Setting next_dagrun for example_params_trigger_ui to None, run_after=None
[2023-09-17T12:50:04.851+0000] {processor.py:179} INFO - Processing /home/airflow/.local/lib/python3.8/site-packages/airflow/example_dags/example_params_trigger_ui.py took 0.230 seconds
[2023-09-17T12:50:36.079+0000] {processor.py:157} INFO - Started process (PID=1128) to work on /home/airflow/.local/lib/python3.8/site-packages/airflow/example_dags/example_params_trigger_ui.py
[2023-09-17T12:50:36.087+0000] {processor.py:829} INFO - Processing file /home/airflow/.local/lib/python3.8/site-packages/airflow/example_dags/example_params_trigger_ui.py for tasks to queue
[2023-09-17T12:50:36.092+0000] {logging_mixin.py:151} INFO - [2023-09-17T12:50:36.091+0000] {dagbag.py:539} INFO - Filling up the DagBag from /home/airflow/.local/lib/python3.8/site-packages/airflow/example_dags/example_params_trigger_ui.py
[2023-09-17T12:50:36.171+0000] {processor.py:839} INFO - DAG(s) dict_keys(['example_params_trigger_ui']) retrieved from /home/airflow/.local/lib/python3.8/site-packages/airflow/example_dags/example_params_trigger_ui.py
[2023-09-17T12:50:36.635+0000] {logging_mixin.py:151} INFO - [2023-09-17T12:50:36.634+0000] {dag.py:2915} INFO - Sync 1 DAGs
[2023-09-17T12:50:36.738+0000] {logging_mixin.py:151} INFO - [2023-09-17T12:50:36.737+0000] {dag.py:3696} INFO - Setting next_dagrun for example_params_trigger_ui to None, run_after=None
[2023-09-17T12:50:36.872+0000] {processor.py:179} INFO - Processing /home/airflow/.local/lib/python3.8/site-packages/airflow/example_dags/example_params_trigger_ui.py took 0.806 seconds
[2023-09-17T12:51:07.725+0000] {processor.py:157} INFO - Started process (PID=1182) to work on /home/airflow/.local/lib/python3.8/site-packages/airflow/example_dags/example_params_trigger_ui.py
[2023-09-17T12:51:07.726+0000] {processor.py:829} INFO - Processing file /home/airflow/.local/lib/python3.8/site-packages/airflow/example_dags/example_params_trigger_ui.py for tasks to queue
[2023-09-17T12:51:07.749+0000] {logging_mixin.py:151} INFO - [2023-09-17T12:51:07.748+0000] {dagbag.py:539} INFO - Filling up the DagBag from /home/airflow/.local/lib/python3.8/site-packages/airflow/example_dags/example_params_trigger_ui.py
[2023-09-17T12:51:07.875+0000] {processor.py:839} INFO - DAG(s) dict_keys(['example_params_trigger_ui']) retrieved from /home/airflow/.local/lib/python3.8/site-packages/airflow/example_dags/example_params_trigger_ui.py
[2023-09-17T12:51:08.084+0000] {logging_mixin.py:151} INFO - [2023-09-17T12:51:08.084+0000] {dag.py:2915} INFO - Sync 1 DAGs
[2023-09-17T12:51:08.126+0000] {logging_mixin.py:151} INFO - [2023-09-17T12:51:08.126+0000] {dag.py:3696} INFO - Setting next_dagrun for example_params_trigger_ui to None, run_after=None
[2023-09-17T12:51:08.224+0000] {processor.py:179} INFO - Processing /home/airflow/.local/lib/python3.8/site-packages/airflow/example_dags/example_params_trigger_ui.py took 0.544 seconds
[2023-09-17T12:51:38.505+0000] {processor.py:157} INFO - Started process (PID=1236) to work on /home/airflow/.local/lib/python3.8/site-packages/airflow/example_dags/example_params_trigger_ui.py
[2023-09-17T12:51:38.506+0000] {processor.py:829} INFO - Processing file /home/airflow/.local/lib/python3.8/site-packages/airflow/example_dags/example_params_trigger_ui.py for tasks to queue
[2023-09-17T12:51:38.513+0000] {logging_mixin.py:151} INFO - [2023-09-17T12:51:38.512+0000] {dagbag.py:539} INFO - Filling up the DagBag from /home/airflow/.local/lib/python3.8/site-packages/airflow/example_dags/example_params_trigger_ui.py
[2023-09-17T12:51:38.566+0000] {processor.py:839} INFO - DAG(s) dict_keys(['example_params_trigger_ui']) retrieved from /home/airflow/.local/lib/python3.8/site-packages/airflow/example_dags/example_params_trigger_ui.py
[2023-09-17T12:51:38.723+0000] {logging_mixin.py:151} INFO - [2023-09-17T12:51:38.723+0000] {dag.py:2915} INFO - Sync 1 DAGs
[2023-09-17T12:51:38.756+0000] {logging_mixin.py:151} INFO - [2023-09-17T12:51:38.754+0000] {dag.py:3696} INFO - Setting next_dagrun for example_params_trigger_ui to None, run_after=None
[2023-09-17T12:51:38.852+0000] {processor.py:179} INFO - Processing /home/airflow/.local/lib/python3.8/site-packages/airflow/example_dags/example_params_trigger_ui.py took 0.352 seconds
[2023-09-17T12:52:09.004+0000] {processor.py:157} INFO - Started process (PID=1290) to work on /home/airflow/.local/lib/python3.8/site-packages/airflow/example_dags/example_params_trigger_ui.py
[2023-09-17T12:52:09.007+0000] {processor.py:829} INFO - Processing file /home/airflow/.local/lib/python3.8/site-packages/airflow/example_dags/example_params_trigger_ui.py for tasks to queue
[2023-09-17T12:52:09.012+0000] {logging_mixin.py:151} INFO - [2023-09-17T12:52:09.011+0000] {dagbag.py:539} INFO - Filling up the DagBag from /home/airflow/.local/lib/python3.8/site-packages/airflow/example_dags/example_params_trigger_ui.py
[2023-09-17T12:52:09.043+0000] {processor.py:839} INFO - DAG(s) dict_keys(['example_params_trigger_ui']) retrieved from /home/airflow/.local/lib/python3.8/site-packages/airflow/example_dags/example_params_trigger_ui.py
[2023-09-17T12:52:09.136+0000] {logging_mixin.py:151} INFO - [2023-09-17T12:52:09.136+0000] {dag.py:2915} INFO - Sync 1 DAGs
[2023-09-17T12:52:09.154+0000] {logging_mixin.py:151} INFO - [2023-09-17T12:52:09.154+0000] {dag.py:3696} INFO - Setting next_dagrun for example_params_trigger_ui to None, run_after=None
[2023-09-17T12:52:09.191+0000] {processor.py:179} INFO - Processing /home/airflow/.local/lib/python3.8/site-packages/airflow/example_dags/example_params_trigger_ui.py took 0.194 seconds
[2023-09-17T12:52:39.281+0000] {processor.py:157} INFO - Started process (PID=1346) to work on /home/airflow/.local/lib/python3.8/site-packages/airflow/example_dags/example_params_trigger_ui.py
[2023-09-17T12:52:39.282+0000] {processor.py:829} INFO - Processing file /home/airflow/.local/lib/python3.8/site-packages/airflow/example_dags/example_params_trigger_ui.py for tasks to queue
[2023-09-17T12:52:39.286+0000] {logging_mixin.py:151} INFO - [2023-09-17T12:52:39.285+0000] {dagbag.py:539} INFO - Filling up the DagBag from /home/airflow/.local/lib/python3.8/site-packages/airflow/example_dags/example_params_trigger_ui.py
[2023-09-17T12:52:39.322+0000] {processor.py:839} INFO - DAG(s) dict_keys(['example_params_trigger_ui']) retrieved from /home/airflow/.local/lib/python3.8/site-packages/airflow/example_dags/example_params_trigger_ui.py
[2023-09-17T12:52:39.440+0000] {logging_mixin.py:151} INFO - [2023-09-17T12:52:39.439+0000] {dag.py:2915} INFO - Sync 1 DAGs
[2023-09-17T12:52:39.468+0000] {logging_mixin.py:151} INFO - [2023-09-17T12:52:39.468+0000] {dag.py:3696} INFO - Setting next_dagrun for example_params_trigger_ui to None, run_after=None
[2023-09-17T12:52:39.520+0000] {processor.py:179} INFO - Processing /home/airflow/.local/lib/python3.8/site-packages/airflow/example_dags/example_params_trigger_ui.py took 0.247 seconds
