[2023-09-17T12:40:49.311+0000] {processor.py:157} INFO - Started process (PID=76) to work on /home/airflow/.local/lib/python3.8/site-packages/airflow/example_dags/example_local_kubernetes_executor.py
[2023-09-17T12:40:49.312+0000] {processor.py:829} INFO - Processing file /home/airflow/.local/lib/python3.8/site-packages/airflow/example_dags/example_local_kubernetes_executor.py for tasks to queue
[2023-09-17T12:40:49.315+0000] {logging_mixin.py:151} INFO - [2023-09-17T12:40:49.315+0000] {dagbag.py:539} INFO - Filling up the DagBag from /home/airflow/.local/lib/python3.8/site-packages/airflow/example_dags/example_local_kubernetes_executor.py
[2023-09-17T12:40:49.708+0000] {processor.py:839} INFO - DAG(s) dict_keys(['example_local_kubernetes_executor']) retrieved from /home/airflow/.local/lib/python3.8/site-packages/airflow/example_dags/example_local_kubernetes_executor.py
[2023-09-17T12:40:50.050+0000] {logging_mixin.py:151} INFO - [2023-09-17T12:40:50.050+0000] {manager.py:499} INFO - Created Permission View: %s
[2023-09-17T12:40:50.083+0000] {logging_mixin.py:151} INFO - [2023-09-17T12:40:50.083+0000] {manager.py:499} INFO - Created Permission View: %s
[2023-09-17T12:40:50.105+0000] {logging_mixin.py:151} INFO - [2023-09-17T12:40:50.105+0000] {manager.py:499} INFO - Created Permission View: %s
[2023-09-17T12:40:50.106+0000] {logging_mixin.py:151} INFO - [2023-09-17T12:40:50.105+0000] {security.py:708} INFO - Not syncing DAG-level permissions for DAG 'DAG:example_local_kubernetes_executor' as access control is unset.
[2023-09-17T12:40:50.109+0000] {logging_mixin.py:151} INFO - [2023-09-17T12:40:50.106+0000] {dag.py:2915} INFO - Sync 1 DAGs
[2023-09-17T12:40:50.126+0000] {logging_mixin.py:151} INFO - [2023-09-17T12:40:50.125+0000] {dag.py:2937} INFO - Creating ORM DAG for example_local_kubernetes_executor
[2023-09-17T12:40:50.127+0000] {logging_mixin.py:151} INFO - [2023-09-17T12:40:50.126+0000] {dag.py:3696} INFO - Setting next_dagrun for example_local_kubernetes_executor to None, run_after=None
[2023-09-17T12:40:50.185+0000] {processor.py:179} INFO - Processing /home/airflow/.local/lib/python3.8/site-packages/airflow/example_dags/example_local_kubernetes_executor.py took 0.880 seconds
[2023-09-17T12:41:21.194+0000] {processor.py:157} INFO - Started process (PID=131) to work on /home/airflow/.local/lib/python3.8/site-packages/airflow/example_dags/example_local_kubernetes_executor.py
[2023-09-17T12:41:21.210+0000] {processor.py:829} INFO - Processing file /home/airflow/.local/lib/python3.8/site-packages/airflow/example_dags/example_local_kubernetes_executor.py for tasks to queue
[2023-09-17T12:41:21.214+0000] {logging_mixin.py:151} INFO - [2023-09-17T12:41:21.213+0000] {dagbag.py:539} INFO - Filling up the DagBag from /home/airflow/.local/lib/python3.8/site-packages/airflow/example_dags/example_local_kubernetes_executor.py
[2023-09-17T12:41:21.685+0000] {processor.py:839} INFO - DAG(s) dict_keys(['example_local_kubernetes_executor']) retrieved from /home/airflow/.local/lib/python3.8/site-packages/airflow/example_dags/example_local_kubernetes_executor.py
[2023-09-17T12:41:21.738+0000] {logging_mixin.py:151} INFO - [2023-09-17T12:41:21.737+0000] {dag.py:2915} INFO - Sync 1 DAGs
[2023-09-17T12:41:21.756+0000] {logging_mixin.py:151} INFO - [2023-09-17T12:41:21.756+0000] {dag.py:3696} INFO - Setting next_dagrun for example_local_kubernetes_executor to None, run_after=None
[2023-09-17T12:41:21.795+0000] {processor.py:179} INFO - Processing /home/airflow/.local/lib/python3.8/site-packages/airflow/example_dags/example_local_kubernetes_executor.py took 0.606 seconds
[2023-09-17T12:41:52.432+0000] {processor.py:157} INFO - Started process (PID=186) to work on /home/airflow/.local/lib/python3.8/site-packages/airflow/example_dags/example_local_kubernetes_executor.py
[2023-09-17T12:41:52.438+0000] {processor.py:829} INFO - Processing file /home/airflow/.local/lib/python3.8/site-packages/airflow/example_dags/example_local_kubernetes_executor.py for tasks to queue
[2023-09-17T12:41:52.443+0000] {logging_mixin.py:151} INFO - [2023-09-17T12:41:52.443+0000] {dagbag.py:539} INFO - Filling up the DagBag from /home/airflow/.local/lib/python3.8/site-packages/airflow/example_dags/example_local_kubernetes_executor.py
[2023-09-17T12:41:53.315+0000] {processor.py:839} INFO - DAG(s) dict_keys(['example_local_kubernetes_executor']) retrieved from /home/airflow/.local/lib/python3.8/site-packages/airflow/example_dags/example_local_kubernetes_executor.py
[2023-09-17T12:41:53.424+0000] {logging_mixin.py:151} INFO - [2023-09-17T12:41:53.382+0000] {dag.py:2915} INFO - Sync 1 DAGs
[2023-09-17T12:41:53.461+0000] {logging_mixin.py:151} INFO - [2023-09-17T12:41:53.461+0000] {dag.py:3696} INFO - Setting next_dagrun for example_local_kubernetes_executor to None, run_after=None
[2023-09-17T12:41:53.702+0000] {processor.py:179} INFO - Processing /home/airflow/.local/lib/python3.8/site-packages/airflow/example_dags/example_local_kubernetes_executor.py took 1.277 seconds
[2023-09-17T12:42:23.751+0000] {processor.py:157} INFO - Started process (PID=243) to work on /home/airflow/.local/lib/python3.8/site-packages/airflow/example_dags/example_local_kubernetes_executor.py
[2023-09-17T12:42:23.752+0000] {processor.py:829} INFO - Processing file /home/airflow/.local/lib/python3.8/site-packages/airflow/example_dags/example_local_kubernetes_executor.py for tasks to queue
[2023-09-17T12:42:23.754+0000] {logging_mixin.py:151} INFO - [2023-09-17T12:42:23.754+0000] {dagbag.py:539} INFO - Filling up the DagBag from /home/airflow/.local/lib/python3.8/site-packages/airflow/example_dags/example_local_kubernetes_executor.py
[2023-09-17T12:42:24.193+0000] {processor.py:839} INFO - DAG(s) dict_keys(['example_local_kubernetes_executor']) retrieved from /home/airflow/.local/lib/python3.8/site-packages/airflow/example_dags/example_local_kubernetes_executor.py
[2023-09-17T12:42:24.262+0000] {logging_mixin.py:151} INFO - [2023-09-17T12:42:24.261+0000] {dag.py:2915} INFO - Sync 1 DAGs
[2023-09-17T12:42:24.282+0000] {logging_mixin.py:151} INFO - [2023-09-17T12:42:24.282+0000] {dag.py:3696} INFO - Setting next_dagrun for example_local_kubernetes_executor to None, run_after=None
[2023-09-17T12:42:24.349+0000] {processor.py:179} INFO - Processing /home/airflow/.local/lib/python3.8/site-packages/airflow/example_dags/example_local_kubernetes_executor.py took 0.601 seconds
[2023-09-17T12:42:55.187+0000] {processor.py:157} INFO - Started process (PID=298) to work on /home/airflow/.local/lib/python3.8/site-packages/airflow/example_dags/example_local_kubernetes_executor.py
[2023-09-17T12:42:55.189+0000] {processor.py:829} INFO - Processing file /home/airflow/.local/lib/python3.8/site-packages/airflow/example_dags/example_local_kubernetes_executor.py for tasks to queue
[2023-09-17T12:42:55.192+0000] {logging_mixin.py:151} INFO - [2023-09-17T12:42:55.192+0000] {dagbag.py:539} INFO - Filling up the DagBag from /home/airflow/.local/lib/python3.8/site-packages/airflow/example_dags/example_local_kubernetes_executor.py
[2023-09-17T12:42:55.767+0000] {processor.py:839} INFO - DAG(s) dict_keys(['example_local_kubernetes_executor']) retrieved from /home/airflow/.local/lib/python3.8/site-packages/airflow/example_dags/example_local_kubernetes_executor.py
[2023-09-17T12:42:55.829+0000] {logging_mixin.py:151} INFO - [2023-09-17T12:42:55.828+0000] {dag.py:2915} INFO - Sync 1 DAGs
[2023-09-17T12:42:55.854+0000] {logging_mixin.py:151} INFO - [2023-09-17T12:42:55.854+0000] {dag.py:3696} INFO - Setting next_dagrun for example_local_kubernetes_executor to None, run_after=None
[2023-09-17T12:42:55.900+0000] {processor.py:179} INFO - Processing /home/airflow/.local/lib/python3.8/site-packages/airflow/example_dags/example_local_kubernetes_executor.py took 0.718 seconds
[2023-09-17T12:43:26.260+0000] {processor.py:157} INFO - Started process (PID=353) to work on /home/airflow/.local/lib/python3.8/site-packages/airflow/example_dags/example_local_kubernetes_executor.py
[2023-09-17T12:43:26.286+0000] {processor.py:829} INFO - Processing file /home/airflow/.local/lib/python3.8/site-packages/airflow/example_dags/example_local_kubernetes_executor.py for tasks to queue
[2023-09-17T12:43:26.291+0000] {logging_mixin.py:151} INFO - [2023-09-17T12:43:26.290+0000] {dagbag.py:539} INFO - Filling up the DagBag from /home/airflow/.local/lib/python3.8/site-packages/airflow/example_dags/example_local_kubernetes_executor.py
[2023-09-17T12:43:26.884+0000] {processor.py:839} INFO - DAG(s) dict_keys(['example_local_kubernetes_executor']) retrieved from /home/airflow/.local/lib/python3.8/site-packages/airflow/example_dags/example_local_kubernetes_executor.py
[2023-09-17T12:43:26.947+0000] {logging_mixin.py:151} INFO - [2023-09-17T12:43:26.946+0000] {dag.py:2915} INFO - Sync 1 DAGs
[2023-09-17T12:43:26.974+0000] {logging_mixin.py:151} INFO - [2023-09-17T12:43:26.973+0000] {dag.py:3696} INFO - Setting next_dagrun for example_local_kubernetes_executor to None, run_after=None
[2023-09-17T12:43:27.027+0000] {processor.py:179} INFO - Processing /home/airflow/.local/lib/python3.8/site-packages/airflow/example_dags/example_local_kubernetes_executor.py took 0.773 seconds
[2023-09-17T12:43:57.186+0000] {processor.py:157} INFO - Started process (PID=411) to work on /home/airflow/.local/lib/python3.8/site-packages/airflow/example_dags/example_local_kubernetes_executor.py
[2023-09-17T12:43:57.189+0000] {processor.py:829} INFO - Processing file /home/airflow/.local/lib/python3.8/site-packages/airflow/example_dags/example_local_kubernetes_executor.py for tasks to queue
[2023-09-17T12:43:57.193+0000] {logging_mixin.py:151} INFO - [2023-09-17T12:43:57.192+0000] {dagbag.py:539} INFO - Filling up the DagBag from /home/airflow/.local/lib/python3.8/site-packages/airflow/example_dags/example_local_kubernetes_executor.py
[2023-09-17T12:43:57.949+0000] {processor.py:839} INFO - DAG(s) dict_keys(['example_local_kubernetes_executor']) retrieved from /home/airflow/.local/lib/python3.8/site-packages/airflow/example_dags/example_local_kubernetes_executor.py
[2023-09-17T12:43:58.018+0000] {logging_mixin.py:151} INFO - [2023-09-17T12:43:58.017+0000] {dag.py:2915} INFO - Sync 1 DAGs
[2023-09-17T12:43:58.033+0000] {logging_mixin.py:151} INFO - [2023-09-17T12:43:58.033+0000] {dag.py:3696} INFO - Setting next_dagrun for example_local_kubernetes_executor to None, run_after=None
[2023-09-17T12:43:58.082+0000] {processor.py:179} INFO - Processing /home/airflow/.local/lib/python3.8/site-packages/airflow/example_dags/example_local_kubernetes_executor.py took 0.903 seconds
[2023-09-17T12:44:28.294+0000] {processor.py:157} INFO - Started process (PID=466) to work on /home/airflow/.local/lib/python3.8/site-packages/airflow/example_dags/example_local_kubernetes_executor.py
[2023-09-17T12:44:28.296+0000] {processor.py:829} INFO - Processing file /home/airflow/.local/lib/python3.8/site-packages/airflow/example_dags/example_local_kubernetes_executor.py for tasks to queue
[2023-09-17T12:44:28.298+0000] {logging_mixin.py:151} INFO - [2023-09-17T12:44:28.298+0000] {dagbag.py:539} INFO - Filling up the DagBag from /home/airflow/.local/lib/python3.8/site-packages/airflow/example_dags/example_local_kubernetes_executor.py
[2023-09-17T12:44:28.748+0000] {processor.py:839} INFO - DAG(s) dict_keys(['example_local_kubernetes_executor']) retrieved from /home/airflow/.local/lib/python3.8/site-packages/airflow/example_dags/example_local_kubernetes_executor.py
[2023-09-17T12:44:28.791+0000] {logging_mixin.py:151} INFO - [2023-09-17T12:44:28.790+0000] {dag.py:2915} INFO - Sync 1 DAGs
[2023-09-17T12:44:28.810+0000] {logging_mixin.py:151} INFO - [2023-09-17T12:44:28.810+0000] {dag.py:3696} INFO - Setting next_dagrun for example_local_kubernetes_executor to None, run_after=None
[2023-09-17T12:44:28.852+0000] {processor.py:179} INFO - Processing /home/airflow/.local/lib/python3.8/site-packages/airflow/example_dags/example_local_kubernetes_executor.py took 0.561 seconds
[2023-09-17T12:44:59.200+0000] {processor.py:157} INFO - Started process (PID=521) to work on /home/airflow/.local/lib/python3.8/site-packages/airflow/example_dags/example_local_kubernetes_executor.py
[2023-09-17T12:44:59.201+0000] {processor.py:829} INFO - Processing file /home/airflow/.local/lib/python3.8/site-packages/airflow/example_dags/example_local_kubernetes_executor.py for tasks to queue
[2023-09-17T12:44:59.204+0000] {logging_mixin.py:151} INFO - [2023-09-17T12:44:59.204+0000] {dagbag.py:539} INFO - Filling up the DagBag from /home/airflow/.local/lib/python3.8/site-packages/airflow/example_dags/example_local_kubernetes_executor.py
[2023-09-17T12:44:59.622+0000] {processor.py:839} INFO - DAG(s) dict_keys(['example_local_kubernetes_executor']) retrieved from /home/airflow/.local/lib/python3.8/site-packages/airflow/example_dags/example_local_kubernetes_executor.py
[2023-09-17T12:44:59.666+0000] {logging_mixin.py:151} INFO - [2023-09-17T12:44:59.665+0000] {dag.py:2915} INFO - Sync 1 DAGs
[2023-09-17T12:44:59.682+0000] {logging_mixin.py:151} INFO - [2023-09-17T12:44:59.682+0000] {dag.py:3696} INFO - Setting next_dagrun for example_local_kubernetes_executor to None, run_after=None
[2023-09-17T12:44:59.728+0000] {processor.py:179} INFO - Processing /home/airflow/.local/lib/python3.8/site-packages/airflow/example_dags/example_local_kubernetes_executor.py took 0.533 seconds
[2023-09-17T12:45:30.682+0000] {processor.py:157} INFO - Started process (PID=580) to work on /home/airflow/.local/lib/python3.8/site-packages/airflow/example_dags/example_local_kubernetes_executor.py
[2023-09-17T12:45:30.683+0000] {processor.py:829} INFO - Processing file /home/airflow/.local/lib/python3.8/site-packages/airflow/example_dags/example_local_kubernetes_executor.py for tasks to queue
[2023-09-17T12:45:30.685+0000] {logging_mixin.py:151} INFO - [2023-09-17T12:45:30.685+0000] {dagbag.py:539} INFO - Filling up the DagBag from /home/airflow/.local/lib/python3.8/site-packages/airflow/example_dags/example_local_kubernetes_executor.py
[2023-09-17T12:45:31.052+0000] {processor.py:839} INFO - DAG(s) dict_keys(['example_local_kubernetes_executor']) retrieved from /home/airflow/.local/lib/python3.8/site-packages/airflow/example_dags/example_local_kubernetes_executor.py
[2023-09-17T12:45:31.094+0000] {logging_mixin.py:151} INFO - [2023-09-17T12:45:31.093+0000] {dag.py:2915} INFO - Sync 1 DAGs
[2023-09-17T12:45:31.110+0000] {logging_mixin.py:151} INFO - [2023-09-17T12:45:31.109+0000] {dag.py:3696} INFO - Setting next_dagrun for example_local_kubernetes_executor to None, run_after=None
[2023-09-17T12:45:31.138+0000] {processor.py:179} INFO - Processing /home/airflow/.local/lib/python3.8/site-packages/airflow/example_dags/example_local_kubernetes_executor.py took 0.460 seconds
[2023-09-17T12:46:02.092+0000] {processor.py:157} INFO - Started process (PID=635) to work on /home/airflow/.local/lib/python3.8/site-packages/airflow/example_dags/example_local_kubernetes_executor.py
[2023-09-17T12:46:02.093+0000] {processor.py:829} INFO - Processing file /home/airflow/.local/lib/python3.8/site-packages/airflow/example_dags/example_local_kubernetes_executor.py for tasks to queue
[2023-09-17T12:46:02.095+0000] {logging_mixin.py:151} INFO - [2023-09-17T12:46:02.095+0000] {dagbag.py:539} INFO - Filling up the DagBag from /home/airflow/.local/lib/python3.8/site-packages/airflow/example_dags/example_local_kubernetes_executor.py
[2023-09-17T12:46:02.520+0000] {processor.py:839} INFO - DAG(s) dict_keys(['example_local_kubernetes_executor']) retrieved from /home/airflow/.local/lib/python3.8/site-packages/airflow/example_dags/example_local_kubernetes_executor.py
[2023-09-17T12:46:02.580+0000] {logging_mixin.py:151} INFO - [2023-09-17T12:46:02.579+0000] {dag.py:2915} INFO - Sync 1 DAGs
[2023-09-17T12:46:02.602+0000] {logging_mixin.py:151} INFO - [2023-09-17T12:46:02.602+0000] {dag.py:3696} INFO - Setting next_dagrun for example_local_kubernetes_executor to None, run_after=None
[2023-09-17T12:46:02.648+0000] {processor.py:179} INFO - Processing /home/airflow/.local/lib/python3.8/site-packages/airflow/example_dags/example_local_kubernetes_executor.py took 0.559 seconds
[2023-09-17T12:46:33.544+0000] {processor.py:157} INFO - Started process (PID=690) to work on /home/airflow/.local/lib/python3.8/site-packages/airflow/example_dags/example_local_kubernetes_executor.py
[2023-09-17T12:46:33.562+0000] {processor.py:829} INFO - Processing file /home/airflow/.local/lib/python3.8/site-packages/airflow/example_dags/example_local_kubernetes_executor.py for tasks to queue
[2023-09-17T12:46:33.565+0000] {logging_mixin.py:151} INFO - [2023-09-17T12:46:33.565+0000] {dagbag.py:539} INFO - Filling up the DagBag from /home/airflow/.local/lib/python3.8/site-packages/airflow/example_dags/example_local_kubernetes_executor.py
[2023-09-17T12:46:34.231+0000] {processor.py:839} INFO - DAG(s) dict_keys(['example_local_kubernetes_executor']) retrieved from /home/airflow/.local/lib/python3.8/site-packages/airflow/example_dags/example_local_kubernetes_executor.py
[2023-09-17T12:46:34.375+0000] {logging_mixin.py:151} INFO - [2023-09-17T12:46:34.372+0000] {dag.py:2915} INFO - Sync 1 DAGs
[2023-09-17T12:46:34.435+0000] {logging_mixin.py:151} INFO - [2023-09-17T12:46:34.435+0000] {dag.py:3696} INFO - Setting next_dagrun for example_local_kubernetes_executor to None, run_after=None
[2023-09-17T12:46:34.534+0000] {processor.py:179} INFO - Processing /home/airflow/.local/lib/python3.8/site-packages/airflow/example_dags/example_local_kubernetes_executor.py took 1.010 seconds
[2023-09-17T12:47:04.962+0000] {processor.py:157} INFO - Started process (PID=753) to work on /home/airflow/.local/lib/python3.8/site-packages/airflow/example_dags/example_local_kubernetes_executor.py
[2023-09-17T12:47:04.964+0000] {processor.py:829} INFO - Processing file /home/airflow/.local/lib/python3.8/site-packages/airflow/example_dags/example_local_kubernetes_executor.py for tasks to queue
[2023-09-17T12:47:04.968+0000] {logging_mixin.py:151} INFO - [2023-09-17T12:47:04.967+0000] {dagbag.py:539} INFO - Filling up the DagBag from /home/airflow/.local/lib/python3.8/site-packages/airflow/example_dags/example_local_kubernetes_executor.py
[2023-09-17T12:47:05.722+0000] {processor.py:839} INFO - DAG(s) dict_keys(['example_local_kubernetes_executor']) retrieved from /home/airflow/.local/lib/python3.8/site-packages/airflow/example_dags/example_local_kubernetes_executor.py
[2023-09-17T12:47:05.841+0000] {logging_mixin.py:151} INFO - [2023-09-17T12:47:05.839+0000] {dag.py:2915} INFO - Sync 1 DAGs
[2023-09-17T12:47:05.906+0000] {logging_mixin.py:151} INFO - [2023-09-17T12:47:05.906+0000] {dag.py:3696} INFO - Setting next_dagrun for example_local_kubernetes_executor to None, run_after=None
[2023-09-17T12:47:06.022+0000] {processor.py:179} INFO - Processing /home/airflow/.local/lib/python3.8/site-packages/airflow/example_dags/example_local_kubernetes_executor.py took 1.066 seconds
[2023-09-17T12:47:36.422+0000] {processor.py:157} INFO - Started process (PID=811) to work on /home/airflow/.local/lib/python3.8/site-packages/airflow/example_dags/example_local_kubernetes_executor.py
[2023-09-17T12:47:36.425+0000] {processor.py:829} INFO - Processing file /home/airflow/.local/lib/python3.8/site-packages/airflow/example_dags/example_local_kubernetes_executor.py for tasks to queue
[2023-09-17T12:47:36.428+0000] {logging_mixin.py:151} INFO - [2023-09-17T12:47:36.428+0000] {dagbag.py:539} INFO - Filling up the DagBag from /home/airflow/.local/lib/python3.8/site-packages/airflow/example_dags/example_local_kubernetes_executor.py
[2023-09-17T12:47:37.105+0000] {processor.py:839} INFO - DAG(s) dict_keys(['example_local_kubernetes_executor']) retrieved from /home/airflow/.local/lib/python3.8/site-packages/airflow/example_dags/example_local_kubernetes_executor.py
[2023-09-17T12:47:37.161+0000] {logging_mixin.py:151} INFO - [2023-09-17T12:47:37.160+0000] {dag.py:2915} INFO - Sync 1 DAGs
[2023-09-17T12:47:37.180+0000] {logging_mixin.py:151} INFO - [2023-09-17T12:47:37.180+0000] {dag.py:3696} INFO - Setting next_dagrun for example_local_kubernetes_executor to None, run_after=None
[2023-09-17T12:47:37.232+0000] {processor.py:179} INFO - Processing /home/airflow/.local/lib/python3.8/site-packages/airflow/example_dags/example_local_kubernetes_executor.py took 0.818 seconds
[2023-09-17T12:48:07.561+0000] {processor.py:157} INFO - Started process (PID=866) to work on /home/airflow/.local/lib/python3.8/site-packages/airflow/example_dags/example_local_kubernetes_executor.py
[2023-09-17T12:48:07.563+0000] {processor.py:829} INFO - Processing file /home/airflow/.local/lib/python3.8/site-packages/airflow/example_dags/example_local_kubernetes_executor.py for tasks to queue
[2023-09-17T12:48:07.567+0000] {logging_mixin.py:151} INFO - [2023-09-17T12:48:07.566+0000] {dagbag.py:539} INFO - Filling up the DagBag from /home/airflow/.local/lib/python3.8/site-packages/airflow/example_dags/example_local_kubernetes_executor.py
[2023-09-17T12:48:08.126+0000] {processor.py:839} INFO - DAG(s) dict_keys(['example_local_kubernetes_executor']) retrieved from /home/airflow/.local/lib/python3.8/site-packages/airflow/example_dags/example_local_kubernetes_executor.py
[2023-09-17T12:48:08.173+0000] {logging_mixin.py:151} INFO - [2023-09-17T12:48:08.170+0000] {dag.py:2915} INFO - Sync 1 DAGs
[2023-09-17T12:48:08.190+0000] {logging_mixin.py:151} INFO - [2023-09-17T12:48:08.190+0000] {dag.py:3696} INFO - Setting next_dagrun for example_local_kubernetes_executor to None, run_after=None
[2023-09-17T12:48:08.216+0000] {processor.py:179} INFO - Processing /home/airflow/.local/lib/python3.8/site-packages/airflow/example_dags/example_local_kubernetes_executor.py took 0.672 seconds
[2023-09-17T12:48:38.257+0000] {processor.py:157} INFO - Started process (PID=922) to work on /home/airflow/.local/lib/python3.8/site-packages/airflow/example_dags/example_local_kubernetes_executor.py
[2023-09-17T12:48:38.258+0000] {processor.py:829} INFO - Processing file /home/airflow/.local/lib/python3.8/site-packages/airflow/example_dags/example_local_kubernetes_executor.py for tasks to queue
[2023-09-17T12:48:38.268+0000] {logging_mixin.py:151} INFO - [2023-09-17T12:48:38.266+0000] {dagbag.py:539} INFO - Filling up the DagBag from /home/airflow/.local/lib/python3.8/site-packages/airflow/example_dags/example_local_kubernetes_executor.py
[2023-09-17T12:48:39.019+0000] {processor.py:839} INFO - DAG(s) dict_keys(['example_local_kubernetes_executor']) retrieved from /home/airflow/.local/lib/python3.8/site-packages/airflow/example_dags/example_local_kubernetes_executor.py
[2023-09-17T12:48:39.107+0000] {logging_mixin.py:151} INFO - [2023-09-17T12:48:39.105+0000] {dag.py:2915} INFO - Sync 1 DAGs
[2023-09-17T12:48:39.137+0000] {logging_mixin.py:151} INFO - [2023-09-17T12:48:39.136+0000] {dag.py:3696} INFO - Setting next_dagrun for example_local_kubernetes_executor to None, run_after=None
[2023-09-17T12:48:39.208+0000] {processor.py:179} INFO - Processing /home/airflow/.local/lib/python3.8/site-packages/airflow/example_dags/example_local_kubernetes_executor.py took 0.958 seconds
[2023-09-17T12:49:10.034+0000] {processor.py:157} INFO - Started process (PID=980) to work on /home/airflow/.local/lib/python3.8/site-packages/airflow/example_dags/example_local_kubernetes_executor.py
[2023-09-17T12:49:10.040+0000] {processor.py:829} INFO - Processing file /home/airflow/.local/lib/python3.8/site-packages/airflow/example_dags/example_local_kubernetes_executor.py for tasks to queue
[2023-09-17T12:49:10.043+0000] {logging_mixin.py:151} INFO - [2023-09-17T12:49:10.043+0000] {dagbag.py:539} INFO - Filling up the DagBag from /home/airflow/.local/lib/python3.8/site-packages/airflow/example_dags/example_local_kubernetes_executor.py
[2023-09-17T12:49:10.729+0000] {processor.py:839} INFO - DAG(s) dict_keys(['example_local_kubernetes_executor']) retrieved from /home/airflow/.local/lib/python3.8/site-packages/airflow/example_dags/example_local_kubernetes_executor.py
[2023-09-17T12:49:10.811+0000] {logging_mixin.py:151} INFO - [2023-09-17T12:49:10.811+0000] {dag.py:2915} INFO - Sync 1 DAGs
[2023-09-17T12:49:10.827+0000] {logging_mixin.py:151} INFO - [2023-09-17T12:49:10.827+0000] {dag.py:3696} INFO - Setting next_dagrun for example_local_kubernetes_executor to None, run_after=None
[2023-09-17T12:49:10.893+0000] {processor.py:179} INFO - Processing /home/airflow/.local/lib/python3.8/site-packages/airflow/example_dags/example_local_kubernetes_executor.py took 0.864 seconds
[2023-09-17T12:49:41.853+0000] {processor.py:157} INFO - Started process (PID=1039) to work on /home/airflow/.local/lib/python3.8/site-packages/airflow/example_dags/example_local_kubernetes_executor.py
[2023-09-17T12:49:41.854+0000] {processor.py:829} INFO - Processing file /home/airflow/.local/lib/python3.8/site-packages/airflow/example_dags/example_local_kubernetes_executor.py for tasks to queue
[2023-09-17T12:49:41.857+0000] {logging_mixin.py:151} INFO - [2023-09-17T12:49:41.857+0000] {dagbag.py:539} INFO - Filling up the DagBag from /home/airflow/.local/lib/python3.8/site-packages/airflow/example_dags/example_local_kubernetes_executor.py
[2023-09-17T12:49:42.244+0000] {processor.py:839} INFO - DAG(s) dict_keys(['example_local_kubernetes_executor']) retrieved from /home/airflow/.local/lib/python3.8/site-packages/airflow/example_dags/example_local_kubernetes_executor.py
[2023-09-17T12:49:42.287+0000] {logging_mixin.py:151} INFO - [2023-09-17T12:49:42.287+0000] {dag.py:2915} INFO - Sync 1 DAGs
[2023-09-17T12:49:42.304+0000] {logging_mixin.py:151} INFO - [2023-09-17T12:49:42.304+0000] {dag.py:3696} INFO - Setting next_dagrun for example_local_kubernetes_executor to None, run_after=None
[2023-09-17T12:49:42.345+0000] {processor.py:179} INFO - Processing /home/airflow/.local/lib/python3.8/site-packages/airflow/example_dags/example_local_kubernetes_executor.py took 0.497 seconds
[2023-09-17T12:50:12.854+0000] {processor.py:157} INFO - Started process (PID=1094) to work on /home/airflow/.local/lib/python3.8/site-packages/airflow/example_dags/example_local_kubernetes_executor.py
[2023-09-17T12:50:12.862+0000] {processor.py:829} INFO - Processing file /home/airflow/.local/lib/python3.8/site-packages/airflow/example_dags/example_local_kubernetes_executor.py for tasks to queue
[2023-09-17T12:50:12.867+0000] {logging_mixin.py:151} INFO - [2023-09-17T12:50:12.867+0000] {dagbag.py:539} INFO - Filling up the DagBag from /home/airflow/.local/lib/python3.8/site-packages/airflow/example_dags/example_local_kubernetes_executor.py
[2023-09-17T12:50:13.333+0000] {processor.py:839} INFO - DAG(s) dict_keys(['example_local_kubernetes_executor']) retrieved from /home/airflow/.local/lib/python3.8/site-packages/airflow/example_dags/example_local_kubernetes_executor.py
[2023-09-17T12:50:13.378+0000] {logging_mixin.py:151} INFO - [2023-09-17T12:50:13.377+0000] {dag.py:2915} INFO - Sync 1 DAGs
[2023-09-17T12:50:13.397+0000] {logging_mixin.py:151} INFO - [2023-09-17T12:50:13.397+0000] {dag.py:3696} INFO - Setting next_dagrun for example_local_kubernetes_executor to None, run_after=None
[2023-09-17T12:50:13.493+0000] {processor.py:179} INFO - Processing /home/airflow/.local/lib/python3.8/site-packages/airflow/example_dags/example_local_kubernetes_executor.py took 0.644 seconds
[2023-09-17T12:50:44.350+0000] {processor.py:157} INFO - Started process (PID=1151) to work on /home/airflow/.local/lib/python3.8/site-packages/airflow/example_dags/example_local_kubernetes_executor.py
[2023-09-17T12:50:44.351+0000] {processor.py:829} INFO - Processing file /home/airflow/.local/lib/python3.8/site-packages/airflow/example_dags/example_local_kubernetes_executor.py for tasks to queue
[2023-09-17T12:50:44.360+0000] {logging_mixin.py:151} INFO - [2023-09-17T12:50:44.359+0000] {dagbag.py:539} INFO - Filling up the DagBag from /home/airflow/.local/lib/python3.8/site-packages/airflow/example_dags/example_local_kubernetes_executor.py
[2023-09-17T12:50:45.008+0000] {processor.py:839} INFO - DAG(s) dict_keys(['example_local_kubernetes_executor']) retrieved from /home/airflow/.local/lib/python3.8/site-packages/airflow/example_dags/example_local_kubernetes_executor.py
[2023-09-17T12:50:45.077+0000] {logging_mixin.py:151} INFO - [2023-09-17T12:50:45.075+0000] {dag.py:2915} INFO - Sync 1 DAGs
[2023-09-17T12:50:45.107+0000] {logging_mixin.py:151} INFO - [2023-09-17T12:50:45.107+0000] {dag.py:3696} INFO - Setting next_dagrun for example_local_kubernetes_executor to None, run_after=None
[2023-09-17T12:50:45.166+0000] {processor.py:179} INFO - Processing /home/airflow/.local/lib/python3.8/site-packages/airflow/example_dags/example_local_kubernetes_executor.py took 0.823 seconds
[2023-09-17T12:51:15.717+0000] {processor.py:157} INFO - Started process (PID=1205) to work on /home/airflow/.local/lib/python3.8/site-packages/airflow/example_dags/example_local_kubernetes_executor.py
[2023-09-17T12:51:15.726+0000] {processor.py:829} INFO - Processing file /home/airflow/.local/lib/python3.8/site-packages/airflow/example_dags/example_local_kubernetes_executor.py for tasks to queue
[2023-09-17T12:51:15.735+0000] {logging_mixin.py:151} INFO - [2023-09-17T12:51:15.733+0000] {dagbag.py:539} INFO - Filling up the DagBag from /home/airflow/.local/lib/python3.8/site-packages/airflow/example_dags/example_local_kubernetes_executor.py
[2023-09-17T12:51:16.568+0000] {processor.py:839} INFO - DAG(s) dict_keys(['example_local_kubernetes_executor']) retrieved from /home/airflow/.local/lib/python3.8/site-packages/airflow/example_dags/example_local_kubernetes_executor.py
[2023-09-17T12:51:16.687+0000] {logging_mixin.py:151} INFO - [2023-09-17T12:51:16.682+0000] {dag.py:2915} INFO - Sync 1 DAGs
[2023-09-17T12:51:16.728+0000] {logging_mixin.py:151} INFO - [2023-09-17T12:51:16.728+0000] {dag.py:3696} INFO - Setting next_dagrun for example_local_kubernetes_executor to None, run_after=None
[2023-09-17T12:51:17.116+0000] {processor.py:179} INFO - Processing /home/airflow/.local/lib/python3.8/site-packages/airflow/example_dags/example_local_kubernetes_executor.py took 1.400 seconds
[2023-09-17T12:51:47.478+0000] {processor.py:157} INFO - Started process (PID=1260) to work on /home/airflow/.local/lib/python3.8/site-packages/airflow/example_dags/example_local_kubernetes_executor.py
[2023-09-17T12:51:47.481+0000] {processor.py:829} INFO - Processing file /home/airflow/.local/lib/python3.8/site-packages/airflow/example_dags/example_local_kubernetes_executor.py for tasks to queue
[2023-09-17T12:51:47.486+0000] {logging_mixin.py:151} INFO - [2023-09-17T12:51:47.485+0000] {dagbag.py:539} INFO - Filling up the DagBag from /home/airflow/.local/lib/python3.8/site-packages/airflow/example_dags/example_local_kubernetes_executor.py
[2023-09-17T12:51:48.185+0000] {processor.py:839} INFO - DAG(s) dict_keys(['example_local_kubernetes_executor']) retrieved from /home/airflow/.local/lib/python3.8/site-packages/airflow/example_dags/example_local_kubernetes_executor.py
[2023-09-17T12:51:48.306+0000] {logging_mixin.py:151} INFO - [2023-09-17T12:51:48.296+0000] {dag.py:2915} INFO - Sync 1 DAGs
[2023-09-17T12:51:48.369+0000] {logging_mixin.py:151} INFO - [2023-09-17T12:51:48.368+0000] {dag.py:3696} INFO - Setting next_dagrun for example_local_kubernetes_executor to None, run_after=None
[2023-09-17T12:51:48.699+0000] {processor.py:179} INFO - Processing /home/airflow/.local/lib/python3.8/site-packages/airflow/example_dags/example_local_kubernetes_executor.py took 1.233 seconds
[2023-09-17T12:52:18.797+0000] {processor.py:157} INFO - Started process (PID=1316) to work on /home/airflow/.local/lib/python3.8/site-packages/airflow/example_dags/example_local_kubernetes_executor.py
[2023-09-17T12:52:18.807+0000] {processor.py:829} INFO - Processing file /home/airflow/.local/lib/python3.8/site-packages/airflow/example_dags/example_local_kubernetes_executor.py for tasks to queue
[2023-09-17T12:52:18.818+0000] {logging_mixin.py:151} INFO - [2023-09-17T12:52:18.817+0000] {dagbag.py:539} INFO - Filling up the DagBag from /home/airflow/.local/lib/python3.8/site-packages/airflow/example_dags/example_local_kubernetes_executor.py
[2023-09-17T12:52:19.678+0000] {processor.py:839} INFO - DAG(s) dict_keys(['example_local_kubernetes_executor']) retrieved from /home/airflow/.local/lib/python3.8/site-packages/airflow/example_dags/example_local_kubernetes_executor.py
[2023-09-17T12:52:19.764+0000] {logging_mixin.py:151} INFO - [2023-09-17T12:52:19.762+0000] {dag.py:2915} INFO - Sync 1 DAGs
[2023-09-17T12:52:19.806+0000] {logging_mixin.py:151} INFO - [2023-09-17T12:52:19.806+0000] {dag.py:3696} INFO - Setting next_dagrun for example_local_kubernetes_executor to None, run_after=None
[2023-09-17T12:52:19.986+0000] {processor.py:179} INFO - Processing /home/airflow/.local/lib/python3.8/site-packages/airflow/example_dags/example_local_kubernetes_executor.py took 1.201 seconds
[2023-09-17T12:52:50.563+0000] {processor.py:157} INFO - Started process (PID=1372) to work on /home/airflow/.local/lib/python3.8/site-packages/airflow/example_dags/example_local_kubernetes_executor.py
[2023-09-17T12:52:50.565+0000] {processor.py:829} INFO - Processing file /home/airflow/.local/lib/python3.8/site-packages/airflow/example_dags/example_local_kubernetes_executor.py for tasks to queue
[2023-09-17T12:52:50.570+0000] {logging_mixin.py:151} INFO - [2023-09-17T12:52:50.570+0000] {dagbag.py:539} INFO - Filling up the DagBag from /home/airflow/.local/lib/python3.8/site-packages/airflow/example_dags/example_local_kubernetes_executor.py
[2023-09-17T12:52:51.422+0000] {processor.py:839} INFO - DAG(s) dict_keys(['example_local_kubernetes_executor']) retrieved from /home/airflow/.local/lib/python3.8/site-packages/airflow/example_dags/example_local_kubernetes_executor.py
[2023-09-17T12:52:51.535+0000] {logging_mixin.py:151} INFO - [2023-09-17T12:52:51.534+0000] {dag.py:2915} INFO - Sync 1 DAGs
[2023-09-17T12:52:51.570+0000] {logging_mixin.py:151} INFO - [2023-09-17T12:52:51.570+0000] {dag.py:3696} INFO - Setting next_dagrun for example_local_kubernetes_executor to None, run_after=None
[2023-09-17T12:52:51.798+0000] {processor.py:179} INFO - Processing /home/airflow/.local/lib/python3.8/site-packages/airflow/example_dags/example_local_kubernetes_executor.py took 1.245 seconds
