[2023-09-17T12:40:43.340+0000] {processor.py:157} INFO - Started process (PID=66) to work on /home/airflow/.local/lib/python3.8/site-packages/airflow/example_dags/example_short_circuit_decorator.py
[2023-09-17T12:40:43.341+0000] {processor.py:829} INFO - Processing file /home/airflow/.local/lib/python3.8/site-packages/airflow/example_dags/example_short_circuit_decorator.py for tasks to queue
[2023-09-17T12:40:43.345+0000] {logging_mixin.py:151} INFO - [2023-09-17T12:40:43.344+0000] {dagbag.py:539} INFO - Filling up the DagBag from /home/airflow/.local/lib/python3.8/site-packages/airflow/example_dags/example_short_circuit_decorator.py
[2023-09-17T12:40:43.396+0000] {processor.py:839} INFO - DAG(s) dict_keys(['example_short_circuit_decorator']) retrieved from /home/airflow/.local/lib/python3.8/site-packages/airflow/example_dags/example_short_circuit_decorator.py
[2023-09-17T12:40:43.807+0000] {logging_mixin.py:151} INFO - [2023-09-17T12:40:43.806+0000] {manager.py:499} INFO - Created Permission View: %s
[2023-09-17T12:40:43.904+0000] {logging_mixin.py:151} INFO - [2023-09-17T12:40:43.904+0000] {manager.py:499} INFO - Created Permission View: %s
[2023-09-17T12:40:43.993+0000] {logging_mixin.py:151} INFO - [2023-09-17T12:40:43.993+0000] {manager.py:499} INFO - Created Permission View: %s
[2023-09-17T12:40:43.994+0000] {logging_mixin.py:151} INFO - [2023-09-17T12:40:43.994+0000] {security.py:708} INFO - Not syncing DAG-level permissions for DAG 'DAG:example_short_circuit_decorator' as access control is unset.
[2023-09-17T12:40:43.995+0000] {logging_mixin.py:151} INFO - [2023-09-17T12:40:43.994+0000] {dag.py:2915} INFO - Sync 1 DAGs
[2023-09-17T12:40:44.025+0000] {logging_mixin.py:151} INFO - [2023-09-17T12:40:44.025+0000] {dag.py:2937} INFO - Creating ORM DAG for example_short_circuit_decorator
[2023-09-17T12:40:44.042+0000] {logging_mixin.py:151} INFO - [2023-09-17T12:40:44.042+0000] {dag.py:3696} INFO - Setting next_dagrun for example_short_circuit_decorator to 2023-09-16T12:40:44.041616+00:00, run_after=2023-09-17T12:40:44.041616+00:00
[2023-09-17T12:40:44.110+0000] {processor.py:179} INFO - Processing /home/airflow/.local/lib/python3.8/site-packages/airflow/example_dags/example_short_circuit_decorator.py took 0.775 seconds
[2023-09-17T12:41:14.909+0000] {processor.py:157} INFO - Started process (PID=121) to work on /home/airflow/.local/lib/python3.8/site-packages/airflow/example_dags/example_short_circuit_decorator.py
[2023-09-17T12:41:14.975+0000] {processor.py:829} INFO - Processing file /home/airflow/.local/lib/python3.8/site-packages/airflow/example_dags/example_short_circuit_decorator.py for tasks to queue
[2023-09-17T12:41:14.978+0000] {logging_mixin.py:151} INFO - [2023-09-17T12:41:14.977+0000] {dagbag.py:539} INFO - Filling up the DagBag from /home/airflow/.local/lib/python3.8/site-packages/airflow/example_dags/example_short_circuit_decorator.py
[2023-09-17T12:41:14.990+0000] {processor.py:839} INFO - DAG(s) dict_keys(['example_short_circuit_decorator']) retrieved from /home/airflow/.local/lib/python3.8/site-packages/airflow/example_dags/example_short_circuit_decorator.py
[2023-09-17T12:41:15.039+0000] {logging_mixin.py:151} INFO - [2023-09-17T12:41:15.039+0000] {dag.py:2915} INFO - Sync 1 DAGs
[2023-09-17T12:41:15.082+0000] {logging_mixin.py:151} INFO - [2023-09-17T12:41:15.081+0000] {dag.py:3696} INFO - Setting next_dagrun for example_short_circuit_decorator to 2023-09-16T12:41:15.081257+00:00, run_after=2023-09-17T12:41:15.081257+00:00
[2023-09-17T12:41:15.292+0000] {processor.py:179} INFO - Processing /home/airflow/.local/lib/python3.8/site-packages/airflow/example_dags/example_short_circuit_decorator.py took 0.388 seconds
[2023-09-17T12:41:45.619+0000] {processor.py:157} INFO - Started process (PID=176) to work on /home/airflow/.local/lib/python3.8/site-packages/airflow/example_dags/example_short_circuit_decorator.py
[2023-09-17T12:41:45.660+0000] {processor.py:829} INFO - Processing file /home/airflow/.local/lib/python3.8/site-packages/airflow/example_dags/example_short_circuit_decorator.py for tasks to queue
[2023-09-17T12:41:45.664+0000] {logging_mixin.py:151} INFO - [2023-09-17T12:41:45.664+0000] {dagbag.py:539} INFO - Filling up the DagBag from /home/airflow/.local/lib/python3.8/site-packages/airflow/example_dags/example_short_circuit_decorator.py
[2023-09-17T12:41:45.692+0000] {processor.py:839} INFO - DAG(s) dict_keys(['example_short_circuit_decorator']) retrieved from /home/airflow/.local/lib/python3.8/site-packages/airflow/example_dags/example_short_circuit_decorator.py
[2023-09-17T12:41:45.761+0000] {logging_mixin.py:151} INFO - [2023-09-17T12:41:45.761+0000] {dag.py:2915} INFO - Sync 1 DAGs
[2023-09-17T12:41:45.830+0000] {logging_mixin.py:151} INFO - [2023-09-17T12:41:45.829+0000] {dag.py:3696} INFO - Setting next_dagrun for example_short_circuit_decorator to 2023-09-16T12:41:45.829292+00:00, run_after=2023-09-17T12:41:45.829292+00:00
[2023-09-17T12:41:45.977+0000] {processor.py:179} INFO - Processing /home/airflow/.local/lib/python3.8/site-packages/airflow/example_dags/example_short_circuit_decorator.py took 0.367 seconds
[2023-09-17T12:42:16.669+0000] {processor.py:157} INFO - Started process (PID=231) to work on /home/airflow/.local/lib/python3.8/site-packages/airflow/example_dags/example_short_circuit_decorator.py
[2023-09-17T12:42:16.670+0000] {processor.py:829} INFO - Processing file /home/airflow/.local/lib/python3.8/site-packages/airflow/example_dags/example_short_circuit_decorator.py for tasks to queue
[2023-09-17T12:42:16.674+0000] {logging_mixin.py:151} INFO - [2023-09-17T12:42:16.673+0000] {dagbag.py:539} INFO - Filling up the DagBag from /home/airflow/.local/lib/python3.8/site-packages/airflow/example_dags/example_short_circuit_decorator.py
[2023-09-17T12:42:16.696+0000] {processor.py:839} INFO - DAG(s) dict_keys(['example_short_circuit_decorator']) retrieved from /home/airflow/.local/lib/python3.8/site-packages/airflow/example_dags/example_short_circuit_decorator.py
[2023-09-17T12:42:16.743+0000] {logging_mixin.py:151} INFO - [2023-09-17T12:42:16.743+0000] {dag.py:2915} INFO - Sync 1 DAGs
[2023-09-17T12:42:16.787+0000] {logging_mixin.py:151} INFO - [2023-09-17T12:42:16.787+0000] {dag.py:3696} INFO - Setting next_dagrun for example_short_circuit_decorator to 2023-09-16T12:42:16.787093+00:00, run_after=2023-09-17T12:42:16.787093+00:00
[2023-09-17T12:42:16.842+0000] {processor.py:179} INFO - Processing /home/airflow/.local/lib/python3.8/site-packages/airflow/example_dags/example_short_circuit_decorator.py took 0.178 seconds
[2023-09-17T12:42:47.303+0000] {processor.py:157} INFO - Started process (PID=286) to work on /home/airflow/.local/lib/python3.8/site-packages/airflow/example_dags/example_short_circuit_decorator.py
[2023-09-17T12:42:47.305+0000] {processor.py:829} INFO - Processing file /home/airflow/.local/lib/python3.8/site-packages/airflow/example_dags/example_short_circuit_decorator.py for tasks to queue
[2023-09-17T12:42:47.309+0000] {logging_mixin.py:151} INFO - [2023-09-17T12:42:47.309+0000] {dagbag.py:539} INFO - Filling up the DagBag from /home/airflow/.local/lib/python3.8/site-packages/airflow/example_dags/example_short_circuit_decorator.py
[2023-09-17T12:42:47.322+0000] {processor.py:839} INFO - DAG(s) dict_keys(['example_short_circuit_decorator']) retrieved from /home/airflow/.local/lib/python3.8/site-packages/airflow/example_dags/example_short_circuit_decorator.py
[2023-09-17T12:42:47.355+0000] {logging_mixin.py:151} INFO - [2023-09-17T12:42:47.354+0000] {dag.py:2915} INFO - Sync 1 DAGs
[2023-09-17T12:42:47.385+0000] {logging_mixin.py:151} INFO - [2023-09-17T12:42:47.384+0000] {dag.py:3696} INFO - Setting next_dagrun for example_short_circuit_decorator to 2023-09-16T12:42:47.384530+00:00, run_after=2023-09-17T12:42:47.384530+00:00
[2023-09-17T12:42:47.426+0000] {processor.py:179} INFO - Processing /home/airflow/.local/lib/python3.8/site-packages/airflow/example_dags/example_short_circuit_decorator.py took 0.133 seconds
[2023-09-17T12:43:18.057+0000] {processor.py:157} INFO - Started process (PID=341) to work on /home/airflow/.local/lib/python3.8/site-packages/airflow/example_dags/example_short_circuit_decorator.py
[2023-09-17T12:43:18.058+0000] {processor.py:829} INFO - Processing file /home/airflow/.local/lib/python3.8/site-packages/airflow/example_dags/example_short_circuit_decorator.py for tasks to queue
[2023-09-17T12:43:18.061+0000] {logging_mixin.py:151} INFO - [2023-09-17T12:43:18.061+0000] {dagbag.py:539} INFO - Filling up the DagBag from /home/airflow/.local/lib/python3.8/site-packages/airflow/example_dags/example_short_circuit_decorator.py
[2023-09-17T12:43:18.073+0000] {processor.py:839} INFO - DAG(s) dict_keys(['example_short_circuit_decorator']) retrieved from /home/airflow/.local/lib/python3.8/site-packages/airflow/example_dags/example_short_circuit_decorator.py
[2023-09-17T12:43:18.108+0000] {logging_mixin.py:151} INFO - [2023-09-17T12:43:18.108+0000] {dag.py:2915} INFO - Sync 1 DAGs
[2023-09-17T12:43:18.141+0000] {logging_mixin.py:151} INFO - [2023-09-17T12:43:18.141+0000] {dag.py:3696} INFO - Setting next_dagrun for example_short_circuit_decorator to 2023-09-16T12:43:18.140905+00:00, run_after=2023-09-17T12:43:18.140905+00:00
[2023-09-17T12:43:18.181+0000] {processor.py:179} INFO - Processing /home/airflow/.local/lib/python3.8/site-packages/airflow/example_dags/example_short_circuit_decorator.py took 0.128 seconds
[2023-09-17T12:43:48.288+0000] {processor.py:157} INFO - Started process (PID=396) to work on /home/airflow/.local/lib/python3.8/site-packages/airflow/example_dags/example_short_circuit_decorator.py
[2023-09-17T12:43:48.290+0000] {processor.py:829} INFO - Processing file /home/airflow/.local/lib/python3.8/site-packages/airflow/example_dags/example_short_circuit_decorator.py for tasks to queue
[2023-09-17T12:43:48.300+0000] {logging_mixin.py:151} INFO - [2023-09-17T12:43:48.299+0000] {dagbag.py:539} INFO - Filling up the DagBag from /home/airflow/.local/lib/python3.8/site-packages/airflow/example_dags/example_short_circuit_decorator.py
[2023-09-17T12:43:48.339+0000] {processor.py:839} INFO - DAG(s) dict_keys(['example_short_circuit_decorator']) retrieved from /home/airflow/.local/lib/python3.8/site-packages/airflow/example_dags/example_short_circuit_decorator.py
[2023-09-17T12:43:48.424+0000] {logging_mixin.py:151} INFO - [2023-09-17T12:43:48.424+0000] {dag.py:2915} INFO - Sync 1 DAGs
[2023-09-17T12:43:48.553+0000] {logging_mixin.py:151} INFO - [2023-09-17T12:43:48.546+0000] {dag.py:3696} INFO - Setting next_dagrun for example_short_circuit_decorator to 2023-09-16T12:43:48.544462+00:00, run_after=2023-09-17T12:43:48.544462+00:00
[2023-09-17T12:43:48.648+0000] {processor.py:179} INFO - Processing /home/airflow/.local/lib/python3.8/site-packages/airflow/example_dags/example_short_circuit_decorator.py took 0.373 seconds
[2023-09-17T12:44:19.341+0000] {processor.py:157} INFO - Started process (PID=452) to work on /home/airflow/.local/lib/python3.8/site-packages/airflow/example_dags/example_short_circuit_decorator.py
[2023-09-17T12:44:19.386+0000] {processor.py:829} INFO - Processing file /home/airflow/.local/lib/python3.8/site-packages/airflow/example_dags/example_short_circuit_decorator.py for tasks to queue
[2023-09-17T12:44:19.394+0000] {logging_mixin.py:151} INFO - [2023-09-17T12:44:19.393+0000] {dagbag.py:539} INFO - Filling up the DagBag from /home/airflow/.local/lib/python3.8/site-packages/airflow/example_dags/example_short_circuit_decorator.py
[2023-09-17T12:44:19.427+0000] {processor.py:839} INFO - DAG(s) dict_keys(['example_short_circuit_decorator']) retrieved from /home/airflow/.local/lib/python3.8/site-packages/airflow/example_dags/example_short_circuit_decorator.py
[2023-09-17T12:44:19.497+0000] {logging_mixin.py:151} INFO - [2023-09-17T12:44:19.497+0000] {dag.py:2915} INFO - Sync 1 DAGs
[2023-09-17T12:44:19.657+0000] {logging_mixin.py:151} INFO - [2023-09-17T12:44:19.656+0000] {dag.py:3696} INFO - Setting next_dagrun for example_short_circuit_decorator to 2023-09-16T12:44:19.655465+00:00, run_after=2023-09-17T12:44:19.655465+00:00
[2023-09-17T12:44:19.781+0000] {processor.py:179} INFO - Processing /home/airflow/.local/lib/python3.8/site-packages/airflow/example_dags/example_short_circuit_decorator.py took 0.451 seconds
[2023-09-17T12:44:49.947+0000] {processor.py:157} INFO - Started process (PID=506) to work on /home/airflow/.local/lib/python3.8/site-packages/airflow/example_dags/example_short_circuit_decorator.py
[2023-09-17T12:44:49.948+0000] {processor.py:829} INFO - Processing file /home/airflow/.local/lib/python3.8/site-packages/airflow/example_dags/example_short_circuit_decorator.py for tasks to queue
[2023-09-17T12:44:49.952+0000] {logging_mixin.py:151} INFO - [2023-09-17T12:44:49.952+0000] {dagbag.py:539} INFO - Filling up the DagBag from /home/airflow/.local/lib/python3.8/site-packages/airflow/example_dags/example_short_circuit_decorator.py
[2023-09-17T12:44:49.969+0000] {processor.py:839} INFO - DAG(s) dict_keys(['example_short_circuit_decorator']) retrieved from /home/airflow/.local/lib/python3.8/site-packages/airflow/example_dags/example_short_circuit_decorator.py
[2023-09-17T12:44:50.000+0000] {logging_mixin.py:151} INFO - [2023-09-17T12:44:50.000+0000] {dag.py:2915} INFO - Sync 1 DAGs
[2023-09-17T12:44:50.030+0000] {logging_mixin.py:151} INFO - [2023-09-17T12:44:50.030+0000] {dag.py:3696} INFO - Setting next_dagrun for example_short_circuit_decorator to 2023-09-16T12:44:50.029881+00:00, run_after=2023-09-17T12:44:50.029881+00:00
[2023-09-17T12:44:50.057+0000] {processor.py:179} INFO - Processing /home/airflow/.local/lib/python3.8/site-packages/airflow/example_dags/example_short_circuit_decorator.py took 0.114 seconds
[2023-09-17T12:45:20.522+0000] {processor.py:157} INFO - Started process (PID=562) to work on /home/airflow/.local/lib/python3.8/site-packages/airflow/example_dags/example_short_circuit_decorator.py
[2023-09-17T12:45:20.531+0000] {processor.py:829} INFO - Processing file /home/airflow/.local/lib/python3.8/site-packages/airflow/example_dags/example_short_circuit_decorator.py for tasks to queue
[2023-09-17T12:45:20.536+0000] {logging_mixin.py:151} INFO - [2023-09-17T12:45:20.535+0000] {dagbag.py:539} INFO - Filling up the DagBag from /home/airflow/.local/lib/python3.8/site-packages/airflow/example_dags/example_short_circuit_decorator.py
[2023-09-17T12:45:20.586+0000] {processor.py:839} INFO - DAG(s) dict_keys(['example_short_circuit_decorator']) retrieved from /home/airflow/.local/lib/python3.8/site-packages/airflow/example_dags/example_short_circuit_decorator.py
[2023-09-17T12:45:20.670+0000] {logging_mixin.py:151} INFO - [2023-09-17T12:45:20.669+0000] {dag.py:2915} INFO - Sync 1 DAGs
[2023-09-17T12:45:20.794+0000] {logging_mixin.py:151} INFO - [2023-09-17T12:45:20.793+0000] {dag.py:3696} INFO - Setting next_dagrun for example_short_circuit_decorator to 2023-09-16T12:45:20.793116+00:00, run_after=2023-09-17T12:45:20.793116+00:00
[2023-09-17T12:45:20.885+0000] {processor.py:179} INFO - Processing /home/airflow/.local/lib/python3.8/site-packages/airflow/example_dags/example_short_circuit_decorator.py took 0.378 seconds
[2023-09-17T12:45:51.558+0000] {processor.py:157} INFO - Started process (PID=617) to work on /home/airflow/.local/lib/python3.8/site-packages/airflow/example_dags/example_short_circuit_decorator.py
[2023-09-17T12:45:51.559+0000] {processor.py:829} INFO - Processing file /home/airflow/.local/lib/python3.8/site-packages/airflow/example_dags/example_short_circuit_decorator.py for tasks to queue
[2023-09-17T12:45:51.562+0000] {logging_mixin.py:151} INFO - [2023-09-17T12:45:51.562+0000] {dagbag.py:539} INFO - Filling up the DagBag from /home/airflow/.local/lib/python3.8/site-packages/airflow/example_dags/example_short_circuit_decorator.py
[2023-09-17T12:45:51.577+0000] {processor.py:839} INFO - DAG(s) dict_keys(['example_short_circuit_decorator']) retrieved from /home/airflow/.local/lib/python3.8/site-packages/airflow/example_dags/example_short_circuit_decorator.py
[2023-09-17T12:45:51.617+0000] {logging_mixin.py:151} INFO - [2023-09-17T12:45:51.616+0000] {dag.py:2915} INFO - Sync 1 DAGs
[2023-09-17T12:45:51.654+0000] {logging_mixin.py:151} INFO - [2023-09-17T12:45:51.653+0000] {dag.py:3696} INFO - Setting next_dagrun for example_short_circuit_decorator to 2023-09-16T12:45:51.653189+00:00, run_after=2023-09-17T12:45:51.653189+00:00
[2023-09-17T12:45:51.697+0000] {processor.py:179} INFO - Processing /home/airflow/.local/lib/python3.8/site-packages/airflow/example_dags/example_short_circuit_decorator.py took 0.145 seconds
[2023-09-17T12:46:21.949+0000] {processor.py:157} INFO - Started process (PID=672) to work on /home/airflow/.local/lib/python3.8/site-packages/airflow/example_dags/example_short_circuit_decorator.py
[2023-09-17T12:46:21.952+0000] {processor.py:829} INFO - Processing file /home/airflow/.local/lib/python3.8/site-packages/airflow/example_dags/example_short_circuit_decorator.py for tasks to queue
[2023-09-17T12:46:21.962+0000] {logging_mixin.py:151} INFO - [2023-09-17T12:46:21.961+0000] {dagbag.py:539} INFO - Filling up the DagBag from /home/airflow/.local/lib/python3.8/site-packages/airflow/example_dags/example_short_circuit_decorator.py
[2023-09-17T12:46:21.987+0000] {processor.py:839} INFO - DAG(s) dict_keys(['example_short_circuit_decorator']) retrieved from /home/airflow/.local/lib/python3.8/site-packages/airflow/example_dags/example_short_circuit_decorator.py
[2023-09-17T12:46:22.067+0000] {logging_mixin.py:151} INFO - [2023-09-17T12:46:22.066+0000] {dag.py:2915} INFO - Sync 1 DAGs
[2023-09-17T12:46:22.135+0000] {logging_mixin.py:151} INFO - [2023-09-17T12:46:22.134+0000] {dag.py:3696} INFO - Setting next_dagrun for example_short_circuit_decorator to 2023-09-16T12:46:22.134306+00:00, run_after=2023-09-17T12:46:22.134306+00:00
[2023-09-17T12:46:22.190+0000] {processor.py:179} INFO - Processing /home/airflow/.local/lib/python3.8/site-packages/airflow/example_dags/example_short_circuit_decorator.py took 0.254 seconds
[2023-09-17T12:46:52.492+0000] {processor.py:157} INFO - Started process (PID=728) to work on /home/airflow/.local/lib/python3.8/site-packages/airflow/example_dags/example_short_circuit_decorator.py
[2023-09-17T12:46:52.508+0000] {processor.py:829} INFO - Processing file /home/airflow/.local/lib/python3.8/site-packages/airflow/example_dags/example_short_circuit_decorator.py for tasks to queue
[2023-09-17T12:46:52.511+0000] {logging_mixin.py:151} INFO - [2023-09-17T12:46:52.511+0000] {dagbag.py:539} INFO - Filling up the DagBag from /home/airflow/.local/lib/python3.8/site-packages/airflow/example_dags/example_short_circuit_decorator.py
[2023-09-17T12:46:52.524+0000] {processor.py:839} INFO - DAG(s) dict_keys(['example_short_circuit_decorator']) retrieved from /home/airflow/.local/lib/python3.8/site-packages/airflow/example_dags/example_short_circuit_decorator.py
[2023-09-17T12:46:52.557+0000] {logging_mixin.py:151} INFO - [2023-09-17T12:46:52.557+0000] {dag.py:2915} INFO - Sync 1 DAGs
[2023-09-17T12:46:52.590+0000] {logging_mixin.py:151} INFO - [2023-09-17T12:46:52.590+0000] {dag.py:3696} INFO - Setting next_dagrun for example_short_circuit_decorator to 2023-09-16T12:46:52.589940+00:00, run_after=2023-09-17T12:46:52.589940+00:00
[2023-09-17T12:46:52.624+0000] {processor.py:179} INFO - Processing /home/airflow/.local/lib/python3.8/site-packages/airflow/example_dags/example_short_circuit_decorator.py took 0.137 seconds
[2023-09-17T12:47:23.041+0000] {processor.py:157} INFO - Started process (PID=784) to work on /home/airflow/.local/lib/python3.8/site-packages/airflow/example_dags/example_short_circuit_decorator.py
[2023-09-17T12:47:23.042+0000] {processor.py:829} INFO - Processing file /home/airflow/.local/lib/python3.8/site-packages/airflow/example_dags/example_short_circuit_decorator.py for tasks to queue
[2023-09-17T12:47:23.044+0000] {logging_mixin.py:151} INFO - [2023-09-17T12:47:23.044+0000] {dagbag.py:539} INFO - Filling up the DagBag from /home/airflow/.local/lib/python3.8/site-packages/airflow/example_dags/example_short_circuit_decorator.py
[2023-09-17T12:47:23.056+0000] {processor.py:839} INFO - DAG(s) dict_keys(['example_short_circuit_decorator']) retrieved from /home/airflow/.local/lib/python3.8/site-packages/airflow/example_dags/example_short_circuit_decorator.py
[2023-09-17T12:47:23.086+0000] {logging_mixin.py:151} INFO - [2023-09-17T12:47:23.085+0000] {dag.py:2915} INFO - Sync 1 DAGs
[2023-09-17T12:47:23.115+0000] {logging_mixin.py:151} INFO - [2023-09-17T12:47:23.114+0000] {dag.py:3696} INFO - Setting next_dagrun for example_short_circuit_decorator to 2023-09-16T12:47:23.114623+00:00, run_after=2023-09-17T12:47:23.114623+00:00
[2023-09-17T12:47:23.159+0000] {processor.py:179} INFO - Processing /home/airflow/.local/lib/python3.8/site-packages/airflow/example_dags/example_short_circuit_decorator.py took 0.123 seconds
[2023-09-17T12:47:53.359+0000] {processor.py:157} INFO - Started process (PID=839) to work on /home/airflow/.local/lib/python3.8/site-packages/airflow/example_dags/example_short_circuit_decorator.py
[2023-09-17T12:47:53.370+0000] {processor.py:829} INFO - Processing file /home/airflow/.local/lib/python3.8/site-packages/airflow/example_dags/example_short_circuit_decorator.py for tasks to queue
[2023-09-17T12:47:53.373+0000] {logging_mixin.py:151} INFO - [2023-09-17T12:47:53.372+0000] {dagbag.py:539} INFO - Filling up the DagBag from /home/airflow/.local/lib/python3.8/site-packages/airflow/example_dags/example_short_circuit_decorator.py
[2023-09-17T12:47:53.385+0000] {processor.py:839} INFO - DAG(s) dict_keys(['example_short_circuit_decorator']) retrieved from /home/airflow/.local/lib/python3.8/site-packages/airflow/example_dags/example_short_circuit_decorator.py
[2023-09-17T12:47:53.422+0000] {logging_mixin.py:151} INFO - [2023-09-17T12:47:53.421+0000] {dag.py:2915} INFO - Sync 1 DAGs
[2023-09-17T12:47:53.470+0000] {logging_mixin.py:151} INFO - [2023-09-17T12:47:53.470+0000] {dag.py:3696} INFO - Setting next_dagrun for example_short_circuit_decorator to 2023-09-16T12:47:53.469725+00:00, run_after=2023-09-17T12:47:53.469725+00:00
[2023-09-17T12:47:53.536+0000] {processor.py:179} INFO - Processing /home/airflow/.local/lib/python3.8/site-packages/airflow/example_dags/example_short_circuit_decorator.py took 0.182 seconds
[2023-09-17T12:48:23.793+0000] {processor.py:157} INFO - Started process (PID=894) to work on /home/airflow/.local/lib/python3.8/site-packages/airflow/example_dags/example_short_circuit_decorator.py
[2023-09-17T12:48:23.794+0000] {processor.py:829} INFO - Processing file /home/airflow/.local/lib/python3.8/site-packages/airflow/example_dags/example_short_circuit_decorator.py for tasks to queue
[2023-09-17T12:48:23.796+0000] {logging_mixin.py:151} INFO - [2023-09-17T12:48:23.796+0000] {dagbag.py:539} INFO - Filling up the DagBag from /home/airflow/.local/lib/python3.8/site-packages/airflow/example_dags/example_short_circuit_decorator.py
[2023-09-17T12:48:23.812+0000] {processor.py:839} INFO - DAG(s) dict_keys(['example_short_circuit_decorator']) retrieved from /home/airflow/.local/lib/python3.8/site-packages/airflow/example_dags/example_short_circuit_decorator.py
[2023-09-17T12:48:23.876+0000] {logging_mixin.py:151} INFO - [2023-09-17T12:48:23.876+0000] {dag.py:2915} INFO - Sync 1 DAGs
[2023-09-17T12:48:23.939+0000] {logging_mixin.py:151} INFO - [2023-09-17T12:48:23.939+0000] {dag.py:3696} INFO - Setting next_dagrun for example_short_circuit_decorator to 2023-09-16T12:48:23.939038+00:00, run_after=2023-09-17T12:48:23.939038+00:00
[2023-09-17T12:48:23.997+0000] {processor.py:179} INFO - Processing /home/airflow/.local/lib/python3.8/site-packages/airflow/example_dags/example_short_circuit_decorator.py took 0.212 seconds
[2023-09-17T12:48:54.113+0000] {processor.py:157} INFO - Started process (PID=950) to work on /home/airflow/.local/lib/python3.8/site-packages/airflow/example_dags/example_short_circuit_decorator.py
[2023-09-17T12:48:54.120+0000] {processor.py:829} INFO - Processing file /home/airflow/.local/lib/python3.8/site-packages/airflow/example_dags/example_short_circuit_decorator.py for tasks to queue
[2023-09-17T12:48:54.130+0000] {logging_mixin.py:151} INFO - [2023-09-17T12:48:54.129+0000] {dagbag.py:539} INFO - Filling up the DagBag from /home/airflow/.local/lib/python3.8/site-packages/airflow/example_dags/example_short_circuit_decorator.py
[2023-09-17T12:48:54.160+0000] {processor.py:839} INFO - DAG(s) dict_keys(['example_short_circuit_decorator']) retrieved from /home/airflow/.local/lib/python3.8/site-packages/airflow/example_dags/example_short_circuit_decorator.py
[2023-09-17T12:48:54.280+0000] {logging_mixin.py:151} INFO - [2023-09-17T12:48:54.279+0000] {dag.py:2915} INFO - Sync 1 DAGs
[2023-09-17T12:48:54.357+0000] {logging_mixin.py:151} INFO - [2023-09-17T12:48:54.356+0000] {dag.py:3696} INFO - Setting next_dagrun for example_short_circuit_decorator to 2023-09-16T12:48:54.356109+00:00, run_after=2023-09-17T12:48:54.356109+00:00
[2023-09-17T12:48:54.446+0000] {processor.py:179} INFO - Processing /home/airflow/.local/lib/python3.8/site-packages/airflow/example_dags/example_short_circuit_decorator.py took 0.343 seconds
[2023-09-17T12:49:24.731+0000] {processor.py:157} INFO - Started process (PID=1006) to work on /home/airflow/.local/lib/python3.8/site-packages/airflow/example_dags/example_short_circuit_decorator.py
[2023-09-17T12:49:24.732+0000] {processor.py:829} INFO - Processing file /home/airflow/.local/lib/python3.8/site-packages/airflow/example_dags/example_short_circuit_decorator.py for tasks to queue
[2023-09-17T12:49:24.736+0000] {logging_mixin.py:151} INFO - [2023-09-17T12:49:24.736+0000] {dagbag.py:539} INFO - Filling up the DagBag from /home/airflow/.local/lib/python3.8/site-packages/airflow/example_dags/example_short_circuit_decorator.py
[2023-09-17T12:49:24.748+0000] {processor.py:839} INFO - DAG(s) dict_keys(['example_short_circuit_decorator']) retrieved from /home/airflow/.local/lib/python3.8/site-packages/airflow/example_dags/example_short_circuit_decorator.py
[2023-09-17T12:49:24.804+0000] {logging_mixin.py:151} INFO - [2023-09-17T12:49:24.804+0000] {dag.py:2915} INFO - Sync 1 DAGs
[2023-09-17T12:49:24.837+0000] {logging_mixin.py:151} INFO - [2023-09-17T12:49:24.837+0000] {dag.py:3696} INFO - Setting next_dagrun for example_short_circuit_decorator to 2023-09-16T12:49:24.837136+00:00, run_after=2023-09-17T12:49:24.837136+00:00
[2023-09-17T12:49:24.892+0000] {processor.py:179} INFO - Processing /home/airflow/.local/lib/python3.8/site-packages/airflow/example_dags/example_short_circuit_decorator.py took 0.165 seconds
[2023-09-17T12:49:55.066+0000] {processor.py:157} INFO - Started process (PID=1060) to work on /home/airflow/.local/lib/python3.8/site-packages/airflow/example_dags/example_short_circuit_decorator.py
[2023-09-17T12:49:55.078+0000] {processor.py:829} INFO - Processing file /home/airflow/.local/lib/python3.8/site-packages/airflow/example_dags/example_short_circuit_decorator.py for tasks to queue
[2023-09-17T12:49:55.082+0000] {logging_mixin.py:151} INFO - [2023-09-17T12:49:55.082+0000] {dagbag.py:539} INFO - Filling up the DagBag from /home/airflow/.local/lib/python3.8/site-packages/airflow/example_dags/example_short_circuit_decorator.py
[2023-09-17T12:49:55.095+0000] {processor.py:839} INFO - DAG(s) dict_keys(['example_short_circuit_decorator']) retrieved from /home/airflow/.local/lib/python3.8/site-packages/airflow/example_dags/example_short_circuit_decorator.py
[2023-09-17T12:49:55.129+0000] {logging_mixin.py:151} INFO - [2023-09-17T12:49:55.128+0000] {dag.py:2915} INFO - Sync 1 DAGs
[2023-09-17T12:49:55.168+0000] {logging_mixin.py:151} INFO - [2023-09-17T12:49:55.168+0000] {dag.py:3696} INFO - Setting next_dagrun for example_short_circuit_decorator to 2023-09-16T12:49:55.167873+00:00, run_after=2023-09-17T12:49:55.167873+00:00
[2023-09-17T12:49:55.196+0000] {processor.py:179} INFO - Processing /home/airflow/.local/lib/python3.8/site-packages/airflow/example_dags/example_short_circuit_decorator.py took 0.135 seconds
[2023-09-17T12:50:25.600+0000] {processor.py:157} INFO - Started process (PID=1115) to work on /home/airflow/.local/lib/python3.8/site-packages/airflow/example_dags/example_short_circuit_decorator.py
[2023-09-17T12:50:25.601+0000] {processor.py:829} INFO - Processing file /home/airflow/.local/lib/python3.8/site-packages/airflow/example_dags/example_short_circuit_decorator.py for tasks to queue
[2023-09-17T12:50:25.604+0000] {logging_mixin.py:151} INFO - [2023-09-17T12:50:25.604+0000] {dagbag.py:539} INFO - Filling up the DagBag from /home/airflow/.local/lib/python3.8/site-packages/airflow/example_dags/example_short_circuit_decorator.py
[2023-09-17T12:50:25.623+0000] {processor.py:839} INFO - DAG(s) dict_keys(['example_short_circuit_decorator']) retrieved from /home/airflow/.local/lib/python3.8/site-packages/airflow/example_dags/example_short_circuit_decorator.py
[2023-09-17T12:50:25.664+0000] {logging_mixin.py:151} INFO - [2023-09-17T12:50:25.663+0000] {dag.py:2915} INFO - Sync 1 DAGs
[2023-09-17T12:50:25.702+0000] {logging_mixin.py:151} INFO - [2023-09-17T12:50:25.701+0000] {dag.py:3696} INFO - Setting next_dagrun for example_short_circuit_decorator to 2023-09-16T12:50:25.701640+00:00, run_after=2023-09-17T12:50:25.701640+00:00
[2023-09-17T12:50:25.744+0000] {processor.py:179} INFO - Processing /home/airflow/.local/lib/python3.8/site-packages/airflow/example_dags/example_short_circuit_decorator.py took 0.148 seconds
[2023-09-17T12:50:56.177+0000] {processor.py:157} INFO - Started process (PID=1170) to work on /home/airflow/.local/lib/python3.8/site-packages/airflow/example_dags/example_short_circuit_decorator.py
[2023-09-17T12:50:56.179+0000] {processor.py:829} INFO - Processing file /home/airflow/.local/lib/python3.8/site-packages/airflow/example_dags/example_short_circuit_decorator.py for tasks to queue
[2023-09-17T12:50:56.186+0000] {logging_mixin.py:151} INFO - [2023-09-17T12:50:56.186+0000] {dagbag.py:539} INFO - Filling up the DagBag from /home/airflow/.local/lib/python3.8/site-packages/airflow/example_dags/example_short_circuit_decorator.py
[2023-09-17T12:50:56.215+0000] {processor.py:839} INFO - DAG(s) dict_keys(['example_short_circuit_decorator']) retrieved from /home/airflow/.local/lib/python3.8/site-packages/airflow/example_dags/example_short_circuit_decorator.py
[2023-09-17T12:50:56.316+0000] {logging_mixin.py:151} INFO - [2023-09-17T12:50:56.315+0000] {dag.py:2915} INFO - Sync 1 DAGs
[2023-09-17T12:50:56.419+0000] {logging_mixin.py:151} INFO - [2023-09-17T12:50:56.418+0000] {dag.py:3696} INFO - Setting next_dagrun for example_short_circuit_decorator to 2023-09-16T12:50:56.417892+00:00, run_after=2023-09-17T12:50:56.417892+00:00
[2023-09-17T12:50:56.527+0000] {processor.py:179} INFO - Processing /home/airflow/.local/lib/python3.8/site-packages/airflow/example_dags/example_short_circuit_decorator.py took 0.363 seconds
[2023-09-17T12:51:26.780+0000] {processor.py:157} INFO - Started process (PID=1224) to work on /home/airflow/.local/lib/python3.8/site-packages/airflow/example_dags/example_short_circuit_decorator.py
[2023-09-17T12:51:26.782+0000] {processor.py:829} INFO - Processing file /home/airflow/.local/lib/python3.8/site-packages/airflow/example_dags/example_short_circuit_decorator.py for tasks to queue
[2023-09-17T12:51:26.786+0000] {logging_mixin.py:151} INFO - [2023-09-17T12:51:26.785+0000] {dagbag.py:539} INFO - Filling up the DagBag from /home/airflow/.local/lib/python3.8/site-packages/airflow/example_dags/example_short_circuit_decorator.py
[2023-09-17T12:51:26.804+0000] {processor.py:839} INFO - DAG(s) dict_keys(['example_short_circuit_decorator']) retrieved from /home/airflow/.local/lib/python3.8/site-packages/airflow/example_dags/example_short_circuit_decorator.py
[2023-09-17T12:51:26.860+0000] {logging_mixin.py:151} INFO - [2023-09-17T12:51:26.859+0000] {dag.py:2915} INFO - Sync 1 DAGs
[2023-09-17T12:51:26.902+0000] {logging_mixin.py:151} INFO - [2023-09-17T12:51:26.902+0000] {dag.py:3696} INFO - Setting next_dagrun for example_short_circuit_decorator to 2023-09-16T12:51:26.902254+00:00, run_after=2023-09-17T12:51:26.902254+00:00
[2023-09-17T12:51:26.963+0000] {processor.py:179} INFO - Processing /home/airflow/.local/lib/python3.8/site-packages/airflow/example_dags/example_short_circuit_decorator.py took 0.192 seconds
[2023-09-17T12:51:57.554+0000] {processor.py:157} INFO - Started process (PID=1278) to work on /home/airflow/.local/lib/python3.8/site-packages/airflow/example_dags/example_short_circuit_decorator.py
[2023-09-17T12:51:57.556+0000] {processor.py:829} INFO - Processing file /home/airflow/.local/lib/python3.8/site-packages/airflow/example_dags/example_short_circuit_decorator.py for tasks to queue
[2023-09-17T12:51:57.560+0000] {logging_mixin.py:151} INFO - [2023-09-17T12:51:57.560+0000] {dagbag.py:539} INFO - Filling up the DagBag from /home/airflow/.local/lib/python3.8/site-packages/airflow/example_dags/example_short_circuit_decorator.py
[2023-09-17T12:51:57.582+0000] {processor.py:839} INFO - DAG(s) dict_keys(['example_short_circuit_decorator']) retrieved from /home/airflow/.local/lib/python3.8/site-packages/airflow/example_dags/example_short_circuit_decorator.py
[2023-09-17T12:51:57.635+0000] {logging_mixin.py:151} INFO - [2023-09-17T12:51:57.635+0000] {dag.py:2915} INFO - Sync 1 DAGs
[2023-09-17T12:51:57.696+0000] {logging_mixin.py:151} INFO - [2023-09-17T12:51:57.695+0000] {dag.py:3696} INFO - Setting next_dagrun for example_short_circuit_decorator to 2023-09-16T12:51:57.695026+00:00, run_after=2023-09-17T12:51:57.695026+00:00
[2023-09-17T12:51:57.743+0000] {processor.py:179} INFO - Processing /home/airflow/.local/lib/python3.8/site-packages/airflow/example_dags/example_short_circuit_decorator.py took 0.202 seconds
[2023-09-17T12:52:28.612+0000] {processor.py:157} INFO - Started process (PID=1334) to work on /home/airflow/.local/lib/python3.8/site-packages/airflow/example_dags/example_short_circuit_decorator.py
[2023-09-17T12:52:28.614+0000] {processor.py:829} INFO - Processing file /home/airflow/.local/lib/python3.8/site-packages/airflow/example_dags/example_short_circuit_decorator.py for tasks to queue
[2023-09-17T12:52:28.624+0000] {logging_mixin.py:151} INFO - [2023-09-17T12:52:28.623+0000] {dagbag.py:539} INFO - Filling up the DagBag from /home/airflow/.local/lib/python3.8/site-packages/airflow/example_dags/example_short_circuit_decorator.py
[2023-09-17T12:52:28.651+0000] {processor.py:839} INFO - DAG(s) dict_keys(['example_short_circuit_decorator']) retrieved from /home/airflow/.local/lib/python3.8/site-packages/airflow/example_dags/example_short_circuit_decorator.py
[2023-09-17T12:52:28.737+0000] {logging_mixin.py:151} INFO - [2023-09-17T12:52:28.737+0000] {dag.py:2915} INFO - Sync 1 DAGs
[2023-09-17T12:52:28.819+0000] {logging_mixin.py:151} INFO - [2023-09-17T12:52:28.818+0000] {dag.py:3696} INFO - Setting next_dagrun for example_short_circuit_decorator to 2023-09-16T12:52:28.817464+00:00, run_after=2023-09-17T12:52:28.817464+00:00
[2023-09-17T12:52:28.866+0000] {processor.py:179} INFO - Processing /home/airflow/.local/lib/python3.8/site-packages/airflow/example_dags/example_short_circuit_decorator.py took 0.264 seconds
[2023-09-17T12:52:59.829+0000] {processor.py:157} INFO - Started process (PID=1389) to work on /home/airflow/.local/lib/python3.8/site-packages/airflow/example_dags/example_short_circuit_decorator.py
[2023-09-17T12:52:59.851+0000] {processor.py:829} INFO - Processing file /home/airflow/.local/lib/python3.8/site-packages/airflow/example_dags/example_short_circuit_decorator.py for tasks to queue
[2023-09-17T12:52:59.888+0000] {logging_mixin.py:151} INFO - [2023-09-17T12:52:59.886+0000] {dagbag.py:539} INFO - Filling up the DagBag from /home/airflow/.local/lib/python3.8/site-packages/airflow/example_dags/example_short_circuit_decorator.py
[2023-09-17T12:52:59.947+0000] {processor.py:839} INFO - DAG(s) dict_keys(['example_short_circuit_decorator']) retrieved from /home/airflow/.local/lib/python3.8/site-packages/airflow/example_dags/example_short_circuit_decorator.py
[2023-09-17T12:53:00.044+0000] {logging_mixin.py:151} INFO - [2023-09-17T12:53:00.044+0000] {dag.py:2915} INFO - Sync 1 DAGs
[2023-09-17T12:53:00.172+0000] {logging_mixin.py:151} INFO - [2023-09-17T12:53:00.167+0000] {dag.py:3696} INFO - Setting next_dagrun for example_short_circuit_decorator to 2023-09-16T12:53:00.166928+00:00, run_after=2023-09-17T12:53:00.166928+00:00
[2023-09-17T12:53:00.341+0000] {processor.py:179} INFO - Processing /home/airflow/.local/lib/python3.8/site-packages/airflow/example_dags/example_short_circuit_decorator.py took 0.520 seconds
