[2023-09-17T12:40:49.098+0000] {processor.py:157} INFO - Started process (PID=75) to work on /home/airflow/.local/lib/python3.8/site-packages/airflow/example_dags/example_trigger_controller_dag.py
[2023-09-17T12:40:49.098+0000] {processor.py:829} INFO - Processing file /home/airflow/.local/lib/python3.8/site-packages/airflow/example_dags/example_trigger_controller_dag.py for tasks to queue
[2023-09-17T12:40:49.101+0000] {logging_mixin.py:151} INFO - [2023-09-17T12:40:49.100+0000] {dagbag.py:539} INFO - Filling up the DagBag from /home/airflow/.local/lib/python3.8/site-packages/airflow/example_dags/example_trigger_controller_dag.py
[2023-09-17T12:40:49.109+0000] {processor.py:839} INFO - DAG(s) dict_keys(['example_trigger_controller_dag']) retrieved from /home/airflow/.local/lib/python3.8/site-packages/airflow/example_dags/example_trigger_controller_dag.py
[2023-09-17T12:40:49.518+0000] {logging_mixin.py:151} INFO - [2023-09-17T12:40:49.518+0000] {manager.py:499} INFO - Created Permission View: %s
[2023-09-17T12:40:49.593+0000] {logging_mixin.py:151} INFO - [2023-09-17T12:40:49.593+0000] {manager.py:499} INFO - Created Permission View: %s
[2023-09-17T12:40:49.618+0000] {logging_mixin.py:151} INFO - [2023-09-17T12:40:49.617+0000] {manager.py:499} INFO - Created Permission View: %s
[2023-09-17T12:40:49.618+0000] {logging_mixin.py:151} INFO - [2023-09-17T12:40:49.618+0000] {security.py:708} INFO - Not syncing DAG-level permissions for DAG 'DAG:example_trigger_controller_dag' as access control is unset.
[2023-09-17T12:40:49.618+0000] {logging_mixin.py:151} INFO - [2023-09-17T12:40:49.618+0000] {dag.py:2915} INFO - Sync 1 DAGs
[2023-09-17T12:40:49.642+0000] {logging_mixin.py:151} INFO - [2023-09-17T12:40:49.642+0000] {dag.py:2937} INFO - Creating ORM DAG for example_trigger_controller_dag
[2023-09-17T12:40:49.657+0000] {logging_mixin.py:151} INFO - [2023-09-17T12:40:49.657+0000] {dag.py:3696} INFO - Setting next_dagrun for example_trigger_controller_dag to 2021-01-01T00:00:00+00:00, run_after=2021-01-01T00:00:00+00:00
[2023-09-17T12:40:49.730+0000] {processor.py:179} INFO - Processing /home/airflow/.local/lib/python3.8/site-packages/airflow/example_dags/example_trigger_controller_dag.py took 0.636 seconds
[2023-09-17T12:41:20.988+0000] {processor.py:157} INFO - Started process (PID=130) to work on /home/airflow/.local/lib/python3.8/site-packages/airflow/example_dags/example_trigger_controller_dag.py
[2023-09-17T12:41:20.989+0000] {processor.py:829} INFO - Processing file /home/airflow/.local/lib/python3.8/site-packages/airflow/example_dags/example_trigger_controller_dag.py for tasks to queue
[2023-09-17T12:41:20.993+0000] {logging_mixin.py:151} INFO - [2023-09-17T12:41:20.992+0000] {dagbag.py:539} INFO - Filling up the DagBag from /home/airflow/.local/lib/python3.8/site-packages/airflow/example_dags/example_trigger_controller_dag.py
[2023-09-17T12:41:21.002+0000] {processor.py:839} INFO - DAG(s) dict_keys(['example_trigger_controller_dag']) retrieved from /home/airflow/.local/lib/python3.8/site-packages/airflow/example_dags/example_trigger_controller_dag.py
[2023-09-17T12:41:21.051+0000] {logging_mixin.py:151} INFO - [2023-09-17T12:41:21.051+0000] {dag.py:2915} INFO - Sync 1 DAGs
[2023-09-17T12:41:21.085+0000] {logging_mixin.py:151} INFO - [2023-09-17T12:41:21.085+0000] {dag.py:3696} INFO - Setting next_dagrun for example_trigger_controller_dag to 2021-01-01T00:00:00+00:00, run_after=2021-01-01T00:00:00+00:00
[2023-09-17T12:41:21.154+0000] {processor.py:179} INFO - Processing /home/airflow/.local/lib/python3.8/site-packages/airflow/example_dags/example_trigger_controller_dag.py took 0.172 seconds
[2023-09-17T12:41:52.218+0000] {processor.py:157} INFO - Started process (PID=185) to work on /home/airflow/.local/lib/python3.8/site-packages/airflow/example_dags/example_trigger_controller_dag.py
[2023-09-17T12:41:52.219+0000] {processor.py:829} INFO - Processing file /home/airflow/.local/lib/python3.8/site-packages/airflow/example_dags/example_trigger_controller_dag.py for tasks to queue
[2023-09-17T12:41:52.223+0000] {logging_mixin.py:151} INFO - [2023-09-17T12:41:52.222+0000] {dagbag.py:539} INFO - Filling up the DagBag from /home/airflow/.local/lib/python3.8/site-packages/airflow/example_dags/example_trigger_controller_dag.py
[2023-09-17T12:41:52.230+0000] {processor.py:839} INFO - DAG(s) dict_keys(['example_trigger_controller_dag']) retrieved from /home/airflow/.local/lib/python3.8/site-packages/airflow/example_dags/example_trigger_controller_dag.py
[2023-09-17T12:41:52.263+0000] {logging_mixin.py:151} INFO - [2023-09-17T12:41:52.262+0000] {dag.py:2915} INFO - Sync 1 DAGs
[2023-09-17T12:41:52.305+0000] {logging_mixin.py:151} INFO - [2023-09-17T12:41:52.305+0000] {dag.py:3696} INFO - Setting next_dagrun for example_trigger_controller_dag to 2021-01-01T00:00:00+00:00, run_after=2021-01-01T00:00:00+00:00
[2023-09-17T12:41:52.374+0000] {processor.py:179} INFO - Processing /home/airflow/.local/lib/python3.8/site-packages/airflow/example_dags/example_trigger_controller_dag.py took 0.162 seconds
[2023-09-17T12:42:22.458+0000] {processor.py:157} INFO - Started process (PID=240) to work on /home/airflow/.local/lib/python3.8/site-packages/airflow/example_dags/example_trigger_controller_dag.py
[2023-09-17T12:42:22.459+0000] {processor.py:829} INFO - Processing file /home/airflow/.local/lib/python3.8/site-packages/airflow/example_dags/example_trigger_controller_dag.py for tasks to queue
[2023-09-17T12:42:22.461+0000] {logging_mixin.py:151} INFO - [2023-09-17T12:42:22.461+0000] {dagbag.py:539} INFO - Filling up the DagBag from /home/airflow/.local/lib/python3.8/site-packages/airflow/example_dags/example_trigger_controller_dag.py
[2023-09-17T12:42:22.466+0000] {processor.py:839} INFO - DAG(s) dict_keys(['example_trigger_controller_dag']) retrieved from /home/airflow/.local/lib/python3.8/site-packages/airflow/example_dags/example_trigger_controller_dag.py
[2023-09-17T12:42:22.489+0000] {logging_mixin.py:151} INFO - [2023-09-17T12:42:22.488+0000] {dag.py:2915} INFO - Sync 1 DAGs
[2023-09-17T12:42:22.517+0000] {logging_mixin.py:151} INFO - [2023-09-17T12:42:22.517+0000] {dag.py:3696} INFO - Setting next_dagrun for example_trigger_controller_dag to 2021-01-01T00:00:00+00:00, run_after=2021-01-01T00:00:00+00:00
[2023-09-17T12:42:22.556+0000] {processor.py:179} INFO - Processing /home/airflow/.local/lib/python3.8/site-packages/airflow/example_dags/example_trigger_controller_dag.py took 0.103 seconds
[2023-09-17T12:42:52.898+0000] {processor.py:157} INFO - Started process (PID=295) to work on /home/airflow/.local/lib/python3.8/site-packages/airflow/example_dags/example_trigger_controller_dag.py
[2023-09-17T12:42:52.899+0000] {processor.py:829} INFO - Processing file /home/airflow/.local/lib/python3.8/site-packages/airflow/example_dags/example_trigger_controller_dag.py for tasks to queue
[2023-09-17T12:42:52.901+0000] {logging_mixin.py:151} INFO - [2023-09-17T12:42:52.901+0000] {dagbag.py:539} INFO - Filling up the DagBag from /home/airflow/.local/lib/python3.8/site-packages/airflow/example_dags/example_trigger_controller_dag.py
[2023-09-17T12:42:52.906+0000] {processor.py:839} INFO - DAG(s) dict_keys(['example_trigger_controller_dag']) retrieved from /home/airflow/.local/lib/python3.8/site-packages/airflow/example_dags/example_trigger_controller_dag.py
[2023-09-17T12:42:52.933+0000] {logging_mixin.py:151} INFO - [2023-09-17T12:42:52.932+0000] {dag.py:2915} INFO - Sync 1 DAGs
[2023-09-17T12:42:52.968+0000] {logging_mixin.py:151} INFO - [2023-09-17T12:42:52.968+0000] {dag.py:3696} INFO - Setting next_dagrun for example_trigger_controller_dag to 2021-01-01T00:00:00+00:00, run_after=2021-01-01T00:00:00+00:00
[2023-09-17T12:42:52.994+0000] {processor.py:179} INFO - Processing /home/airflow/.local/lib/python3.8/site-packages/airflow/example_dags/example_trigger_controller_dag.py took 0.100 seconds
[2023-09-17T12:43:23.950+0000] {processor.py:157} INFO - Started process (PID=350) to work on /home/airflow/.local/lib/python3.8/site-packages/airflow/example_dags/example_trigger_controller_dag.py
[2023-09-17T12:43:23.952+0000] {processor.py:829} INFO - Processing file /home/airflow/.local/lib/python3.8/site-packages/airflow/example_dags/example_trigger_controller_dag.py for tasks to queue
[2023-09-17T12:43:23.956+0000] {logging_mixin.py:151} INFO - [2023-09-17T12:43:23.955+0000] {dagbag.py:539} INFO - Filling up the DagBag from /home/airflow/.local/lib/python3.8/site-packages/airflow/example_dags/example_trigger_controller_dag.py
[2023-09-17T12:43:23.964+0000] {processor.py:839} INFO - DAG(s) dict_keys(['example_trigger_controller_dag']) retrieved from /home/airflow/.local/lib/python3.8/site-packages/airflow/example_dags/example_trigger_controller_dag.py
[2023-09-17T12:43:24.004+0000] {logging_mixin.py:151} INFO - [2023-09-17T12:43:24.004+0000] {dag.py:2915} INFO - Sync 1 DAGs
[2023-09-17T12:43:24.051+0000] {logging_mixin.py:151} INFO - [2023-09-17T12:43:24.051+0000] {dag.py:3696} INFO - Setting next_dagrun for example_trigger_controller_dag to 2021-01-01T00:00:00+00:00, run_after=2021-01-01T00:00:00+00:00
[2023-09-17T12:43:24.109+0000] {processor.py:179} INFO - Processing /home/airflow/.local/lib/python3.8/site-packages/airflow/example_dags/example_trigger_controller_dag.py took 0.165 seconds
[2023-09-17T12:43:55.041+0000] {processor.py:157} INFO - Started process (PID=405) to work on /home/airflow/.local/lib/python3.8/site-packages/airflow/example_dags/example_trigger_controller_dag.py
[2023-09-17T12:43:55.043+0000] {processor.py:829} INFO - Processing file /home/airflow/.local/lib/python3.8/site-packages/airflow/example_dags/example_trigger_controller_dag.py for tasks to queue
[2023-09-17T12:43:55.047+0000] {logging_mixin.py:151} INFO - [2023-09-17T12:43:55.046+0000] {dagbag.py:539} INFO - Filling up the DagBag from /home/airflow/.local/lib/python3.8/site-packages/airflow/example_dags/example_trigger_controller_dag.py
[2023-09-17T12:43:55.059+0000] {processor.py:839} INFO - DAG(s) dict_keys(['example_trigger_controller_dag']) retrieved from /home/airflow/.local/lib/python3.8/site-packages/airflow/example_dags/example_trigger_controller_dag.py
[2023-09-17T12:43:55.116+0000] {logging_mixin.py:151} INFO - [2023-09-17T12:43:55.115+0000] {dag.py:2915} INFO - Sync 1 DAGs
[2023-09-17T12:43:55.181+0000] {logging_mixin.py:151} INFO - [2023-09-17T12:43:55.181+0000] {dag.py:3696} INFO - Setting next_dagrun for example_trigger_controller_dag to 2021-01-01T00:00:00+00:00, run_after=2021-01-01T00:00:00+00:00
[2023-09-17T12:43:55.256+0000] {processor.py:179} INFO - Processing /home/airflow/.local/lib/python3.8/site-packages/airflow/example_dags/example_trigger_controller_dag.py took 0.221 seconds
[2023-09-17T12:44:25.811+0000] {processor.py:157} INFO - Started process (PID=461) to work on /home/airflow/.local/lib/python3.8/site-packages/airflow/example_dags/example_trigger_controller_dag.py
[2023-09-17T12:44:25.812+0000] {processor.py:829} INFO - Processing file /home/airflow/.local/lib/python3.8/site-packages/airflow/example_dags/example_trigger_controller_dag.py for tasks to queue
[2023-09-17T12:44:25.815+0000] {logging_mixin.py:151} INFO - [2023-09-17T12:44:25.814+0000] {dagbag.py:539} INFO - Filling up the DagBag from /home/airflow/.local/lib/python3.8/site-packages/airflow/example_dags/example_trigger_controller_dag.py
[2023-09-17T12:44:25.820+0000] {processor.py:839} INFO - DAG(s) dict_keys(['example_trigger_controller_dag']) retrieved from /home/airflow/.local/lib/python3.8/site-packages/airflow/example_dags/example_trigger_controller_dag.py
[2023-09-17T12:44:25.854+0000] {logging_mixin.py:151} INFO - [2023-09-17T12:44:25.853+0000] {dag.py:2915} INFO - Sync 1 DAGs
[2023-09-17T12:44:25.892+0000] {logging_mixin.py:151} INFO - [2023-09-17T12:44:25.892+0000] {dag.py:3696} INFO - Setting next_dagrun for example_trigger_controller_dag to 2021-01-01T00:00:00+00:00, run_after=2021-01-01T00:00:00+00:00
[2023-09-17T12:44:25.926+0000] {processor.py:179} INFO - Processing /home/airflow/.local/lib/python3.8/site-packages/airflow/example_dags/example_trigger_controller_dag.py took 0.119 seconds
[2023-09-17T12:44:56.602+0000] {processor.py:157} INFO - Started process (PID=516) to work on /home/airflow/.local/lib/python3.8/site-packages/airflow/example_dags/example_trigger_controller_dag.py
[2023-09-17T12:44:56.605+0000] {processor.py:829} INFO - Processing file /home/airflow/.local/lib/python3.8/site-packages/airflow/example_dags/example_trigger_controller_dag.py for tasks to queue
[2023-09-17T12:44:56.611+0000] {logging_mixin.py:151} INFO - [2023-09-17T12:44:56.611+0000] {dagbag.py:539} INFO - Filling up the DagBag from /home/airflow/.local/lib/python3.8/site-packages/airflow/example_dags/example_trigger_controller_dag.py
[2023-09-17T12:44:56.623+0000] {processor.py:839} INFO - DAG(s) dict_keys(['example_trigger_controller_dag']) retrieved from /home/airflow/.local/lib/python3.8/site-packages/airflow/example_dags/example_trigger_controller_dag.py
[2023-09-17T12:44:56.698+0000] {logging_mixin.py:151} INFO - [2023-09-17T12:44:56.697+0000] {dag.py:2915} INFO - Sync 1 DAGs
[2023-09-17T12:44:56.783+0000] {logging_mixin.py:151} INFO - [2023-09-17T12:44:56.783+0000] {dag.py:3696} INFO - Setting next_dagrun for example_trigger_controller_dag to 2021-01-01T00:00:00+00:00, run_after=2021-01-01T00:00:00+00:00
[2023-09-17T12:44:56.875+0000] {processor.py:179} INFO - Processing /home/airflow/.local/lib/python3.8/site-packages/airflow/example_dags/example_trigger_controller_dag.py took 0.280 seconds
[2023-09-17T12:45:26.958+0000] {processor.py:157} INFO - Started process (PID=572) to work on /home/airflow/.local/lib/python3.8/site-packages/airflow/example_dags/example_trigger_controller_dag.py
[2023-09-17T12:45:26.960+0000] {processor.py:829} INFO - Processing file /home/airflow/.local/lib/python3.8/site-packages/airflow/example_dags/example_trigger_controller_dag.py for tasks to queue
[2023-09-17T12:45:26.963+0000] {logging_mixin.py:151} INFO - [2023-09-17T12:45:26.963+0000] {dagbag.py:539} INFO - Filling up the DagBag from /home/airflow/.local/lib/python3.8/site-packages/airflow/example_dags/example_trigger_controller_dag.py
[2023-09-17T12:45:26.970+0000] {processor.py:839} INFO - DAG(s) dict_keys(['example_trigger_controller_dag']) retrieved from /home/airflow/.local/lib/python3.8/site-packages/airflow/example_dags/example_trigger_controller_dag.py
[2023-09-17T12:45:27.013+0000] {logging_mixin.py:151} INFO - [2023-09-17T12:45:27.013+0000] {dag.py:2915} INFO - Sync 1 DAGs
[2023-09-17T12:45:27.067+0000] {logging_mixin.py:151} INFO - [2023-09-17T12:45:27.066+0000] {dag.py:3696} INFO - Setting next_dagrun for example_trigger_controller_dag to 2021-01-01T00:00:00+00:00, run_after=2021-01-01T00:00:00+00:00
[2023-09-17T12:45:27.115+0000] {processor.py:179} INFO - Processing /home/airflow/.local/lib/python3.8/site-packages/airflow/example_dags/example_trigger_controller_dag.py took 0.174 seconds
[2023-09-17T12:45:57.846+0000] {processor.py:157} INFO - Started process (PID=627) to work on /home/airflow/.local/lib/python3.8/site-packages/airflow/example_dags/example_trigger_controller_dag.py
[2023-09-17T12:45:57.848+0000] {processor.py:829} INFO - Processing file /home/airflow/.local/lib/python3.8/site-packages/airflow/example_dags/example_trigger_controller_dag.py for tasks to queue
[2023-09-17T12:45:57.851+0000] {logging_mixin.py:151} INFO - [2023-09-17T12:45:57.851+0000] {dagbag.py:539} INFO - Filling up the DagBag from /home/airflow/.local/lib/python3.8/site-packages/airflow/example_dags/example_trigger_controller_dag.py
[2023-09-17T12:45:57.875+0000] {processor.py:839} INFO - DAG(s) dict_keys(['example_trigger_controller_dag']) retrieved from /home/airflow/.local/lib/python3.8/site-packages/airflow/example_dags/example_trigger_controller_dag.py
[2023-09-17T12:45:57.930+0000] {logging_mixin.py:151} INFO - [2023-09-17T12:45:57.930+0000] {dag.py:2915} INFO - Sync 1 DAGs
[2023-09-17T12:45:57.980+0000] {logging_mixin.py:151} INFO - [2023-09-17T12:45:57.980+0000] {dag.py:3696} INFO - Setting next_dagrun for example_trigger_controller_dag to 2021-01-01T00:00:00+00:00, run_after=2021-01-01T00:00:00+00:00
[2023-09-17T12:45:58.050+0000] {processor.py:179} INFO - Processing /home/airflow/.local/lib/python3.8/site-packages/airflow/example_dags/example_trigger_controller_dag.py took 0.242 seconds
[2023-09-17T12:46:28.652+0000] {processor.py:157} INFO - Started process (PID=681) to work on /home/airflow/.local/lib/python3.8/site-packages/airflow/example_dags/example_trigger_controller_dag.py
[2023-09-17T12:46:28.653+0000] {processor.py:829} INFO - Processing file /home/airflow/.local/lib/python3.8/site-packages/airflow/example_dags/example_trigger_controller_dag.py for tasks to queue
[2023-09-17T12:46:28.656+0000] {logging_mixin.py:151} INFO - [2023-09-17T12:46:28.655+0000] {dagbag.py:539} INFO - Filling up the DagBag from /home/airflow/.local/lib/python3.8/site-packages/airflow/example_dags/example_trigger_controller_dag.py
[2023-09-17T12:46:28.661+0000] {processor.py:839} INFO - DAG(s) dict_keys(['example_trigger_controller_dag']) retrieved from /home/airflow/.local/lib/python3.8/site-packages/airflow/example_dags/example_trigger_controller_dag.py
[2023-09-17T12:46:28.684+0000] {logging_mixin.py:151} INFO - [2023-09-17T12:46:28.683+0000] {dag.py:2915} INFO - Sync 1 DAGs
[2023-09-17T12:46:28.711+0000] {logging_mixin.py:151} INFO - [2023-09-17T12:46:28.711+0000] {dag.py:3696} INFO - Setting next_dagrun for example_trigger_controller_dag to 2021-01-01T00:00:00+00:00, run_after=2021-01-01T00:00:00+00:00
[2023-09-17T12:46:28.749+0000] {processor.py:179} INFO - Processing /home/airflow/.local/lib/python3.8/site-packages/airflow/example_dags/example_trigger_controller_dag.py took 0.101 seconds
[2023-09-17T12:46:59.085+0000] {processor.py:157} INFO - Started process (PID=737) to work on /home/airflow/.local/lib/python3.8/site-packages/airflow/example_dags/example_trigger_controller_dag.py
[2023-09-17T12:46:59.086+0000] {processor.py:829} INFO - Processing file /home/airflow/.local/lib/python3.8/site-packages/airflow/example_dags/example_trigger_controller_dag.py for tasks to queue
[2023-09-17T12:46:59.089+0000] {logging_mixin.py:151} INFO - [2023-09-17T12:46:59.089+0000] {dagbag.py:539} INFO - Filling up the DagBag from /home/airflow/.local/lib/python3.8/site-packages/airflow/example_dags/example_trigger_controller_dag.py
[2023-09-17T12:46:59.097+0000] {processor.py:839} INFO - DAG(s) dict_keys(['example_trigger_controller_dag']) retrieved from /home/airflow/.local/lib/python3.8/site-packages/airflow/example_dags/example_trigger_controller_dag.py
[2023-09-17T12:46:59.141+0000] {logging_mixin.py:151} INFO - [2023-09-17T12:46:59.141+0000] {dag.py:2915} INFO - Sync 1 DAGs
[2023-09-17T12:46:59.191+0000] {logging_mixin.py:151} INFO - [2023-09-17T12:46:59.190+0000] {dag.py:3696} INFO - Setting next_dagrun for example_trigger_controller_dag to 2021-01-01T00:00:00+00:00, run_after=2021-01-01T00:00:00+00:00
[2023-09-17T12:46:59.234+0000] {processor.py:179} INFO - Processing /home/airflow/.local/lib/python3.8/site-packages/airflow/example_dags/example_trigger_controller_dag.py took 0.155 seconds
[2023-09-17T12:47:29.925+0000] {processor.py:157} INFO - Started process (PID=793) to work on /home/airflow/.local/lib/python3.8/site-packages/airflow/example_dags/example_trigger_controller_dag.py
[2023-09-17T12:47:29.940+0000] {processor.py:829} INFO - Processing file /home/airflow/.local/lib/python3.8/site-packages/airflow/example_dags/example_trigger_controller_dag.py for tasks to queue
[2023-09-17T12:47:29.942+0000] {logging_mixin.py:151} INFO - [2023-09-17T12:47:29.942+0000] {dagbag.py:539} INFO - Filling up the DagBag from /home/airflow/.local/lib/python3.8/site-packages/airflow/example_dags/example_trigger_controller_dag.py
[2023-09-17T12:47:29.947+0000] {processor.py:839} INFO - DAG(s) dict_keys(['example_trigger_controller_dag']) retrieved from /home/airflow/.local/lib/python3.8/site-packages/airflow/example_dags/example_trigger_controller_dag.py
[2023-09-17T12:47:29.976+0000] {logging_mixin.py:151} INFO - [2023-09-17T12:47:29.976+0000] {dag.py:2915} INFO - Sync 1 DAGs
[2023-09-17T12:47:30.011+0000] {logging_mixin.py:151} INFO - [2023-09-17T12:47:30.011+0000] {dag.py:3696} INFO - Setting next_dagrun for example_trigger_controller_dag to 2021-01-01T00:00:00+00:00, run_after=2021-01-01T00:00:00+00:00
[2023-09-17T12:47:30.051+0000] {processor.py:179} INFO - Processing /home/airflow/.local/lib/python3.8/site-packages/airflow/example_dags/example_trigger_controller_dag.py took 0.130 seconds
[2023-09-17T12:48:00.073+0000] {processor.py:157} INFO - Started process (PID=848) to work on /home/airflow/.local/lib/python3.8/site-packages/airflow/example_dags/example_trigger_controller_dag.py
[2023-09-17T12:48:00.074+0000] {processor.py:829} INFO - Processing file /home/airflow/.local/lib/python3.8/site-packages/airflow/example_dags/example_trigger_controller_dag.py for tasks to queue
[2023-09-17T12:48:00.076+0000] {logging_mixin.py:151} INFO - [2023-09-17T12:48:00.076+0000] {dagbag.py:539} INFO - Filling up the DagBag from /home/airflow/.local/lib/python3.8/site-packages/airflow/example_dags/example_trigger_controller_dag.py
[2023-09-17T12:48:00.081+0000] {processor.py:839} INFO - DAG(s) dict_keys(['example_trigger_controller_dag']) retrieved from /home/airflow/.local/lib/python3.8/site-packages/airflow/example_dags/example_trigger_controller_dag.py
[2023-09-17T12:48:00.104+0000] {logging_mixin.py:151} INFO - [2023-09-17T12:48:00.104+0000] {dag.py:2915} INFO - Sync 1 DAGs
[2023-09-17T12:48:00.139+0000] {logging_mixin.py:151} INFO - [2023-09-17T12:48:00.139+0000] {dag.py:3696} INFO - Setting next_dagrun for example_trigger_controller_dag to 2021-01-01T00:00:00+00:00, run_after=2021-01-01T00:00:00+00:00
[2023-09-17T12:48:00.191+0000] {processor.py:179} INFO - Processing /home/airflow/.local/lib/python3.8/site-packages/airflow/example_dags/example_trigger_controller_dag.py took 0.122 seconds
[2023-09-17T12:48:31.689+0000] {processor.py:157} INFO - Started process (PID=903) to work on /home/airflow/.local/lib/python3.8/site-packages/airflow/example_dags/example_trigger_controller_dag.py
[2023-09-17T12:48:31.690+0000] {processor.py:829} INFO - Processing file /home/airflow/.local/lib/python3.8/site-packages/airflow/example_dags/example_trigger_controller_dag.py for tasks to queue
[2023-09-17T12:48:31.694+0000] {logging_mixin.py:151} INFO - [2023-09-17T12:48:31.693+0000] {dagbag.py:539} INFO - Filling up the DagBag from /home/airflow/.local/lib/python3.8/site-packages/airflow/example_dags/example_trigger_controller_dag.py
[2023-09-17T12:48:31.702+0000] {processor.py:839} INFO - DAG(s) dict_keys(['example_trigger_controller_dag']) retrieved from /home/airflow/.local/lib/python3.8/site-packages/airflow/example_dags/example_trigger_controller_dag.py
[2023-09-17T12:48:31.743+0000] {logging_mixin.py:151} INFO - [2023-09-17T12:48:31.743+0000] {dag.py:2915} INFO - Sync 1 DAGs
[2023-09-17T12:48:31.790+0000] {logging_mixin.py:151} INFO - [2023-09-17T12:48:31.789+0000] {dag.py:3696} INFO - Setting next_dagrun for example_trigger_controller_dag to 2021-01-01T00:00:00+00:00, run_after=2021-01-01T00:00:00+00:00
[2023-09-17T12:48:31.833+0000] {processor.py:179} INFO - Processing /home/airflow/.local/lib/python3.8/site-packages/airflow/example_dags/example_trigger_controller_dag.py took 0.148 seconds
[2023-09-17T12:49:02.000+0000] {processor.py:157} INFO - Started process (PID=959) to work on /home/airflow/.local/lib/python3.8/site-packages/airflow/example_dags/example_trigger_controller_dag.py
[2023-09-17T12:49:02.001+0000] {processor.py:829} INFO - Processing file /home/airflow/.local/lib/python3.8/site-packages/airflow/example_dags/example_trigger_controller_dag.py for tasks to queue
[2023-09-17T12:49:02.005+0000] {logging_mixin.py:151} INFO - [2023-09-17T12:49:02.005+0000] {dagbag.py:539} INFO - Filling up the DagBag from /home/airflow/.local/lib/python3.8/site-packages/airflow/example_dags/example_trigger_controller_dag.py
[2023-09-17T12:49:02.011+0000] {processor.py:839} INFO - DAG(s) dict_keys(['example_trigger_controller_dag']) retrieved from /home/airflow/.local/lib/python3.8/site-packages/airflow/example_dags/example_trigger_controller_dag.py
[2023-09-17T12:49:02.049+0000] {logging_mixin.py:151} INFO - [2023-09-17T12:49:02.048+0000] {dag.py:2915} INFO - Sync 1 DAGs
[2023-09-17T12:49:02.099+0000] {logging_mixin.py:151} INFO - [2023-09-17T12:49:02.099+0000] {dag.py:3696} INFO - Setting next_dagrun for example_trigger_controller_dag to 2021-01-01T00:00:00+00:00, run_after=2021-01-01T00:00:00+00:00
[2023-09-17T12:49:02.143+0000] {processor.py:179} INFO - Processing /home/airflow/.local/lib/python3.8/site-packages/airflow/example_dags/example_trigger_controller_dag.py took 0.148 seconds
[2023-09-17T12:49:32.746+0000] {processor.py:157} INFO - Started process (PID=1014) to work on /home/airflow/.local/lib/python3.8/site-packages/airflow/example_dags/example_trigger_controller_dag.py
[2023-09-17T12:49:32.748+0000] {processor.py:829} INFO - Processing file /home/airflow/.local/lib/python3.8/site-packages/airflow/example_dags/example_trigger_controller_dag.py for tasks to queue
[2023-09-17T12:49:32.757+0000] {logging_mixin.py:151} INFO - [2023-09-17T12:49:32.756+0000] {dagbag.py:539} INFO - Filling up the DagBag from /home/airflow/.local/lib/python3.8/site-packages/airflow/example_dags/example_trigger_controller_dag.py
[2023-09-17T12:49:32.765+0000] {processor.py:839} INFO - DAG(s) dict_keys(['example_trigger_controller_dag']) retrieved from /home/airflow/.local/lib/python3.8/site-packages/airflow/example_dags/example_trigger_controller_dag.py
[2023-09-17T12:49:32.800+0000] {logging_mixin.py:151} INFO - [2023-09-17T12:49:32.800+0000] {dag.py:2915} INFO - Sync 1 DAGs
[2023-09-17T12:49:32.850+0000] {logging_mixin.py:151} INFO - [2023-09-17T12:49:32.849+0000] {dag.py:3696} INFO - Setting next_dagrun for example_trigger_controller_dag to 2021-01-01T00:00:00+00:00, run_after=2021-01-01T00:00:00+00:00
[2023-09-17T12:49:32.896+0000] {processor.py:179} INFO - Processing /home/airflow/.local/lib/python3.8/site-packages/airflow/example_dags/example_trigger_controller_dag.py took 0.158 seconds
[2023-09-17T12:50:03.161+0000] {processor.py:157} INFO - Started process (PID=1068) to work on /home/airflow/.local/lib/python3.8/site-packages/airflow/example_dags/example_trigger_controller_dag.py
[2023-09-17T12:50:03.162+0000] {processor.py:829} INFO - Processing file /home/airflow/.local/lib/python3.8/site-packages/airflow/example_dags/example_trigger_controller_dag.py for tasks to queue
[2023-09-17T12:50:03.169+0000] {logging_mixin.py:151} INFO - [2023-09-17T12:50:03.168+0000] {dagbag.py:539} INFO - Filling up the DagBag from /home/airflow/.local/lib/python3.8/site-packages/airflow/example_dags/example_trigger_controller_dag.py
[2023-09-17T12:50:03.175+0000] {processor.py:839} INFO - DAG(s) dict_keys(['example_trigger_controller_dag']) retrieved from /home/airflow/.local/lib/python3.8/site-packages/airflow/example_dags/example_trigger_controller_dag.py
[2023-09-17T12:50:03.212+0000] {logging_mixin.py:151} INFO - [2023-09-17T12:50:03.211+0000] {dag.py:2915} INFO - Sync 1 DAGs
[2023-09-17T12:50:03.267+0000] {logging_mixin.py:151} INFO - [2023-09-17T12:50:03.266+0000] {dag.py:3696} INFO - Setting next_dagrun for example_trigger_controller_dag to 2021-01-01T00:00:00+00:00, run_after=2021-01-01T00:00:00+00:00
[2023-09-17T12:50:03.338+0000] {processor.py:179} INFO - Processing /home/airflow/.local/lib/python3.8/site-packages/airflow/example_dags/example_trigger_controller_dag.py took 0.183 seconds
[2023-09-17T12:50:33.852+0000] {processor.py:157} INFO - Started process (PID=1123) to work on /home/airflow/.local/lib/python3.8/site-packages/airflow/example_dags/example_trigger_controller_dag.py
[2023-09-17T12:50:33.865+0000] {processor.py:829} INFO - Processing file /home/airflow/.local/lib/python3.8/site-packages/airflow/example_dags/example_trigger_controller_dag.py for tasks to queue
[2023-09-17T12:50:33.879+0000] {logging_mixin.py:151} INFO - [2023-09-17T12:50:33.877+0000] {dagbag.py:539} INFO - Filling up the DagBag from /home/airflow/.local/lib/python3.8/site-packages/airflow/example_dags/example_trigger_controller_dag.py
[2023-09-17T12:50:33.902+0000] {processor.py:839} INFO - DAG(s) dict_keys(['example_trigger_controller_dag']) retrieved from /home/airflow/.local/lib/python3.8/site-packages/airflow/example_dags/example_trigger_controller_dag.py
[2023-09-17T12:50:34.085+0000] {logging_mixin.py:151} INFO - [2023-09-17T12:50:34.085+0000] {dag.py:2915} INFO - Sync 1 DAGs
[2023-09-17T12:50:34.178+0000] {logging_mixin.py:151} INFO - [2023-09-17T12:50:34.177+0000] {dag.py:3696} INFO - Setting next_dagrun for example_trigger_controller_dag to 2021-01-01T00:00:00+00:00, run_after=2021-01-01T00:00:00+00:00
[2023-09-17T12:50:34.400+0000] {processor.py:179} INFO - Processing /home/airflow/.local/lib/python3.8/site-packages/airflow/example_dags/example_trigger_controller_dag.py took 0.558 seconds
[2023-09-17T12:51:04.925+0000] {processor.py:157} INFO - Started process (PID=1178) to work on /home/airflow/.local/lib/python3.8/site-packages/airflow/example_dags/example_trigger_controller_dag.py
[2023-09-17T12:51:04.926+0000] {processor.py:829} INFO - Processing file /home/airflow/.local/lib/python3.8/site-packages/airflow/example_dags/example_trigger_controller_dag.py for tasks to queue
[2023-09-17T12:51:04.929+0000] {logging_mixin.py:151} INFO - [2023-09-17T12:51:04.928+0000] {dagbag.py:539} INFO - Filling up the DagBag from /home/airflow/.local/lib/python3.8/site-packages/airflow/example_dags/example_trigger_controller_dag.py
[2023-09-17T12:51:04.936+0000] {processor.py:839} INFO - DAG(s) dict_keys(['example_trigger_controller_dag']) retrieved from /home/airflow/.local/lib/python3.8/site-packages/airflow/example_dags/example_trigger_controller_dag.py
[2023-09-17T12:51:04.964+0000] {logging_mixin.py:151} INFO - [2023-09-17T12:51:04.964+0000] {dag.py:2915} INFO - Sync 1 DAGs
[2023-09-17T12:51:05.002+0000] {logging_mixin.py:151} INFO - [2023-09-17T12:51:05.002+0000] {dag.py:3696} INFO - Setting next_dagrun for example_trigger_controller_dag to 2021-01-01T00:00:00+00:00, run_after=2021-01-01T00:00:00+00:00
[2023-09-17T12:51:05.055+0000] {processor.py:179} INFO - Processing /home/airflow/.local/lib/python3.8/site-packages/airflow/example_dags/example_trigger_controller_dag.py took 0.133 seconds
[2023-09-17T12:51:35.632+0000] {processor.py:157} INFO - Started process (PID=1232) to work on /home/airflow/.local/lib/python3.8/site-packages/airflow/example_dags/example_trigger_controller_dag.py
[2023-09-17T12:51:35.645+0000] {processor.py:829} INFO - Processing file /home/airflow/.local/lib/python3.8/site-packages/airflow/example_dags/example_trigger_controller_dag.py for tasks to queue
[2023-09-17T12:51:35.648+0000] {logging_mixin.py:151} INFO - [2023-09-17T12:51:35.648+0000] {dagbag.py:539} INFO - Filling up the DagBag from /home/airflow/.local/lib/python3.8/site-packages/airflow/example_dags/example_trigger_controller_dag.py
[2023-09-17T12:51:35.659+0000] {processor.py:839} INFO - DAG(s) dict_keys(['example_trigger_controller_dag']) retrieved from /home/airflow/.local/lib/python3.8/site-packages/airflow/example_dags/example_trigger_controller_dag.py
[2023-09-17T12:51:35.702+0000] {logging_mixin.py:151} INFO - [2023-09-17T12:51:35.702+0000] {dag.py:2915} INFO - Sync 1 DAGs
[2023-09-17T12:51:35.756+0000] {logging_mixin.py:151} INFO - [2023-09-17T12:51:35.755+0000] {dag.py:3696} INFO - Setting next_dagrun for example_trigger_controller_dag to 2021-01-01T00:00:00+00:00, run_after=2021-01-01T00:00:00+00:00
[2023-09-17T12:51:35.816+0000] {processor.py:179} INFO - Processing /home/airflow/.local/lib/python3.8/site-packages/airflow/example_dags/example_trigger_controller_dag.py took 0.190 seconds
[2023-09-17T12:52:06.230+0000] {processor.py:157} INFO - Started process (PID=1286) to work on /home/airflow/.local/lib/python3.8/site-packages/airflow/example_dags/example_trigger_controller_dag.py
[2023-09-17T12:52:06.241+0000] {processor.py:829} INFO - Processing file /home/airflow/.local/lib/python3.8/site-packages/airflow/example_dags/example_trigger_controller_dag.py for tasks to queue
[2023-09-17T12:52:06.245+0000] {logging_mixin.py:151} INFO - [2023-09-17T12:52:06.244+0000] {dagbag.py:539} INFO - Filling up the DagBag from /home/airflow/.local/lib/python3.8/site-packages/airflow/example_dags/example_trigger_controller_dag.py
[2023-09-17T12:52:06.255+0000] {processor.py:839} INFO - DAG(s) dict_keys(['example_trigger_controller_dag']) retrieved from /home/airflow/.local/lib/python3.8/site-packages/airflow/example_dags/example_trigger_controller_dag.py
[2023-09-17T12:52:06.307+0000] {logging_mixin.py:151} INFO - [2023-09-17T12:52:06.306+0000] {dag.py:2915} INFO - Sync 1 DAGs
[2023-09-17T12:52:06.366+0000] {logging_mixin.py:151} INFO - [2023-09-17T12:52:06.366+0000] {dag.py:3696} INFO - Setting next_dagrun for example_trigger_controller_dag to 2021-01-01T00:00:00+00:00, run_after=2021-01-01T00:00:00+00:00
[2023-09-17T12:52:06.426+0000] {processor.py:179} INFO - Processing /home/airflow/.local/lib/python3.8/site-packages/airflow/example_dags/example_trigger_controller_dag.py took 0.204 seconds
[2023-09-17T12:52:36.539+0000] {processor.py:157} INFO - Started process (PID=1342) to work on /home/airflow/.local/lib/python3.8/site-packages/airflow/example_dags/example_trigger_controller_dag.py
[2023-09-17T12:52:36.540+0000] {processor.py:829} INFO - Processing file /home/airflow/.local/lib/python3.8/site-packages/airflow/example_dags/example_trigger_controller_dag.py for tasks to queue
[2023-09-17T12:52:36.543+0000] {logging_mixin.py:151} INFO - [2023-09-17T12:52:36.542+0000] {dagbag.py:539} INFO - Filling up the DagBag from /home/airflow/.local/lib/python3.8/site-packages/airflow/example_dags/example_trigger_controller_dag.py
[2023-09-17T12:52:36.551+0000] {processor.py:839} INFO - DAG(s) dict_keys(['example_trigger_controller_dag']) retrieved from /home/airflow/.local/lib/python3.8/site-packages/airflow/example_dags/example_trigger_controller_dag.py
[2023-09-17T12:52:36.587+0000] {logging_mixin.py:151} INFO - [2023-09-17T12:52:36.587+0000] {dag.py:2915} INFO - Sync 1 DAGs
[2023-09-17T12:52:36.632+0000] {logging_mixin.py:151} INFO - [2023-09-17T12:52:36.631+0000] {dag.py:3696} INFO - Setting next_dagrun for example_trigger_controller_dag to 2021-01-01T00:00:00+00:00, run_after=2021-01-01T00:00:00+00:00
[2023-09-17T12:52:36.673+0000] {processor.py:179} INFO - Processing /home/airflow/.local/lib/python3.8/site-packages/airflow/example_dags/example_trigger_controller_dag.py took 0.138 seconds
[2023-09-17T12:53:07.007+0000] {processor.py:157} INFO - Started process (PID=1397) to work on /home/airflow/.local/lib/python3.8/site-packages/airflow/example_dags/example_trigger_controller_dag.py
[2023-09-17T12:53:07.022+0000] {processor.py:829} INFO - Processing file /home/airflow/.local/lib/python3.8/site-packages/airflow/example_dags/example_trigger_controller_dag.py for tasks to queue
[2023-09-17T12:53:07.025+0000] {logging_mixin.py:151} INFO - [2023-09-17T12:53:07.025+0000] {dagbag.py:539} INFO - Filling up the DagBag from /home/airflow/.local/lib/python3.8/site-packages/airflow/example_dags/example_trigger_controller_dag.py
[2023-09-17T12:53:07.045+0000] {processor.py:839} INFO - DAG(s) dict_keys(['example_trigger_controller_dag']) retrieved from /home/airflow/.local/lib/python3.8/site-packages/airflow/example_dags/example_trigger_controller_dag.py
[2023-09-17T12:53:07.190+0000] {logging_mixin.py:151} INFO - [2023-09-17T12:53:07.189+0000] {dag.py:2915} INFO - Sync 1 DAGs
[2023-09-17T12:53:07.410+0000] {logging_mixin.py:151} INFO - [2023-09-17T12:53:07.409+0000] {dag.py:3696} INFO - Setting next_dagrun for example_trigger_controller_dag to 2021-01-01T00:00:00+00:00, run_after=2021-01-01T00:00:00+00:00
[2023-09-17T12:53:07.541+0000] {processor.py:179} INFO - Processing /home/airflow/.local/lib/python3.8/site-packages/airflow/example_dags/example_trigger_controller_dag.py took 0.568 seconds
