[2023-09-17T12:40:43.823+0000] {processor.py:157} INFO - Started process (PID=67) to work on /home/airflow/.local/lib/python3.8/site-packages/airflow/example_dags/example_sensors.py
[2023-09-17T12:40:43.824+0000] {processor.py:829} INFO - Processing file /home/airflow/.local/lib/python3.8/site-packages/airflow/example_dags/example_sensors.py for tasks to queue
[2023-09-17T12:40:43.827+0000] {logging_mixin.py:151} INFO - [2023-09-17T12:40:43.827+0000] {dagbag.py:539} INFO - Filling up the DagBag from /home/airflow/.local/lib/python3.8/site-packages/airflow/example_dags/example_sensors.py
[2023-09-17T12:40:43.843+0000] {processor.py:839} INFO - DAG(s) dict_keys(['example_sensors']) retrieved from /home/airflow/.local/lib/python3.8/site-packages/airflow/example_dags/example_sensors.py
[2023-09-17T12:40:44.148+0000] {logging_mixin.py:151} INFO - [2023-09-17T12:40:44.148+0000] {manager.py:499} INFO - Created Permission View: %s
[2023-09-17T12:40:44.293+0000] {logging_mixin.py:151} INFO - [2023-09-17T12:40:44.292+0000] {manager.py:499} INFO - Created Permission View: %s
[2023-09-17T12:40:44.409+0000] {logging_mixin.py:151} INFO - [2023-09-17T12:40:44.409+0000] {manager.py:499} INFO - Created Permission View: %s
[2023-09-17T12:40:44.410+0000] {logging_mixin.py:151} INFO - [2023-09-17T12:40:44.410+0000] {security.py:708} INFO - Not syncing DAG-level permissions for DAG 'DAG:example_sensors' as access control is unset.
[2023-09-17T12:40:44.411+0000] {logging_mixin.py:151} INFO - [2023-09-17T12:40:44.410+0000] {dag.py:2915} INFO - Sync 1 DAGs
[2023-09-17T12:40:44.449+0000] {logging_mixin.py:151} INFO - [2023-09-17T12:40:44.448+0000] {dag.py:2937} INFO - Creating ORM DAG for example_sensors
[2023-09-17T12:40:44.450+0000] {logging_mixin.py:151} INFO - [2023-09-17T12:40:44.450+0000] {dag.py:3696} INFO - Setting next_dagrun for example_sensors to None, run_after=None
[2023-09-17T12:40:44.551+0000] {processor.py:179} INFO - Processing /home/airflow/.local/lib/python3.8/site-packages/airflow/example_dags/example_sensors.py took 0.732 seconds
[2023-09-17T12:41:14.918+0000] {processor.py:157} INFO - Started process (PID=122) to work on /home/airflow/.local/lib/python3.8/site-packages/airflow/example_dags/example_sensors.py
[2023-09-17T12:41:14.975+0000] {processor.py:829} INFO - Processing file /home/airflow/.local/lib/python3.8/site-packages/airflow/example_dags/example_sensors.py for tasks to queue
[2023-09-17T12:41:14.978+0000] {logging_mixin.py:151} INFO - [2023-09-17T12:41:14.978+0000] {dagbag.py:539} INFO - Filling up the DagBag from /home/airflow/.local/lib/python3.8/site-packages/airflow/example_dags/example_sensors.py
[2023-09-17T12:41:14.991+0000] {processor.py:839} INFO - DAG(s) dict_keys(['example_sensors']) retrieved from /home/airflow/.local/lib/python3.8/site-packages/airflow/example_dags/example_sensors.py
[2023-09-17T12:41:15.050+0000] {logging_mixin.py:151} INFO - [2023-09-17T12:41:15.050+0000] {dag.py:2915} INFO - Sync 1 DAGs
[2023-09-17T12:41:15.084+0000] {logging_mixin.py:151} INFO - [2023-09-17T12:41:15.084+0000] {dag.py:3696} INFO - Setting next_dagrun for example_sensors to None, run_after=None
[2023-09-17T12:41:15.345+0000] {processor.py:179} INFO - Processing /home/airflow/.local/lib/python3.8/site-packages/airflow/example_dags/example_sensors.py took 0.432 seconds
[2023-09-17T12:41:45.632+0000] {processor.py:157} INFO - Started process (PID=177) to work on /home/airflow/.local/lib/python3.8/site-packages/airflow/example_dags/example_sensors.py
[2023-09-17T12:41:45.660+0000] {processor.py:829} INFO - Processing file /home/airflow/.local/lib/python3.8/site-packages/airflow/example_dags/example_sensors.py for tasks to queue
[2023-09-17T12:41:45.664+0000] {logging_mixin.py:151} INFO - [2023-09-17T12:41:45.664+0000] {dagbag.py:539} INFO - Filling up the DagBag from /home/airflow/.local/lib/python3.8/site-packages/airflow/example_dags/example_sensors.py
[2023-09-17T12:41:45.694+0000] {processor.py:839} INFO - DAG(s) dict_keys(['example_sensors']) retrieved from /home/airflow/.local/lib/python3.8/site-packages/airflow/example_dags/example_sensors.py
[2023-09-17T12:41:45.770+0000] {logging_mixin.py:151} INFO - [2023-09-17T12:41:45.769+0000] {dag.py:2915} INFO - Sync 1 DAGs
[2023-09-17T12:41:45.804+0000] {logging_mixin.py:151} INFO - [2023-09-17T12:41:45.804+0000] {dag.py:3696} INFO - Setting next_dagrun for example_sensors to None, run_after=None
[2023-09-17T12:41:45.953+0000] {processor.py:179} INFO - Processing /home/airflow/.local/lib/python3.8/site-packages/airflow/example_dags/example_sensors.py took 0.326 seconds
[2023-09-17T12:42:16.685+0000] {processor.py:157} INFO - Started process (PID=232) to work on /home/airflow/.local/lib/python3.8/site-packages/airflow/example_dags/example_sensors.py
[2023-09-17T12:42:16.687+0000] {processor.py:829} INFO - Processing file /home/airflow/.local/lib/python3.8/site-packages/airflow/example_dags/example_sensors.py for tasks to queue
[2023-09-17T12:42:16.691+0000] {logging_mixin.py:151} INFO - [2023-09-17T12:42:16.690+0000] {dagbag.py:539} INFO - Filling up the DagBag from /home/airflow/.local/lib/python3.8/site-packages/airflow/example_dags/example_sensors.py
[2023-09-17T12:42:16.714+0000] {processor.py:839} INFO - DAG(s) dict_keys(['example_sensors']) retrieved from /home/airflow/.local/lib/python3.8/site-packages/airflow/example_dags/example_sensors.py
[2023-09-17T12:42:16.774+0000] {logging_mixin.py:151} INFO - [2023-09-17T12:42:16.773+0000] {dag.py:2915} INFO - Sync 1 DAGs
[2023-09-17T12:42:16.802+0000] {logging_mixin.py:151} INFO - [2023-09-17T12:42:16.802+0000] {dag.py:3696} INFO - Setting next_dagrun for example_sensors to None, run_after=None
[2023-09-17T12:42:16.863+0000] {processor.py:179} INFO - Processing /home/airflow/.local/lib/python3.8/site-packages/airflow/example_dags/example_sensors.py took 0.186 seconds
[2023-09-17T12:42:47.316+0000] {processor.py:157} INFO - Started process (PID=287) to work on /home/airflow/.local/lib/python3.8/site-packages/airflow/example_dags/example_sensors.py
[2023-09-17T12:42:47.316+0000] {processor.py:829} INFO - Processing file /home/airflow/.local/lib/python3.8/site-packages/airflow/example_dags/example_sensors.py for tasks to queue
[2023-09-17T12:42:47.319+0000] {logging_mixin.py:151} INFO - [2023-09-17T12:42:47.319+0000] {dagbag.py:539} INFO - Filling up the DagBag from /home/airflow/.local/lib/python3.8/site-packages/airflow/example_dags/example_sensors.py
[2023-09-17T12:42:47.333+0000] {processor.py:839} INFO - DAG(s) dict_keys(['example_sensors']) retrieved from /home/airflow/.local/lib/python3.8/site-packages/airflow/example_dags/example_sensors.py
[2023-09-17T12:42:47.369+0000] {logging_mixin.py:151} INFO - [2023-09-17T12:42:47.369+0000] {dag.py:2915} INFO - Sync 1 DAGs
[2023-09-17T12:42:47.387+0000] {logging_mixin.py:151} INFO - [2023-09-17T12:42:47.387+0000] {dag.py:3696} INFO - Setting next_dagrun for example_sensors to None, run_after=None
[2023-09-17T12:42:47.440+0000] {processor.py:179} INFO - Processing /home/airflow/.local/lib/python3.8/site-packages/airflow/example_dags/example_sensors.py took 0.129 seconds
[2023-09-17T12:43:18.066+0000] {processor.py:157} INFO - Started process (PID=342) to work on /home/airflow/.local/lib/python3.8/site-packages/airflow/example_dags/example_sensors.py
[2023-09-17T12:43:18.067+0000] {processor.py:829} INFO - Processing file /home/airflow/.local/lib/python3.8/site-packages/airflow/example_dags/example_sensors.py for tasks to queue
[2023-09-17T12:43:18.069+0000] {logging_mixin.py:151} INFO - [2023-09-17T12:43:18.069+0000] {dagbag.py:539} INFO - Filling up the DagBag from /home/airflow/.local/lib/python3.8/site-packages/airflow/example_dags/example_sensors.py
[2023-09-17T12:43:18.083+0000] {processor.py:839} INFO - DAG(s) dict_keys(['example_sensors']) retrieved from /home/airflow/.local/lib/python3.8/site-packages/airflow/example_dags/example_sensors.py
[2023-09-17T12:43:18.123+0000] {logging_mixin.py:151} INFO - [2023-09-17T12:43:18.122+0000] {dag.py:2915} INFO - Sync 1 DAGs
[2023-09-17T12:43:18.144+0000] {logging_mixin.py:151} INFO - [2023-09-17T12:43:18.143+0000] {dag.py:3696} INFO - Setting next_dagrun for example_sensors to None, run_after=None
[2023-09-17T12:43:18.190+0000] {processor.py:179} INFO - Processing /home/airflow/.local/lib/python3.8/site-packages/airflow/example_dags/example_sensors.py took 0.129 seconds
[2023-09-17T12:43:48.438+0000] {processor.py:157} INFO - Started process (PID=397) to work on /home/airflow/.local/lib/python3.8/site-packages/airflow/example_dags/example_sensors.py
[2023-09-17T12:43:48.443+0000] {processor.py:829} INFO - Processing file /home/airflow/.local/lib/python3.8/site-packages/airflow/example_dags/example_sensors.py for tasks to queue
[2023-09-17T12:43:48.452+0000] {logging_mixin.py:151} INFO - [2023-09-17T12:43:48.451+0000] {dagbag.py:539} INFO - Filling up the DagBag from /home/airflow/.local/lib/python3.8/site-packages/airflow/example_dags/example_sensors.py
[2023-09-17T12:43:48.487+0000] {processor.py:839} INFO - DAG(s) dict_keys(['example_sensors']) retrieved from /home/airflow/.local/lib/python3.8/site-packages/airflow/example_dags/example_sensors.py
[2023-09-17T12:43:48.619+0000] {logging_mixin.py:151} INFO - [2023-09-17T12:43:48.618+0000] {dag.py:2915} INFO - Sync 1 DAGs
[2023-09-17T12:43:48.665+0000] {logging_mixin.py:151} INFO - [2023-09-17T12:43:48.664+0000] {dag.py:3696} INFO - Setting next_dagrun for example_sensors to None, run_after=None
[2023-09-17T12:43:48.718+0000] {processor.py:179} INFO - Processing /home/airflow/.local/lib/python3.8/site-packages/airflow/example_dags/example_sensors.py took 0.289 seconds
[2023-09-17T12:44:19.845+0000] {processor.py:157} INFO - Started process (PID=453) to work on /home/airflow/.local/lib/python3.8/site-packages/airflow/example_dags/example_sensors.py
[2023-09-17T12:44:19.893+0000] {processor.py:829} INFO - Processing file /home/airflow/.local/lib/python3.8/site-packages/airflow/example_dags/example_sensors.py for tasks to queue
[2023-09-17T12:44:19.897+0000] {logging_mixin.py:151} INFO - [2023-09-17T12:44:19.896+0000] {dagbag.py:539} INFO - Filling up the DagBag from /home/airflow/.local/lib/python3.8/site-packages/airflow/example_dags/example_sensors.py
[2023-09-17T12:44:19.930+0000] {processor.py:839} INFO - DAG(s) dict_keys(['example_sensors']) retrieved from /home/airflow/.local/lib/python3.8/site-packages/airflow/example_dags/example_sensors.py
[2023-09-17T12:44:20.043+0000] {logging_mixin.py:151} INFO - [2023-09-17T12:44:20.043+0000] {dag.py:2915} INFO - Sync 1 DAGs
[2023-09-17T12:44:20.086+0000] {logging_mixin.py:151} INFO - [2023-09-17T12:44:20.085+0000] {dag.py:3696} INFO - Setting next_dagrun for example_sensors to None, run_after=None
[2023-09-17T12:44:20.174+0000] {processor.py:179} INFO - Processing /home/airflow/.local/lib/python3.8/site-packages/airflow/example_dags/example_sensors.py took 0.340 seconds
[2023-09-17T12:44:51.016+0000] {processor.py:157} INFO - Started process (PID=508) to work on /home/airflow/.local/lib/python3.8/site-packages/airflow/example_dags/example_sensors.py
[2023-09-17T12:44:51.017+0000] {processor.py:829} INFO - Processing file /home/airflow/.local/lib/python3.8/site-packages/airflow/example_dags/example_sensors.py for tasks to queue
[2023-09-17T12:44:51.019+0000] {logging_mixin.py:151} INFO - [2023-09-17T12:44:51.019+0000] {dagbag.py:539} INFO - Filling up the DagBag from /home/airflow/.local/lib/python3.8/site-packages/airflow/example_dags/example_sensors.py
[2023-09-17T12:44:51.033+0000] {processor.py:839} INFO - DAG(s) dict_keys(['example_sensors']) retrieved from /home/airflow/.local/lib/python3.8/site-packages/airflow/example_dags/example_sensors.py
[2023-09-17T12:44:51.079+0000] {logging_mixin.py:151} INFO - [2023-09-17T12:44:51.079+0000] {dag.py:2915} INFO - Sync 1 DAGs
[2023-09-17T12:44:51.103+0000] {logging_mixin.py:151} INFO - [2023-09-17T12:44:51.103+0000] {dag.py:3696} INFO - Setting next_dagrun for example_sensors to None, run_after=None
[2023-09-17T12:44:51.151+0000] {processor.py:179} INFO - Processing /home/airflow/.local/lib/python3.8/site-packages/airflow/example_dags/example_sensors.py took 0.139 seconds
[2023-09-17T12:45:21.744+0000] {processor.py:157} INFO - Started process (PID=564) to work on /home/airflow/.local/lib/python3.8/site-packages/airflow/example_dags/example_sensors.py
[2023-09-17T12:45:21.757+0000] {processor.py:829} INFO - Processing file /home/airflow/.local/lib/python3.8/site-packages/airflow/example_dags/example_sensors.py for tasks to queue
[2023-09-17T12:45:21.760+0000] {logging_mixin.py:151} INFO - [2023-09-17T12:45:21.760+0000] {dagbag.py:539} INFO - Filling up the DagBag from /home/airflow/.local/lib/python3.8/site-packages/airflow/example_dags/example_sensors.py
[2023-09-17T12:45:21.804+0000] {processor.py:839} INFO - DAG(s) dict_keys(['example_sensors']) retrieved from /home/airflow/.local/lib/python3.8/site-packages/airflow/example_dags/example_sensors.py
[2023-09-17T12:45:21.873+0000] {logging_mixin.py:151} INFO - [2023-09-17T12:45:21.872+0000] {dag.py:2915} INFO - Sync 1 DAGs
[2023-09-17T12:45:21.904+0000] {logging_mixin.py:151} INFO - [2023-09-17T12:45:21.903+0000] {dag.py:3696} INFO - Setting next_dagrun for example_sensors to None, run_after=None
[2023-09-17T12:45:21.999+0000] {processor.py:179} INFO - Processing /home/airflow/.local/lib/python3.8/site-packages/airflow/example_dags/example_sensors.py took 0.273 seconds
[2023-09-17T12:45:52.603+0000] {processor.py:157} INFO - Started process (PID=618) to work on /home/airflow/.local/lib/python3.8/site-packages/airflow/example_dags/example_sensors.py
[2023-09-17T12:45:52.615+0000] {processor.py:829} INFO - Processing file /home/airflow/.local/lib/python3.8/site-packages/airflow/example_dags/example_sensors.py for tasks to queue
[2023-09-17T12:45:52.618+0000] {logging_mixin.py:151} INFO - [2023-09-17T12:45:52.617+0000] {dagbag.py:539} INFO - Filling up the DagBag from /home/airflow/.local/lib/python3.8/site-packages/airflow/example_dags/example_sensors.py
[2023-09-17T12:45:52.629+0000] {processor.py:839} INFO - DAG(s) dict_keys(['example_sensors']) retrieved from /home/airflow/.local/lib/python3.8/site-packages/airflow/example_dags/example_sensors.py
[2023-09-17T12:45:52.664+0000] {logging_mixin.py:151} INFO - [2023-09-17T12:45:52.664+0000] {dag.py:2915} INFO - Sync 1 DAGs
[2023-09-17T12:45:52.680+0000] {logging_mixin.py:151} INFO - [2023-09-17T12:45:52.680+0000] {dag.py:3696} INFO - Setting next_dagrun for example_sensors to None, run_after=None
[2023-09-17T12:45:52.719+0000] {processor.py:179} INFO - Processing /home/airflow/.local/lib/python3.8/site-packages/airflow/example_dags/example_sensors.py took 0.119 seconds
[2023-09-17T12:46:22.984+0000] {processor.py:157} INFO - Started process (PID=673) to work on /home/airflow/.local/lib/python3.8/site-packages/airflow/example_dags/example_sensors.py
[2023-09-17T12:46:22.985+0000] {processor.py:829} INFO - Processing file /home/airflow/.local/lib/python3.8/site-packages/airflow/example_dags/example_sensors.py for tasks to queue
[2023-09-17T12:46:22.987+0000] {logging_mixin.py:151} INFO - [2023-09-17T12:46:22.987+0000] {dagbag.py:539} INFO - Filling up the DagBag from /home/airflow/.local/lib/python3.8/site-packages/airflow/example_dags/example_sensors.py
[2023-09-17T12:46:22.998+0000] {processor.py:839} INFO - DAG(s) dict_keys(['example_sensors']) retrieved from /home/airflow/.local/lib/python3.8/site-packages/airflow/example_dags/example_sensors.py
[2023-09-17T12:46:23.032+0000] {logging_mixin.py:151} INFO - [2023-09-17T12:46:23.031+0000] {dag.py:2915} INFO - Sync 1 DAGs
[2023-09-17T12:46:23.048+0000] {logging_mixin.py:151} INFO - [2023-09-17T12:46:23.047+0000] {dag.py:3696} INFO - Setting next_dagrun for example_sensors to None, run_after=None
[2023-09-17T12:46:23.076+0000] {processor.py:179} INFO - Processing /home/airflow/.local/lib/python3.8/site-packages/airflow/example_dags/example_sensors.py took 0.095 seconds
[2023-09-17T12:46:53.517+0000] {processor.py:157} INFO - Started process (PID=729) to work on /home/airflow/.local/lib/python3.8/site-packages/airflow/example_dags/example_sensors.py
[2023-09-17T12:46:53.531+0000] {processor.py:829} INFO - Processing file /home/airflow/.local/lib/python3.8/site-packages/airflow/example_dags/example_sensors.py for tasks to queue
[2023-09-17T12:46:53.534+0000] {logging_mixin.py:151} INFO - [2023-09-17T12:46:53.534+0000] {dagbag.py:539} INFO - Filling up the DagBag from /home/airflow/.local/lib/python3.8/site-packages/airflow/example_dags/example_sensors.py
[2023-09-17T12:46:53.552+0000] {processor.py:839} INFO - DAG(s) dict_keys(['example_sensors']) retrieved from /home/airflow/.local/lib/python3.8/site-packages/airflow/example_dags/example_sensors.py
[2023-09-17T12:46:53.597+0000] {logging_mixin.py:151} INFO - [2023-09-17T12:46:53.596+0000] {dag.py:2915} INFO - Sync 1 DAGs
[2023-09-17T12:46:53.613+0000] {logging_mixin.py:151} INFO - [2023-09-17T12:46:53.613+0000] {dag.py:3696} INFO - Setting next_dagrun for example_sensors to None, run_after=None
[2023-09-17T12:46:53.652+0000] {processor.py:179} INFO - Processing /home/airflow/.local/lib/python3.8/site-packages/airflow/example_dags/example_sensors.py took 0.139 seconds
[2023-09-17T12:47:24.069+0000] {processor.py:157} INFO - Started process (PID=785) to work on /home/airflow/.local/lib/python3.8/site-packages/airflow/example_dags/example_sensors.py
[2023-09-17T12:47:24.070+0000] {processor.py:829} INFO - Processing file /home/airflow/.local/lib/python3.8/site-packages/airflow/example_dags/example_sensors.py for tasks to queue
[2023-09-17T12:47:24.073+0000] {logging_mixin.py:151} INFO - [2023-09-17T12:47:24.072+0000] {dagbag.py:539} INFO - Filling up the DagBag from /home/airflow/.local/lib/python3.8/site-packages/airflow/example_dags/example_sensors.py
[2023-09-17T12:47:24.093+0000] {processor.py:839} INFO - DAG(s) dict_keys(['example_sensors']) retrieved from /home/airflow/.local/lib/python3.8/site-packages/airflow/example_dags/example_sensors.py
[2023-09-17T12:47:24.181+0000] {logging_mixin.py:151} INFO - [2023-09-17T12:47:24.180+0000] {dag.py:2915} INFO - Sync 1 DAGs
[2023-09-17T12:47:24.229+0000] {logging_mixin.py:151} INFO - [2023-09-17T12:47:24.228+0000] {dag.py:3696} INFO - Setting next_dagrun for example_sensors to None, run_after=None
[2023-09-17T12:47:24.273+0000] {processor.py:179} INFO - Processing /home/airflow/.local/lib/python3.8/site-packages/airflow/example_dags/example_sensors.py took 0.208 seconds
[2023-09-17T12:47:54.392+0000] {processor.py:157} INFO - Started process (PID=840) to work on /home/airflow/.local/lib/python3.8/site-packages/airflow/example_dags/example_sensors.py
[2023-09-17T12:47:54.394+0000] {processor.py:829} INFO - Processing file /home/airflow/.local/lib/python3.8/site-packages/airflow/example_dags/example_sensors.py for tasks to queue
[2023-09-17T12:47:54.398+0000] {logging_mixin.py:151} INFO - [2023-09-17T12:47:54.397+0000] {dagbag.py:539} INFO - Filling up the DagBag from /home/airflow/.local/lib/python3.8/site-packages/airflow/example_dags/example_sensors.py
[2023-09-17T12:47:54.414+0000] {processor.py:839} INFO - DAG(s) dict_keys(['example_sensors']) retrieved from /home/airflow/.local/lib/python3.8/site-packages/airflow/example_dags/example_sensors.py
[2023-09-17T12:47:54.456+0000] {logging_mixin.py:151} INFO - [2023-09-17T12:47:54.456+0000] {dag.py:2915} INFO - Sync 1 DAGs
[2023-09-17T12:47:54.480+0000] {logging_mixin.py:151} INFO - [2023-09-17T12:47:54.480+0000] {dag.py:3696} INFO - Setting next_dagrun for example_sensors to None, run_after=None
[2023-09-17T12:47:54.535+0000] {processor.py:179} INFO - Processing /home/airflow/.local/lib/python3.8/site-packages/airflow/example_dags/example_sensors.py took 0.148 seconds
[2023-09-17T12:48:24.817+0000] {processor.py:157} INFO - Started process (PID=895) to work on /home/airflow/.local/lib/python3.8/site-packages/airflow/example_dags/example_sensors.py
[2023-09-17T12:48:24.819+0000] {processor.py:829} INFO - Processing file /home/airflow/.local/lib/python3.8/site-packages/airflow/example_dags/example_sensors.py for tasks to queue
[2023-09-17T12:48:24.821+0000] {logging_mixin.py:151} INFO - [2023-09-17T12:48:24.821+0000] {dagbag.py:539} INFO - Filling up the DagBag from /home/airflow/.local/lib/python3.8/site-packages/airflow/example_dags/example_sensors.py
[2023-09-17T12:48:24.835+0000] {processor.py:839} INFO - DAG(s) dict_keys(['example_sensors']) retrieved from /home/airflow/.local/lib/python3.8/site-packages/airflow/example_dags/example_sensors.py
[2023-09-17T12:48:24.879+0000] {logging_mixin.py:151} INFO - [2023-09-17T12:48:24.878+0000] {dag.py:2915} INFO - Sync 1 DAGs
[2023-09-17T12:48:24.900+0000] {logging_mixin.py:151} INFO - [2023-09-17T12:48:24.900+0000] {dag.py:3696} INFO - Setting next_dagrun for example_sensors to None, run_after=None
[2023-09-17T12:48:24.940+0000] {processor.py:179} INFO - Processing /home/airflow/.local/lib/python3.8/site-packages/airflow/example_dags/example_sensors.py took 0.127 seconds
[2023-09-17T12:48:55.130+0000] {processor.py:157} INFO - Started process (PID=951) to work on /home/airflow/.local/lib/python3.8/site-packages/airflow/example_dags/example_sensors.py
[2023-09-17T12:48:55.198+0000] {processor.py:829} INFO - Processing file /home/airflow/.local/lib/python3.8/site-packages/airflow/example_dags/example_sensors.py for tasks to queue
[2023-09-17T12:48:55.203+0000] {logging_mixin.py:151} INFO - [2023-09-17T12:48:55.202+0000] {dagbag.py:539} INFO - Filling up the DagBag from /home/airflow/.local/lib/python3.8/site-packages/airflow/example_dags/example_sensors.py
[2023-09-17T12:48:55.218+0000] {processor.py:839} INFO - DAG(s) dict_keys(['example_sensors']) retrieved from /home/airflow/.local/lib/python3.8/site-packages/airflow/example_dags/example_sensors.py
[2023-09-17T12:48:55.259+0000] {logging_mixin.py:151} INFO - [2023-09-17T12:48:55.258+0000] {dag.py:2915} INFO - Sync 1 DAGs
[2023-09-17T12:48:55.290+0000] {logging_mixin.py:151} INFO - [2023-09-17T12:48:55.289+0000] {dag.py:3696} INFO - Setting next_dagrun for example_sensors to None, run_after=None
[2023-09-17T12:48:55.350+0000] {processor.py:179} INFO - Processing /home/airflow/.local/lib/python3.8/site-packages/airflow/example_dags/example_sensors.py took 0.228 seconds
[2023-09-17T12:49:25.751+0000] {processor.py:157} INFO - Started process (PID=1007) to work on /home/airflow/.local/lib/python3.8/site-packages/airflow/example_dags/example_sensors.py
[2023-09-17T12:49:25.752+0000] {processor.py:829} INFO - Processing file /home/airflow/.local/lib/python3.8/site-packages/airflow/example_dags/example_sensors.py for tasks to queue
[2023-09-17T12:49:25.756+0000] {logging_mixin.py:151} INFO - [2023-09-17T12:49:25.755+0000] {dagbag.py:539} INFO - Filling up the DagBag from /home/airflow/.local/lib/python3.8/site-packages/airflow/example_dags/example_sensors.py
[2023-09-17T12:49:25.776+0000] {processor.py:839} INFO - DAG(s) dict_keys(['example_sensors']) retrieved from /home/airflow/.local/lib/python3.8/site-packages/airflow/example_dags/example_sensors.py
[2023-09-17T12:49:25.839+0000] {logging_mixin.py:151} INFO - [2023-09-17T12:49:25.839+0000] {dag.py:2915} INFO - Sync 1 DAGs
[2023-09-17T12:49:25.870+0000] {logging_mixin.py:151} INFO - [2023-09-17T12:49:25.870+0000] {dag.py:3696} INFO - Setting next_dagrun for example_sensors to None, run_after=None
[2023-09-17T12:49:25.944+0000] {processor.py:179} INFO - Processing /home/airflow/.local/lib/python3.8/site-packages/airflow/example_dags/example_sensors.py took 0.198 seconds
[2023-09-17T12:49:56.211+0000] {processor.py:157} INFO - Started process (PID=1061) to work on /home/airflow/.local/lib/python3.8/site-packages/airflow/example_dags/example_sensors.py
[2023-09-17T12:49:56.226+0000] {processor.py:829} INFO - Processing file /home/airflow/.local/lib/python3.8/site-packages/airflow/example_dags/example_sensors.py for tasks to queue
[2023-09-17T12:49:56.232+0000] {logging_mixin.py:151} INFO - [2023-09-17T12:49:56.231+0000] {dagbag.py:539} INFO - Filling up the DagBag from /home/airflow/.local/lib/python3.8/site-packages/airflow/example_dags/example_sensors.py
[2023-09-17T12:49:56.253+0000] {processor.py:839} INFO - DAG(s) dict_keys(['example_sensors']) retrieved from /home/airflow/.local/lib/python3.8/site-packages/airflow/example_dags/example_sensors.py
[2023-09-17T12:49:56.289+0000] {logging_mixin.py:151} INFO - [2023-09-17T12:49:56.289+0000] {dag.py:2915} INFO - Sync 1 DAGs
[2023-09-17T12:49:56.306+0000] {logging_mixin.py:151} INFO - [2023-09-17T12:49:56.306+0000] {dag.py:3696} INFO - Setting next_dagrun for example_sensors to None, run_after=None
[2023-09-17T12:49:56.338+0000] {processor.py:179} INFO - Processing /home/airflow/.local/lib/python3.8/site-packages/airflow/example_dags/example_sensors.py took 0.132 seconds
[2023-09-17T12:50:26.802+0000] {processor.py:157} INFO - Started process (PID=1116) to work on /home/airflow/.local/lib/python3.8/site-packages/airflow/example_dags/example_sensors.py
[2023-09-17T12:50:26.803+0000] {processor.py:829} INFO - Processing file /home/airflow/.local/lib/python3.8/site-packages/airflow/example_dags/example_sensors.py for tasks to queue
[2023-09-17T12:50:26.805+0000] {logging_mixin.py:151} INFO - [2023-09-17T12:50:26.805+0000] {dagbag.py:539} INFO - Filling up the DagBag from /home/airflow/.local/lib/python3.8/site-packages/airflow/example_dags/example_sensors.py
[2023-09-17T12:50:26.823+0000] {processor.py:839} INFO - DAG(s) dict_keys(['example_sensors']) retrieved from /home/airflow/.local/lib/python3.8/site-packages/airflow/example_dags/example_sensors.py
[2023-09-17T12:50:26.870+0000] {logging_mixin.py:151} INFO - [2023-09-17T12:50:26.870+0000] {dag.py:2915} INFO - Sync 1 DAGs
[2023-09-17T12:50:26.895+0000] {logging_mixin.py:151} INFO - [2023-09-17T12:50:26.895+0000] {dag.py:3696} INFO - Setting next_dagrun for example_sensors to None, run_after=None
[2023-09-17T12:50:26.941+0000] {processor.py:179} INFO - Processing /home/airflow/.local/lib/python3.8/site-packages/airflow/example_dags/example_sensors.py took 0.143 seconds
[2023-09-17T12:50:57.511+0000] {processor.py:157} INFO - Started process (PID=1171) to work on /home/airflow/.local/lib/python3.8/site-packages/airflow/example_dags/example_sensors.py
[2023-09-17T12:50:57.512+0000] {processor.py:829} INFO - Processing file /home/airflow/.local/lib/python3.8/site-packages/airflow/example_dags/example_sensors.py for tasks to queue
[2023-09-17T12:50:57.518+0000] {logging_mixin.py:151} INFO - [2023-09-17T12:50:57.517+0000] {dagbag.py:539} INFO - Filling up the DagBag from /home/airflow/.local/lib/python3.8/site-packages/airflow/example_dags/example_sensors.py
[2023-09-17T12:50:57.543+0000] {processor.py:839} INFO - DAG(s) dict_keys(['example_sensors']) retrieved from /home/airflow/.local/lib/python3.8/site-packages/airflow/example_dags/example_sensors.py
[2023-09-17T12:50:57.613+0000] {logging_mixin.py:151} INFO - [2023-09-17T12:50:57.613+0000] {dag.py:2915} INFO - Sync 1 DAGs
[2023-09-17T12:50:57.654+0000] {logging_mixin.py:151} INFO - [2023-09-17T12:50:57.653+0000] {dag.py:3696} INFO - Setting next_dagrun for example_sensors to None, run_after=None
[2023-09-17T12:50:57.715+0000] {processor.py:179} INFO - Processing /home/airflow/.local/lib/python3.8/site-packages/airflow/example_dags/example_sensors.py took 0.214 seconds
[2023-09-17T12:51:27.970+0000] {processor.py:157} INFO - Started process (PID=1225) to work on /home/airflow/.local/lib/python3.8/site-packages/airflow/example_dags/example_sensors.py
[2023-09-17T12:51:27.971+0000] {processor.py:829} INFO - Processing file /home/airflow/.local/lib/python3.8/site-packages/airflow/example_dags/example_sensors.py for tasks to queue
[2023-09-17T12:51:27.976+0000] {logging_mixin.py:151} INFO - [2023-09-17T12:51:27.975+0000] {dagbag.py:539} INFO - Filling up the DagBag from /home/airflow/.local/lib/python3.8/site-packages/airflow/example_dags/example_sensors.py
[2023-09-17T12:51:27.997+0000] {processor.py:839} INFO - DAG(s) dict_keys(['example_sensors']) retrieved from /home/airflow/.local/lib/python3.8/site-packages/airflow/example_dags/example_sensors.py
[2023-09-17T12:51:28.042+0000] {logging_mixin.py:151} INFO - [2023-09-17T12:51:28.041+0000] {dag.py:2915} INFO - Sync 1 DAGs
[2023-09-17T12:51:28.068+0000] {logging_mixin.py:151} INFO - [2023-09-17T12:51:28.067+0000] {dag.py:3696} INFO - Setting next_dagrun for example_sensors to None, run_after=None
[2023-09-17T12:51:28.113+0000] {processor.py:179} INFO - Processing /home/airflow/.local/lib/python3.8/site-packages/airflow/example_dags/example_sensors.py took 0.147 seconds
[2023-09-17T12:51:58.742+0000] {processor.py:157} INFO - Started process (PID=1279) to work on /home/airflow/.local/lib/python3.8/site-packages/airflow/example_dags/example_sensors.py
[2023-09-17T12:51:58.764+0000] {processor.py:829} INFO - Processing file /home/airflow/.local/lib/python3.8/site-packages/airflow/example_dags/example_sensors.py for tasks to queue
[2023-09-17T12:51:58.768+0000] {logging_mixin.py:151} INFO - [2023-09-17T12:51:58.766+0000] {dagbag.py:539} INFO - Filling up the DagBag from /home/airflow/.local/lib/python3.8/site-packages/airflow/example_dags/example_sensors.py
[2023-09-17T12:51:58.787+0000] {processor.py:839} INFO - DAG(s) dict_keys(['example_sensors']) retrieved from /home/airflow/.local/lib/python3.8/site-packages/airflow/example_dags/example_sensors.py
[2023-09-17T12:51:58.843+0000] {logging_mixin.py:151} INFO - [2023-09-17T12:51:58.842+0000] {dag.py:2915} INFO - Sync 1 DAGs
[2023-09-17T12:51:58.881+0000] {logging_mixin.py:151} INFO - [2023-09-17T12:51:58.881+0000] {dag.py:3696} INFO - Setting next_dagrun for example_sensors to None, run_after=None
[2023-09-17T12:51:59.236+0000] {processor.py:179} INFO - Processing /home/airflow/.local/lib/python3.8/site-packages/airflow/example_dags/example_sensors.py took 0.501 seconds
[2023-09-17T12:52:29.848+0000] {processor.py:157} INFO - Started process (PID=1335) to work on /home/airflow/.local/lib/python3.8/site-packages/airflow/example_dags/example_sensors.py
[2023-09-17T12:52:29.851+0000] {processor.py:829} INFO - Processing file /home/airflow/.local/lib/python3.8/site-packages/airflow/example_dags/example_sensors.py for tasks to queue
[2023-09-17T12:52:29.856+0000] {logging_mixin.py:151} INFO - [2023-09-17T12:52:29.855+0000] {dagbag.py:539} INFO - Filling up the DagBag from /home/airflow/.local/lib/python3.8/site-packages/airflow/example_dags/example_sensors.py
[2023-09-17T12:52:29.876+0000] {processor.py:839} INFO - DAG(s) dict_keys(['example_sensors']) retrieved from /home/airflow/.local/lib/python3.8/site-packages/airflow/example_dags/example_sensors.py
[2023-09-17T12:52:29.950+0000] {logging_mixin.py:151} INFO - [2023-09-17T12:52:29.949+0000] {dag.py:2915} INFO - Sync 1 DAGs
[2023-09-17T12:52:29.981+0000] {logging_mixin.py:151} INFO - [2023-09-17T12:52:29.980+0000] {dag.py:3696} INFO - Setting next_dagrun for example_sensors to None, run_after=None
[2023-09-17T12:52:30.071+0000] {processor.py:179} INFO - Processing /home/airflow/.local/lib/python3.8/site-packages/airflow/example_dags/example_sensors.py took 0.230 seconds
[2023-09-17T12:53:00.413+0000] {processor.py:157} INFO - Started process (PID=1390) to work on /home/airflow/.local/lib/python3.8/site-packages/airflow/example_dags/example_sensors.py
[2023-09-17T12:53:00.462+0000] {processor.py:829} INFO - Processing file /home/airflow/.local/lib/python3.8/site-packages/airflow/example_dags/example_sensors.py for tasks to queue
[2023-09-17T12:53:00.470+0000] {logging_mixin.py:151} INFO - [2023-09-17T12:53:00.468+0000] {dagbag.py:539} INFO - Filling up the DagBag from /home/airflow/.local/lib/python3.8/site-packages/airflow/example_dags/example_sensors.py
[2023-09-17T12:53:00.523+0000] {processor.py:839} INFO - DAG(s) dict_keys(['example_sensors']) retrieved from /home/airflow/.local/lib/python3.8/site-packages/airflow/example_dags/example_sensors.py
[2023-09-17T12:53:00.686+0000] {logging_mixin.py:151} INFO - [2023-09-17T12:53:00.686+0000] {dag.py:2915} INFO - Sync 1 DAGs
[2023-09-17T12:53:00.745+0000] {logging_mixin.py:151} INFO - [2023-09-17T12:53:00.745+0000] {dag.py:3696} INFO - Setting next_dagrun for example_sensors to None, run_after=None
[2023-09-17T12:53:01.178+0000] {processor.py:179} INFO - Processing /home/airflow/.local/lib/python3.8/site-packages/airflow/example_dags/example_sensors.py took 0.774 seconds
