[2023-09-17T12:40:27.174+0000] {processor.py:157} INFO - Started process (PID=31) to work on /home/airflow/.local/lib/python3.8/site-packages/airflow/example_dags/example_latest_only_with_trigger.py
[2023-09-17T12:40:27.176+0000] {processor.py:829} INFO - Processing file /home/airflow/.local/lib/python3.8/site-packages/airflow/example_dags/example_latest_only_with_trigger.py for tasks to queue
[2023-09-17T12:40:27.179+0000] {logging_mixin.py:151} INFO - [2023-09-17T12:40:27.179+0000] {dagbag.py:539} INFO - Filling up the DagBag from /home/airflow/.local/lib/python3.8/site-packages/airflow/example_dags/example_latest_only_with_trigger.py
[2023-09-17T12:40:27.219+0000] {processor.py:839} INFO - DAG(s) dict_keys(['latest_only_with_trigger']) retrieved from /home/airflow/.local/lib/python3.8/site-packages/airflow/example_dags/example_latest_only_with_trigger.py
[2023-09-17T12:40:28.958+0000] {logging_mixin.py:151} INFO - [2023-09-17T12:40:28.958+0000] {manager.py:499} INFO - Created Permission View: %s
[2023-09-17T12:40:29.069+0000] {logging_mixin.py:151} INFO - [2023-09-17T12:40:29.069+0000] {manager.py:499} INFO - Created Permission View: %s
[2023-09-17T12:40:29.158+0000] {logging_mixin.py:151} INFO - [2023-09-17T12:40:29.157+0000] {manager.py:499} INFO - Created Permission View: %s
[2023-09-17T12:40:29.159+0000] {logging_mixin.py:151} INFO - [2023-09-17T12:40:29.159+0000] {security.py:708} INFO - Not syncing DAG-level permissions for DAG 'DAG:latest_only_with_trigger' as access control is unset.
[2023-09-17T12:40:29.161+0000] {logging_mixin.py:151} INFO - [2023-09-17T12:40:29.160+0000] {dag.py:2915} INFO - Sync 1 DAGs
[2023-09-17T12:40:29.180+0000] {logging_mixin.py:151} INFO - [2023-09-17T12:40:29.180+0000] {dag.py:2937} INFO - Creating ORM DAG for latest_only_with_trigger
[2023-09-17T12:40:29.193+0000] {logging_mixin.py:151} INFO - [2023-09-17T12:40:29.193+0000] {dag.py:3696} INFO - Setting next_dagrun for latest_only_with_trigger to 2023-09-17T08:40:29.192767+00:00, run_after=2023-09-17T12:40:29.192767+00:00
[2023-09-17T12:40:29.227+0000] {processor.py:179} INFO - Processing /home/airflow/.local/lib/python3.8/site-packages/airflow/example_dags/example_latest_only_with_trigger.py took 2.056 seconds
[2023-09-17T12:40:59.395+0000] {processor.py:157} INFO - Started process (PID=87) to work on /home/airflow/.local/lib/python3.8/site-packages/airflow/example_dags/example_latest_only_with_trigger.py
[2023-09-17T12:40:59.414+0000] {processor.py:829} INFO - Processing file /home/airflow/.local/lib/python3.8/site-packages/airflow/example_dags/example_latest_only_with_trigger.py for tasks to queue
[2023-09-17T12:40:59.417+0000] {logging_mixin.py:151} INFO - [2023-09-17T12:40:59.417+0000] {dagbag.py:539} INFO - Filling up the DagBag from /home/airflow/.local/lib/python3.8/site-packages/airflow/example_dags/example_latest_only_with_trigger.py
[2023-09-17T12:40:59.424+0000] {processor.py:839} INFO - DAG(s) dict_keys(['latest_only_with_trigger']) retrieved from /home/airflow/.local/lib/python3.8/site-packages/airflow/example_dags/example_latest_only_with_trigger.py
[2023-09-17T12:40:59.454+0000] {logging_mixin.py:151} INFO - [2023-09-17T12:40:59.454+0000] {dag.py:2915} INFO - Sync 1 DAGs
[2023-09-17T12:40:59.497+0000] {logging_mixin.py:151} INFO - [2023-09-17T12:40:59.497+0000] {dag.py:3696} INFO - Setting next_dagrun for latest_only_with_trigger to 2023-09-17T08:40:59.496803+00:00, run_after=2023-09-17T12:40:59.496803+00:00
[2023-09-17T12:40:59.615+0000] {processor.py:179} INFO - Processing /home/airflow/.local/lib/python3.8/site-packages/airflow/example_dags/example_latest_only_with_trigger.py took 0.224 seconds
[2023-09-17T12:41:29.721+0000] {processor.py:157} INFO - Started process (PID=142) to work on /home/airflow/.local/lib/python3.8/site-packages/airflow/example_dags/example_latest_only_with_trigger.py
[2023-09-17T12:41:29.722+0000] {processor.py:829} INFO - Processing file /home/airflow/.local/lib/python3.8/site-packages/airflow/example_dags/example_latest_only_with_trigger.py for tasks to queue
[2023-09-17T12:41:29.724+0000] {logging_mixin.py:151} INFO - [2023-09-17T12:41:29.724+0000] {dagbag.py:539} INFO - Filling up the DagBag from /home/airflow/.local/lib/python3.8/site-packages/airflow/example_dags/example_latest_only_with_trigger.py
[2023-09-17T12:41:29.751+0000] {processor.py:839} INFO - DAG(s) dict_keys(['latest_only_with_trigger']) retrieved from /home/airflow/.local/lib/python3.8/site-packages/airflow/example_dags/example_latest_only_with_trigger.py
[2023-09-17T12:41:29.784+0000] {logging_mixin.py:151} INFO - [2023-09-17T12:41:29.784+0000] {dag.py:2915} INFO - Sync 1 DAGs
[2023-09-17T12:41:29.819+0000] {logging_mixin.py:151} INFO - [2023-09-17T12:41:29.819+0000] {dag.py:3696} INFO - Setting next_dagrun for latest_only_with_trigger to 2023-09-17T08:41:29.819192+00:00, run_after=2023-09-17T12:41:29.819192+00:00
[2023-09-17T12:41:29.853+0000] {processor.py:179} INFO - Processing /home/airflow/.local/lib/python3.8/site-packages/airflow/example_dags/example_latest_only_with_trigger.py took 0.136 seconds
[2023-09-17T12:42:00.219+0000] {processor.py:157} INFO - Started process (PID=196) to work on /home/airflow/.local/lib/python3.8/site-packages/airflow/example_dags/example_latest_only_with_trigger.py
[2023-09-17T12:42:00.293+0000] {processor.py:829} INFO - Processing file /home/airflow/.local/lib/python3.8/site-packages/airflow/example_dags/example_latest_only_with_trigger.py for tasks to queue
[2023-09-17T12:42:00.297+0000] {logging_mixin.py:151} INFO - [2023-09-17T12:42:00.296+0000] {dagbag.py:539} INFO - Filling up the DagBag from /home/airflow/.local/lib/python3.8/site-packages/airflow/example_dags/example_latest_only_with_trigger.py
[2023-09-17T12:42:00.306+0000] {processor.py:839} INFO - DAG(s) dict_keys(['latest_only_with_trigger']) retrieved from /home/airflow/.local/lib/python3.8/site-packages/airflow/example_dags/example_latest_only_with_trigger.py
[2023-09-17T12:42:00.349+0000] {logging_mixin.py:151} INFO - [2023-09-17T12:42:00.349+0000] {dag.py:2915} INFO - Sync 1 DAGs
[2023-09-17T12:42:00.397+0000] {logging_mixin.py:151} INFO - [2023-09-17T12:42:00.397+0000] {dag.py:3696} INFO - Setting next_dagrun for latest_only_with_trigger to 2023-09-17T08:42:00.397039+00:00, run_after=2023-09-17T12:42:00.397039+00:00
[2023-09-17T12:42:00.703+0000] {processor.py:179} INFO - Processing /home/airflow/.local/lib/python3.8/site-packages/airflow/example_dags/example_latest_only_with_trigger.py took 0.489 seconds
[2023-09-17T12:42:30.922+0000] {processor.py:157} INFO - Started process (PID=250) to work on /home/airflow/.local/lib/python3.8/site-packages/airflow/example_dags/example_latest_only_with_trigger.py
[2023-09-17T12:42:30.923+0000] {processor.py:829} INFO - Processing file /home/airflow/.local/lib/python3.8/site-packages/airflow/example_dags/example_latest_only_with_trigger.py for tasks to queue
[2023-09-17T12:42:30.926+0000] {logging_mixin.py:151} INFO - [2023-09-17T12:42:30.926+0000] {dagbag.py:539} INFO - Filling up the DagBag from /home/airflow/.local/lib/python3.8/site-packages/airflow/example_dags/example_latest_only_with_trigger.py
[2023-09-17T12:42:30.933+0000] {processor.py:839} INFO - DAG(s) dict_keys(['latest_only_with_trigger']) retrieved from /home/airflow/.local/lib/python3.8/site-packages/airflow/example_dags/example_latest_only_with_trigger.py
[2023-09-17T12:42:30.967+0000] {logging_mixin.py:151} INFO - [2023-09-17T12:42:30.967+0000] {dag.py:2915} INFO - Sync 1 DAGs
[2023-09-17T12:42:31.011+0000] {logging_mixin.py:151} INFO - [2023-09-17T12:42:31.010+0000] {dag.py:3696} INFO - Setting next_dagrun for latest_only_with_trigger to 2023-09-17T08:42:31.010560+00:00, run_after=2023-09-17T12:42:31.010560+00:00
[2023-09-17T12:42:31.061+0000] {processor.py:179} INFO - Processing /home/airflow/.local/lib/python3.8/site-packages/airflow/example_dags/example_latest_only_with_trigger.py took 0.143 seconds
[2023-09-17T12:43:02.026+0000] {processor.py:157} INFO - Started process (PID=305) to work on /home/airflow/.local/lib/python3.8/site-packages/airflow/example_dags/example_latest_only_with_trigger.py
[2023-09-17T12:43:02.061+0000] {processor.py:829} INFO - Processing file /home/airflow/.local/lib/python3.8/site-packages/airflow/example_dags/example_latest_only_with_trigger.py for tasks to queue
[2023-09-17T12:43:02.069+0000] {logging_mixin.py:151} INFO - [2023-09-17T12:43:02.069+0000] {dagbag.py:539} INFO - Filling up the DagBag from /home/airflow/.local/lib/python3.8/site-packages/airflow/example_dags/example_latest_only_with_trigger.py
[2023-09-17T12:43:02.096+0000] {processor.py:839} INFO - DAG(s) dict_keys(['latest_only_with_trigger']) retrieved from /home/airflow/.local/lib/python3.8/site-packages/airflow/example_dags/example_latest_only_with_trigger.py
[2023-09-17T12:43:02.171+0000] {logging_mixin.py:151} INFO - [2023-09-17T12:43:02.170+0000] {dag.py:2915} INFO - Sync 1 DAGs
[2023-09-17T12:43:02.230+0000] {logging_mixin.py:151} INFO - [2023-09-17T12:43:02.230+0000] {dag.py:3696} INFO - Setting next_dagrun for latest_only_with_trigger to 2023-09-17T08:43:02.230096+00:00, run_after=2023-09-17T12:43:02.230096+00:00
[2023-09-17T12:43:02.281+0000] {processor.py:179} INFO - Processing /home/airflow/.local/lib/python3.8/site-packages/airflow/example_dags/example_latest_only_with_trigger.py took 0.271 seconds
[2023-09-17T12:43:32.435+0000] {processor.py:157} INFO - Started process (PID=361) to work on /home/airflow/.local/lib/python3.8/site-packages/airflow/example_dags/example_latest_only_with_trigger.py
[2023-09-17T12:43:32.436+0000] {processor.py:829} INFO - Processing file /home/airflow/.local/lib/python3.8/site-packages/airflow/example_dags/example_latest_only_with_trigger.py for tasks to queue
[2023-09-17T12:43:32.438+0000] {logging_mixin.py:151} INFO - [2023-09-17T12:43:32.438+0000] {dagbag.py:539} INFO - Filling up the DagBag from /home/airflow/.local/lib/python3.8/site-packages/airflow/example_dags/example_latest_only_with_trigger.py
[2023-09-17T12:43:32.444+0000] {processor.py:839} INFO - DAG(s) dict_keys(['latest_only_with_trigger']) retrieved from /home/airflow/.local/lib/python3.8/site-packages/airflow/example_dags/example_latest_only_with_trigger.py
[2023-09-17T12:43:32.470+0000] {logging_mixin.py:151} INFO - [2023-09-17T12:43:32.470+0000] {dag.py:2915} INFO - Sync 1 DAGs
[2023-09-17T12:43:32.498+0000] {logging_mixin.py:151} INFO - [2023-09-17T12:43:32.497+0000] {dag.py:3696} INFO - Setting next_dagrun for latest_only_with_trigger to 2023-09-17T08:43:32.497573+00:00, run_after=2023-09-17T12:43:32.497573+00:00
[2023-09-17T12:43:32.523+0000] {processor.py:179} INFO - Processing /home/airflow/.local/lib/python3.8/site-packages/airflow/example_dags/example_latest_only_with_trigger.py took 0.092 seconds
[2023-09-17T12:44:02.678+0000] {processor.py:157} INFO - Started process (PID=415) to work on /home/airflow/.local/lib/python3.8/site-packages/airflow/example_dags/example_latest_only_with_trigger.py
[2023-09-17T12:44:02.679+0000] {processor.py:829} INFO - Processing file /home/airflow/.local/lib/python3.8/site-packages/airflow/example_dags/example_latest_only_with_trigger.py for tasks to queue
[2023-09-17T12:44:02.681+0000] {logging_mixin.py:151} INFO - [2023-09-17T12:44:02.681+0000] {dagbag.py:539} INFO - Filling up the DagBag from /home/airflow/.local/lib/python3.8/site-packages/airflow/example_dags/example_latest_only_with_trigger.py
[2023-09-17T12:44:02.688+0000] {processor.py:839} INFO - DAG(s) dict_keys(['latest_only_with_trigger']) retrieved from /home/airflow/.local/lib/python3.8/site-packages/airflow/example_dags/example_latest_only_with_trigger.py
[2023-09-17T12:44:02.718+0000] {logging_mixin.py:151} INFO - [2023-09-17T12:44:02.718+0000] {dag.py:2915} INFO - Sync 1 DAGs
[2023-09-17T12:44:02.752+0000] {logging_mixin.py:151} INFO - [2023-09-17T12:44:02.751+0000] {dag.py:3696} INFO - Setting next_dagrun for latest_only_with_trigger to 2023-09-17T08:44:02.751498+00:00, run_after=2023-09-17T12:44:02.751498+00:00
[2023-09-17T12:44:02.791+0000] {processor.py:179} INFO - Processing /home/airflow/.local/lib/python3.8/site-packages/airflow/example_dags/example_latest_only_with_trigger.py took 0.117 seconds
[2023-09-17T12:44:32.929+0000] {processor.py:157} INFO - Started process (PID=471) to work on /home/airflow/.local/lib/python3.8/site-packages/airflow/example_dags/example_latest_only_with_trigger.py
[2023-09-17T12:44:32.930+0000] {processor.py:829} INFO - Processing file /home/airflow/.local/lib/python3.8/site-packages/airflow/example_dags/example_latest_only_with_trigger.py for tasks to queue
[2023-09-17T12:44:32.933+0000] {logging_mixin.py:151} INFO - [2023-09-17T12:44:32.933+0000] {dagbag.py:539} INFO - Filling up the DagBag from /home/airflow/.local/lib/python3.8/site-packages/airflow/example_dags/example_latest_only_with_trigger.py
[2023-09-17T12:44:32.940+0000] {processor.py:839} INFO - DAG(s) dict_keys(['latest_only_with_trigger']) retrieved from /home/airflow/.local/lib/python3.8/site-packages/airflow/example_dags/example_latest_only_with_trigger.py
[2023-09-17T12:44:32.974+0000] {logging_mixin.py:151} INFO - [2023-09-17T12:44:32.974+0000] {dag.py:2915} INFO - Sync 1 DAGs
[2023-09-17T12:44:33.013+0000] {logging_mixin.py:151} INFO - [2023-09-17T12:44:33.013+0000] {dag.py:3696} INFO - Setting next_dagrun for latest_only_with_trigger to 2023-09-17T08:44:33.013201+00:00, run_after=2023-09-17T12:44:33.013201+00:00
[2023-09-17T12:44:33.058+0000] {processor.py:179} INFO - Processing /home/airflow/.local/lib/python3.8/site-packages/airflow/example_dags/example_latest_only_with_trigger.py took 0.132 seconds
[2023-09-17T12:45:03.516+0000] {processor.py:157} INFO - Started process (PID=526) to work on /home/airflow/.local/lib/python3.8/site-packages/airflow/example_dags/example_latest_only_with_trigger.py
[2023-09-17T12:45:03.517+0000] {processor.py:829} INFO - Processing file /home/airflow/.local/lib/python3.8/site-packages/airflow/example_dags/example_latest_only_with_trigger.py for tasks to queue
[2023-09-17T12:45:03.519+0000] {logging_mixin.py:151} INFO - [2023-09-17T12:45:03.519+0000] {dagbag.py:539} INFO - Filling up the DagBag from /home/airflow/.local/lib/python3.8/site-packages/airflow/example_dags/example_latest_only_with_trigger.py
[2023-09-17T12:45:03.526+0000] {processor.py:839} INFO - DAG(s) dict_keys(['latest_only_with_trigger']) retrieved from /home/airflow/.local/lib/python3.8/site-packages/airflow/example_dags/example_latest_only_with_trigger.py
[2023-09-17T12:45:03.555+0000] {logging_mixin.py:151} INFO - [2023-09-17T12:45:03.554+0000] {dag.py:2915} INFO - Sync 1 DAGs
[2023-09-17T12:45:03.594+0000] {logging_mixin.py:151} INFO - [2023-09-17T12:45:03.593+0000] {dag.py:3696} INFO - Setting next_dagrun for latest_only_with_trigger to 2023-09-17T08:45:03.593300+00:00, run_after=2023-09-17T12:45:03.593300+00:00
[2023-09-17T12:45:03.629+0000] {processor.py:179} INFO - Processing /home/airflow/.local/lib/python3.8/site-packages/airflow/example_dags/example_latest_only_with_trigger.py took 0.117 seconds
[2023-09-17T12:45:33.760+0000] {processor.py:157} INFO - Started process (PID=581) to work on /home/airflow/.local/lib/python3.8/site-packages/airflow/example_dags/example_latest_only_with_trigger.py
[2023-09-17T12:45:33.880+0000] {processor.py:829} INFO - Processing file /home/airflow/.local/lib/python3.8/site-packages/airflow/example_dags/example_latest_only_with_trigger.py for tasks to queue
[2023-09-17T12:45:33.883+0000] {logging_mixin.py:151} INFO - [2023-09-17T12:45:33.883+0000] {dagbag.py:539} INFO - Filling up the DagBag from /home/airflow/.local/lib/python3.8/site-packages/airflow/example_dags/example_latest_only_with_trigger.py
[2023-09-17T12:45:33.891+0000] {processor.py:839} INFO - DAG(s) dict_keys(['latest_only_with_trigger']) retrieved from /home/airflow/.local/lib/python3.8/site-packages/airflow/example_dags/example_latest_only_with_trigger.py
[2023-09-17T12:45:33.941+0000] {logging_mixin.py:151} INFO - [2023-09-17T12:45:33.941+0000] {dag.py:2915} INFO - Sync 1 DAGs
[2023-09-17T12:45:33.988+0000] {logging_mixin.py:151} INFO - [2023-09-17T12:45:33.987+0000] {dag.py:3696} INFO - Setting next_dagrun for latest_only_with_trigger to 2023-09-17T08:45:33.987351+00:00, run_after=2023-09-17T12:45:33.987351+00:00
[2023-09-17T12:45:34.104+0000] {processor.py:179} INFO - Processing /home/airflow/.local/lib/python3.8/site-packages/airflow/example_dags/example_latest_only_with_trigger.py took 0.350 seconds
[2023-09-17T12:46:04.169+0000] {processor.py:157} INFO - Started process (PID=641) to work on /home/airflow/.local/lib/python3.8/site-packages/airflow/example_dags/example_latest_only_with_trigger.py
[2023-09-17T12:46:04.171+0000] {processor.py:829} INFO - Processing file /home/airflow/.local/lib/python3.8/site-packages/airflow/example_dags/example_latest_only_with_trigger.py for tasks to queue
[2023-09-17T12:46:04.174+0000] {logging_mixin.py:151} INFO - [2023-09-17T12:46:04.173+0000] {dagbag.py:539} INFO - Filling up the DagBag from /home/airflow/.local/lib/python3.8/site-packages/airflow/example_dags/example_latest_only_with_trigger.py
[2023-09-17T12:46:04.186+0000] {processor.py:839} INFO - DAG(s) dict_keys(['latest_only_with_trigger']) retrieved from /home/airflow/.local/lib/python3.8/site-packages/airflow/example_dags/example_latest_only_with_trigger.py
[2023-09-17T12:46:04.243+0000] {logging_mixin.py:151} INFO - [2023-09-17T12:46:04.243+0000] {dag.py:2915} INFO - Sync 1 DAGs
[2023-09-17T12:46:04.288+0000] {logging_mixin.py:151} INFO - [2023-09-17T12:46:04.288+0000] {dag.py:3696} INFO - Setting next_dagrun for latest_only_with_trigger to 2023-09-17T08:46:04.287817+00:00, run_after=2023-09-17T12:46:04.287817+00:00
[2023-09-17T12:46:04.359+0000] {processor.py:179} INFO - Processing /home/airflow/.local/lib/python3.8/site-packages/airflow/example_dags/example_latest_only_with_trigger.py took 0.195 seconds
[2023-09-17T12:46:34.633+0000] {processor.py:157} INFO - Started process (PID=697) to work on /home/airflow/.local/lib/python3.8/site-packages/airflow/example_dags/example_latest_only_with_trigger.py
[2023-09-17T12:46:34.697+0000] {processor.py:829} INFO - Processing file /home/airflow/.local/lib/python3.8/site-packages/airflow/example_dags/example_latest_only_with_trigger.py for tasks to queue
[2023-09-17T12:46:34.699+0000] {logging_mixin.py:151} INFO - [2023-09-17T12:46:34.699+0000] {dagbag.py:539} INFO - Filling up the DagBag from /home/airflow/.local/lib/python3.8/site-packages/airflow/example_dags/example_latest_only_with_trigger.py
[2023-09-17T12:46:34.723+0000] {processor.py:839} INFO - DAG(s) dict_keys(['latest_only_with_trigger']) retrieved from /home/airflow/.local/lib/python3.8/site-packages/airflow/example_dags/example_latest_only_with_trigger.py
[2023-09-17T12:46:34.814+0000] {logging_mixin.py:151} INFO - [2023-09-17T12:46:34.813+0000] {dag.py:2915} INFO - Sync 1 DAGs
[2023-09-17T12:46:34.900+0000] {logging_mixin.py:151} INFO - [2023-09-17T12:46:34.899+0000] {dag.py:3696} INFO - Setting next_dagrun for latest_only_with_trigger to 2023-09-17T08:46:34.899567+00:00, run_after=2023-09-17T12:46:34.899567+00:00
[2023-09-17T12:46:34.947+0000] {processor.py:179} INFO - Processing /home/airflow/.local/lib/python3.8/site-packages/airflow/example_dags/example_latest_only_with_trigger.py took 0.321 seconds
[2023-09-17T12:47:05.009+0000] {processor.py:157} INFO - Started process (PID=755) to work on /home/airflow/.local/lib/python3.8/site-packages/airflow/example_dags/example_latest_only_with_trigger.py
[2023-09-17T12:47:05.010+0000] {processor.py:829} INFO - Processing file /home/airflow/.local/lib/python3.8/site-packages/airflow/example_dags/example_latest_only_with_trigger.py for tasks to queue
[2023-09-17T12:47:05.014+0000] {logging_mixin.py:151} INFO - [2023-09-17T12:47:05.013+0000] {dagbag.py:539} INFO - Filling up the DagBag from /home/airflow/.local/lib/python3.8/site-packages/airflow/example_dags/example_latest_only_with_trigger.py
[2023-09-17T12:47:05.025+0000] {processor.py:839} INFO - DAG(s) dict_keys(['latest_only_with_trigger']) retrieved from /home/airflow/.local/lib/python3.8/site-packages/airflow/example_dags/example_latest_only_with_trigger.py
[2023-09-17T12:47:05.065+0000] {logging_mixin.py:151} INFO - [2023-09-17T12:47:05.064+0000] {dag.py:2915} INFO - Sync 1 DAGs
[2023-09-17T12:47:05.112+0000] {logging_mixin.py:151} INFO - [2023-09-17T12:47:05.112+0000] {dag.py:3696} INFO - Setting next_dagrun for latest_only_with_trigger to 2023-09-17T08:47:05.111731+00:00, run_after=2023-09-17T12:47:05.111731+00:00
[2023-09-17T12:47:05.285+0000] {processor.py:179} INFO - Processing /home/airflow/.local/lib/python3.8/site-packages/airflow/example_dags/example_latest_only_with_trigger.py took 0.283 seconds
[2023-09-17T12:47:35.856+0000] {processor.py:157} INFO - Started process (PID=809) to work on /home/airflow/.local/lib/python3.8/site-packages/airflow/example_dags/example_latest_only_with_trigger.py
[2023-09-17T12:47:36.130+0000] {processor.py:829} INFO - Processing file /home/airflow/.local/lib/python3.8/site-packages/airflow/example_dags/example_latest_only_with_trigger.py for tasks to queue
[2023-09-17T12:47:36.134+0000] {logging_mixin.py:151} INFO - [2023-09-17T12:47:36.133+0000] {dagbag.py:539} INFO - Filling up the DagBag from /home/airflow/.local/lib/python3.8/site-packages/airflow/example_dags/example_latest_only_with_trigger.py
[2023-09-17T12:47:36.147+0000] {processor.py:839} INFO - DAG(s) dict_keys(['latest_only_with_trigger']) retrieved from /home/airflow/.local/lib/python3.8/site-packages/airflow/example_dags/example_latest_only_with_trigger.py
[2023-09-17T12:47:36.199+0000] {logging_mixin.py:151} INFO - [2023-09-17T12:47:36.199+0000] {dag.py:2915} INFO - Sync 1 DAGs
[2023-09-17T12:47:36.285+0000] {logging_mixin.py:151} INFO - [2023-09-17T12:47:36.285+0000] {dag.py:3696} INFO - Setting next_dagrun for latest_only_with_trigger to 2023-09-17T08:47:36.284926+00:00, run_after=2023-09-17T12:47:36.284926+00:00
[2023-09-17T12:47:36.384+0000] {processor.py:179} INFO - Processing /home/airflow/.local/lib/python3.8/site-packages/airflow/example_dags/example_latest_only_with_trigger.py took 0.532 seconds
[2023-09-17T12:48:07.316+0000] {processor.py:157} INFO - Started process (PID=864) to work on /home/airflow/.local/lib/python3.8/site-packages/airflow/example_dags/example_latest_only_with_trigger.py
[2023-09-17T12:48:07.318+0000] {processor.py:829} INFO - Processing file /home/airflow/.local/lib/python3.8/site-packages/airflow/example_dags/example_latest_only_with_trigger.py for tasks to queue
[2023-09-17T12:48:07.322+0000] {logging_mixin.py:151} INFO - [2023-09-17T12:48:07.321+0000] {dagbag.py:539} INFO - Filling up the DagBag from /home/airflow/.local/lib/python3.8/site-packages/airflow/example_dags/example_latest_only_with_trigger.py
[2023-09-17T12:48:07.334+0000] {processor.py:839} INFO - DAG(s) dict_keys(['latest_only_with_trigger']) retrieved from /home/airflow/.local/lib/python3.8/site-packages/airflow/example_dags/example_latest_only_with_trigger.py
[2023-09-17T12:48:07.391+0000] {logging_mixin.py:151} INFO - [2023-09-17T12:48:07.391+0000] {dag.py:2915} INFO - Sync 1 DAGs
[2023-09-17T12:48:07.459+0000] {logging_mixin.py:151} INFO - [2023-09-17T12:48:07.458+0000] {dag.py:3696} INFO - Setting next_dagrun for latest_only_with_trigger to 2023-09-17T08:48:07.458407+00:00, run_after=2023-09-17T12:48:07.458407+00:00
[2023-09-17T12:48:07.526+0000] {processor.py:179} INFO - Processing /home/airflow/.local/lib/python3.8/site-packages/airflow/example_dags/example_latest_only_with_trigger.py took 0.214 seconds
[2023-09-17T12:48:37.843+0000] {processor.py:157} INFO - Started process (PID=919) to work on /home/airflow/.local/lib/python3.8/site-packages/airflow/example_dags/example_latest_only_with_trigger.py
[2023-09-17T12:48:37.844+0000] {processor.py:829} INFO - Processing file /home/airflow/.local/lib/python3.8/site-packages/airflow/example_dags/example_latest_only_with_trigger.py for tasks to queue
[2023-09-17T12:48:37.848+0000] {logging_mixin.py:151} INFO - [2023-09-17T12:48:37.847+0000] {dagbag.py:539} INFO - Filling up the DagBag from /home/airflow/.local/lib/python3.8/site-packages/airflow/example_dags/example_latest_only_with_trigger.py
[2023-09-17T12:48:37.859+0000] {processor.py:839} INFO - DAG(s) dict_keys(['latest_only_with_trigger']) retrieved from /home/airflow/.local/lib/python3.8/site-packages/airflow/example_dags/example_latest_only_with_trigger.py
[2023-09-17T12:48:37.905+0000] {logging_mixin.py:151} INFO - [2023-09-17T12:48:37.905+0000] {dag.py:2915} INFO - Sync 1 DAGs
[2023-09-17T12:48:37.951+0000] {logging_mixin.py:151} INFO - [2023-09-17T12:48:37.950+0000] {dag.py:3696} INFO - Setting next_dagrun for latest_only_with_trigger to 2023-09-17T08:48:37.950425+00:00, run_after=2023-09-17T12:48:37.950425+00:00
[2023-09-17T12:48:37.993+0000] {processor.py:179} INFO - Processing /home/airflow/.local/lib/python3.8/site-packages/airflow/example_dags/example_latest_only_with_trigger.py took 0.156 seconds
[2023-09-17T12:49:08.620+0000] {processor.py:157} INFO - Started process (PID=975) to work on /home/airflow/.local/lib/python3.8/site-packages/airflow/example_dags/example_latest_only_with_trigger.py
[2023-09-17T12:49:08.624+0000] {processor.py:829} INFO - Processing file /home/airflow/.local/lib/python3.8/site-packages/airflow/example_dags/example_latest_only_with_trigger.py for tasks to queue
[2023-09-17T12:49:08.627+0000] {logging_mixin.py:151} INFO - [2023-09-17T12:49:08.627+0000] {dagbag.py:539} INFO - Filling up the DagBag from /home/airflow/.local/lib/python3.8/site-packages/airflow/example_dags/example_latest_only_with_trigger.py
[2023-09-17T12:49:08.638+0000] {processor.py:839} INFO - DAG(s) dict_keys(['latest_only_with_trigger']) retrieved from /home/airflow/.local/lib/python3.8/site-packages/airflow/example_dags/example_latest_only_with_trigger.py
[2023-09-17T12:49:08.678+0000] {logging_mixin.py:151} INFO - [2023-09-17T12:49:08.678+0000] {dag.py:2915} INFO - Sync 1 DAGs
[2023-09-17T12:49:08.722+0000] {logging_mixin.py:151} INFO - [2023-09-17T12:49:08.721+0000] {dag.py:3696} INFO - Setting next_dagrun for latest_only_with_trigger to 2023-09-17T08:49:08.721581+00:00, run_after=2023-09-17T12:49:08.721581+00:00
[2023-09-17T12:49:08.772+0000] {processor.py:179} INFO - Processing /home/airflow/.local/lib/python3.8/site-packages/airflow/example_dags/example_latest_only_with_trigger.py took 0.157 seconds
[2023-09-17T12:49:39.048+0000] {processor.py:157} INFO - Started process (PID=1030) to work on /home/airflow/.local/lib/python3.8/site-packages/airflow/example_dags/example_latest_only_with_trigger.py
[2023-09-17T12:49:39.049+0000] {processor.py:829} INFO - Processing file /home/airflow/.local/lib/python3.8/site-packages/airflow/example_dags/example_latest_only_with_trigger.py for tasks to queue
[2023-09-17T12:49:39.052+0000] {logging_mixin.py:151} INFO - [2023-09-17T12:49:39.052+0000] {dagbag.py:539} INFO - Filling up the DagBag from /home/airflow/.local/lib/python3.8/site-packages/airflow/example_dags/example_latest_only_with_trigger.py
[2023-09-17T12:49:39.063+0000] {processor.py:839} INFO - DAG(s) dict_keys(['latest_only_with_trigger']) retrieved from /home/airflow/.local/lib/python3.8/site-packages/airflow/example_dags/example_latest_only_with_trigger.py
[2023-09-17T12:49:39.108+0000] {logging_mixin.py:151} INFO - [2023-09-17T12:49:39.108+0000] {dag.py:2915} INFO - Sync 1 DAGs
[2023-09-17T12:49:39.158+0000] {logging_mixin.py:151} INFO - [2023-09-17T12:49:39.158+0000] {dag.py:3696} INFO - Setting next_dagrun for latest_only_with_trigger to 2023-09-17T08:49:39.157930+00:00, run_after=2023-09-17T12:49:39.157930+00:00
[2023-09-17T12:49:39.203+0000] {processor.py:179} INFO - Processing /home/airflow/.local/lib/python3.8/site-packages/airflow/example_dags/example_latest_only_with_trigger.py took 0.158 seconds
[2023-09-17T12:50:10.124+0000] {processor.py:157} INFO - Started process (PID=1085) to work on /home/airflow/.local/lib/python3.8/site-packages/airflow/example_dags/example_latest_only_with_trigger.py
[2023-09-17T12:50:10.125+0000] {processor.py:829} INFO - Processing file /home/airflow/.local/lib/python3.8/site-packages/airflow/example_dags/example_latest_only_with_trigger.py for tasks to queue
[2023-09-17T12:50:10.128+0000] {logging_mixin.py:151} INFO - [2023-09-17T12:50:10.127+0000] {dagbag.py:539} INFO - Filling up the DagBag from /home/airflow/.local/lib/python3.8/site-packages/airflow/example_dags/example_latest_only_with_trigger.py
[2023-09-17T12:50:10.135+0000] {processor.py:839} INFO - DAG(s) dict_keys(['latest_only_with_trigger']) retrieved from /home/airflow/.local/lib/python3.8/site-packages/airflow/example_dags/example_latest_only_with_trigger.py
[2023-09-17T12:50:10.165+0000] {logging_mixin.py:151} INFO - [2023-09-17T12:50:10.165+0000] {dag.py:2915} INFO - Sync 1 DAGs
[2023-09-17T12:50:10.199+0000] {logging_mixin.py:151} INFO - [2023-09-17T12:50:10.199+0000] {dag.py:3696} INFO - Setting next_dagrun for latest_only_with_trigger to 2023-09-17T08:50:10.198791+00:00, run_after=2023-09-17T12:50:10.198791+00:00
[2023-09-17T12:50:10.247+0000] {processor.py:179} INFO - Processing /home/airflow/.local/lib/python3.8/site-packages/airflow/example_dags/example_latest_only_with_trigger.py took 0.127 seconds
[2023-09-17T12:50:41.105+0000] {processor.py:157} INFO - Started process (PID=1140) to work on /home/airflow/.local/lib/python3.8/site-packages/airflow/example_dags/example_latest_only_with_trigger.py
[2023-09-17T12:50:41.130+0000] {processor.py:829} INFO - Processing file /home/airflow/.local/lib/python3.8/site-packages/airflow/example_dags/example_latest_only_with_trigger.py for tasks to queue
[2023-09-17T12:50:41.143+0000] {logging_mixin.py:151} INFO - [2023-09-17T12:50:41.142+0000] {dagbag.py:539} INFO - Filling up the DagBag from /home/airflow/.local/lib/python3.8/site-packages/airflow/example_dags/example_latest_only_with_trigger.py
[2023-09-17T12:50:41.166+0000] {processor.py:839} INFO - DAG(s) dict_keys(['latest_only_with_trigger']) retrieved from /home/airflow/.local/lib/python3.8/site-packages/airflow/example_dags/example_latest_only_with_trigger.py
[2023-09-17T12:50:41.249+0000] {logging_mixin.py:151} INFO - [2023-09-17T12:50:41.248+0000] {dag.py:2915} INFO - Sync 1 DAGs
[2023-09-17T12:50:41.363+0000] {logging_mixin.py:151} INFO - [2023-09-17T12:50:41.363+0000] {dag.py:3696} INFO - Setting next_dagrun for latest_only_with_trigger to 2023-09-17T08:50:41.362148+00:00, run_after=2023-09-17T12:50:41.362148+00:00
[2023-09-17T12:50:41.517+0000] {processor.py:179} INFO - Processing /home/airflow/.local/lib/python3.8/site-packages/airflow/example_dags/example_latest_only_with_trigger.py took 0.430 seconds
[2023-09-17T12:51:11.706+0000] {processor.py:157} INFO - Started process (PID=1195) to work on /home/airflow/.local/lib/python3.8/site-packages/airflow/example_dags/example_latest_only_with_trigger.py
[2023-09-17T12:51:11.709+0000] {processor.py:829} INFO - Processing file /home/airflow/.local/lib/python3.8/site-packages/airflow/example_dags/example_latest_only_with_trigger.py for tasks to queue
[2023-09-17T12:51:11.713+0000] {logging_mixin.py:151} INFO - [2023-09-17T12:51:11.712+0000] {dagbag.py:539} INFO - Filling up the DagBag from /home/airflow/.local/lib/python3.8/site-packages/airflow/example_dags/example_latest_only_with_trigger.py
[2023-09-17T12:51:11.758+0000] {processor.py:839} INFO - DAG(s) dict_keys(['latest_only_with_trigger']) retrieved from /home/airflow/.local/lib/python3.8/site-packages/airflow/example_dags/example_latest_only_with_trigger.py
[2023-09-17T12:51:11.856+0000] {logging_mixin.py:151} INFO - [2023-09-17T12:51:11.855+0000] {dag.py:2915} INFO - Sync 1 DAGs
[2023-09-17T12:51:12.019+0000] {logging_mixin.py:151} INFO - [2023-09-17T12:51:12.018+0000] {dag.py:3696} INFO - Setting next_dagrun for latest_only_with_trigger to 2023-09-17T08:51:12.017733+00:00, run_after=2023-09-17T12:51:12.017733+00:00
[2023-09-17T12:51:12.119+0000] {processor.py:179} INFO - Processing /home/airflow/.local/lib/python3.8/site-packages/airflow/example_dags/example_latest_only_with_trigger.py took 0.436 seconds
[2023-09-17T12:51:42.281+0000] {processor.py:157} INFO - Started process (PID=1248) to work on /home/airflow/.local/lib/python3.8/site-packages/airflow/example_dags/example_latest_only_with_trigger.py
[2023-09-17T12:51:42.284+0000] {processor.py:829} INFO - Processing file /home/airflow/.local/lib/python3.8/site-packages/airflow/example_dags/example_latest_only_with_trigger.py for tasks to queue
[2023-09-17T12:51:42.291+0000] {logging_mixin.py:151} INFO - [2023-09-17T12:51:42.290+0000] {dagbag.py:539} INFO - Filling up the DagBag from /home/airflow/.local/lib/python3.8/site-packages/airflow/example_dags/example_latest_only_with_trigger.py
[2023-09-17T12:51:42.302+0000] {processor.py:839} INFO - DAG(s) dict_keys(['latest_only_with_trigger']) retrieved from /home/airflow/.local/lib/python3.8/site-packages/airflow/example_dags/example_latest_only_with_trigger.py
[2023-09-17T12:51:42.357+0000] {logging_mixin.py:151} INFO - [2023-09-17T12:51:42.357+0000] {dag.py:2915} INFO - Sync 1 DAGs
[2023-09-17T12:51:42.429+0000] {logging_mixin.py:151} INFO - [2023-09-17T12:51:42.428+0000] {dag.py:3696} INFO - Setting next_dagrun for latest_only_with_trigger to 2023-09-17T08:51:42.428008+00:00, run_after=2023-09-17T12:51:42.428008+00:00
[2023-09-17T12:51:42.525+0000] {processor.py:179} INFO - Processing /home/airflow/.local/lib/python3.8/site-packages/airflow/example_dags/example_latest_only_with_trigger.py took 0.255 seconds
[2023-09-17T12:52:13.192+0000] {processor.py:157} INFO - Started process (PID=1304) to work on /home/airflow/.local/lib/python3.8/site-packages/airflow/example_dags/example_latest_only_with_trigger.py
[2023-09-17T12:52:13.210+0000] {processor.py:829} INFO - Processing file /home/airflow/.local/lib/python3.8/site-packages/airflow/example_dags/example_latest_only_with_trigger.py for tasks to queue
[2023-09-17T12:52:13.216+0000] {logging_mixin.py:151} INFO - [2023-09-17T12:52:13.215+0000] {dagbag.py:539} INFO - Filling up the DagBag from /home/airflow/.local/lib/python3.8/site-packages/airflow/example_dags/example_latest_only_with_trigger.py
[2023-09-17T12:52:13.231+0000] {processor.py:839} INFO - DAG(s) dict_keys(['latest_only_with_trigger']) retrieved from /home/airflow/.local/lib/python3.8/site-packages/airflow/example_dags/example_latest_only_with_trigger.py
[2023-09-17T12:52:13.323+0000] {logging_mixin.py:151} INFO - [2023-09-17T12:52:13.323+0000] {dag.py:2915} INFO - Sync 1 DAGs
[2023-09-17T12:52:13.406+0000] {logging_mixin.py:151} INFO - [2023-09-17T12:52:13.406+0000] {dag.py:3696} INFO - Setting next_dagrun for latest_only_with_trigger to 2023-09-17T08:52:13.405818+00:00, run_after=2023-09-17T12:52:13.405818+00:00
[2023-09-17T12:52:13.474+0000] {processor.py:179} INFO - Processing /home/airflow/.local/lib/python3.8/site-packages/airflow/example_dags/example_latest_only_with_trigger.py took 0.289 seconds
[2023-09-17T12:52:43.580+0000] {processor.py:157} INFO - Started process (PID=1359) to work on /home/airflow/.local/lib/python3.8/site-packages/airflow/example_dags/example_latest_only_with_trigger.py
[2023-09-17T12:52:43.582+0000] {processor.py:829} INFO - Processing file /home/airflow/.local/lib/python3.8/site-packages/airflow/example_dags/example_latest_only_with_trigger.py for tasks to queue
[2023-09-17T12:52:43.590+0000] {logging_mixin.py:151} INFO - [2023-09-17T12:52:43.589+0000] {dagbag.py:539} INFO - Filling up the DagBag from /home/airflow/.local/lib/python3.8/site-packages/airflow/example_dags/example_latest_only_with_trigger.py
[2023-09-17T12:52:43.607+0000] {processor.py:839} INFO - DAG(s) dict_keys(['latest_only_with_trigger']) retrieved from /home/airflow/.local/lib/python3.8/site-packages/airflow/example_dags/example_latest_only_with_trigger.py
[2023-09-17T12:52:43.662+0000] {logging_mixin.py:151} INFO - [2023-09-17T12:52:43.662+0000] {dag.py:2915} INFO - Sync 1 DAGs
[2023-09-17T12:52:43.722+0000] {logging_mixin.py:151} INFO - [2023-09-17T12:52:43.722+0000] {dag.py:3696} INFO - Setting next_dagrun for latest_only_with_trigger to 2023-09-17T08:52:43.721937+00:00, run_after=2023-09-17T12:52:43.721937+00:00
[2023-09-17T12:52:43.773+0000] {processor.py:179} INFO - Processing /home/airflow/.local/lib/python3.8/site-packages/airflow/example_dags/example_latest_only_with_trigger.py took 0.197 seconds
