[2023-09-17T12:40:47.328+0000] {processor.py:157} INFO - Started process (PID=71) to work on /home/airflow/.local/lib/python3.8/site-packages/airflow/example_dags/example_branch_python_dop_operator_3.py
[2023-09-17T12:40:47.329+0000] {processor.py:829} INFO - Processing file /home/airflow/.local/lib/python3.8/site-packages/airflow/example_dags/example_branch_python_dop_operator_3.py for tasks to queue
[2023-09-17T12:40:47.332+0000] {logging_mixin.py:151} INFO - [2023-09-17T12:40:47.332+0000] {dagbag.py:539} INFO - Filling up the DagBag from /home/airflow/.local/lib/python3.8/site-packages/airflow/example_dags/example_branch_python_dop_operator_3.py
[2023-09-17T12:40:47.347+0000] {processor.py:839} INFO - DAG(s) dict_keys(['example_branch_dop_operator_v3']) retrieved from /home/airflow/.local/lib/python3.8/site-packages/airflow/example_dags/example_branch_python_dop_operator_3.py
[2023-09-17T12:40:47.836+0000] {logging_mixin.py:151} INFO - [2023-09-17T12:40:47.835+0000] {manager.py:499} INFO - Created Permission View: %s
[2023-09-17T12:40:47.977+0000] {logging_mixin.py:151} INFO - [2023-09-17T12:40:47.977+0000] {manager.py:499} INFO - Created Permission View: %s
[2023-09-17T12:40:48.068+0000] {logging_mixin.py:151} INFO - [2023-09-17T12:40:48.067+0000] {manager.py:499} INFO - Created Permission View: %s
[2023-09-17T12:40:48.068+0000] {logging_mixin.py:151} INFO - [2023-09-17T12:40:48.068+0000] {security.py:708} INFO - Not syncing DAG-level permissions for DAG 'DAG:example_branch_dop_operator_v3' as access control is unset.
[2023-09-17T12:40:48.068+0000] {logging_mixin.py:151} INFO - [2023-09-17T12:40:48.068+0000] {dag.py:2915} INFO - Sync 1 DAGs
[2023-09-17T12:40:48.085+0000] {logging_mixin.py:151} INFO - [2023-09-17T12:40:48.085+0000] {dag.py:2937} INFO - Creating ORM DAG for example_branch_dop_operator_v3
[2023-09-17T12:40:48.109+0000] {logging_mixin.py:151} INFO - [2023-09-17T12:40:48.108+0000] {dag.py:3696} INFO - Setting next_dagrun for example_branch_dop_operator_v3 to 2023-09-17T12:39:00+00:00, run_after=2023-09-17T12:40:00+00:00
[2023-09-17T12:40:48.232+0000] {processor.py:179} INFO - Processing /home/airflow/.local/lib/python3.8/site-packages/airflow/example_dags/example_branch_python_dop_operator_3.py took 0.907 seconds
[2023-09-17T12:41:19.887+0000] {processor.py:157} INFO - Started process (PID=126) to work on /home/airflow/.local/lib/python3.8/site-packages/airflow/example_dags/example_branch_python_dop_operator_3.py
[2023-09-17T12:41:19.970+0000] {processor.py:829} INFO - Processing file /home/airflow/.local/lib/python3.8/site-packages/airflow/example_dags/example_branch_python_dop_operator_3.py for tasks to queue
[2023-09-17T12:41:19.976+0000] {logging_mixin.py:151} INFO - [2023-09-17T12:41:19.975+0000] {dagbag.py:539} INFO - Filling up the DagBag from /home/airflow/.local/lib/python3.8/site-packages/airflow/example_dags/example_branch_python_dop_operator_3.py
[2023-09-17T12:41:20.099+0000] {processor.py:839} INFO - DAG(s) dict_keys(['example_branch_dop_operator_v3']) retrieved from /home/airflow/.local/lib/python3.8/site-packages/airflow/example_dags/example_branch_python_dop_operator_3.py
[2023-09-17T12:41:20.128+0000] {logging_mixin.py:151} INFO - [2023-09-17T12:41:20.127+0000] {dag.py:2915} INFO - Sync 1 DAGs
[2023-09-17T12:41:20.166+0000] {logging_mixin.py:151} INFO - [2023-09-17T12:41:20.165+0000] {dag.py:3696} INFO - Setting next_dagrun for example_branch_dop_operator_v3 to 2023-09-17T12:40:00+00:00, run_after=2023-09-17T12:41:00+00:00
[2023-09-17T12:41:20.395+0000] {processor.py:179} INFO - Processing /home/airflow/.local/lib/python3.8/site-packages/airflow/example_dags/example_branch_python_dop_operator_3.py took 0.511 seconds
[2023-09-17T12:41:51.082+0000] {processor.py:157} INFO - Started process (PID=181) to work on /home/airflow/.local/lib/python3.8/site-packages/airflow/example_dags/example_branch_python_dop_operator_3.py
[2023-09-17T12:41:51.087+0000] {processor.py:829} INFO - Processing file /home/airflow/.local/lib/python3.8/site-packages/airflow/example_dags/example_branch_python_dop_operator_3.py for tasks to queue
[2023-09-17T12:41:51.091+0000] {logging_mixin.py:151} INFO - [2023-09-17T12:41:51.091+0000] {dagbag.py:539} INFO - Filling up the DagBag from /home/airflow/.local/lib/python3.8/site-packages/airflow/example_dags/example_branch_python_dop_operator_3.py
[2023-09-17T12:41:51.111+0000] {processor.py:839} INFO - DAG(s) dict_keys(['example_branch_dop_operator_v3']) retrieved from /home/airflow/.local/lib/python3.8/site-packages/airflow/example_dags/example_branch_python_dop_operator_3.py
[2023-09-17T12:41:51.179+0000] {logging_mixin.py:151} INFO - [2023-09-17T12:41:51.179+0000] {dag.py:2915} INFO - Sync 1 DAGs
[2023-09-17T12:41:51.299+0000] {logging_mixin.py:151} INFO - [2023-09-17T12:41:51.298+0000] {dag.py:3696} INFO - Setting next_dagrun for example_branch_dop_operator_v3 to 2023-09-17T12:40:00+00:00, run_after=2023-09-17T12:41:00+00:00
[2023-09-17T12:41:51.350+0000] {processor.py:179} INFO - Processing /home/airflow/.local/lib/python3.8/site-packages/airflow/example_dags/example_branch_python_dop_operator_3.py took 0.275 seconds
[2023-09-17T12:42:21.954+0000] {processor.py:157} INFO - Started process (PID=236) to work on /home/airflow/.local/lib/python3.8/site-packages/airflow/example_dags/example_branch_python_dop_operator_3.py
[2023-09-17T12:42:21.955+0000] {processor.py:829} INFO - Processing file /home/airflow/.local/lib/python3.8/site-packages/airflow/example_dags/example_branch_python_dop_operator_3.py for tasks to queue
[2023-09-17T12:42:21.959+0000] {logging_mixin.py:151} INFO - [2023-09-17T12:42:21.958+0000] {dagbag.py:539} INFO - Filling up the DagBag from /home/airflow/.local/lib/python3.8/site-packages/airflow/example_dags/example_branch_python_dop_operator_3.py
[2023-09-17T12:42:21.970+0000] {processor.py:839} INFO - DAG(s) dict_keys(['example_branch_dop_operator_v3']) retrieved from /home/airflow/.local/lib/python3.8/site-packages/airflow/example_dags/example_branch_python_dop_operator_3.py
[2023-09-17T12:42:22.001+0000] {logging_mixin.py:151} INFO - [2023-09-17T12:42:22.001+0000] {dag.py:2915} INFO - Sync 1 DAGs
[2023-09-17T12:42:22.057+0000] {logging_mixin.py:151} INFO - [2023-09-17T12:42:22.056+0000] {dag.py:3696} INFO - Setting next_dagrun for example_branch_dop_operator_v3 to 2023-09-17T12:41:00+00:00, run_after=2023-09-17T12:42:00+00:00
[2023-09-17T12:42:22.091+0000] {processor.py:179} INFO - Processing /home/airflow/.local/lib/python3.8/site-packages/airflow/example_dags/example_branch_python_dop_operator_3.py took 0.140 seconds
[2023-09-17T12:42:52.530+0000] {processor.py:157} INFO - Started process (PID=291) to work on /home/airflow/.local/lib/python3.8/site-packages/airflow/example_dags/example_branch_python_dop_operator_3.py
[2023-09-17T12:42:52.531+0000] {processor.py:829} INFO - Processing file /home/airflow/.local/lib/python3.8/site-packages/airflow/example_dags/example_branch_python_dop_operator_3.py for tasks to queue
[2023-09-17T12:42:52.534+0000] {logging_mixin.py:151} INFO - [2023-09-17T12:42:52.533+0000] {dagbag.py:539} INFO - Filling up the DagBag from /home/airflow/.local/lib/python3.8/site-packages/airflow/example_dags/example_branch_python_dop_operator_3.py
[2023-09-17T12:42:52.546+0000] {processor.py:839} INFO - DAG(s) dict_keys(['example_branch_dop_operator_v3']) retrieved from /home/airflow/.local/lib/python3.8/site-packages/airflow/example_dags/example_branch_python_dop_operator_3.py
[2023-09-17T12:42:52.572+0000] {logging_mixin.py:151} INFO - [2023-09-17T12:42:52.572+0000] {dag.py:2915} INFO - Sync 1 DAGs
[2023-09-17T12:42:52.612+0000] {logging_mixin.py:151} INFO - [2023-09-17T12:42:52.612+0000] {dag.py:3696} INFO - Setting next_dagrun for example_branch_dop_operator_v3 to 2023-09-17T12:41:00+00:00, run_after=2023-09-17T12:42:00+00:00
[2023-09-17T12:42:52.652+0000] {processor.py:179} INFO - Processing /home/airflow/.local/lib/python3.8/site-packages/airflow/example_dags/example_branch_python_dop_operator_3.py took 0.126 seconds
[2023-09-17T12:43:23.315+0000] {processor.py:157} INFO - Started process (PID=346) to work on /home/airflow/.local/lib/python3.8/site-packages/airflow/example_dags/example_branch_python_dop_operator_3.py
[2023-09-17T12:43:23.317+0000] {processor.py:829} INFO - Processing file /home/airflow/.local/lib/python3.8/site-packages/airflow/example_dags/example_branch_python_dop_operator_3.py for tasks to queue
[2023-09-17T12:43:23.321+0000] {logging_mixin.py:151} INFO - [2023-09-17T12:43:23.320+0000] {dagbag.py:539} INFO - Filling up the DagBag from /home/airflow/.local/lib/python3.8/site-packages/airflow/example_dags/example_branch_python_dop_operator_3.py
[2023-09-17T12:43:23.344+0000] {processor.py:839} INFO - DAG(s) dict_keys(['example_branch_dop_operator_v3']) retrieved from /home/airflow/.local/lib/python3.8/site-packages/airflow/example_dags/example_branch_python_dop_operator_3.py
[2023-09-17T12:43:23.414+0000] {logging_mixin.py:151} INFO - [2023-09-17T12:43:23.414+0000] {dag.py:2915} INFO - Sync 1 DAGs
[2023-09-17T12:43:23.493+0000] {logging_mixin.py:151} INFO - [2023-09-17T12:43:23.493+0000] {dag.py:3696} INFO - Setting next_dagrun for example_branch_dop_operator_v3 to 2023-09-17T12:42:00+00:00, run_after=2023-09-17T12:43:00+00:00
[2023-09-17T12:43:23.552+0000] {processor.py:179} INFO - Processing /home/airflow/.local/lib/python3.8/site-packages/airflow/example_dags/example_branch_python_dop_operator_3.py took 0.248 seconds
[2023-09-17T12:43:54.022+0000] {processor.py:157} INFO - Started process (PID=401) to work on /home/airflow/.local/lib/python3.8/site-packages/airflow/example_dags/example_branch_python_dop_operator_3.py
[2023-09-17T12:43:54.024+0000] {processor.py:829} INFO - Processing file /home/airflow/.local/lib/python3.8/site-packages/airflow/example_dags/example_branch_python_dop_operator_3.py for tasks to queue
[2023-09-17T12:43:54.031+0000] {logging_mixin.py:151} INFO - [2023-09-17T12:43:54.030+0000] {dagbag.py:539} INFO - Filling up the DagBag from /home/airflow/.local/lib/python3.8/site-packages/airflow/example_dags/example_branch_python_dop_operator_3.py
[2023-09-17T12:43:54.059+0000] {processor.py:839} INFO - DAG(s) dict_keys(['example_branch_dop_operator_v3']) retrieved from /home/airflow/.local/lib/python3.8/site-packages/airflow/example_dags/example_branch_python_dop_operator_3.py
[2023-09-17T12:43:54.096+0000] {logging_mixin.py:151} INFO - [2023-09-17T12:43:54.096+0000] {dag.py:2915} INFO - Sync 1 DAGs
[2023-09-17T12:43:54.195+0000] {logging_mixin.py:151} INFO - [2023-09-17T12:43:54.195+0000] {dag.py:3696} INFO - Setting next_dagrun for example_branch_dop_operator_v3 to 2023-09-17T12:42:00+00:00, run_after=2023-09-17T12:43:00+00:00
[2023-09-17T12:43:54.353+0000] {processor.py:179} INFO - Processing /home/airflow/.local/lib/python3.8/site-packages/airflow/example_dags/example_branch_python_dop_operator_3.py took 0.338 seconds
[2023-09-17T12:44:24.405+0000] {processor.py:157} INFO - Started process (PID=456) to work on /home/airflow/.local/lib/python3.8/site-packages/airflow/example_dags/example_branch_python_dop_operator_3.py
[2023-09-17T12:44:24.406+0000] {processor.py:829} INFO - Processing file /home/airflow/.local/lib/python3.8/site-packages/airflow/example_dags/example_branch_python_dop_operator_3.py for tasks to queue
[2023-09-17T12:44:24.409+0000] {logging_mixin.py:151} INFO - [2023-09-17T12:44:24.408+0000] {dagbag.py:539} INFO - Filling up the DagBag from /home/airflow/.local/lib/python3.8/site-packages/airflow/example_dags/example_branch_python_dop_operator_3.py
[2023-09-17T12:44:24.419+0000] {processor.py:839} INFO - DAG(s) dict_keys(['example_branch_dop_operator_v3']) retrieved from /home/airflow/.local/lib/python3.8/site-packages/airflow/example_dags/example_branch_python_dop_operator_3.py
[2023-09-17T12:44:24.444+0000] {logging_mixin.py:151} INFO - [2023-09-17T12:44:24.443+0000] {dag.py:2915} INFO - Sync 1 DAGs
[2023-09-17T12:44:24.482+0000] {logging_mixin.py:151} INFO - [2023-09-17T12:44:24.481+0000] {dag.py:3696} INFO - Setting next_dagrun for example_branch_dop_operator_v3 to 2023-09-17T12:43:00+00:00, run_after=2023-09-17T12:44:00+00:00
[2023-09-17T12:44:24.524+0000] {processor.py:179} INFO - Processing /home/airflow/.local/lib/python3.8/site-packages/airflow/example_dags/example_branch_python_dop_operator_3.py took 0.122 seconds
[2023-09-17T12:44:54.827+0000] {processor.py:157} INFO - Started process (PID=511) to work on /home/airflow/.local/lib/python3.8/site-packages/airflow/example_dags/example_branch_python_dop_operator_3.py
[2023-09-17T12:44:54.828+0000] {processor.py:829} INFO - Processing file /home/airflow/.local/lib/python3.8/site-packages/airflow/example_dags/example_branch_python_dop_operator_3.py for tasks to queue
[2023-09-17T12:44:54.831+0000] {logging_mixin.py:151} INFO - [2023-09-17T12:44:54.831+0000] {dagbag.py:539} INFO - Filling up the DagBag from /home/airflow/.local/lib/python3.8/site-packages/airflow/example_dags/example_branch_python_dop_operator_3.py
[2023-09-17T12:44:54.842+0000] {processor.py:839} INFO - DAG(s) dict_keys(['example_branch_dop_operator_v3']) retrieved from /home/airflow/.local/lib/python3.8/site-packages/airflow/example_dags/example_branch_python_dop_operator_3.py
[2023-09-17T12:44:54.867+0000] {logging_mixin.py:151} INFO - [2023-09-17T12:44:54.866+0000] {dag.py:2915} INFO - Sync 1 DAGs
[2023-09-17T12:44:54.903+0000] {logging_mixin.py:151} INFO - [2023-09-17T12:44:54.903+0000] {dag.py:3696} INFO - Setting next_dagrun for example_branch_dop_operator_v3 to 2023-09-17T12:43:00+00:00, run_after=2023-09-17T12:44:00+00:00
[2023-09-17T12:44:54.946+0000] {processor.py:179} INFO - Processing /home/airflow/.local/lib/python3.8/site-packages/airflow/example_dags/example_branch_python_dop_operator_3.py took 0.127 seconds
[2023-09-17T12:45:25.365+0000] {processor.py:157} INFO - Started process (PID=567) to work on /home/airflow/.local/lib/python3.8/site-packages/airflow/example_dags/example_branch_python_dop_operator_3.py
[2023-09-17T12:45:25.385+0000] {processor.py:829} INFO - Processing file /home/airflow/.local/lib/python3.8/site-packages/airflow/example_dags/example_branch_python_dop_operator_3.py for tasks to queue
[2023-09-17T12:45:25.388+0000] {logging_mixin.py:151} INFO - [2023-09-17T12:45:25.388+0000] {dagbag.py:539} INFO - Filling up the DagBag from /home/airflow/.local/lib/python3.8/site-packages/airflow/example_dags/example_branch_python_dop_operator_3.py
[2023-09-17T12:45:25.401+0000] {processor.py:839} INFO - DAG(s) dict_keys(['example_branch_dop_operator_v3']) retrieved from /home/airflow/.local/lib/python3.8/site-packages/airflow/example_dags/example_branch_python_dop_operator_3.py
[2023-09-17T12:45:25.428+0000] {logging_mixin.py:151} INFO - [2023-09-17T12:45:25.428+0000] {dag.py:2915} INFO - Sync 1 DAGs
[2023-09-17T12:45:25.468+0000] {logging_mixin.py:151} INFO - [2023-09-17T12:45:25.468+0000] {dag.py:3696} INFO - Setting next_dagrun for example_branch_dop_operator_v3 to 2023-09-17T12:44:00+00:00, run_after=2023-09-17T12:45:00+00:00
[2023-09-17T12:45:25.519+0000] {processor.py:179} INFO - Processing /home/airflow/.local/lib/python3.8/site-packages/airflow/example_dags/example_branch_python_dop_operator_3.py took 0.160 seconds
[2023-09-17T12:45:55.972+0000] {processor.py:157} INFO - Started process (PID=622) to work on /home/airflow/.local/lib/python3.8/site-packages/airflow/example_dags/example_branch_python_dop_operator_3.py
[2023-09-17T12:45:55.973+0000] {processor.py:829} INFO - Processing file /home/airflow/.local/lib/python3.8/site-packages/airflow/example_dags/example_branch_python_dop_operator_3.py for tasks to queue
[2023-09-17T12:45:55.976+0000] {logging_mixin.py:151} INFO - [2023-09-17T12:45:55.975+0000] {dagbag.py:539} INFO - Filling up the DagBag from /home/airflow/.local/lib/python3.8/site-packages/airflow/example_dags/example_branch_python_dop_operator_3.py
[2023-09-17T12:45:55.992+0000] {processor.py:839} INFO - DAG(s) dict_keys(['example_branch_dop_operator_v3']) retrieved from /home/airflow/.local/lib/python3.8/site-packages/airflow/example_dags/example_branch_python_dop_operator_3.py
[2023-09-17T12:45:56.029+0000] {logging_mixin.py:151} INFO - [2023-09-17T12:45:56.028+0000] {dag.py:2915} INFO - Sync 1 DAGs
[2023-09-17T12:45:56.091+0000] {logging_mixin.py:151} INFO - [2023-09-17T12:45:56.091+0000] {dag.py:3696} INFO - Setting next_dagrun for example_branch_dop_operator_v3 to 2023-09-17T12:44:00+00:00, run_after=2023-09-17T12:45:00+00:00
[2023-09-17T12:45:56.139+0000] {processor.py:179} INFO - Processing /home/airflow/.local/lib/python3.8/site-packages/airflow/example_dags/example_branch_python_dop_operator_3.py took 0.170 seconds
[2023-09-17T12:46:26.271+0000] {processor.py:157} INFO - Started process (PID=677) to work on /home/airflow/.local/lib/python3.8/site-packages/airflow/example_dags/example_branch_python_dop_operator_3.py
[2023-09-17T12:46:26.275+0000] {processor.py:829} INFO - Processing file /home/airflow/.local/lib/python3.8/site-packages/airflow/example_dags/example_branch_python_dop_operator_3.py for tasks to queue
[2023-09-17T12:46:26.279+0000] {logging_mixin.py:151} INFO - [2023-09-17T12:46:26.278+0000] {dagbag.py:539} INFO - Filling up the DagBag from /home/airflow/.local/lib/python3.8/site-packages/airflow/example_dags/example_branch_python_dop_operator_3.py
[2023-09-17T12:46:26.297+0000] {processor.py:839} INFO - DAG(s) dict_keys(['example_branch_dop_operator_v3']) retrieved from /home/airflow/.local/lib/python3.8/site-packages/airflow/example_dags/example_branch_python_dop_operator_3.py
[2023-09-17T12:46:26.333+0000] {logging_mixin.py:151} INFO - [2023-09-17T12:46:26.333+0000] {dag.py:2915} INFO - Sync 1 DAGs
[2023-09-17T12:46:26.386+0000] {logging_mixin.py:151} INFO - [2023-09-17T12:46:26.385+0000] {dag.py:3696} INFO - Setting next_dagrun for example_branch_dop_operator_v3 to 2023-09-17T12:45:00+00:00, run_after=2023-09-17T12:46:00+00:00
[2023-09-17T12:46:26.425+0000] {processor.py:179} INFO - Processing /home/airflow/.local/lib/python3.8/site-packages/airflow/example_dags/example_branch_python_dop_operator_3.py took 0.158 seconds
[2023-09-17T12:46:56.664+0000] {processor.py:157} INFO - Started process (PID=733) to work on /home/airflow/.local/lib/python3.8/site-packages/airflow/example_dags/example_branch_python_dop_operator_3.py
[2023-09-17T12:46:56.665+0000] {processor.py:829} INFO - Processing file /home/airflow/.local/lib/python3.8/site-packages/airflow/example_dags/example_branch_python_dop_operator_3.py for tasks to queue
[2023-09-17T12:46:56.667+0000] {logging_mixin.py:151} INFO - [2023-09-17T12:46:56.667+0000] {dagbag.py:539} INFO - Filling up the DagBag from /home/airflow/.local/lib/python3.8/site-packages/airflow/example_dags/example_branch_python_dop_operator_3.py
[2023-09-17T12:46:56.678+0000] {processor.py:839} INFO - DAG(s) dict_keys(['example_branch_dop_operator_v3']) retrieved from /home/airflow/.local/lib/python3.8/site-packages/airflow/example_dags/example_branch_python_dop_operator_3.py
[2023-09-17T12:46:56.705+0000] {logging_mixin.py:151} INFO - [2023-09-17T12:46:56.705+0000] {dag.py:2915} INFO - Sync 1 DAGs
[2023-09-17T12:46:56.837+0000] {logging_mixin.py:151} INFO - [2023-09-17T12:46:56.837+0000] {dag.py:3696} INFO - Setting next_dagrun for example_branch_dop_operator_v3 to 2023-09-17T12:45:00+00:00, run_after=2023-09-17T12:46:00+00:00
[2023-09-17T12:46:57.042+0000] {processor.py:179} INFO - Processing /home/airflow/.local/lib/python3.8/site-packages/airflow/example_dags/example_branch_python_dop_operator_3.py took 0.384 seconds
[2023-09-17T12:47:27.345+0000] {processor.py:157} INFO - Started process (PID=789) to work on /home/airflow/.local/lib/python3.8/site-packages/airflow/example_dags/example_branch_python_dop_operator_3.py
[2023-09-17T12:47:27.349+0000] {processor.py:829} INFO - Processing file /home/airflow/.local/lib/python3.8/site-packages/airflow/example_dags/example_branch_python_dop_operator_3.py for tasks to queue
[2023-09-17T12:47:27.351+0000] {logging_mixin.py:151} INFO - [2023-09-17T12:47:27.351+0000] {dagbag.py:539} INFO - Filling up the DagBag from /home/airflow/.local/lib/python3.8/site-packages/airflow/example_dags/example_branch_python_dop_operator_3.py
[2023-09-17T12:47:27.364+0000] {processor.py:839} INFO - DAG(s) dict_keys(['example_branch_dop_operator_v3']) retrieved from /home/airflow/.local/lib/python3.8/site-packages/airflow/example_dags/example_branch_python_dop_operator_3.py
[2023-09-17T12:47:27.397+0000] {logging_mixin.py:151} INFO - [2023-09-17T12:47:27.397+0000] {dag.py:2915} INFO - Sync 1 DAGs
[2023-09-17T12:47:27.454+0000] {logging_mixin.py:151} INFO - [2023-09-17T12:47:27.454+0000] {dag.py:3696} INFO - Setting next_dagrun for example_branch_dop_operator_v3 to 2023-09-17T12:46:00+00:00, run_after=2023-09-17T12:47:00+00:00
[2023-09-17T12:47:27.492+0000] {processor.py:179} INFO - Processing /home/airflow/.local/lib/python3.8/site-packages/airflow/example_dags/example_branch_python_dop_operator_3.py took 0.151 seconds
[2023-09-17T12:47:57.619+0000] {processor.py:157} INFO - Started process (PID=843) to work on /home/airflow/.local/lib/python3.8/site-packages/airflow/example_dags/example_branch_python_dop_operator_3.py
[2023-09-17T12:47:57.620+0000] {processor.py:829} INFO - Processing file /home/airflow/.local/lib/python3.8/site-packages/airflow/example_dags/example_branch_python_dop_operator_3.py for tasks to queue
[2023-09-17T12:47:57.623+0000] {logging_mixin.py:151} INFO - [2023-09-17T12:47:57.622+0000] {dagbag.py:539} INFO - Filling up the DagBag from /home/airflow/.local/lib/python3.8/site-packages/airflow/example_dags/example_branch_python_dop_operator_3.py
[2023-09-17T12:47:57.634+0000] {processor.py:839} INFO - DAG(s) dict_keys(['example_branch_dop_operator_v3']) retrieved from /home/airflow/.local/lib/python3.8/site-packages/airflow/example_dags/example_branch_python_dop_operator_3.py
[2023-09-17T12:47:57.660+0000] {logging_mixin.py:151} INFO - [2023-09-17T12:47:57.659+0000] {dag.py:2915} INFO - Sync 1 DAGs
[2023-09-17T12:47:57.697+0000] {logging_mixin.py:151} INFO - [2023-09-17T12:47:57.696+0000] {dag.py:3696} INFO - Setting next_dagrun for example_branch_dop_operator_v3 to 2023-09-17T12:46:00+00:00, run_after=2023-09-17T12:47:00+00:00
[2023-09-17T12:47:57.733+0000] {processor.py:179} INFO - Processing /home/airflow/.local/lib/python3.8/site-packages/airflow/example_dags/example_branch_python_dop_operator_3.py took 0.121 seconds
[2023-09-17T12:48:28.130+0000] {processor.py:157} INFO - Started process (PID=898) to work on /home/airflow/.local/lib/python3.8/site-packages/airflow/example_dags/example_branch_python_dop_operator_3.py
[2023-09-17T12:48:28.140+0000] {processor.py:829} INFO - Processing file /home/airflow/.local/lib/python3.8/site-packages/airflow/example_dags/example_branch_python_dop_operator_3.py for tasks to queue
[2023-09-17T12:48:28.143+0000] {logging_mixin.py:151} INFO - [2023-09-17T12:48:28.142+0000] {dagbag.py:539} INFO - Filling up the DagBag from /home/airflow/.local/lib/python3.8/site-packages/airflow/example_dags/example_branch_python_dop_operator_3.py
[2023-09-17T12:48:28.154+0000] {processor.py:839} INFO - DAG(s) dict_keys(['example_branch_dop_operator_v3']) retrieved from /home/airflow/.local/lib/python3.8/site-packages/airflow/example_dags/example_branch_python_dop_operator_3.py
[2023-09-17T12:48:28.179+0000] {logging_mixin.py:151} INFO - [2023-09-17T12:48:28.179+0000] {dag.py:2915} INFO - Sync 1 DAGs
[2023-09-17T12:48:28.225+0000] {logging_mixin.py:151} INFO - [2023-09-17T12:48:28.225+0000] {dag.py:3696} INFO - Setting next_dagrun for example_branch_dop_operator_v3 to 2023-09-17T12:47:00+00:00, run_after=2023-09-17T12:48:00+00:00
[2023-09-17T12:48:28.253+0000] {processor.py:179} INFO - Processing /home/airflow/.local/lib/python3.8/site-packages/airflow/example_dags/example_branch_python_dop_operator_3.py took 0.126 seconds
[2023-09-17T12:48:58.522+0000] {processor.py:157} INFO - Started process (PID=954) to work on /home/airflow/.local/lib/python3.8/site-packages/airflow/example_dags/example_branch_python_dop_operator_3.py
[2023-09-17T12:48:58.523+0000] {processor.py:829} INFO - Processing file /home/airflow/.local/lib/python3.8/site-packages/airflow/example_dags/example_branch_python_dop_operator_3.py for tasks to queue
[2023-09-17T12:48:58.525+0000] {logging_mixin.py:151} INFO - [2023-09-17T12:48:58.525+0000] {dagbag.py:539} INFO - Filling up the DagBag from /home/airflow/.local/lib/python3.8/site-packages/airflow/example_dags/example_branch_python_dop_operator_3.py
[2023-09-17T12:48:58.539+0000] {processor.py:839} INFO - DAG(s) dict_keys(['example_branch_dop_operator_v3']) retrieved from /home/airflow/.local/lib/python3.8/site-packages/airflow/example_dags/example_branch_python_dop_operator_3.py
[2023-09-17T12:48:58.566+0000] {logging_mixin.py:151} INFO - [2023-09-17T12:48:58.566+0000] {dag.py:2915} INFO - Sync 1 DAGs
[2023-09-17T12:48:58.624+0000] {logging_mixin.py:151} INFO - [2023-09-17T12:48:58.624+0000] {dag.py:3696} INFO - Setting next_dagrun for example_branch_dop_operator_v3 to 2023-09-17T12:47:00+00:00, run_after=2023-09-17T12:48:00+00:00
[2023-09-17T12:48:58.665+0000] {processor.py:179} INFO - Processing /home/airflow/.local/lib/python3.8/site-packages/airflow/example_dags/example_branch_python_dop_operator_3.py took 0.147 seconds
[2023-09-17T12:49:29.074+0000] {processor.py:157} INFO - Started process (PID=1010) to work on /home/airflow/.local/lib/python3.8/site-packages/airflow/example_dags/example_branch_python_dop_operator_3.py
[2023-09-17T12:49:29.085+0000] {processor.py:829} INFO - Processing file /home/airflow/.local/lib/python3.8/site-packages/airflow/example_dags/example_branch_python_dop_operator_3.py for tasks to queue
[2023-09-17T12:49:29.104+0000] {logging_mixin.py:151} INFO - [2023-09-17T12:49:29.099+0000] {dagbag.py:539} INFO - Filling up the DagBag from /home/airflow/.local/lib/python3.8/site-packages/airflow/example_dags/example_branch_python_dop_operator_3.py
[2023-09-17T12:49:29.151+0000] {processor.py:839} INFO - DAG(s) dict_keys(['example_branch_dop_operator_v3']) retrieved from /home/airflow/.local/lib/python3.8/site-packages/airflow/example_dags/example_branch_python_dop_operator_3.py
[2023-09-17T12:49:29.252+0000] {logging_mixin.py:151} INFO - [2023-09-17T12:49:29.252+0000] {dag.py:2915} INFO - Sync 1 DAGs
[2023-09-17T12:49:29.388+0000] {logging_mixin.py:151} INFO - [2023-09-17T12:49:29.387+0000] {dag.py:3696} INFO - Setting next_dagrun for example_branch_dop_operator_v3 to 2023-09-17T12:48:00+00:00, run_after=2023-09-17T12:49:00+00:00
[2023-09-17T12:49:29.515+0000] {processor.py:179} INFO - Processing /home/airflow/.local/lib/python3.8/site-packages/airflow/example_dags/example_branch_python_dop_operator_3.py took 0.452 seconds
[2023-09-17T12:49:59.590+0000] {processor.py:157} INFO - Started process (PID=1064) to work on /home/airflow/.local/lib/python3.8/site-packages/airflow/example_dags/example_branch_python_dop_operator_3.py
[2023-09-17T12:49:59.592+0000] {processor.py:829} INFO - Processing file /home/airflow/.local/lib/python3.8/site-packages/airflow/example_dags/example_branch_python_dop_operator_3.py for tasks to queue
[2023-09-17T12:49:59.596+0000] {logging_mixin.py:151} INFO - [2023-09-17T12:49:59.595+0000] {dagbag.py:539} INFO - Filling up the DagBag from /home/airflow/.local/lib/python3.8/site-packages/airflow/example_dags/example_branch_python_dop_operator_3.py
[2023-09-17T12:49:59.633+0000] {processor.py:839} INFO - DAG(s) dict_keys(['example_branch_dop_operator_v3']) retrieved from /home/airflow/.local/lib/python3.8/site-packages/airflow/example_dags/example_branch_python_dop_operator_3.py
[2023-09-17T12:49:59.713+0000] {logging_mixin.py:151} INFO - [2023-09-17T12:49:59.713+0000] {dag.py:2915} INFO - Sync 1 DAGs
[2023-09-17T12:49:59.858+0000] {logging_mixin.py:151} INFO - [2023-09-17T12:49:59.857+0000] {dag.py:3696} INFO - Setting next_dagrun for example_branch_dop_operator_v3 to 2023-09-17T12:48:00+00:00, run_after=2023-09-17T12:49:00+00:00
[2023-09-17T12:49:59.987+0000] {processor.py:179} INFO - Processing /home/airflow/.local/lib/python3.8/site-packages/airflow/example_dags/example_branch_python_dop_operator_3.py took 0.404 seconds
[2023-09-17T12:50:30.044+0000] {processor.py:157} INFO - Started process (PID=1119) to work on /home/airflow/.local/lib/python3.8/site-packages/airflow/example_dags/example_branch_python_dop_operator_3.py
[2023-09-17T12:50:30.045+0000] {processor.py:829} INFO - Processing file /home/airflow/.local/lib/python3.8/site-packages/airflow/example_dags/example_branch_python_dop_operator_3.py for tasks to queue
[2023-09-17T12:50:30.047+0000] {logging_mixin.py:151} INFO - [2023-09-17T12:50:30.047+0000] {dagbag.py:539} INFO - Filling up the DagBag from /home/airflow/.local/lib/python3.8/site-packages/airflow/example_dags/example_branch_python_dop_operator_3.py
[2023-09-17T12:50:30.060+0000] {processor.py:839} INFO - DAG(s) dict_keys(['example_branch_dop_operator_v3']) retrieved from /home/airflow/.local/lib/python3.8/site-packages/airflow/example_dags/example_branch_python_dop_operator_3.py
[2023-09-17T12:50:30.091+0000] {logging_mixin.py:151} INFO - [2023-09-17T12:50:30.091+0000] {dag.py:2915} INFO - Sync 1 DAGs
[2023-09-17T12:50:30.133+0000] {logging_mixin.py:151} INFO - [2023-09-17T12:50:30.132+0000] {dag.py:3696} INFO - Setting next_dagrun for example_branch_dop_operator_v3 to 2023-09-17T12:49:00+00:00, run_after=2023-09-17T12:50:00+00:00
[2023-09-17T12:50:30.187+0000] {processor.py:179} INFO - Processing /home/airflow/.local/lib/python3.8/site-packages/airflow/example_dags/example_branch_python_dop_operator_3.py took 0.147 seconds
[2023-09-17T12:51:01.761+0000] {processor.py:157} INFO - Started process (PID=1174) to work on /home/airflow/.local/lib/python3.8/site-packages/airflow/example_dags/example_branch_python_dop_operator_3.py
[2023-09-17T12:51:01.976+0000] {processor.py:829} INFO - Processing file /home/airflow/.local/lib/python3.8/site-packages/airflow/example_dags/example_branch_python_dop_operator_3.py for tasks to queue
[2023-09-17T12:51:01.983+0000] {logging_mixin.py:151} INFO - [2023-09-17T12:51:01.982+0000] {dagbag.py:539} INFO - Filling up the DagBag from /home/airflow/.local/lib/python3.8/site-packages/airflow/example_dags/example_branch_python_dop_operator_3.py
[2023-09-17T12:51:02.008+0000] {processor.py:839} INFO - DAG(s) dict_keys(['example_branch_dop_operator_v3']) retrieved from /home/airflow/.local/lib/python3.8/site-packages/airflow/example_dags/example_branch_python_dop_operator_3.py
[2023-09-17T12:51:02.068+0000] {logging_mixin.py:151} INFO - [2023-09-17T12:51:02.067+0000] {dag.py:2915} INFO - Sync 1 DAGs
[2023-09-17T12:51:02.165+0000] {logging_mixin.py:151} INFO - [2023-09-17T12:51:02.164+0000] {dag.py:3696} INFO - Setting next_dagrun for example_branch_dop_operator_v3 to 2023-09-17T12:50:00+00:00, run_after=2023-09-17T12:51:00+00:00
[2023-09-17T12:51:02.225+0000] {processor.py:179} INFO - Processing /home/airflow/.local/lib/python3.8/site-packages/airflow/example_dags/example_branch_python_dop_operator_3.py took 0.471 seconds
[2023-09-17T12:51:32.554+0000] {processor.py:157} INFO - Started process (PID=1228) to work on /home/airflow/.local/lib/python3.8/site-packages/airflow/example_dags/example_branch_python_dop_operator_3.py
[2023-09-17T12:51:32.557+0000] {processor.py:829} INFO - Processing file /home/airflow/.local/lib/python3.8/site-packages/airflow/example_dags/example_branch_python_dop_operator_3.py for tasks to queue
[2023-09-17T12:51:32.563+0000] {logging_mixin.py:151} INFO - [2023-09-17T12:51:32.563+0000] {dagbag.py:539} INFO - Filling up the DagBag from /home/airflow/.local/lib/python3.8/site-packages/airflow/example_dags/example_branch_python_dop_operator_3.py
[2023-09-17T12:51:32.584+0000] {processor.py:839} INFO - DAG(s) dict_keys(['example_branch_dop_operator_v3']) retrieved from /home/airflow/.local/lib/python3.8/site-packages/airflow/example_dags/example_branch_python_dop_operator_3.py
[2023-09-17T12:51:32.633+0000] {logging_mixin.py:151} INFO - [2023-09-17T12:51:32.632+0000] {dag.py:2915} INFO - Sync 1 DAGs
[2023-09-17T12:51:32.703+0000] {logging_mixin.py:151} INFO - [2023-09-17T12:51:32.703+0000] {dag.py:3696} INFO - Setting next_dagrun for example_branch_dop_operator_v3 to 2023-09-17T12:50:00+00:00, run_after=2023-09-17T12:51:00+00:00
[2023-09-17T12:51:32.895+0000] {processor.py:179} INFO - Processing /home/airflow/.local/lib/python3.8/site-packages/airflow/example_dags/example_branch_python_dop_operator_3.py took 0.348 seconds
[2023-09-17T12:52:02.946+0000] {processor.py:157} INFO - Started process (PID=1282) to work on /home/airflow/.local/lib/python3.8/site-packages/airflow/example_dags/example_branch_python_dop_operator_3.py
[2023-09-17T12:52:02.953+0000] {processor.py:829} INFO - Processing file /home/airflow/.local/lib/python3.8/site-packages/airflow/example_dags/example_branch_python_dop_operator_3.py for tasks to queue
[2023-09-17T12:52:02.958+0000] {logging_mixin.py:151} INFO - [2023-09-17T12:52:02.958+0000] {dagbag.py:539} INFO - Filling up the DagBag from /home/airflow/.local/lib/python3.8/site-packages/airflow/example_dags/example_branch_python_dop_operator_3.py
[2023-09-17T12:52:02.974+0000] {processor.py:839} INFO - DAG(s) dict_keys(['example_branch_dop_operator_v3']) retrieved from /home/airflow/.local/lib/python3.8/site-packages/airflow/example_dags/example_branch_python_dop_operator_3.py
[2023-09-17T12:52:03.014+0000] {logging_mixin.py:151} INFO - [2023-09-17T12:52:03.014+0000] {dag.py:2915} INFO - Sync 1 DAGs
[2023-09-17T12:52:03.066+0000] {logging_mixin.py:151} INFO - [2023-09-17T12:52:03.066+0000] {dag.py:3696} INFO - Setting next_dagrun for example_branch_dop_operator_v3 to 2023-09-17T12:51:00+00:00, run_after=2023-09-17T12:52:00+00:00
[2023-09-17T12:52:03.105+0000] {processor.py:179} INFO - Processing /home/airflow/.local/lib/python3.8/site-packages/airflow/example_dags/example_branch_python_dop_operator_3.py took 0.163 seconds
[2023-09-17T12:52:33.293+0000] {processor.py:157} INFO - Started process (PID=1338) to work on /home/airflow/.local/lib/python3.8/site-packages/airflow/example_dags/example_branch_python_dop_operator_3.py
[2023-09-17T12:52:33.295+0000] {processor.py:829} INFO - Processing file /home/airflow/.local/lib/python3.8/site-packages/airflow/example_dags/example_branch_python_dop_operator_3.py for tasks to queue
[2023-09-17T12:52:33.301+0000] {logging_mixin.py:151} INFO - [2023-09-17T12:52:33.300+0000] {dagbag.py:539} INFO - Filling up the DagBag from /home/airflow/.local/lib/python3.8/site-packages/airflow/example_dags/example_branch_python_dop_operator_3.py
[2023-09-17T12:52:33.318+0000] {processor.py:839} INFO - DAG(s) dict_keys(['example_branch_dop_operator_v3']) retrieved from /home/airflow/.local/lib/python3.8/site-packages/airflow/example_dags/example_branch_python_dop_operator_3.py
[2023-09-17T12:52:33.357+0000] {logging_mixin.py:151} INFO - [2023-09-17T12:52:33.357+0000] {dag.py:2915} INFO - Sync 1 DAGs
[2023-09-17T12:52:33.419+0000] {logging_mixin.py:151} INFO - [2023-09-17T12:52:33.418+0000] {dag.py:3696} INFO - Setting next_dagrun for example_branch_dop_operator_v3 to 2023-09-17T12:51:00+00:00, run_after=2023-09-17T12:52:00+00:00
[2023-09-17T12:52:33.465+0000] {processor.py:179} INFO - Processing /home/airflow/.local/lib/python3.8/site-packages/airflow/example_dags/example_branch_python_dop_operator_3.py took 0.178 seconds
[2023-09-17T12:53:03.727+0000] {processor.py:157} INFO - Started process (PID=1393) to work on /home/airflow/.local/lib/python3.8/site-packages/airflow/example_dags/example_branch_python_dop_operator_3.py
[2023-09-17T12:53:03.776+0000] {processor.py:829} INFO - Processing file /home/airflow/.local/lib/python3.8/site-packages/airflow/example_dags/example_branch_python_dop_operator_3.py for tasks to queue
[2023-09-17T12:53:03.790+0000] {logging_mixin.py:151} INFO - [2023-09-17T12:53:03.789+0000] {dagbag.py:539} INFO - Filling up the DagBag from /home/airflow/.local/lib/python3.8/site-packages/airflow/example_dags/example_branch_python_dop_operator_3.py
[2023-09-17T12:53:03.839+0000] {processor.py:839} INFO - DAG(s) dict_keys(['example_branch_dop_operator_v3']) retrieved from /home/airflow/.local/lib/python3.8/site-packages/airflow/example_dags/example_branch_python_dop_operator_3.py
[2023-09-17T12:53:04.019+0000] {logging_mixin.py:151} INFO - [2023-09-17T12:53:04.018+0000] {dag.py:2915} INFO - Sync 1 DAGs
[2023-09-17T12:53:04.206+0000] {logging_mixin.py:151} INFO - [2023-09-17T12:53:04.206+0000] {dag.py:3696} INFO - Setting next_dagrun for example_branch_dop_operator_v3 to 2023-09-17T12:52:00+00:00, run_after=2023-09-17T12:53:00+00:00
[2023-09-17T12:53:04.349+0000] {processor.py:179} INFO - Processing /home/airflow/.local/lib/python3.8/site-packages/airflow/example_dags/example_branch_python_dop_operator_3.py took 0.638 seconds
