[2023-09-17T12:40:32.100+0000] {processor.py:157} INFO - Started process (PID=46) to work on /home/airflow/.local/lib/python3.8/site-packages/airflow/example_dags/example_xcom.py
[2023-09-17T12:40:32.102+0000] {processor.py:829} INFO - Processing file /home/airflow/.local/lib/python3.8/site-packages/airflow/example_dags/example_xcom.py for tasks to queue
[2023-09-17T12:40:32.105+0000] {logging_mixin.py:151} INFO - [2023-09-17T12:40:32.105+0000] {dagbag.py:539} INFO - Filling up the DagBag from /home/airflow/.local/lib/python3.8/site-packages/airflow/example_dags/example_xcom.py
[2023-09-17T12:40:32.127+0000] {processor.py:839} INFO - DAG(s) dict_keys(['example_xcom']) retrieved from /home/airflow/.local/lib/python3.8/site-packages/airflow/example_dags/example_xcom.py
[2023-09-17T12:40:32.512+0000] {logging_mixin.py:151} INFO - [2023-09-17T12:40:32.512+0000] {manager.py:499} INFO - Created Permission View: %s
[2023-09-17T12:40:32.579+0000] {logging_mixin.py:151} INFO - [2023-09-17T12:40:32.578+0000] {manager.py:499} INFO - Created Permission View: %s
[2023-09-17T12:40:32.612+0000] {logging_mixin.py:151} INFO - [2023-09-17T12:40:32.611+0000] {manager.py:499} INFO - Created Permission View: %s
[2023-09-17T12:40:32.613+0000] {logging_mixin.py:151} INFO - [2023-09-17T12:40:32.612+0000] {security.py:708} INFO - Not syncing DAG-level permissions for DAG 'DAG:example_xcom' as access control is unset.
[2023-09-17T12:40:32.613+0000] {logging_mixin.py:151} INFO - [2023-09-17T12:40:32.613+0000] {dag.py:2915} INFO - Sync 1 DAGs
[2023-09-17T12:40:32.650+0000] {logging_mixin.py:151} INFO - [2023-09-17T12:40:32.649+0000] {dag.py:2937} INFO - Creating ORM DAG for example_xcom
[2023-09-17T12:40:32.668+0000] {logging_mixin.py:151} INFO - [2023-09-17T12:40:32.668+0000] {dag.py:3696} INFO - Setting next_dagrun for example_xcom to 2021-01-01T00:00:00+00:00, run_after=2021-01-01T00:00:00+00:00
[2023-09-17T12:40:32.716+0000] {processor.py:179} INFO - Processing /home/airflow/.local/lib/python3.8/site-packages/airflow/example_dags/example_xcom.py took 0.622 seconds
[2023-09-17T12:41:03.157+0000] {processor.py:157} INFO - Started process (PID=101) to work on /home/airflow/.local/lib/python3.8/site-packages/airflow/example_dags/example_xcom.py
[2023-09-17T12:41:03.159+0000] {processor.py:829} INFO - Processing file /home/airflow/.local/lib/python3.8/site-packages/airflow/example_dags/example_xcom.py for tasks to queue
[2023-09-17T12:41:03.161+0000] {logging_mixin.py:151} INFO - [2023-09-17T12:41:03.161+0000] {dagbag.py:539} INFO - Filling up the DagBag from /home/airflow/.local/lib/python3.8/site-packages/airflow/example_dags/example_xcom.py
[2023-09-17T12:41:03.171+0000] {processor.py:839} INFO - DAG(s) dict_keys(['example_xcom']) retrieved from /home/airflow/.local/lib/python3.8/site-packages/airflow/example_dags/example_xcom.py
[2023-09-17T12:41:03.205+0000] {logging_mixin.py:151} INFO - [2023-09-17T12:41:03.204+0000] {dag.py:2915} INFO - Sync 1 DAGs
[2023-09-17T12:41:03.244+0000] {logging_mixin.py:151} INFO - [2023-09-17T12:41:03.243+0000] {dag.py:3696} INFO - Setting next_dagrun for example_xcom to 2021-01-01T00:00:00+00:00, run_after=2021-01-01T00:00:00+00:00
[2023-09-17T12:41:03.282+0000] {processor.py:179} INFO - Processing /home/airflow/.local/lib/python3.8/site-packages/airflow/example_dags/example_xcom.py took 0.129 seconds
[2023-09-17T12:41:33.406+0000] {processor.py:157} INFO - Started process (PID=156) to work on /home/airflow/.local/lib/python3.8/site-packages/airflow/example_dags/example_xcom.py
[2023-09-17T12:41:33.407+0000] {processor.py:829} INFO - Processing file /home/airflow/.local/lib/python3.8/site-packages/airflow/example_dags/example_xcom.py for tasks to queue
[2023-09-17T12:41:33.410+0000] {logging_mixin.py:151} INFO - [2023-09-17T12:41:33.409+0000] {dagbag.py:539} INFO - Filling up the DagBag from /home/airflow/.local/lib/python3.8/site-packages/airflow/example_dags/example_xcom.py
[2023-09-17T12:41:33.421+0000] {processor.py:839} INFO - DAG(s) dict_keys(['example_xcom']) retrieved from /home/airflow/.local/lib/python3.8/site-packages/airflow/example_dags/example_xcom.py
[2023-09-17T12:41:33.449+0000] {logging_mixin.py:151} INFO - [2023-09-17T12:41:33.448+0000] {dag.py:2915} INFO - Sync 1 DAGs
[2023-09-17T12:41:33.478+0000] {logging_mixin.py:151} INFO - [2023-09-17T12:41:33.477+0000] {dag.py:3696} INFO - Setting next_dagrun for example_xcom to 2021-01-01T00:00:00+00:00, run_after=2021-01-01T00:00:00+00:00
[2023-09-17T12:41:33.517+0000] {processor.py:179} INFO - Processing /home/airflow/.local/lib/python3.8/site-packages/airflow/example_dags/example_xcom.py took 0.115 seconds
[2023-09-17T12:42:03.761+0000] {processor.py:157} INFO - Started process (PID=211) to work on /home/airflow/.local/lib/python3.8/site-packages/airflow/example_dags/example_xcom.py
[2023-09-17T12:42:03.762+0000] {processor.py:829} INFO - Processing file /home/airflow/.local/lib/python3.8/site-packages/airflow/example_dags/example_xcom.py for tasks to queue
[2023-09-17T12:42:03.765+0000] {logging_mixin.py:151} INFO - [2023-09-17T12:42:03.765+0000] {dagbag.py:539} INFO - Filling up the DagBag from /home/airflow/.local/lib/python3.8/site-packages/airflow/example_dags/example_xcom.py
[2023-09-17T12:42:03.775+0000] {processor.py:839} INFO - DAG(s) dict_keys(['example_xcom']) retrieved from /home/airflow/.local/lib/python3.8/site-packages/airflow/example_dags/example_xcom.py
[2023-09-17T12:42:03.807+0000] {logging_mixin.py:151} INFO - [2023-09-17T12:42:03.807+0000] {dag.py:2915} INFO - Sync 1 DAGs
[2023-09-17T12:42:03.847+0000] {logging_mixin.py:151} INFO - [2023-09-17T12:42:03.847+0000] {dag.py:3696} INFO - Setting next_dagrun for example_xcom to 2021-01-01T00:00:00+00:00, run_after=2021-01-01T00:00:00+00:00
[2023-09-17T12:42:03.879+0000] {processor.py:179} INFO - Processing /home/airflow/.local/lib/python3.8/site-packages/airflow/example_dags/example_xcom.py took 0.123 seconds
[2023-09-17T12:42:34.250+0000] {processor.py:157} INFO - Started process (PID=266) to work on /home/airflow/.local/lib/python3.8/site-packages/airflow/example_dags/example_xcom.py
[2023-09-17T12:42:34.250+0000] {processor.py:829} INFO - Processing file /home/airflow/.local/lib/python3.8/site-packages/airflow/example_dags/example_xcom.py for tasks to queue
[2023-09-17T12:42:34.256+0000] {logging_mixin.py:151} INFO - [2023-09-17T12:42:34.254+0000] {dagbag.py:539} INFO - Filling up the DagBag from /home/airflow/.local/lib/python3.8/site-packages/airflow/example_dags/example_xcom.py
[2023-09-17T12:42:34.271+0000] {processor.py:839} INFO - DAG(s) dict_keys(['example_xcom']) retrieved from /home/airflow/.local/lib/python3.8/site-packages/airflow/example_dags/example_xcom.py
[2023-09-17T12:42:34.308+0000] {logging_mixin.py:151} INFO - [2023-09-17T12:42:34.308+0000] {dag.py:2915} INFO - Sync 1 DAGs
[2023-09-17T12:42:34.349+0000] {logging_mixin.py:151} INFO - [2023-09-17T12:42:34.349+0000] {dag.py:3696} INFO - Setting next_dagrun for example_xcom to 2021-01-01T00:00:00+00:00, run_after=2021-01-01T00:00:00+00:00
[2023-09-17T12:42:34.404+0000] {processor.py:179} INFO - Processing /home/airflow/.local/lib/python3.8/site-packages/airflow/example_dags/example_xcom.py took 0.159 seconds
[2023-09-17T12:43:05.125+0000] {processor.py:157} INFO - Started process (PID=321) to work on /home/airflow/.local/lib/python3.8/site-packages/airflow/example_dags/example_xcom.py
[2023-09-17T12:43:05.126+0000] {processor.py:829} INFO - Processing file /home/airflow/.local/lib/python3.8/site-packages/airflow/example_dags/example_xcom.py for tasks to queue
[2023-09-17T12:43:05.130+0000] {logging_mixin.py:151} INFO - [2023-09-17T12:43:05.130+0000] {dagbag.py:539} INFO - Filling up the DagBag from /home/airflow/.local/lib/python3.8/site-packages/airflow/example_dags/example_xcom.py
[2023-09-17T12:43:05.144+0000] {processor.py:839} INFO - DAG(s) dict_keys(['example_xcom']) retrieved from /home/airflow/.local/lib/python3.8/site-packages/airflow/example_dags/example_xcom.py
[2023-09-17T12:43:05.201+0000] {logging_mixin.py:151} INFO - [2023-09-17T12:43:05.201+0000] {dag.py:2915} INFO - Sync 1 DAGs
[2023-09-17T12:43:05.265+0000] {logging_mixin.py:151} INFO - [2023-09-17T12:43:05.264+0000] {dag.py:3696} INFO - Setting next_dagrun for example_xcom to 2021-01-01T00:00:00+00:00, run_after=2021-01-01T00:00:00+00:00
[2023-09-17T12:43:05.311+0000] {processor.py:179} INFO - Processing /home/airflow/.local/lib/python3.8/site-packages/airflow/example_dags/example_xcom.py took 0.193 seconds
[2023-09-17T12:43:35.583+0000] {processor.py:157} INFO - Started process (PID=376) to work on /home/airflow/.local/lib/python3.8/site-packages/airflow/example_dags/example_xcom.py
[2023-09-17T12:43:35.585+0000] {processor.py:829} INFO - Processing file /home/airflow/.local/lib/python3.8/site-packages/airflow/example_dags/example_xcom.py for tasks to queue
[2023-09-17T12:43:35.589+0000] {logging_mixin.py:151} INFO - [2023-09-17T12:43:35.589+0000] {dagbag.py:539} INFO - Filling up the DagBag from /home/airflow/.local/lib/python3.8/site-packages/airflow/example_dags/example_xcom.py
[2023-09-17T12:43:35.603+0000] {processor.py:839} INFO - DAG(s) dict_keys(['example_xcom']) retrieved from /home/airflow/.local/lib/python3.8/site-packages/airflow/example_dags/example_xcom.py
[2023-09-17T12:43:35.634+0000] {logging_mixin.py:151} INFO - [2023-09-17T12:43:35.634+0000] {dag.py:2915} INFO - Sync 1 DAGs
[2023-09-17T12:43:35.678+0000] {logging_mixin.py:151} INFO - [2023-09-17T12:43:35.678+0000] {dag.py:3696} INFO - Setting next_dagrun for example_xcom to 2021-01-01T00:00:00+00:00, run_after=2021-01-01T00:00:00+00:00
[2023-09-17T12:43:35.737+0000] {processor.py:179} INFO - Processing /home/airflow/.local/lib/python3.8/site-packages/airflow/example_dags/example_xcom.py took 0.159 seconds
[2023-09-17T12:44:06.167+0000] {processor.py:157} INFO - Started process (PID=430) to work on /home/airflow/.local/lib/python3.8/site-packages/airflow/example_dags/example_xcom.py
[2023-09-17T12:44:06.168+0000] {processor.py:829} INFO - Processing file /home/airflow/.local/lib/python3.8/site-packages/airflow/example_dags/example_xcom.py for tasks to queue
[2023-09-17T12:44:06.172+0000] {logging_mixin.py:151} INFO - [2023-09-17T12:44:06.171+0000] {dagbag.py:539} INFO - Filling up the DagBag from /home/airflow/.local/lib/python3.8/site-packages/airflow/example_dags/example_xcom.py
[2023-09-17T12:44:06.182+0000] {processor.py:839} INFO - DAG(s) dict_keys(['example_xcom']) retrieved from /home/airflow/.local/lib/python3.8/site-packages/airflow/example_dags/example_xcom.py
[2023-09-17T12:44:06.213+0000] {logging_mixin.py:151} INFO - [2023-09-17T12:44:06.212+0000] {dag.py:2915} INFO - Sync 1 DAGs
[2023-09-17T12:44:06.282+0000] {logging_mixin.py:151} INFO - [2023-09-17T12:44:06.281+0000] {dag.py:3696} INFO - Setting next_dagrun for example_xcom to 2021-01-01T00:00:00+00:00, run_after=2021-01-01T00:00:00+00:00
[2023-09-17T12:44:06.389+0000] {processor.py:179} INFO - Processing /home/airflow/.local/lib/python3.8/site-packages/airflow/example_dags/example_xcom.py took 0.227 seconds
[2023-09-17T12:44:36.688+0000] {processor.py:157} INFO - Started process (PID=485) to work on /home/airflow/.local/lib/python3.8/site-packages/airflow/example_dags/example_xcom.py
[2023-09-17T12:44:36.689+0000] {processor.py:829} INFO - Processing file /home/airflow/.local/lib/python3.8/site-packages/airflow/example_dags/example_xcom.py for tasks to queue
[2023-09-17T12:44:36.691+0000] {logging_mixin.py:151} INFO - [2023-09-17T12:44:36.691+0000] {dagbag.py:539} INFO - Filling up the DagBag from /home/airflow/.local/lib/python3.8/site-packages/airflow/example_dags/example_xcom.py
[2023-09-17T12:44:36.702+0000] {processor.py:839} INFO - DAG(s) dict_keys(['example_xcom']) retrieved from /home/airflow/.local/lib/python3.8/site-packages/airflow/example_dags/example_xcom.py
[2023-09-17T12:44:36.730+0000] {logging_mixin.py:151} INFO - [2023-09-17T12:44:36.730+0000] {dag.py:2915} INFO - Sync 1 DAGs
[2023-09-17T12:44:36.765+0000] {logging_mixin.py:151} INFO - [2023-09-17T12:44:36.764+0000] {dag.py:3696} INFO - Setting next_dagrun for example_xcom to 2021-01-01T00:00:00+00:00, run_after=2021-01-01T00:00:00+00:00
[2023-09-17T12:44:36.802+0000] {processor.py:179} INFO - Processing /home/airflow/.local/lib/python3.8/site-packages/airflow/example_dags/example_xcom.py took 0.118 seconds
[2023-09-17T12:45:07.111+0000] {processor.py:157} INFO - Started process (PID=540) to work on /home/airflow/.local/lib/python3.8/site-packages/airflow/example_dags/example_xcom.py
[2023-09-17T12:45:07.153+0000] {processor.py:829} INFO - Processing file /home/airflow/.local/lib/python3.8/site-packages/airflow/example_dags/example_xcom.py for tasks to queue
[2023-09-17T12:45:07.160+0000] {logging_mixin.py:151} INFO - [2023-09-17T12:45:07.159+0000] {dagbag.py:539} INFO - Filling up the DagBag from /home/airflow/.local/lib/python3.8/site-packages/airflow/example_dags/example_xcom.py
[2023-09-17T12:45:07.185+0000] {processor.py:839} INFO - DAG(s) dict_keys(['example_xcom']) retrieved from /home/airflow/.local/lib/python3.8/site-packages/airflow/example_dags/example_xcom.py
[2023-09-17T12:45:07.252+0000] {logging_mixin.py:151} INFO - [2023-09-17T12:45:07.251+0000] {dag.py:2915} INFO - Sync 1 DAGs
[2023-09-17T12:45:07.322+0000] {logging_mixin.py:151} INFO - [2023-09-17T12:45:07.321+0000] {dag.py:3696} INFO - Setting next_dagrun for example_xcom to 2021-01-01T00:00:00+00:00, run_after=2021-01-01T00:00:00+00:00
[2023-09-17T12:45:07.396+0000] {processor.py:179} INFO - Processing /home/airflow/.local/lib/python3.8/site-packages/airflow/example_dags/example_xcom.py took 0.297 seconds
[2023-09-17T12:45:37.548+0000] {processor.py:157} INFO - Started process (PID=595) to work on /home/airflow/.local/lib/python3.8/site-packages/airflow/example_dags/example_xcom.py
[2023-09-17T12:45:37.561+0000] {processor.py:829} INFO - Processing file /home/airflow/.local/lib/python3.8/site-packages/airflow/example_dags/example_xcom.py for tasks to queue
[2023-09-17T12:45:37.564+0000] {logging_mixin.py:151} INFO - [2023-09-17T12:45:37.563+0000] {dagbag.py:539} INFO - Filling up the DagBag from /home/airflow/.local/lib/python3.8/site-packages/airflow/example_dags/example_xcom.py
[2023-09-17T12:45:37.574+0000] {processor.py:839} INFO - DAG(s) dict_keys(['example_xcom']) retrieved from /home/airflow/.local/lib/python3.8/site-packages/airflow/example_dags/example_xcom.py
[2023-09-17T12:45:37.603+0000] {logging_mixin.py:151} INFO - [2023-09-17T12:45:37.603+0000] {dag.py:2915} INFO - Sync 1 DAGs
[2023-09-17T12:45:37.635+0000] {logging_mixin.py:151} INFO - [2023-09-17T12:45:37.635+0000] {dag.py:3696} INFO - Setting next_dagrun for example_xcom to 2021-01-01T00:00:00+00:00, run_after=2021-01-01T00:00:00+00:00
[2023-09-17T12:45:37.672+0000] {processor.py:179} INFO - Processing /home/airflow/.local/lib/python3.8/site-packages/airflow/example_dags/example_xcom.py took 0.129 seconds
[2023-09-17T12:46:07.775+0000] {processor.py:157} INFO - Started process (PID=650) to work on /home/airflow/.local/lib/python3.8/site-packages/airflow/example_dags/example_xcom.py
[2023-09-17T12:46:07.776+0000] {processor.py:829} INFO - Processing file /home/airflow/.local/lib/python3.8/site-packages/airflow/example_dags/example_xcom.py for tasks to queue
[2023-09-17T12:46:07.778+0000] {logging_mixin.py:151} INFO - [2023-09-17T12:46:07.778+0000] {dagbag.py:539} INFO - Filling up the DagBag from /home/airflow/.local/lib/python3.8/site-packages/airflow/example_dags/example_xcom.py
[2023-09-17T12:46:07.789+0000] {processor.py:839} INFO - DAG(s) dict_keys(['example_xcom']) retrieved from /home/airflow/.local/lib/python3.8/site-packages/airflow/example_dags/example_xcom.py
[2023-09-17T12:46:07.815+0000] {logging_mixin.py:151} INFO - [2023-09-17T12:46:07.814+0000] {dag.py:2915} INFO - Sync 1 DAGs
[2023-09-17T12:46:07.843+0000] {logging_mixin.py:151} INFO - [2023-09-17T12:46:07.842+0000] {dag.py:3696} INFO - Setting next_dagrun for example_xcom to 2021-01-01T00:00:00+00:00, run_after=2021-01-01T00:00:00+00:00
[2023-09-17T12:46:07.878+0000] {processor.py:179} INFO - Processing /home/airflow/.local/lib/python3.8/site-packages/airflow/example_dags/example_xcom.py took 0.107 seconds
[2023-09-17T12:46:38.347+0000] {processor.py:157} INFO - Started process (PID=705) to work on /home/airflow/.local/lib/python3.8/site-packages/airflow/example_dags/example_xcom.py
[2023-09-17T12:46:38.366+0000] {processor.py:829} INFO - Processing file /home/airflow/.local/lib/python3.8/site-packages/airflow/example_dags/example_xcom.py for tasks to queue
[2023-09-17T12:46:38.369+0000] {logging_mixin.py:151} INFO - [2023-09-17T12:46:38.368+0000] {dagbag.py:539} INFO - Filling up the DagBag from /home/airflow/.local/lib/python3.8/site-packages/airflow/example_dags/example_xcom.py
[2023-09-17T12:46:38.382+0000] {processor.py:839} INFO - DAG(s) dict_keys(['example_xcom']) retrieved from /home/airflow/.local/lib/python3.8/site-packages/airflow/example_dags/example_xcom.py
[2023-09-17T12:46:38.429+0000] {logging_mixin.py:151} INFO - [2023-09-17T12:46:38.428+0000] {dag.py:2915} INFO - Sync 1 DAGs
[2023-09-17T12:46:38.475+0000] {logging_mixin.py:151} INFO - [2023-09-17T12:46:38.475+0000] {dag.py:3696} INFO - Setting next_dagrun for example_xcom to 2021-01-01T00:00:00+00:00, run_after=2021-01-01T00:00:00+00:00
[2023-09-17T12:46:38.531+0000] {processor.py:179} INFO - Processing /home/airflow/.local/lib/python3.8/site-packages/airflow/example_dags/example_xcom.py took 0.189 seconds
[2023-09-17T12:47:09.405+0000] {processor.py:157} INFO - Started process (PID=762) to work on /home/airflow/.local/lib/python3.8/site-packages/airflow/example_dags/example_xcom.py
[2023-09-17T12:47:09.406+0000] {processor.py:829} INFO - Processing file /home/airflow/.local/lib/python3.8/site-packages/airflow/example_dags/example_xcom.py for tasks to queue
[2023-09-17T12:47:09.409+0000] {logging_mixin.py:151} INFO - [2023-09-17T12:47:09.409+0000] {dagbag.py:539} INFO - Filling up the DagBag from /home/airflow/.local/lib/python3.8/site-packages/airflow/example_dags/example_xcom.py
[2023-09-17T12:47:09.424+0000] {processor.py:839} INFO - DAG(s) dict_keys(['example_xcom']) retrieved from /home/airflow/.local/lib/python3.8/site-packages/airflow/example_dags/example_xcom.py
[2023-09-17T12:47:09.455+0000] {logging_mixin.py:151} INFO - [2023-09-17T12:47:09.454+0000] {dag.py:2915} INFO - Sync 1 DAGs
[2023-09-17T12:47:09.497+0000] {logging_mixin.py:151} INFO - [2023-09-17T12:47:09.497+0000] {dag.py:3696} INFO - Setting next_dagrun for example_xcom to 2021-01-01T00:00:00+00:00, run_after=2021-01-01T00:00:00+00:00
[2023-09-17T12:47:09.552+0000] {processor.py:179} INFO - Processing /home/airflow/.local/lib/python3.8/site-packages/airflow/example_dags/example_xcom.py took 0.152 seconds
[2023-09-17T12:47:39.782+0000] {processor.py:157} INFO - Started process (PID=817) to work on /home/airflow/.local/lib/python3.8/site-packages/airflow/example_dags/example_xcom.py
[2023-09-17T12:47:39.790+0000] {processor.py:829} INFO - Processing file /home/airflow/.local/lib/python3.8/site-packages/airflow/example_dags/example_xcom.py for tasks to queue
[2023-09-17T12:47:39.793+0000] {logging_mixin.py:151} INFO - [2023-09-17T12:47:39.793+0000] {dagbag.py:539} INFO - Filling up the DagBag from /home/airflow/.local/lib/python3.8/site-packages/airflow/example_dags/example_xcom.py
[2023-09-17T12:47:39.807+0000] {processor.py:839} INFO - DAG(s) dict_keys(['example_xcom']) retrieved from /home/airflow/.local/lib/python3.8/site-packages/airflow/example_dags/example_xcom.py
[2023-09-17T12:47:39.850+0000] {logging_mixin.py:151} INFO - [2023-09-17T12:47:39.849+0000] {dag.py:2915} INFO - Sync 1 DAGs
[2023-09-17T12:47:39.895+0000] {logging_mixin.py:151} INFO - [2023-09-17T12:47:39.895+0000] {dag.py:3696} INFO - Setting next_dagrun for example_xcom to 2021-01-01T00:00:00+00:00, run_after=2021-01-01T00:00:00+00:00
[2023-09-17T12:47:39.954+0000] {processor.py:179} INFO - Processing /home/airflow/.local/lib/python3.8/site-packages/airflow/example_dags/example_xcom.py took 0.177 seconds
[2023-09-17T12:48:10.178+0000] {processor.py:157} INFO - Started process (PID=872) to work on /home/airflow/.local/lib/python3.8/site-packages/airflow/example_dags/example_xcom.py
[2023-09-17T12:48:10.179+0000] {processor.py:829} INFO - Processing file /home/airflow/.local/lib/python3.8/site-packages/airflow/example_dags/example_xcom.py for tasks to queue
[2023-09-17T12:48:10.183+0000] {logging_mixin.py:151} INFO - [2023-09-17T12:48:10.182+0000] {dagbag.py:539} INFO - Filling up the DagBag from /home/airflow/.local/lib/python3.8/site-packages/airflow/example_dags/example_xcom.py
[2023-09-17T12:48:10.194+0000] {processor.py:839} INFO - DAG(s) dict_keys(['example_xcom']) retrieved from /home/airflow/.local/lib/python3.8/site-packages/airflow/example_dags/example_xcom.py
[2023-09-17T12:48:10.224+0000] {logging_mixin.py:151} INFO - [2023-09-17T12:48:10.224+0000] {dag.py:2915} INFO - Sync 1 DAGs
[2023-09-17T12:48:10.263+0000] {logging_mixin.py:151} INFO - [2023-09-17T12:48:10.263+0000] {dag.py:3696} INFO - Setting next_dagrun for example_xcom to 2021-01-01T00:00:00+00:00, run_after=2021-01-01T00:00:00+00:00
[2023-09-17T12:48:10.312+0000] {processor.py:179} INFO - Processing /home/airflow/.local/lib/python3.8/site-packages/airflow/example_dags/example_xcom.py took 0.138 seconds
[2023-09-17T12:48:40.653+0000] {processor.py:157} INFO - Started process (PID=927) to work on /home/airflow/.local/lib/python3.8/site-packages/airflow/example_dags/example_xcom.py
[2023-09-17T12:48:40.666+0000] {processor.py:829} INFO - Processing file /home/airflow/.local/lib/python3.8/site-packages/airflow/example_dags/example_xcom.py for tasks to queue
[2023-09-17T12:48:40.670+0000] {logging_mixin.py:151} INFO - [2023-09-17T12:48:40.669+0000] {dagbag.py:539} INFO - Filling up the DagBag from /home/airflow/.local/lib/python3.8/site-packages/airflow/example_dags/example_xcom.py
[2023-09-17T12:48:40.681+0000] {processor.py:839} INFO - DAG(s) dict_keys(['example_xcom']) retrieved from /home/airflow/.local/lib/python3.8/site-packages/airflow/example_dags/example_xcom.py
[2023-09-17T12:48:40.707+0000] {logging_mixin.py:151} INFO - [2023-09-17T12:48:40.707+0000] {dag.py:2915} INFO - Sync 1 DAGs
[2023-09-17T12:48:40.735+0000] {logging_mixin.py:151} INFO - [2023-09-17T12:48:40.735+0000] {dag.py:3696} INFO - Setting next_dagrun for example_xcom to 2021-01-01T00:00:00+00:00, run_after=2021-01-01T00:00:00+00:00
[2023-09-17T12:48:40.761+0000] {processor.py:179} INFO - Processing /home/airflow/.local/lib/python3.8/site-packages/airflow/example_dags/example_xcom.py took 0.112 seconds
[2023-09-17T12:49:11.126+0000] {processor.py:157} INFO - Started process (PID=983) to work on /home/airflow/.local/lib/python3.8/site-packages/airflow/example_dags/example_xcom.py
[2023-09-17T12:49:11.128+0000] {processor.py:829} INFO - Processing file /home/airflow/.local/lib/python3.8/site-packages/airflow/example_dags/example_xcom.py for tasks to queue
[2023-09-17T12:49:11.131+0000] {logging_mixin.py:151} INFO - [2023-09-17T12:49:11.130+0000] {dagbag.py:539} INFO - Filling up the DagBag from /home/airflow/.local/lib/python3.8/site-packages/airflow/example_dags/example_xcom.py
[2023-09-17T12:49:11.146+0000] {processor.py:839} INFO - DAG(s) dict_keys(['example_xcom']) retrieved from /home/airflow/.local/lib/python3.8/site-packages/airflow/example_dags/example_xcom.py
[2023-09-17T12:49:11.197+0000] {logging_mixin.py:151} INFO - [2023-09-17T12:49:11.197+0000] {dag.py:2915} INFO - Sync 1 DAGs
[2023-09-17T12:49:11.235+0000] {logging_mixin.py:151} INFO - [2023-09-17T12:49:11.234+0000] {dag.py:3696} INFO - Setting next_dagrun for example_xcom to 2021-01-01T00:00:00+00:00, run_after=2021-01-01T00:00:00+00:00
[2023-09-17T12:49:11.294+0000] {processor.py:179} INFO - Processing /home/airflow/.local/lib/python3.8/site-packages/airflow/example_dags/example_xcom.py took 0.180 seconds
[2023-09-17T12:49:41.691+0000] {processor.py:157} INFO - Started process (PID=1037) to work on /home/airflow/.local/lib/python3.8/site-packages/airflow/example_dags/example_xcom.py
[2023-09-17T12:49:41.692+0000] {processor.py:829} INFO - Processing file /home/airflow/.local/lib/python3.8/site-packages/airflow/example_dags/example_xcom.py for tasks to queue
[2023-09-17T12:49:41.695+0000] {logging_mixin.py:151} INFO - [2023-09-17T12:49:41.694+0000] {dagbag.py:539} INFO - Filling up the DagBag from /home/airflow/.local/lib/python3.8/site-packages/airflow/example_dags/example_xcom.py
[2023-09-17T12:49:41.708+0000] {processor.py:839} INFO - DAG(s) dict_keys(['example_xcom']) retrieved from /home/airflow/.local/lib/python3.8/site-packages/airflow/example_dags/example_xcom.py
[2023-09-17T12:49:41.743+0000] {logging_mixin.py:151} INFO - [2023-09-17T12:49:41.742+0000] {dag.py:2915} INFO - Sync 1 DAGs
[2023-09-17T12:49:41.786+0000] {logging_mixin.py:151} INFO - [2023-09-17T12:49:41.785+0000] {dag.py:3696} INFO - Setting next_dagrun for example_xcom to 2021-01-01T00:00:00+00:00, run_after=2021-01-01T00:00:00+00:00
[2023-09-17T12:49:41.825+0000] {processor.py:179} INFO - Processing /home/airflow/.local/lib/python3.8/site-packages/airflow/example_dags/example_xcom.py took 0.139 seconds
[2023-09-17T12:50:12.658+0000] {processor.py:157} INFO - Started process (PID=1092) to work on /home/airflow/.local/lib/python3.8/site-packages/airflow/example_dags/example_xcom.py
[2023-09-17T12:50:12.659+0000] {processor.py:829} INFO - Processing file /home/airflow/.local/lib/python3.8/site-packages/airflow/example_dags/example_xcom.py for tasks to queue
[2023-09-17T12:50:12.663+0000] {logging_mixin.py:151} INFO - [2023-09-17T12:50:12.662+0000] {dagbag.py:539} INFO - Filling up the DagBag from /home/airflow/.local/lib/python3.8/site-packages/airflow/example_dags/example_xcom.py
[2023-09-17T12:50:12.678+0000] {processor.py:839} INFO - DAG(s) dict_keys(['example_xcom']) retrieved from /home/airflow/.local/lib/python3.8/site-packages/airflow/example_dags/example_xcom.py
[2023-09-17T12:50:12.721+0000] {logging_mixin.py:151} INFO - [2023-09-17T12:50:12.721+0000] {dag.py:2915} INFO - Sync 1 DAGs
[2023-09-17T12:50:12.775+0000] {logging_mixin.py:151} INFO - [2023-09-17T12:50:12.774+0000] {dag.py:3696} INFO - Setting next_dagrun for example_xcom to 2021-01-01T00:00:00+00:00, run_after=2021-01-01T00:00:00+00:00
[2023-09-17T12:50:12.817+0000] {processor.py:179} INFO - Processing /home/airflow/.local/lib/python3.8/site-packages/airflow/example_dags/example_xcom.py took 0.164 seconds
[2023-09-17T12:50:43.745+0000] {processor.py:157} INFO - Started process (PID=1147) to work on /home/airflow/.local/lib/python3.8/site-packages/airflow/example_dags/example_xcom.py
[2023-09-17T12:50:43.768+0000] {processor.py:829} INFO - Processing file /home/airflow/.local/lib/python3.8/site-packages/airflow/example_dags/example_xcom.py for tasks to queue
[2023-09-17T12:50:43.779+0000] {logging_mixin.py:151} INFO - [2023-09-17T12:50:43.777+0000] {dagbag.py:539} INFO - Filling up the DagBag from /home/airflow/.local/lib/python3.8/site-packages/airflow/example_dags/example_xcom.py
[2023-09-17T12:50:43.808+0000] {processor.py:839} INFO - DAG(s) dict_keys(['example_xcom']) retrieved from /home/airflow/.local/lib/python3.8/site-packages/airflow/example_dags/example_xcom.py
[2023-09-17T12:50:43.900+0000] {logging_mixin.py:151} INFO - [2023-09-17T12:50:43.900+0000] {dag.py:2915} INFO - Sync 1 DAGs
[2023-09-17T12:50:43.965+0000] {logging_mixin.py:151} INFO - [2023-09-17T12:50:43.965+0000] {dag.py:3696} INFO - Setting next_dagrun for example_xcom to 2021-01-01T00:00:00+00:00, run_after=2021-01-01T00:00:00+00:00
[2023-09-17T12:50:44.045+0000] {processor.py:179} INFO - Processing /home/airflow/.local/lib/python3.8/site-packages/airflow/example_dags/example_xcom.py took 0.311 seconds
[2023-09-17T12:51:14.228+0000] {processor.py:157} INFO - Started process (PID=1201) to work on /home/airflow/.local/lib/python3.8/site-packages/airflow/example_dags/example_xcom.py
[2023-09-17T12:51:14.229+0000] {processor.py:829} INFO - Processing file /home/airflow/.local/lib/python3.8/site-packages/airflow/example_dags/example_xcom.py for tasks to queue
[2023-09-17T12:51:14.235+0000] {logging_mixin.py:151} INFO - [2023-09-17T12:51:14.233+0000] {dagbag.py:539} INFO - Filling up the DagBag from /home/airflow/.local/lib/python3.8/site-packages/airflow/example_dags/example_xcom.py
[2023-09-17T12:51:14.254+0000] {processor.py:839} INFO - DAG(s) dict_keys(['example_xcom']) retrieved from /home/airflow/.local/lib/python3.8/site-packages/airflow/example_dags/example_xcom.py
[2023-09-17T12:51:14.309+0000] {logging_mixin.py:151} INFO - [2023-09-17T12:51:14.309+0000] {dag.py:2915} INFO - Sync 1 DAGs
[2023-09-17T12:51:14.372+0000] {logging_mixin.py:151} INFO - [2023-09-17T12:51:14.371+0000] {dag.py:3696} INFO - Setting next_dagrun for example_xcom to 2021-01-01T00:00:00+00:00, run_after=2021-01-01T00:00:00+00:00
[2023-09-17T12:51:14.442+0000] {processor.py:179} INFO - Processing /home/airflow/.local/lib/python3.8/site-packages/airflow/example_dags/example_xcom.py took 0.219 seconds
[2023-09-17T12:51:44.641+0000] {processor.py:157} INFO - Started process (PID=1255) to work on /home/airflow/.local/lib/python3.8/site-packages/airflow/example_dags/example_xcom.py
[2023-09-17T12:51:44.653+0000] {processor.py:829} INFO - Processing file /home/airflow/.local/lib/python3.8/site-packages/airflow/example_dags/example_xcom.py for tasks to queue
[2023-09-17T12:51:44.658+0000] {logging_mixin.py:151} INFO - [2023-09-17T12:51:44.657+0000] {dagbag.py:539} INFO - Filling up the DagBag from /home/airflow/.local/lib/python3.8/site-packages/airflow/example_dags/example_xcom.py
[2023-09-17T12:51:44.674+0000] {processor.py:839} INFO - DAG(s) dict_keys(['example_xcom']) retrieved from /home/airflow/.local/lib/python3.8/site-packages/airflow/example_dags/example_xcom.py
[2023-09-17T12:51:44.730+0000] {logging_mixin.py:151} INFO - [2023-09-17T12:51:44.729+0000] {dag.py:2915} INFO - Sync 1 DAGs
[2023-09-17T12:51:44.782+0000] {logging_mixin.py:151} INFO - [2023-09-17T12:51:44.781+0000] {dag.py:3696} INFO - Setting next_dagrun for example_xcom to 2021-01-01T00:00:00+00:00, run_after=2021-01-01T00:00:00+00:00
[2023-09-17T12:51:44.859+0000] {processor.py:179} INFO - Processing /home/airflow/.local/lib/python3.8/site-packages/airflow/example_dags/example_xcom.py took 0.230 seconds
[2023-09-17T12:52:15.229+0000] {processor.py:157} INFO - Started process (PID=1311) to work on /home/airflow/.local/lib/python3.8/site-packages/airflow/example_dags/example_xcom.py
[2023-09-17T12:52:15.241+0000] {processor.py:829} INFO - Processing file /home/airflow/.local/lib/python3.8/site-packages/airflow/example_dags/example_xcom.py for tasks to queue
[2023-09-17T12:52:15.246+0000] {logging_mixin.py:151} INFO - [2023-09-17T12:52:15.246+0000] {dagbag.py:539} INFO - Filling up the DagBag from /home/airflow/.local/lib/python3.8/site-packages/airflow/example_dags/example_xcom.py
[2023-09-17T12:52:15.277+0000] {processor.py:839} INFO - DAG(s) dict_keys(['example_xcom']) retrieved from /home/airflow/.local/lib/python3.8/site-packages/airflow/example_dags/example_xcom.py
[2023-09-17T12:52:15.338+0000] {logging_mixin.py:151} INFO - [2023-09-17T12:52:15.337+0000] {dag.py:2915} INFO - Sync 1 DAGs
[2023-09-17T12:52:15.430+0000] {logging_mixin.py:151} INFO - [2023-09-17T12:52:15.429+0000] {dag.py:3696} INFO - Setting next_dagrun for example_xcom to 2021-01-01T00:00:00+00:00, run_after=2021-01-01T00:00:00+00:00
[2023-09-17T12:52:15.511+0000] {processor.py:179} INFO - Processing /home/airflow/.local/lib/python3.8/site-packages/airflow/example_dags/example_xcom.py took 0.287 seconds
[2023-09-17T12:52:45.722+0000] {processor.py:157} INFO - Started process (PID=1366) to work on /home/airflow/.local/lib/python3.8/site-packages/airflow/example_dags/example_xcom.py
[2023-09-17T12:52:45.724+0000] {processor.py:829} INFO - Processing file /home/airflow/.local/lib/python3.8/site-packages/airflow/example_dags/example_xcom.py for tasks to queue
[2023-09-17T12:52:45.728+0000] {logging_mixin.py:151} INFO - [2023-09-17T12:52:45.728+0000] {dagbag.py:539} INFO - Filling up the DagBag from /home/airflow/.local/lib/python3.8/site-packages/airflow/example_dags/example_xcom.py
[2023-09-17T12:52:45.743+0000] {processor.py:839} INFO - DAG(s) dict_keys(['example_xcom']) retrieved from /home/airflow/.local/lib/python3.8/site-packages/airflow/example_dags/example_xcom.py
[2023-09-17T12:52:45.794+0000] {logging_mixin.py:151} INFO - [2023-09-17T12:52:45.794+0000] {dag.py:2915} INFO - Sync 1 DAGs
[2023-09-17T12:52:45.859+0000] {logging_mixin.py:151} INFO - [2023-09-17T12:52:45.858+0000] {dag.py:3696} INFO - Setting next_dagrun for example_xcom to 2021-01-01T00:00:00+00:00, run_after=2021-01-01T00:00:00+00:00
[2023-09-17T12:52:45.912+0000] {processor.py:179} INFO - Processing /home/airflow/.local/lib/python3.8/site-packages/airflow/example_dags/example_xcom.py took 0.198 seconds
