[2023-09-17T12:40:30.223+0000] {processor.py:157} INFO - Started process (PID=42) to work on /home/airflow/.local/lib/python3.8/site-packages/airflow/example_dags/example_task_group_decorator.py
[2023-09-17T12:40:30.225+0000] {processor.py:829} INFO - Processing file /home/airflow/.local/lib/python3.8/site-packages/airflow/example_dags/example_task_group_decorator.py for tasks to queue
[2023-09-17T12:40:30.229+0000] {logging_mixin.py:151} INFO - [2023-09-17T12:40:30.228+0000] {dagbag.py:539} INFO - Filling up the DagBag from /home/airflow/.local/lib/python3.8/site-packages/airflow/example_dags/example_task_group_decorator.py
[2023-09-17T12:40:30.279+0000] {processor.py:839} INFO - DAG(s) dict_keys(['example_task_group_decorator']) retrieved from /home/airflow/.local/lib/python3.8/site-packages/airflow/example_dags/example_task_group_decorator.py
[2023-09-17T12:40:30.575+0000] {logging_mixin.py:151} INFO - [2023-09-17T12:40:30.574+0000] {manager.py:499} INFO - Created Permission View: %s
[2023-09-17T12:40:30.677+0000] {logging_mixin.py:151} INFO - [2023-09-17T12:40:30.677+0000] {manager.py:499} INFO - Created Permission View: %s
[2023-09-17T12:40:30.765+0000] {logging_mixin.py:151} INFO - [2023-09-17T12:40:30.763+0000] {manager.py:499} INFO - Created Permission View: %s
[2023-09-17T12:40:30.767+0000] {logging_mixin.py:151} INFO - [2023-09-17T12:40:30.766+0000] {security.py:708} INFO - Not syncing DAG-level permissions for DAG 'DAG:example_task_group_decorator' as access control is unset.
[2023-09-17T12:40:30.768+0000] {logging_mixin.py:151} INFO - [2023-09-17T12:40:30.767+0000] {dag.py:2915} INFO - Sync 1 DAGs
[2023-09-17T12:40:30.795+0000] {logging_mixin.py:151} INFO - [2023-09-17T12:40:30.795+0000] {dag.py:2937} INFO - Creating ORM DAG for example_task_group_decorator
[2023-09-17T12:40:30.834+0000] {logging_mixin.py:151} INFO - [2023-09-17T12:40:30.831+0000] {dag.py:3696} INFO - Setting next_dagrun for example_task_group_decorator to 2023-09-16T12:40:30.830431+00:00, run_after=2023-09-17T12:40:30.830431+00:00
[2023-09-17T12:40:30.962+0000] {processor.py:179} INFO - Processing /home/airflow/.local/lib/python3.8/site-packages/airflow/example_dags/example_task_group_decorator.py took 0.744 seconds
[2023-09-17T12:41:01.658+0000] {processor.py:157} INFO - Started process (PID=98) to work on /home/airflow/.local/lib/python3.8/site-packages/airflow/example_dags/example_task_group_decorator.py
[2023-09-17T12:41:01.695+0000] {processor.py:829} INFO - Processing file /home/airflow/.local/lib/python3.8/site-packages/airflow/example_dags/example_task_group_decorator.py for tasks to queue
[2023-09-17T12:41:01.700+0000] {logging_mixin.py:151} INFO - [2023-09-17T12:41:01.700+0000] {dagbag.py:539} INFO - Filling up the DagBag from /home/airflow/.local/lib/python3.8/site-packages/airflow/example_dags/example_task_group_decorator.py
[2023-09-17T12:41:01.727+0000] {processor.py:839} INFO - DAG(s) dict_keys(['example_task_group_decorator']) retrieved from /home/airflow/.local/lib/python3.8/site-packages/airflow/example_dags/example_task_group_decorator.py
[2023-09-17T12:41:01.763+0000] {logging_mixin.py:151} INFO - [2023-09-17T12:41:01.763+0000] {dag.py:2915} INFO - Sync 1 DAGs
[2023-09-17T12:41:01.802+0000] {logging_mixin.py:151} INFO - [2023-09-17T12:41:01.802+0000] {dag.py:3696} INFO - Setting next_dagrun for example_task_group_decorator to 2023-09-16T12:41:01.802260+00:00, run_after=2023-09-17T12:41:01.802260+00:00
[2023-09-17T12:41:01.878+0000] {processor.py:179} INFO - Processing /home/airflow/.local/lib/python3.8/site-packages/airflow/example_dags/example_task_group_decorator.py took 0.224 seconds
[2023-09-17T12:41:32.030+0000] {processor.py:157} INFO - Started process (PID=153) to work on /home/airflow/.local/lib/python3.8/site-packages/airflow/example_dags/example_task_group_decorator.py
[2023-09-17T12:41:32.048+0000] {processor.py:829} INFO - Processing file /home/airflow/.local/lib/python3.8/site-packages/airflow/example_dags/example_task_group_decorator.py for tasks to queue
[2023-09-17T12:41:32.050+0000] {logging_mixin.py:151} INFO - [2023-09-17T12:41:32.050+0000] {dagbag.py:539} INFO - Filling up the DagBag from /home/airflow/.local/lib/python3.8/site-packages/airflow/example_dags/example_task_group_decorator.py
[2023-09-17T12:41:32.094+0000] {processor.py:839} INFO - DAG(s) dict_keys(['example_task_group_decorator']) retrieved from /home/airflow/.local/lib/python3.8/site-packages/airflow/example_dags/example_task_group_decorator.py
[2023-09-17T12:41:32.140+0000] {logging_mixin.py:151} INFO - [2023-09-17T12:41:32.140+0000] {dag.py:2915} INFO - Sync 1 DAGs
[2023-09-17T12:41:32.178+0000] {logging_mixin.py:151} INFO - [2023-09-17T12:41:32.177+0000] {dag.py:3696} INFO - Setting next_dagrun for example_task_group_decorator to 2023-09-16T12:41:32.177592+00:00, run_after=2023-09-17T12:41:32.177592+00:00
[2023-09-17T12:41:32.222+0000] {processor.py:179} INFO - Processing /home/airflow/.local/lib/python3.8/site-packages/airflow/example_dags/example_task_group_decorator.py took 0.196 seconds
[2023-09-17T12:42:02.278+0000] {processor.py:157} INFO - Started process (PID=207) to work on /home/airflow/.local/lib/python3.8/site-packages/airflow/example_dags/example_task_group_decorator.py
[2023-09-17T12:42:02.319+0000] {processor.py:829} INFO - Processing file /home/airflow/.local/lib/python3.8/site-packages/airflow/example_dags/example_task_group_decorator.py for tasks to queue
[2023-09-17T12:42:02.324+0000] {logging_mixin.py:151} INFO - [2023-09-17T12:42:02.324+0000] {dagbag.py:539} INFO - Filling up the DagBag from /home/airflow/.local/lib/python3.8/site-packages/airflow/example_dags/example_task_group_decorator.py
[2023-09-17T12:42:02.379+0000] {processor.py:839} INFO - DAG(s) dict_keys(['example_task_group_decorator']) retrieved from /home/airflow/.local/lib/python3.8/site-packages/airflow/example_dags/example_task_group_decorator.py
[2023-09-17T12:42:02.434+0000] {logging_mixin.py:151} INFO - [2023-09-17T12:42:02.433+0000] {dag.py:2915} INFO - Sync 1 DAGs
[2023-09-17T12:42:02.483+0000] {logging_mixin.py:151} INFO - [2023-09-17T12:42:02.483+0000] {dag.py:3696} INFO - Setting next_dagrun for example_task_group_decorator to 2023-09-16T12:42:02.482674+00:00, run_after=2023-09-17T12:42:02.482674+00:00
[2023-09-17T12:42:02.561+0000] {processor.py:179} INFO - Processing /home/airflow/.local/lib/python3.8/site-packages/airflow/example_dags/example_task_group_decorator.py took 0.289 seconds
[2023-09-17T12:42:33.293+0000] {processor.py:157} INFO - Started process (PID=261) to work on /home/airflow/.local/lib/python3.8/site-packages/airflow/example_dags/example_task_group_decorator.py
[2023-09-17T12:42:33.294+0000] {processor.py:829} INFO - Processing file /home/airflow/.local/lib/python3.8/site-packages/airflow/example_dags/example_task_group_decorator.py for tasks to queue
[2023-09-17T12:42:33.296+0000] {logging_mixin.py:151} INFO - [2023-09-17T12:42:33.296+0000] {dagbag.py:539} INFO - Filling up the DagBag from /home/airflow/.local/lib/python3.8/site-packages/airflow/example_dags/example_task_group_decorator.py
[2023-09-17T12:42:33.318+0000] {processor.py:839} INFO - DAG(s) dict_keys(['example_task_group_decorator']) retrieved from /home/airflow/.local/lib/python3.8/site-packages/airflow/example_dags/example_task_group_decorator.py
[2023-09-17T12:42:33.361+0000] {logging_mixin.py:151} INFO - [2023-09-17T12:42:33.361+0000] {dag.py:2915} INFO - Sync 1 DAGs
[2023-09-17T12:42:33.436+0000] {logging_mixin.py:151} INFO - [2023-09-17T12:42:33.436+0000] {dag.py:3696} INFO - Setting next_dagrun for example_task_group_decorator to 2023-09-16T12:42:33.435830+00:00, run_after=2023-09-17T12:42:33.435830+00:00
[2023-09-17T12:42:33.513+0000] {processor.py:179} INFO - Processing /home/airflow/.local/lib/python3.8/site-packages/airflow/example_dags/example_task_group_decorator.py took 0.223 seconds
[2023-09-17T12:43:03.980+0000] {processor.py:157} INFO - Started process (PID=316) to work on /home/airflow/.local/lib/python3.8/site-packages/airflow/example_dags/example_task_group_decorator.py
[2023-09-17T12:43:03.981+0000] {processor.py:829} INFO - Processing file /home/airflow/.local/lib/python3.8/site-packages/airflow/example_dags/example_task_group_decorator.py for tasks to queue
[2023-09-17T12:43:03.984+0000] {logging_mixin.py:151} INFO - [2023-09-17T12:43:03.983+0000] {dagbag.py:539} INFO - Filling up the DagBag from /home/airflow/.local/lib/python3.8/site-packages/airflow/example_dags/example_task_group_decorator.py
[2023-09-17T12:43:04.007+0000] {processor.py:839} INFO - DAG(s) dict_keys(['example_task_group_decorator']) retrieved from /home/airflow/.local/lib/python3.8/site-packages/airflow/example_dags/example_task_group_decorator.py
[2023-09-17T12:43:04.044+0000] {logging_mixin.py:151} INFO - [2023-09-17T12:43:04.043+0000] {dag.py:2915} INFO - Sync 1 DAGs
[2023-09-17T12:43:04.078+0000] {logging_mixin.py:151} INFO - [2023-09-17T12:43:04.078+0000] {dag.py:3696} INFO - Setting next_dagrun for example_task_group_decorator to 2023-09-16T12:43:04.078019+00:00, run_after=2023-09-17T12:43:04.078019+00:00
[2023-09-17T12:43:04.123+0000] {processor.py:179} INFO - Processing /home/airflow/.local/lib/python3.8/site-packages/airflow/example_dags/example_task_group_decorator.py took 0.147 seconds
[2023-09-17T12:43:34.584+0000] {processor.py:157} INFO - Started process (PID=371) to work on /home/airflow/.local/lib/python3.8/site-packages/airflow/example_dags/example_task_group_decorator.py
[2023-09-17T12:43:34.585+0000] {processor.py:829} INFO - Processing file /home/airflow/.local/lib/python3.8/site-packages/airflow/example_dags/example_task_group_decorator.py for tasks to queue
[2023-09-17T12:43:34.588+0000] {logging_mixin.py:151} INFO - [2023-09-17T12:43:34.587+0000] {dagbag.py:539} INFO - Filling up the DagBag from /home/airflow/.local/lib/python3.8/site-packages/airflow/example_dags/example_task_group_decorator.py
[2023-09-17T12:43:34.608+0000] {processor.py:839} INFO - DAG(s) dict_keys(['example_task_group_decorator']) retrieved from /home/airflow/.local/lib/python3.8/site-packages/airflow/example_dags/example_task_group_decorator.py
[2023-09-17T12:43:34.651+0000] {logging_mixin.py:151} INFO - [2023-09-17T12:43:34.650+0000] {dag.py:2915} INFO - Sync 1 DAGs
[2023-09-17T12:43:34.688+0000] {logging_mixin.py:151} INFO - [2023-09-17T12:43:34.688+0000] {dag.py:3696} INFO - Setting next_dagrun for example_task_group_decorator to 2023-09-16T12:43:34.688173+00:00, run_after=2023-09-17T12:43:34.688173+00:00
[2023-09-17T12:43:34.715+0000] {processor.py:179} INFO - Processing /home/airflow/.local/lib/python3.8/site-packages/airflow/example_dags/example_task_group_decorator.py took 0.135 seconds
[2023-09-17T12:44:04.851+0000] {processor.py:157} INFO - Started process (PID=427) to work on /home/airflow/.local/lib/python3.8/site-packages/airflow/example_dags/example_task_group_decorator.py
[2023-09-17T12:44:04.852+0000] {processor.py:829} INFO - Processing file /home/airflow/.local/lib/python3.8/site-packages/airflow/example_dags/example_task_group_decorator.py for tasks to queue
[2023-09-17T12:44:04.854+0000] {logging_mixin.py:151} INFO - [2023-09-17T12:44:04.854+0000] {dagbag.py:539} INFO - Filling up the DagBag from /home/airflow/.local/lib/python3.8/site-packages/airflow/example_dags/example_task_group_decorator.py
[2023-09-17T12:44:04.875+0000] {processor.py:839} INFO - DAG(s) dict_keys(['example_task_group_decorator']) retrieved from /home/airflow/.local/lib/python3.8/site-packages/airflow/example_dags/example_task_group_decorator.py
[2023-09-17T12:44:04.909+0000] {logging_mixin.py:151} INFO - [2023-09-17T12:44:04.908+0000] {dag.py:2915} INFO - Sync 1 DAGs
[2023-09-17T12:44:04.946+0000] {logging_mixin.py:151} INFO - [2023-09-17T12:44:04.946+0000] {dag.py:3696} INFO - Setting next_dagrun for example_task_group_decorator to 2023-09-16T12:44:04.946115+00:00, run_after=2023-09-17T12:44:04.946115+00:00
[2023-09-17T12:44:04.994+0000] {processor.py:179} INFO - Processing /home/airflow/.local/lib/python3.8/site-packages/airflow/example_dags/example_task_group_decorator.py took 0.147 seconds
[2023-09-17T12:44:35.143+0000] {processor.py:157} INFO - Started process (PID=482) to work on /home/airflow/.local/lib/python3.8/site-packages/airflow/example_dags/example_task_group_decorator.py
[2023-09-17T12:44:35.146+0000] {processor.py:829} INFO - Processing file /home/airflow/.local/lib/python3.8/site-packages/airflow/example_dags/example_task_group_decorator.py for tasks to queue
[2023-09-17T12:44:35.153+0000] {logging_mixin.py:151} INFO - [2023-09-17T12:44:35.152+0000] {dagbag.py:539} INFO - Filling up the DagBag from /home/airflow/.local/lib/python3.8/site-packages/airflow/example_dags/example_task_group_decorator.py
[2023-09-17T12:44:35.203+0000] {processor.py:839} INFO - DAG(s) dict_keys(['example_task_group_decorator']) retrieved from /home/airflow/.local/lib/python3.8/site-packages/airflow/example_dags/example_task_group_decorator.py
[2023-09-17T12:44:35.307+0000] {logging_mixin.py:151} INFO - [2023-09-17T12:44:35.307+0000] {dag.py:2915} INFO - Sync 1 DAGs
[2023-09-17T12:44:35.373+0000] {logging_mixin.py:151} INFO - [2023-09-17T12:44:35.373+0000] {dag.py:3696} INFO - Setting next_dagrun for example_task_group_decorator to 2023-09-16T12:44:35.372878+00:00, run_after=2023-09-17T12:44:35.372878+00:00
[2023-09-17T12:44:35.444+0000] {processor.py:179} INFO - Processing /home/airflow/.local/lib/python3.8/site-packages/airflow/example_dags/example_task_group_decorator.py took 0.310 seconds
[2023-09-17T12:45:05.686+0000] {processor.py:157} INFO - Started process (PID=537) to work on /home/airflow/.local/lib/python3.8/site-packages/airflow/example_dags/example_task_group_decorator.py
[2023-09-17T12:45:05.687+0000] {processor.py:829} INFO - Processing file /home/airflow/.local/lib/python3.8/site-packages/airflow/example_dags/example_task_group_decorator.py for tasks to queue
[2023-09-17T12:45:05.690+0000] {logging_mixin.py:151} INFO - [2023-09-17T12:45:05.689+0000] {dagbag.py:539} INFO - Filling up the DagBag from /home/airflow/.local/lib/python3.8/site-packages/airflow/example_dags/example_task_group_decorator.py
[2023-09-17T12:45:05.710+0000] {processor.py:839} INFO - DAG(s) dict_keys(['example_task_group_decorator']) retrieved from /home/airflow/.local/lib/python3.8/site-packages/airflow/example_dags/example_task_group_decorator.py
[2023-09-17T12:45:05.747+0000] {logging_mixin.py:151} INFO - [2023-09-17T12:45:05.747+0000] {dag.py:2915} INFO - Sync 1 DAGs
[2023-09-17T12:45:05.783+0000] {logging_mixin.py:151} INFO - [2023-09-17T12:45:05.783+0000] {dag.py:3696} INFO - Setting next_dagrun for example_task_group_decorator to 2023-09-16T12:45:05.782931+00:00, run_after=2023-09-17T12:45:05.782931+00:00
[2023-09-17T12:45:05.822+0000] {processor.py:179} INFO - Processing /home/airflow/.local/lib/python3.8/site-packages/airflow/example_dags/example_task_group_decorator.py took 0.139 seconds
[2023-09-17T12:45:36.175+0000] {processor.py:157} INFO - Started process (PID=592) to work on /home/airflow/.local/lib/python3.8/site-packages/airflow/example_dags/example_task_group_decorator.py
[2023-09-17T12:45:36.187+0000] {processor.py:829} INFO - Processing file /home/airflow/.local/lib/python3.8/site-packages/airflow/example_dags/example_task_group_decorator.py for tasks to queue
[2023-09-17T12:45:36.190+0000] {logging_mixin.py:151} INFO - [2023-09-17T12:45:36.190+0000] {dagbag.py:539} INFO - Filling up the DagBag from /home/airflow/.local/lib/python3.8/site-packages/airflow/example_dags/example_task_group_decorator.py
[2023-09-17T12:45:36.228+0000] {processor.py:839} INFO - DAG(s) dict_keys(['example_task_group_decorator']) retrieved from /home/airflow/.local/lib/python3.8/site-packages/airflow/example_dags/example_task_group_decorator.py
[2023-09-17T12:45:36.295+0000] {logging_mixin.py:151} INFO - [2023-09-17T12:45:36.295+0000] {dag.py:2915} INFO - Sync 1 DAGs
[2023-09-17T12:45:36.334+0000] {logging_mixin.py:151} INFO - [2023-09-17T12:45:36.334+0000] {dag.py:3696} INFO - Setting next_dagrun for example_task_group_decorator to 2023-09-16T12:45:36.333834+00:00, run_after=2023-09-17T12:45:36.333834+00:00
[2023-09-17T12:45:36.377+0000] {processor.py:179} INFO - Processing /home/airflow/.local/lib/python3.8/site-packages/airflow/example_dags/example_task_group_decorator.py took 0.208 seconds
[2023-09-17T12:46:06.452+0000] {processor.py:157} INFO - Started process (PID=646) to work on /home/airflow/.local/lib/python3.8/site-packages/airflow/example_dags/example_task_group_decorator.py
[2023-09-17T12:46:06.453+0000] {processor.py:829} INFO - Processing file /home/airflow/.local/lib/python3.8/site-packages/airflow/example_dags/example_task_group_decorator.py for tasks to queue
[2023-09-17T12:46:06.456+0000] {logging_mixin.py:151} INFO - [2023-09-17T12:46:06.456+0000] {dagbag.py:539} INFO - Filling up the DagBag from /home/airflow/.local/lib/python3.8/site-packages/airflow/example_dags/example_task_group_decorator.py
[2023-09-17T12:46:06.474+0000] {processor.py:839} INFO - DAG(s) dict_keys(['example_task_group_decorator']) retrieved from /home/airflow/.local/lib/python3.8/site-packages/airflow/example_dags/example_task_group_decorator.py
[2023-09-17T12:46:06.509+0000] {logging_mixin.py:151} INFO - [2023-09-17T12:46:06.509+0000] {dag.py:2915} INFO - Sync 1 DAGs
[2023-09-17T12:46:06.542+0000] {logging_mixin.py:151} INFO - [2023-09-17T12:46:06.542+0000] {dag.py:3696} INFO - Setting next_dagrun for example_task_group_decorator to 2023-09-16T12:46:06.542414+00:00, run_after=2023-09-17T12:46:06.542414+00:00
[2023-09-17T12:46:06.589+0000] {processor.py:179} INFO - Processing /home/airflow/.local/lib/python3.8/site-packages/airflow/example_dags/example_task_group_decorator.py took 0.140 seconds
[2023-09-17T12:46:37.015+0000] {processor.py:157} INFO - Started process (PID=702) to work on /home/airflow/.local/lib/python3.8/site-packages/airflow/example_dags/example_task_group_decorator.py
[2023-09-17T12:46:37.033+0000] {processor.py:829} INFO - Processing file /home/airflow/.local/lib/python3.8/site-packages/airflow/example_dags/example_task_group_decorator.py for tasks to queue
[2023-09-17T12:46:37.035+0000] {logging_mixin.py:151} INFO - [2023-09-17T12:46:37.035+0000] {dagbag.py:539} INFO - Filling up the DagBag from /home/airflow/.local/lib/python3.8/site-packages/airflow/example_dags/example_task_group_decorator.py
[2023-09-17T12:46:37.056+0000] {processor.py:839} INFO - DAG(s) dict_keys(['example_task_group_decorator']) retrieved from /home/airflow/.local/lib/python3.8/site-packages/airflow/example_dags/example_task_group_decorator.py
[2023-09-17T12:46:37.095+0000] {logging_mixin.py:151} INFO - [2023-09-17T12:46:37.095+0000] {dag.py:2915} INFO - Sync 1 DAGs
[2023-09-17T12:46:37.126+0000] {logging_mixin.py:151} INFO - [2023-09-17T12:46:37.125+0000] {dag.py:3696} INFO - Setting next_dagrun for example_task_group_decorator to 2023-09-16T12:46:37.125666+00:00, run_after=2023-09-17T12:46:37.125666+00:00
[2023-09-17T12:46:37.157+0000] {processor.py:179} INFO - Processing /home/airflow/.local/lib/python3.8/site-packages/airflow/example_dags/example_task_group_decorator.py took 0.146 seconds
[2023-09-17T12:47:07.227+0000] {processor.py:157} INFO - Started process (PID=758) to work on /home/airflow/.local/lib/python3.8/site-packages/airflow/example_dags/example_task_group_decorator.py
[2023-09-17T12:47:07.228+0000] {processor.py:829} INFO - Processing file /home/airflow/.local/lib/python3.8/site-packages/airflow/example_dags/example_task_group_decorator.py for tasks to queue
[2023-09-17T12:47:07.233+0000] {logging_mixin.py:151} INFO - [2023-09-17T12:47:07.233+0000] {dagbag.py:539} INFO - Filling up the DagBag from /home/airflow/.local/lib/python3.8/site-packages/airflow/example_dags/example_task_group_decorator.py
[2023-09-17T12:47:07.271+0000] {processor.py:839} INFO - DAG(s) dict_keys(['example_task_group_decorator']) retrieved from /home/airflow/.local/lib/python3.8/site-packages/airflow/example_dags/example_task_group_decorator.py
[2023-09-17T12:47:07.330+0000] {logging_mixin.py:151} INFO - [2023-09-17T12:47:07.329+0000] {dag.py:2915} INFO - Sync 1 DAGs
[2023-09-17T12:47:07.412+0000] {logging_mixin.py:151} INFO - [2023-09-17T12:47:07.410+0000] {dag.py:3696} INFO - Setting next_dagrun for example_task_group_decorator to 2023-09-16T12:47:07.409947+00:00, run_after=2023-09-17T12:47:07.409947+00:00
[2023-09-17T12:47:07.567+0000] {processor.py:179} INFO - Processing /home/airflow/.local/lib/python3.8/site-packages/airflow/example_dags/example_task_group_decorator.py took 0.346 seconds
[2023-09-17T12:47:38.286+0000] {processor.py:157} INFO - Started process (PID=814) to work on /home/airflow/.local/lib/python3.8/site-packages/airflow/example_dags/example_task_group_decorator.py
[2023-09-17T12:47:38.302+0000] {processor.py:829} INFO - Processing file /home/airflow/.local/lib/python3.8/site-packages/airflow/example_dags/example_task_group_decorator.py for tasks to queue
[2023-09-17T12:47:38.304+0000] {logging_mixin.py:151} INFO - [2023-09-17T12:47:38.304+0000] {dagbag.py:539} INFO - Filling up the DagBag from /home/airflow/.local/lib/python3.8/site-packages/airflow/example_dags/example_task_group_decorator.py
[2023-09-17T12:47:38.337+0000] {processor.py:839} INFO - DAG(s) dict_keys(['example_task_group_decorator']) retrieved from /home/airflow/.local/lib/python3.8/site-packages/airflow/example_dags/example_task_group_decorator.py
[2023-09-17T12:47:38.394+0000] {logging_mixin.py:151} INFO - [2023-09-17T12:47:38.394+0000] {dag.py:2915} INFO - Sync 1 DAGs
[2023-09-17T12:47:38.456+0000] {logging_mixin.py:151} INFO - [2023-09-17T12:47:38.456+0000] {dag.py:3696} INFO - Setting next_dagrun for example_task_group_decorator to 2023-09-16T12:47:38.455741+00:00, run_after=2023-09-17T12:47:38.455741+00:00
[2023-09-17T12:47:38.550+0000] {processor.py:179} INFO - Processing /home/airflow/.local/lib/python3.8/site-packages/airflow/example_dags/example_task_group_decorator.py took 0.269 seconds
[2023-09-17T12:48:08.841+0000] {processor.py:157} INFO - Started process (PID=869) to work on /home/airflow/.local/lib/python3.8/site-packages/airflow/example_dags/example_task_group_decorator.py
[2023-09-17T12:48:08.841+0000] {processor.py:829} INFO - Processing file /home/airflow/.local/lib/python3.8/site-packages/airflow/example_dags/example_task_group_decorator.py for tasks to queue
[2023-09-17T12:48:08.844+0000] {logging_mixin.py:151} INFO - [2023-09-17T12:48:08.843+0000] {dagbag.py:539} INFO - Filling up the DagBag from /home/airflow/.local/lib/python3.8/site-packages/airflow/example_dags/example_task_group_decorator.py
[2023-09-17T12:48:08.869+0000] {processor.py:839} INFO - DAG(s) dict_keys(['example_task_group_decorator']) retrieved from /home/airflow/.local/lib/python3.8/site-packages/airflow/example_dags/example_task_group_decorator.py
[2023-09-17T12:48:08.911+0000] {logging_mixin.py:151} INFO - [2023-09-17T12:48:08.911+0000] {dag.py:2915} INFO - Sync 1 DAGs
[2023-09-17T12:48:08.953+0000] {logging_mixin.py:151} INFO - [2023-09-17T12:48:08.952+0000] {dag.py:3696} INFO - Setting next_dagrun for example_task_group_decorator to 2023-09-16T12:48:08.952483+00:00, run_after=2023-09-17T12:48:08.952483+00:00
[2023-09-17T12:48:09.006+0000] {processor.py:179} INFO - Processing /home/airflow/.local/lib/python3.8/site-packages/airflow/example_dags/example_task_group_decorator.py took 0.170 seconds
[2023-09-17T12:48:39.082+0000] {processor.py:157} INFO - Started process (PID=923) to work on /home/airflow/.local/lib/python3.8/site-packages/airflow/example_dags/example_task_group_decorator.py
[2023-09-17T12:48:39.095+0000] {processor.py:829} INFO - Processing file /home/airflow/.local/lib/python3.8/site-packages/airflow/example_dags/example_task_group_decorator.py for tasks to queue
[2023-09-17T12:48:39.099+0000] {logging_mixin.py:151} INFO - [2023-09-17T12:48:39.099+0000] {dagbag.py:539} INFO - Filling up the DagBag from /home/airflow/.local/lib/python3.8/site-packages/airflow/example_dags/example_task_group_decorator.py
[2023-09-17T12:48:39.132+0000] {processor.py:839} INFO - DAG(s) dict_keys(['example_task_group_decorator']) retrieved from /home/airflow/.local/lib/python3.8/site-packages/airflow/example_dags/example_task_group_decorator.py
[2023-09-17T12:48:39.209+0000] {logging_mixin.py:151} INFO - [2023-09-17T12:48:39.208+0000] {dag.py:2915} INFO - Sync 1 DAGs
[2023-09-17T12:48:39.263+0000] {logging_mixin.py:151} INFO - [2023-09-17T12:48:39.263+0000] {dag.py:3696} INFO - Setting next_dagrun for example_task_group_decorator to 2023-09-16T12:48:39.263329+00:00, run_after=2023-09-17T12:48:39.263329+00:00
[2023-09-17T12:48:39.341+0000] {processor.py:179} INFO - Processing /home/airflow/.local/lib/python3.8/site-packages/airflow/example_dags/example_task_group_decorator.py took 0.267 seconds
[2023-09-17T12:49:09.861+0000] {processor.py:157} INFO - Started process (PID=979) to work on /home/airflow/.local/lib/python3.8/site-packages/airflow/example_dags/example_task_group_decorator.py
[2023-09-17T12:49:09.862+0000] {processor.py:829} INFO - Processing file /home/airflow/.local/lib/python3.8/site-packages/airflow/example_dags/example_task_group_decorator.py for tasks to queue
[2023-09-17T12:49:09.865+0000] {logging_mixin.py:151} INFO - [2023-09-17T12:49:09.864+0000] {dagbag.py:539} INFO - Filling up the DagBag from /home/airflow/.local/lib/python3.8/site-packages/airflow/example_dags/example_task_group_decorator.py
[2023-09-17T12:49:09.887+0000] {processor.py:839} INFO - DAG(s) dict_keys(['example_task_group_decorator']) retrieved from /home/airflow/.local/lib/python3.8/site-packages/airflow/example_dags/example_task_group_decorator.py
[2023-09-17T12:49:09.925+0000] {logging_mixin.py:151} INFO - [2023-09-17T12:49:09.924+0000] {dag.py:2915} INFO - Sync 1 DAGs
[2023-09-17T12:49:09.959+0000] {logging_mixin.py:151} INFO - [2023-09-17T12:49:09.959+0000] {dag.py:3696} INFO - Setting next_dagrun for example_task_group_decorator to 2023-09-16T12:49:09.958800+00:00, run_after=2023-09-17T12:49:09.958800+00:00
[2023-09-17T12:49:09.999+0000] {processor.py:179} INFO - Processing /home/airflow/.local/lib/python3.8/site-packages/airflow/example_dags/example_task_group_decorator.py took 0.142 seconds
[2023-09-17T12:49:40.280+0000] {processor.py:157} INFO - Started process (PID=1034) to work on /home/airflow/.local/lib/python3.8/site-packages/airflow/example_dags/example_task_group_decorator.py
[2023-09-17T12:49:40.300+0000] {processor.py:829} INFO - Processing file /home/airflow/.local/lib/python3.8/site-packages/airflow/example_dags/example_task_group_decorator.py for tasks to queue
[2023-09-17T12:49:40.304+0000] {logging_mixin.py:151} INFO - [2023-09-17T12:49:40.304+0000] {dagbag.py:539} INFO - Filling up the DagBag from /home/airflow/.local/lib/python3.8/site-packages/airflow/example_dags/example_task_group_decorator.py
[2023-09-17T12:49:40.349+0000] {processor.py:839} INFO - DAG(s) dict_keys(['example_task_group_decorator']) retrieved from /home/airflow/.local/lib/python3.8/site-packages/airflow/example_dags/example_task_group_decorator.py
[2023-09-17T12:49:40.402+0000] {logging_mixin.py:151} INFO - [2023-09-17T12:49:40.401+0000] {dag.py:2915} INFO - Sync 1 DAGs
[2023-09-17T12:49:40.434+0000] {logging_mixin.py:151} INFO - [2023-09-17T12:49:40.434+0000] {dag.py:3696} INFO - Setting next_dagrun for example_task_group_decorator to 2023-09-16T12:49:40.434211+00:00, run_after=2023-09-17T12:49:40.434211+00:00
[2023-09-17T12:49:40.474+0000] {processor.py:179} INFO - Processing /home/airflow/.local/lib/python3.8/site-packages/airflow/example_dags/example_task_group_decorator.py took 0.202 seconds
[2023-09-17T12:50:11.308+0000] {processor.py:157} INFO - Started process (PID=1089) to work on /home/airflow/.local/lib/python3.8/site-packages/airflow/example_dags/example_task_group_decorator.py
[2023-09-17T12:50:11.309+0000] {processor.py:829} INFO - Processing file /home/airflow/.local/lib/python3.8/site-packages/airflow/example_dags/example_task_group_decorator.py for tasks to queue
[2023-09-17T12:50:11.311+0000] {logging_mixin.py:151} INFO - [2023-09-17T12:50:11.311+0000] {dagbag.py:539} INFO - Filling up the DagBag from /home/airflow/.local/lib/python3.8/site-packages/airflow/example_dags/example_task_group_decorator.py
[2023-09-17T12:50:11.334+0000] {processor.py:839} INFO - DAG(s) dict_keys(['example_task_group_decorator']) retrieved from /home/airflow/.local/lib/python3.8/site-packages/airflow/example_dags/example_task_group_decorator.py
[2023-09-17T12:50:11.373+0000] {logging_mixin.py:151} INFO - [2023-09-17T12:50:11.373+0000] {dag.py:2915} INFO - Sync 1 DAGs
[2023-09-17T12:50:11.410+0000] {logging_mixin.py:151} INFO - [2023-09-17T12:50:11.410+0000] {dag.py:3696} INFO - Setting next_dagrun for example_task_group_decorator to 2023-09-16T12:50:11.409738+00:00, run_after=2023-09-17T12:50:11.409738+00:00
[2023-09-17T12:50:11.449+0000] {processor.py:179} INFO - Processing /home/airflow/.local/lib/python3.8/site-packages/airflow/example_dags/example_task_group_decorator.py took 0.145 seconds
[2023-09-17T12:50:41.906+0000] {processor.py:157} INFO - Started process (PID=1144) to work on /home/airflow/.local/lib/python3.8/site-packages/airflow/example_dags/example_task_group_decorator.py
[2023-09-17T12:50:41.909+0000] {processor.py:829} INFO - Processing file /home/airflow/.local/lib/python3.8/site-packages/airflow/example_dags/example_task_group_decorator.py for tasks to queue
[2023-09-17T12:50:41.916+0000] {logging_mixin.py:151} INFO - [2023-09-17T12:50:41.915+0000] {dagbag.py:539} INFO - Filling up the DagBag from /home/airflow/.local/lib/python3.8/site-packages/airflow/example_dags/example_task_group_decorator.py
[2023-09-17T12:50:41.973+0000] {processor.py:839} INFO - DAG(s) dict_keys(['example_task_group_decorator']) retrieved from /home/airflow/.local/lib/python3.8/site-packages/airflow/example_dags/example_task_group_decorator.py
[2023-09-17T12:50:42.064+0000] {logging_mixin.py:151} INFO - [2023-09-17T12:50:42.063+0000] {dag.py:2915} INFO - Sync 1 DAGs
[2023-09-17T12:50:42.134+0000] {logging_mixin.py:151} INFO - [2023-09-17T12:50:42.133+0000] {dag.py:3696} INFO - Setting next_dagrun for example_task_group_decorator to 2023-09-16T12:50:42.133139+00:00, run_after=2023-09-17T12:50:42.133139+00:00
[2023-09-17T12:50:42.216+0000] {processor.py:179} INFO - Processing /home/airflow/.local/lib/python3.8/site-packages/airflow/example_dags/example_task_group_decorator.py took 0.318 seconds
[2023-09-17T12:51:12.791+0000] {processor.py:157} INFO - Started process (PID=1198) to work on /home/airflow/.local/lib/python3.8/site-packages/airflow/example_dags/example_task_group_decorator.py
[2023-09-17T12:51:12.792+0000] {processor.py:829} INFO - Processing file /home/airflow/.local/lib/python3.8/site-packages/airflow/example_dags/example_task_group_decorator.py for tasks to queue
[2023-09-17T12:51:12.800+0000] {logging_mixin.py:151} INFO - [2023-09-17T12:51:12.799+0000] {dagbag.py:539} INFO - Filling up the DagBag from /home/airflow/.local/lib/python3.8/site-packages/airflow/example_dags/example_task_group_decorator.py
[2023-09-17T12:51:12.839+0000] {processor.py:839} INFO - DAG(s) dict_keys(['example_task_group_decorator']) retrieved from /home/airflow/.local/lib/python3.8/site-packages/airflow/example_dags/example_task_group_decorator.py
[2023-09-17T12:51:12.898+0000] {logging_mixin.py:151} INFO - [2023-09-17T12:51:12.897+0000] {dag.py:2915} INFO - Sync 1 DAGs
[2023-09-17T12:51:12.956+0000] {logging_mixin.py:151} INFO - [2023-09-17T12:51:12.955+0000] {dag.py:3696} INFO - Setting next_dagrun for example_task_group_decorator to 2023-09-16T12:51:12.955387+00:00, run_after=2023-09-17T12:51:12.955387+00:00
[2023-09-17T12:51:13.026+0000] {processor.py:179} INFO - Processing /home/airflow/.local/lib/python3.8/site-packages/airflow/example_dags/example_task_group_decorator.py took 0.248 seconds
[2023-09-17T12:51:43.589+0000] {processor.py:157} INFO - Started process (PID=1252) to work on /home/airflow/.local/lib/python3.8/site-packages/airflow/example_dags/example_task_group_decorator.py
[2023-09-17T12:51:43.590+0000] {processor.py:829} INFO - Processing file /home/airflow/.local/lib/python3.8/site-packages/airflow/example_dags/example_task_group_decorator.py for tasks to queue
[2023-09-17T12:51:43.592+0000] {logging_mixin.py:151} INFO - [2023-09-17T12:51:43.592+0000] {dagbag.py:539} INFO - Filling up the DagBag from /home/airflow/.local/lib/python3.8/site-packages/airflow/example_dags/example_task_group_decorator.py
[2023-09-17T12:51:43.644+0000] {processor.py:839} INFO - DAG(s) dict_keys(['example_task_group_decorator']) retrieved from /home/airflow/.local/lib/python3.8/site-packages/airflow/example_dags/example_task_group_decorator.py
[2023-09-17T12:51:43.715+0000] {logging_mixin.py:151} INFO - [2023-09-17T12:51:43.713+0000] {dag.py:2915} INFO - Sync 1 DAGs
[2023-09-17T12:51:43.816+0000] {logging_mixin.py:151} INFO - [2023-09-17T12:51:43.816+0000] {dag.py:3696} INFO - Setting next_dagrun for example_task_group_decorator to 2023-09-16T12:51:43.815454+00:00, run_after=2023-09-17T12:51:43.815454+00:00
[2023-09-17T12:51:43.951+0000] {processor.py:179} INFO - Processing /home/airflow/.local/lib/python3.8/site-packages/airflow/example_dags/example_task_group_decorator.py took 0.370 seconds
[2023-09-17T12:52:14.544+0000] {processor.py:157} INFO - Started process (PID=1308) to work on /home/airflow/.local/lib/python3.8/site-packages/airflow/example_dags/example_task_group_decorator.py
[2023-09-17T12:52:14.554+0000] {processor.py:829} INFO - Processing file /home/airflow/.local/lib/python3.8/site-packages/airflow/example_dags/example_task_group_decorator.py for tasks to queue
[2023-09-17T12:52:14.557+0000] {logging_mixin.py:151} INFO - [2023-09-17T12:52:14.556+0000] {dagbag.py:539} INFO - Filling up the DagBag from /home/airflow/.local/lib/python3.8/site-packages/airflow/example_dags/example_task_group_decorator.py
[2023-09-17T12:52:14.593+0000] {processor.py:839} INFO - DAG(s) dict_keys(['example_task_group_decorator']) retrieved from /home/airflow/.local/lib/python3.8/site-packages/airflow/example_dags/example_task_group_decorator.py
[2023-09-17T12:52:14.672+0000] {logging_mixin.py:151} INFO - [2023-09-17T12:52:14.671+0000] {dag.py:2915} INFO - Sync 1 DAGs
[2023-09-17T12:52:14.777+0000] {logging_mixin.py:151} INFO - [2023-09-17T12:52:14.776+0000] {dag.py:3696} INFO - Setting next_dagrun for example_task_group_decorator to 2023-09-16T12:52:14.775727+00:00, run_after=2023-09-17T12:52:14.775727+00:00
[2023-09-17T12:52:14.868+0000] {processor.py:179} INFO - Processing /home/airflow/.local/lib/python3.8/site-packages/airflow/example_dags/example_task_group_decorator.py took 0.329 seconds
[2023-09-17T12:52:44.996+0000] {processor.py:157} INFO - Started process (PID=1362) to work on /home/airflow/.local/lib/python3.8/site-packages/airflow/example_dags/example_task_group_decorator.py
[2023-09-17T12:52:44.997+0000] {processor.py:829} INFO - Processing file /home/airflow/.local/lib/python3.8/site-packages/airflow/example_dags/example_task_group_decorator.py for tasks to queue
[2023-09-17T12:52:45.003+0000] {logging_mixin.py:151} INFO - [2023-09-17T12:52:45.002+0000] {dagbag.py:539} INFO - Filling up the DagBag from /home/airflow/.local/lib/python3.8/site-packages/airflow/example_dags/example_task_group_decorator.py
[2023-09-17T12:52:45.042+0000] {processor.py:839} INFO - DAG(s) dict_keys(['example_task_group_decorator']) retrieved from /home/airflow/.local/lib/python3.8/site-packages/airflow/example_dags/example_task_group_decorator.py
[2023-09-17T12:52:45.097+0000] {logging_mixin.py:151} INFO - [2023-09-17T12:52:45.096+0000] {dag.py:2915} INFO - Sync 1 DAGs
[2023-09-17T12:52:45.153+0000] {logging_mixin.py:151} INFO - [2023-09-17T12:52:45.152+0000] {dag.py:3696} INFO - Setting next_dagrun for example_task_group_decorator to 2023-09-16T12:52:45.150039+00:00, run_after=2023-09-17T12:52:45.150039+00:00
[2023-09-17T12:52:45.208+0000] {processor.py:179} INFO - Processing /home/airflow/.local/lib/python3.8/site-packages/airflow/example_dags/example_task_group_decorator.py took 0.216 seconds
