[2023-09-17T12:40:42.161+0000] {processor.py:157} INFO - Started process (PID=63) to work on /home/airflow/.local/lib/python3.8/site-packages/airflow/example_dags/tutorial_taskflow_api.py
[2023-09-17T12:40:42.162+0000] {processor.py:829} INFO - Processing file /home/airflow/.local/lib/python3.8/site-packages/airflow/example_dags/tutorial_taskflow_api.py for tasks to queue
[2023-09-17T12:40:42.165+0000] {logging_mixin.py:151} INFO - [2023-09-17T12:40:42.164+0000] {dagbag.py:539} INFO - Filling up the DagBag from /home/airflow/.local/lib/python3.8/site-packages/airflow/example_dags/tutorial_taskflow_api.py
[2023-09-17T12:40:42.179+0000] {processor.py:839} INFO - DAG(s) dict_keys(['tutorial_taskflow_api']) retrieved from /home/airflow/.local/lib/python3.8/site-packages/airflow/example_dags/tutorial_taskflow_api.py
[2023-09-17T12:40:42.410+0000] {logging_mixin.py:151} INFO - [2023-09-17T12:40:42.410+0000] {manager.py:499} INFO - Created Permission View: %s
[2023-09-17T12:40:42.447+0000] {logging_mixin.py:151} INFO - [2023-09-17T12:40:42.446+0000] {manager.py:499} INFO - Created Permission View: %s
[2023-09-17T12:40:42.465+0000] {logging_mixin.py:151} INFO - [2023-09-17T12:40:42.465+0000] {manager.py:499} INFO - Created Permission View: %s
[2023-09-17T12:40:42.466+0000] {logging_mixin.py:151} INFO - [2023-09-17T12:40:42.466+0000] {security.py:708} INFO - Not syncing DAG-level permissions for DAG 'DAG:tutorial_taskflow_api' as access control is unset.
[2023-09-17T12:40:42.466+0000] {logging_mixin.py:151} INFO - [2023-09-17T12:40:42.466+0000] {dag.py:2915} INFO - Sync 1 DAGs
[2023-09-17T12:40:42.506+0000] {logging_mixin.py:151} INFO - [2023-09-17T12:40:42.506+0000] {dag.py:2937} INFO - Creating ORM DAG for tutorial_taskflow_api
[2023-09-17T12:40:42.507+0000] {logging_mixin.py:151} INFO - [2023-09-17T12:40:42.507+0000] {dag.py:3696} INFO - Setting next_dagrun for tutorial_taskflow_api to None, run_after=None
[2023-09-17T12:40:42.776+0000] {processor.py:179} INFO - Processing /home/airflow/.local/lib/python3.8/site-packages/airflow/example_dags/tutorial_taskflow_api.py took 0.618 seconds
[2023-09-17T12:41:12.982+0000] {processor.py:157} INFO - Started process (PID=118) to work on /home/airflow/.local/lib/python3.8/site-packages/airflow/example_dags/tutorial_taskflow_api.py
[2023-09-17T12:41:12.984+0000] {processor.py:829} INFO - Processing file /home/airflow/.local/lib/python3.8/site-packages/airflow/example_dags/tutorial_taskflow_api.py for tasks to queue
[2023-09-17T12:41:12.987+0000] {logging_mixin.py:151} INFO - [2023-09-17T12:41:12.987+0000] {dagbag.py:539} INFO - Filling up the DagBag from /home/airflow/.local/lib/python3.8/site-packages/airflow/example_dags/tutorial_taskflow_api.py
[2023-09-17T12:41:12.998+0000] {processor.py:839} INFO - DAG(s) dict_keys(['tutorial_taskflow_api']) retrieved from /home/airflow/.local/lib/python3.8/site-packages/airflow/example_dags/tutorial_taskflow_api.py
[2023-09-17T12:41:13.037+0000] {logging_mixin.py:151} INFO - [2023-09-17T12:41:13.037+0000] {dag.py:2915} INFO - Sync 1 DAGs
[2023-09-17T12:41:13.065+0000] {logging_mixin.py:151} INFO - [2023-09-17T12:41:13.064+0000] {dag.py:3696} INFO - Setting next_dagrun for tutorial_taskflow_api to None, run_after=None
[2023-09-17T12:41:13.144+0000] {processor.py:179} INFO - Processing /home/airflow/.local/lib/python3.8/site-packages/airflow/example_dags/tutorial_taskflow_api.py took 0.166 seconds
[2023-09-17T12:41:44.024+0000] {processor.py:157} INFO - Started process (PID=173) to work on /home/airflow/.local/lib/python3.8/site-packages/airflow/example_dags/tutorial_taskflow_api.py
[2023-09-17T12:41:44.025+0000] {processor.py:829} INFO - Processing file /home/airflow/.local/lib/python3.8/site-packages/airflow/example_dags/tutorial_taskflow_api.py for tasks to queue
[2023-09-17T12:41:44.027+0000] {logging_mixin.py:151} INFO - [2023-09-17T12:41:44.027+0000] {dagbag.py:539} INFO - Filling up the DagBag from /home/airflow/.local/lib/python3.8/site-packages/airflow/example_dags/tutorial_taskflow_api.py
[2023-09-17T12:41:44.039+0000] {processor.py:839} INFO - DAG(s) dict_keys(['tutorial_taskflow_api']) retrieved from /home/airflow/.local/lib/python3.8/site-packages/airflow/example_dags/tutorial_taskflow_api.py
[2023-09-17T12:41:44.066+0000] {logging_mixin.py:151} INFO - [2023-09-17T12:41:44.065+0000] {dag.py:2915} INFO - Sync 1 DAGs
[2023-09-17T12:41:44.086+0000] {logging_mixin.py:151} INFO - [2023-09-17T12:41:44.086+0000] {dag.py:3696} INFO - Setting next_dagrun for tutorial_taskflow_api to None, run_after=None
[2023-09-17T12:41:44.122+0000] {processor.py:179} INFO - Processing /home/airflow/.local/lib/python3.8/site-packages/airflow/example_dags/tutorial_taskflow_api.py took 0.102 seconds
[2023-09-17T12:42:14.254+0000] {processor.py:157} INFO - Started process (PID=227) to work on /home/airflow/.local/lib/python3.8/site-packages/airflow/example_dags/tutorial_taskflow_api.py
[2023-09-17T12:42:14.255+0000] {processor.py:829} INFO - Processing file /home/airflow/.local/lib/python3.8/site-packages/airflow/example_dags/tutorial_taskflow_api.py for tasks to queue
[2023-09-17T12:42:14.258+0000] {logging_mixin.py:151} INFO - [2023-09-17T12:42:14.258+0000] {dagbag.py:539} INFO - Filling up the DagBag from /home/airflow/.local/lib/python3.8/site-packages/airflow/example_dags/tutorial_taskflow_api.py
[2023-09-17T12:42:14.265+0000] {processor.py:839} INFO - DAG(s) dict_keys(['tutorial_taskflow_api']) retrieved from /home/airflow/.local/lib/python3.8/site-packages/airflow/example_dags/tutorial_taskflow_api.py
[2023-09-17T12:42:14.291+0000] {logging_mixin.py:151} INFO - [2023-09-17T12:42:14.291+0000] {dag.py:2915} INFO - Sync 1 DAGs
[2023-09-17T12:42:14.312+0000] {logging_mixin.py:151} INFO - [2023-09-17T12:42:14.311+0000] {dag.py:3696} INFO - Setting next_dagrun for tutorial_taskflow_api to None, run_after=None
[2023-09-17T12:42:14.351+0000] {processor.py:179} INFO - Processing /home/airflow/.local/lib/python3.8/site-packages/airflow/example_dags/tutorial_taskflow_api.py took 0.100 seconds
[2023-09-17T12:42:44.775+0000] {processor.py:157} INFO - Started process (PID=282) to work on /home/airflow/.local/lib/python3.8/site-packages/airflow/example_dags/tutorial_taskflow_api.py
[2023-09-17T12:42:44.776+0000] {processor.py:829} INFO - Processing file /home/airflow/.local/lib/python3.8/site-packages/airflow/example_dags/tutorial_taskflow_api.py for tasks to queue
[2023-09-17T12:42:44.778+0000] {logging_mixin.py:151} INFO - [2023-09-17T12:42:44.778+0000] {dagbag.py:539} INFO - Filling up the DagBag from /home/airflow/.local/lib/python3.8/site-packages/airflow/example_dags/tutorial_taskflow_api.py
[2023-09-17T12:42:44.786+0000] {processor.py:839} INFO - DAG(s) dict_keys(['tutorial_taskflow_api']) retrieved from /home/airflow/.local/lib/python3.8/site-packages/airflow/example_dags/tutorial_taskflow_api.py
[2023-09-17T12:42:44.819+0000] {logging_mixin.py:151} INFO - [2023-09-17T12:42:44.818+0000] {dag.py:2915} INFO - Sync 1 DAGs
[2023-09-17T12:42:44.842+0000] {logging_mixin.py:151} INFO - [2023-09-17T12:42:44.841+0000] {dag.py:3696} INFO - Setting next_dagrun for tutorial_taskflow_api to None, run_after=None
[2023-09-17T12:42:44.892+0000] {processor.py:179} INFO - Processing /home/airflow/.local/lib/python3.8/site-packages/airflow/example_dags/tutorial_taskflow_api.py took 0.121 seconds
[2023-09-17T12:43:15.368+0000] {processor.py:157} INFO - Started process (PID=337) to work on /home/airflow/.local/lib/python3.8/site-packages/airflow/example_dags/tutorial_taskflow_api.py
[2023-09-17T12:43:15.393+0000] {processor.py:829} INFO - Processing file /home/airflow/.local/lib/python3.8/site-packages/airflow/example_dags/tutorial_taskflow_api.py for tasks to queue
[2023-09-17T12:43:15.398+0000] {logging_mixin.py:151} INFO - [2023-09-17T12:43:15.397+0000] {dagbag.py:539} INFO - Filling up the DagBag from /home/airflow/.local/lib/python3.8/site-packages/airflow/example_dags/tutorial_taskflow_api.py
[2023-09-17T12:43:15.409+0000] {processor.py:839} INFO - DAG(s) dict_keys(['tutorial_taskflow_api']) retrieved from /home/airflow/.local/lib/python3.8/site-packages/airflow/example_dags/tutorial_taskflow_api.py
[2023-09-17T12:43:15.457+0000] {logging_mixin.py:151} INFO - [2023-09-17T12:43:15.457+0000] {dag.py:2915} INFO - Sync 1 DAGs
[2023-09-17T12:43:15.506+0000] {logging_mixin.py:151} INFO - [2023-09-17T12:43:15.506+0000] {dag.py:3696} INFO - Setting next_dagrun for tutorial_taskflow_api to None, run_after=None
[2023-09-17T12:43:15.575+0000] {processor.py:179} INFO - Processing /home/airflow/.local/lib/python3.8/site-packages/airflow/example_dags/tutorial_taskflow_api.py took 0.212 seconds
[2023-09-17T12:43:45.995+0000] {processor.py:157} INFO - Started process (PID=392) to work on /home/airflow/.local/lib/python3.8/site-packages/airflow/example_dags/tutorial_taskflow_api.py
[2023-09-17T12:43:45.999+0000] {processor.py:829} INFO - Processing file /home/airflow/.local/lib/python3.8/site-packages/airflow/example_dags/tutorial_taskflow_api.py for tasks to queue
[2023-09-17T12:43:46.006+0000] {logging_mixin.py:151} INFO - [2023-09-17T12:43:46.006+0000] {dagbag.py:539} INFO - Filling up the DagBag from /home/airflow/.local/lib/python3.8/site-packages/airflow/example_dags/tutorial_taskflow_api.py
[2023-09-17T12:43:46.021+0000] {processor.py:839} INFO - DAG(s) dict_keys(['tutorial_taskflow_api']) retrieved from /home/airflow/.local/lib/python3.8/site-packages/airflow/example_dags/tutorial_taskflow_api.py
[2023-09-17T12:43:46.059+0000] {logging_mixin.py:151} INFO - [2023-09-17T12:43:46.058+0000] {dag.py:2915} INFO - Sync 1 DAGs
[2023-09-17T12:43:46.086+0000] {logging_mixin.py:151} INFO - [2023-09-17T12:43:46.086+0000] {dag.py:3696} INFO - Setting next_dagrun for tutorial_taskflow_api to None, run_after=None
[2023-09-17T12:43:46.133+0000] {processor.py:179} INFO - Processing /home/airflow/.local/lib/python3.8/site-packages/airflow/example_dags/tutorial_taskflow_api.py took 0.143 seconds
[2023-09-17T12:44:16.909+0000] {processor.py:157} INFO - Started process (PID=448) to work on /home/airflow/.local/lib/python3.8/site-packages/airflow/example_dags/tutorial_taskflow_api.py
[2023-09-17T12:44:16.910+0000] {processor.py:829} INFO - Processing file /home/airflow/.local/lib/python3.8/site-packages/airflow/example_dags/tutorial_taskflow_api.py for tasks to queue
[2023-09-17T12:44:16.913+0000] {logging_mixin.py:151} INFO - [2023-09-17T12:44:16.912+0000] {dagbag.py:539} INFO - Filling up the DagBag from /home/airflow/.local/lib/python3.8/site-packages/airflow/example_dags/tutorial_taskflow_api.py
[2023-09-17T12:44:16.926+0000] {processor.py:839} INFO - DAG(s) dict_keys(['tutorial_taskflow_api']) retrieved from /home/airflow/.local/lib/python3.8/site-packages/airflow/example_dags/tutorial_taskflow_api.py
[2023-09-17T12:44:16.963+0000] {logging_mixin.py:151} INFO - [2023-09-17T12:44:16.963+0000] {dag.py:2915} INFO - Sync 1 DAGs
[2023-09-17T12:44:16.991+0000] {logging_mixin.py:151} INFO - [2023-09-17T12:44:16.991+0000] {dag.py:3696} INFO - Setting next_dagrun for tutorial_taskflow_api to None, run_after=None
[2023-09-17T12:44:17.025+0000] {processor.py:179} INFO - Processing /home/airflow/.local/lib/python3.8/site-packages/airflow/example_dags/tutorial_taskflow_api.py took 0.120 seconds
[2023-09-17T12:44:47.490+0000] {processor.py:157} INFO - Started process (PID=503) to work on /home/airflow/.local/lib/python3.8/site-packages/airflow/example_dags/tutorial_taskflow_api.py
[2023-09-17T12:44:47.496+0000] {processor.py:829} INFO - Processing file /home/airflow/.local/lib/python3.8/site-packages/airflow/example_dags/tutorial_taskflow_api.py for tasks to queue
[2023-09-17T12:44:47.499+0000] {logging_mixin.py:151} INFO - [2023-09-17T12:44:47.499+0000] {dagbag.py:539} INFO - Filling up the DagBag from /home/airflow/.local/lib/python3.8/site-packages/airflow/example_dags/tutorial_taskflow_api.py
[2023-09-17T12:44:47.520+0000] {processor.py:839} INFO - DAG(s) dict_keys(['tutorial_taskflow_api']) retrieved from /home/airflow/.local/lib/python3.8/site-packages/airflow/example_dags/tutorial_taskflow_api.py
[2023-09-17T12:44:47.577+0000] {logging_mixin.py:151} INFO - [2023-09-17T12:44:47.576+0000] {dag.py:2915} INFO - Sync 1 DAGs
[2023-09-17T12:44:47.645+0000] {logging_mixin.py:151} INFO - [2023-09-17T12:44:47.644+0000] {dag.py:3696} INFO - Setting next_dagrun for tutorial_taskflow_api to None, run_after=None
[2023-09-17T12:44:47.716+0000] {processor.py:179} INFO - Processing /home/airflow/.local/lib/python3.8/site-packages/airflow/example_dags/tutorial_taskflow_api.py took 0.232 seconds
[2023-09-17T12:45:17.785+0000] {processor.py:157} INFO - Started process (PID=558) to work on /home/airflow/.local/lib/python3.8/site-packages/airflow/example_dags/tutorial_taskflow_api.py
[2023-09-17T12:45:17.786+0000] {processor.py:829} INFO - Processing file /home/airflow/.local/lib/python3.8/site-packages/airflow/example_dags/tutorial_taskflow_api.py for tasks to queue
[2023-09-17T12:45:17.790+0000] {logging_mixin.py:151} INFO - [2023-09-17T12:45:17.789+0000] {dagbag.py:539} INFO - Filling up the DagBag from /home/airflow/.local/lib/python3.8/site-packages/airflow/example_dags/tutorial_taskflow_api.py
[2023-09-17T12:45:17.801+0000] {processor.py:839} INFO - DAG(s) dict_keys(['tutorial_taskflow_api']) retrieved from /home/airflow/.local/lib/python3.8/site-packages/airflow/example_dags/tutorial_taskflow_api.py
[2023-09-17T12:45:17.843+0000] {logging_mixin.py:151} INFO - [2023-09-17T12:45:17.843+0000] {dag.py:2915} INFO - Sync 1 DAGs
[2023-09-17T12:45:17.875+0000] {logging_mixin.py:151} INFO - [2023-09-17T12:45:17.875+0000] {dag.py:3696} INFO - Setting next_dagrun for tutorial_taskflow_api to None, run_after=None
[2023-09-17T12:45:17.927+0000] {processor.py:179} INFO - Processing /home/airflow/.local/lib/python3.8/site-packages/airflow/example_dags/tutorial_taskflow_api.py took 0.149 seconds
[2023-09-17T12:45:48.187+0000] {processor.py:157} INFO - Started process (PID=614) to work on /home/airflow/.local/lib/python3.8/site-packages/airflow/example_dags/tutorial_taskflow_api.py
[2023-09-17T12:45:48.192+0000] {processor.py:829} INFO - Processing file /home/airflow/.local/lib/python3.8/site-packages/airflow/example_dags/tutorial_taskflow_api.py for tasks to queue
[2023-09-17T12:45:48.194+0000] {logging_mixin.py:151} INFO - [2023-09-17T12:45:48.194+0000] {dagbag.py:539} INFO - Filling up the DagBag from /home/airflow/.local/lib/python3.8/site-packages/airflow/example_dags/tutorial_taskflow_api.py
[2023-09-17T12:45:48.201+0000] {processor.py:839} INFO - DAG(s) dict_keys(['tutorial_taskflow_api']) retrieved from /home/airflow/.local/lib/python3.8/site-packages/airflow/example_dags/tutorial_taskflow_api.py
[2023-09-17T12:45:48.230+0000] {logging_mixin.py:151} INFO - [2023-09-17T12:45:48.230+0000] {dag.py:2915} INFO - Sync 1 DAGs
[2023-09-17T12:45:48.258+0000] {logging_mixin.py:151} INFO - [2023-09-17T12:45:48.257+0000] {dag.py:3696} INFO - Setting next_dagrun for tutorial_taskflow_api to None, run_after=None
[2023-09-17T12:45:48.300+0000] {processor.py:179} INFO - Processing /home/airflow/.local/lib/python3.8/site-packages/airflow/example_dags/tutorial_taskflow_api.py took 0.117 seconds
[2023-09-17T12:46:18.603+0000] {processor.py:157} INFO - Started process (PID=669) to work on /home/airflow/.local/lib/python3.8/site-packages/airflow/example_dags/tutorial_taskflow_api.py
[2023-09-17T12:46:18.604+0000] {processor.py:829} INFO - Processing file /home/airflow/.local/lib/python3.8/site-packages/airflow/example_dags/tutorial_taskflow_api.py for tasks to queue
[2023-09-17T12:46:18.606+0000] {logging_mixin.py:151} INFO - [2023-09-17T12:46:18.606+0000] {dagbag.py:539} INFO - Filling up the DagBag from /home/airflow/.local/lib/python3.8/site-packages/airflow/example_dags/tutorial_taskflow_api.py
[2023-09-17T12:46:18.614+0000] {processor.py:839} INFO - DAG(s) dict_keys(['tutorial_taskflow_api']) retrieved from /home/airflow/.local/lib/python3.8/site-packages/airflow/example_dags/tutorial_taskflow_api.py
[2023-09-17T12:46:18.643+0000] {logging_mixin.py:151} INFO - [2023-09-17T12:46:18.643+0000] {dag.py:2915} INFO - Sync 1 DAGs
[2023-09-17T12:46:18.666+0000] {logging_mixin.py:151} INFO - [2023-09-17T12:46:18.666+0000] {dag.py:3696} INFO - Setting next_dagrun for tutorial_taskflow_api to None, run_after=None
[2023-09-17T12:46:18.705+0000] {processor.py:179} INFO - Processing /home/airflow/.local/lib/python3.8/site-packages/airflow/example_dags/tutorial_taskflow_api.py took 0.106 seconds
[2023-09-17T12:46:49.120+0000] {processor.py:157} INFO - Started process (PID=725) to work on /home/airflow/.local/lib/python3.8/site-packages/airflow/example_dags/tutorial_taskflow_api.py
[2023-09-17T12:46:49.125+0000] {processor.py:829} INFO - Processing file /home/airflow/.local/lib/python3.8/site-packages/airflow/example_dags/tutorial_taskflow_api.py for tasks to queue
[2023-09-17T12:46:49.129+0000] {logging_mixin.py:151} INFO - [2023-09-17T12:46:49.128+0000] {dagbag.py:539} INFO - Filling up the DagBag from /home/airflow/.local/lib/python3.8/site-packages/airflow/example_dags/tutorial_taskflow_api.py
[2023-09-17T12:46:49.143+0000] {processor.py:839} INFO - DAG(s) dict_keys(['tutorial_taskflow_api']) retrieved from /home/airflow/.local/lib/python3.8/site-packages/airflow/example_dags/tutorial_taskflow_api.py
[2023-09-17T12:46:49.187+0000] {logging_mixin.py:151} INFO - [2023-09-17T12:46:49.187+0000] {dag.py:2915} INFO - Sync 1 DAGs
[2023-09-17T12:46:49.229+0000] {logging_mixin.py:151} INFO - [2023-09-17T12:46:49.229+0000] {dag.py:3696} INFO - Setting next_dagrun for tutorial_taskflow_api to None, run_after=None
[2023-09-17T12:46:49.274+0000] {processor.py:179} INFO - Processing /home/airflow/.local/lib/python3.8/site-packages/airflow/example_dags/tutorial_taskflow_api.py took 0.160 seconds
[2023-09-17T12:47:19.691+0000] {processor.py:157} INFO - Started process (PID=781) to work on /home/airflow/.local/lib/python3.8/site-packages/airflow/example_dags/tutorial_taskflow_api.py
[2023-09-17T12:47:19.692+0000] {processor.py:829} INFO - Processing file /home/airflow/.local/lib/python3.8/site-packages/airflow/example_dags/tutorial_taskflow_api.py for tasks to queue
[2023-09-17T12:47:19.696+0000] {logging_mixin.py:151} INFO - [2023-09-17T12:47:19.696+0000] {dagbag.py:539} INFO - Filling up the DagBag from /home/airflow/.local/lib/python3.8/site-packages/airflow/example_dags/tutorial_taskflow_api.py
[2023-09-17T12:47:19.707+0000] {processor.py:839} INFO - DAG(s) dict_keys(['tutorial_taskflow_api']) retrieved from /home/airflow/.local/lib/python3.8/site-packages/airflow/example_dags/tutorial_taskflow_api.py
[2023-09-17T12:47:19.751+0000] {logging_mixin.py:151} INFO - [2023-09-17T12:47:19.751+0000] {dag.py:2915} INFO - Sync 1 DAGs
[2023-09-17T12:47:19.778+0000] {logging_mixin.py:151} INFO - [2023-09-17T12:47:19.777+0000] {dag.py:3696} INFO - Setting next_dagrun for tutorial_taskflow_api to None, run_after=None
[2023-09-17T12:47:19.835+0000] {processor.py:179} INFO - Processing /home/airflow/.local/lib/python3.8/site-packages/airflow/example_dags/tutorial_taskflow_api.py took 0.150 seconds
[2023-09-17T12:47:49.958+0000] {processor.py:157} INFO - Started process (PID=836) to work on /home/airflow/.local/lib/python3.8/site-packages/airflow/example_dags/tutorial_taskflow_api.py
[2023-09-17T12:47:49.963+0000] {processor.py:829} INFO - Processing file /home/airflow/.local/lib/python3.8/site-packages/airflow/example_dags/tutorial_taskflow_api.py for tasks to queue
[2023-09-17T12:47:49.966+0000] {logging_mixin.py:151} INFO - [2023-09-17T12:47:49.966+0000] {dagbag.py:539} INFO - Filling up the DagBag from /home/airflow/.local/lib/python3.8/site-packages/airflow/example_dags/tutorial_taskflow_api.py
[2023-09-17T12:47:49.975+0000] {processor.py:839} INFO - DAG(s) dict_keys(['tutorial_taskflow_api']) retrieved from /home/airflow/.local/lib/python3.8/site-packages/airflow/example_dags/tutorial_taskflow_api.py
[2023-09-17T12:47:50.009+0000] {logging_mixin.py:151} INFO - [2023-09-17T12:47:50.009+0000] {dag.py:2915} INFO - Sync 1 DAGs
[2023-09-17T12:47:50.031+0000] {logging_mixin.py:151} INFO - [2023-09-17T12:47:50.030+0000] {dag.py:3696} INFO - Setting next_dagrun for tutorial_taskflow_api to None, run_after=None
[2023-09-17T12:47:50.141+0000] {processor.py:179} INFO - Processing /home/airflow/.local/lib/python3.8/site-packages/airflow/example_dags/tutorial_taskflow_api.py took 0.189 seconds
[2023-09-17T12:48:20.400+0000] {processor.py:157} INFO - Started process (PID=891) to work on /home/airflow/.local/lib/python3.8/site-packages/airflow/example_dags/tutorial_taskflow_api.py
[2023-09-17T12:48:20.401+0000] {processor.py:829} INFO - Processing file /home/airflow/.local/lib/python3.8/site-packages/airflow/example_dags/tutorial_taskflow_api.py for tasks to queue
[2023-09-17T12:48:20.403+0000] {logging_mixin.py:151} INFO - [2023-09-17T12:48:20.403+0000] {dagbag.py:539} INFO - Filling up the DagBag from /home/airflow/.local/lib/python3.8/site-packages/airflow/example_dags/tutorial_taskflow_api.py
[2023-09-17T12:48:20.411+0000] {processor.py:839} INFO - DAG(s) dict_keys(['tutorial_taskflow_api']) retrieved from /home/airflow/.local/lib/python3.8/site-packages/airflow/example_dags/tutorial_taskflow_api.py
[2023-09-17T12:48:20.436+0000] {logging_mixin.py:151} INFO - [2023-09-17T12:48:20.435+0000] {dag.py:2915} INFO - Sync 1 DAGs
[2023-09-17T12:48:20.455+0000] {logging_mixin.py:151} INFO - [2023-09-17T12:48:20.455+0000] {dag.py:3696} INFO - Setting next_dagrun for tutorial_taskflow_api to None, run_after=None
[2023-09-17T12:48:20.503+0000] {processor.py:179} INFO - Processing /home/airflow/.local/lib/python3.8/site-packages/airflow/example_dags/tutorial_taskflow_api.py took 0.107 seconds
[2023-09-17T12:48:51.549+0000] {processor.py:157} INFO - Started process (PID=947) to work on /home/airflow/.local/lib/python3.8/site-packages/airflow/example_dags/tutorial_taskflow_api.py
[2023-09-17T12:48:51.573+0000] {processor.py:829} INFO - Processing file /home/airflow/.local/lib/python3.8/site-packages/airflow/example_dags/tutorial_taskflow_api.py for tasks to queue
[2023-09-17T12:48:51.591+0000] {logging_mixin.py:151} INFO - [2023-09-17T12:48:51.589+0000] {dagbag.py:539} INFO - Filling up the DagBag from /home/airflow/.local/lib/python3.8/site-packages/airflow/example_dags/tutorial_taskflow_api.py
[2023-09-17T12:48:51.607+0000] {processor.py:839} INFO - DAG(s) dict_keys(['tutorial_taskflow_api']) retrieved from /home/airflow/.local/lib/python3.8/site-packages/airflow/example_dags/tutorial_taskflow_api.py
[2023-09-17T12:48:51.651+0000] {logging_mixin.py:151} INFO - [2023-09-17T12:48:51.651+0000] {dag.py:2915} INFO - Sync 1 DAGs
[2023-09-17T12:48:51.703+0000] {logging_mixin.py:151} INFO - [2023-09-17T12:48:51.703+0000] {dag.py:3696} INFO - Setting next_dagrun for tutorial_taskflow_api to None, run_after=None
[2023-09-17T12:48:51.792+0000] {processor.py:179} INFO - Processing /home/airflow/.local/lib/python3.8/site-packages/airflow/example_dags/tutorial_taskflow_api.py took 0.250 seconds
[2023-09-17T12:49:22.192+0000] {processor.py:157} INFO - Started process (PID=1002) to work on /home/airflow/.local/lib/python3.8/site-packages/airflow/example_dags/tutorial_taskflow_api.py
[2023-09-17T12:49:22.193+0000] {processor.py:829} INFO - Processing file /home/airflow/.local/lib/python3.8/site-packages/airflow/example_dags/tutorial_taskflow_api.py for tasks to queue
[2023-09-17T12:49:22.195+0000] {logging_mixin.py:151} INFO - [2023-09-17T12:49:22.195+0000] {dagbag.py:539} INFO - Filling up the DagBag from /home/airflow/.local/lib/python3.8/site-packages/airflow/example_dags/tutorial_taskflow_api.py
[2023-09-17T12:49:22.202+0000] {processor.py:839} INFO - DAG(s) dict_keys(['tutorial_taskflow_api']) retrieved from /home/airflow/.local/lib/python3.8/site-packages/airflow/example_dags/tutorial_taskflow_api.py
[2023-09-17T12:49:22.228+0000] {logging_mixin.py:151} INFO - [2023-09-17T12:49:22.227+0000] {dag.py:2915} INFO - Sync 1 DAGs
[2023-09-17T12:49:22.244+0000] {logging_mixin.py:151} INFO - [2023-09-17T12:49:22.244+0000] {dag.py:3696} INFO - Setting next_dagrun for tutorial_taskflow_api to None, run_after=None
[2023-09-17T12:49:22.319+0000] {processor.py:179} INFO - Processing /home/airflow/.local/lib/python3.8/site-packages/airflow/example_dags/tutorial_taskflow_api.py took 0.131 seconds
[2023-09-17T12:49:52.660+0000] {processor.py:157} INFO - Started process (PID=1056) to work on /home/airflow/.local/lib/python3.8/site-packages/airflow/example_dags/tutorial_taskflow_api.py
[2023-09-17T12:49:52.675+0000] {processor.py:829} INFO - Processing file /home/airflow/.local/lib/python3.8/site-packages/airflow/example_dags/tutorial_taskflow_api.py for tasks to queue
[2023-09-17T12:49:52.678+0000] {logging_mixin.py:151} INFO - [2023-09-17T12:49:52.677+0000] {dagbag.py:539} INFO - Filling up the DagBag from /home/airflow/.local/lib/python3.8/site-packages/airflow/example_dags/tutorial_taskflow_api.py
[2023-09-17T12:49:52.688+0000] {processor.py:839} INFO - DAG(s) dict_keys(['tutorial_taskflow_api']) retrieved from /home/airflow/.local/lib/python3.8/site-packages/airflow/example_dags/tutorial_taskflow_api.py
[2023-09-17T12:49:52.712+0000] {logging_mixin.py:151} INFO - [2023-09-17T12:49:52.711+0000] {dag.py:2915} INFO - Sync 1 DAGs
[2023-09-17T12:49:52.728+0000] {logging_mixin.py:151} INFO - [2023-09-17T12:49:52.728+0000] {dag.py:3696} INFO - Setting next_dagrun for tutorial_taskflow_api to None, run_after=None
[2023-09-17T12:49:52.762+0000] {processor.py:179} INFO - Processing /home/airflow/.local/lib/python3.8/site-packages/airflow/example_dags/tutorial_taskflow_api.py took 0.107 seconds
[2023-09-17T12:50:23.022+0000] {processor.py:157} INFO - Started process (PID=1111) to work on /home/airflow/.local/lib/python3.8/site-packages/airflow/example_dags/tutorial_taskflow_api.py
[2023-09-17T12:50:23.023+0000] {processor.py:829} INFO - Processing file /home/airflow/.local/lib/python3.8/site-packages/airflow/example_dags/tutorial_taskflow_api.py for tasks to queue
[2023-09-17T12:50:23.028+0000] {logging_mixin.py:151} INFO - [2023-09-17T12:50:23.027+0000] {dagbag.py:539} INFO - Filling up the DagBag from /home/airflow/.local/lib/python3.8/site-packages/airflow/example_dags/tutorial_taskflow_api.py
[2023-09-17T12:50:23.056+0000] {processor.py:839} INFO - DAG(s) dict_keys(['tutorial_taskflow_api']) retrieved from /home/airflow/.local/lib/python3.8/site-packages/airflow/example_dags/tutorial_taskflow_api.py
[2023-09-17T12:50:23.098+0000] {logging_mixin.py:151} INFO - [2023-09-17T12:50:23.097+0000] {dag.py:2915} INFO - Sync 1 DAGs
[2023-09-17T12:50:23.138+0000] {logging_mixin.py:151} INFO - [2023-09-17T12:50:23.138+0000] {dag.py:3696} INFO - Setting next_dagrun for tutorial_taskflow_api to None, run_after=None
[2023-09-17T12:50:23.206+0000] {processor.py:179} INFO - Processing /home/airflow/.local/lib/python3.8/site-packages/airflow/example_dags/tutorial_taskflow_api.py took 0.191 seconds
[2023-09-17T12:50:53.770+0000] {processor.py:157} INFO - Started process (PID=1166) to work on /home/airflow/.local/lib/python3.8/site-packages/airflow/example_dags/tutorial_taskflow_api.py
[2023-09-17T12:50:53.787+0000] {processor.py:829} INFO - Processing file /home/airflow/.local/lib/python3.8/site-packages/airflow/example_dags/tutorial_taskflow_api.py for tasks to queue
[2023-09-17T12:50:53.795+0000] {logging_mixin.py:151} INFO - [2023-09-17T12:50:53.793+0000] {dagbag.py:539} INFO - Filling up the DagBag from /home/airflow/.local/lib/python3.8/site-packages/airflow/example_dags/tutorial_taskflow_api.py
[2023-09-17T12:50:53.808+0000] {processor.py:839} INFO - DAG(s) dict_keys(['tutorial_taskflow_api']) retrieved from /home/airflow/.local/lib/python3.8/site-packages/airflow/example_dags/tutorial_taskflow_api.py
[2023-09-17T12:50:53.902+0000] {logging_mixin.py:151} INFO - [2023-09-17T12:50:53.901+0000] {dag.py:2915} INFO - Sync 1 DAGs
[2023-09-17T12:50:53.962+0000] {logging_mixin.py:151} INFO - [2023-09-17T12:50:53.961+0000] {dag.py:3696} INFO - Setting next_dagrun for tutorial_taskflow_api to None, run_after=None
[2023-09-17T12:50:54.027+0000] {processor.py:179} INFO - Processing /home/airflow/.local/lib/python3.8/site-packages/airflow/example_dags/tutorial_taskflow_api.py took 0.266 seconds
[2023-09-17T12:51:24.344+0000] {processor.py:157} INFO - Started process (PID=1220) to work on /home/airflow/.local/lib/python3.8/site-packages/airflow/example_dags/tutorial_taskflow_api.py
[2023-09-17T12:51:24.345+0000] {processor.py:829} INFO - Processing file /home/airflow/.local/lib/python3.8/site-packages/airflow/example_dags/tutorial_taskflow_api.py for tasks to queue
[2023-09-17T12:51:24.349+0000] {logging_mixin.py:151} INFO - [2023-09-17T12:51:24.348+0000] {dagbag.py:539} INFO - Filling up the DagBag from /home/airflow/.local/lib/python3.8/site-packages/airflow/example_dags/tutorial_taskflow_api.py
[2023-09-17T12:51:24.361+0000] {processor.py:839} INFO - DAG(s) dict_keys(['tutorial_taskflow_api']) retrieved from /home/airflow/.local/lib/python3.8/site-packages/airflow/example_dags/tutorial_taskflow_api.py
[2023-09-17T12:51:24.403+0000] {logging_mixin.py:151} INFO - [2023-09-17T12:51:24.402+0000] {dag.py:2915} INFO - Sync 1 DAGs
[2023-09-17T12:51:24.430+0000] {logging_mixin.py:151} INFO - [2023-09-17T12:51:24.430+0000] {dag.py:3696} INFO - Setting next_dagrun for tutorial_taskflow_api to None, run_after=None
[2023-09-17T12:51:24.483+0000] {processor.py:179} INFO - Processing /home/airflow/.local/lib/python3.8/site-packages/airflow/example_dags/tutorial_taskflow_api.py took 0.146 seconds
[2023-09-17T12:51:55.625+0000] {processor.py:157} INFO - Started process (PID=1274) to work on /home/airflow/.local/lib/python3.8/site-packages/airflow/example_dags/tutorial_taskflow_api.py
[2023-09-17T12:51:55.641+0000] {processor.py:829} INFO - Processing file /home/airflow/.local/lib/python3.8/site-packages/airflow/example_dags/tutorial_taskflow_api.py for tasks to queue
[2023-09-17T12:51:55.646+0000] {logging_mixin.py:151} INFO - [2023-09-17T12:51:55.645+0000] {dagbag.py:539} INFO - Filling up the DagBag from /home/airflow/.local/lib/python3.8/site-packages/airflow/example_dags/tutorial_taskflow_api.py
[2023-09-17T12:51:55.671+0000] {processor.py:839} INFO - DAG(s) dict_keys(['tutorial_taskflow_api']) retrieved from /home/airflow/.local/lib/python3.8/site-packages/airflow/example_dags/tutorial_taskflow_api.py
[2023-09-17T12:51:55.745+0000] {logging_mixin.py:151} INFO - [2023-09-17T12:51:55.745+0000] {dag.py:2915} INFO - Sync 1 DAGs
[2023-09-17T12:51:55.790+0000] {logging_mixin.py:151} INFO - [2023-09-17T12:51:55.789+0000] {dag.py:3696} INFO - Setting next_dagrun for tutorial_taskflow_api to None, run_after=None
[2023-09-17T12:51:55.875+0000] {processor.py:179} INFO - Processing /home/airflow/.local/lib/python3.8/site-packages/airflow/example_dags/tutorial_taskflow_api.py took 0.261 seconds
[2023-09-17T12:52:26.305+0000] {processor.py:157} INFO - Started process (PID=1330) to work on /home/airflow/.local/lib/python3.8/site-packages/airflow/example_dags/tutorial_taskflow_api.py
[2023-09-17T12:52:26.306+0000] {processor.py:829} INFO - Processing file /home/airflow/.local/lib/python3.8/site-packages/airflow/example_dags/tutorial_taskflow_api.py for tasks to queue
[2023-09-17T12:52:26.310+0000] {logging_mixin.py:151} INFO - [2023-09-17T12:52:26.309+0000] {dagbag.py:539} INFO - Filling up the DagBag from /home/airflow/.local/lib/python3.8/site-packages/airflow/example_dags/tutorial_taskflow_api.py
[2023-09-17T12:52:26.322+0000] {processor.py:839} INFO - DAG(s) dict_keys(['tutorial_taskflow_api']) retrieved from /home/airflow/.local/lib/python3.8/site-packages/airflow/example_dags/tutorial_taskflow_api.py
[2023-09-17T12:52:26.359+0000] {logging_mixin.py:151} INFO - [2023-09-17T12:52:26.358+0000] {dag.py:2915} INFO - Sync 1 DAGs
[2023-09-17T12:52:26.384+0000] {logging_mixin.py:151} INFO - [2023-09-17T12:52:26.384+0000] {dag.py:3696} INFO - Setting next_dagrun for tutorial_taskflow_api to None, run_after=None
[2023-09-17T12:52:26.434+0000] {processor.py:179} INFO - Processing /home/airflow/.local/lib/python3.8/site-packages/airflow/example_dags/tutorial_taskflow_api.py took 0.136 seconds
[2023-09-17T12:52:57.186+0000] {processor.py:157} INFO - Started process (PID=1383) to work on /home/airflow/.local/lib/python3.8/site-packages/airflow/example_dags/tutorial_taskflow_api.py
[2023-09-17T12:52:57.189+0000] {processor.py:829} INFO - Processing file /home/airflow/.local/lib/python3.8/site-packages/airflow/example_dags/tutorial_taskflow_api.py for tasks to queue
[2023-09-17T12:52:57.196+0000] {logging_mixin.py:151} INFO - [2023-09-17T12:52:57.193+0000] {dagbag.py:539} INFO - Filling up the DagBag from /home/airflow/.local/lib/python3.8/site-packages/airflow/example_dags/tutorial_taskflow_api.py
[2023-09-17T12:52:57.215+0000] {processor.py:839} INFO - DAG(s) dict_keys(['tutorial_taskflow_api']) retrieved from /home/airflow/.local/lib/python3.8/site-packages/airflow/example_dags/tutorial_taskflow_api.py
[2023-09-17T12:52:57.289+0000] {logging_mixin.py:151} INFO - [2023-09-17T12:52:57.287+0000] {dag.py:2915} INFO - Sync 1 DAGs
[2023-09-17T12:52:57.356+0000] {logging_mixin.py:151} INFO - [2023-09-17T12:52:57.356+0000] {dag.py:3696} INFO - Setting next_dagrun for tutorial_taskflow_api to None, run_after=None
[2023-09-17T12:52:57.441+0000] {processor.py:179} INFO - Processing /home/airflow/.local/lib/python3.8/site-packages/airflow/example_dags/tutorial_taskflow_api.py took 0.265 seconds
