[2023-09-17T12:40:46.426+0000] {processor.py:157} INFO - Started process (PID=70) to work on /home/airflow/.local/lib/python3.8/site-packages/airflow/example_dags/tutorial.py
[2023-09-17T12:40:46.427+0000] {processor.py:829} INFO - Processing file /home/airflow/.local/lib/python3.8/site-packages/airflow/example_dags/tutorial.py for tasks to queue
[2023-09-17T12:40:46.430+0000] {logging_mixin.py:151} INFO - [2023-09-17T12:40:46.430+0000] {dagbag.py:539} INFO - Filling up the DagBag from /home/airflow/.local/lib/python3.8/site-packages/airflow/example_dags/tutorial.py
[2023-09-17T12:40:46.447+0000] {processor.py:839} INFO - DAG(s) dict_keys(['tutorial']) retrieved from /home/airflow/.local/lib/python3.8/site-packages/airflow/example_dags/tutorial.py
[2023-09-17T12:40:47.027+0000] {logging_mixin.py:151} INFO - [2023-09-17T12:40:47.027+0000] {manager.py:499} INFO - Created Permission View: %s
[2023-09-17T12:40:47.217+0000] {logging_mixin.py:151} INFO - [2023-09-17T12:40:47.216+0000] {manager.py:499} INFO - Created Permission View: %s
[2023-09-17T12:40:47.382+0000] {logging_mixin.py:151} INFO - [2023-09-17T12:40:47.382+0000] {manager.py:499} INFO - Created Permission View: %s
[2023-09-17T12:40:47.383+0000] {logging_mixin.py:151} INFO - [2023-09-17T12:40:47.383+0000] {security.py:708} INFO - Not syncing DAG-level permissions for DAG 'DAG:tutorial' as access control is unset.
[2023-09-17T12:40:47.383+0000] {logging_mixin.py:151} INFO - [2023-09-17T12:40:47.383+0000] {dag.py:2915} INFO - Sync 1 DAGs
[2023-09-17T12:40:47.400+0000] {logging_mixin.py:151} INFO - [2023-09-17T12:40:47.399+0000] {dag.py:2937} INFO - Creating ORM DAG for tutorial
[2023-09-17T12:40:47.414+0000] {logging_mixin.py:151} INFO - [2023-09-17T12:40:47.414+0000] {dag.py:3696} INFO - Setting next_dagrun for tutorial to 2023-09-16T12:40:47.413682+00:00, run_after=2023-09-17T12:40:47.413682+00:00
[2023-09-17T12:40:47.603+0000] {processor.py:179} INFO - Processing /home/airflow/.local/lib/python3.8/site-packages/airflow/example_dags/tutorial.py took 1.183 seconds
[2023-09-17T12:41:18.830+0000] {processor.py:157} INFO - Started process (PID=125) to work on /home/airflow/.local/lib/python3.8/site-packages/airflow/example_dags/tutorial.py
[2023-09-17T12:41:19.594+0000] {processor.py:829} INFO - Processing file /home/airflow/.local/lib/python3.8/site-packages/airflow/example_dags/tutorial.py for tasks to queue
[2023-09-17T12:41:19.601+0000] {logging_mixin.py:151} INFO - [2023-09-17T12:41:19.600+0000] {dagbag.py:539} INFO - Filling up the DagBag from /home/airflow/.local/lib/python3.8/site-packages/airflow/example_dags/tutorial.py
[2023-09-17T12:41:19.691+0000] {processor.py:839} INFO - DAG(s) dict_keys(['tutorial']) retrieved from /home/airflow/.local/lib/python3.8/site-packages/airflow/example_dags/tutorial.py
[2023-09-17T12:41:19.714+0000] {logging_mixin.py:151} INFO - [2023-09-17T12:41:19.714+0000] {dag.py:2915} INFO - Sync 1 DAGs
[2023-09-17T12:41:19.749+0000] {logging_mixin.py:151} INFO - [2023-09-17T12:41:19.748+0000] {dag.py:3696} INFO - Setting next_dagrun for tutorial to 2023-09-16T12:41:19.748369+00:00, run_after=2023-09-17T12:41:19.748369+00:00
[2023-09-17T12:41:19.864+0000] {processor.py:179} INFO - Processing /home/airflow/.local/lib/python3.8/site-packages/airflow/example_dags/tutorial.py took 1.038 seconds
[2023-09-17T12:41:50.043+0000] {processor.py:157} INFO - Started process (PID=179) to work on /home/airflow/.local/lib/python3.8/site-packages/airflow/example_dags/tutorial.py
[2023-09-17T12:41:50.044+0000] {processor.py:829} INFO - Processing file /home/airflow/.local/lib/python3.8/site-packages/airflow/example_dags/tutorial.py for tasks to queue
[2023-09-17T12:41:50.047+0000] {logging_mixin.py:151} INFO - [2023-09-17T12:41:50.046+0000] {dagbag.py:539} INFO - Filling up the DagBag from /home/airflow/.local/lib/python3.8/site-packages/airflow/example_dags/tutorial.py
[2023-09-17T12:41:50.054+0000] {processor.py:839} INFO - DAG(s) dict_keys(['tutorial']) retrieved from /home/airflow/.local/lib/python3.8/site-packages/airflow/example_dags/tutorial.py
[2023-09-17T12:41:50.091+0000] {logging_mixin.py:151} INFO - [2023-09-17T12:41:50.090+0000] {dag.py:2915} INFO - Sync 1 DAGs
[2023-09-17T12:41:50.124+0000] {logging_mixin.py:151} INFO - [2023-09-17T12:41:50.124+0000] {dag.py:3696} INFO - Setting next_dagrun for tutorial to 2023-09-16T12:41:50.123848+00:00, run_after=2023-09-17T12:41:50.123848+00:00
[2023-09-17T12:41:50.228+0000] {processor.py:179} INFO - Processing /home/airflow/.local/lib/python3.8/site-packages/airflow/example_dags/tutorial.py took 0.192 seconds
[2023-09-17T12:42:20.930+0000] {processor.py:157} INFO - Started process (PID=234) to work on /home/airflow/.local/lib/python3.8/site-packages/airflow/example_dags/tutorial.py
[2023-09-17T12:42:20.948+0000] {processor.py:829} INFO - Processing file /home/airflow/.local/lib/python3.8/site-packages/airflow/example_dags/tutorial.py for tasks to queue
[2023-09-17T12:42:20.953+0000] {logging_mixin.py:151} INFO - [2023-09-17T12:42:20.952+0000] {dagbag.py:539} INFO - Filling up the DagBag from /home/airflow/.local/lib/python3.8/site-packages/airflow/example_dags/tutorial.py
[2023-09-17T12:42:20.962+0000] {processor.py:839} INFO - DAG(s) dict_keys(['tutorial']) retrieved from /home/airflow/.local/lib/python3.8/site-packages/airflow/example_dags/tutorial.py
[2023-09-17T12:42:20.989+0000] {logging_mixin.py:151} INFO - [2023-09-17T12:42:20.989+0000] {dag.py:2915} INFO - Sync 1 DAGs
[2023-09-17T12:42:21.031+0000] {logging_mixin.py:151} INFO - [2023-09-17T12:42:21.031+0000] {dag.py:3696} INFO - Setting next_dagrun for tutorial to 2023-09-16T12:42:21.030744+00:00, run_after=2023-09-17T12:42:21.030744+00:00
[2023-09-17T12:42:21.074+0000] {processor.py:179} INFO - Processing /home/airflow/.local/lib/python3.8/site-packages/airflow/example_dags/tutorial.py took 0.148 seconds
[2023-09-17T12:42:51.508+0000] {processor.py:157} INFO - Started process (PID=289) to work on /home/airflow/.local/lib/python3.8/site-packages/airflow/example_dags/tutorial.py
[2023-09-17T12:42:51.509+0000] {processor.py:829} INFO - Processing file /home/airflow/.local/lib/python3.8/site-packages/airflow/example_dags/tutorial.py for tasks to queue
[2023-09-17T12:42:51.511+0000] {logging_mixin.py:151} INFO - [2023-09-17T12:42:51.511+0000] {dagbag.py:539} INFO - Filling up the DagBag from /home/airflow/.local/lib/python3.8/site-packages/airflow/example_dags/tutorial.py
[2023-09-17T12:42:51.520+0000] {processor.py:839} INFO - DAG(s) dict_keys(['tutorial']) retrieved from /home/airflow/.local/lib/python3.8/site-packages/airflow/example_dags/tutorial.py
[2023-09-17T12:42:51.556+0000] {logging_mixin.py:151} INFO - [2023-09-17T12:42:51.556+0000] {dag.py:2915} INFO - Sync 1 DAGs
[2023-09-17T12:42:51.595+0000] {logging_mixin.py:151} INFO - [2023-09-17T12:42:51.595+0000] {dag.py:3696} INFO - Setting next_dagrun for tutorial to 2023-09-16T12:42:51.594857+00:00, run_after=2023-09-17T12:42:51.594857+00:00
[2023-09-17T12:42:51.662+0000] {processor.py:179} INFO - Processing /home/airflow/.local/lib/python3.8/site-packages/airflow/example_dags/tutorial.py took 0.159 seconds
[2023-09-17T12:43:22.264+0000] {processor.py:157} INFO - Started process (PID=344) to work on /home/airflow/.local/lib/python3.8/site-packages/airflow/example_dags/tutorial.py
[2023-09-17T12:43:22.296+0000] {processor.py:829} INFO - Processing file /home/airflow/.local/lib/python3.8/site-packages/airflow/example_dags/tutorial.py for tasks to queue
[2023-09-17T12:43:22.300+0000] {logging_mixin.py:151} INFO - [2023-09-17T12:43:22.300+0000] {dagbag.py:539} INFO - Filling up the DagBag from /home/airflow/.local/lib/python3.8/site-packages/airflow/example_dags/tutorial.py
[2023-09-17T12:43:22.315+0000] {processor.py:839} INFO - DAG(s) dict_keys(['tutorial']) retrieved from /home/airflow/.local/lib/python3.8/site-packages/airflow/example_dags/tutorial.py
[2023-09-17T12:43:22.351+0000] {logging_mixin.py:151} INFO - [2023-09-17T12:43:22.351+0000] {dag.py:2915} INFO - Sync 1 DAGs
[2023-09-17T12:43:22.387+0000] {logging_mixin.py:151} INFO - [2023-09-17T12:43:22.387+0000] {dag.py:3696} INFO - Setting next_dagrun for tutorial to 2023-09-16T12:43:22.386765+00:00, run_after=2023-09-17T12:43:22.386765+00:00
[2023-09-17T12:43:22.450+0000] {processor.py:179} INFO - Processing /home/airflow/.local/lib/python3.8/site-packages/airflow/example_dags/tutorial.py took 0.192 seconds
[2023-09-17T12:43:52.792+0000] {processor.py:157} INFO - Started process (PID=399) to work on /home/airflow/.local/lib/python3.8/site-packages/airflow/example_dags/tutorial.py
[2023-09-17T12:43:52.793+0000] {processor.py:829} INFO - Processing file /home/airflow/.local/lib/python3.8/site-packages/airflow/example_dags/tutorial.py for tasks to queue
[2023-09-17T12:43:52.796+0000] {logging_mixin.py:151} INFO - [2023-09-17T12:43:52.796+0000] {dagbag.py:539} INFO - Filling up the DagBag from /home/airflow/.local/lib/python3.8/site-packages/airflow/example_dags/tutorial.py
[2023-09-17T12:43:52.811+0000] {processor.py:839} INFO - DAG(s) dict_keys(['tutorial']) retrieved from /home/airflow/.local/lib/python3.8/site-packages/airflow/example_dags/tutorial.py
[2023-09-17T12:43:52.875+0000] {logging_mixin.py:151} INFO - [2023-09-17T12:43:52.875+0000] {dag.py:2915} INFO - Sync 1 DAGs
[2023-09-17T12:43:52.952+0000] {logging_mixin.py:151} INFO - [2023-09-17T12:43:52.952+0000] {dag.py:3696} INFO - Setting next_dagrun for tutorial to 2023-09-16T12:43:52.951950+00:00, run_after=2023-09-17T12:43:52.951950+00:00
[2023-09-17T12:43:53.018+0000] {processor.py:179} INFO - Processing /home/airflow/.local/lib/python3.8/site-packages/airflow/example_dags/tutorial.py took 0.232 seconds
[2023-09-17T12:44:23.245+0000] {processor.py:157} INFO - Started process (PID=455) to work on /home/airflow/.local/lib/python3.8/site-packages/airflow/example_dags/tutorial.py
[2023-09-17T12:44:23.266+0000] {processor.py:829} INFO - Processing file /home/airflow/.local/lib/python3.8/site-packages/airflow/example_dags/tutorial.py for tasks to queue
[2023-09-17T12:44:23.270+0000] {logging_mixin.py:151} INFO - [2023-09-17T12:44:23.270+0000] {dagbag.py:539} INFO - Filling up the DagBag from /home/airflow/.local/lib/python3.8/site-packages/airflow/example_dags/tutorial.py
[2023-09-17T12:44:23.282+0000] {processor.py:839} INFO - DAG(s) dict_keys(['tutorial']) retrieved from /home/airflow/.local/lib/python3.8/site-packages/airflow/example_dags/tutorial.py
[2023-09-17T12:44:23.308+0000] {logging_mixin.py:151} INFO - [2023-09-17T12:44:23.307+0000] {dag.py:2915} INFO - Sync 1 DAGs
[2023-09-17T12:44:23.337+0000] {logging_mixin.py:151} INFO - [2023-09-17T12:44:23.336+0000] {dag.py:3696} INFO - Setting next_dagrun for tutorial to 2023-09-16T12:44:23.336432+00:00, run_after=2023-09-17T12:44:23.336432+00:00
[2023-09-17T12:44:23.368+0000] {processor.py:179} INFO - Processing /home/airflow/.local/lib/python3.8/site-packages/airflow/example_dags/tutorial.py took 0.127 seconds
[2023-09-17T12:44:53.614+0000] {processor.py:157} INFO - Started process (PID=510) to work on /home/airflow/.local/lib/python3.8/site-packages/airflow/example_dags/tutorial.py
[2023-09-17T12:44:53.615+0000] {processor.py:829} INFO - Processing file /home/airflow/.local/lib/python3.8/site-packages/airflow/example_dags/tutorial.py for tasks to queue
[2023-09-17T12:44:53.619+0000] {logging_mixin.py:151} INFO - [2023-09-17T12:44:53.618+0000] {dagbag.py:539} INFO - Filling up the DagBag from /home/airflow/.local/lib/python3.8/site-packages/airflow/example_dags/tutorial.py
[2023-09-17T12:44:53.628+0000] {processor.py:839} INFO - DAG(s) dict_keys(['tutorial']) retrieved from /home/airflow/.local/lib/python3.8/site-packages/airflow/example_dags/tutorial.py
[2023-09-17T12:44:53.663+0000] {logging_mixin.py:151} INFO - [2023-09-17T12:44:53.662+0000] {dag.py:2915} INFO - Sync 1 DAGs
[2023-09-17T12:44:53.704+0000] {logging_mixin.py:151} INFO - [2023-09-17T12:44:53.703+0000] {dag.py:3696} INFO - Setting next_dagrun for tutorial to 2023-09-16T12:44:53.703617+00:00, run_after=2023-09-17T12:44:53.703617+00:00
[2023-09-17T12:44:53.844+0000] {processor.py:179} INFO - Processing /home/airflow/.local/lib/python3.8/site-packages/airflow/example_dags/tutorial.py took 0.235 seconds
[2023-09-17T12:45:24.350+0000] {processor.py:157} INFO - Started process (PID=566) to work on /home/airflow/.local/lib/python3.8/site-packages/airflow/example_dags/tutorial.py
[2023-09-17T12:45:24.359+0000] {processor.py:829} INFO - Processing file /home/airflow/.local/lib/python3.8/site-packages/airflow/example_dags/tutorial.py for tasks to queue
[2023-09-17T12:45:24.364+0000] {logging_mixin.py:151} INFO - [2023-09-17T12:45:24.363+0000] {dagbag.py:539} INFO - Filling up the DagBag from /home/airflow/.local/lib/python3.8/site-packages/airflow/example_dags/tutorial.py
[2023-09-17T12:45:24.378+0000] {processor.py:839} INFO - DAG(s) dict_keys(['tutorial']) retrieved from /home/airflow/.local/lib/python3.8/site-packages/airflow/example_dags/tutorial.py
[2023-09-17T12:45:24.424+0000] {logging_mixin.py:151} INFO - [2023-09-17T12:45:24.423+0000] {dag.py:2915} INFO - Sync 1 DAGs
[2023-09-17T12:45:24.471+0000] {logging_mixin.py:151} INFO - [2023-09-17T12:45:24.470+0000] {dag.py:3696} INFO - Setting next_dagrun for tutorial to 2023-09-16T12:45:24.470360+00:00, run_after=2023-09-17T12:45:24.470360+00:00
[2023-09-17T12:45:24.516+0000] {processor.py:179} INFO - Processing /home/airflow/.local/lib/python3.8/site-packages/airflow/example_dags/tutorial.py took 0.172 seconds
[2023-09-17T12:45:54.961+0000] {processor.py:157} INFO - Started process (PID=621) to work on /home/airflow/.local/lib/python3.8/site-packages/airflow/example_dags/tutorial.py
[2023-09-17T12:45:54.962+0000] {processor.py:829} INFO - Processing file /home/airflow/.local/lib/python3.8/site-packages/airflow/example_dags/tutorial.py for tasks to queue
[2023-09-17T12:45:54.965+0000] {logging_mixin.py:151} INFO - [2023-09-17T12:45:54.964+0000] {dagbag.py:539} INFO - Filling up the DagBag from /home/airflow/.local/lib/python3.8/site-packages/airflow/example_dags/tutorial.py
[2023-09-17T12:45:54.972+0000] {processor.py:839} INFO - DAG(s) dict_keys(['tutorial']) retrieved from /home/airflow/.local/lib/python3.8/site-packages/airflow/example_dags/tutorial.py
[2023-09-17T12:45:55.004+0000] {logging_mixin.py:151} INFO - [2023-09-17T12:45:55.004+0000] {dag.py:2915} INFO - Sync 1 DAGs
[2023-09-17T12:45:55.044+0000] {logging_mixin.py:151} INFO - [2023-09-17T12:45:55.044+0000] {dag.py:3696} INFO - Setting next_dagrun for tutorial to 2023-09-16T12:45:55.043647+00:00, run_after=2023-09-17T12:45:55.043647+00:00
[2023-09-17T12:45:55.084+0000] {processor.py:179} INFO - Processing /home/airflow/.local/lib/python3.8/site-packages/airflow/example_dags/tutorial.py took 0.127 seconds
[2023-09-17T12:46:25.130+0000] {processor.py:157} INFO - Started process (PID=676) to work on /home/airflow/.local/lib/python3.8/site-packages/airflow/example_dags/tutorial.py
[2023-09-17T12:46:25.131+0000] {processor.py:829} INFO - Processing file /home/airflow/.local/lib/python3.8/site-packages/airflow/example_dags/tutorial.py for tasks to queue
[2023-09-17T12:46:25.134+0000] {logging_mixin.py:151} INFO - [2023-09-17T12:46:25.133+0000] {dagbag.py:539} INFO - Filling up the DagBag from /home/airflow/.local/lib/python3.8/site-packages/airflow/example_dags/tutorial.py
[2023-09-17T12:46:25.141+0000] {processor.py:839} INFO - DAG(s) dict_keys(['tutorial']) retrieved from /home/airflow/.local/lib/python3.8/site-packages/airflow/example_dags/tutorial.py
[2023-09-17T12:46:25.170+0000] {logging_mixin.py:151} INFO - [2023-09-17T12:46:25.170+0000] {dag.py:2915} INFO - Sync 1 DAGs
[2023-09-17T12:46:25.203+0000] {logging_mixin.py:151} INFO - [2023-09-17T12:46:25.203+0000] {dag.py:3696} INFO - Setting next_dagrun for tutorial to 2023-09-16T12:46:25.202806+00:00, run_after=2023-09-17T12:46:25.202806+00:00
[2023-09-17T12:46:25.236+0000] {processor.py:179} INFO - Processing /home/airflow/.local/lib/python3.8/site-packages/airflow/example_dags/tutorial.py took 0.109 seconds
[2023-09-17T12:46:55.697+0000] {processor.py:157} INFO - Started process (PID=731) to work on /home/airflow/.local/lib/python3.8/site-packages/airflow/example_dags/tutorial.py
[2023-09-17T12:46:55.698+0000] {processor.py:829} INFO - Processing file /home/airflow/.local/lib/python3.8/site-packages/airflow/example_dags/tutorial.py for tasks to queue
[2023-09-17T12:46:55.701+0000] {logging_mixin.py:151} INFO - [2023-09-17T12:46:55.700+0000] {dagbag.py:539} INFO - Filling up the DagBag from /home/airflow/.local/lib/python3.8/site-packages/airflow/example_dags/tutorial.py
[2023-09-17T12:46:55.710+0000] {processor.py:839} INFO - DAG(s) dict_keys(['tutorial']) retrieved from /home/airflow/.local/lib/python3.8/site-packages/airflow/example_dags/tutorial.py
[2023-09-17T12:46:55.742+0000] {logging_mixin.py:151} INFO - [2023-09-17T12:46:55.742+0000] {dag.py:2915} INFO - Sync 1 DAGs
[2023-09-17T12:46:55.787+0000] {logging_mixin.py:151} INFO - [2023-09-17T12:46:55.787+0000] {dag.py:3696} INFO - Setting next_dagrun for tutorial to 2023-09-16T12:46:55.787015+00:00, run_after=2023-09-17T12:46:55.787015+00:00
[2023-09-17T12:46:55.827+0000] {processor.py:179} INFO - Processing /home/airflow/.local/lib/python3.8/site-packages/airflow/example_dags/tutorial.py took 0.135 seconds
[2023-09-17T12:47:26.318+0000] {processor.py:157} INFO - Started process (PID=787) to work on /home/airflow/.local/lib/python3.8/site-packages/airflow/example_dags/tutorial.py
[2023-09-17T12:47:26.320+0000] {processor.py:829} INFO - Processing file /home/airflow/.local/lib/python3.8/site-packages/airflow/example_dags/tutorial.py for tasks to queue
[2023-09-17T12:47:26.323+0000] {logging_mixin.py:151} INFO - [2023-09-17T12:47:26.322+0000] {dagbag.py:539} INFO - Filling up the DagBag from /home/airflow/.local/lib/python3.8/site-packages/airflow/example_dags/tutorial.py
[2023-09-17T12:47:26.329+0000] {processor.py:839} INFO - DAG(s) dict_keys(['tutorial']) retrieved from /home/airflow/.local/lib/python3.8/site-packages/airflow/example_dags/tutorial.py
[2023-09-17T12:47:26.354+0000] {logging_mixin.py:151} INFO - [2023-09-17T12:47:26.354+0000] {dag.py:2915} INFO - Sync 1 DAGs
[2023-09-17T12:47:26.385+0000] {logging_mixin.py:151} INFO - [2023-09-17T12:47:26.384+0000] {dag.py:3696} INFO - Setting next_dagrun for tutorial to 2023-09-16T12:47:26.384402+00:00, run_after=2023-09-17T12:47:26.384402+00:00
[2023-09-17T12:47:26.418+0000] {processor.py:179} INFO - Processing /home/airflow/.local/lib/python3.8/site-packages/airflow/example_dags/tutorial.py took 0.104 seconds
[2023-09-17T12:47:56.592+0000] {processor.py:157} INFO - Started process (PID=842) to work on /home/airflow/.local/lib/python3.8/site-packages/airflow/example_dags/tutorial.py
[2023-09-17T12:47:56.593+0000] {processor.py:829} INFO - Processing file /home/airflow/.local/lib/python3.8/site-packages/airflow/example_dags/tutorial.py for tasks to queue
[2023-09-17T12:47:56.595+0000] {logging_mixin.py:151} INFO - [2023-09-17T12:47:56.595+0000] {dagbag.py:539} INFO - Filling up the DagBag from /home/airflow/.local/lib/python3.8/site-packages/airflow/example_dags/tutorial.py
[2023-09-17T12:47:56.602+0000] {processor.py:839} INFO - DAG(s) dict_keys(['tutorial']) retrieved from /home/airflow/.local/lib/python3.8/site-packages/airflow/example_dags/tutorial.py
[2023-09-17T12:47:56.631+0000] {logging_mixin.py:151} INFO - [2023-09-17T12:47:56.631+0000] {dag.py:2915} INFO - Sync 1 DAGs
[2023-09-17T12:47:56.660+0000] {logging_mixin.py:151} INFO - [2023-09-17T12:47:56.660+0000] {dag.py:3696} INFO - Setting next_dagrun for tutorial to 2023-09-16T12:47:56.660059+00:00, run_after=2023-09-17T12:47:56.660059+00:00
[2023-09-17T12:47:56.692+0000] {processor.py:179} INFO - Processing /home/airflow/.local/lib/python3.8/site-packages/airflow/example_dags/tutorial.py took 0.103 seconds
[2023-09-17T12:48:26.989+0000] {processor.py:157} INFO - Started process (PID=897) to work on /home/airflow/.local/lib/python3.8/site-packages/airflow/example_dags/tutorial.py
[2023-09-17T12:48:27.004+0000] {processor.py:829} INFO - Processing file /home/airflow/.local/lib/python3.8/site-packages/airflow/example_dags/tutorial.py for tasks to queue
[2023-09-17T12:48:27.006+0000] {logging_mixin.py:151} INFO - [2023-09-17T12:48:27.006+0000] {dagbag.py:539} INFO - Filling up the DagBag from /home/airflow/.local/lib/python3.8/site-packages/airflow/example_dags/tutorial.py
[2023-09-17T12:48:27.013+0000] {processor.py:839} INFO - DAG(s) dict_keys(['tutorial']) retrieved from /home/airflow/.local/lib/python3.8/site-packages/airflow/example_dags/tutorial.py
[2023-09-17T12:48:27.039+0000] {logging_mixin.py:151} INFO - [2023-09-17T12:48:27.039+0000] {dag.py:2915} INFO - Sync 1 DAGs
[2023-09-17T12:48:27.068+0000] {logging_mixin.py:151} INFO - [2023-09-17T12:48:27.068+0000] {dag.py:3696} INFO - Setting next_dagrun for tutorial to 2023-09-16T12:48:27.067902+00:00, run_after=2023-09-17T12:48:27.067902+00:00
[2023-09-17T12:48:27.180+0000] {processor.py:179} INFO - Processing /home/airflow/.local/lib/python3.8/site-packages/airflow/example_dags/tutorial.py took 0.196 seconds
[2023-09-17T12:48:57.425+0000] {processor.py:157} INFO - Started process (PID=953) to work on /home/airflow/.local/lib/python3.8/site-packages/airflow/example_dags/tutorial.py
[2023-09-17T12:48:57.426+0000] {processor.py:829} INFO - Processing file /home/airflow/.local/lib/python3.8/site-packages/airflow/example_dags/tutorial.py for tasks to queue
[2023-09-17T12:48:57.429+0000] {logging_mixin.py:151} INFO - [2023-09-17T12:48:57.428+0000] {dagbag.py:539} INFO - Filling up the DagBag from /home/airflow/.local/lib/python3.8/site-packages/airflow/example_dags/tutorial.py
[2023-09-17T12:48:57.437+0000] {processor.py:839} INFO - DAG(s) dict_keys(['tutorial']) retrieved from /home/airflow/.local/lib/python3.8/site-packages/airflow/example_dags/tutorial.py
[2023-09-17T12:48:57.470+0000] {logging_mixin.py:151} INFO - [2023-09-17T12:48:57.470+0000] {dag.py:2915} INFO - Sync 1 DAGs
[2023-09-17T12:48:57.513+0000] {logging_mixin.py:151} INFO - [2023-09-17T12:48:57.513+0000] {dag.py:3696} INFO - Setting next_dagrun for tutorial to 2023-09-16T12:48:57.512676+00:00, run_after=2023-09-17T12:48:57.512676+00:00
[2023-09-17T12:48:57.562+0000] {processor.py:179} INFO - Processing /home/airflow/.local/lib/python3.8/site-packages/airflow/example_dags/tutorial.py took 0.143 seconds
[2023-09-17T12:49:28.045+0000] {processor.py:157} INFO - Started process (PID=1009) to work on /home/airflow/.local/lib/python3.8/site-packages/airflow/example_dags/tutorial.py
[2023-09-17T12:49:28.061+0000] {processor.py:829} INFO - Processing file /home/airflow/.local/lib/python3.8/site-packages/airflow/example_dags/tutorial.py for tasks to queue
[2023-09-17T12:49:28.068+0000] {logging_mixin.py:151} INFO - [2023-09-17T12:49:28.067+0000] {dagbag.py:539} INFO - Filling up the DagBag from /home/airflow/.local/lib/python3.8/site-packages/airflow/example_dags/tutorial.py
[2023-09-17T12:49:28.078+0000] {processor.py:839} INFO - DAG(s) dict_keys(['tutorial']) retrieved from /home/airflow/.local/lib/python3.8/site-packages/airflow/example_dags/tutorial.py
[2023-09-17T12:49:28.131+0000] {logging_mixin.py:151} INFO - [2023-09-17T12:49:28.130+0000] {dag.py:2915} INFO - Sync 1 DAGs
[2023-09-17T12:49:28.181+0000] {logging_mixin.py:151} INFO - [2023-09-17T12:49:28.181+0000] {dag.py:3696} INFO - Setting next_dagrun for tutorial to 2023-09-16T12:49:28.180643+00:00, run_after=2023-09-17T12:49:28.180643+00:00
[2023-09-17T12:49:28.264+0000] {processor.py:179} INFO - Processing /home/airflow/.local/lib/python3.8/site-packages/airflow/example_dags/tutorial.py took 0.224 seconds
[2023-09-17T12:49:58.389+0000] {processor.py:157} INFO - Started process (PID=1063) to work on /home/airflow/.local/lib/python3.8/site-packages/airflow/example_dags/tutorial.py
[2023-09-17T12:49:58.392+0000] {processor.py:829} INFO - Processing file /home/airflow/.local/lib/python3.8/site-packages/airflow/example_dags/tutorial.py for tasks to queue
[2023-09-17T12:49:58.396+0000] {logging_mixin.py:151} INFO - [2023-09-17T12:49:58.395+0000] {dagbag.py:539} INFO - Filling up the DagBag from /home/airflow/.local/lib/python3.8/site-packages/airflow/example_dags/tutorial.py
[2023-09-17T12:49:58.407+0000] {processor.py:839} INFO - DAG(s) dict_keys(['tutorial']) retrieved from /home/airflow/.local/lib/python3.8/site-packages/airflow/example_dags/tutorial.py
[2023-09-17T12:49:58.447+0000] {logging_mixin.py:151} INFO - [2023-09-17T12:49:58.447+0000] {dag.py:2915} INFO - Sync 1 DAGs
[2023-09-17T12:49:58.538+0000] {logging_mixin.py:151} INFO - [2023-09-17T12:49:58.533+0000] {dag.py:3696} INFO - Setting next_dagrun for tutorial to 2023-09-16T12:49:58.533478+00:00, run_after=2023-09-17T12:49:58.533478+00:00
[2023-09-17T12:49:58.593+0000] {processor.py:179} INFO - Processing /home/airflow/.local/lib/python3.8/site-packages/airflow/example_dags/tutorial.py took 0.210 seconds
[2023-09-17T12:50:28.839+0000] {processor.py:157} INFO - Started process (PID=1118) to work on /home/airflow/.local/lib/python3.8/site-packages/airflow/example_dags/tutorial.py
[2023-09-17T12:50:28.856+0000] {processor.py:829} INFO - Processing file /home/airflow/.local/lib/python3.8/site-packages/airflow/example_dags/tutorial.py for tasks to queue
[2023-09-17T12:50:28.863+0000] {logging_mixin.py:151} INFO - [2023-09-17T12:50:28.862+0000] {dagbag.py:539} INFO - Filling up the DagBag from /home/airflow/.local/lib/python3.8/site-packages/airflow/example_dags/tutorial.py
[2023-09-17T12:50:28.873+0000] {processor.py:839} INFO - DAG(s) dict_keys(['tutorial']) retrieved from /home/airflow/.local/lib/python3.8/site-packages/airflow/example_dags/tutorial.py
[2023-09-17T12:50:28.913+0000] {logging_mixin.py:151} INFO - [2023-09-17T12:50:28.913+0000] {dag.py:2915} INFO - Sync 1 DAGs
[2023-09-17T12:50:28.955+0000] {logging_mixin.py:151} INFO - [2023-09-17T12:50:28.955+0000] {dag.py:3696} INFO - Setting next_dagrun for tutorial to 2023-09-16T12:50:28.954908+00:00, run_after=2023-09-17T12:50:28.954908+00:00
[2023-09-17T12:50:29.000+0000] {processor.py:179} INFO - Processing /home/airflow/.local/lib/python3.8/site-packages/airflow/example_dags/tutorial.py took 0.166 seconds
[2023-09-17T12:50:59.631+0000] {processor.py:157} INFO - Started process (PID=1173) to work on /home/airflow/.local/lib/python3.8/site-packages/airflow/example_dags/tutorial.py
[2023-09-17T12:50:59.634+0000] {processor.py:829} INFO - Processing file /home/airflow/.local/lib/python3.8/site-packages/airflow/example_dags/tutorial.py for tasks to queue
[2023-09-17T12:50:59.642+0000] {logging_mixin.py:151} INFO - [2023-09-17T12:50:59.641+0000] {dagbag.py:539} INFO - Filling up the DagBag from /home/airflow/.local/lib/python3.8/site-packages/airflow/example_dags/tutorial.py
[2023-09-17T12:50:59.660+0000] {processor.py:839} INFO - DAG(s) dict_keys(['tutorial']) retrieved from /home/airflow/.local/lib/python3.8/site-packages/airflow/example_dags/tutorial.py
[2023-09-17T12:50:59.720+0000] {logging_mixin.py:151} INFO - [2023-09-17T12:50:59.720+0000] {dag.py:2915} INFO - Sync 1 DAGs
[2023-09-17T12:50:59.802+0000] {logging_mixin.py:151} INFO - [2023-09-17T12:50:59.801+0000] {dag.py:3696} INFO - Setting next_dagrun for tutorial to 2023-09-16T12:50:59.800959+00:00, run_after=2023-09-17T12:50:59.800959+00:00
[2023-09-17T12:50:59.883+0000] {processor.py:179} INFO - Processing /home/airflow/.local/lib/python3.8/site-packages/airflow/example_dags/tutorial.py took 0.265 seconds
[2023-09-17T12:51:30.032+0000] {processor.py:157} INFO - Started process (PID=1226) to work on /home/airflow/.local/lib/python3.8/site-packages/airflow/example_dags/tutorial.py
[2023-09-17T12:51:30.034+0000] {processor.py:829} INFO - Processing file /home/airflow/.local/lib/python3.8/site-packages/airflow/example_dags/tutorial.py for tasks to queue
[2023-09-17T12:51:30.037+0000] {logging_mixin.py:151} INFO - [2023-09-17T12:51:30.037+0000] {dagbag.py:539} INFO - Filling up the DagBag from /home/airflow/.local/lib/python3.8/site-packages/airflow/example_dags/tutorial.py
[2023-09-17T12:51:30.051+0000] {processor.py:839} INFO - DAG(s) dict_keys(['tutorial']) retrieved from /home/airflow/.local/lib/python3.8/site-packages/airflow/example_dags/tutorial.py
[2023-09-17T12:51:30.087+0000] {logging_mixin.py:151} INFO - [2023-09-17T12:51:30.087+0000] {dag.py:2915} INFO - Sync 1 DAGs
[2023-09-17T12:51:30.136+0000] {logging_mixin.py:151} INFO - [2023-09-17T12:51:30.135+0000] {dag.py:3696} INFO - Setting next_dagrun for tutorial to 2023-09-16T12:51:30.135685+00:00, run_after=2023-09-17T12:51:30.135685+00:00
[2023-09-17T12:51:30.192+0000] {processor.py:179} INFO - Processing /home/airflow/.local/lib/python3.8/site-packages/airflow/example_dags/tutorial.py took 0.170 seconds
[2023-09-17T12:52:00.292+0000] {processor.py:157} INFO - Started process (PID=1280) to work on /home/airflow/.local/lib/python3.8/site-packages/airflow/example_dags/tutorial.py
[2023-09-17T12:52:00.308+0000] {processor.py:829} INFO - Processing file /home/airflow/.local/lib/python3.8/site-packages/airflow/example_dags/tutorial.py for tasks to queue
[2023-09-17T12:52:00.312+0000] {logging_mixin.py:151} INFO - [2023-09-17T12:52:00.312+0000] {dagbag.py:539} INFO - Filling up the DagBag from /home/airflow/.local/lib/python3.8/site-packages/airflow/example_dags/tutorial.py
[2023-09-17T12:52:00.330+0000] {processor.py:839} INFO - DAG(s) dict_keys(['tutorial']) retrieved from /home/airflow/.local/lib/python3.8/site-packages/airflow/example_dags/tutorial.py
[2023-09-17T12:52:00.414+0000] {logging_mixin.py:151} INFO - [2023-09-17T12:52:00.413+0000] {dag.py:2915} INFO - Sync 1 DAGs
[2023-09-17T12:52:00.507+0000] {logging_mixin.py:151} INFO - [2023-09-17T12:52:00.503+0000] {dag.py:3696} INFO - Setting next_dagrun for tutorial to 2023-09-16T12:52:00.502727+00:00, run_after=2023-09-17T12:52:00.502727+00:00
[2023-09-17T12:52:00.586+0000] {processor.py:179} INFO - Processing /home/airflow/.local/lib/python3.8/site-packages/airflow/example_dags/tutorial.py took 0.306 seconds
[2023-09-17T12:52:30.957+0000] {processor.py:157} INFO - Started process (PID=1337) to work on /home/airflow/.local/lib/python3.8/site-packages/airflow/example_dags/tutorial.py
[2023-09-17T12:52:30.958+0000] {processor.py:829} INFO - Processing file /home/airflow/.local/lib/python3.8/site-packages/airflow/example_dags/tutorial.py for tasks to queue
[2023-09-17T12:52:30.967+0000] {logging_mixin.py:151} INFO - [2023-09-17T12:52:30.965+0000] {dagbag.py:539} INFO - Filling up the DagBag from /home/airflow/.local/lib/python3.8/site-packages/airflow/example_dags/tutorial.py
[2023-09-17T12:52:30.984+0000] {processor.py:839} INFO - DAG(s) dict_keys(['tutorial']) retrieved from /home/airflow/.local/lib/python3.8/site-packages/airflow/example_dags/tutorial.py
[2023-09-17T12:52:31.049+0000] {logging_mixin.py:151} INFO - [2023-09-17T12:52:31.048+0000] {dag.py:2915} INFO - Sync 1 DAGs
[2023-09-17T12:52:31.142+0000] {logging_mixin.py:151} INFO - [2023-09-17T12:52:31.142+0000] {dag.py:3696} INFO - Setting next_dagrun for tutorial to 2023-09-16T12:52:31.141610+00:00, run_after=2023-09-17T12:52:31.141610+00:00
[2023-09-17T12:52:31.225+0000] {processor.py:179} INFO - Processing /home/airflow/.local/lib/python3.8/site-packages/airflow/example_dags/tutorial.py took 0.273 seconds
[2023-09-17T12:53:01.944+0000] {processor.py:157} INFO - Started process (PID=1392) to work on /home/airflow/.local/lib/python3.8/site-packages/airflow/example_dags/tutorial.py
[2023-09-17T12:53:02.017+0000] {processor.py:829} INFO - Processing file /home/airflow/.local/lib/python3.8/site-packages/airflow/example_dags/tutorial.py for tasks to queue
[2023-09-17T12:53:02.032+0000] {logging_mixin.py:151} INFO - [2023-09-17T12:53:02.030+0000] {dagbag.py:539} INFO - Filling up the DagBag from /home/airflow/.local/lib/python3.8/site-packages/airflow/example_dags/tutorial.py
[2023-09-17T12:53:02.059+0000] {processor.py:839} INFO - DAG(s) dict_keys(['tutorial']) retrieved from /home/airflow/.local/lib/python3.8/site-packages/airflow/example_dags/tutorial.py
[2023-09-17T12:53:02.189+0000] {logging_mixin.py:151} INFO - [2023-09-17T12:53:02.188+0000] {dag.py:2915} INFO - Sync 1 DAGs
[2023-09-17T12:53:02.336+0000] {logging_mixin.py:151} INFO - [2023-09-17T12:53:02.335+0000] {dag.py:3696} INFO - Setting next_dagrun for tutorial to 2023-09-16T12:53:02.334652+00:00, run_after=2023-09-17T12:53:02.334652+00:00
[2023-09-17T12:53:02.621+0000] {processor.py:179} INFO - Processing /home/airflow/.local/lib/python3.8/site-packages/airflow/example_dags/tutorial.py took 0.683 seconds
