[2023-09-17T12:40:28.251+0000] {processor.py:157} INFO - Started process (PID=32) to work on /home/airflow/.local/lib/python3.8/site-packages/airflow/example_dags/tutorial_dag.py
[2023-09-17T12:40:28.253+0000] {processor.py:829} INFO - Processing file /home/airflow/.local/lib/python3.8/site-packages/airflow/example_dags/tutorial_dag.py for tasks to queue
[2023-09-17T12:40:28.262+0000] {logging_mixin.py:151} INFO - [2023-09-17T12:40:28.260+0000] {dagbag.py:539} INFO - Filling up the DagBag from /home/airflow/.local/lib/python3.8/site-packages/airflow/example_dags/tutorial_dag.py
[2023-09-17T12:40:28.385+0000] {processor.py:839} INFO - DAG(s) dict_keys(['tutorial_dag']) retrieved from /home/airflow/.local/lib/python3.8/site-packages/airflow/example_dags/tutorial_dag.py
[2023-09-17T12:40:29.003+0000] {logging_mixin.py:151} INFO - [2023-09-17T12:40:29.002+0000] {manager.py:499} INFO - Created Permission View: %s
[2023-09-17T12:40:29.114+0000] {logging_mixin.py:151} INFO - [2023-09-17T12:40:29.113+0000] {manager.py:499} INFO - Created Permission View: %s
[2023-09-17T12:40:29.202+0000] {logging_mixin.py:151} INFO - [2023-09-17T12:40:29.201+0000] {manager.py:499} INFO - Created Permission View: %s
[2023-09-17T12:40:29.202+0000] {logging_mixin.py:151} INFO - [2023-09-17T12:40:29.202+0000] {security.py:708} INFO - Not syncing DAG-level permissions for DAG 'DAG:tutorial_dag' as access control is unset.
[2023-09-17T12:40:29.203+0000] {logging_mixin.py:151} INFO - [2023-09-17T12:40:29.203+0000] {dag.py:2915} INFO - Sync 1 DAGs
[2023-09-17T12:40:29.231+0000] {logging_mixin.py:151} INFO - [2023-09-17T12:40:29.231+0000] {dag.py:2937} INFO - Creating ORM DAG for tutorial_dag
[2023-09-17T12:40:29.232+0000] {logging_mixin.py:151} INFO - [2023-09-17T12:40:29.232+0000] {dag.py:3696} INFO - Setting next_dagrun for tutorial_dag to None, run_after=None
[2023-09-17T12:40:29.295+0000] {processor.py:179} INFO - Processing /home/airflow/.local/lib/python3.8/site-packages/airflow/example_dags/tutorial_dag.py took 1.054 seconds
[2023-09-17T12:40:59.403+0000] {processor.py:157} INFO - Started process (PID=88) to work on /home/airflow/.local/lib/python3.8/site-packages/airflow/example_dags/tutorial_dag.py
[2023-09-17T12:40:59.414+0000] {processor.py:829} INFO - Processing file /home/airflow/.local/lib/python3.8/site-packages/airflow/example_dags/tutorial_dag.py for tasks to queue
[2023-09-17T12:40:59.418+0000] {logging_mixin.py:151} INFO - [2023-09-17T12:40:59.417+0000] {dagbag.py:539} INFO - Filling up the DagBag from /home/airflow/.local/lib/python3.8/site-packages/airflow/example_dags/tutorial_dag.py
[2023-09-17T12:40:59.427+0000] {processor.py:839} INFO - DAG(s) dict_keys(['tutorial_dag']) retrieved from /home/airflow/.local/lib/python3.8/site-packages/airflow/example_dags/tutorial_dag.py
[2023-09-17T12:40:59.455+0000] {logging_mixin.py:151} INFO - [2023-09-17T12:40:59.454+0000] {dag.py:2915} INFO - Sync 1 DAGs
[2023-09-17T12:40:59.479+0000] {logging_mixin.py:151} INFO - [2023-09-17T12:40:59.479+0000] {dag.py:3696} INFO - Setting next_dagrun for tutorial_dag to None, run_after=None
[2023-09-17T12:40:59.592+0000] {processor.py:179} INFO - Processing /home/airflow/.local/lib/python3.8/site-packages/airflow/example_dags/tutorial_dag.py took 0.192 seconds
[2023-09-17T12:41:29.728+0000] {processor.py:157} INFO - Started process (PID=143) to work on /home/airflow/.local/lib/python3.8/site-packages/airflow/example_dags/tutorial_dag.py
[2023-09-17T12:41:29.729+0000] {processor.py:829} INFO - Processing file /home/airflow/.local/lib/python3.8/site-packages/airflow/example_dags/tutorial_dag.py for tasks to queue
[2023-09-17T12:41:29.731+0000] {logging_mixin.py:151} INFO - [2023-09-17T12:41:29.731+0000] {dagbag.py:539} INFO - Filling up the DagBag from /home/airflow/.local/lib/python3.8/site-packages/airflow/example_dags/tutorial_dag.py
[2023-09-17T12:41:29.759+0000] {processor.py:839} INFO - DAG(s) dict_keys(['tutorial_dag']) retrieved from /home/airflow/.local/lib/python3.8/site-packages/airflow/example_dags/tutorial_dag.py
[2023-09-17T12:41:29.788+0000] {logging_mixin.py:151} INFO - [2023-09-17T12:41:29.788+0000] {dag.py:2915} INFO - Sync 1 DAGs
[2023-09-17T12:41:29.806+0000] {logging_mixin.py:151} INFO - [2023-09-17T12:41:29.806+0000] {dag.py:3696} INFO - Setting next_dagrun for tutorial_dag to None, run_after=None
[2023-09-17T12:41:29.840+0000] {processor.py:179} INFO - Processing /home/airflow/.local/lib/python3.8/site-packages/airflow/example_dags/tutorial_dag.py took 0.116 seconds
[2023-09-17T12:42:00.731+0000] {processor.py:157} INFO - Started process (PID=197) to work on /home/airflow/.local/lib/python3.8/site-packages/airflow/example_dags/tutorial_dag.py
[2023-09-17T12:42:00.779+0000] {processor.py:829} INFO - Processing file /home/airflow/.local/lib/python3.8/site-packages/airflow/example_dags/tutorial_dag.py for tasks to queue
[2023-09-17T12:42:00.783+0000] {logging_mixin.py:151} INFO - [2023-09-17T12:42:00.782+0000] {dagbag.py:539} INFO - Filling up the DagBag from /home/airflow/.local/lib/python3.8/site-packages/airflow/example_dags/tutorial_dag.py
[2023-09-17T12:42:00.790+0000] {processor.py:839} INFO - DAG(s) dict_keys(['tutorial_dag']) retrieved from /home/airflow/.local/lib/python3.8/site-packages/airflow/example_dags/tutorial_dag.py
[2023-09-17T12:42:00.820+0000] {logging_mixin.py:151} INFO - [2023-09-17T12:42:00.819+0000] {dag.py:2915} INFO - Sync 1 DAGs
[2023-09-17T12:42:00.841+0000] {logging_mixin.py:151} INFO - [2023-09-17T12:42:00.840+0000] {dag.py:3696} INFO - Setting next_dagrun for tutorial_dag to None, run_after=None
[2023-09-17T12:42:00.948+0000] {processor.py:179} INFO - Processing /home/airflow/.local/lib/python3.8/site-packages/airflow/example_dags/tutorial_dag.py took 0.222 seconds
[2023-09-17T12:42:31.054+0000] {processor.py:157} INFO - Started process (PID=251) to work on /home/airflow/.local/lib/python3.8/site-packages/airflow/example_dags/tutorial_dag.py
[2023-09-17T12:42:31.055+0000] {processor.py:829} INFO - Processing file /home/airflow/.local/lib/python3.8/site-packages/airflow/example_dags/tutorial_dag.py for tasks to queue
[2023-09-17T12:42:31.059+0000] {logging_mixin.py:151} INFO - [2023-09-17T12:42:31.058+0000] {dagbag.py:539} INFO - Filling up the DagBag from /home/airflow/.local/lib/python3.8/site-packages/airflow/example_dags/tutorial_dag.py
[2023-09-17T12:42:31.070+0000] {processor.py:839} INFO - DAG(s) dict_keys(['tutorial_dag']) retrieved from /home/airflow/.local/lib/python3.8/site-packages/airflow/example_dags/tutorial_dag.py
[2023-09-17T12:42:31.112+0000] {logging_mixin.py:151} INFO - [2023-09-17T12:42:31.111+0000] {dag.py:2915} INFO - Sync 1 DAGs
[2023-09-17T12:42:31.140+0000] {logging_mixin.py:151} INFO - [2023-09-17T12:42:31.139+0000] {dag.py:3696} INFO - Setting next_dagrun for tutorial_dag to None, run_after=None
[2023-09-17T12:42:31.192+0000] {processor.py:179} INFO - Processing /home/airflow/.local/lib/python3.8/site-packages/airflow/example_dags/tutorial_dag.py took 0.144 seconds
[2023-09-17T12:43:02.032+0000] {processor.py:157} INFO - Started process (PID=306) to work on /home/airflow/.local/lib/python3.8/site-packages/airflow/example_dags/tutorial_dag.py
[2023-09-17T12:43:02.050+0000] {processor.py:829} INFO - Processing file /home/airflow/.local/lib/python3.8/site-packages/airflow/example_dags/tutorial_dag.py for tasks to queue
[2023-09-17T12:43:02.058+0000] {logging_mixin.py:151} INFO - [2023-09-17T12:43:02.057+0000] {dagbag.py:539} INFO - Filling up the DagBag from /home/airflow/.local/lib/python3.8/site-packages/airflow/example_dags/tutorial_dag.py
[2023-09-17T12:43:02.080+0000] {processor.py:839} INFO - DAG(s) dict_keys(['tutorial_dag']) retrieved from /home/airflow/.local/lib/python3.8/site-packages/airflow/example_dags/tutorial_dag.py
[2023-09-17T12:43:02.176+0000] {logging_mixin.py:151} INFO - [2023-09-17T12:43:02.175+0000] {dag.py:2915} INFO - Sync 1 DAGs
[2023-09-17T12:43:02.206+0000] {logging_mixin.py:151} INFO - [2023-09-17T12:43:02.205+0000] {dag.py:3696} INFO - Setting next_dagrun for tutorial_dag to None, run_after=None
[2023-09-17T12:43:02.266+0000] {processor.py:179} INFO - Processing /home/airflow/.local/lib/python3.8/site-packages/airflow/example_dags/tutorial_dag.py took 0.243 seconds
[2023-09-17T12:43:32.300+0000] {processor.py:157} INFO - Started process (PID=360) to work on /home/airflow/.local/lib/python3.8/site-packages/airflow/example_dags/tutorial_dag.py
[2023-09-17T12:43:32.319+0000] {processor.py:829} INFO - Processing file /home/airflow/.local/lib/python3.8/site-packages/airflow/example_dags/tutorial_dag.py for tasks to queue
[2023-09-17T12:43:32.324+0000] {logging_mixin.py:151} INFO - [2023-09-17T12:43:32.323+0000] {dagbag.py:539} INFO - Filling up the DagBag from /home/airflow/.local/lib/python3.8/site-packages/airflow/example_dags/tutorial_dag.py
[2023-09-17T12:43:32.331+0000] {processor.py:839} INFO - DAG(s) dict_keys(['tutorial_dag']) retrieved from /home/airflow/.local/lib/python3.8/site-packages/airflow/example_dags/tutorial_dag.py
[2023-09-17T12:43:32.356+0000] {logging_mixin.py:151} INFO - [2023-09-17T12:43:32.355+0000] {dag.py:2915} INFO - Sync 1 DAGs
[2023-09-17T12:43:32.372+0000] {logging_mixin.py:151} INFO - [2023-09-17T12:43:32.372+0000] {dag.py:3696} INFO - Setting next_dagrun for tutorial_dag to None, run_after=None
[2023-09-17T12:43:32.413+0000] {processor.py:179} INFO - Processing /home/airflow/.local/lib/python3.8/site-packages/airflow/example_dags/tutorial_dag.py took 0.118 seconds
[2023-09-17T12:44:02.686+0000] {processor.py:157} INFO - Started process (PID=416) to work on /home/airflow/.local/lib/python3.8/site-packages/airflow/example_dags/tutorial_dag.py
[2023-09-17T12:44:02.687+0000] {processor.py:829} INFO - Processing file /home/airflow/.local/lib/python3.8/site-packages/airflow/example_dags/tutorial_dag.py for tasks to queue
[2023-09-17T12:44:02.690+0000] {logging_mixin.py:151} INFO - [2023-09-17T12:44:02.689+0000] {dagbag.py:539} INFO - Filling up the DagBag from /home/airflow/.local/lib/python3.8/site-packages/airflow/example_dags/tutorial_dag.py
[2023-09-17T12:44:02.696+0000] {processor.py:839} INFO - DAG(s) dict_keys(['tutorial_dag']) retrieved from /home/airflow/.local/lib/python3.8/site-packages/airflow/example_dags/tutorial_dag.py
[2023-09-17T12:44:02.723+0000] {logging_mixin.py:151} INFO - [2023-09-17T12:44:02.722+0000] {dag.py:2915} INFO - Sync 1 DAGs
[2023-09-17T12:44:02.740+0000] {logging_mixin.py:151} INFO - [2023-09-17T12:44:02.740+0000] {dag.py:3696} INFO - Setting next_dagrun for tutorial_dag to None, run_after=None
[2023-09-17T12:44:02.779+0000] {processor.py:179} INFO - Processing /home/airflow/.local/lib/python3.8/site-packages/airflow/example_dags/tutorial_dag.py took 0.097 seconds
[2023-09-17T12:44:32.937+0000] {processor.py:157} INFO - Started process (PID=472) to work on /home/airflow/.local/lib/python3.8/site-packages/airflow/example_dags/tutorial_dag.py
[2023-09-17T12:44:32.938+0000] {processor.py:829} INFO - Processing file /home/airflow/.local/lib/python3.8/site-packages/airflow/example_dags/tutorial_dag.py for tasks to queue
[2023-09-17T12:44:32.940+0000] {logging_mixin.py:151} INFO - [2023-09-17T12:44:32.940+0000] {dagbag.py:539} INFO - Filling up the DagBag from /home/airflow/.local/lib/python3.8/site-packages/airflow/example_dags/tutorial_dag.py
[2023-09-17T12:44:32.948+0000] {processor.py:839} INFO - DAG(s) dict_keys(['tutorial_dag']) retrieved from /home/airflow/.local/lib/python3.8/site-packages/airflow/example_dags/tutorial_dag.py
[2023-09-17T12:44:32.979+0000] {logging_mixin.py:151} INFO - [2023-09-17T12:44:32.979+0000] {dag.py:2915} INFO - Sync 1 DAGs
[2023-09-17T12:44:32.999+0000] {logging_mixin.py:151} INFO - [2023-09-17T12:44:32.999+0000] {dag.py:3696} INFO - Setting next_dagrun for tutorial_dag to None, run_after=None
[2023-09-17T12:44:33.044+0000] {processor.py:179} INFO - Processing /home/airflow/.local/lib/python3.8/site-packages/airflow/example_dags/tutorial_dag.py took 0.111 seconds
[2023-09-17T12:45:03.524+0000] {processor.py:157} INFO - Started process (PID=527) to work on /home/airflow/.local/lib/python3.8/site-packages/airflow/example_dags/tutorial_dag.py
[2023-09-17T12:45:03.525+0000] {processor.py:829} INFO - Processing file /home/airflow/.local/lib/python3.8/site-packages/airflow/example_dags/tutorial_dag.py for tasks to queue
[2023-09-17T12:45:03.527+0000] {logging_mixin.py:151} INFO - [2023-09-17T12:45:03.527+0000] {dagbag.py:539} INFO - Filling up the DagBag from /home/airflow/.local/lib/python3.8/site-packages/airflow/example_dags/tutorial_dag.py
[2023-09-17T12:45:03.535+0000] {processor.py:839} INFO - DAG(s) dict_keys(['tutorial_dag']) retrieved from /home/airflow/.local/lib/python3.8/site-packages/airflow/example_dags/tutorial_dag.py
[2023-09-17T12:45:03.562+0000] {logging_mixin.py:151} INFO - [2023-09-17T12:45:03.561+0000] {dag.py:2915} INFO - Sync 1 DAGs
[2023-09-17T12:45:03.582+0000] {logging_mixin.py:151} INFO - [2023-09-17T12:45:03.581+0000] {dag.py:3696} INFO - Setting next_dagrun for tutorial_dag to None, run_after=None
[2023-09-17T12:45:03.624+0000] {processor.py:179} INFO - Processing /home/airflow/.local/lib/python3.8/site-packages/airflow/example_dags/tutorial_dag.py took 0.104 seconds
[2023-09-17T12:45:33.770+0000] {processor.py:157} INFO - Started process (PID=582) to work on /home/airflow/.local/lib/python3.8/site-packages/airflow/example_dags/tutorial_dag.py
[2023-09-17T12:45:33.870+0000] {processor.py:829} INFO - Processing file /home/airflow/.local/lib/python3.8/site-packages/airflow/example_dags/tutorial_dag.py for tasks to queue
[2023-09-17T12:45:33.882+0000] {logging_mixin.py:151} INFO - [2023-09-17T12:45:33.881+0000] {dagbag.py:539} INFO - Filling up the DagBag from /home/airflow/.local/lib/python3.8/site-packages/airflow/example_dags/tutorial_dag.py
[2023-09-17T12:45:33.899+0000] {processor.py:839} INFO - DAG(s) dict_keys(['tutorial_dag']) retrieved from /home/airflow/.local/lib/python3.8/site-packages/airflow/example_dags/tutorial_dag.py
[2023-09-17T12:45:33.934+0000] {logging_mixin.py:151} INFO - [2023-09-17T12:45:33.933+0000] {dag.py:2915} INFO - Sync 1 DAGs
[2023-09-17T12:45:33.958+0000] {logging_mixin.py:151} INFO - [2023-09-17T12:45:33.958+0000] {dag.py:3696} INFO - Setting next_dagrun for tutorial_dag to None, run_after=None
[2023-09-17T12:45:34.036+0000] {processor.py:179} INFO - Processing /home/airflow/.local/lib/python3.8/site-packages/airflow/example_dags/tutorial_dag.py took 0.270 seconds
[2023-09-17T12:46:04.186+0000] {processor.py:157} INFO - Started process (PID=643) to work on /home/airflow/.local/lib/python3.8/site-packages/airflow/example_dags/tutorial_dag.py
[2023-09-17T12:46:04.190+0000] {processor.py:829} INFO - Processing file /home/airflow/.local/lib/python3.8/site-packages/airflow/example_dags/tutorial_dag.py for tasks to queue
[2023-09-17T12:46:04.194+0000] {logging_mixin.py:151} INFO - [2023-09-17T12:46:04.194+0000] {dagbag.py:539} INFO - Filling up the DagBag from /home/airflow/.local/lib/python3.8/site-packages/airflow/example_dags/tutorial_dag.py
[2023-09-17T12:46:04.211+0000] {processor.py:839} INFO - DAG(s) dict_keys(['tutorial_dag']) retrieved from /home/airflow/.local/lib/python3.8/site-packages/airflow/example_dags/tutorial_dag.py
[2023-09-17T12:46:04.267+0000] {logging_mixin.py:151} INFO - [2023-09-17T12:46:04.267+0000] {dag.py:2915} INFO - Sync 1 DAGs
[2023-09-17T12:46:04.296+0000] {logging_mixin.py:151} INFO - [2023-09-17T12:46:04.295+0000] {dag.py:3696} INFO - Setting next_dagrun for tutorial_dag to None, run_after=None
[2023-09-17T12:46:04.412+0000] {processor.py:179} INFO - Processing /home/airflow/.local/lib/python3.8/site-packages/airflow/example_dags/tutorial_dag.py took 0.232 seconds
[2023-09-17T12:46:34.667+0000] {processor.py:157} INFO - Started process (PID=698) to work on /home/airflow/.local/lib/python3.8/site-packages/airflow/example_dags/tutorial_dag.py
[2023-09-17T12:46:34.723+0000] {processor.py:829} INFO - Processing file /home/airflow/.local/lib/python3.8/site-packages/airflow/example_dags/tutorial_dag.py for tasks to queue
[2023-09-17T12:46:34.730+0000] {logging_mixin.py:151} INFO - [2023-09-17T12:46:34.729+0000] {dagbag.py:539} INFO - Filling up the DagBag from /home/airflow/.local/lib/python3.8/site-packages/airflow/example_dags/tutorial_dag.py
[2023-09-17T12:46:34.760+0000] {processor.py:839} INFO - DAG(s) dict_keys(['tutorial_dag']) retrieved from /home/airflow/.local/lib/python3.8/site-packages/airflow/example_dags/tutorial_dag.py
[2023-09-17T12:46:34.848+0000] {logging_mixin.py:151} INFO - [2023-09-17T12:46:34.847+0000] {dag.py:2915} INFO - Sync 1 DAGs
[2023-09-17T12:46:34.903+0000] {logging_mixin.py:151} INFO - [2023-09-17T12:46:34.902+0000] {dag.py:3696} INFO - Setting next_dagrun for tutorial_dag to None, run_after=None
[2023-09-17T12:46:34.959+0000] {processor.py:179} INFO - Processing /home/airflow/.local/lib/python3.8/site-packages/airflow/example_dags/tutorial_dag.py took 0.300 seconds
[2023-09-17T12:47:05.320+0000] {processor.py:157} INFO - Started process (PID=756) to work on /home/airflow/.local/lib/python3.8/site-packages/airflow/example_dags/tutorial_dag.py
[2023-09-17T12:47:05.368+0000] {processor.py:829} INFO - Processing file /home/airflow/.local/lib/python3.8/site-packages/airflow/example_dags/tutorial_dag.py for tasks to queue
[2023-09-17T12:47:05.373+0000] {logging_mixin.py:151} INFO - [2023-09-17T12:47:05.371+0000] {dagbag.py:539} INFO - Filling up the DagBag from /home/airflow/.local/lib/python3.8/site-packages/airflow/example_dags/tutorial_dag.py
[2023-09-17T12:47:05.405+0000] {processor.py:839} INFO - DAG(s) dict_keys(['tutorial_dag']) retrieved from /home/airflow/.local/lib/python3.8/site-packages/airflow/example_dags/tutorial_dag.py
[2023-09-17T12:47:05.503+0000] {logging_mixin.py:151} INFO - [2023-09-17T12:47:05.502+0000] {dag.py:2915} INFO - Sync 1 DAGs
[2023-09-17T12:47:05.634+0000] {logging_mixin.py:151} INFO - [2023-09-17T12:47:05.634+0000] {dag.py:3696} INFO - Setting next_dagrun for tutorial_dag to None, run_after=None
[2023-09-17T12:47:05.828+0000] {processor.py:179} INFO - Processing /home/airflow/.local/lib/python3.8/site-packages/airflow/example_dags/tutorial_dag.py took 0.511 seconds
[2023-09-17T12:47:35.894+0000] {processor.py:157} INFO - Started process (PID=810) to work on /home/airflow/.local/lib/python3.8/site-packages/airflow/example_dags/tutorial_dag.py
[2023-09-17T12:47:36.130+0000] {processor.py:829} INFO - Processing file /home/airflow/.local/lib/python3.8/site-packages/airflow/example_dags/tutorial_dag.py for tasks to queue
[2023-09-17T12:47:36.134+0000] {logging_mixin.py:151} INFO - [2023-09-17T12:47:36.134+0000] {dagbag.py:539} INFO - Filling up the DagBag from /home/airflow/.local/lib/python3.8/site-packages/airflow/example_dags/tutorial_dag.py
[2023-09-17T12:47:36.149+0000] {processor.py:839} INFO - DAG(s) dict_keys(['tutorial_dag']) retrieved from /home/airflow/.local/lib/python3.8/site-packages/airflow/example_dags/tutorial_dag.py
[2023-09-17T12:47:36.195+0000] {logging_mixin.py:151} INFO - [2023-09-17T12:47:36.194+0000] {dag.py:2915} INFO - Sync 1 DAGs
[2023-09-17T12:47:36.224+0000] {logging_mixin.py:151} INFO - [2023-09-17T12:47:36.223+0000] {dag.py:3696} INFO - Setting next_dagrun for tutorial_dag to None, run_after=None
[2023-09-17T12:47:36.330+0000] {processor.py:179} INFO - Processing /home/airflow/.local/lib/python3.8/site-packages/airflow/example_dags/tutorial_dag.py took 0.441 seconds
[2023-09-17T12:48:07.328+0000] {processor.py:157} INFO - Started process (PID=865) to work on /home/airflow/.local/lib/python3.8/site-packages/airflow/example_dags/tutorial_dag.py
[2023-09-17T12:48:07.330+0000] {processor.py:829} INFO - Processing file /home/airflow/.local/lib/python3.8/site-packages/airflow/example_dags/tutorial_dag.py for tasks to queue
[2023-09-17T12:48:07.333+0000] {logging_mixin.py:151} INFO - [2023-09-17T12:48:07.333+0000] {dagbag.py:539} INFO - Filling up the DagBag from /home/airflow/.local/lib/python3.8/site-packages/airflow/example_dags/tutorial_dag.py
[2023-09-17T12:48:07.344+0000] {processor.py:839} INFO - DAG(s) dict_keys(['tutorial_dag']) retrieved from /home/airflow/.local/lib/python3.8/site-packages/airflow/example_dags/tutorial_dag.py
[2023-09-17T12:48:07.390+0000] {logging_mixin.py:151} INFO - [2023-09-17T12:48:07.390+0000] {dag.py:2915} INFO - Sync 1 DAGs
[2023-09-17T12:48:07.420+0000] {logging_mixin.py:151} INFO - [2023-09-17T12:48:07.419+0000] {dag.py:3696} INFO - Setting next_dagrun for tutorial_dag to None, run_after=None
[2023-09-17T12:48:07.487+0000] {processor.py:179} INFO - Processing /home/airflow/.local/lib/python3.8/site-packages/airflow/example_dags/tutorial_dag.py took 0.164 seconds
[2023-09-17T12:48:37.851+0000] {processor.py:157} INFO - Started process (PID=920) to work on /home/airflow/.local/lib/python3.8/site-packages/airflow/example_dags/tutorial_dag.py
[2023-09-17T12:48:37.852+0000] {processor.py:829} INFO - Processing file /home/airflow/.local/lib/python3.8/site-packages/airflow/example_dags/tutorial_dag.py for tasks to queue
[2023-09-17T12:48:37.856+0000] {logging_mixin.py:151} INFO - [2023-09-17T12:48:37.855+0000] {dagbag.py:539} INFO - Filling up the DagBag from /home/airflow/.local/lib/python3.8/site-packages/airflow/example_dags/tutorial_dag.py
[2023-09-17T12:48:37.866+0000] {processor.py:839} INFO - DAG(s) dict_keys(['tutorial_dag']) retrieved from /home/airflow/.local/lib/python3.8/site-packages/airflow/example_dags/tutorial_dag.py
[2023-09-17T12:48:37.900+0000] {logging_mixin.py:151} INFO - [2023-09-17T12:48:37.899+0000] {dag.py:2915} INFO - Sync 1 DAGs
[2023-09-17T12:48:37.927+0000] {logging_mixin.py:151} INFO - [2023-09-17T12:48:37.927+0000] {dag.py:3696} INFO - Setting next_dagrun for tutorial_dag to None, run_after=None
[2023-09-17T12:48:37.976+0000] {processor.py:179} INFO - Processing /home/airflow/.local/lib/python3.8/site-packages/airflow/example_dags/tutorial_dag.py took 0.129 seconds
[2023-09-17T12:49:08.631+0000] {processor.py:157} INFO - Started process (PID=976) to work on /home/airflow/.local/lib/python3.8/site-packages/airflow/example_dags/tutorial_dag.py
[2023-09-17T12:49:08.644+0000] {processor.py:829} INFO - Processing file /home/airflow/.local/lib/python3.8/site-packages/airflow/example_dags/tutorial_dag.py for tasks to queue
[2023-09-17T12:49:08.647+0000] {logging_mixin.py:151} INFO - [2023-09-17T12:49:08.647+0000] {dagbag.py:539} INFO - Filling up the DagBag from /home/airflow/.local/lib/python3.8/site-packages/airflow/example_dags/tutorial_dag.py
[2023-09-17T12:49:08.656+0000] {processor.py:839} INFO - DAG(s) dict_keys(['tutorial_dag']) retrieved from /home/airflow/.local/lib/python3.8/site-packages/airflow/example_dags/tutorial_dag.py
[2023-09-17T12:49:08.701+0000] {logging_mixin.py:151} INFO - [2023-09-17T12:49:08.700+0000] {dag.py:2915} INFO - Sync 1 DAGs
[2023-09-17T12:49:08.725+0000] {logging_mixin.py:151} INFO - [2023-09-17T12:49:08.725+0000] {dag.py:3696} INFO - Setting next_dagrun for tutorial_dag to None, run_after=None
[2023-09-17T12:49:08.784+0000] {processor.py:179} INFO - Processing /home/airflow/.local/lib/python3.8/site-packages/airflow/example_dags/tutorial_dag.py took 0.159 seconds
[2023-09-17T12:49:39.062+0000] {processor.py:157} INFO - Started process (PID=1031) to work on /home/airflow/.local/lib/python3.8/site-packages/airflow/example_dags/tutorial_dag.py
[2023-09-17T12:49:39.064+0000] {processor.py:829} INFO - Processing file /home/airflow/.local/lib/python3.8/site-packages/airflow/example_dags/tutorial_dag.py for tasks to queue
[2023-09-17T12:49:39.068+0000] {logging_mixin.py:151} INFO - [2023-09-17T12:49:39.068+0000] {dagbag.py:539} INFO - Filling up the DagBag from /home/airflow/.local/lib/python3.8/site-packages/airflow/example_dags/tutorial_dag.py
[2023-09-17T12:49:39.084+0000] {processor.py:839} INFO - DAG(s) dict_keys(['tutorial_dag']) retrieved from /home/airflow/.local/lib/python3.8/site-packages/airflow/example_dags/tutorial_dag.py
[2023-09-17T12:49:39.114+0000] {logging_mixin.py:151} INFO - [2023-09-17T12:49:39.114+0000] {dag.py:2915} INFO - Sync 1 DAGs
[2023-09-17T12:49:39.136+0000] {logging_mixin.py:151} INFO - [2023-09-17T12:49:39.136+0000] {dag.py:3696} INFO - Setting next_dagrun for tutorial_dag to None, run_after=None
[2023-09-17T12:49:39.192+0000] {processor.py:179} INFO - Processing /home/airflow/.local/lib/python3.8/site-packages/airflow/example_dags/tutorial_dag.py took 0.139 seconds
[2023-09-17T12:50:10.133+0000] {processor.py:157} INFO - Started process (PID=1086) to work on /home/airflow/.local/lib/python3.8/site-packages/airflow/example_dags/tutorial_dag.py
[2023-09-17T12:50:10.134+0000] {processor.py:829} INFO - Processing file /home/airflow/.local/lib/python3.8/site-packages/airflow/example_dags/tutorial_dag.py for tasks to queue
[2023-09-17T12:50:10.136+0000] {logging_mixin.py:151} INFO - [2023-09-17T12:50:10.136+0000] {dagbag.py:539} INFO - Filling up the DagBag from /home/airflow/.local/lib/python3.8/site-packages/airflow/example_dags/tutorial_dag.py
[2023-09-17T12:50:10.144+0000] {processor.py:839} INFO - DAG(s) dict_keys(['tutorial_dag']) retrieved from /home/airflow/.local/lib/python3.8/site-packages/airflow/example_dags/tutorial_dag.py
[2023-09-17T12:50:10.172+0000] {logging_mixin.py:151} INFO - [2023-09-17T12:50:10.172+0000] {dag.py:2915} INFO - Sync 1 DAGs
[2023-09-17T12:50:10.192+0000] {logging_mixin.py:151} INFO - [2023-09-17T12:50:10.192+0000] {dag.py:3696} INFO - Setting next_dagrun for tutorial_dag to None, run_after=None
[2023-09-17T12:50:10.239+0000] {processor.py:179} INFO - Processing /home/airflow/.local/lib/python3.8/site-packages/airflow/example_dags/tutorial_dag.py took 0.111 seconds
[2023-09-17T12:50:41.114+0000] {processor.py:157} INFO - Started process (PID=1141) to work on /home/airflow/.local/lib/python3.8/site-packages/airflow/example_dags/tutorial_dag.py
[2023-09-17T12:50:41.127+0000] {processor.py:829} INFO - Processing file /home/airflow/.local/lib/python3.8/site-packages/airflow/example_dags/tutorial_dag.py for tasks to queue
[2023-09-17T12:50:41.146+0000] {logging_mixin.py:151} INFO - [2023-09-17T12:50:41.145+0000] {dagbag.py:539} INFO - Filling up the DagBag from /home/airflow/.local/lib/python3.8/site-packages/airflow/example_dags/tutorial_dag.py
[2023-09-17T12:50:41.178+0000] {processor.py:839} INFO - DAG(s) dict_keys(['tutorial_dag']) retrieved from /home/airflow/.local/lib/python3.8/site-packages/airflow/example_dags/tutorial_dag.py
[2023-09-17T12:50:41.260+0000] {logging_mixin.py:151} INFO - [2023-09-17T12:50:41.260+0000] {dag.py:2915} INFO - Sync 1 DAGs
[2023-09-17T12:50:41.317+0000] {logging_mixin.py:151} INFO - [2023-09-17T12:50:41.310+0000] {dag.py:3696} INFO - Setting next_dagrun for tutorial_dag to None, run_after=None
[2023-09-17T12:50:41.449+0000] {processor.py:179} INFO - Processing /home/airflow/.local/lib/python3.8/site-packages/airflow/example_dags/tutorial_dag.py took 0.348 seconds
[2023-09-17T12:51:11.543+0000] {processor.py:157} INFO - Started process (PID=1194) to work on /home/airflow/.local/lib/python3.8/site-packages/airflow/example_dags/tutorial_dag.py
[2023-09-17T12:51:11.544+0000] {processor.py:829} INFO - Processing file /home/airflow/.local/lib/python3.8/site-packages/airflow/example_dags/tutorial_dag.py for tasks to queue
[2023-09-17T12:51:11.551+0000] {logging_mixin.py:151} INFO - [2023-09-17T12:51:11.550+0000] {dagbag.py:539} INFO - Filling up the DagBag from /home/airflow/.local/lib/python3.8/site-packages/airflow/example_dags/tutorial_dag.py
[2023-09-17T12:51:11.561+0000] {processor.py:839} INFO - DAG(s) dict_keys(['tutorial_dag']) retrieved from /home/airflow/.local/lib/python3.8/site-packages/airflow/example_dags/tutorial_dag.py
[2023-09-17T12:51:11.620+0000] {logging_mixin.py:151} INFO - [2023-09-17T12:51:11.619+0000] {dag.py:2915} INFO - Sync 1 DAGs
[2023-09-17T12:51:11.687+0000] {logging_mixin.py:151} INFO - [2023-09-17T12:51:11.687+0000] {dag.py:3696} INFO - Setting next_dagrun for tutorial_dag to None, run_after=None
[2023-09-17T12:51:11.855+0000] {processor.py:179} INFO - Processing /home/airflow/.local/lib/python3.8/site-packages/airflow/example_dags/tutorial_dag.py took 0.317 seconds
[2023-09-17T12:51:42.299+0000] {processor.py:157} INFO - Started process (PID=1249) to work on /home/airflow/.local/lib/python3.8/site-packages/airflow/example_dags/tutorial_dag.py
[2023-09-17T12:51:42.307+0000] {processor.py:829} INFO - Processing file /home/airflow/.local/lib/python3.8/site-packages/airflow/example_dags/tutorial_dag.py for tasks to queue
[2023-09-17T12:51:42.310+0000] {logging_mixin.py:151} INFO - [2023-09-17T12:51:42.310+0000] {dagbag.py:539} INFO - Filling up the DagBag from /home/airflow/.local/lib/python3.8/site-packages/airflow/example_dags/tutorial_dag.py
[2023-09-17T12:51:42.323+0000] {processor.py:839} INFO - DAG(s) dict_keys(['tutorial_dag']) retrieved from /home/airflow/.local/lib/python3.8/site-packages/airflow/example_dags/tutorial_dag.py
[2023-09-17T12:51:42.377+0000] {logging_mixin.py:151} INFO - [2023-09-17T12:51:42.377+0000] {dag.py:2915} INFO - Sync 1 DAGs
[2023-09-17T12:51:42.425+0000] {logging_mixin.py:151} INFO - [2023-09-17T12:51:42.425+0000] {dag.py:3696} INFO - Setting next_dagrun for tutorial_dag to None, run_after=None
[2023-09-17T12:51:42.507+0000] {processor.py:179} INFO - Processing /home/airflow/.local/lib/python3.8/site-packages/airflow/example_dags/tutorial_dag.py took 0.216 seconds
[2023-09-17T12:52:13.206+0000] {processor.py:157} INFO - Started process (PID=1305) to work on /home/airflow/.local/lib/python3.8/site-packages/airflow/example_dags/tutorial_dag.py
[2023-09-17T12:52:13.213+0000] {processor.py:829} INFO - Processing file /home/airflow/.local/lib/python3.8/site-packages/airflow/example_dags/tutorial_dag.py for tasks to queue
[2023-09-17T12:52:13.217+0000] {logging_mixin.py:151} INFO - [2023-09-17T12:52:13.216+0000] {dagbag.py:539} INFO - Filling up the DagBag from /home/airflow/.local/lib/python3.8/site-packages/airflow/example_dags/tutorial_dag.py
[2023-09-17T12:52:13.230+0000] {processor.py:839} INFO - DAG(s) dict_keys(['tutorial_dag']) retrieved from /home/airflow/.local/lib/python3.8/site-packages/airflow/example_dags/tutorial_dag.py
[2023-09-17T12:52:13.309+0000] {logging_mixin.py:151} INFO - [2023-09-17T12:52:13.308+0000] {dag.py:2915} INFO - Sync 1 DAGs
[2023-09-17T12:52:13.356+0000] {logging_mixin.py:151} INFO - [2023-09-17T12:52:13.355+0000] {dag.py:3696} INFO - Setting next_dagrun for tutorial_dag to None, run_after=None
[2023-09-17T12:52:13.448+0000] {processor.py:179} INFO - Processing /home/airflow/.local/lib/python3.8/site-packages/airflow/example_dags/tutorial_dag.py took 0.250 seconds
[2023-09-17T12:52:43.595+0000] {processor.py:157} INFO - Started process (PID=1360) to work on /home/airflow/.local/lib/python3.8/site-packages/airflow/example_dags/tutorial_dag.py
[2023-09-17T12:52:43.596+0000] {processor.py:829} INFO - Processing file /home/airflow/.local/lib/python3.8/site-packages/airflow/example_dags/tutorial_dag.py for tasks to queue
[2023-09-17T12:52:43.604+0000] {logging_mixin.py:151} INFO - [2023-09-17T12:52:43.602+0000] {dagbag.py:539} INFO - Filling up the DagBag from /home/airflow/.local/lib/python3.8/site-packages/airflow/example_dags/tutorial_dag.py
[2023-09-17T12:52:43.619+0000] {processor.py:839} INFO - DAG(s) dict_keys(['tutorial_dag']) retrieved from /home/airflow/.local/lib/python3.8/site-packages/airflow/example_dags/tutorial_dag.py
[2023-09-17T12:52:43.663+0000] {logging_mixin.py:151} INFO - [2023-09-17T12:52:43.663+0000] {dag.py:2915} INFO - Sync 1 DAGs
[2023-09-17T12:52:43.693+0000] {logging_mixin.py:151} INFO - [2023-09-17T12:52:43.693+0000] {dag.py:3696} INFO - Setting next_dagrun for tutorial_dag to None, run_after=None
[2023-09-17T12:52:43.744+0000] {processor.py:179} INFO - Processing /home/airflow/.local/lib/python3.8/site-packages/airflow/example_dags/tutorial_dag.py took 0.155 seconds
