[2023-09-21T08:42:54.021+0000] {taskinstance.py:1157} INFO - Dependencies all met for dep_context=non-requeueable deps ti=<TaskInstance: main_dag.install_dbt_deps manual__2023-09-21T08:41:38.110499+00:00 [queued]>
[2023-09-21T08:42:54.035+0000] {taskinstance.py:1157} INFO - Dependencies all met for dep_context=requeueable deps ti=<TaskInstance: main_dag.install_dbt_deps manual__2023-09-21T08:41:38.110499+00:00 [queued]>
[2023-09-21T08:42:54.035+0000] {taskinstance.py:1359} INFO - Starting attempt 1 of 1
[2023-09-21T08:42:54.060+0000] {taskinstance.py:1380} INFO - Executing <Task(BashOperator): install_dbt_deps> on 2023-09-21 08:41:38.110499+00:00
[2023-09-21T08:42:54.068+0000] {standard_task_runner.py:57} INFO - Started process 491 to run task
[2023-09-21T08:42:54.071+0000] {standard_task_runner.py:84} INFO - Running: ['***', 'tasks', 'run', 'main_dag', 'install_dbt_deps', 'manual__2023-09-21T08:41:38.110499+00:00', '--job-id', '16', '--raw', '--subdir', 'DAGS_FOLDER/main_dag.py', '--cfg-path', '/tmp/tmp25xoqbsz']
[2023-09-21T08:42:54.074+0000] {standard_task_runner.py:85} INFO - Job 16: Subtask install_dbt_deps
[2023-09-21T08:42:54.147+0000] {task_command.py:415} INFO - Running <TaskInstance: main_dag.install_dbt_deps manual__2023-09-21T08:41:38.110499+00:00 [running]> on host efc7e3a30856
[2023-09-21T08:42:54.303+0000] {taskinstance.py:1660} INFO - Exporting env vars: AIRFLOW_CTX_DAG_OWNER='***' AIRFLOW_CTX_DAG_ID='main_dag' AIRFLOW_CTX_TASK_ID='install_dbt_deps' AIRFLOW_CTX_EXECUTION_DATE='2023-09-21T08:41:38.110499+00:00' AIRFLOW_CTX_TRY_NUMBER='1' AIRFLOW_CTX_DAG_RUN_ID='manual__2023-09-21T08:41:38.110499+00:00'
[2023-09-21T08:42:54.307+0000] {subprocess.py:63} INFO - Tmp dir root location: /tmp
[2023-09-21T08:42:54.307+0000] {subprocess.py:75} INFO - Running command: ['/bin/bash', '-c', 'dbt deps --profiles-dir /.dbt --project-dir /dbt_project']
[2023-09-21T08:42:54.325+0000] {subprocess.py:86} INFO - Output:
[2023-09-21T08:42:58.927+0000] {subprocess.py:93} INFO - [0m08:42:58  Running with dbt=1.5.3
[2023-09-21T08:43:00.822+0000] {subprocess.py:93} INFO - [0m08:43:00  Installing dbt-labs/dbt_utils
[2023-09-21T08:43:01.753+0000] {subprocess.py:93} INFO - [0m08:43:01  Installed from version 0.8.0
[2023-09-21T08:43:01.754+0000] {subprocess.py:93} INFO - [0m08:43:01  Updated version available: 1.1.1
[2023-09-21T08:43:01.756+0000] {subprocess.py:93} INFO - [0m08:43:01  Installing calogica/dbt_expectations
[2023-09-21T08:43:04.830+0000] {subprocess.py:93} INFO - [0m08:43:04  Installed from version 0.8.5
[2023-09-21T08:43:04.833+0000] {subprocess.py:93} INFO - [0m08:43:04  Updated version available: 0.10.0
[2023-09-21T08:43:04.835+0000] {subprocess.py:93} INFO - [0m08:43:04  Installing calogica/dbt_date
[2023-09-21T08:43:05.470+0000] {subprocess.py:93} INFO - [0m08:43:05  Installed from version 0.7.2
[2023-09-21T08:43:05.471+0000] {subprocess.py:93} INFO - [0m08:43:05  Updated version available: 0.9.1
[2023-09-21T08:43:05.473+0000] {subprocess.py:93} INFO - [0m08:43:05
[2023-09-21T08:43:05.474+0000] {subprocess.py:93} INFO - [0m08:43:05  Updates available for packages: ['dbt-labs/dbt_utils', 'calogica/dbt_expectations', 'calogica/dbt_date']
[2023-09-21T08:43:05.474+0000] {subprocess.py:93} INFO - Update your versions in packages.yml, then run dbt deps
[2023-09-21T08:43:08.101+0000] {subprocess.py:97} INFO - Command exited with return code 0
[2023-09-21T08:43:08.146+0000] {taskinstance.py:1398} INFO - Marking task as SUCCESS. dag_id=main_dag, task_id=install_dbt_deps, execution_date=20230921T084138, start_date=20230921T084254, end_date=20230921T084308
[2023-09-21T08:43:08.195+0000] {local_task_job_runner.py:228} INFO - Task exited with return code 0
[2023-09-21T08:43:08.240+0000] {taskinstance.py:2776} INFO - 1 downstream tasks scheduled from follow-on schedule check
