[2023-09-21T05:41:17.647+0000] {taskinstance.py:1157} INFO - Dependencies all met for dep_context=non-requeueable deps ti=<TaskInstance: main_dag.install_dbt_deps manual__2023-09-21T05:40:57.944647+00:00 [queued]>
[2023-09-21T05:41:17.661+0000] {taskinstance.py:1157} INFO - Dependencies all met for dep_context=requeueable deps ti=<TaskInstance: main_dag.install_dbt_deps manual__2023-09-21T05:40:57.944647+00:00 [queued]>
[2023-09-21T05:41:17.662+0000] {taskinstance.py:1359} INFO - Starting attempt 1 of 1
[2023-09-21T05:41:17.694+0000] {taskinstance.py:1380} INFO - Executing <Task(BashOperator): install_dbt_deps> on 2023-09-21 05:40:57.944647+00:00
[2023-09-21T05:41:17.702+0000] {standard_task_runner.py:57} INFO - Started process 210 to run task
[2023-09-21T05:41:17.706+0000] {standard_task_runner.py:84} INFO - Running: ['***', 'tasks', 'run', 'main_dag', 'install_dbt_deps', 'manual__2023-09-21T05:40:57.944647+00:00', '--job-id', '52', '--raw', '--subdir', 'DAGS_FOLDER/main_dag.py', '--cfg-path', '/tmp/tmpka4391wa']
[2023-09-21T05:41:17.712+0000] {standard_task_runner.py:85} INFO - Job 52: Subtask install_dbt_deps
[2023-09-21T05:41:17.773+0000] {task_command.py:415} INFO - Running <TaskInstance: main_dag.install_dbt_deps manual__2023-09-21T05:40:57.944647+00:00 [running]> on host eef66ec952df
[2023-09-21T05:41:17.896+0000] {taskinstance.py:1660} INFO - Exporting env vars: AIRFLOW_CTX_DAG_OWNER='***' AIRFLOW_CTX_DAG_ID='main_dag' AIRFLOW_CTX_TASK_ID='install_dbt_deps' AIRFLOW_CTX_EXECUTION_DATE='2023-09-21T05:40:57.944647+00:00' AIRFLOW_CTX_TRY_NUMBER='1' AIRFLOW_CTX_DAG_RUN_ID='manual__2023-09-21T05:40:57.944647+00:00'
[2023-09-21T05:41:17.900+0000] {subprocess.py:63} INFO - Tmp dir root location: /tmp
[2023-09-21T05:41:17.901+0000] {subprocess.py:75} INFO - Running command: ['/bin/bash', '-c', 'dbt deps --profiles-dir /.dbt --project-dir /opt/***/dbt_project']
[2023-09-21T05:41:17.926+0000] {subprocess.py:86} INFO - Output:
[2023-09-21T05:41:22.567+0000] {subprocess.py:93} INFO - [0m05:41:22  Running with dbt=1.5.3
[2023-09-21T05:41:24.809+0000] {subprocess.py:93} INFO - [0m05:41:24  Installing dbt-labs/dbt_utils
[2023-09-21T05:41:25.832+0000] {subprocess.py:93} INFO - [0m05:41:25  Installed from version 0.8.0
[2023-09-21T05:41:25.833+0000] {subprocess.py:93} INFO - [0m05:41:25  Updated version available: 1.1.1
[2023-09-21T05:41:25.835+0000] {subprocess.py:93} INFO - [0m05:41:25  Installing calogica/dbt_expectations
[2023-09-21T05:41:30.862+0000] {subprocess.py:93} INFO - [0m05:41:30  Installed from version 0.8.5
[2023-09-21T05:41:30.863+0000] {subprocess.py:93} INFO - [0m05:41:30  Updated version available: 0.10.0
[2023-09-21T05:41:30.866+0000] {subprocess.py:93} INFO - [0m05:41:30  Installing calogica/dbt_date
[2023-09-21T05:41:31.779+0000] {subprocess.py:93} INFO - [0m05:41:31  Installed from version 0.7.2
[2023-09-21T05:41:31.780+0000] {subprocess.py:93} INFO - [0m05:41:31  Updated version available: 0.9.1
[2023-09-21T05:41:31.783+0000] {subprocess.py:93} INFO - [0m05:41:31
[2023-09-21T05:41:31.784+0000] {subprocess.py:93} INFO - [0m05:41:31  Updates available for packages: ['dbt-labs/dbt_utils', 'calogica/dbt_expectations', 'calogica/dbt_date']
[2023-09-21T05:41:31.785+0000] {subprocess.py:93} INFO - Update your versions in packages.yml, then run dbt deps
[2023-09-21T05:41:34.120+0000] {subprocess.py:97} INFO - Command exited with return code 0
[2023-09-21T05:41:34.172+0000] {taskinstance.py:1398} INFO - Marking task as SUCCESS. dag_id=main_dag, task_id=install_dbt_deps, execution_date=20230921T054057, start_date=20230921T054117, end_date=20230921T054134
[2023-09-21T05:41:34.216+0000] {local_task_job_runner.py:228} INFO - Task exited with return code 0
[2023-09-21T05:41:34.257+0000] {taskinstance.py:2776} INFO - 1 downstream tasks scheduled from follow-on schedule check
