[0m16:40:58.110099 [debug] [MainThread]: Sending event: {'category': 'dbt', 'action': 'invocation', 'label': 'start', 'context': [<snowplow_tracker.self_describing_json.SelfDescribingJson object at 0x7fd74796f090>, <snowplow_tracker.self_describing_json.SelfDescribingJson object at 0x7fd747973150>, <snowplow_tracker.self_describing_json.SelfDescribingJson object at 0x7fd7479736d0>]}


============================== 16:40:58.114481 | ec1decb3-11ee-40db-b64a-ce080cf57ad1 ==============================
[0m16:40:58.114481 [info ] [MainThread]: Running with dbt=1.5.2
[0m16:40:58.115428 [debug] [MainThread]: running dbt with arguments {'printer_width': '80', 'indirect_selection': 'eager', 'write_json': 'True', 'log_cache_events': 'False', 'partial_parse': 'True', 'cache_selected_only': 'False', 'profiles_dir': '/home/thedudefish/.dbt', 'debug': 'False', 'warn_error': 'None', 'log_path': 'logs', 'fail_fast': 'False', 'version_check': 'True', 'use_colors': 'True', 'use_experimental_parser': 'False', 'no_print': 'None', 'quiet': 'False', 'log_format': 'default', 'introspect': 'True', 'warn_error_options': 'WarnErrorOptions(include=[], exclude=[])', 'static_parser': 'True', 'target_path': 'None', 'send_anonymous_usage_stats': 'True'}
[0m16:41:06.130322 [info ] [MainThread]: A project called supermarket_data_engineering already exists here.
[0m16:41:06.132941 [debug] [MainThread]: Command `dbt init` succeeded at 16:41:06.132462 after 8.03 seconds
[0m16:41:06.134301 [debug] [MainThread]: Sending event: {'category': 'dbt', 'action': 'invocation', 'label': 'end', 'context': [<snowplow_tracker.self_describing_json.SelfDescribingJson object at 0x7fd7482249d0>, <snowplow_tracker.self_describing_json.SelfDescribingJson object at 0x7fd7496f5990>, <snowplow_tracker.self_describing_json.SelfDescribingJson object at 0x7fd74b20e490>]}
[0m16:41:06.135807 [debug] [MainThread]: Flushing usage events
[0m16:41:41.277602 [debug] [MainThread]: Sending event: {'category': 'dbt', 'action': 'invocation', 'label': 'start', 'context': [<snowplow_tracker.self_describing_json.SelfDescribingJson object at 0x7f007747b950>, <snowplow_tracker.self_describing_json.SelfDescribingJson object at 0x7f007747b590>, <snowplow_tracker.self_describing_json.SelfDescribingJson object at 0x7f007747b650>]}


============================== 16:41:41.280902 | e5931e91-bfdb-482e-849e-3c7350e869bd ==============================
[0m16:41:41.280902 [info ] [MainThread]: Running with dbt=1.5.2
[0m16:41:41.281704 [debug] [MainThread]: running dbt with arguments {'printer_width': '80', 'indirect_selection': 'eager', 'write_json': 'True', 'log_cache_events': 'False', 'partial_parse': 'True', 'cache_selected_only': 'False', 'profiles_dir': '/home/thedudefish/.dbt', 'debug': 'False', 'version_check': 'True', 'log_path': 'logs', 'fail_fast': 'False', 'warn_error': 'None', 'use_colors': 'True', 'use_experimental_parser': 'False', 'no_print': 'None', 'quiet': 'False', 'log_format': 'default', 'static_parser': 'True', 'introspect': 'True', 'warn_error_options': 'WarnErrorOptions(include=[], exclude=[])', 'target_path': 'None', 'send_anonymous_usage_stats': 'True'}
[0m16:41:51.514303 [debug] [MainThread]: Starter project path: /home/thedudefish/anaconda3/envs/dbt/lib/python3.11/site-packages/dbt/include/starter_project
[0m16:41:54.708025 [info ] [MainThread]: 
Your new dbt project "dbt_supermarket_data_engineering" was created!

For more information on how to configure the profiles.yml file,
please consult the dbt documentation here:

  https://docs.getdbt.com/docs/configure-your-profile

One more thing:

Need help? Don't hesitate to reach out to us via GitHub issues or on Slack:

  https://community.getdbt.com/

Happy modeling!

[0m16:41:54.708981 [debug] [MainThread]: Command `dbt init` succeeded at 16:41:54.708811 after 13.44 seconds
[0m16:41:54.709455 [debug] [MainThread]: Sending event: {'category': 'dbt', 'action': 'invocation', 'label': 'end', 'context': [<snowplow_tracker.self_describing_json.SelfDescribingJson object at 0x7f007ac49b50>, <snowplow_tracker.self_describing_json.SelfDescribingJson object at 0x7f007ac49c10>, <snowplow_tracker.self_describing_json.SelfDescribingJson object at 0x7f007ac49ad0>]}
[0m16:41:54.709930 [debug] [MainThread]: Flushing usage events
[0m16:51:40.475854 [debug] [MainThread]: Sending event: {'category': 'dbt', 'action': 'invocation', 'label': 'start', 'context': [<snowplow_tracker.self_describing_json.SelfDescribingJson object at 0x7f6c09e668d0>, <snowplow_tracker.self_describing_json.SelfDescribingJson object at 0x7f6c09e65a10>, <snowplow_tracker.self_describing_json.SelfDescribingJson object at 0x7f6c09e65610>]}


============================== 16:51:40.479157 | aaaaf42e-4377-4e5d-9602-386634dc4ef8 ==============================
[0m16:51:40.479157 [info ] [MainThread]: Running with dbt=1.5.2
[0m16:51:40.479942 [debug] [MainThread]: running dbt with arguments {'printer_width': '80', 'indirect_selection': 'eager', 'write_json': 'True', 'log_cache_events': 'False', 'partial_parse': 'True', 'cache_selected_only': 'False', 'profiles_dir': '/home/thedudefish/.dbt', 'debug': 'False', 'fail_fast': 'False', 'log_path': 'logs', 'warn_error': 'None', 'version_check': 'True', 'use_colors': 'True', 'use_experimental_parser': 'False', 'no_print': 'None', 'quiet': 'False', 'warn_error_options': 'WarnErrorOptions(include=[], exclude=[])', 'introspect': 'True', 'static_parser': 'True', 'log_format': 'default', 'target_path': 'None', 'send_anonymous_usage_stats': 'True'}
[0m16:53:14.212778 [debug] [MainThread]: Starter project path: /home/thedudefish/anaconda3/envs/dbt/lib/python3.11/site-packages/dbt/include/starter_project
[0m16:53:21.662272 [debug] [MainThread]: Command `dbt init` succeeded at 16:53:21.661945 after 101.19 seconds
[0m16:53:21.663106 [debug] [MainThread]: Sending event: {'category': 'dbt', 'action': 'invocation', 'label': 'end', 'context': [<snowplow_tracker.self_describing_json.SelfDescribingJson object at 0x7f6c0d706490>, <snowplow_tracker.self_describing_json.SelfDescribingJson object at 0x7f6c0d64da90>, <snowplow_tracker.self_describing_json.SelfDescribingJson object at 0x7f6c0d64db10>]}
[0m16:53:21.664138 [debug] [MainThread]: Flushing usage events
