[2023-09-21T08:54:58.736+0000] {taskinstance.py:1157} INFO - Dependencies all met for dep_context=non-requeueable deps ti=<TaskInstance: main_dag.install_dbt_deps manual__2023-09-21T08:53:39.811305+00:00 [queued]>
[2023-09-21T08:54:58.755+0000] {taskinstance.py:1157} INFO - Dependencies all met for dep_context=requeueable deps ti=<TaskInstance: main_dag.install_dbt_deps manual__2023-09-21T08:53:39.811305+00:00 [queued]>
[2023-09-21T08:54:58.756+0000] {taskinstance.py:1359} INFO - Starting attempt 1 of 1
[2023-09-21T08:54:58.787+0000] {taskinstance.py:1380} INFO - Executing <Task(BashOperator): install_dbt_deps> on 2023-09-21 08:53:39.811305+00:00
[2023-09-21T08:54:58.796+0000] {standard_task_runner.py:57} INFO - Started process 776 to run task
[2023-09-21T08:54:58.800+0000] {standard_task_runner.py:84} INFO - Running: ['***', 'tasks', 'run', 'main_dag', 'install_dbt_deps', 'manual__2023-09-21T08:53:39.811305+00:00', '--job-id', '31', '--raw', '--subdir', 'DAGS_FOLDER/main_dag.py', '--cfg-path', '/tmp/tmpwyv23k9t']
[2023-09-21T08:54:58.809+0000] {standard_task_runner.py:85} INFO - Job 31: Subtask install_dbt_deps
[2023-09-21T08:54:58.893+0000] {task_command.py:415} INFO - Running <TaskInstance: main_dag.install_dbt_deps manual__2023-09-21T08:53:39.811305+00:00 [running]> on host efc7e3a30856
[2023-09-21T08:54:59.081+0000] {taskinstance.py:1660} INFO - Exporting env vars: AIRFLOW_CTX_DAG_OWNER='***' AIRFLOW_CTX_DAG_ID='main_dag' AIRFLOW_CTX_TASK_ID='install_dbt_deps' AIRFLOW_CTX_EXECUTION_DATE='2023-09-21T08:53:39.811305+00:00' AIRFLOW_CTX_TRY_NUMBER='1' AIRFLOW_CTX_DAG_RUN_ID='manual__2023-09-21T08:53:39.811305+00:00'
[2023-09-21T08:54:59.085+0000] {subprocess.py:63} INFO - Tmp dir root location: /tmp
[2023-09-21T08:54:59.089+0000] {subprocess.py:75} INFO - Running command: ['/bin/bash', '-c', 'dbt deps --profiles-dir /.dbt --project-dir /dbt_project']
[2023-09-21T08:54:59.123+0000] {subprocess.py:86} INFO - Output:
[2023-09-21T08:55:04.939+0000] {subprocess.py:93} INFO - [0m08:55:04  Running with dbt=1.5.3
[2023-09-21T08:55:06.431+0000] {subprocess.py:93} INFO - [0m08:55:06  Installing dbt-labs/dbt_utils
[2023-09-21T08:55:07.427+0000] {subprocess.py:93} INFO - [0m08:55:07  Installed from version 0.8.0
[2023-09-21T08:55:07.428+0000] {subprocess.py:93} INFO - [0m08:55:07  Updated version available: 1.1.1
[2023-09-21T08:55:07.431+0000] {subprocess.py:93} INFO - [0m08:55:07  Installing calogica/dbt_expectations
[2023-09-21T08:55:10.145+0000] {subprocess.py:93} INFO - [0m08:55:10  Installed from version 0.8.5
[2023-09-21T08:55:10.147+0000] {subprocess.py:93} INFO - [0m08:55:10  Updated version available: 0.10.0
[2023-09-21T08:55:10.151+0000] {subprocess.py:93} INFO - [0m08:55:10  Installing calogica/dbt_date
[2023-09-21T08:55:10.754+0000] {subprocess.py:93} INFO - [0m08:55:10  Installed from version 0.7.2
[2023-09-21T08:55:10.755+0000] {subprocess.py:93} INFO - [0m08:55:10  Updated version available: 0.9.1
[2023-09-21T08:55:10.757+0000] {subprocess.py:93} INFO - [0m08:55:10
[2023-09-21T08:55:10.759+0000] {subprocess.py:93} INFO - [0m08:55:10  Updates available for packages: ['dbt-labs/dbt_utils', 'calogica/dbt_expectations', 'calogica/dbt_date']
[2023-09-21T08:55:10.759+0000] {subprocess.py:93} INFO - Update your versions in packages.yml, then run dbt deps
[2023-09-21T08:55:12.997+0000] {subprocess.py:97} INFO - Command exited with return code 0
[2023-09-21T08:55:13.046+0000] {taskinstance.py:1398} INFO - Marking task as SUCCESS. dag_id=main_dag, task_id=install_dbt_deps, execution_date=20230921T085339, start_date=20230921T085458, end_date=20230921T085513
[2023-09-21T08:55:13.112+0000] {local_task_job_runner.py:228} INFO - Task exited with return code 0
[2023-09-21T08:55:13.165+0000] {taskinstance.py:2776} INFO - 1 downstream tasks scheduled from follow-on schedule check
