[2023-09-21T05:36:03.542+0000] {taskinstance.py:1157} INFO - Dependencies all met for dep_context=non-requeueable deps ti=<TaskInstance: main_dag.run_dbt manual__2023-09-21T05:35:42.653040+00:00 [queued]>
[2023-09-21T05:36:03.555+0000] {taskinstance.py:1157} INFO - Dependencies all met for dep_context=requeueable deps ti=<TaskInstance: main_dag.run_dbt manual__2023-09-21T05:35:42.653040+00:00 [queued]>
[2023-09-21T05:36:03.556+0000] {taskinstance.py:1359} INFO - Starting attempt 1 of 1
[2023-09-21T05:36:03.584+0000] {taskinstance.py:1380} INFO - Executing <Task(BashOperator): run_dbt> on 2023-09-21 05:35:42.653040+00:00
[2023-09-21T05:36:03.591+0000] {standard_task_runner.py:57} INFO - Started process 86 to run task
[2023-09-21T05:36:03.594+0000] {standard_task_runner.py:84} INFO - Running: ['***', 'tasks', 'run', 'main_dag', 'run_dbt', 'manual__2023-09-21T05:35:42.653040+00:00', '--job-id', '47', '--raw', '--subdir', 'DAGS_FOLDER/main_dag.py', '--cfg-path', '/tmp/tmpnbnm9i34']
[2023-09-21T05:36:03.597+0000] {standard_task_runner.py:85} INFO - Job 47: Subtask run_dbt
[2023-09-21T05:36:03.666+0000] {task_command.py:415} INFO - Running <TaskInstance: main_dag.run_dbt manual__2023-09-21T05:35:42.653040+00:00 [running]> on host eef66ec952df
[2023-09-21T05:36:03.775+0000] {taskinstance.py:1660} INFO - Exporting env vars: AIRFLOW_CTX_DAG_OWNER='***' AIRFLOW_CTX_DAG_ID='main_dag' AIRFLOW_CTX_TASK_ID='run_dbt' AIRFLOW_CTX_EXECUTION_DATE='2023-09-21T05:35:42.653040+00:00' AIRFLOW_CTX_TRY_NUMBER='1' AIRFLOW_CTX_DAG_RUN_ID='manual__2023-09-21T05:35:42.653040+00:00'
[2023-09-21T05:36:03.778+0000] {subprocess.py:63} INFO - Tmp dir root location: /tmp
[2023-09-21T05:36:03.779+0000] {subprocess.py:75} INFO - Running command: ['/bin/bash', '-c', 'dbt run --profiles-dir /.dbt --project-dir /opt/***/dbt_project']
[2023-09-21T05:36:03.793+0000] {subprocess.py:86} INFO - Output:
[2023-09-21T05:36:08.024+0000] {subprocess.py:93} INFO - [0m05:36:08  Running with dbt=1.5.3
[2023-09-21T05:36:08.229+0000] {subprocess.py:93} INFO - [0m05:36:08  Registered adapter: postgres=1.5.3
[2023-09-21T05:36:08.372+0000] {subprocess.py:93} INFO - [0m05:36:08  Unable to do partial parsing because profile has changed
[2023-09-21T05:36:12.612+0000] {subprocess.py:93} INFO - [0m05:36:12  [[33mWARNING[0m]: Configuration paths exist in your dbt_project.yml file which do not apply to any resources.
[2023-09-21T05:36:12.612+0000] {subprocess.py:93} INFO - There are 1 unused configuration paths:
[2023-09-21T05:36:12.613+0000] {subprocess.py:93} INFO - - models.dbt_supermarket_data_engineering.example
[2023-09-21T05:36:12.650+0000] {subprocess.py:93} INFO - [0m05:36:12  Found 5 models, 0 tests, 1 snapshot, 0 analyses, 718 macros, 0 operations, 0 seed files, 1 source, 0 exposures, 0 metrics, 0 groups
[2023-09-21T05:36:12.654+0000] {subprocess.py:93} INFO - [0m05:36:12
[2023-09-21T05:36:12.930+0000] {subprocess.py:93} INFO - [0m05:36:12  Concurrency: 1 threads (target='dev')
[2023-09-21T05:36:12.931+0000] {subprocess.py:93} INFO - [0m05:36:12
[2023-09-21T05:36:12.937+0000] {subprocess.py:93} INFO - [0m05:36:12  1 of 5 START sql incremental model public.dim_product_descriptions ............. [RUN]
[2023-09-21T05:36:13.234+0000] {subprocess.py:93} INFO - [0m05:36:13  1 of 5 OK created sql incremental model public.dim_product_descriptions ........ [[32mSELECT 96[0m in 0.29s]
[2023-09-21T05:36:13.239+0000] {subprocess.py:93} INFO - [0m05:36:13  2 of 5 START sql incremental model public.fct_product_prices ................... [RUN]
[2023-09-21T05:36:13.391+0000] {subprocess.py:93} INFO - [0m05:36:13  2 of 5 OK created sql incremental model public.fct_product_prices .............. [[32mSELECT 96[0m in 0.15s]
[2023-09-21T05:36:13.394+0000] {subprocess.py:93} INFO - [0m05:36:13  3 of 5 START sql incremental model public.fct_product_specials ................. [RUN]
[2023-09-21T05:36:13.523+0000] {subprocess.py:93} INFO - [0m05:36:13  3 of 5 OK created sql incremental model public.fct_product_specials ............ [[32mSELECT 47[0m in 0.13s]
[2023-09-21T05:36:13.526+0000] {subprocess.py:93} INFO - [0m05:36:13  4 of 5 START sql incremental model public.mart_pricing_over_time ............... [RUN]
[2023-09-21T05:36:13.652+0000] {subprocess.py:93} INFO - [0m05:36:13  4 of 5 OK created sql incremental model public.mart_pricing_over_time .......... [[32mSELECT 96[0m in 0.12s]
[2023-09-21T05:36:13.656+0000] {subprocess.py:93} INFO - [0m05:36:13  5 of 5 START sql incremental model public.mart_specials_over_time .............. [RUN]
[2023-09-21T05:36:13.841+0000] {subprocess.py:93} INFO - [0m05:36:13  5 of 5 OK created sql incremental model public.mart_specials_over_time ......... [[32mSELECT 47[0m in 0.18s]
[2023-09-21T05:36:13.869+0000] {subprocess.py:93} INFO - [0m05:36:13
[2023-09-21T05:36:13.870+0000] {subprocess.py:93} INFO - [0m05:36:13  Finished running 5 incremental models in 0 hours 0 minutes and 1.21 seconds (1.21s).
[2023-09-21T05:36:13.895+0000] {subprocess.py:93} INFO - [0m05:36:13
[2023-09-21T05:36:13.896+0000] {subprocess.py:93} INFO - [0m05:36:13  [32mCompleted successfully[0m
[2023-09-21T05:36:13.898+0000] {subprocess.py:93} INFO - [0m05:36:13
[2023-09-21T05:36:13.899+0000] {subprocess.py:93} INFO - [0m05:36:13  Done. PASS=5 WARN=0 ERROR=0 SKIP=0 TOTAL=5
[2023-09-21T05:36:17.451+0000] {subprocess.py:97} INFO - Command exited with return code 0
[2023-09-21T05:36:17.488+0000] {taskinstance.py:1398} INFO - Marking task as SUCCESS. dag_id=main_dag, task_id=run_dbt, execution_date=20230921T053542, start_date=20230921T053603, end_date=20230921T053617
[2023-09-21T05:36:17.557+0000] {local_task_job_runner.py:228} INFO - Task exited with return code 0
[2023-09-21T05:36:17.581+0000] {taskinstance.py:2776} INFO - 1 downstream tasks scheduled from follow-on schedule check
