[2023-09-21T08:39:06.958+0000] {taskinstance.py:1157} INFO - Dependencies all met for dep_context=non-requeueable deps ti=<TaskInstance: main_dag.install_dbt_deps manual__2023-09-21T08:37:46.912052+00:00 [queued]>
[2023-09-21T08:39:06.981+0000] {taskinstance.py:1157} INFO - Dependencies all met for dep_context=requeueable deps ti=<TaskInstance: main_dag.install_dbt_deps manual__2023-09-21T08:37:46.912052+00:00 [queued]>
[2023-09-21T08:39:06.982+0000] {taskinstance.py:1359} INFO - Starting attempt 1 of 1
[2023-09-21T08:39:07.016+0000] {taskinstance.py:1380} INFO - Executing <Task(BashOperator): install_dbt_deps> on 2023-09-21 08:37:46.912052+00:00
[2023-09-21T08:39:07.023+0000] {standard_task_runner.py:57} INFO - Started process 394 to run task
[2023-09-21T08:39:07.030+0000] {standard_task_runner.py:84} INFO - Running: ['***', 'tasks', 'run', 'main_dag', 'install_dbt_deps', 'manual__2023-09-21T08:37:46.912052+00:00', '--job-id', '11', '--raw', '--subdir', 'DAGS_FOLDER/main_dag.py', '--cfg-path', '/tmp/tmpjvy8baxy']
[2023-09-21T08:39:07.033+0000] {standard_task_runner.py:85} INFO - Job 11: Subtask install_dbt_deps
[2023-09-21T08:39:07.115+0000] {task_command.py:415} INFO - Running <TaskInstance: main_dag.install_dbt_deps manual__2023-09-21T08:37:46.912052+00:00 [running]> on host efc7e3a30856
[2023-09-21T08:39:07.267+0000] {taskinstance.py:1660} INFO - Exporting env vars: AIRFLOW_CTX_DAG_OWNER='***' AIRFLOW_CTX_DAG_ID='main_dag' AIRFLOW_CTX_TASK_ID='install_dbt_deps' AIRFLOW_CTX_EXECUTION_DATE='2023-09-21T08:37:46.912052+00:00' AIRFLOW_CTX_TRY_NUMBER='1' AIRFLOW_CTX_DAG_RUN_ID='manual__2023-09-21T08:37:46.912052+00:00'
[2023-09-21T08:39:07.269+0000] {subprocess.py:63} INFO - Tmp dir root location: /tmp
[2023-09-21T08:39:07.270+0000] {subprocess.py:75} INFO - Running command: ['/bin/bash', '-c', 'dbt deps --profiles-dir /.dbt --project-dir /dbt_project']
[2023-09-21T08:39:07.315+0000] {subprocess.py:86} INFO - Output:
[2023-09-21T08:39:12.709+0000] {subprocess.py:93} INFO - [0m08:39:12  Running with dbt=1.5.3
[2023-09-21T08:39:14.450+0000] {subprocess.py:93} INFO - [0m08:39:14  Installing dbt-labs/dbt_utils
[2023-09-21T08:39:15.467+0000] {subprocess.py:93} INFO - [0m08:39:15  Installed from version 0.8.0
[2023-09-21T08:39:15.468+0000] {subprocess.py:93} INFO - [0m08:39:15  Updated version available: 1.1.1
[2023-09-21T08:39:15.474+0000] {subprocess.py:93} INFO - [0m08:39:15  Installing calogica/dbt_expectations
[2023-09-21T08:39:18.603+0000] {subprocess.py:93} INFO - [0m08:39:18  Installed from version 0.8.5
[2023-09-21T08:39:18.606+0000] {subprocess.py:93} INFO - [0m08:39:18  Updated version available: 0.10.0
[2023-09-21T08:39:18.610+0000] {subprocess.py:93} INFO - [0m08:39:18  Installing calogica/dbt_date
[2023-09-21T08:39:19.683+0000] {subprocess.py:93} INFO - [0m08:39:19  Installed from version 0.7.2
[2023-09-21T08:39:19.684+0000] {subprocess.py:93} INFO - [0m08:39:19  Updated version available: 0.9.1
[2023-09-21T08:39:19.689+0000] {subprocess.py:93} INFO - [0m08:39:19
[2023-09-21T08:39:19.690+0000] {subprocess.py:93} INFO - [0m08:39:19  Updates available for packages: ['dbt-labs/dbt_utils', 'calogica/dbt_expectations', 'calogica/dbt_date']
[2023-09-21T08:39:19.690+0000] {subprocess.py:93} INFO - Update your versions in packages.yml, then run dbt deps
[2023-09-21T08:39:21.611+0000] {subprocess.py:97} INFO - Command exited with return code 0
[2023-09-21T08:39:21.656+0000] {taskinstance.py:1398} INFO - Marking task as SUCCESS. dag_id=main_dag, task_id=install_dbt_deps, execution_date=20230921T083746, start_date=20230921T083906, end_date=20230921T083921
[2023-09-21T08:39:21.723+0000] {local_task_job_runner.py:228} INFO - Task exited with return code 0
[2023-09-21T08:39:21.776+0000] {taskinstance.py:2776} INFO - 1 downstream tasks scheduled from follow-on schedule check
