[2023-09-21T09:41:57.524+0000] {taskinstance.py:1157} INFO - Dependencies all met for dep_context=non-requeueable deps ti=<TaskInstance: main_dag.run_dbt manual__2023-09-21T09:40:20.985880+00:00 [queued]>
[2023-09-21T09:41:57.545+0000] {taskinstance.py:1157} INFO - Dependencies all met for dep_context=requeueable deps ti=<TaskInstance: main_dag.run_dbt manual__2023-09-21T09:40:20.985880+00:00 [queued]>
[2023-09-21T09:41:57.545+0000] {taskinstance.py:1359} INFO - Starting attempt 1 of 1
[2023-09-21T09:41:57.586+0000] {taskinstance.py:1380} INFO - Executing <Task(BashOperator): run_dbt> on 2023-09-21 09:40:20.985880+00:00
[2023-09-21T09:41:57.594+0000] {standard_task_runner.py:57} INFO - Started process 157 to run task
[2023-09-21T09:41:57.601+0000] {standard_task_runner.py:84} INFO - Running: ['***', 'tasks', 'run', 'main_dag', 'run_dbt', 'manual__2023-09-21T09:40:20.985880+00:00', '--job-id', '63', '--raw', '--subdir', 'DAGS_FOLDER/main_dag.py', '--cfg-path', '/tmp/tmp2cq9p0b_']
[2023-09-21T09:41:57.606+0000] {standard_task_runner.py:85} INFO - Job 63: Subtask run_dbt
[2023-09-21T09:41:57.695+0000] {task_command.py:415} INFO - Running <TaskInstance: main_dag.run_dbt manual__2023-09-21T09:40:20.985880+00:00 [running]> on host 2cbbdff68ad8
[2023-09-21T09:41:57.864+0000] {taskinstance.py:1660} INFO - Exporting env vars: AIRFLOW_CTX_DAG_OWNER='***' AIRFLOW_CTX_DAG_ID='main_dag' AIRFLOW_CTX_TASK_ID='run_dbt' AIRFLOW_CTX_EXECUTION_DATE='2023-09-21T09:40:20.985880+00:00' AIRFLOW_CTX_TRY_NUMBER='1' AIRFLOW_CTX_DAG_RUN_ID='manual__2023-09-21T09:40:20.985880+00:00'
[2023-09-21T09:41:57.869+0000] {subprocess.py:63} INFO - Tmp dir root location: /tmp
[2023-09-21T09:41:57.869+0000] {subprocess.py:75} INFO - Running command: ['/bin/bash', '-c', 'dbt run --profiles-dir /.dbt --project-dir /dbt_project']
[2023-09-21T09:41:57.897+0000] {subprocess.py:86} INFO - Output:
[2023-09-21T09:42:02.688+0000] {subprocess.py:93} INFO - [0m09:42:02  Running with dbt=1.5.3
[2023-09-21T09:42:02.956+0000] {subprocess.py:93} INFO - [0m09:42:02  Registered adapter: postgres=1.5.3
[2023-09-21T09:42:03.551+0000] {subprocess.py:93} INFO - [0m09:42:03  [[33mWARNING[0m]: Configuration paths exist in your dbt_project.yml file which do not apply to any resources.
[2023-09-21T09:42:03.552+0000] {subprocess.py:93} INFO - There are 1 unused configuration paths:
[2023-09-21T09:42:03.552+0000] {subprocess.py:93} INFO - - models.dbt_supermarket_data_engineering.example
[2023-09-21T09:42:03.608+0000] {subprocess.py:93} INFO - [0m09:42:03  Found 5 models, 0 tests, 1 snapshot, 0 analyses, 718 macros, 0 operations, 0 seed files, 1 source, 0 exposures, 0 metrics, 0 groups
[2023-09-21T09:42:03.613+0000] {subprocess.py:93} INFO - [0m09:42:03
[2023-09-21T09:42:03.823+0000] {subprocess.py:93} INFO - [0m09:42:03  Concurrency: 1 threads (target='dev')
[2023-09-21T09:42:03.825+0000] {subprocess.py:93} INFO - [0m09:42:03
[2023-09-21T09:42:03.836+0000] {subprocess.py:93} INFO - [0m09:42:03  1 of 5 START sql incremental model public.dim_product_descriptions ............. [RUN]
[2023-09-21T09:42:04.322+0000] {subprocess.py:93} INFO - [0m09:42:04  1 of 5 OK created sql incremental model public.dim_product_descriptions ........ [[32mINSERT 0 637[0m in 0.48s]
[2023-09-21T09:42:04.327+0000] {subprocess.py:93} INFO - [0m09:42:04  2 of 5 START sql incremental model public.fct_product_prices ................... [RUN]
[2023-09-21T09:42:04.497+0000] {subprocess.py:93} INFO - [0m09:42:04  2 of 5 OK created sql incremental model public.fct_product_prices .............. [[32mSELECT 637[0m in 0.16s]
[2023-09-21T09:42:04.503+0000] {subprocess.py:93} INFO - [0m09:42:04  3 of 5 START sql incremental model public.fct_product_specials ................. [RUN]
[2023-09-21T09:42:04.692+0000] {subprocess.py:93} INFO - [0m09:42:04  3 of 5 OK created sql incremental model public.fct_product_specials ............ [[32mINSERT 0 199[0m in 0.19s]
[2023-09-21T09:42:04.700+0000] {subprocess.py:93} INFO - [0m09:42:04  4 of 5 START sql incremental model public.mart_pricing_over_time ............... [RUN]
[2023-09-21T09:42:04.857+0000] {subprocess.py:93} INFO - [0m09:42:04  4 of 5 OK created sql incremental model public.mart_pricing_over_time .......... [[32mSELECT 637[0m in 0.15s]
[2023-09-21T09:42:04.862+0000] {subprocess.py:93} INFO - [0m09:42:04  5 of 5 START sql incremental model public.mart_specials_over_time .............. [RUN]
[2023-09-21T09:42:05.091+0000] {subprocess.py:93} INFO - [0m09:42:05  5 of 5 OK created sql incremental model public.mart_specials_over_time ......... [[32mINSERT 0 199[0m in 0.23s]
[2023-09-21T09:42:05.123+0000] {subprocess.py:93} INFO - [0m09:42:05
[2023-09-21T09:42:05.124+0000] {subprocess.py:93} INFO - [0m09:42:05  Finished running 5 incremental models in 0 hours 0 minutes and 1.51 seconds (1.51s).
[2023-09-21T09:42:05.156+0000] {subprocess.py:93} INFO - [0m09:42:05
[2023-09-21T09:42:05.158+0000] {subprocess.py:93} INFO - [0m09:42:05  [32mCompleted successfully[0m
[2023-09-21T09:42:05.159+0000] {subprocess.py:93} INFO - [0m09:42:05
[2023-09-21T09:42:05.160+0000] {subprocess.py:93} INFO - [0m09:42:05  Done. PASS=5 WARN=0 ERROR=0 SKIP=0 TOTAL=5
[2023-09-21T09:42:07.325+0000] {subprocess.py:97} INFO - Command exited with return code 0
[2023-09-21T09:42:07.372+0000] {taskinstance.py:1398} INFO - Marking task as SUCCESS. dag_id=main_dag, task_id=run_dbt, execution_date=20230921T094020, start_date=20230921T094157, end_date=20230921T094207
[2023-09-21T09:42:07.446+0000] {local_task_job_runner.py:228} INFO - Task exited with return code 0
[2023-09-21T09:42:07.503+0000] {taskinstance.py:2776} INFO - 1 downstream tasks scheduled from follow-on schedule check
