[2023-09-21T08:50:38.007+0000] {taskinstance.py:1157} INFO - Dependencies all met for dep_context=non-requeueable deps ti=<TaskInstance: main_dag.install_dbt_deps manual__2023-09-21T08:49:21.301161+00:00 [queued]>
[2023-09-21T08:50:38.023+0000] {taskinstance.py:1157} INFO - Dependencies all met for dep_context=requeueable deps ti=<TaskInstance: main_dag.install_dbt_deps manual__2023-09-21T08:49:21.301161+00:00 [queued]>
[2023-09-21T08:50:38.024+0000] {taskinstance.py:1359} INFO - Starting attempt 1 of 1
[2023-09-21T08:50:38.052+0000] {taskinstance.py:1380} INFO - Executing <Task(BashOperator): install_dbt_deps> on 2023-09-21 08:49:21.301161+00:00
[2023-09-21T08:50:38.060+0000] {standard_task_runner.py:57} INFO - Started process 678 to run task
[2023-09-21T08:50:38.064+0000] {standard_task_runner.py:84} INFO - Running: ['***', 'tasks', 'run', 'main_dag', 'install_dbt_deps', 'manual__2023-09-21T08:49:21.301161+00:00', '--job-id', '26', '--raw', '--subdir', 'DAGS_FOLDER/main_dag.py', '--cfg-path', '/tmp/tmpb2t5h242']
[2023-09-21T08:50:38.070+0000] {standard_task_runner.py:85} INFO - Job 26: Subtask install_dbt_deps
[2023-09-21T08:50:38.164+0000] {task_command.py:415} INFO - Running <TaskInstance: main_dag.install_dbt_deps manual__2023-09-21T08:49:21.301161+00:00 [running]> on host efc7e3a30856
[2023-09-21T08:50:38.303+0000] {taskinstance.py:1660} INFO - Exporting env vars: AIRFLOW_CTX_DAG_OWNER='***' AIRFLOW_CTX_DAG_ID='main_dag' AIRFLOW_CTX_TASK_ID='install_dbt_deps' AIRFLOW_CTX_EXECUTION_DATE='2023-09-21T08:49:21.301161+00:00' AIRFLOW_CTX_TRY_NUMBER='1' AIRFLOW_CTX_DAG_RUN_ID='manual__2023-09-21T08:49:21.301161+00:00'
[2023-09-21T08:50:38.306+0000] {subprocess.py:63} INFO - Tmp dir root location: /tmp
[2023-09-21T08:50:38.307+0000] {subprocess.py:75} INFO - Running command: ['/bin/bash', '-c', 'dbt deps --profiles-dir /.dbt --project-dir /dbt_project']
[2023-09-21T08:50:38.331+0000] {subprocess.py:86} INFO - Output:
[2023-09-21T08:50:42.807+0000] {subprocess.py:93} INFO - [0m08:50:42  Running with dbt=1.5.3
[2023-09-21T08:50:45.416+0000] {subprocess.py:93} INFO - [0m08:50:45  Installing dbt-labs/dbt_utils
[2023-09-21T08:50:46.792+0000] {subprocess.py:93} INFO - [0m08:50:46  Installed from version 0.8.0
[2023-09-21T08:50:46.793+0000] {subprocess.py:93} INFO - [0m08:50:46  Updated version available: 1.1.1
[2023-09-21T08:50:46.796+0000] {subprocess.py:93} INFO - [0m08:50:46  Installing calogica/dbt_expectations
[2023-09-21T08:50:49.670+0000] {subprocess.py:93} INFO - [0m08:50:49  Installed from version 0.8.5
[2023-09-21T08:50:49.671+0000] {subprocess.py:93} INFO - [0m08:50:49  Updated version available: 0.10.0
[2023-09-21T08:50:49.673+0000] {subprocess.py:93} INFO - [0m08:50:49  Installing calogica/dbt_date
[2023-09-21T08:50:50.273+0000] {subprocess.py:93} INFO - [0m08:50:50  Installed from version 0.7.2
[2023-09-21T08:50:50.274+0000] {subprocess.py:93} INFO - [0m08:50:50  Updated version available: 0.9.1
[2023-09-21T08:50:50.276+0000] {subprocess.py:93} INFO - [0m08:50:50
[2023-09-21T08:50:50.277+0000] {subprocess.py:93} INFO - [0m08:50:50  Updates available for packages: ['dbt-labs/dbt_utils', 'calogica/dbt_expectations', 'calogica/dbt_date']
[2023-09-21T08:50:50.278+0000] {subprocess.py:93} INFO - Update your versions in packages.yml, then run dbt deps
[2023-09-21T08:50:52.152+0000] {subprocess.py:97} INFO - Command exited with return code 0
[2023-09-21T08:50:52.206+0000] {taskinstance.py:1398} INFO - Marking task as SUCCESS. dag_id=main_dag, task_id=install_dbt_deps, execution_date=20230921T084921, start_date=20230921T085038, end_date=20230921T085052
[2023-09-21T08:50:52.252+0000] {local_task_job_runner.py:228} INFO - Task exited with return code 0
[2023-09-21T08:50:52.291+0000] {taskinstance.py:2776} INFO - 1 downstream tasks scheduled from follow-on schedule check
