[2023-09-21T08:48:13.246+0000] {taskinstance.py:1157} INFO - Dependencies all met for dep_context=non-requeueable deps ti=<TaskInstance: main_dag.install_dbt_deps manual__2023-09-21T08:46:55.222199+00:00 [queued]>
[2023-09-21T08:48:13.269+0000] {taskinstance.py:1157} INFO - Dependencies all met for dep_context=requeueable deps ti=<TaskInstance: main_dag.install_dbt_deps manual__2023-09-21T08:46:55.222199+00:00 [queued]>
[2023-09-21T08:48:13.270+0000] {taskinstance.py:1359} INFO - Starting attempt 1 of 1
[2023-09-21T08:48:13.307+0000] {taskinstance.py:1380} INFO - Executing <Task(BashOperator): install_dbt_deps> on 2023-09-21 08:46:55.222199+00:00
[2023-09-21T08:48:13.319+0000] {standard_task_runner.py:57} INFO - Started process 605 to run task
[2023-09-21T08:48:13.323+0000] {standard_task_runner.py:84} INFO - Running: ['***', 'tasks', 'run', 'main_dag', 'install_dbt_deps', 'manual__2023-09-21T08:46:55.222199+00:00', '--job-id', '21', '--raw', '--subdir', 'DAGS_FOLDER/main_dag.py', '--cfg-path', '/tmp/tmpv3n60a0j']
[2023-09-21T08:48:13.328+0000] {standard_task_runner.py:85} INFO - Job 21: Subtask install_dbt_deps
[2023-09-21T08:48:13.407+0000] {task_command.py:415} INFO - Running <TaskInstance: main_dag.install_dbt_deps manual__2023-09-21T08:46:55.222199+00:00 [running]> on host efc7e3a30856
[2023-09-21T08:48:13.548+0000] {taskinstance.py:1660} INFO - Exporting env vars: AIRFLOW_CTX_DAG_OWNER='***' AIRFLOW_CTX_DAG_ID='main_dag' AIRFLOW_CTX_TASK_ID='install_dbt_deps' AIRFLOW_CTX_EXECUTION_DATE='2023-09-21T08:46:55.222199+00:00' AIRFLOW_CTX_TRY_NUMBER='1' AIRFLOW_CTX_DAG_RUN_ID='manual__2023-09-21T08:46:55.222199+00:00'
[2023-09-21T08:48:13.551+0000] {subprocess.py:63} INFO - Tmp dir root location: /tmp
[2023-09-21T08:48:13.552+0000] {subprocess.py:75} INFO - Running command: ['/bin/bash', '-c', 'dbt deps --profiles-dir /.dbt --project-dir /dbt_project']
[2023-09-21T08:48:13.569+0000] {subprocess.py:86} INFO - Output:
[2023-09-21T08:48:18.031+0000] {subprocess.py:93} INFO - [0m08:48:18  Running with dbt=1.5.3
[2023-09-21T08:48:19.529+0000] {subprocess.py:93} INFO - [0m08:48:19  Installing dbt-labs/dbt_utils
[2023-09-21T08:48:20.816+0000] {subprocess.py:93} INFO - [0m08:48:20  Installed from version 0.8.0
[2023-09-21T08:48:20.817+0000] {subprocess.py:93} INFO - [0m08:48:20  Updated version available: 1.1.1
[2023-09-21T08:48:20.819+0000] {subprocess.py:93} INFO - [0m08:48:20  Installing calogica/dbt_expectations
[2023-09-21T08:48:24.097+0000] {subprocess.py:93} INFO - [0m08:48:24  Installed from version 0.8.5
[2023-09-21T08:48:24.099+0000] {subprocess.py:93} INFO - [0m08:48:24  Updated version available: 0.10.0
[2023-09-21T08:48:24.101+0000] {subprocess.py:93} INFO - [0m08:48:24  Installing calogica/dbt_date
[2023-09-21T08:48:24.760+0000] {subprocess.py:93} INFO - [0m08:48:24  Installed from version 0.7.2
[2023-09-21T08:48:24.762+0000] {subprocess.py:93} INFO - [0m08:48:24  Updated version available: 0.9.1
[2023-09-21T08:48:24.765+0000] {subprocess.py:93} INFO - [0m08:48:24
[2023-09-21T08:48:24.766+0000] {subprocess.py:93} INFO - [0m08:48:24  Updates available for packages: ['dbt-labs/dbt_utils', 'calogica/dbt_expectations', 'calogica/dbt_date']
[2023-09-21T08:48:24.767+0000] {subprocess.py:93} INFO - Update your versions in packages.yml, then run dbt deps
[2023-09-21T08:48:27.212+0000] {subprocess.py:97} INFO - Command exited with return code 0
[2023-09-21T08:48:27.362+0000] {taskinstance.py:1398} INFO - Marking task as SUCCESS. dag_id=main_dag, task_id=install_dbt_deps, execution_date=20230921T084655, start_date=20230921T084813, end_date=20230921T084827
[2023-09-21T08:48:27.418+0000] {local_task_job_runner.py:228} INFO - Task exited with return code 0
[2023-09-21T08:48:27.456+0000] {taskinstance.py:2776} INFO - 1 downstream tasks scheduled from follow-on schedule check
