[2023-09-23T13:42:47.397+0000] {taskinstance.py:1157} INFO - Dependencies all met for dep_context=non-requeueable deps ti=<TaskInstance: main_dag.install_dbt_deps manual__2023-09-23T13:41:31.559891+00:00 [queued]>
[2023-09-23T13:42:47.412+0000] {taskinstance.py:1157} INFO - Dependencies all met for dep_context=requeueable deps ti=<TaskInstance: main_dag.install_dbt_deps manual__2023-09-23T13:41:31.559891+00:00 [queued]>
[2023-09-23T13:42:47.413+0000] {taskinstance.py:1359} INFO - Starting attempt 1 of 1
[2023-09-23T13:42:47.435+0000] {taskinstance.py:1380} INFO - Executing <Task(BashOperator): install_dbt_deps> on 2023-09-23 13:41:31.559891+00:00
[2023-09-23T13:42:47.445+0000] {standard_task_runner.py:57} INFO - Started process 407 to run task
[2023-09-23T13:42:47.449+0000] {standard_task_runner.py:84} INFO - Running: ['***', 'tasks', 'run', 'main_dag', 'install_dbt_deps', 'manual__2023-09-23T13:41:31.559891+00:00', '--job-id', '10', '--raw', '--subdir', 'DAGS_FOLDER/main_dag.py', '--cfg-path', '/tmp/tmpnrnz1mm3']
[2023-09-23T13:42:47.452+0000] {standard_task_runner.py:85} INFO - Job 10: Subtask install_dbt_deps
[2023-09-23T13:42:47.578+0000] {task_command.py:415} INFO - Running <TaskInstance: main_dag.install_dbt_deps manual__2023-09-23T13:41:31.559891+00:00 [running]> on host 4ef300bfa8d2
[2023-09-23T13:42:47.729+0000] {taskinstance.py:1660} INFO - Exporting env vars: AIRFLOW_CTX_DAG_OWNER='***' AIRFLOW_CTX_DAG_ID='main_dag' AIRFLOW_CTX_TASK_ID='install_dbt_deps' AIRFLOW_CTX_EXECUTION_DATE='2023-09-23T13:41:31.559891+00:00' AIRFLOW_CTX_TRY_NUMBER='1' AIRFLOW_CTX_DAG_RUN_ID='manual__2023-09-23T13:41:31.559891+00:00'
[2023-09-23T13:42:47.731+0000] {subprocess.py:63} INFO - Tmp dir root location: /tmp
[2023-09-23T13:42:47.732+0000] {subprocess.py:75} INFO - Running command: ['/bin/bash', '-c', 'dbt deps --profiles-dir /.dbt --project-dir /dbt_project']
[2023-09-23T13:42:47.774+0000] {subprocess.py:86} INFO - Output:
[2023-09-23T13:42:56.676+0000] {subprocess.py:93} INFO - [0m13:42:56  Running with dbt=1.5.3
[2023-09-23T13:42:59.263+0000] {subprocess.py:93} INFO - [0m13:42:59  Installing dbt-labs/dbt_utils
[2023-09-23T13:43:00.376+0000] {subprocess.py:93} INFO - [0m13:43:00  Installed from version 0.8.0
[2023-09-23T13:43:00.378+0000] {subprocess.py:93} INFO - [0m13:43:00  Updated version available: 1.1.1
[2023-09-23T13:43:00.381+0000] {subprocess.py:93} INFO - [0m13:43:00  Installing calogica/dbt_expectations
[2023-09-23T13:43:02.893+0000] {subprocess.py:93} INFO - [0m13:43:02  Installed from version 0.8.5
[2023-09-23T13:43:02.895+0000] {subprocess.py:93} INFO - [0m13:43:02  Updated version available: 0.10.0
[2023-09-23T13:43:02.898+0000] {subprocess.py:93} INFO - [0m13:43:02  Installing calogica/dbt_date
[2023-09-23T13:43:03.671+0000] {subprocess.py:93} INFO - [0m13:43:03  Installed from version 0.7.2
[2023-09-23T13:43:03.673+0000] {subprocess.py:93} INFO - [0m13:43:03  Updated version available: 0.9.1
[2023-09-23T13:43:03.676+0000] {subprocess.py:93} INFO - [0m13:43:03
[2023-09-23T13:43:03.677+0000] {subprocess.py:93} INFO - [0m13:43:03  Updates available for packages: ['dbt-labs/dbt_utils', 'calogica/dbt_expectations', 'calogica/dbt_date']
[2023-09-23T13:43:03.677+0000] {subprocess.py:93} INFO - Update your versions in packages.yml, then run dbt deps
[2023-09-23T13:43:06.718+0000] {subprocess.py:97} INFO - Command exited with return code 0
[2023-09-23T13:43:06.811+0000] {taskinstance.py:1398} INFO - Marking task as SUCCESS. dag_id=main_dag, task_id=install_dbt_deps, execution_date=20230923T134131, start_date=20230923T134247, end_date=20230923T134306
[2023-09-23T13:43:06.917+0000] {local_task_job_runner.py:228} INFO - Task exited with return code 0
[2023-09-23T13:43:07.025+0000] {taskinstance.py:2776} INFO - 1 downstream tasks scheduled from follow-on schedule check
